[2025-01-30T08:43:53.872+0000] {processor.py:161} INFO - Started process (PID=99) to work on /home/airflow/.local/lib/python3.12/site-packages/airflow/example_dags/example_python_operator.py
[2025-01-30T08:43:53.881+0000] {processor.py:830} INFO - Processing file /home/airflow/.local/lib/python3.12/site-packages/airflow/example_dags/example_python_operator.py for tasks to queue
[2025-01-30T08:43:53.883+0000] {logging_mixin.py:188} INFO - [2025-01-30T08:43:53.882+0000] {dagbag.py:545} INFO - Filling up the DagBag from /home/airflow/.local/lib/python3.12/site-packages/airflow/example_dags/example_python_operator.py
[2025-01-30T08:43:53.906+0000] {processor.py:840} INFO - DAG(s) 'example_python_operator' retrieved from /home/airflow/.local/lib/python3.12/site-packages/airflow/example_dags/example_python_operator.py
[2025-01-30T08:43:54.038+0000] {logging_mixin.py:188} INFO - [2025-01-30T08:43:54.038+0000] {dag.py:3096} INFO - Sync 1 DAGs
[2025-01-30T08:43:54.051+0000] {logging_mixin.py:188} INFO - [2025-01-30T08:43:54.051+0000] {dag.py:3954} INFO - Setting next_dagrun for example_python_operator to None, run_after=None
[2025-01-30T08:43:54.075+0000] {processor.py:183} INFO - Processing /home/airflow/.local/lib/python3.12/site-packages/airflow/example_dags/example_python_operator.py took 0.208 seconds
[2025-01-30T08:44:24.120+0000] {processor.py:161} INFO - Started process (PID=157) to work on /home/airflow/.local/lib/python3.12/site-packages/airflow/example_dags/example_python_operator.py
[2025-01-30T08:44:24.121+0000] {processor.py:830} INFO - Processing file /home/airflow/.local/lib/python3.12/site-packages/airflow/example_dags/example_python_operator.py for tasks to queue
[2025-01-30T08:44:24.123+0000] {logging_mixin.py:188} INFO - [2025-01-30T08:44:24.123+0000] {dagbag.py:545} INFO - Filling up the DagBag from /home/airflow/.local/lib/python3.12/site-packages/airflow/example_dags/example_python_operator.py
[2025-01-30T08:44:24.132+0000] {processor.py:840} INFO - DAG(s) 'example_python_operator' retrieved from /home/airflow/.local/lib/python3.12/site-packages/airflow/example_dags/example_python_operator.py
[2025-01-30T08:44:24.158+0000] {logging_mixin.py:188} INFO - [2025-01-30T08:44:24.158+0000] {dag.py:3096} INFO - Sync 1 DAGs
[2025-01-30T08:44:24.171+0000] {logging_mixin.py:188} INFO - [2025-01-30T08:44:24.171+0000] {dag.py:3954} INFO - Setting next_dagrun for example_python_operator to None, run_after=None
[2025-01-30T08:44:24.195+0000] {processor.py:183} INFO - Processing /home/airflow/.local/lib/python3.12/site-packages/airflow/example_dags/example_python_operator.py took 0.079 seconds
[2025-01-30T08:44:54.435+0000] {processor.py:161} INFO - Started process (PID=215) to work on /home/airflow/.local/lib/python3.12/site-packages/airflow/example_dags/example_python_operator.py
[2025-01-30T08:44:54.436+0000] {processor.py:830} INFO - Processing file /home/airflow/.local/lib/python3.12/site-packages/airflow/example_dags/example_python_operator.py for tasks to queue
[2025-01-30T08:44:54.438+0000] {logging_mixin.py:188} INFO - [2025-01-30T08:44:54.438+0000] {dagbag.py:545} INFO - Filling up the DagBag from /home/airflow/.local/lib/python3.12/site-packages/airflow/example_dags/example_python_operator.py
[2025-01-30T08:44:54.447+0000] {processor.py:840} INFO - DAG(s) 'example_python_operator' retrieved from /home/airflow/.local/lib/python3.12/site-packages/airflow/example_dags/example_python_operator.py
[2025-01-30T08:44:54.472+0000] {logging_mixin.py:188} INFO - [2025-01-30T08:44:54.472+0000] {dag.py:3096} INFO - Sync 1 DAGs
[2025-01-30T08:44:54.485+0000] {logging_mixin.py:188} INFO - [2025-01-30T08:44:54.485+0000] {dag.py:3954} INFO - Setting next_dagrun for example_python_operator to None, run_after=None
[2025-01-30T08:44:54.510+0000] {processor.py:183} INFO - Processing /home/airflow/.local/lib/python3.12/site-packages/airflow/example_dags/example_python_operator.py took 0.081 seconds
[2025-01-30T08:45:24.683+0000] {processor.py:161} INFO - Started process (PID=273) to work on /home/airflow/.local/lib/python3.12/site-packages/airflow/example_dags/example_python_operator.py
[2025-01-30T08:45:24.686+0000] {processor.py:830} INFO - Processing file /home/airflow/.local/lib/python3.12/site-packages/airflow/example_dags/example_python_operator.py for tasks to queue
[2025-01-30T08:45:24.688+0000] {logging_mixin.py:188} INFO - [2025-01-30T08:45:24.688+0000] {dagbag.py:545} INFO - Filling up the DagBag from /home/airflow/.local/lib/python3.12/site-packages/airflow/example_dags/example_python_operator.py
[2025-01-30T08:45:24.700+0000] {processor.py:840} INFO - DAG(s) 'example_python_operator' retrieved from /home/airflow/.local/lib/python3.12/site-packages/airflow/example_dags/example_python_operator.py
[2025-01-30T08:45:24.728+0000] {logging_mixin.py:188} INFO - [2025-01-30T08:45:24.728+0000] {dag.py:3096} INFO - Sync 1 DAGs
[2025-01-30T08:45:24.742+0000] {logging_mixin.py:188} INFO - [2025-01-30T08:45:24.741+0000] {dag.py:3954} INFO - Setting next_dagrun for example_python_operator to None, run_after=None
[2025-01-30T08:45:24.764+0000] {processor.py:183} INFO - Processing /home/airflow/.local/lib/python3.12/site-packages/airflow/example_dags/example_python_operator.py took 0.086 seconds
[2025-01-30T08:45:55.577+0000] {processor.py:161} INFO - Started process (PID=331) to work on /home/airflow/.local/lib/python3.12/site-packages/airflow/example_dags/example_python_operator.py
[2025-01-30T08:45:55.579+0000] {processor.py:830} INFO - Processing file /home/airflow/.local/lib/python3.12/site-packages/airflow/example_dags/example_python_operator.py for tasks to queue
[2025-01-30T08:45:55.580+0000] {logging_mixin.py:188} INFO - [2025-01-30T08:45:55.580+0000] {dagbag.py:545} INFO - Filling up the DagBag from /home/airflow/.local/lib/python3.12/site-packages/airflow/example_dags/example_python_operator.py
[2025-01-30T08:45:55.591+0000] {processor.py:840} INFO - DAG(s) 'example_python_operator' retrieved from /home/airflow/.local/lib/python3.12/site-packages/airflow/example_dags/example_python_operator.py
[2025-01-30T08:45:55.616+0000] {logging_mixin.py:188} INFO - [2025-01-30T08:45:55.615+0000] {dag.py:3096} INFO - Sync 1 DAGs
[2025-01-30T08:45:55.630+0000] {logging_mixin.py:188} INFO - [2025-01-30T08:45:55.630+0000] {dag.py:3954} INFO - Setting next_dagrun for example_python_operator to None, run_after=None
[2025-01-30T08:45:55.654+0000] {processor.py:183} INFO - Processing /home/airflow/.local/lib/python3.12/site-packages/airflow/example_dags/example_python_operator.py took 0.081 seconds
[2025-01-30T08:46:26.210+0000] {processor.py:161} INFO - Started process (PID=388) to work on /home/airflow/.local/lib/python3.12/site-packages/airflow/example_dags/example_python_operator.py
[2025-01-30T08:46:26.212+0000] {processor.py:830} INFO - Processing file /home/airflow/.local/lib/python3.12/site-packages/airflow/example_dags/example_python_operator.py for tasks to queue
[2025-01-30T08:46:26.215+0000] {logging_mixin.py:188} INFO - [2025-01-30T08:46:26.214+0000] {dagbag.py:545} INFO - Filling up the DagBag from /home/airflow/.local/lib/python3.12/site-packages/airflow/example_dags/example_python_operator.py
[2025-01-30T08:46:26.225+0000] {processor.py:840} INFO - DAG(s) 'example_python_operator' retrieved from /home/airflow/.local/lib/python3.12/site-packages/airflow/example_dags/example_python_operator.py
[2025-01-30T08:46:26.253+0000] {logging_mixin.py:188} INFO - [2025-01-30T08:46:26.253+0000] {dag.py:3096} INFO - Sync 1 DAGs
[2025-01-30T08:46:26.268+0000] {logging_mixin.py:188} INFO - [2025-01-30T08:46:26.267+0000] {dag.py:3954} INFO - Setting next_dagrun for example_python_operator to None, run_after=None
[2025-01-30T08:46:26.294+0000] {processor.py:183} INFO - Processing /home/airflow/.local/lib/python3.12/site-packages/airflow/example_dags/example_python_operator.py took 0.090 seconds
[2025-01-30T08:46:56.558+0000] {processor.py:161} INFO - Started process (PID=446) to work on /home/airflow/.local/lib/python3.12/site-packages/airflow/example_dags/example_python_operator.py
[2025-01-30T08:46:56.559+0000] {processor.py:830} INFO - Processing file /home/airflow/.local/lib/python3.12/site-packages/airflow/example_dags/example_python_operator.py for tasks to queue
[2025-01-30T08:46:56.561+0000] {logging_mixin.py:188} INFO - [2025-01-30T08:46:56.561+0000] {dagbag.py:545} INFO - Filling up the DagBag from /home/airflow/.local/lib/python3.12/site-packages/airflow/example_dags/example_python_operator.py
[2025-01-30T08:46:56.570+0000] {processor.py:840} INFO - DAG(s) 'example_python_operator' retrieved from /home/airflow/.local/lib/python3.12/site-packages/airflow/example_dags/example_python_operator.py
[2025-01-30T08:46:56.594+0000] {logging_mixin.py:188} INFO - [2025-01-30T08:46:56.594+0000] {dag.py:3096} INFO - Sync 1 DAGs
[2025-01-30T08:46:56.608+0000] {logging_mixin.py:188} INFO - [2025-01-30T08:46:56.608+0000] {dag.py:3954} INFO - Setting next_dagrun for example_python_operator to None, run_after=None
[2025-01-30T08:46:56.633+0000] {processor.py:183} INFO - Processing /home/airflow/.local/lib/python3.12/site-packages/airflow/example_dags/example_python_operator.py took 0.080 seconds
[2025-01-30T08:47:27.062+0000] {processor.py:161} INFO - Started process (PID=504) to work on /home/airflow/.local/lib/python3.12/site-packages/airflow/example_dags/example_python_operator.py
[2025-01-30T08:47:27.063+0000] {processor.py:830} INFO - Processing file /home/airflow/.local/lib/python3.12/site-packages/airflow/example_dags/example_python_operator.py for tasks to queue
[2025-01-30T08:47:27.065+0000] {logging_mixin.py:188} INFO - [2025-01-30T08:47:27.065+0000] {dagbag.py:545} INFO - Filling up the DagBag from /home/airflow/.local/lib/python3.12/site-packages/airflow/example_dags/example_python_operator.py
[2025-01-30T08:47:27.075+0000] {processor.py:840} INFO - DAG(s) 'example_python_operator' retrieved from /home/airflow/.local/lib/python3.12/site-packages/airflow/example_dags/example_python_operator.py
[2025-01-30T08:47:27.099+0000] {logging_mixin.py:188} INFO - [2025-01-30T08:47:27.098+0000] {dag.py:3096} INFO - Sync 1 DAGs
[2025-01-30T08:47:27.113+0000] {logging_mixin.py:188} INFO - [2025-01-30T08:47:27.113+0000] {dag.py:3954} INFO - Setting next_dagrun for example_python_operator to None, run_after=None
[2025-01-30T08:47:27.136+0000] {processor.py:183} INFO - Processing /home/airflow/.local/lib/python3.12/site-packages/airflow/example_dags/example_python_operator.py took 0.079 seconds
[2025-01-30T08:47:57.597+0000] {processor.py:161} INFO - Started process (PID=562) to work on /home/airflow/.local/lib/python3.12/site-packages/airflow/example_dags/example_python_operator.py
[2025-01-30T08:47:57.598+0000] {processor.py:830} INFO - Processing file /home/airflow/.local/lib/python3.12/site-packages/airflow/example_dags/example_python_operator.py for tasks to queue
[2025-01-30T08:47:57.600+0000] {logging_mixin.py:188} INFO - [2025-01-30T08:47:57.600+0000] {dagbag.py:545} INFO - Filling up the DagBag from /home/airflow/.local/lib/python3.12/site-packages/airflow/example_dags/example_python_operator.py
[2025-01-30T08:47:57.613+0000] {processor.py:840} INFO - DAG(s) 'example_python_operator' retrieved from /home/airflow/.local/lib/python3.12/site-packages/airflow/example_dags/example_python_operator.py
[2025-01-30T08:47:57.635+0000] {logging_mixin.py:188} INFO - [2025-01-30T08:47:57.635+0000] {dag.py:3096} INFO - Sync 1 DAGs
[2025-01-30T08:47:57.650+0000] {logging_mixin.py:188} INFO - [2025-01-30T08:47:57.650+0000] {dag.py:3954} INFO - Setting next_dagrun for example_python_operator to None, run_after=None
[2025-01-30T08:47:57.680+0000] {processor.py:183} INFO - Processing /home/airflow/.local/lib/python3.12/site-packages/airflow/example_dags/example_python_operator.py took 0.088 seconds
[2025-01-30T08:48:27.816+0000] {processor.py:161} INFO - Started process (PID=620) to work on /home/airflow/.local/lib/python3.12/site-packages/airflow/example_dags/example_python_operator.py
[2025-01-30T08:48:27.817+0000] {processor.py:830} INFO - Processing file /home/airflow/.local/lib/python3.12/site-packages/airflow/example_dags/example_python_operator.py for tasks to queue
[2025-01-30T08:48:27.819+0000] {logging_mixin.py:188} INFO - [2025-01-30T08:48:27.819+0000] {dagbag.py:545} INFO - Filling up the DagBag from /home/airflow/.local/lib/python3.12/site-packages/airflow/example_dags/example_python_operator.py
[2025-01-30T08:48:27.831+0000] {processor.py:840} INFO - DAG(s) 'example_python_operator' retrieved from /home/airflow/.local/lib/python3.12/site-packages/airflow/example_dags/example_python_operator.py
[2025-01-30T08:48:27.860+0000] {logging_mixin.py:188} INFO - [2025-01-30T08:48:27.859+0000] {dag.py:3096} INFO - Sync 1 DAGs
[2025-01-30T08:48:27.875+0000] {logging_mixin.py:188} INFO - [2025-01-30T08:48:27.875+0000] {dag.py:3954} INFO - Setting next_dagrun for example_python_operator to None, run_after=None
[2025-01-30T08:48:27.909+0000] {processor.py:183} INFO - Processing /home/airflow/.local/lib/python3.12/site-packages/airflow/example_dags/example_python_operator.py took 0.100 seconds
[2025-01-30T08:48:58.090+0000] {processor.py:161} INFO - Started process (PID=678) to work on /home/airflow/.local/lib/python3.12/site-packages/airflow/example_dags/example_python_operator.py
[2025-01-30T08:48:58.091+0000] {processor.py:830} INFO - Processing file /home/airflow/.local/lib/python3.12/site-packages/airflow/example_dags/example_python_operator.py for tasks to queue
[2025-01-30T08:48:58.094+0000] {logging_mixin.py:188} INFO - [2025-01-30T08:48:58.094+0000] {dagbag.py:545} INFO - Filling up the DagBag from /home/airflow/.local/lib/python3.12/site-packages/airflow/example_dags/example_python_operator.py
[2025-01-30T08:48:58.105+0000] {processor.py:840} INFO - DAG(s) 'example_python_operator' retrieved from /home/airflow/.local/lib/python3.12/site-packages/airflow/example_dags/example_python_operator.py
[2025-01-30T08:48:58.133+0000] {logging_mixin.py:188} INFO - [2025-01-30T08:48:58.133+0000] {dag.py:3096} INFO - Sync 1 DAGs
[2025-01-30T08:48:58.147+0000] {logging_mixin.py:188} INFO - [2025-01-30T08:48:58.147+0000] {dag.py:3954} INFO - Setting next_dagrun for example_python_operator to None, run_after=None
[2025-01-30T08:48:58.173+0000] {processor.py:183} INFO - Processing /home/airflow/.local/lib/python3.12/site-packages/airflow/example_dags/example_python_operator.py took 0.088 seconds
[2025-01-30T08:49:28.487+0000] {processor.py:161} INFO - Started process (PID=736) to work on /home/airflow/.local/lib/python3.12/site-packages/airflow/example_dags/example_python_operator.py
[2025-01-30T08:49:28.489+0000] {processor.py:830} INFO - Processing file /home/airflow/.local/lib/python3.12/site-packages/airflow/example_dags/example_python_operator.py for tasks to queue
[2025-01-30T08:49:28.491+0000] {logging_mixin.py:188} INFO - [2025-01-30T08:49:28.490+0000] {dagbag.py:545} INFO - Filling up the DagBag from /home/airflow/.local/lib/python3.12/site-packages/airflow/example_dags/example_python_operator.py
[2025-01-30T08:49:28.501+0000] {processor.py:840} INFO - DAG(s) 'example_python_operator' retrieved from /home/airflow/.local/lib/python3.12/site-packages/airflow/example_dags/example_python_operator.py
[2025-01-30T08:49:28.525+0000] {logging_mixin.py:188} INFO - [2025-01-30T08:49:28.524+0000] {dag.py:3096} INFO - Sync 1 DAGs
[2025-01-30T08:49:28.537+0000] {logging_mixin.py:188} INFO - [2025-01-30T08:49:28.537+0000] {dag.py:3954} INFO - Setting next_dagrun for example_python_operator to None, run_after=None
[2025-01-30T08:49:28.563+0000] {processor.py:183} INFO - Processing /home/airflow/.local/lib/python3.12/site-packages/airflow/example_dags/example_python_operator.py took 0.080 seconds
[2025-01-30T08:49:58.972+0000] {processor.py:161} INFO - Started process (PID=794) to work on /home/airflow/.local/lib/python3.12/site-packages/airflow/example_dags/example_python_operator.py
[2025-01-30T08:49:58.973+0000] {processor.py:830} INFO - Processing file /home/airflow/.local/lib/python3.12/site-packages/airflow/example_dags/example_python_operator.py for tasks to queue
[2025-01-30T08:49:58.975+0000] {logging_mixin.py:188} INFO - [2025-01-30T08:49:58.975+0000] {dagbag.py:545} INFO - Filling up the DagBag from /home/airflow/.local/lib/python3.12/site-packages/airflow/example_dags/example_python_operator.py
[2025-01-30T08:49:58.985+0000] {processor.py:840} INFO - DAG(s) 'example_python_operator' retrieved from /home/airflow/.local/lib/python3.12/site-packages/airflow/example_dags/example_python_operator.py
[2025-01-30T08:49:59.009+0000] {logging_mixin.py:188} INFO - [2025-01-30T08:49:59.008+0000] {dag.py:3096} INFO - Sync 1 DAGs
[2025-01-30T08:49:59.021+0000] {logging_mixin.py:188} INFO - [2025-01-30T08:49:59.021+0000] {dag.py:3954} INFO - Setting next_dagrun for example_python_operator to None, run_after=None
[2025-01-30T08:49:59.047+0000] {processor.py:183} INFO - Processing /home/airflow/.local/lib/python3.12/site-packages/airflow/example_dags/example_python_operator.py took 0.080 seconds
[2025-01-30T08:50:29.295+0000] {processor.py:161} INFO - Started process (PID=852) to work on /home/airflow/.local/lib/python3.12/site-packages/airflow/example_dags/example_python_operator.py
[2025-01-30T08:50:29.297+0000] {processor.py:830} INFO - Processing file /home/airflow/.local/lib/python3.12/site-packages/airflow/example_dags/example_python_operator.py for tasks to queue
[2025-01-30T08:50:29.299+0000] {logging_mixin.py:188} INFO - [2025-01-30T08:50:29.298+0000] {dagbag.py:545} INFO - Filling up the DagBag from /home/airflow/.local/lib/python3.12/site-packages/airflow/example_dags/example_python_operator.py
[2025-01-30T08:50:29.308+0000] {processor.py:840} INFO - DAG(s) 'example_python_operator' retrieved from /home/airflow/.local/lib/python3.12/site-packages/airflow/example_dags/example_python_operator.py
[2025-01-30T08:50:29.335+0000] {logging_mixin.py:188} INFO - [2025-01-30T08:50:29.334+0000] {dag.py:3096} INFO - Sync 1 DAGs
[2025-01-30T08:50:29.348+0000] {logging_mixin.py:188} INFO - [2025-01-30T08:50:29.348+0000] {dag.py:3954} INFO - Setting next_dagrun for example_python_operator to None, run_after=None
[2025-01-30T08:50:29.380+0000] {processor.py:183} INFO - Processing /home/airflow/.local/lib/python3.12/site-packages/airflow/example_dags/example_python_operator.py took 0.089 seconds
[2025-01-30T08:50:59.786+0000] {processor.py:161} INFO - Started process (PID=910) to work on /home/airflow/.local/lib/python3.12/site-packages/airflow/example_dags/example_python_operator.py
[2025-01-30T08:50:59.788+0000] {processor.py:830} INFO - Processing file /home/airflow/.local/lib/python3.12/site-packages/airflow/example_dags/example_python_operator.py for tasks to queue
[2025-01-30T08:50:59.790+0000] {logging_mixin.py:188} INFO - [2025-01-30T08:50:59.789+0000] {dagbag.py:545} INFO - Filling up the DagBag from /home/airflow/.local/lib/python3.12/site-packages/airflow/example_dags/example_python_operator.py
[2025-01-30T08:50:59.799+0000] {processor.py:840} INFO - DAG(s) 'example_python_operator' retrieved from /home/airflow/.local/lib/python3.12/site-packages/airflow/example_dags/example_python_operator.py
[2025-01-30T08:50:59.820+0000] {logging_mixin.py:188} INFO - [2025-01-30T08:50:59.820+0000] {dag.py:3096} INFO - Sync 1 DAGs
[2025-01-30T08:50:59.832+0000] {logging_mixin.py:188} INFO - [2025-01-30T08:50:59.832+0000] {dag.py:3954} INFO - Setting next_dagrun for example_python_operator to None, run_after=None
[2025-01-30T08:50:59.854+0000] {processor.py:183} INFO - Processing /home/airflow/.local/lib/python3.12/site-packages/airflow/example_dags/example_python_operator.py took 0.074 seconds
[2025-01-30T08:51:30.265+0000] {processor.py:161} INFO - Started process (PID=968) to work on /home/airflow/.local/lib/python3.12/site-packages/airflow/example_dags/example_python_operator.py
[2025-01-30T08:51:30.268+0000] {processor.py:830} INFO - Processing file /home/airflow/.local/lib/python3.12/site-packages/airflow/example_dags/example_python_operator.py for tasks to queue
[2025-01-30T08:51:30.270+0000] {logging_mixin.py:188} INFO - [2025-01-30T08:51:30.269+0000] {dagbag.py:545} INFO - Filling up the DagBag from /home/airflow/.local/lib/python3.12/site-packages/airflow/example_dags/example_python_operator.py
[2025-01-30T08:51:30.282+0000] {processor.py:840} INFO - DAG(s) 'example_python_operator' retrieved from /home/airflow/.local/lib/python3.12/site-packages/airflow/example_dags/example_python_operator.py
[2025-01-30T08:51:30.325+0000] {logging_mixin.py:188} INFO - [2025-01-30T08:51:30.325+0000] {dag.py:3096} INFO - Sync 1 DAGs
[2025-01-30T08:51:30.346+0000] {logging_mixin.py:188} INFO - [2025-01-30T08:51:30.346+0000] {dag.py:3954} INFO - Setting next_dagrun for example_python_operator to None, run_after=None
[2025-01-30T08:51:30.374+0000] {processor.py:183} INFO - Processing /home/airflow/.local/lib/python3.12/site-packages/airflow/example_dags/example_python_operator.py took 0.114 seconds
[2025-01-30T08:52:00.615+0000] {processor.py:161} INFO - Started process (PID=1026) to work on /home/airflow/.local/lib/python3.12/site-packages/airflow/example_dags/example_python_operator.py
[2025-01-30T08:52:00.616+0000] {processor.py:830} INFO - Processing file /home/airflow/.local/lib/python3.12/site-packages/airflow/example_dags/example_python_operator.py for tasks to queue
[2025-01-30T08:52:00.619+0000] {logging_mixin.py:188} INFO - [2025-01-30T08:52:00.619+0000] {dagbag.py:545} INFO - Filling up the DagBag from /home/airflow/.local/lib/python3.12/site-packages/airflow/example_dags/example_python_operator.py
[2025-01-30T08:52:00.632+0000] {processor.py:840} INFO - DAG(s) 'example_python_operator' retrieved from /home/airflow/.local/lib/python3.12/site-packages/airflow/example_dags/example_python_operator.py
[2025-01-30T08:52:00.678+0000] {logging_mixin.py:188} INFO - [2025-01-30T08:52:00.678+0000] {dag.py:3096} INFO - Sync 1 DAGs
[2025-01-30T08:52:00.699+0000] {logging_mixin.py:188} INFO - [2025-01-30T08:52:00.699+0000] {dag.py:3954} INFO - Setting next_dagrun for example_python_operator to None, run_after=None
[2025-01-30T08:52:00.727+0000] {processor.py:183} INFO - Processing /home/airflow/.local/lib/python3.12/site-packages/airflow/example_dags/example_python_operator.py took 0.119 seconds
[2025-01-30T08:52:30.792+0000] {processor.py:161} INFO - Started process (PID=1084) to work on /home/airflow/.local/lib/python3.12/site-packages/airflow/example_dags/example_python_operator.py
[2025-01-30T08:52:30.793+0000] {processor.py:830} INFO - Processing file /home/airflow/.local/lib/python3.12/site-packages/airflow/example_dags/example_python_operator.py for tasks to queue
[2025-01-30T08:52:30.796+0000] {logging_mixin.py:188} INFO - [2025-01-30T08:52:30.796+0000] {dagbag.py:545} INFO - Filling up the DagBag from /home/airflow/.local/lib/python3.12/site-packages/airflow/example_dags/example_python_operator.py
[2025-01-30T08:52:30.809+0000] {processor.py:840} INFO - DAG(s) 'example_python_operator' retrieved from /home/airflow/.local/lib/python3.12/site-packages/airflow/example_dags/example_python_operator.py
[2025-01-30T08:52:30.838+0000] {logging_mixin.py:188} INFO - [2025-01-30T08:52:30.837+0000] {dag.py:3096} INFO - Sync 1 DAGs
[2025-01-30T08:52:30.857+0000] {logging_mixin.py:188} INFO - [2025-01-30T08:52:30.857+0000] {dag.py:3954} INFO - Setting next_dagrun for example_python_operator to None, run_after=None
[2025-01-30T08:52:30.880+0000] {processor.py:183} INFO - Processing /home/airflow/.local/lib/python3.12/site-packages/airflow/example_dags/example_python_operator.py took 0.094 seconds
[2025-01-30T08:53:01.150+0000] {processor.py:161} INFO - Started process (PID=1141) to work on /home/airflow/.local/lib/python3.12/site-packages/airflow/example_dags/example_python_operator.py
[2025-01-30T08:53:01.151+0000] {processor.py:830} INFO - Processing file /home/airflow/.local/lib/python3.12/site-packages/airflow/example_dags/example_python_operator.py for tasks to queue
[2025-01-30T08:53:01.153+0000] {logging_mixin.py:188} INFO - [2025-01-30T08:53:01.152+0000] {dagbag.py:545} INFO - Filling up the DagBag from /home/airflow/.local/lib/python3.12/site-packages/airflow/example_dags/example_python_operator.py
[2025-01-30T08:53:01.163+0000] {processor.py:840} INFO - DAG(s) 'example_python_operator' retrieved from /home/airflow/.local/lib/python3.12/site-packages/airflow/example_dags/example_python_operator.py
[2025-01-30T08:53:01.186+0000] {logging_mixin.py:188} INFO - [2025-01-30T08:53:01.186+0000] {dag.py:3096} INFO - Sync 1 DAGs
[2025-01-30T08:53:01.199+0000] {logging_mixin.py:188} INFO - [2025-01-30T08:53:01.199+0000] {dag.py:3954} INFO - Setting next_dagrun for example_python_operator to None, run_after=None
[2025-01-30T08:53:01.222+0000] {processor.py:183} INFO - Processing /home/airflow/.local/lib/python3.12/site-packages/airflow/example_dags/example_python_operator.py took 0.077 seconds
[2025-01-30T08:53:31.329+0000] {processor.py:161} INFO - Started process (PID=1198) to work on /home/airflow/.local/lib/python3.12/site-packages/airflow/example_dags/example_python_operator.py
[2025-01-30T08:53:31.331+0000] {processor.py:830} INFO - Processing file /home/airflow/.local/lib/python3.12/site-packages/airflow/example_dags/example_python_operator.py for tasks to queue
[2025-01-30T08:53:31.333+0000] {logging_mixin.py:188} INFO - [2025-01-30T08:53:31.332+0000] {dagbag.py:545} INFO - Filling up the DagBag from /home/airflow/.local/lib/python3.12/site-packages/airflow/example_dags/example_python_operator.py
[2025-01-30T08:53:31.342+0000] {processor.py:840} INFO - DAG(s) 'example_python_operator' retrieved from /home/airflow/.local/lib/python3.12/site-packages/airflow/example_dags/example_python_operator.py
[2025-01-30T08:53:31.365+0000] {logging_mixin.py:188} INFO - [2025-01-30T08:53:31.365+0000] {dag.py:3096} INFO - Sync 1 DAGs
[2025-01-30T08:53:31.377+0000] {logging_mixin.py:188} INFO - [2025-01-30T08:53:31.377+0000] {dag.py:3954} INFO - Setting next_dagrun for example_python_operator to None, run_after=None
[2025-01-30T08:53:31.405+0000] {processor.py:183} INFO - Processing /home/airflow/.local/lib/python3.12/site-packages/airflow/example_dags/example_python_operator.py took 0.082 seconds
[2025-01-30T08:54:01.749+0000] {processor.py:161} INFO - Started process (PID=1257) to work on /home/airflow/.local/lib/python3.12/site-packages/airflow/example_dags/example_python_operator.py
[2025-01-30T08:54:01.750+0000] {processor.py:830} INFO - Processing file /home/airflow/.local/lib/python3.12/site-packages/airflow/example_dags/example_python_operator.py for tasks to queue
[2025-01-30T08:54:01.752+0000] {logging_mixin.py:188} INFO - [2025-01-30T08:54:01.752+0000] {dagbag.py:545} INFO - Filling up the DagBag from /home/airflow/.local/lib/python3.12/site-packages/airflow/example_dags/example_python_operator.py
[2025-01-30T08:54:01.762+0000] {processor.py:840} INFO - DAG(s) 'example_python_operator' retrieved from /home/airflow/.local/lib/python3.12/site-packages/airflow/example_dags/example_python_operator.py
[2025-01-30T08:54:01.786+0000] {logging_mixin.py:188} INFO - [2025-01-30T08:54:01.785+0000] {dag.py:3096} INFO - Sync 1 DAGs
[2025-01-30T08:54:01.799+0000] {logging_mixin.py:188} INFO - [2025-01-30T08:54:01.799+0000] {dag.py:3954} INFO - Setting next_dagrun for example_python_operator to None, run_after=None
[2025-01-30T08:54:01.824+0000] {processor.py:183} INFO - Processing /home/airflow/.local/lib/python3.12/site-packages/airflow/example_dags/example_python_operator.py took 0.079 seconds
[2025-01-30T08:54:32.330+0000] {processor.py:161} INFO - Started process (PID=1315) to work on /home/airflow/.local/lib/python3.12/site-packages/airflow/example_dags/example_python_operator.py
[2025-01-30T08:54:32.331+0000] {processor.py:830} INFO - Processing file /home/airflow/.local/lib/python3.12/site-packages/airflow/example_dags/example_python_operator.py for tasks to queue
[2025-01-30T08:54:32.333+0000] {logging_mixin.py:188} INFO - [2025-01-30T08:54:32.333+0000] {dagbag.py:545} INFO - Filling up the DagBag from /home/airflow/.local/lib/python3.12/site-packages/airflow/example_dags/example_python_operator.py
[2025-01-30T08:54:32.343+0000] {processor.py:840} INFO - DAG(s) 'example_python_operator' retrieved from /home/airflow/.local/lib/python3.12/site-packages/airflow/example_dags/example_python_operator.py
[2025-01-30T08:54:32.366+0000] {logging_mixin.py:188} INFO - [2025-01-30T08:54:32.366+0000] {dag.py:3096} INFO - Sync 1 DAGs
[2025-01-30T08:54:32.381+0000] {logging_mixin.py:188} INFO - [2025-01-30T08:54:32.380+0000] {dag.py:3954} INFO - Setting next_dagrun for example_python_operator to None, run_after=None
[2025-01-30T08:54:32.409+0000] {processor.py:183} INFO - Processing /home/airflow/.local/lib/python3.12/site-packages/airflow/example_dags/example_python_operator.py took 0.083 seconds
[2025-01-30T08:55:03.410+0000] {processor.py:161} INFO - Started process (PID=1373) to work on /home/airflow/.local/lib/python3.12/site-packages/airflow/example_dags/example_python_operator.py
[2025-01-30T08:55:03.411+0000] {processor.py:830} INFO - Processing file /home/airflow/.local/lib/python3.12/site-packages/airflow/example_dags/example_python_operator.py for tasks to queue
[2025-01-30T08:55:03.413+0000] {logging_mixin.py:188} INFO - [2025-01-30T08:55:03.413+0000] {dagbag.py:545} INFO - Filling up the DagBag from /home/airflow/.local/lib/python3.12/site-packages/airflow/example_dags/example_python_operator.py
[2025-01-30T08:55:03.423+0000] {processor.py:840} INFO - DAG(s) 'example_python_operator' retrieved from /home/airflow/.local/lib/python3.12/site-packages/airflow/example_dags/example_python_operator.py
[2025-01-30T08:55:03.447+0000] {logging_mixin.py:188} INFO - [2025-01-30T08:55:03.447+0000] {dag.py:3096} INFO - Sync 1 DAGs
[2025-01-30T08:55:03.460+0000] {logging_mixin.py:188} INFO - [2025-01-30T08:55:03.460+0000] {dag.py:3954} INFO - Setting next_dagrun for example_python_operator to None, run_after=None
[2025-01-30T08:55:03.482+0000] {processor.py:183} INFO - Processing /home/airflow/.local/lib/python3.12/site-packages/airflow/example_dags/example_python_operator.py took 0.077 seconds
[2025-01-30T08:55:33.583+0000] {processor.py:161} INFO - Started process (PID=1431) to work on /home/airflow/.local/lib/python3.12/site-packages/airflow/example_dags/example_python_operator.py
[2025-01-30T08:55:33.584+0000] {processor.py:830} INFO - Processing file /home/airflow/.local/lib/python3.12/site-packages/airflow/example_dags/example_python_operator.py for tasks to queue
[2025-01-30T08:55:33.586+0000] {logging_mixin.py:188} INFO - [2025-01-30T08:55:33.586+0000] {dagbag.py:545} INFO - Filling up the DagBag from /home/airflow/.local/lib/python3.12/site-packages/airflow/example_dags/example_python_operator.py
[2025-01-30T08:55:33.595+0000] {processor.py:840} INFO - DAG(s) 'example_python_operator' retrieved from /home/airflow/.local/lib/python3.12/site-packages/airflow/example_dags/example_python_operator.py
[2025-01-30T08:55:33.622+0000] {logging_mixin.py:188} INFO - [2025-01-30T08:55:33.622+0000] {dag.py:3096} INFO - Sync 1 DAGs
[2025-01-30T08:55:33.635+0000] {logging_mixin.py:188} INFO - [2025-01-30T08:55:33.635+0000] {dag.py:3954} INFO - Setting next_dagrun for example_python_operator to None, run_after=None
[2025-01-30T08:55:33.659+0000] {processor.py:183} INFO - Processing /home/airflow/.local/lib/python3.12/site-packages/airflow/example_dags/example_python_operator.py took 0.081 seconds
[2025-01-30T08:56:03.895+0000] {processor.py:161} INFO - Started process (PID=1489) to work on /home/airflow/.local/lib/python3.12/site-packages/airflow/example_dags/example_python_operator.py
[2025-01-30T08:56:03.896+0000] {processor.py:830} INFO - Processing file /home/airflow/.local/lib/python3.12/site-packages/airflow/example_dags/example_python_operator.py for tasks to queue
[2025-01-30T08:56:03.898+0000] {logging_mixin.py:188} INFO - [2025-01-30T08:56:03.898+0000] {dagbag.py:545} INFO - Filling up the DagBag from /home/airflow/.local/lib/python3.12/site-packages/airflow/example_dags/example_python_operator.py
[2025-01-30T08:56:03.908+0000] {processor.py:840} INFO - DAG(s) 'example_python_operator' retrieved from /home/airflow/.local/lib/python3.12/site-packages/airflow/example_dags/example_python_operator.py
[2025-01-30T08:56:03.932+0000] {logging_mixin.py:188} INFO - [2025-01-30T08:56:03.931+0000] {dag.py:3096} INFO - Sync 1 DAGs
[2025-01-30T08:56:03.945+0000] {logging_mixin.py:188} INFO - [2025-01-30T08:56:03.944+0000] {dag.py:3954} INFO - Setting next_dagrun for example_python_operator to None, run_after=None
[2025-01-30T08:56:03.968+0000] {processor.py:183} INFO - Processing /home/airflow/.local/lib/python3.12/site-packages/airflow/example_dags/example_python_operator.py took 0.077 seconds
[2025-01-30T08:56:34.058+0000] {processor.py:161} INFO - Started process (PID=1547) to work on /home/airflow/.local/lib/python3.12/site-packages/airflow/example_dags/example_python_operator.py
[2025-01-30T08:56:34.059+0000] {processor.py:830} INFO - Processing file /home/airflow/.local/lib/python3.12/site-packages/airflow/example_dags/example_python_operator.py for tasks to queue
[2025-01-30T08:56:34.061+0000] {logging_mixin.py:188} INFO - [2025-01-30T08:56:34.061+0000] {dagbag.py:545} INFO - Filling up the DagBag from /home/airflow/.local/lib/python3.12/site-packages/airflow/example_dags/example_python_operator.py
[2025-01-30T08:56:34.071+0000] {processor.py:840} INFO - DAG(s) 'example_python_operator' retrieved from /home/airflow/.local/lib/python3.12/site-packages/airflow/example_dags/example_python_operator.py
[2025-01-30T08:56:34.093+0000] {logging_mixin.py:188} INFO - [2025-01-30T08:56:34.092+0000] {dag.py:3096} INFO - Sync 1 DAGs
[2025-01-30T08:56:34.106+0000] {logging_mixin.py:188} INFO - [2025-01-30T08:56:34.106+0000] {dag.py:3954} INFO - Setting next_dagrun for example_python_operator to None, run_after=None
[2025-01-30T08:56:34.129+0000] {processor.py:183} INFO - Processing /home/airflow/.local/lib/python3.12/site-packages/airflow/example_dags/example_python_operator.py took 0.076 seconds
[2025-01-30T08:57:04.988+0000] {processor.py:161} INFO - Started process (PID=1605) to work on /home/airflow/.local/lib/python3.12/site-packages/airflow/example_dags/example_python_operator.py
[2025-01-30T08:57:04.990+0000] {processor.py:830} INFO - Processing file /home/airflow/.local/lib/python3.12/site-packages/airflow/example_dags/example_python_operator.py for tasks to queue
[2025-01-30T08:57:04.992+0000] {logging_mixin.py:188} INFO - [2025-01-30T08:57:04.992+0000] {dagbag.py:545} INFO - Filling up the DagBag from /home/airflow/.local/lib/python3.12/site-packages/airflow/example_dags/example_python_operator.py
[2025-01-30T08:57:05.000+0000] {processor.py:840} INFO - DAG(s) 'example_python_operator' retrieved from /home/airflow/.local/lib/python3.12/site-packages/airflow/example_dags/example_python_operator.py
[2025-01-30T08:57:05.023+0000] {logging_mixin.py:188} INFO - [2025-01-30T08:57:05.023+0000] {dag.py:3096} INFO - Sync 1 DAGs
[2025-01-30T08:57:05.035+0000] {logging_mixin.py:188} INFO - [2025-01-30T08:57:05.035+0000] {dag.py:3954} INFO - Setting next_dagrun for example_python_operator to None, run_after=None
[2025-01-30T08:57:05.060+0000] {processor.py:183} INFO - Processing /home/airflow/.local/lib/python3.12/site-packages/airflow/example_dags/example_python_operator.py took 0.076 seconds
[2025-01-30T08:57:35.241+0000] {processor.py:161} INFO - Started process (PID=1662) to work on /home/airflow/.local/lib/python3.12/site-packages/airflow/example_dags/example_python_operator.py
[2025-01-30T08:57:35.242+0000] {processor.py:830} INFO - Processing file /home/airflow/.local/lib/python3.12/site-packages/airflow/example_dags/example_python_operator.py for tasks to queue
[2025-01-30T08:57:35.257+0000] {logging_mixin.py:188} INFO - [2025-01-30T08:57:35.256+0000] {dagbag.py:545} INFO - Filling up the DagBag from /home/airflow/.local/lib/python3.12/site-packages/airflow/example_dags/example_python_operator.py
[2025-01-30T08:57:35.275+0000] {processor.py:840} INFO - DAG(s) 'example_python_operator' retrieved from /home/airflow/.local/lib/python3.12/site-packages/airflow/example_dags/example_python_operator.py
[2025-01-30T08:57:35.304+0000] {logging_mixin.py:188} INFO - [2025-01-30T08:57:35.304+0000] {dag.py:3096} INFO - Sync 1 DAGs
[2025-01-30T08:57:35.320+0000] {logging_mixin.py:188} INFO - [2025-01-30T08:57:35.319+0000] {dag.py:3954} INFO - Setting next_dagrun for example_python_operator to None, run_after=None
[2025-01-30T08:57:35.351+0000] {processor.py:183} INFO - Processing /home/airflow/.local/lib/python3.12/site-packages/airflow/example_dags/example_python_operator.py took 0.117 seconds
[2025-01-30T08:58:05.504+0000] {processor.py:161} INFO - Started process (PID=1720) to work on /home/airflow/.local/lib/python3.12/site-packages/airflow/example_dags/example_python_operator.py
[2025-01-30T08:58:05.505+0000] {processor.py:830} INFO - Processing file /home/airflow/.local/lib/python3.12/site-packages/airflow/example_dags/example_python_operator.py for tasks to queue
[2025-01-30T08:58:05.508+0000] {logging_mixin.py:188} INFO - [2025-01-30T08:58:05.507+0000] {dagbag.py:545} INFO - Filling up the DagBag from /home/airflow/.local/lib/python3.12/site-packages/airflow/example_dags/example_python_operator.py
[2025-01-30T08:58:05.517+0000] {processor.py:840} INFO - DAG(s) 'example_python_operator' retrieved from /home/airflow/.local/lib/python3.12/site-packages/airflow/example_dags/example_python_operator.py
[2025-01-30T08:58:05.541+0000] {logging_mixin.py:188} INFO - [2025-01-30T08:58:05.541+0000] {dag.py:3096} INFO - Sync 1 DAGs
[2025-01-30T08:58:05.555+0000] {logging_mixin.py:188} INFO - [2025-01-30T08:58:05.555+0000] {dag.py:3954} INFO - Setting next_dagrun for example_python_operator to None, run_after=None
[2025-01-30T08:58:05.579+0000] {processor.py:183} INFO - Processing /home/airflow/.local/lib/python3.12/site-packages/airflow/example_dags/example_python_operator.py took 0.081 seconds
[2025-01-30T08:58:35.824+0000] {processor.py:161} INFO - Started process (PID=1779) to work on /home/airflow/.local/lib/python3.12/site-packages/airflow/example_dags/example_python_operator.py
[2025-01-30T08:58:35.825+0000] {processor.py:830} INFO - Processing file /home/airflow/.local/lib/python3.12/site-packages/airflow/example_dags/example_python_operator.py for tasks to queue
[2025-01-30T08:58:35.827+0000] {logging_mixin.py:188} INFO - [2025-01-30T08:58:35.827+0000] {dagbag.py:545} INFO - Filling up the DagBag from /home/airflow/.local/lib/python3.12/site-packages/airflow/example_dags/example_python_operator.py
[2025-01-30T08:58:35.839+0000] {processor.py:840} INFO - DAG(s) 'example_python_operator' retrieved from /home/airflow/.local/lib/python3.12/site-packages/airflow/example_dags/example_python_operator.py
[2025-01-30T08:58:35.865+0000] {logging_mixin.py:188} INFO - [2025-01-30T08:58:35.865+0000] {dag.py:3096} INFO - Sync 1 DAGs
[2025-01-30T08:58:35.879+0000] {logging_mixin.py:188} INFO - [2025-01-30T08:58:35.879+0000] {dag.py:3954} INFO - Setting next_dagrun for example_python_operator to None, run_after=None
[2025-01-30T08:58:35.905+0000] {processor.py:183} INFO - Processing /home/airflow/.local/lib/python3.12/site-packages/airflow/example_dags/example_python_operator.py took 0.087 seconds
[2025-01-30T09:01:51.139+0000] {processor.py:161} INFO - Started process (PID=99) to work on /home/airflow/.local/lib/python3.12/site-packages/airflow/example_dags/example_python_operator.py
[2025-01-30T09:01:51.141+0000] {processor.py:830} INFO - Processing file /home/airflow/.local/lib/python3.12/site-packages/airflow/example_dags/example_python_operator.py for tasks to queue
[2025-01-30T09:01:51.143+0000] {logging_mixin.py:188} INFO - [2025-01-30T09:01:51.142+0000] {dagbag.py:545} INFO - Filling up the DagBag from /home/airflow/.local/lib/python3.12/site-packages/airflow/example_dags/example_python_operator.py
[2025-01-30T09:01:51.160+0000] {processor.py:840} INFO - DAG(s) 'example_python_operator' retrieved from /home/airflow/.local/lib/python3.12/site-packages/airflow/example_dags/example_python_operator.py
[2025-01-30T09:01:51.336+0000] {logging_mixin.py:188} INFO - [2025-01-30T09:01:51.336+0000] {dag.py:3096} INFO - Sync 1 DAGs
[2025-01-30T09:01:51.348+0000] {logging_mixin.py:188} INFO - [2025-01-30T09:01:51.348+0000] {dag.py:3954} INFO - Setting next_dagrun for example_python_operator to None, run_after=None
[2025-01-30T09:01:51.380+0000] {processor.py:183} INFO - Processing /home/airflow/.local/lib/python3.12/site-packages/airflow/example_dags/example_python_operator.py took 0.246 seconds
[2025-01-30T09:02:21.800+0000] {processor.py:161} INFO - Started process (PID=157) to work on /home/airflow/.local/lib/python3.12/site-packages/airflow/example_dags/example_python_operator.py
[2025-01-30T09:02:21.802+0000] {processor.py:830} INFO - Processing file /home/airflow/.local/lib/python3.12/site-packages/airflow/example_dags/example_python_operator.py for tasks to queue
[2025-01-30T09:02:21.805+0000] {logging_mixin.py:188} INFO - [2025-01-30T09:02:21.805+0000] {dagbag.py:545} INFO - Filling up the DagBag from /home/airflow/.local/lib/python3.12/site-packages/airflow/example_dags/example_python_operator.py
[2025-01-30T09:02:21.818+0000] {processor.py:840} INFO - DAG(s) 'example_python_operator' retrieved from /home/airflow/.local/lib/python3.12/site-packages/airflow/example_dags/example_python_operator.py
[2025-01-30T09:02:21.849+0000] {logging_mixin.py:188} INFO - [2025-01-30T09:02:21.849+0000] {dag.py:3096} INFO - Sync 1 DAGs
[2025-01-30T09:02:21.872+0000] {logging_mixin.py:188} INFO - [2025-01-30T09:02:21.871+0000] {dag.py:3954} INFO - Setting next_dagrun for example_python_operator to None, run_after=None
[2025-01-30T09:02:21.908+0000] {processor.py:183} INFO - Processing /home/airflow/.local/lib/python3.12/site-packages/airflow/example_dags/example_python_operator.py took 0.115 seconds
[2025-01-30T09:02:52.013+0000] {processor.py:161} INFO - Started process (PID=215) to work on /home/airflow/.local/lib/python3.12/site-packages/airflow/example_dags/example_python_operator.py
[2025-01-30T09:02:52.014+0000] {processor.py:830} INFO - Processing file /home/airflow/.local/lib/python3.12/site-packages/airflow/example_dags/example_python_operator.py for tasks to queue
[2025-01-30T09:02:52.015+0000] {logging_mixin.py:188} INFO - [2025-01-30T09:02:52.015+0000] {dagbag.py:545} INFO - Filling up the DagBag from /home/airflow/.local/lib/python3.12/site-packages/airflow/example_dags/example_python_operator.py
[2025-01-30T09:02:52.025+0000] {processor.py:840} INFO - DAG(s) 'example_python_operator' retrieved from /home/airflow/.local/lib/python3.12/site-packages/airflow/example_dags/example_python_operator.py
[2025-01-30T09:02:52.052+0000] {logging_mixin.py:188} INFO - [2025-01-30T09:02:52.052+0000] {dag.py:3096} INFO - Sync 1 DAGs
[2025-01-30T09:02:52.067+0000] {logging_mixin.py:188} INFO - [2025-01-30T09:02:52.067+0000] {dag.py:3954} INFO - Setting next_dagrun for example_python_operator to None, run_after=None
[2025-01-30T09:02:52.092+0000] {processor.py:183} INFO - Processing /home/airflow/.local/lib/python3.12/site-packages/airflow/example_dags/example_python_operator.py took 0.084 seconds
[2025-01-30T09:03:22.388+0000] {processor.py:161} INFO - Started process (PID=273) to work on /home/airflow/.local/lib/python3.12/site-packages/airflow/example_dags/example_python_operator.py
[2025-01-30T09:03:22.390+0000] {processor.py:830} INFO - Processing file /home/airflow/.local/lib/python3.12/site-packages/airflow/example_dags/example_python_operator.py for tasks to queue
[2025-01-30T09:03:22.392+0000] {logging_mixin.py:188} INFO - [2025-01-30T09:03:22.392+0000] {dagbag.py:545} INFO - Filling up the DagBag from /home/airflow/.local/lib/python3.12/site-packages/airflow/example_dags/example_python_operator.py
[2025-01-30T09:03:22.404+0000] {processor.py:840} INFO - DAG(s) 'example_python_operator' retrieved from /home/airflow/.local/lib/python3.12/site-packages/airflow/example_dags/example_python_operator.py
[2025-01-30T09:03:22.432+0000] {logging_mixin.py:188} INFO - [2025-01-30T09:03:22.432+0000] {dag.py:3096} INFO - Sync 1 DAGs
[2025-01-30T09:03:22.449+0000] {logging_mixin.py:188} INFO - [2025-01-30T09:03:22.449+0000] {dag.py:3954} INFO - Setting next_dagrun for example_python_operator to None, run_after=None
[2025-01-30T09:03:22.484+0000] {processor.py:183} INFO - Processing /home/airflow/.local/lib/python3.12/site-packages/airflow/example_dags/example_python_operator.py took 0.103 seconds
[2025-01-30T09:05:21.466+0000] {processor.py:161} INFO - Started process (PID=97) to work on /home/airflow/.local/lib/python3.12/site-packages/airflow/example_dags/example_python_operator.py
[2025-01-30T09:05:21.468+0000] {processor.py:830} INFO - Processing file /home/airflow/.local/lib/python3.12/site-packages/airflow/example_dags/example_python_operator.py for tasks to queue
[2025-01-30T09:05:21.470+0000] {logging_mixin.py:188} INFO - [2025-01-30T09:05:21.469+0000] {dagbag.py:545} INFO - Filling up the DagBag from /home/airflow/.local/lib/python3.12/site-packages/airflow/example_dags/example_python_operator.py
[2025-01-30T09:05:21.482+0000] {processor.py:840} INFO - DAG(s) 'example_python_operator' retrieved from /home/airflow/.local/lib/python3.12/site-packages/airflow/example_dags/example_python_operator.py
[2025-01-30T09:05:21.588+0000] {logging_mixin.py:188} INFO - [2025-01-30T09:05:21.588+0000] {dag.py:3096} INFO - Sync 1 DAGs
[2025-01-30T09:05:21.598+0000] {logging_mixin.py:188} INFO - [2025-01-30T09:05:21.598+0000] {dag.py:3954} INFO - Setting next_dagrun for example_python_operator to None, run_after=None
[2025-01-30T09:05:21.622+0000] {processor.py:183} INFO - Processing /home/airflow/.local/lib/python3.12/site-packages/airflow/example_dags/example_python_operator.py took 0.161 seconds
[2025-01-30T09:05:52.522+0000] {processor.py:161} INFO - Started process (PID=155) to work on /home/airflow/.local/lib/python3.12/site-packages/airflow/example_dags/example_python_operator.py
[2025-01-30T09:05:52.523+0000] {processor.py:830} INFO - Processing file /home/airflow/.local/lib/python3.12/site-packages/airflow/example_dags/example_python_operator.py for tasks to queue
[2025-01-30T09:05:52.525+0000] {logging_mixin.py:188} INFO - [2025-01-30T09:05:52.525+0000] {dagbag.py:545} INFO - Filling up the DagBag from /home/airflow/.local/lib/python3.12/site-packages/airflow/example_dags/example_python_operator.py
[2025-01-30T09:05:52.534+0000] {processor.py:840} INFO - DAG(s) 'example_python_operator' retrieved from /home/airflow/.local/lib/python3.12/site-packages/airflow/example_dags/example_python_operator.py
[2025-01-30T09:05:52.557+0000] {logging_mixin.py:188} INFO - [2025-01-30T09:05:52.556+0000] {dag.py:3096} INFO - Sync 1 DAGs
[2025-01-30T09:05:52.571+0000] {logging_mixin.py:188} INFO - [2025-01-30T09:05:52.571+0000] {dag.py:3954} INFO - Setting next_dagrun for example_python_operator to None, run_after=None
[2025-01-30T09:05:52.596+0000] {processor.py:183} INFO - Processing /home/airflow/.local/lib/python3.12/site-packages/airflow/example_dags/example_python_operator.py took 0.080 seconds
[2025-01-30T09:10:51.983+0000] {processor.py:161} INFO - Started process (PID=100) to work on /home/airflow/.local/lib/python3.12/site-packages/airflow/example_dags/example_python_operator.py
[2025-01-30T09:10:51.984+0000] {processor.py:830} INFO - Processing file /home/airflow/.local/lib/python3.12/site-packages/airflow/example_dags/example_python_operator.py for tasks to queue
[2025-01-30T09:10:51.986+0000] {logging_mixin.py:188} INFO - [2025-01-30T09:10:51.985+0000] {dagbag.py:545} INFO - Filling up the DagBag from /home/airflow/.local/lib/python3.12/site-packages/airflow/example_dags/example_python_operator.py
[2025-01-30T09:10:51.999+0000] {processor.py:840} INFO - DAG(s) 'example_python_operator' retrieved from /home/airflow/.local/lib/python3.12/site-packages/airflow/example_dags/example_python_operator.py
[2025-01-30T09:10:52.108+0000] {logging_mixin.py:188} INFO - [2025-01-30T09:10:52.108+0000] {dag.py:3096} INFO - Sync 1 DAGs
[2025-01-30T09:10:52.119+0000] {logging_mixin.py:188} INFO - [2025-01-30T09:10:52.119+0000] {dag.py:3954} INFO - Setting next_dagrun for example_python_operator to None, run_after=None
[2025-01-30T09:10:52.148+0000] {processor.py:183} INFO - Processing /home/airflow/.local/lib/python3.12/site-packages/airflow/example_dags/example_python_operator.py took 0.170 seconds
[2025-01-30T09:11:23.014+0000] {processor.py:161} INFO - Started process (PID=159) to work on /home/airflow/.local/lib/python3.12/site-packages/airflow/example_dags/example_python_operator.py
[2025-01-30T09:11:23.015+0000] {processor.py:830} INFO - Processing file /home/airflow/.local/lib/python3.12/site-packages/airflow/example_dags/example_python_operator.py for tasks to queue
[2025-01-30T09:11:23.017+0000] {logging_mixin.py:188} INFO - [2025-01-30T09:11:23.017+0000] {dagbag.py:545} INFO - Filling up the DagBag from /home/airflow/.local/lib/python3.12/site-packages/airflow/example_dags/example_python_operator.py
[2025-01-30T09:11:23.033+0000] {processor.py:840} INFO - DAG(s) 'example_python_operator' retrieved from /home/airflow/.local/lib/python3.12/site-packages/airflow/example_dags/example_python_operator.py
[2025-01-30T09:11:23.072+0000] {logging_mixin.py:188} INFO - [2025-01-30T09:11:23.071+0000] {dag.py:3096} INFO - Sync 1 DAGs
[2025-01-30T09:11:23.088+0000] {logging_mixin.py:188} INFO - [2025-01-30T09:11:23.088+0000] {dag.py:3954} INFO - Setting next_dagrun for example_python_operator to None, run_after=None
[2025-01-30T09:11:23.111+0000] {processor.py:183} INFO - Processing /home/airflow/.local/lib/python3.12/site-packages/airflow/example_dags/example_python_operator.py took 0.103 seconds
[2025-01-30T09:11:53.315+0000] {processor.py:161} INFO - Started process (PID=217) to work on /home/airflow/.local/lib/python3.12/site-packages/airflow/example_dags/example_python_operator.py
[2025-01-30T09:11:53.316+0000] {processor.py:830} INFO - Processing file /home/airflow/.local/lib/python3.12/site-packages/airflow/example_dags/example_python_operator.py for tasks to queue
[2025-01-30T09:11:53.317+0000] {logging_mixin.py:188} INFO - [2025-01-30T09:11:53.317+0000] {dagbag.py:545} INFO - Filling up the DagBag from /home/airflow/.local/lib/python3.12/site-packages/airflow/example_dags/example_python_operator.py
[2025-01-30T09:11:53.326+0000] {processor.py:840} INFO - DAG(s) 'example_python_operator' retrieved from /home/airflow/.local/lib/python3.12/site-packages/airflow/example_dags/example_python_operator.py
[2025-01-30T09:11:53.347+0000] {logging_mixin.py:188} INFO - [2025-01-30T09:11:53.346+0000] {dag.py:3096} INFO - Sync 1 DAGs
[2025-01-30T09:11:53.360+0000] {logging_mixin.py:188} INFO - [2025-01-30T09:11:53.360+0000] {dag.py:3954} INFO - Setting next_dagrun for example_python_operator to None, run_after=None
[2025-01-30T09:11:53.381+0000] {processor.py:183} INFO - Processing /home/airflow/.local/lib/python3.12/site-packages/airflow/example_dags/example_python_operator.py took 0.071 seconds
[2025-01-30T09:12:23.813+0000] {processor.py:161} INFO - Started process (PID=275) to work on /home/airflow/.local/lib/python3.12/site-packages/airflow/example_dags/example_python_operator.py
[2025-01-30T09:12:23.814+0000] {processor.py:830} INFO - Processing file /home/airflow/.local/lib/python3.12/site-packages/airflow/example_dags/example_python_operator.py for tasks to queue
[2025-01-30T09:12:23.816+0000] {logging_mixin.py:188} INFO - [2025-01-30T09:12:23.816+0000] {dagbag.py:545} INFO - Filling up the DagBag from /home/airflow/.local/lib/python3.12/site-packages/airflow/example_dags/example_python_operator.py
[2025-01-30T09:12:23.825+0000] {processor.py:840} INFO - DAG(s) 'example_python_operator' retrieved from /home/airflow/.local/lib/python3.12/site-packages/airflow/example_dags/example_python_operator.py
[2025-01-30T09:12:23.847+0000] {logging_mixin.py:188} INFO - [2025-01-30T09:12:23.846+0000] {dag.py:3096} INFO - Sync 1 DAGs
[2025-01-30T09:12:23.860+0000] {logging_mixin.py:188} INFO - [2025-01-30T09:12:23.860+0000] {dag.py:3954} INFO - Setting next_dagrun for example_python_operator to None, run_after=None
[2025-01-30T09:12:23.884+0000] {processor.py:183} INFO - Processing /home/airflow/.local/lib/python3.12/site-packages/airflow/example_dags/example_python_operator.py took 0.077 seconds
[2025-01-30T09:12:54.273+0000] {processor.py:161} INFO - Started process (PID=333) to work on /home/airflow/.local/lib/python3.12/site-packages/airflow/example_dags/example_python_operator.py
[2025-01-30T09:12:54.274+0000] {processor.py:830} INFO - Processing file /home/airflow/.local/lib/python3.12/site-packages/airflow/example_dags/example_python_operator.py for tasks to queue
[2025-01-30T09:12:54.275+0000] {logging_mixin.py:188} INFO - [2025-01-30T09:12:54.275+0000] {dagbag.py:545} INFO - Filling up the DagBag from /home/airflow/.local/lib/python3.12/site-packages/airflow/example_dags/example_python_operator.py
[2025-01-30T09:12:54.285+0000] {processor.py:840} INFO - DAG(s) 'example_python_operator' retrieved from /home/airflow/.local/lib/python3.12/site-packages/airflow/example_dags/example_python_operator.py
[2025-01-30T09:12:54.310+0000] {logging_mixin.py:188} INFO - [2025-01-30T09:12:54.309+0000] {dag.py:3096} INFO - Sync 1 DAGs
[2025-01-30T09:12:54.322+0000] {logging_mixin.py:188} INFO - [2025-01-30T09:12:54.322+0000] {dag.py:3954} INFO - Setting next_dagrun for example_python_operator to None, run_after=None
[2025-01-30T09:12:54.344+0000] {processor.py:183} INFO - Processing /home/airflow/.local/lib/python3.12/site-packages/airflow/example_dags/example_python_operator.py took 0.077 seconds
[2025-01-30T09:13:24.496+0000] {processor.py:161} INFO - Started process (PID=391) to work on /home/airflow/.local/lib/python3.12/site-packages/airflow/example_dags/example_python_operator.py
[2025-01-30T09:13:24.497+0000] {processor.py:830} INFO - Processing file /home/airflow/.local/lib/python3.12/site-packages/airflow/example_dags/example_python_operator.py for tasks to queue
[2025-01-30T09:13:24.499+0000] {logging_mixin.py:188} INFO - [2025-01-30T09:13:24.498+0000] {dagbag.py:545} INFO - Filling up the DagBag from /home/airflow/.local/lib/python3.12/site-packages/airflow/example_dags/example_python_operator.py
[2025-01-30T09:13:24.507+0000] {processor.py:840} INFO - DAG(s) 'example_python_operator' retrieved from /home/airflow/.local/lib/python3.12/site-packages/airflow/example_dags/example_python_operator.py
[2025-01-30T09:13:24.529+0000] {logging_mixin.py:188} INFO - [2025-01-30T09:13:24.529+0000] {dag.py:3096} INFO - Sync 1 DAGs
[2025-01-30T09:13:24.542+0000] {logging_mixin.py:188} INFO - [2025-01-30T09:13:24.541+0000] {dag.py:3954} INFO - Setting next_dagrun for example_python_operator to None, run_after=None
[2025-01-30T09:13:24.562+0000] {processor.py:183} INFO - Processing /home/airflow/.local/lib/python3.12/site-packages/airflow/example_dags/example_python_operator.py took 0.072 seconds
[2025-01-30T09:13:54.736+0000] {processor.py:161} INFO - Started process (PID=449) to work on /home/airflow/.local/lib/python3.12/site-packages/airflow/example_dags/example_python_operator.py
[2025-01-30T09:13:54.737+0000] {processor.py:830} INFO - Processing file /home/airflow/.local/lib/python3.12/site-packages/airflow/example_dags/example_python_operator.py for tasks to queue
[2025-01-30T09:13:54.738+0000] {logging_mixin.py:188} INFO - [2025-01-30T09:13:54.738+0000] {dagbag.py:545} INFO - Filling up the DagBag from /home/airflow/.local/lib/python3.12/site-packages/airflow/example_dags/example_python_operator.py
[2025-01-30T09:13:54.748+0000] {processor.py:840} INFO - DAG(s) 'example_python_operator' retrieved from /home/airflow/.local/lib/python3.12/site-packages/airflow/example_dags/example_python_operator.py
[2025-01-30T09:13:54.772+0000] {logging_mixin.py:188} INFO - [2025-01-30T09:13:54.772+0000] {dag.py:3096} INFO - Sync 1 DAGs
[2025-01-30T09:13:54.786+0000] {logging_mixin.py:188} INFO - [2025-01-30T09:13:54.786+0000] {dag.py:3954} INFO - Setting next_dagrun for example_python_operator to None, run_after=None
[2025-01-30T09:13:54.810+0000] {processor.py:183} INFO - Processing /home/airflow/.local/lib/python3.12/site-packages/airflow/example_dags/example_python_operator.py took 0.078 seconds
[2025-01-30T09:14:24.996+0000] {processor.py:161} INFO - Started process (PID=507) to work on /home/airflow/.local/lib/python3.12/site-packages/airflow/example_dags/example_python_operator.py
[2025-01-30T09:14:24.997+0000] {processor.py:830} INFO - Processing file /home/airflow/.local/lib/python3.12/site-packages/airflow/example_dags/example_python_operator.py for tasks to queue
[2025-01-30T09:14:24.999+0000] {logging_mixin.py:188} INFO - [2025-01-30T09:14:24.999+0000] {dagbag.py:545} INFO - Filling up the DagBag from /home/airflow/.local/lib/python3.12/site-packages/airflow/example_dags/example_python_operator.py
[2025-01-30T09:14:25.008+0000] {processor.py:840} INFO - DAG(s) 'example_python_operator' retrieved from /home/airflow/.local/lib/python3.12/site-packages/airflow/example_dags/example_python_operator.py
[2025-01-30T09:14:25.030+0000] {logging_mixin.py:188} INFO - [2025-01-30T09:14:25.029+0000] {dag.py:3096} INFO - Sync 1 DAGs
[2025-01-30T09:14:25.042+0000] {logging_mixin.py:188} INFO - [2025-01-30T09:14:25.042+0000] {dag.py:3954} INFO - Setting next_dagrun for example_python_operator to None, run_after=None
[2025-01-30T09:14:25.064+0000] {processor.py:183} INFO - Processing /home/airflow/.local/lib/python3.12/site-packages/airflow/example_dags/example_python_operator.py took 0.073 seconds
[2025-01-30T09:14:55.959+0000] {processor.py:161} INFO - Started process (PID=565) to work on /home/airflow/.local/lib/python3.12/site-packages/airflow/example_dags/example_python_operator.py
[2025-01-30T09:14:55.960+0000] {processor.py:830} INFO - Processing file /home/airflow/.local/lib/python3.12/site-packages/airflow/example_dags/example_python_operator.py for tasks to queue
[2025-01-30T09:14:55.968+0000] {logging_mixin.py:188} INFO - [2025-01-30T09:14:55.967+0000] {dagbag.py:545} INFO - Filling up the DagBag from /home/airflow/.local/lib/python3.12/site-packages/airflow/example_dags/example_python_operator.py
[2025-01-30T09:14:55.980+0000] {processor.py:840} INFO - DAG(s) 'example_python_operator' retrieved from /home/airflow/.local/lib/python3.12/site-packages/airflow/example_dags/example_python_operator.py
[2025-01-30T09:14:56.016+0000] {logging_mixin.py:188} INFO - [2025-01-30T09:14:56.016+0000] {dag.py:3096} INFO - Sync 1 DAGs
[2025-01-30T09:14:56.033+0000] {logging_mixin.py:188} INFO - [2025-01-30T09:14:56.032+0000] {dag.py:3954} INFO - Setting next_dagrun for example_python_operator to None, run_after=None
[2025-01-30T09:14:56.061+0000] {processor.py:183} INFO - Processing /home/airflow/.local/lib/python3.12/site-packages/airflow/example_dags/example_python_operator.py took 0.109 seconds
[2025-01-30T09:15:26.192+0000] {processor.py:161} INFO - Started process (PID=622) to work on /home/airflow/.local/lib/python3.12/site-packages/airflow/example_dags/example_python_operator.py
[2025-01-30T09:15:26.193+0000] {processor.py:830} INFO - Processing file /home/airflow/.local/lib/python3.12/site-packages/airflow/example_dags/example_python_operator.py for tasks to queue
[2025-01-30T09:15:26.195+0000] {logging_mixin.py:188} INFO - [2025-01-30T09:15:26.195+0000] {dagbag.py:545} INFO - Filling up the DagBag from /home/airflow/.local/lib/python3.12/site-packages/airflow/example_dags/example_python_operator.py
[2025-01-30T09:15:26.206+0000] {processor.py:840} INFO - DAG(s) 'example_python_operator' retrieved from /home/airflow/.local/lib/python3.12/site-packages/airflow/example_dags/example_python_operator.py
[2025-01-30T09:15:26.232+0000] {logging_mixin.py:188} INFO - [2025-01-30T09:15:26.231+0000] {dag.py:3096} INFO - Sync 1 DAGs
[2025-01-30T09:15:26.246+0000] {logging_mixin.py:188} INFO - [2025-01-30T09:15:26.246+0000] {dag.py:3954} INFO - Setting next_dagrun for example_python_operator to None, run_after=None
[2025-01-30T09:15:26.278+0000] {processor.py:183} INFO - Processing /home/airflow/.local/lib/python3.12/site-packages/airflow/example_dags/example_python_operator.py took 0.091 seconds
[2025-01-30T09:15:56.749+0000] {processor.py:161} INFO - Started process (PID=680) to work on /home/airflow/.local/lib/python3.12/site-packages/airflow/example_dags/example_python_operator.py
[2025-01-30T09:15:56.750+0000] {processor.py:830} INFO - Processing file /home/airflow/.local/lib/python3.12/site-packages/airflow/example_dags/example_python_operator.py for tasks to queue
[2025-01-30T09:15:56.752+0000] {logging_mixin.py:188} INFO - [2025-01-30T09:15:56.752+0000] {dagbag.py:545} INFO - Filling up the DagBag from /home/airflow/.local/lib/python3.12/site-packages/airflow/example_dags/example_python_operator.py
[2025-01-30T09:15:56.761+0000] {processor.py:840} INFO - DAG(s) 'example_python_operator' retrieved from /home/airflow/.local/lib/python3.12/site-packages/airflow/example_dags/example_python_operator.py
[2025-01-30T09:15:56.785+0000] {logging_mixin.py:188} INFO - [2025-01-30T09:15:56.784+0000] {dag.py:3096} INFO - Sync 1 DAGs
[2025-01-30T09:15:56.799+0000] {logging_mixin.py:188} INFO - [2025-01-30T09:15:56.798+0000] {dag.py:3954} INFO - Setting next_dagrun for example_python_operator to None, run_after=None
[2025-01-30T09:15:56.825+0000] {processor.py:183} INFO - Processing /home/airflow/.local/lib/python3.12/site-packages/airflow/example_dags/example_python_operator.py took 0.081 seconds
[2025-01-30T09:16:27.438+0000] {processor.py:161} INFO - Started process (PID=738) to work on /home/airflow/.local/lib/python3.12/site-packages/airflow/example_dags/example_python_operator.py
[2025-01-30T09:16:27.440+0000] {processor.py:830} INFO - Processing file /home/airflow/.local/lib/python3.12/site-packages/airflow/example_dags/example_python_operator.py for tasks to queue
[2025-01-30T09:16:27.442+0000] {logging_mixin.py:188} INFO - [2025-01-30T09:16:27.441+0000] {dagbag.py:545} INFO - Filling up the DagBag from /home/airflow/.local/lib/python3.12/site-packages/airflow/example_dags/example_python_operator.py
[2025-01-30T09:16:27.451+0000] {processor.py:840} INFO - DAG(s) 'example_python_operator' retrieved from /home/airflow/.local/lib/python3.12/site-packages/airflow/example_dags/example_python_operator.py
[2025-01-30T09:16:27.476+0000] {logging_mixin.py:188} INFO - [2025-01-30T09:16:27.476+0000] {dag.py:3096} INFO - Sync 1 DAGs
[2025-01-30T09:16:27.490+0000] {logging_mixin.py:188} INFO - [2025-01-30T09:16:27.490+0000] {dag.py:3954} INFO - Setting next_dagrun for example_python_operator to None, run_after=None
[2025-01-30T09:16:27.517+0000] {processor.py:183} INFO - Processing /home/airflow/.local/lib/python3.12/site-packages/airflow/example_dags/example_python_operator.py took 0.083 seconds
[2025-01-30T09:16:57.662+0000] {processor.py:161} INFO - Started process (PID=796) to work on /home/airflow/.local/lib/python3.12/site-packages/airflow/example_dags/example_python_operator.py
[2025-01-30T09:16:57.664+0000] {processor.py:830} INFO - Processing file /home/airflow/.local/lib/python3.12/site-packages/airflow/example_dags/example_python_operator.py for tasks to queue
[2025-01-30T09:16:57.665+0000] {logging_mixin.py:188} INFO - [2025-01-30T09:16:57.665+0000] {dagbag.py:545} INFO - Filling up the DagBag from /home/airflow/.local/lib/python3.12/site-packages/airflow/example_dags/example_python_operator.py
[2025-01-30T09:16:57.675+0000] {processor.py:840} INFO - DAG(s) 'example_python_operator' retrieved from /home/airflow/.local/lib/python3.12/site-packages/airflow/example_dags/example_python_operator.py
[2025-01-30T09:16:57.698+0000] {logging_mixin.py:188} INFO - [2025-01-30T09:16:57.697+0000] {dag.py:3096} INFO - Sync 1 DAGs
[2025-01-30T09:16:57.711+0000] {logging_mixin.py:188} INFO - [2025-01-30T09:16:57.711+0000] {dag.py:3954} INFO - Setting next_dagrun for example_python_operator to None, run_after=None
[2025-01-30T09:16:57.737+0000] {processor.py:183} INFO - Processing /home/airflow/.local/lib/python3.12/site-packages/airflow/example_dags/example_python_operator.py took 0.080 seconds
[2025-01-30T09:17:28.153+0000] {processor.py:161} INFO - Started process (PID=854) to work on /home/airflow/.local/lib/python3.12/site-packages/airflow/example_dags/example_python_operator.py
[2025-01-30T09:17:28.154+0000] {processor.py:830} INFO - Processing file /home/airflow/.local/lib/python3.12/site-packages/airflow/example_dags/example_python_operator.py for tasks to queue
[2025-01-30T09:17:28.156+0000] {logging_mixin.py:188} INFO - [2025-01-30T09:17:28.155+0000] {dagbag.py:545} INFO - Filling up the DagBag from /home/airflow/.local/lib/python3.12/site-packages/airflow/example_dags/example_python_operator.py
[2025-01-30T09:17:28.164+0000] {processor.py:840} INFO - DAG(s) 'example_python_operator' retrieved from /home/airflow/.local/lib/python3.12/site-packages/airflow/example_dags/example_python_operator.py
[2025-01-30T09:17:28.186+0000] {logging_mixin.py:188} INFO - [2025-01-30T09:17:28.186+0000] {dag.py:3096} INFO - Sync 1 DAGs
[2025-01-30T09:17:28.198+0000] {logging_mixin.py:188} INFO - [2025-01-30T09:17:28.198+0000] {dag.py:3954} INFO - Setting next_dagrun for example_python_operator to None, run_after=None
[2025-01-30T09:17:28.222+0000] {processor.py:183} INFO - Processing /home/airflow/.local/lib/python3.12/site-packages/airflow/example_dags/example_python_operator.py took 0.074 seconds
[2025-01-30T09:17:58.347+0000] {processor.py:161} INFO - Started process (PID=913) to work on /home/airflow/.local/lib/python3.12/site-packages/airflow/example_dags/example_python_operator.py
[2025-01-30T09:17:58.348+0000] {processor.py:830} INFO - Processing file /home/airflow/.local/lib/python3.12/site-packages/airflow/example_dags/example_python_operator.py for tasks to queue
[2025-01-30T09:17:58.350+0000] {logging_mixin.py:188} INFO - [2025-01-30T09:17:58.350+0000] {dagbag.py:545} INFO - Filling up the DagBag from /home/airflow/.local/lib/python3.12/site-packages/airflow/example_dags/example_python_operator.py
[2025-01-30T09:17:58.359+0000] {processor.py:840} INFO - DAG(s) 'example_python_operator' retrieved from /home/airflow/.local/lib/python3.12/site-packages/airflow/example_dags/example_python_operator.py
[2025-01-30T09:17:58.383+0000] {logging_mixin.py:188} INFO - [2025-01-30T09:17:58.383+0000] {dag.py:3096} INFO - Sync 1 DAGs
[2025-01-30T09:17:58.396+0000] {logging_mixin.py:188} INFO - [2025-01-30T09:17:58.396+0000] {dag.py:3954} INFO - Setting next_dagrun for example_python_operator to None, run_after=None
[2025-01-30T09:17:58.420+0000] {processor.py:183} INFO - Processing /home/airflow/.local/lib/python3.12/site-packages/airflow/example_dags/example_python_operator.py took 0.078 seconds
[2025-01-30T09:18:28.696+0000] {processor.py:161} INFO - Started process (PID=972) to work on /home/airflow/.local/lib/python3.12/site-packages/airflow/example_dags/example_python_operator.py
[2025-01-30T09:18:28.697+0000] {processor.py:830} INFO - Processing file /home/airflow/.local/lib/python3.12/site-packages/airflow/example_dags/example_python_operator.py for tasks to queue
[2025-01-30T09:18:28.699+0000] {logging_mixin.py:188} INFO - [2025-01-30T09:18:28.698+0000] {dagbag.py:545} INFO - Filling up the DagBag from /home/airflow/.local/lib/python3.12/site-packages/airflow/example_dags/example_python_operator.py
[2025-01-30T09:18:28.709+0000] {processor.py:840} INFO - DAG(s) 'example_python_operator' retrieved from /home/airflow/.local/lib/python3.12/site-packages/airflow/example_dags/example_python_operator.py
[2025-01-30T09:18:28.732+0000] {logging_mixin.py:188} INFO - [2025-01-30T09:18:28.731+0000] {dag.py:3096} INFO - Sync 1 DAGs
[2025-01-30T09:18:28.744+0000] {logging_mixin.py:188} INFO - [2025-01-30T09:18:28.744+0000] {dag.py:3954} INFO - Setting next_dagrun for example_python_operator to None, run_after=None
[2025-01-30T09:18:28.771+0000] {processor.py:183} INFO - Processing /home/airflow/.local/lib/python3.12/site-packages/airflow/example_dags/example_python_operator.py took 0.080 seconds
[2025-01-30T09:20:17.548+0000] {processor.py:161} INFO - Started process (PID=97) to work on /home/airflow/.local/lib/python3.12/site-packages/airflow/example_dags/example_python_operator.py
[2025-01-30T09:20:17.549+0000] {processor.py:830} INFO - Processing file /home/airflow/.local/lib/python3.12/site-packages/airflow/example_dags/example_python_operator.py for tasks to queue
[2025-01-30T09:20:17.551+0000] {logging_mixin.py:188} INFO - [2025-01-30T09:20:17.550+0000] {dagbag.py:545} INFO - Filling up the DagBag from /home/airflow/.local/lib/python3.12/site-packages/airflow/example_dags/example_python_operator.py
[2025-01-30T09:20:17.564+0000] {processor.py:840} INFO - DAG(s) 'example_python_operator' retrieved from /home/airflow/.local/lib/python3.12/site-packages/airflow/example_dags/example_python_operator.py
[2025-01-30T09:20:17.686+0000] {logging_mixin.py:188} INFO - [2025-01-30T09:20:17.686+0000] {dag.py:3096} INFO - Sync 1 DAGs
[2025-01-30T09:20:17.698+0000] {logging_mixin.py:188} INFO - [2025-01-30T09:20:17.698+0000] {dag.py:3954} INFO - Setting next_dagrun for example_python_operator to None, run_after=None
[2025-01-30T09:20:17.724+0000] {processor.py:183} INFO - Processing /home/airflow/.local/lib/python3.12/site-packages/airflow/example_dags/example_python_operator.py took 0.182 seconds
[2025-01-30T09:20:47.901+0000] {processor.py:161} INFO - Started process (PID=155) to work on /home/airflow/.local/lib/python3.12/site-packages/airflow/example_dags/example_python_operator.py
[2025-01-30T09:20:47.903+0000] {processor.py:830} INFO - Processing file /home/airflow/.local/lib/python3.12/site-packages/airflow/example_dags/example_python_operator.py for tasks to queue
[2025-01-30T09:20:47.905+0000] {logging_mixin.py:188} INFO - [2025-01-30T09:20:47.905+0000] {dagbag.py:545} INFO - Filling up the DagBag from /home/airflow/.local/lib/python3.12/site-packages/airflow/example_dags/example_python_operator.py
[2025-01-30T09:20:47.916+0000] {processor.py:840} INFO - DAG(s) 'example_python_operator' retrieved from /home/airflow/.local/lib/python3.12/site-packages/airflow/example_dags/example_python_operator.py
[2025-01-30T09:20:47.945+0000] {logging_mixin.py:188} INFO - [2025-01-30T09:20:47.945+0000] {dag.py:3096} INFO - Sync 1 DAGs
[2025-01-30T09:20:47.959+0000] {logging_mixin.py:188} INFO - [2025-01-30T09:20:47.958+0000] {dag.py:3954} INFO - Setting next_dagrun for example_python_operator to None, run_after=None
[2025-01-30T09:20:47.987+0000] {processor.py:183} INFO - Processing /home/airflow/.local/lib/python3.12/site-packages/airflow/example_dags/example_python_operator.py took 0.091 seconds
[2025-01-30T09:21:18.145+0000] {processor.py:161} INFO - Started process (PID=213) to work on /home/airflow/.local/lib/python3.12/site-packages/airflow/example_dags/example_python_operator.py
[2025-01-30T09:21:18.146+0000] {processor.py:830} INFO - Processing file /home/airflow/.local/lib/python3.12/site-packages/airflow/example_dags/example_python_operator.py for tasks to queue
[2025-01-30T09:21:18.148+0000] {logging_mixin.py:188} INFO - [2025-01-30T09:21:18.148+0000] {dagbag.py:545} INFO - Filling up the DagBag from /home/airflow/.local/lib/python3.12/site-packages/airflow/example_dags/example_python_operator.py
[2025-01-30T09:21:18.158+0000] {processor.py:840} INFO - DAG(s) 'example_python_operator' retrieved from /home/airflow/.local/lib/python3.12/site-packages/airflow/example_dags/example_python_operator.py
[2025-01-30T09:21:18.181+0000] {logging_mixin.py:188} INFO - [2025-01-30T09:21:18.181+0000] {dag.py:3096} INFO - Sync 1 DAGs
[2025-01-30T09:21:18.195+0000] {logging_mixin.py:188} INFO - [2025-01-30T09:21:18.194+0000] {dag.py:3954} INFO - Setting next_dagrun for example_python_operator to None, run_after=None
[2025-01-30T09:21:18.219+0000] {processor.py:183} INFO - Processing /home/airflow/.local/lib/python3.12/site-packages/airflow/example_dags/example_python_operator.py took 0.079 seconds
[2025-01-30T09:21:48.553+0000] {processor.py:161} INFO - Started process (PID=271) to work on /home/airflow/.local/lib/python3.12/site-packages/airflow/example_dags/example_python_operator.py
[2025-01-30T09:21:48.554+0000] {processor.py:830} INFO - Processing file /home/airflow/.local/lib/python3.12/site-packages/airflow/example_dags/example_python_operator.py for tasks to queue
[2025-01-30T09:21:48.556+0000] {logging_mixin.py:188} INFO - [2025-01-30T09:21:48.556+0000] {dagbag.py:545} INFO - Filling up the DagBag from /home/airflow/.local/lib/python3.12/site-packages/airflow/example_dags/example_python_operator.py
[2025-01-30T09:21:48.566+0000] {processor.py:840} INFO - DAG(s) 'example_python_operator' retrieved from /home/airflow/.local/lib/python3.12/site-packages/airflow/example_dags/example_python_operator.py
[2025-01-30T09:21:48.594+0000] {logging_mixin.py:188} INFO - [2025-01-30T09:21:48.594+0000] {dag.py:3096} INFO - Sync 1 DAGs
[2025-01-30T09:21:48.609+0000] {logging_mixin.py:188} INFO - [2025-01-30T09:21:48.609+0000] {dag.py:3954} INFO - Setting next_dagrun for example_python_operator to None, run_after=None
[2025-01-30T09:21:48.637+0000] {processor.py:183} INFO - Processing /home/airflow/.local/lib/python3.12/site-packages/airflow/example_dags/example_python_operator.py took 0.090 seconds
[2025-01-30T09:22:18.790+0000] {processor.py:161} INFO - Started process (PID=330) to work on /home/airflow/.local/lib/python3.12/site-packages/airflow/example_dags/example_python_operator.py
[2025-01-30T09:22:18.791+0000] {processor.py:830} INFO - Processing file /home/airflow/.local/lib/python3.12/site-packages/airflow/example_dags/example_python_operator.py for tasks to queue
[2025-01-30T09:22:18.794+0000] {logging_mixin.py:188} INFO - [2025-01-30T09:22:18.793+0000] {dagbag.py:545} INFO - Filling up the DagBag from /home/airflow/.local/lib/python3.12/site-packages/airflow/example_dags/example_python_operator.py
[2025-01-30T09:22:18.803+0000] {processor.py:840} INFO - DAG(s) 'example_python_operator' retrieved from /home/airflow/.local/lib/python3.12/site-packages/airflow/example_dags/example_python_operator.py
[2025-01-30T09:22:18.833+0000] {logging_mixin.py:188} INFO - [2025-01-30T09:22:18.832+0000] {dag.py:3096} INFO - Sync 1 DAGs
[2025-01-30T09:22:18.848+0000] {logging_mixin.py:188} INFO - [2025-01-30T09:22:18.848+0000] {dag.py:3954} INFO - Setting next_dagrun for example_python_operator to None, run_after=None
[2025-01-30T09:22:18.872+0000] {processor.py:183} INFO - Processing /home/airflow/.local/lib/python3.12/site-packages/airflow/example_dags/example_python_operator.py took 0.088 seconds
[2025-01-30T09:22:49.532+0000] {processor.py:161} INFO - Started process (PID=388) to work on /home/airflow/.local/lib/python3.12/site-packages/airflow/example_dags/example_python_operator.py
[2025-01-30T09:22:49.534+0000] {processor.py:830} INFO - Processing file /home/airflow/.local/lib/python3.12/site-packages/airflow/example_dags/example_python_operator.py for tasks to queue
[2025-01-30T09:22:49.536+0000] {logging_mixin.py:188} INFO - [2025-01-30T09:22:49.535+0000] {dagbag.py:545} INFO - Filling up the DagBag from /home/airflow/.local/lib/python3.12/site-packages/airflow/example_dags/example_python_operator.py
[2025-01-30T09:22:49.545+0000] {processor.py:840} INFO - DAG(s) 'example_python_operator' retrieved from /home/airflow/.local/lib/python3.12/site-packages/airflow/example_dags/example_python_operator.py
[2025-01-30T09:22:49.575+0000] {logging_mixin.py:188} INFO - [2025-01-30T09:22:49.575+0000] {dag.py:3096} INFO - Sync 1 DAGs
[2025-01-30T09:22:49.590+0000] {logging_mixin.py:188} INFO - [2025-01-30T09:22:49.590+0000] {dag.py:3954} INFO - Setting next_dagrun for example_python_operator to None, run_after=None
[2025-01-30T09:22:49.615+0000] {processor.py:183} INFO - Processing /home/airflow/.local/lib/python3.12/site-packages/airflow/example_dags/example_python_operator.py took 0.089 seconds
[2025-01-30T09:23:20.105+0000] {processor.py:161} INFO - Started process (PID=446) to work on /home/airflow/.local/lib/python3.12/site-packages/airflow/example_dags/example_python_operator.py
[2025-01-30T09:23:20.106+0000] {processor.py:830} INFO - Processing file /home/airflow/.local/lib/python3.12/site-packages/airflow/example_dags/example_python_operator.py for tasks to queue
[2025-01-30T09:23:20.109+0000] {logging_mixin.py:188} INFO - [2025-01-30T09:23:20.108+0000] {dagbag.py:545} INFO - Filling up the DagBag from /home/airflow/.local/lib/python3.12/site-packages/airflow/example_dags/example_python_operator.py
[2025-01-30T09:23:20.117+0000] {processor.py:840} INFO - DAG(s) 'example_python_operator' retrieved from /home/airflow/.local/lib/python3.12/site-packages/airflow/example_dags/example_python_operator.py
[2025-01-30T09:23:20.142+0000] {logging_mixin.py:188} INFO - [2025-01-30T09:23:20.141+0000] {dag.py:3096} INFO - Sync 1 DAGs
[2025-01-30T09:23:20.159+0000] {logging_mixin.py:188} INFO - [2025-01-30T09:23:20.159+0000] {dag.py:3954} INFO - Setting next_dagrun for example_python_operator to None, run_after=None
[2025-01-30T09:23:20.187+0000] {processor.py:183} INFO - Processing /home/airflow/.local/lib/python3.12/site-packages/airflow/example_dags/example_python_operator.py took 0.087 seconds
[2025-01-30T09:23:50.610+0000] {processor.py:161} INFO - Started process (PID=504) to work on /home/airflow/.local/lib/python3.12/site-packages/airflow/example_dags/example_python_operator.py
[2025-01-30T09:23:50.612+0000] {processor.py:830} INFO - Processing file /home/airflow/.local/lib/python3.12/site-packages/airflow/example_dags/example_python_operator.py for tasks to queue
[2025-01-30T09:23:50.614+0000] {logging_mixin.py:188} INFO - [2025-01-30T09:23:50.614+0000] {dagbag.py:545} INFO - Filling up the DagBag from /home/airflow/.local/lib/python3.12/site-packages/airflow/example_dags/example_python_operator.py
[2025-01-30T09:23:50.625+0000] {processor.py:840} INFO - DAG(s) 'example_python_operator' retrieved from /home/airflow/.local/lib/python3.12/site-packages/airflow/example_dags/example_python_operator.py
[2025-01-30T09:23:50.654+0000] {logging_mixin.py:188} INFO - [2025-01-30T09:23:50.653+0000] {dag.py:3096} INFO - Sync 1 DAGs
[2025-01-30T09:23:50.670+0000] {logging_mixin.py:188} INFO - [2025-01-30T09:23:50.670+0000] {dag.py:3954} INFO - Setting next_dagrun for example_python_operator to None, run_after=None
[2025-01-30T09:23:50.704+0000] {processor.py:183} INFO - Processing /home/airflow/.local/lib/python3.12/site-packages/airflow/example_dags/example_python_operator.py took 0.099 seconds
[2025-01-30T09:24:21.056+0000] {processor.py:161} INFO - Started process (PID=562) to work on /home/airflow/.local/lib/python3.12/site-packages/airflow/example_dags/example_python_operator.py
[2025-01-30T09:24:21.058+0000] {processor.py:830} INFO - Processing file /home/airflow/.local/lib/python3.12/site-packages/airflow/example_dags/example_python_operator.py for tasks to queue
[2025-01-30T09:24:21.060+0000] {logging_mixin.py:188} INFO - [2025-01-30T09:24:21.060+0000] {dagbag.py:545} INFO - Filling up the DagBag from /home/airflow/.local/lib/python3.12/site-packages/airflow/example_dags/example_python_operator.py
[2025-01-30T09:24:21.071+0000] {processor.py:840} INFO - DAG(s) 'example_python_operator' retrieved from /home/airflow/.local/lib/python3.12/site-packages/airflow/example_dags/example_python_operator.py
[2025-01-30T09:24:21.097+0000] {logging_mixin.py:188} INFO - [2025-01-30T09:24:21.097+0000] {dag.py:3096} INFO - Sync 1 DAGs
[2025-01-30T09:24:21.113+0000] {logging_mixin.py:188} INFO - [2025-01-30T09:24:21.112+0000] {dag.py:3954} INFO - Setting next_dagrun for example_python_operator to None, run_after=None
[2025-01-30T09:24:21.141+0000] {processor.py:183} INFO - Processing /home/airflow/.local/lib/python3.12/site-packages/airflow/example_dags/example_python_operator.py took 0.089 seconds
[2025-01-30T09:24:51.334+0000] {processor.py:161} INFO - Started process (PID=620) to work on /home/airflow/.local/lib/python3.12/site-packages/airflow/example_dags/example_python_operator.py
[2025-01-30T09:24:51.336+0000] {processor.py:830} INFO - Processing file /home/airflow/.local/lib/python3.12/site-packages/airflow/example_dags/example_python_operator.py for tasks to queue
[2025-01-30T09:24:51.342+0000] {logging_mixin.py:188} INFO - [2025-01-30T09:24:51.341+0000] {dagbag.py:545} INFO - Filling up the DagBag from /home/airflow/.local/lib/python3.12/site-packages/airflow/example_dags/example_python_operator.py
[2025-01-30T09:24:51.354+0000] {processor.py:840} INFO - DAG(s) 'example_python_operator' retrieved from /home/airflow/.local/lib/python3.12/site-packages/airflow/example_dags/example_python_operator.py
[2025-01-30T09:24:51.385+0000] {logging_mixin.py:188} INFO - [2025-01-30T09:24:51.385+0000] {dag.py:3096} INFO - Sync 1 DAGs
[2025-01-30T09:24:51.404+0000] {logging_mixin.py:188} INFO - [2025-01-30T09:24:51.403+0000] {dag.py:3954} INFO - Setting next_dagrun for example_python_operator to None, run_after=None
[2025-01-30T09:24:51.433+0000] {processor.py:183} INFO - Processing /home/airflow/.local/lib/python3.12/site-packages/airflow/example_dags/example_python_operator.py took 0.106 seconds
[2025-01-30T09:25:21.656+0000] {processor.py:161} INFO - Started process (PID=678) to work on /home/airflow/.local/lib/python3.12/site-packages/airflow/example_dags/example_python_operator.py
[2025-01-30T09:25:21.658+0000] {processor.py:830} INFO - Processing file /home/airflow/.local/lib/python3.12/site-packages/airflow/example_dags/example_python_operator.py for tasks to queue
[2025-01-30T09:25:21.659+0000] {logging_mixin.py:188} INFO - [2025-01-30T09:25:21.659+0000] {dagbag.py:545} INFO - Filling up the DagBag from /home/airflow/.local/lib/python3.12/site-packages/airflow/example_dags/example_python_operator.py
[2025-01-30T09:25:21.671+0000] {processor.py:840} INFO - DAG(s) 'example_python_operator' retrieved from /home/airflow/.local/lib/python3.12/site-packages/airflow/example_dags/example_python_operator.py
[2025-01-30T09:25:21.695+0000] {logging_mixin.py:188} INFO - [2025-01-30T09:25:21.694+0000] {dag.py:3096} INFO - Sync 1 DAGs
[2025-01-30T09:25:21.710+0000] {logging_mixin.py:188} INFO - [2025-01-30T09:25:21.710+0000] {dag.py:3954} INFO - Setting next_dagrun for example_python_operator to None, run_after=None
[2025-01-30T09:25:21.735+0000] {processor.py:183} INFO - Processing /home/airflow/.local/lib/python3.12/site-packages/airflow/example_dags/example_python_operator.py took 0.084 seconds
