[2025-01-30T08:43:56.419+0000] {processor.py:161} INFO - Started process (PID=119) to work on /home/airflow/.local/lib/python3.12/site-packages/airflow/example_dags/example_branch_day_of_week_operator.py
[2025-01-30T08:43:56.420+0000] {processor.py:830} INFO - Processing file /home/airflow/.local/lib/python3.12/site-packages/airflow/example_dags/example_branch_day_of_week_operator.py for tasks to queue
[2025-01-30T08:43:56.422+0000] {logging_mixin.py:188} INFO - [2025-01-30T08:43:56.421+0000] {dagbag.py:545} INFO - Filling up the DagBag from /home/airflow/.local/lib/python3.12/site-packages/airflow/example_dags/example_branch_day_of_week_operator.py
[2025-01-30T08:43:56.432+0000] {processor.py:840} INFO - DAG(s) 'example_weekday_branch_operator' retrieved from /home/airflow/.local/lib/python3.12/site-packages/airflow/example_dags/example_branch_day_of_week_operator.py
[2025-01-30T08:43:56.548+0000] {logging_mixin.py:188} INFO - [2025-01-30T08:43:56.548+0000] {dag.py:3096} INFO - Sync 1 DAGs
[2025-01-30T08:43:56.572+0000] {logging_mixin.py:188} INFO - [2025-01-30T08:43:56.571+0000] {dag.py:3954} INFO - Setting next_dagrun for example_weekday_branch_operator to 2025-01-29 00:00:00+00:00, run_after=2025-01-30 00:00:00+00:00
[2025-01-30T08:43:56.597+0000] {processor.py:183} INFO - Processing /home/airflow/.local/lib/python3.12/site-packages/airflow/example_dags/example_branch_day_of_week_operator.py took 0.183 seconds
[2025-01-30T08:44:26.661+0000] {processor.py:161} INFO - Started process (PID=177) to work on /home/airflow/.local/lib/python3.12/site-packages/airflow/example_dags/example_branch_day_of_week_operator.py
[2025-01-30T08:44:26.662+0000] {processor.py:830} INFO - Processing file /home/airflow/.local/lib/python3.12/site-packages/airflow/example_dags/example_branch_day_of_week_operator.py for tasks to queue
[2025-01-30T08:44:26.664+0000] {logging_mixin.py:188} INFO - [2025-01-30T08:44:26.664+0000] {dagbag.py:545} INFO - Filling up the DagBag from /home/airflow/.local/lib/python3.12/site-packages/airflow/example_dags/example_branch_day_of_week_operator.py
[2025-01-30T08:44:26.672+0000] {processor.py:840} INFO - DAG(s) 'example_weekday_branch_operator' retrieved from /home/airflow/.local/lib/python3.12/site-packages/airflow/example_dags/example_branch_day_of_week_operator.py
[2025-01-30T08:44:26.694+0000] {logging_mixin.py:188} INFO - [2025-01-30T08:44:26.694+0000] {dag.py:3096} INFO - Sync 1 DAGs
[2025-01-30T08:44:26.720+0000] {logging_mixin.py:188} INFO - [2025-01-30T08:44:26.719+0000] {dag.py:3954} INFO - Setting next_dagrun for example_weekday_branch_operator to 2025-01-29 00:00:00+00:00, run_after=2025-01-30 00:00:00+00:00
[2025-01-30T08:44:26.742+0000] {processor.py:183} INFO - Processing /home/airflow/.local/lib/python3.12/site-packages/airflow/example_dags/example_branch_day_of_week_operator.py took 0.087 seconds
[2025-01-30T08:44:56.849+0000] {processor.py:161} INFO - Started process (PID=235) to work on /home/airflow/.local/lib/python3.12/site-packages/airflow/example_dags/example_branch_day_of_week_operator.py
[2025-01-30T08:44:56.851+0000] {processor.py:830} INFO - Processing file /home/airflow/.local/lib/python3.12/site-packages/airflow/example_dags/example_branch_day_of_week_operator.py for tasks to queue
[2025-01-30T08:44:56.852+0000] {logging_mixin.py:188} INFO - [2025-01-30T08:44:56.852+0000] {dagbag.py:545} INFO - Filling up the DagBag from /home/airflow/.local/lib/python3.12/site-packages/airflow/example_dags/example_branch_day_of_week_operator.py
[2025-01-30T08:44:56.859+0000] {processor.py:840} INFO - DAG(s) 'example_weekday_branch_operator' retrieved from /home/airflow/.local/lib/python3.12/site-packages/airflow/example_dags/example_branch_day_of_week_operator.py
[2025-01-30T08:44:56.883+0000] {logging_mixin.py:188} INFO - [2025-01-30T08:44:56.882+0000] {dag.py:3096} INFO - Sync 1 DAGs
[2025-01-30T08:44:56.908+0000] {logging_mixin.py:188} INFO - [2025-01-30T08:44:56.907+0000] {dag.py:3954} INFO - Setting next_dagrun for example_weekday_branch_operator to 2025-01-29 00:00:00+00:00, run_after=2025-01-30 00:00:00+00:00
[2025-01-30T08:44:56.930+0000] {processor.py:183} INFO - Processing /home/airflow/.local/lib/python3.12/site-packages/airflow/example_dags/example_branch_day_of_week_operator.py took 0.086 seconds
[2025-01-30T08:45:27.193+0000] {processor.py:161} INFO - Started process (PID=293) to work on /home/airflow/.local/lib/python3.12/site-packages/airflow/example_dags/example_branch_day_of_week_operator.py
[2025-01-30T08:45:27.194+0000] {processor.py:830} INFO - Processing file /home/airflow/.local/lib/python3.12/site-packages/airflow/example_dags/example_branch_day_of_week_operator.py for tasks to queue
[2025-01-30T08:45:27.196+0000] {logging_mixin.py:188} INFO - [2025-01-30T08:45:27.196+0000] {dagbag.py:545} INFO - Filling up the DagBag from /home/airflow/.local/lib/python3.12/site-packages/airflow/example_dags/example_branch_day_of_week_operator.py
[2025-01-30T08:45:27.204+0000] {processor.py:840} INFO - DAG(s) 'example_weekday_branch_operator' retrieved from /home/airflow/.local/lib/python3.12/site-packages/airflow/example_dags/example_branch_day_of_week_operator.py
[2025-01-30T08:45:27.233+0000] {logging_mixin.py:188} INFO - [2025-01-30T08:45:27.233+0000] {dag.py:3096} INFO - Sync 1 DAGs
[2025-01-30T08:45:27.264+0000] {logging_mixin.py:188} INFO - [2025-01-30T08:45:27.264+0000] {dag.py:3954} INFO - Setting next_dagrun for example_weekday_branch_operator to 2025-01-29 00:00:00+00:00, run_after=2025-01-30 00:00:00+00:00
[2025-01-30T08:45:27.292+0000] {processor.py:183} INFO - Processing /home/airflow/.local/lib/python3.12/site-packages/airflow/example_dags/example_branch_day_of_week_operator.py took 0.105 seconds
[2025-01-30T08:45:57.687+0000] {processor.py:161} INFO - Started process (PID=351) to work on /home/airflow/.local/lib/python3.12/site-packages/airflow/example_dags/example_branch_day_of_week_operator.py
[2025-01-30T08:45:57.688+0000] {processor.py:830} INFO - Processing file /home/airflow/.local/lib/python3.12/site-packages/airflow/example_dags/example_branch_day_of_week_operator.py for tasks to queue
[2025-01-30T08:45:57.690+0000] {logging_mixin.py:188} INFO - [2025-01-30T08:45:57.689+0000] {dagbag.py:545} INFO - Filling up the DagBag from /home/airflow/.local/lib/python3.12/site-packages/airflow/example_dags/example_branch_day_of_week_operator.py
[2025-01-30T08:45:57.696+0000] {processor.py:840} INFO - DAG(s) 'example_weekday_branch_operator' retrieved from /home/airflow/.local/lib/python3.12/site-packages/airflow/example_dags/example_branch_day_of_week_operator.py
[2025-01-30T08:45:57.717+0000] {logging_mixin.py:188} INFO - [2025-01-30T08:45:57.717+0000] {dag.py:3096} INFO - Sync 1 DAGs
[2025-01-30T08:45:57.741+0000] {logging_mixin.py:188} INFO - [2025-01-30T08:45:57.741+0000] {dag.py:3954} INFO - Setting next_dagrun for example_weekday_branch_operator to 2025-01-29 00:00:00+00:00, run_after=2025-01-30 00:00:00+00:00
[2025-01-30T08:45:57.764+0000] {processor.py:183} INFO - Processing /home/airflow/.local/lib/python3.12/site-packages/airflow/example_dags/example_branch_day_of_week_operator.py took 0.083 seconds
[2025-01-30T08:46:28.628+0000] {processor.py:161} INFO - Started process (PID=408) to work on /home/airflow/.local/lib/python3.12/site-packages/airflow/example_dags/example_branch_day_of_week_operator.py
[2025-01-30T08:46:28.629+0000] {processor.py:830} INFO - Processing file /home/airflow/.local/lib/python3.12/site-packages/airflow/example_dags/example_branch_day_of_week_operator.py for tasks to queue
[2025-01-30T08:46:28.631+0000] {logging_mixin.py:188} INFO - [2025-01-30T08:46:28.631+0000] {dagbag.py:545} INFO - Filling up the DagBag from /home/airflow/.local/lib/python3.12/site-packages/airflow/example_dags/example_branch_day_of_week_operator.py
[2025-01-30T08:46:28.640+0000] {processor.py:840} INFO - DAG(s) 'example_weekday_branch_operator' retrieved from /home/airflow/.local/lib/python3.12/site-packages/airflow/example_dags/example_branch_day_of_week_operator.py
[2025-01-30T08:46:28.662+0000] {logging_mixin.py:188} INFO - [2025-01-30T08:46:28.662+0000] {dag.py:3096} INFO - Sync 1 DAGs
[2025-01-30T08:46:28.688+0000] {logging_mixin.py:188} INFO - [2025-01-30T08:46:28.688+0000] {dag.py:3954} INFO - Setting next_dagrun for example_weekday_branch_operator to 2025-01-29 00:00:00+00:00, run_after=2025-01-30 00:00:00+00:00
[2025-01-30T08:46:28.716+0000] {processor.py:183} INFO - Processing /home/airflow/.local/lib/python3.12/site-packages/airflow/example_dags/example_branch_day_of_week_operator.py took 0.093 seconds
[2025-01-30T08:46:59.049+0000] {processor.py:161} INFO - Started process (PID=466) to work on /home/airflow/.local/lib/python3.12/site-packages/airflow/example_dags/example_branch_day_of_week_operator.py
[2025-01-30T08:46:59.050+0000] {processor.py:830} INFO - Processing file /home/airflow/.local/lib/python3.12/site-packages/airflow/example_dags/example_branch_day_of_week_operator.py for tasks to queue
[2025-01-30T08:46:59.053+0000] {logging_mixin.py:188} INFO - [2025-01-30T08:46:59.052+0000] {dagbag.py:545} INFO - Filling up the DagBag from /home/airflow/.local/lib/python3.12/site-packages/airflow/example_dags/example_branch_day_of_week_operator.py
[2025-01-30T08:46:59.062+0000] {processor.py:840} INFO - DAG(s) 'example_weekday_branch_operator' retrieved from /home/airflow/.local/lib/python3.12/site-packages/airflow/example_dags/example_branch_day_of_week_operator.py
[2025-01-30T08:46:59.090+0000] {logging_mixin.py:188} INFO - [2025-01-30T08:46:59.090+0000] {dag.py:3096} INFO - Sync 1 DAGs
[2025-01-30T08:46:59.116+0000] {logging_mixin.py:188} INFO - [2025-01-30T08:46:59.116+0000] {dag.py:3954} INFO - Setting next_dagrun for example_weekday_branch_operator to 2025-01-29 00:00:00+00:00, run_after=2025-01-30 00:00:00+00:00
[2025-01-30T08:46:59.143+0000] {processor.py:183} INFO - Processing /home/airflow/.local/lib/python3.12/site-packages/airflow/example_dags/example_branch_day_of_week_operator.py took 0.100 seconds
[2025-01-30T08:47:29.303+0000] {processor.py:161} INFO - Started process (PID=524) to work on /home/airflow/.local/lib/python3.12/site-packages/airflow/example_dags/example_branch_day_of_week_operator.py
[2025-01-30T08:47:29.304+0000] {processor.py:830} INFO - Processing file /home/airflow/.local/lib/python3.12/site-packages/airflow/example_dags/example_branch_day_of_week_operator.py for tasks to queue
[2025-01-30T08:47:29.306+0000] {logging_mixin.py:188} INFO - [2025-01-30T08:47:29.306+0000] {dagbag.py:545} INFO - Filling up the DagBag from /home/airflow/.local/lib/python3.12/site-packages/airflow/example_dags/example_branch_day_of_week_operator.py
[2025-01-30T08:47:29.312+0000] {processor.py:840} INFO - DAG(s) 'example_weekday_branch_operator' retrieved from /home/airflow/.local/lib/python3.12/site-packages/airflow/example_dags/example_branch_day_of_week_operator.py
[2025-01-30T08:47:29.334+0000] {logging_mixin.py:188} INFO - [2025-01-30T08:47:29.333+0000] {dag.py:3096} INFO - Sync 1 DAGs
[2025-01-30T08:47:29.359+0000] {logging_mixin.py:188} INFO - [2025-01-30T08:47:29.359+0000] {dag.py:3954} INFO - Setting next_dagrun for example_weekday_branch_operator to 2025-01-29 00:00:00+00:00, run_after=2025-01-30 00:00:00+00:00
[2025-01-30T08:47:29.385+0000] {processor.py:183} INFO - Processing /home/airflow/.local/lib/python3.12/site-packages/airflow/example_dags/example_branch_day_of_week_operator.py took 0.087 seconds
[2025-01-30T08:47:59.837+0000] {processor.py:161} INFO - Started process (PID=582) to work on /home/airflow/.local/lib/python3.12/site-packages/airflow/example_dags/example_branch_day_of_week_operator.py
[2025-01-30T08:47:59.838+0000] {processor.py:830} INFO - Processing file /home/airflow/.local/lib/python3.12/site-packages/airflow/example_dags/example_branch_day_of_week_operator.py for tasks to queue
[2025-01-30T08:47:59.840+0000] {logging_mixin.py:188} INFO - [2025-01-30T08:47:59.840+0000] {dagbag.py:545} INFO - Filling up the DagBag from /home/airflow/.local/lib/python3.12/site-packages/airflow/example_dags/example_branch_day_of_week_operator.py
[2025-01-30T08:47:59.848+0000] {processor.py:840} INFO - DAG(s) 'example_weekday_branch_operator' retrieved from /home/airflow/.local/lib/python3.12/site-packages/airflow/example_dags/example_branch_day_of_week_operator.py
[2025-01-30T08:47:59.869+0000] {logging_mixin.py:188} INFO - [2025-01-30T08:47:59.869+0000] {dag.py:3096} INFO - Sync 1 DAGs
[2025-01-30T08:47:59.898+0000] {logging_mixin.py:188} INFO - [2025-01-30T08:47:59.898+0000] {dag.py:3954} INFO - Setting next_dagrun for example_weekday_branch_operator to 2025-01-29 00:00:00+00:00, run_after=2025-01-30 00:00:00+00:00
[2025-01-30T08:47:59.924+0000] {processor.py:183} INFO - Processing /home/airflow/.local/lib/python3.12/site-packages/airflow/example_dags/example_branch_day_of_week_operator.py took 0.092 seconds
[2025-01-30T08:48:29.988+0000] {processor.py:161} INFO - Started process (PID=640) to work on /home/airflow/.local/lib/python3.12/site-packages/airflow/example_dags/example_branch_day_of_week_operator.py
[2025-01-30T08:48:29.989+0000] {processor.py:830} INFO - Processing file /home/airflow/.local/lib/python3.12/site-packages/airflow/example_dags/example_branch_day_of_week_operator.py for tasks to queue
[2025-01-30T08:48:29.990+0000] {logging_mixin.py:188} INFO - [2025-01-30T08:48:29.990+0000] {dagbag.py:545} INFO - Filling up the DagBag from /home/airflow/.local/lib/python3.12/site-packages/airflow/example_dags/example_branch_day_of_week_operator.py
[2025-01-30T08:48:29.998+0000] {processor.py:840} INFO - DAG(s) 'example_weekday_branch_operator' retrieved from /home/airflow/.local/lib/python3.12/site-packages/airflow/example_dags/example_branch_day_of_week_operator.py
[2025-01-30T08:48:30.019+0000] {logging_mixin.py:188} INFO - [2025-01-30T08:48:30.019+0000] {dag.py:3096} INFO - Sync 1 DAGs
[2025-01-30T08:48:30.044+0000] {logging_mixin.py:188} INFO - [2025-01-30T08:48:30.043+0000] {dag.py:3954} INFO - Setting next_dagrun for example_weekday_branch_operator to 2025-01-29 00:00:00+00:00, run_after=2025-01-30 00:00:00+00:00
[2025-01-30T08:48:30.067+0000] {processor.py:183} INFO - Processing /home/airflow/.local/lib/python3.12/site-packages/airflow/example_dags/example_branch_day_of_week_operator.py took 0.085 seconds
[2025-01-30T08:49:00.520+0000] {processor.py:161} INFO - Started process (PID=698) to work on /home/airflow/.local/lib/python3.12/site-packages/airflow/example_dags/example_branch_day_of_week_operator.py
[2025-01-30T08:49:00.522+0000] {processor.py:830} INFO - Processing file /home/airflow/.local/lib/python3.12/site-packages/airflow/example_dags/example_branch_day_of_week_operator.py for tasks to queue
[2025-01-30T08:49:00.524+0000] {logging_mixin.py:188} INFO - [2025-01-30T08:49:00.524+0000] {dagbag.py:545} INFO - Filling up the DagBag from /home/airflow/.local/lib/python3.12/site-packages/airflow/example_dags/example_branch_day_of_week_operator.py
[2025-01-30T08:49:00.531+0000] {processor.py:840} INFO - DAG(s) 'example_weekday_branch_operator' retrieved from /home/airflow/.local/lib/python3.12/site-packages/airflow/example_dags/example_branch_day_of_week_operator.py
[2025-01-30T08:49:00.552+0000] {logging_mixin.py:188} INFO - [2025-01-30T08:49:00.552+0000] {dag.py:3096} INFO - Sync 1 DAGs
[2025-01-30T08:49:00.575+0000] {logging_mixin.py:188} INFO - [2025-01-30T08:49:00.575+0000] {dag.py:3954} INFO - Setting next_dagrun for example_weekday_branch_operator to 2025-01-29 00:00:00+00:00, run_after=2025-01-30 00:00:00+00:00
[2025-01-30T08:49:00.598+0000] {processor.py:183} INFO - Processing /home/airflow/.local/lib/python3.12/site-packages/airflow/example_dags/example_branch_day_of_week_operator.py took 0.084 seconds
[2025-01-30T08:49:30.817+0000] {processor.py:161} INFO - Started process (PID=756) to work on /home/airflow/.local/lib/python3.12/site-packages/airflow/example_dags/example_branch_day_of_week_operator.py
[2025-01-30T08:49:30.818+0000] {processor.py:830} INFO - Processing file /home/airflow/.local/lib/python3.12/site-packages/airflow/example_dags/example_branch_day_of_week_operator.py for tasks to queue
[2025-01-30T08:49:30.821+0000] {logging_mixin.py:188} INFO - [2025-01-30T08:49:30.820+0000] {dagbag.py:545} INFO - Filling up the DagBag from /home/airflow/.local/lib/python3.12/site-packages/airflow/example_dags/example_branch_day_of_week_operator.py
[2025-01-30T08:49:30.828+0000] {processor.py:840} INFO - DAG(s) 'example_weekday_branch_operator' retrieved from /home/airflow/.local/lib/python3.12/site-packages/airflow/example_dags/example_branch_day_of_week_operator.py
[2025-01-30T08:49:30.848+0000] {logging_mixin.py:188} INFO - [2025-01-30T08:49:30.848+0000] {dag.py:3096} INFO - Sync 1 DAGs
[2025-01-30T08:49:30.873+0000] {logging_mixin.py:188} INFO - [2025-01-30T08:49:30.872+0000] {dag.py:3954} INFO - Setting next_dagrun for example_weekday_branch_operator to 2025-01-29 00:00:00+00:00, run_after=2025-01-30 00:00:00+00:00
[2025-01-30T08:49:30.895+0000] {processor.py:183} INFO - Processing /home/airflow/.local/lib/python3.12/site-packages/airflow/example_dags/example_branch_day_of_week_operator.py took 0.082 seconds
[2025-01-30T08:50:01.310+0000] {processor.py:161} INFO - Started process (PID=814) to work on /home/airflow/.local/lib/python3.12/site-packages/airflow/example_dags/example_branch_day_of_week_operator.py
[2025-01-30T08:50:01.311+0000] {processor.py:830} INFO - Processing file /home/airflow/.local/lib/python3.12/site-packages/airflow/example_dags/example_branch_day_of_week_operator.py for tasks to queue
[2025-01-30T08:50:01.313+0000] {logging_mixin.py:188} INFO - [2025-01-30T08:50:01.313+0000] {dagbag.py:545} INFO - Filling up the DagBag from /home/airflow/.local/lib/python3.12/site-packages/airflow/example_dags/example_branch_day_of_week_operator.py
[2025-01-30T08:50:01.320+0000] {processor.py:840} INFO - DAG(s) 'example_weekday_branch_operator' retrieved from /home/airflow/.local/lib/python3.12/site-packages/airflow/example_dags/example_branch_day_of_week_operator.py
[2025-01-30T08:50:01.342+0000] {logging_mixin.py:188} INFO - [2025-01-30T08:50:01.341+0000] {dag.py:3096} INFO - Sync 1 DAGs
[2025-01-30T08:50:01.364+0000] {logging_mixin.py:188} INFO - [2025-01-30T08:50:01.364+0000] {dag.py:3954} INFO - Setting next_dagrun for example_weekday_branch_operator to 2025-01-29 00:00:00+00:00, run_after=2025-01-30 00:00:00+00:00
[2025-01-30T08:50:01.386+0000] {processor.py:183} INFO - Processing /home/airflow/.local/lib/python3.12/site-packages/airflow/example_dags/example_branch_day_of_week_operator.py took 0.081 seconds
[2025-01-30T08:50:31.704+0000] {processor.py:161} INFO - Started process (PID=872) to work on /home/airflow/.local/lib/python3.12/site-packages/airflow/example_dags/example_branch_day_of_week_operator.py
[2025-01-30T08:50:31.706+0000] {processor.py:830} INFO - Processing file /home/airflow/.local/lib/python3.12/site-packages/airflow/example_dags/example_branch_day_of_week_operator.py for tasks to queue
[2025-01-30T08:50:31.707+0000] {logging_mixin.py:188} INFO - [2025-01-30T08:50:31.707+0000] {dagbag.py:545} INFO - Filling up the DagBag from /home/airflow/.local/lib/python3.12/site-packages/airflow/example_dags/example_branch_day_of_week_operator.py
[2025-01-30T08:50:31.715+0000] {processor.py:840} INFO - DAG(s) 'example_weekday_branch_operator' retrieved from /home/airflow/.local/lib/python3.12/site-packages/airflow/example_dags/example_branch_day_of_week_operator.py
[2025-01-30T08:50:31.736+0000] {logging_mixin.py:188} INFO - [2025-01-30T08:50:31.736+0000] {dag.py:3096} INFO - Sync 1 DAGs
[2025-01-30T08:50:31.762+0000] {logging_mixin.py:188} INFO - [2025-01-30T08:50:31.762+0000] {dag.py:3954} INFO - Setting next_dagrun for example_weekday_branch_operator to 2025-01-29 00:00:00+00:00, run_after=2025-01-30 00:00:00+00:00
[2025-01-30T08:50:31.784+0000] {processor.py:183} INFO - Processing /home/airflow/.local/lib/python3.12/site-packages/airflow/example_dags/example_branch_day_of_week_operator.py took 0.085 seconds
[2025-01-30T08:51:01.893+0000] {processor.py:161} INFO - Started process (PID=930) to work on /home/airflow/.local/lib/python3.12/site-packages/airflow/example_dags/example_branch_day_of_week_operator.py
[2025-01-30T08:51:01.894+0000] {processor.py:830} INFO - Processing file /home/airflow/.local/lib/python3.12/site-packages/airflow/example_dags/example_branch_day_of_week_operator.py for tasks to queue
[2025-01-30T08:51:01.896+0000] {logging_mixin.py:188} INFO - [2025-01-30T08:51:01.896+0000] {dagbag.py:545} INFO - Filling up the DagBag from /home/airflow/.local/lib/python3.12/site-packages/airflow/example_dags/example_branch_day_of_week_operator.py
[2025-01-30T08:51:01.904+0000] {processor.py:840} INFO - DAG(s) 'example_weekday_branch_operator' retrieved from /home/airflow/.local/lib/python3.12/site-packages/airflow/example_dags/example_branch_day_of_week_operator.py
[2025-01-30T08:51:01.929+0000] {logging_mixin.py:188} INFO - [2025-01-30T08:51:01.929+0000] {dag.py:3096} INFO - Sync 1 DAGs
[2025-01-30T08:51:01.953+0000] {logging_mixin.py:188} INFO - [2025-01-30T08:51:01.952+0000] {dag.py:3954} INFO - Setting next_dagrun for example_weekday_branch_operator to 2025-01-29 00:00:00+00:00, run_after=2025-01-30 00:00:00+00:00
[2025-01-30T08:51:01.976+0000] {processor.py:183} INFO - Processing /home/airflow/.local/lib/python3.12/site-packages/airflow/example_dags/example_branch_day_of_week_operator.py took 0.089 seconds
[2025-01-30T08:51:32.470+0000] {processor.py:161} INFO - Started process (PID=988) to work on /home/airflow/.local/lib/python3.12/site-packages/airflow/example_dags/example_branch_day_of_week_operator.py
[2025-01-30T08:51:32.471+0000] {processor.py:830} INFO - Processing file /home/airflow/.local/lib/python3.12/site-packages/airflow/example_dags/example_branch_day_of_week_operator.py for tasks to queue
[2025-01-30T08:51:32.473+0000] {logging_mixin.py:188} INFO - [2025-01-30T08:51:32.473+0000] {dagbag.py:545} INFO - Filling up the DagBag from /home/airflow/.local/lib/python3.12/site-packages/airflow/example_dags/example_branch_day_of_week_operator.py
[2025-01-30T08:51:32.480+0000] {processor.py:840} INFO - DAG(s) 'example_weekday_branch_operator' retrieved from /home/airflow/.local/lib/python3.12/site-packages/airflow/example_dags/example_branch_day_of_week_operator.py
[2025-01-30T08:51:32.502+0000] {logging_mixin.py:188} INFO - [2025-01-30T08:51:32.501+0000] {dag.py:3096} INFO - Sync 1 DAGs
[2025-01-30T08:51:32.526+0000] {logging_mixin.py:188} INFO - [2025-01-30T08:51:32.526+0000] {dag.py:3954} INFO - Setting next_dagrun for example_weekday_branch_operator to 2025-01-29 00:00:00+00:00, run_after=2025-01-30 00:00:00+00:00
[2025-01-30T08:51:32.551+0000] {processor.py:183} INFO - Processing /home/airflow/.local/lib/python3.12/site-packages/airflow/example_dags/example_branch_day_of_week_operator.py took 0.087 seconds
[2025-01-30T08:52:02.895+0000] {processor.py:161} INFO - Started process (PID=1046) to work on /home/airflow/.local/lib/python3.12/site-packages/airflow/example_dags/example_branch_day_of_week_operator.py
[2025-01-30T08:52:02.896+0000] {processor.py:830} INFO - Processing file /home/airflow/.local/lib/python3.12/site-packages/airflow/example_dags/example_branch_day_of_week_operator.py for tasks to queue
[2025-01-30T08:52:02.898+0000] {logging_mixin.py:188} INFO - [2025-01-30T08:52:02.897+0000] {dagbag.py:545} INFO - Filling up the DagBag from /home/airflow/.local/lib/python3.12/site-packages/airflow/example_dags/example_branch_day_of_week_operator.py
[2025-01-30T08:52:02.905+0000] {processor.py:840} INFO - DAG(s) 'example_weekday_branch_operator' retrieved from /home/airflow/.local/lib/python3.12/site-packages/airflow/example_dags/example_branch_day_of_week_operator.py
[2025-01-30T08:52:02.926+0000] {logging_mixin.py:188} INFO - [2025-01-30T08:52:02.926+0000] {dag.py:3096} INFO - Sync 1 DAGs
[2025-01-30T08:52:02.951+0000] {logging_mixin.py:188} INFO - [2025-01-30T08:52:02.951+0000] {dag.py:3954} INFO - Setting next_dagrun for example_weekday_branch_operator to 2025-01-29 00:00:00+00:00, run_after=2025-01-30 00:00:00+00:00
[2025-01-30T08:52:02.975+0000] {processor.py:183} INFO - Processing /home/airflow/.local/lib/python3.12/site-packages/airflow/example_dags/example_branch_day_of_week_operator.py took 0.086 seconds
[2025-01-30T08:52:33.280+0000] {processor.py:161} INFO - Started process (PID=1104) to work on /home/airflow/.local/lib/python3.12/site-packages/airflow/example_dags/example_branch_day_of_week_operator.py
[2025-01-30T08:52:33.282+0000] {processor.py:830} INFO - Processing file /home/airflow/.local/lib/python3.12/site-packages/airflow/example_dags/example_branch_day_of_week_operator.py for tasks to queue
[2025-01-30T08:52:33.285+0000] {logging_mixin.py:188} INFO - [2025-01-30T08:52:33.284+0000] {dagbag.py:545} INFO - Filling up the DagBag from /home/airflow/.local/lib/python3.12/site-packages/airflow/example_dags/example_branch_day_of_week_operator.py
[2025-01-30T08:52:33.294+0000] {processor.py:840} INFO - DAG(s) 'example_weekday_branch_operator' retrieved from /home/airflow/.local/lib/python3.12/site-packages/airflow/example_dags/example_branch_day_of_week_operator.py
[2025-01-30T08:52:33.323+0000] {logging_mixin.py:188} INFO - [2025-01-30T08:52:33.323+0000] {dag.py:3096} INFO - Sync 1 DAGs
[2025-01-30T08:52:33.354+0000] {logging_mixin.py:188} INFO - [2025-01-30T08:52:33.353+0000] {dag.py:3954} INFO - Setting next_dagrun for example_weekday_branch_operator to 2025-01-29 00:00:00+00:00, run_after=2025-01-30 00:00:00+00:00
[2025-01-30T08:52:33.383+0000] {processor.py:183} INFO - Processing /home/airflow/.local/lib/python3.12/site-packages/airflow/example_dags/example_branch_day_of_week_operator.py took 0.110 seconds
[2025-01-30T08:53:03.605+0000] {processor.py:161} INFO - Started process (PID=1162) to work on /home/airflow/.local/lib/python3.12/site-packages/airflow/example_dags/example_branch_day_of_week_operator.py
[2025-01-30T08:53:03.606+0000] {processor.py:830} INFO - Processing file /home/airflow/.local/lib/python3.12/site-packages/airflow/example_dags/example_branch_day_of_week_operator.py for tasks to queue
[2025-01-30T08:53:03.608+0000] {logging_mixin.py:188} INFO - [2025-01-30T08:53:03.608+0000] {dagbag.py:545} INFO - Filling up the DagBag from /home/airflow/.local/lib/python3.12/site-packages/airflow/example_dags/example_branch_day_of_week_operator.py
[2025-01-30T08:53:03.615+0000] {processor.py:840} INFO - DAG(s) 'example_weekday_branch_operator' retrieved from /home/airflow/.local/lib/python3.12/site-packages/airflow/example_dags/example_branch_day_of_week_operator.py
[2025-01-30T08:53:03.637+0000] {logging_mixin.py:188} INFO - [2025-01-30T08:53:03.636+0000] {dag.py:3096} INFO - Sync 1 DAGs
[2025-01-30T08:53:03.660+0000] {logging_mixin.py:188} INFO - [2025-01-30T08:53:03.660+0000] {dag.py:3954} INFO - Setting next_dagrun for example_weekday_branch_operator to 2025-01-29 00:00:00+00:00, run_after=2025-01-30 00:00:00+00:00
[2025-01-30T08:53:03.683+0000] {processor.py:183} INFO - Processing /home/airflow/.local/lib/python3.12/site-packages/airflow/example_dags/example_branch_day_of_week_operator.py took 0.082 seconds
[2025-01-30T08:53:33.933+0000] {processor.py:161} INFO - Started process (PID=1220) to work on /home/airflow/.local/lib/python3.12/site-packages/airflow/example_dags/example_branch_day_of_week_operator.py
[2025-01-30T08:53:33.934+0000] {processor.py:830} INFO - Processing file /home/airflow/.local/lib/python3.12/site-packages/airflow/example_dags/example_branch_day_of_week_operator.py for tasks to queue
[2025-01-30T08:53:33.936+0000] {logging_mixin.py:188} INFO - [2025-01-30T08:53:33.936+0000] {dagbag.py:545} INFO - Filling up the DagBag from /home/airflow/.local/lib/python3.12/site-packages/airflow/example_dags/example_branch_day_of_week_operator.py
[2025-01-30T08:53:33.943+0000] {processor.py:840} INFO - DAG(s) 'example_weekday_branch_operator' retrieved from /home/airflow/.local/lib/python3.12/site-packages/airflow/example_dags/example_branch_day_of_week_operator.py
[2025-01-30T08:53:33.964+0000] {logging_mixin.py:188} INFO - [2025-01-30T08:53:33.964+0000] {dag.py:3096} INFO - Sync 1 DAGs
[2025-01-30T08:53:33.989+0000] {logging_mixin.py:188} INFO - [2025-01-30T08:53:33.988+0000] {dag.py:3954} INFO - Setting next_dagrun for example_weekday_branch_operator to 2025-01-29 00:00:00+00:00, run_after=2025-01-30 00:00:00+00:00
[2025-01-30T08:53:34.011+0000] {processor.py:183} INFO - Processing /home/airflow/.local/lib/python3.12/site-packages/airflow/example_dags/example_branch_day_of_week_operator.py took 0.083 seconds
[2025-01-30T08:54:04.343+0000] {processor.py:161} INFO - Started process (PID=1278) to work on /home/airflow/.local/lib/python3.12/site-packages/airflow/example_dags/example_branch_day_of_week_operator.py
[2025-01-30T08:54:04.345+0000] {processor.py:830} INFO - Processing file /home/airflow/.local/lib/python3.12/site-packages/airflow/example_dags/example_branch_day_of_week_operator.py for tasks to queue
[2025-01-30T08:54:04.347+0000] {logging_mixin.py:188} INFO - [2025-01-30T08:54:04.346+0000] {dagbag.py:545} INFO - Filling up the DagBag from /home/airflow/.local/lib/python3.12/site-packages/airflow/example_dags/example_branch_day_of_week_operator.py
[2025-01-30T08:54:04.353+0000] {processor.py:840} INFO - DAG(s) 'example_weekday_branch_operator' retrieved from /home/airflow/.local/lib/python3.12/site-packages/airflow/example_dags/example_branch_day_of_week_operator.py
[2025-01-30T08:54:04.376+0000] {logging_mixin.py:188} INFO - [2025-01-30T08:54:04.376+0000] {dag.py:3096} INFO - Sync 1 DAGs
[2025-01-30T08:54:04.404+0000] {logging_mixin.py:188} INFO - [2025-01-30T08:54:04.403+0000] {dag.py:3954} INFO - Setting next_dagrun for example_weekday_branch_operator to 2025-01-29 00:00:00+00:00, run_after=2025-01-30 00:00:00+00:00
[2025-01-30T08:54:04.427+0000] {processor.py:183} INFO - Processing /home/airflow/.local/lib/python3.12/site-packages/airflow/example_dags/example_branch_day_of_week_operator.py took 0.089 seconds
[2025-01-30T08:54:35.070+0000] {processor.py:161} INFO - Started process (PID=1336) to work on /home/airflow/.local/lib/python3.12/site-packages/airflow/example_dags/example_branch_day_of_week_operator.py
[2025-01-30T08:54:35.072+0000] {processor.py:830} INFO - Processing file /home/airflow/.local/lib/python3.12/site-packages/airflow/example_dags/example_branch_day_of_week_operator.py for tasks to queue
[2025-01-30T08:54:35.075+0000] {logging_mixin.py:188} INFO - [2025-01-30T08:54:35.074+0000] {dagbag.py:545} INFO - Filling up the DagBag from /home/airflow/.local/lib/python3.12/site-packages/airflow/example_dags/example_branch_day_of_week_operator.py
[2025-01-30T08:54:35.083+0000] {processor.py:840} INFO - DAG(s) 'example_weekday_branch_operator' retrieved from /home/airflow/.local/lib/python3.12/site-packages/airflow/example_dags/example_branch_day_of_week_operator.py
[2025-01-30T08:54:35.107+0000] {logging_mixin.py:188} INFO - [2025-01-30T08:54:35.106+0000] {dag.py:3096} INFO - Sync 1 DAGs
[2025-01-30T08:54:35.153+0000] {logging_mixin.py:188} INFO - [2025-01-30T08:54:35.153+0000] {dag.py:3954} INFO - Setting next_dagrun for example_weekday_branch_operator to 2025-01-29 00:00:00+00:00, run_after=2025-01-30 00:00:00+00:00
[2025-01-30T08:54:35.179+0000] {processor.py:183} INFO - Processing /home/airflow/.local/lib/python3.12/site-packages/airflow/example_dags/example_branch_day_of_week_operator.py took 0.115 seconds
[2025-01-30T08:55:05.806+0000] {processor.py:161} INFO - Started process (PID=1394) to work on /home/airflow/.local/lib/python3.12/site-packages/airflow/example_dags/example_branch_day_of_week_operator.py
[2025-01-30T08:55:05.807+0000] {processor.py:830} INFO - Processing file /home/airflow/.local/lib/python3.12/site-packages/airflow/example_dags/example_branch_day_of_week_operator.py for tasks to queue
[2025-01-30T08:55:05.808+0000] {logging_mixin.py:188} INFO - [2025-01-30T08:55:05.808+0000] {dagbag.py:545} INFO - Filling up the DagBag from /home/airflow/.local/lib/python3.12/site-packages/airflow/example_dags/example_branch_day_of_week_operator.py
[2025-01-30T08:55:05.816+0000] {processor.py:840} INFO - DAG(s) 'example_weekday_branch_operator' retrieved from /home/airflow/.local/lib/python3.12/site-packages/airflow/example_dags/example_branch_day_of_week_operator.py
[2025-01-30T08:55:05.838+0000] {logging_mixin.py:188} INFO - [2025-01-30T08:55:05.837+0000] {dag.py:3096} INFO - Sync 1 DAGs
[2025-01-30T08:55:05.861+0000] {logging_mixin.py:188} INFO - [2025-01-30T08:55:05.861+0000] {dag.py:3954} INFO - Setting next_dagrun for example_weekday_branch_operator to 2025-01-29 00:00:00+00:00, run_after=2025-01-30 00:00:00+00:00
[2025-01-30T08:55:05.883+0000] {processor.py:183} INFO - Processing /home/airflow/.local/lib/python3.12/site-packages/airflow/example_dags/example_branch_day_of_week_operator.py took 0.082 seconds
[2025-01-30T08:55:36.806+0000] {processor.py:161} INFO - Started process (PID=1452) to work on /home/airflow/.local/lib/python3.12/site-packages/airflow/example_dags/example_branch_day_of_week_operator.py
[2025-01-30T08:55:36.807+0000] {processor.py:830} INFO - Processing file /home/airflow/.local/lib/python3.12/site-packages/airflow/example_dags/example_branch_day_of_week_operator.py for tasks to queue
[2025-01-30T08:55:36.809+0000] {logging_mixin.py:188} INFO - [2025-01-30T08:55:36.809+0000] {dagbag.py:545} INFO - Filling up the DagBag from /home/airflow/.local/lib/python3.12/site-packages/airflow/example_dags/example_branch_day_of_week_operator.py
[2025-01-30T08:55:36.816+0000] {processor.py:840} INFO - DAG(s) 'example_weekday_branch_operator' retrieved from /home/airflow/.local/lib/python3.12/site-packages/airflow/example_dags/example_branch_day_of_week_operator.py
[2025-01-30T08:55:36.839+0000] {logging_mixin.py:188} INFO - [2025-01-30T08:55:36.839+0000] {dag.py:3096} INFO - Sync 1 DAGs
[2025-01-30T08:55:36.863+0000] {logging_mixin.py:188} INFO - [2025-01-30T08:55:36.862+0000] {dag.py:3954} INFO - Setting next_dagrun for example_weekday_branch_operator to 2025-01-29 00:00:00+00:00, run_after=2025-01-30 00:00:00+00:00
[2025-01-30T08:55:36.886+0000] {processor.py:183} INFO - Processing /home/airflow/.local/lib/python3.12/site-packages/airflow/example_dags/example_branch_day_of_week_operator.py took 0.084 seconds
[2025-01-30T08:56:07.147+0000] {processor.py:161} INFO - Started process (PID=1510) to work on /home/airflow/.local/lib/python3.12/site-packages/airflow/example_dags/example_branch_day_of_week_operator.py
[2025-01-30T08:56:07.148+0000] {processor.py:830} INFO - Processing file /home/airflow/.local/lib/python3.12/site-packages/airflow/example_dags/example_branch_day_of_week_operator.py for tasks to queue
[2025-01-30T08:56:07.150+0000] {logging_mixin.py:188} INFO - [2025-01-30T08:56:07.150+0000] {dagbag.py:545} INFO - Filling up the DagBag from /home/airflow/.local/lib/python3.12/site-packages/airflow/example_dags/example_branch_day_of_week_operator.py
[2025-01-30T08:56:07.157+0000] {processor.py:840} INFO - DAG(s) 'example_weekday_branch_operator' retrieved from /home/airflow/.local/lib/python3.12/site-packages/airflow/example_dags/example_branch_day_of_week_operator.py
[2025-01-30T08:56:07.180+0000] {logging_mixin.py:188} INFO - [2025-01-30T08:56:07.180+0000] {dag.py:3096} INFO - Sync 1 DAGs
[2025-01-30T08:56:07.205+0000] {logging_mixin.py:188} INFO - [2025-01-30T08:56:07.204+0000] {dag.py:3954} INFO - Setting next_dagrun for example_weekday_branch_operator to 2025-01-29 00:00:00+00:00, run_after=2025-01-30 00:00:00+00:00
[2025-01-30T08:56:07.233+0000] {processor.py:183} INFO - Processing /home/airflow/.local/lib/python3.12/site-packages/airflow/example_dags/example_branch_day_of_week_operator.py took 0.091 seconds
[2025-01-30T08:56:37.404+0000] {processor.py:161} INFO - Started process (PID=1568) to work on /home/airflow/.local/lib/python3.12/site-packages/airflow/example_dags/example_branch_day_of_week_operator.py
[2025-01-30T08:56:37.405+0000] {processor.py:830} INFO - Processing file /home/airflow/.local/lib/python3.12/site-packages/airflow/example_dags/example_branch_day_of_week_operator.py for tasks to queue
[2025-01-30T08:56:37.407+0000] {logging_mixin.py:188} INFO - [2025-01-30T08:56:37.407+0000] {dagbag.py:545} INFO - Filling up the DagBag from /home/airflow/.local/lib/python3.12/site-packages/airflow/example_dags/example_branch_day_of_week_operator.py
[2025-01-30T08:56:37.415+0000] {processor.py:840} INFO - DAG(s) 'example_weekday_branch_operator' retrieved from /home/airflow/.local/lib/python3.12/site-packages/airflow/example_dags/example_branch_day_of_week_operator.py
[2025-01-30T08:56:37.442+0000] {logging_mixin.py:188} INFO - [2025-01-30T08:56:37.441+0000] {dag.py:3096} INFO - Sync 1 DAGs
[2025-01-30T08:56:37.469+0000] {logging_mixin.py:188} INFO - [2025-01-30T08:56:37.469+0000] {dag.py:3954} INFO - Setting next_dagrun for example_weekday_branch_operator to 2025-01-29 00:00:00+00:00, run_after=2025-01-30 00:00:00+00:00
[2025-01-30T08:56:37.494+0000] {processor.py:183} INFO - Processing /home/airflow/.local/lib/python3.12/site-packages/airflow/example_dags/example_branch_day_of_week_operator.py took 0.095 seconds
[2025-01-30T08:57:07.795+0000] {processor.py:161} INFO - Started process (PID=1626) to work on /home/airflow/.local/lib/python3.12/site-packages/airflow/example_dags/example_branch_day_of_week_operator.py
[2025-01-30T08:57:07.796+0000] {processor.py:830} INFO - Processing file /home/airflow/.local/lib/python3.12/site-packages/airflow/example_dags/example_branch_day_of_week_operator.py for tasks to queue
[2025-01-30T08:57:07.798+0000] {logging_mixin.py:188} INFO - [2025-01-30T08:57:07.798+0000] {dagbag.py:545} INFO - Filling up the DagBag from /home/airflow/.local/lib/python3.12/site-packages/airflow/example_dags/example_branch_day_of_week_operator.py
[2025-01-30T08:57:07.806+0000] {processor.py:840} INFO - DAG(s) 'example_weekday_branch_operator' retrieved from /home/airflow/.local/lib/python3.12/site-packages/airflow/example_dags/example_branch_day_of_week_operator.py
[2025-01-30T08:57:07.828+0000] {logging_mixin.py:188} INFO - [2025-01-30T08:57:07.828+0000] {dag.py:3096} INFO - Sync 1 DAGs
[2025-01-30T08:57:07.853+0000] {logging_mixin.py:188} INFO - [2025-01-30T08:57:07.853+0000] {dag.py:3954} INFO - Setting next_dagrun for example_weekday_branch_operator to 2025-01-29 00:00:00+00:00, run_after=2025-01-30 00:00:00+00:00
[2025-01-30T08:57:07.877+0000] {processor.py:183} INFO - Processing /home/airflow/.local/lib/python3.12/site-packages/airflow/example_dags/example_branch_day_of_week_operator.py took 0.086 seconds
[2025-01-30T08:57:38.174+0000] {processor.py:161} INFO - Started process (PID=1684) to work on /home/airflow/.local/lib/python3.12/site-packages/airflow/example_dags/example_branch_day_of_week_operator.py
[2025-01-30T08:57:38.175+0000] {processor.py:830} INFO - Processing file /home/airflow/.local/lib/python3.12/site-packages/airflow/example_dags/example_branch_day_of_week_operator.py for tasks to queue
[2025-01-30T08:57:38.177+0000] {logging_mixin.py:188} INFO - [2025-01-30T08:57:38.177+0000] {dagbag.py:545} INFO - Filling up the DagBag from /home/airflow/.local/lib/python3.12/site-packages/airflow/example_dags/example_branch_day_of_week_operator.py
[2025-01-30T08:57:38.185+0000] {processor.py:840} INFO - DAG(s) 'example_weekday_branch_operator' retrieved from /home/airflow/.local/lib/python3.12/site-packages/airflow/example_dags/example_branch_day_of_week_operator.py
[2025-01-30T08:57:38.209+0000] {logging_mixin.py:188} INFO - [2025-01-30T08:57:38.208+0000] {dag.py:3096} INFO - Sync 1 DAGs
[2025-01-30T08:57:38.234+0000] {logging_mixin.py:188} INFO - [2025-01-30T08:57:38.234+0000] {dag.py:3954} INFO - Setting next_dagrun for example_weekday_branch_operator to 2025-01-29 00:00:00+00:00, run_after=2025-01-30 00:00:00+00:00
[2025-01-30T08:57:38.260+0000] {processor.py:183} INFO - Processing /home/airflow/.local/lib/python3.12/site-packages/airflow/example_dags/example_branch_day_of_week_operator.py took 0.091 seconds
[2025-01-30T08:58:09.149+0000] {processor.py:161} INFO - Started process (PID=1742) to work on /home/airflow/.local/lib/python3.12/site-packages/airflow/example_dags/example_branch_day_of_week_operator.py
[2025-01-30T08:58:09.150+0000] {processor.py:830} INFO - Processing file /home/airflow/.local/lib/python3.12/site-packages/airflow/example_dags/example_branch_day_of_week_operator.py for tasks to queue
[2025-01-30T08:58:09.151+0000] {logging_mixin.py:188} INFO - [2025-01-30T08:58:09.151+0000] {dagbag.py:545} INFO - Filling up the DagBag from /home/airflow/.local/lib/python3.12/site-packages/airflow/example_dags/example_branch_day_of_week_operator.py
[2025-01-30T08:58:09.159+0000] {processor.py:840} INFO - DAG(s) 'example_weekday_branch_operator' retrieved from /home/airflow/.local/lib/python3.12/site-packages/airflow/example_dags/example_branch_day_of_week_operator.py
[2025-01-30T08:58:09.183+0000] {logging_mixin.py:188} INFO - [2025-01-30T08:58:09.183+0000] {dag.py:3096} INFO - Sync 1 DAGs
[2025-01-30T08:58:09.212+0000] {logging_mixin.py:188} INFO - [2025-01-30T08:58:09.212+0000] {dag.py:3954} INFO - Setting next_dagrun for example_weekday_branch_operator to 2025-01-29 00:00:00+00:00, run_after=2025-01-30 00:00:00+00:00
[2025-01-30T08:58:09.238+0000] {processor.py:183} INFO - Processing /home/airflow/.local/lib/python3.12/site-packages/airflow/example_dags/example_branch_day_of_week_operator.py took 0.094 seconds
[2025-01-30T08:58:39.759+0000] {processor.py:161} INFO - Started process (PID=1800) to work on /home/airflow/.local/lib/python3.12/site-packages/airflow/example_dags/example_branch_day_of_week_operator.py
[2025-01-30T08:58:39.760+0000] {processor.py:830} INFO - Processing file /home/airflow/.local/lib/python3.12/site-packages/airflow/example_dags/example_branch_day_of_week_operator.py for tasks to queue
[2025-01-30T08:58:39.761+0000] {logging_mixin.py:188} INFO - [2025-01-30T08:58:39.761+0000] {dagbag.py:545} INFO - Filling up the DagBag from /home/airflow/.local/lib/python3.12/site-packages/airflow/example_dags/example_branch_day_of_week_operator.py
[2025-01-30T08:58:39.768+0000] {processor.py:840} INFO - DAG(s) 'example_weekday_branch_operator' retrieved from /home/airflow/.local/lib/python3.12/site-packages/airflow/example_dags/example_branch_day_of_week_operator.py
[2025-01-30T08:58:39.791+0000] {logging_mixin.py:188} INFO - [2025-01-30T08:58:39.790+0000] {dag.py:3096} INFO - Sync 1 DAGs
[2025-01-30T08:58:39.814+0000] {logging_mixin.py:188} INFO - [2025-01-30T08:58:39.814+0000] {dag.py:3954} INFO - Setting next_dagrun for example_weekday_branch_operator to 2025-01-29 00:00:00+00:00, run_after=2025-01-30 00:00:00+00:00
[2025-01-30T08:58:39.836+0000] {processor.py:183} INFO - Processing /home/airflow/.local/lib/python3.12/site-packages/airflow/example_dags/example_branch_day_of_week_operator.py took 0.082 seconds
[2025-01-30T09:01:54.073+0000] {processor.py:161} INFO - Started process (PID=119) to work on /home/airflow/.local/lib/python3.12/site-packages/airflow/example_dags/example_branch_day_of_week_operator.py
[2025-01-30T09:01:54.074+0000] {processor.py:830} INFO - Processing file /home/airflow/.local/lib/python3.12/site-packages/airflow/example_dags/example_branch_day_of_week_operator.py for tasks to queue
[2025-01-30T09:01:54.076+0000] {logging_mixin.py:188} INFO - [2025-01-30T09:01:54.076+0000] {dagbag.py:545} INFO - Filling up the DagBag from /home/airflow/.local/lib/python3.12/site-packages/airflow/example_dags/example_branch_day_of_week_operator.py
[2025-01-30T09:01:54.089+0000] {processor.py:840} INFO - DAG(s) 'example_weekday_branch_operator' retrieved from /home/airflow/.local/lib/python3.12/site-packages/airflow/example_dags/example_branch_day_of_week_operator.py
[2025-01-30T09:01:54.226+0000] {logging_mixin.py:188} INFO - [2025-01-30T09:01:54.226+0000] {dag.py:3096} INFO - Sync 1 DAGs
[2025-01-30T09:01:54.250+0000] {logging_mixin.py:188} INFO - [2025-01-30T09:01:54.249+0000] {dag.py:3954} INFO - Setting next_dagrun for example_weekday_branch_operator to 2025-01-29 00:00:00+00:00, run_after=2025-01-30 00:00:00+00:00
[2025-01-30T09:01:54.277+0000] {processor.py:183} INFO - Processing /home/airflow/.local/lib/python3.12/site-packages/airflow/example_dags/example_branch_day_of_week_operator.py took 0.210 seconds
[2025-01-30T09:02:24.351+0000] {processor.py:161} INFO - Started process (PID=177) to work on /home/airflow/.local/lib/python3.12/site-packages/airflow/example_dags/example_branch_day_of_week_operator.py
[2025-01-30T09:02:24.352+0000] {processor.py:830} INFO - Processing file /home/airflow/.local/lib/python3.12/site-packages/airflow/example_dags/example_branch_day_of_week_operator.py for tasks to queue
[2025-01-30T09:02:24.354+0000] {logging_mixin.py:188} INFO - [2025-01-30T09:02:24.353+0000] {dagbag.py:545} INFO - Filling up the DagBag from /home/airflow/.local/lib/python3.12/site-packages/airflow/example_dags/example_branch_day_of_week_operator.py
[2025-01-30T09:02:24.361+0000] {processor.py:840} INFO - DAG(s) 'example_weekday_branch_operator' retrieved from /home/airflow/.local/lib/python3.12/site-packages/airflow/example_dags/example_branch_day_of_week_operator.py
[2025-01-30T09:02:24.383+0000] {logging_mixin.py:188} INFO - [2025-01-30T09:02:24.383+0000] {dag.py:3096} INFO - Sync 1 DAGs
[2025-01-30T09:02:24.411+0000] {logging_mixin.py:188} INFO - [2025-01-30T09:02:24.411+0000] {dag.py:3954} INFO - Setting next_dagrun for example_weekday_branch_operator to 2025-01-29 00:00:00+00:00, run_after=2025-01-30 00:00:00+00:00
[2025-01-30T09:02:24.447+0000] {processor.py:183} INFO - Processing /home/airflow/.local/lib/python3.12/site-packages/airflow/example_dags/example_branch_day_of_week_operator.py took 0.101 seconds
[2025-01-30T09:02:54.531+0000] {processor.py:161} INFO - Started process (PID=235) to work on /home/airflow/.local/lib/python3.12/site-packages/airflow/example_dags/example_branch_day_of_week_operator.py
[2025-01-30T09:02:54.533+0000] {processor.py:830} INFO - Processing file /home/airflow/.local/lib/python3.12/site-packages/airflow/example_dags/example_branch_day_of_week_operator.py for tasks to queue
[2025-01-30T09:02:54.534+0000] {logging_mixin.py:188} INFO - [2025-01-30T09:02:54.534+0000] {dagbag.py:545} INFO - Filling up the DagBag from /home/airflow/.local/lib/python3.12/site-packages/airflow/example_dags/example_branch_day_of_week_operator.py
[2025-01-30T09:02:54.542+0000] {processor.py:840} INFO - DAG(s) 'example_weekday_branch_operator' retrieved from /home/airflow/.local/lib/python3.12/site-packages/airflow/example_dags/example_branch_day_of_week_operator.py
[2025-01-30T09:02:54.564+0000] {logging_mixin.py:188} INFO - [2025-01-30T09:02:54.564+0000] {dag.py:3096} INFO - Sync 1 DAGs
[2025-01-30T09:02:54.589+0000] {logging_mixin.py:188} INFO - [2025-01-30T09:02:54.589+0000] {dag.py:3954} INFO - Setting next_dagrun for example_weekday_branch_operator to 2025-01-29 00:00:00+00:00, run_after=2025-01-30 00:00:00+00:00
[2025-01-30T09:02:54.614+0000] {processor.py:183} INFO - Processing /home/airflow/.local/lib/python3.12/site-packages/airflow/example_dags/example_branch_day_of_week_operator.py took 0.089 seconds
[2025-01-30T09:03:25.347+0000] {processor.py:161} INFO - Started process (PID=293) to work on /home/airflow/.local/lib/python3.12/site-packages/airflow/example_dags/example_branch_day_of_week_operator.py
[2025-01-30T09:03:25.348+0000] {processor.py:830} INFO - Processing file /home/airflow/.local/lib/python3.12/site-packages/airflow/example_dags/example_branch_day_of_week_operator.py for tasks to queue
[2025-01-30T09:03:25.350+0000] {logging_mixin.py:188} INFO - [2025-01-30T09:03:25.350+0000] {dagbag.py:545} INFO - Filling up the DagBag from /home/airflow/.local/lib/python3.12/site-packages/airflow/example_dags/example_branch_day_of_week_operator.py
[2025-01-30T09:03:25.357+0000] {processor.py:840} INFO - DAG(s) 'example_weekday_branch_operator' retrieved from /home/airflow/.local/lib/python3.12/site-packages/airflow/example_dags/example_branch_day_of_week_operator.py
[2025-01-30T09:03:25.383+0000] {logging_mixin.py:188} INFO - [2025-01-30T09:03:25.382+0000] {dag.py:3096} INFO - Sync 1 DAGs
[2025-01-30T09:03:25.412+0000] {logging_mixin.py:188} INFO - [2025-01-30T09:03:25.411+0000] {dag.py:3954} INFO - Setting next_dagrun for example_weekday_branch_operator to 2025-01-29 00:00:00+00:00, run_after=2025-01-30 00:00:00+00:00
[2025-01-30T09:03:25.451+0000] {processor.py:183} INFO - Processing /home/airflow/.local/lib/python3.12/site-packages/airflow/example_dags/example_branch_day_of_week_operator.py took 0.110 seconds
[2025-01-30T09:05:24.030+0000] {processor.py:161} INFO - Started process (PID=117) to work on /home/airflow/.local/lib/python3.12/site-packages/airflow/example_dags/example_branch_day_of_week_operator.py
[2025-01-30T09:05:24.031+0000] {processor.py:830} INFO - Processing file /home/airflow/.local/lib/python3.12/site-packages/airflow/example_dags/example_branch_day_of_week_operator.py for tasks to queue
[2025-01-30T09:05:24.033+0000] {logging_mixin.py:188} INFO - [2025-01-30T09:05:24.033+0000] {dagbag.py:545} INFO - Filling up the DagBag from /home/airflow/.local/lib/python3.12/site-packages/airflow/example_dags/example_branch_day_of_week_operator.py
[2025-01-30T09:05:24.042+0000] {processor.py:840} INFO - DAG(s) 'example_weekday_branch_operator' retrieved from /home/airflow/.local/lib/python3.12/site-packages/airflow/example_dags/example_branch_day_of_week_operator.py
[2025-01-30T09:05:24.157+0000] {logging_mixin.py:188} INFO - [2025-01-30T09:05:24.157+0000] {dag.py:3096} INFO - Sync 1 DAGs
[2025-01-30T09:05:24.181+0000] {logging_mixin.py:188} INFO - [2025-01-30T09:05:24.181+0000] {dag.py:3954} INFO - Setting next_dagrun for example_weekday_branch_operator to 2025-01-29 00:00:00+00:00, run_after=2025-01-30 00:00:00+00:00
[2025-01-30T09:05:24.208+0000] {processor.py:183} INFO - Processing /home/airflow/.local/lib/python3.12/site-packages/airflow/example_dags/example_branch_day_of_week_operator.py took 0.184 seconds
[2025-01-30T09:05:55.096+0000] {processor.py:161} INFO - Started process (PID=175) to work on /home/airflow/.local/lib/python3.12/site-packages/airflow/example_dags/example_branch_day_of_week_operator.py
[2025-01-30T09:05:55.097+0000] {processor.py:830} INFO - Processing file /home/airflow/.local/lib/python3.12/site-packages/airflow/example_dags/example_branch_day_of_week_operator.py for tasks to queue
[2025-01-30T09:05:55.099+0000] {logging_mixin.py:188} INFO - [2025-01-30T09:05:55.098+0000] {dagbag.py:545} INFO - Filling up the DagBag from /home/airflow/.local/lib/python3.12/site-packages/airflow/example_dags/example_branch_day_of_week_operator.py
[2025-01-30T09:05:55.106+0000] {processor.py:840} INFO - DAG(s) 'example_weekday_branch_operator' retrieved from /home/airflow/.local/lib/python3.12/site-packages/airflow/example_dags/example_branch_day_of_week_operator.py
[2025-01-30T09:05:55.128+0000] {logging_mixin.py:188} INFO - [2025-01-30T09:05:55.128+0000] {dag.py:3096} INFO - Sync 1 DAGs
[2025-01-30T09:05:55.154+0000] {logging_mixin.py:188} INFO - [2025-01-30T09:05:55.153+0000] {dag.py:3954} INFO - Setting next_dagrun for example_weekday_branch_operator to 2025-01-29 00:00:00+00:00, run_after=2025-01-30 00:00:00+00:00
[2025-01-30T09:05:55.179+0000] {processor.py:183} INFO - Processing /home/airflow/.local/lib/python3.12/site-packages/airflow/example_dags/example_branch_day_of_week_operator.py took 0.089 seconds
[2025-01-30T09:10:54.542+0000] {processor.py:161} INFO - Started process (PID=120) to work on /home/airflow/.local/lib/python3.12/site-packages/airflow/example_dags/example_branch_day_of_week_operator.py
[2025-01-30T09:10:54.543+0000] {processor.py:830} INFO - Processing file /home/airflow/.local/lib/python3.12/site-packages/airflow/example_dags/example_branch_day_of_week_operator.py for tasks to queue
[2025-01-30T09:10:54.545+0000] {logging_mixin.py:188} INFO - [2025-01-30T09:10:54.544+0000] {dagbag.py:545} INFO - Filling up the DagBag from /home/airflow/.local/lib/python3.12/site-packages/airflow/example_dags/example_branch_day_of_week_operator.py
[2025-01-30T09:10:54.552+0000] {processor.py:840} INFO - DAG(s) 'example_weekday_branch_operator' retrieved from /home/airflow/.local/lib/python3.12/site-packages/airflow/example_dags/example_branch_day_of_week_operator.py
[2025-01-30T09:10:54.661+0000] {logging_mixin.py:188} INFO - [2025-01-30T09:10:54.661+0000] {dag.py:3096} INFO - Sync 1 DAGs
[2025-01-30T09:10:54.686+0000] {logging_mixin.py:188} INFO - [2025-01-30T09:10:54.686+0000] {dag.py:3954} INFO - Setting next_dagrun for example_weekday_branch_operator to 2025-01-29 00:00:00+00:00, run_after=2025-01-30 00:00:00+00:00
[2025-01-30T09:10:54.710+0000] {processor.py:183} INFO - Processing /home/airflow/.local/lib/python3.12/site-packages/airflow/example_dags/example_branch_day_of_week_operator.py took 0.173 seconds
[2025-01-30T09:11:25.147+0000] {processor.py:161} INFO - Started process (PID=179) to work on /home/airflow/.local/lib/python3.12/site-packages/airflow/example_dags/example_branch_day_of_week_operator.py
[2025-01-30T09:11:25.148+0000] {processor.py:830} INFO - Processing file /home/airflow/.local/lib/python3.12/site-packages/airflow/example_dags/example_branch_day_of_week_operator.py for tasks to queue
[2025-01-30T09:11:25.150+0000] {logging_mixin.py:188} INFO - [2025-01-30T09:11:25.150+0000] {dagbag.py:545} INFO - Filling up the DagBag from /home/airflow/.local/lib/python3.12/site-packages/airflow/example_dags/example_branch_day_of_week_operator.py
[2025-01-30T09:11:25.161+0000] {processor.py:840} INFO - DAG(s) 'example_weekday_branch_operator' retrieved from /home/airflow/.local/lib/python3.12/site-packages/airflow/example_dags/example_branch_day_of_week_operator.py
[2025-01-30T09:11:25.183+0000] {logging_mixin.py:188} INFO - [2025-01-30T09:11:25.182+0000] {dag.py:3096} INFO - Sync 1 DAGs
[2025-01-30T09:11:25.207+0000] {logging_mixin.py:188} INFO - [2025-01-30T09:11:25.207+0000] {dag.py:3954} INFO - Setting next_dagrun for example_weekday_branch_operator to 2025-01-29 00:00:00+00:00, run_after=2025-01-30 00:00:00+00:00
[2025-01-30T09:11:25.231+0000] {processor.py:183} INFO - Processing /home/airflow/.local/lib/python3.12/site-packages/airflow/example_dags/example_branch_day_of_week_operator.py took 0.090 seconds
[2025-01-30T09:11:55.680+0000] {processor.py:161} INFO - Started process (PID=237) to work on /home/airflow/.local/lib/python3.12/site-packages/airflow/example_dags/example_branch_day_of_week_operator.py
[2025-01-30T09:11:55.681+0000] {processor.py:830} INFO - Processing file /home/airflow/.local/lib/python3.12/site-packages/airflow/example_dags/example_branch_day_of_week_operator.py for tasks to queue
[2025-01-30T09:11:55.683+0000] {logging_mixin.py:188} INFO - [2025-01-30T09:11:55.683+0000] {dagbag.py:545} INFO - Filling up the DagBag from /home/airflow/.local/lib/python3.12/site-packages/airflow/example_dags/example_branch_day_of_week_operator.py
[2025-01-30T09:11:55.689+0000] {processor.py:840} INFO - DAG(s) 'example_weekday_branch_operator' retrieved from /home/airflow/.local/lib/python3.12/site-packages/airflow/example_dags/example_branch_day_of_week_operator.py
[2025-01-30T09:11:55.710+0000] {logging_mixin.py:188} INFO - [2025-01-30T09:11:55.710+0000] {dag.py:3096} INFO - Sync 1 DAGs
[2025-01-30T09:11:55.732+0000] {logging_mixin.py:188} INFO - [2025-01-30T09:11:55.732+0000] {dag.py:3954} INFO - Setting next_dagrun for example_weekday_branch_operator to 2025-01-29 00:00:00+00:00, run_after=2025-01-30 00:00:00+00:00
[2025-01-30T09:11:55.753+0000] {processor.py:183} INFO - Processing /home/airflow/.local/lib/python3.12/site-packages/airflow/example_dags/example_branch_day_of_week_operator.py took 0.078 seconds
[2025-01-30T09:12:26.436+0000] {processor.py:161} INFO - Started process (PID=295) to work on /home/airflow/.local/lib/python3.12/site-packages/airflow/example_dags/example_branch_day_of_week_operator.py
[2025-01-30T09:12:26.438+0000] {processor.py:830} INFO - Processing file /home/airflow/.local/lib/python3.12/site-packages/airflow/example_dags/example_branch_day_of_week_operator.py for tasks to queue
[2025-01-30T09:12:26.441+0000] {logging_mixin.py:188} INFO - [2025-01-30T09:12:26.440+0000] {dagbag.py:545} INFO - Filling up the DagBag from /home/airflow/.local/lib/python3.12/site-packages/airflow/example_dags/example_branch_day_of_week_operator.py
[2025-01-30T09:12:26.449+0000] {processor.py:840} INFO - DAG(s) 'example_weekday_branch_operator' retrieved from /home/airflow/.local/lib/python3.12/site-packages/airflow/example_dags/example_branch_day_of_week_operator.py
[2025-01-30T09:12:26.480+0000] {logging_mixin.py:188} INFO - [2025-01-30T09:12:26.480+0000] {dag.py:3096} INFO - Sync 1 DAGs
[2025-01-30T09:12:26.506+0000] {logging_mixin.py:188} INFO - [2025-01-30T09:12:26.505+0000] {dag.py:3954} INFO - Setting next_dagrun for example_weekday_branch_operator to 2025-01-29 00:00:00+00:00, run_after=2025-01-30 00:00:00+00:00
[2025-01-30T09:12:26.530+0000] {processor.py:183} INFO - Processing /home/airflow/.local/lib/python3.12/site-packages/airflow/example_dags/example_branch_day_of_week_operator.py took 0.100 seconds
[2025-01-30T09:12:56.768+0000] {processor.py:161} INFO - Started process (PID=353) to work on /home/airflow/.local/lib/python3.12/site-packages/airflow/example_dags/example_branch_day_of_week_operator.py
[2025-01-30T09:12:56.769+0000] {processor.py:830} INFO - Processing file /home/airflow/.local/lib/python3.12/site-packages/airflow/example_dags/example_branch_day_of_week_operator.py for tasks to queue
[2025-01-30T09:12:56.772+0000] {logging_mixin.py:188} INFO - [2025-01-30T09:12:56.771+0000] {dagbag.py:545} INFO - Filling up the DagBag from /home/airflow/.local/lib/python3.12/site-packages/airflow/example_dags/example_branch_day_of_week_operator.py
[2025-01-30T09:12:56.779+0000] {processor.py:840} INFO - DAG(s) 'example_weekday_branch_operator' retrieved from /home/airflow/.local/lib/python3.12/site-packages/airflow/example_dags/example_branch_day_of_week_operator.py
[2025-01-30T09:12:56.800+0000] {logging_mixin.py:188} INFO - [2025-01-30T09:12:56.800+0000] {dag.py:3096} INFO - Sync 1 DAGs
[2025-01-30T09:12:56.825+0000] {logging_mixin.py:188} INFO - [2025-01-30T09:12:56.825+0000] {dag.py:3954} INFO - Setting next_dagrun for example_weekday_branch_operator to 2025-01-29 00:00:00+00:00, run_after=2025-01-30 00:00:00+00:00
[2025-01-30T09:12:56.849+0000] {processor.py:183} INFO - Processing /home/airflow/.local/lib/python3.12/site-packages/airflow/example_dags/example_branch_day_of_week_operator.py took 0.086 seconds
[2025-01-30T09:13:26.921+0000] {processor.py:161} INFO - Started process (PID=411) to work on /home/airflow/.local/lib/python3.12/site-packages/airflow/example_dags/example_branch_day_of_week_operator.py
[2025-01-30T09:13:26.922+0000] {processor.py:830} INFO - Processing file /home/airflow/.local/lib/python3.12/site-packages/airflow/example_dags/example_branch_day_of_week_operator.py for tasks to queue
[2025-01-30T09:13:26.923+0000] {logging_mixin.py:188} INFO - [2025-01-30T09:13:26.923+0000] {dagbag.py:545} INFO - Filling up the DagBag from /home/airflow/.local/lib/python3.12/site-packages/airflow/example_dags/example_branch_day_of_week_operator.py
[2025-01-30T09:13:26.930+0000] {processor.py:840} INFO - DAG(s) 'example_weekday_branch_operator' retrieved from /home/airflow/.local/lib/python3.12/site-packages/airflow/example_dags/example_branch_day_of_week_operator.py
[2025-01-30T09:13:26.952+0000] {logging_mixin.py:188} INFO - [2025-01-30T09:13:26.952+0000] {dag.py:3096} INFO - Sync 1 DAGs
[2025-01-30T09:13:26.978+0000] {logging_mixin.py:188} INFO - [2025-01-30T09:13:26.977+0000] {dag.py:3954} INFO - Setting next_dagrun for example_weekday_branch_operator to 2025-01-29 00:00:00+00:00, run_after=2025-01-30 00:00:00+00:00
[2025-01-30T09:13:26.999+0000] {processor.py:183} INFO - Processing /home/airflow/.local/lib/python3.12/site-packages/airflow/example_dags/example_branch_day_of_week_operator.py took 0.083 seconds
[2025-01-30T09:13:57.037+0000] {processor.py:161} INFO - Started process (PID=469) to work on /home/airflow/.local/lib/python3.12/site-packages/airflow/example_dags/example_branch_day_of_week_operator.py
[2025-01-30T09:13:57.039+0000] {processor.py:830} INFO - Processing file /home/airflow/.local/lib/python3.12/site-packages/airflow/example_dags/example_branch_day_of_week_operator.py for tasks to queue
[2025-01-30T09:13:57.041+0000] {logging_mixin.py:188} INFO - [2025-01-30T09:13:57.040+0000] {dagbag.py:545} INFO - Filling up the DagBag from /home/airflow/.local/lib/python3.12/site-packages/airflow/example_dags/example_branch_day_of_week_operator.py
[2025-01-30T09:13:57.047+0000] {processor.py:840} INFO - DAG(s) 'example_weekday_branch_operator' retrieved from /home/airflow/.local/lib/python3.12/site-packages/airflow/example_dags/example_branch_day_of_week_operator.py
[2025-01-30T09:13:57.066+0000] {logging_mixin.py:188} INFO - [2025-01-30T09:13:57.066+0000] {dag.py:3096} INFO - Sync 1 DAGs
[2025-01-30T09:13:57.092+0000] {logging_mixin.py:188} INFO - [2025-01-30T09:13:57.092+0000] {dag.py:3954} INFO - Setting next_dagrun for example_weekday_branch_operator to 2025-01-29 00:00:00+00:00, run_after=2025-01-30 00:00:00+00:00
[2025-01-30T09:13:57.113+0000] {processor.py:183} INFO - Processing /home/airflow/.local/lib/python3.12/site-packages/airflow/example_dags/example_branch_day_of_week_operator.py took 0.081 seconds
[2025-01-30T09:14:27.478+0000] {processor.py:161} INFO - Started process (PID=527) to work on /home/airflow/.local/lib/python3.12/site-packages/airflow/example_dags/example_branch_day_of_week_operator.py
[2025-01-30T09:14:27.494+0000] {processor.py:830} INFO - Processing file /home/airflow/.local/lib/python3.12/site-packages/airflow/example_dags/example_branch_day_of_week_operator.py for tasks to queue
[2025-01-30T09:14:27.496+0000] {logging_mixin.py:188} INFO - [2025-01-30T09:14:27.495+0000] {dagbag.py:545} INFO - Filling up the DagBag from /home/airflow/.local/lib/python3.12/site-packages/airflow/example_dags/example_branch_day_of_week_operator.py
[2025-01-30T09:14:27.505+0000] {processor.py:840} INFO - DAG(s) 'example_weekday_branch_operator' retrieved from /home/airflow/.local/lib/python3.12/site-packages/airflow/example_dags/example_branch_day_of_week_operator.py
[2025-01-30T09:14:27.537+0000] {logging_mixin.py:188} INFO - [2025-01-30T09:14:27.537+0000] {dag.py:3096} INFO - Sync 1 DAGs
[2025-01-30T09:14:27.565+0000] {logging_mixin.py:188} INFO - [2025-01-30T09:14:27.565+0000] {dag.py:3954} INFO - Setting next_dagrun for example_weekday_branch_operator to 2025-01-29 00:00:00+00:00, run_after=2025-01-30 00:00:00+00:00
[2025-01-30T09:14:27.589+0000] {processor.py:183} INFO - Processing /home/airflow/.local/lib/python3.12/site-packages/airflow/example_dags/example_branch_day_of_week_operator.py took 0.117 seconds
[2025-01-30T09:14:57.750+0000] {processor.py:161} INFO - Started process (PID=585) to work on /home/airflow/.local/lib/python3.12/site-packages/airflow/example_dags/example_branch_day_of_week_operator.py
[2025-01-30T09:14:57.751+0000] {processor.py:830} INFO - Processing file /home/airflow/.local/lib/python3.12/site-packages/airflow/example_dags/example_branch_day_of_week_operator.py for tasks to queue
[2025-01-30T09:14:57.753+0000] {logging_mixin.py:188} INFO - [2025-01-30T09:14:57.752+0000] {dagbag.py:545} INFO - Filling up the DagBag from /home/airflow/.local/lib/python3.12/site-packages/airflow/example_dags/example_branch_day_of_week_operator.py
[2025-01-30T09:14:57.760+0000] {processor.py:840} INFO - DAG(s) 'example_weekday_branch_operator' retrieved from /home/airflow/.local/lib/python3.12/site-packages/airflow/example_dags/example_branch_day_of_week_operator.py
[2025-01-30T09:14:57.782+0000] {logging_mixin.py:188} INFO - [2025-01-30T09:14:57.781+0000] {dag.py:3096} INFO - Sync 1 DAGs
[2025-01-30T09:14:57.807+0000] {logging_mixin.py:188} INFO - [2025-01-30T09:14:57.807+0000] {dag.py:3954} INFO - Setting next_dagrun for example_weekday_branch_operator to 2025-01-29 00:00:00+00:00, run_after=2025-01-30 00:00:00+00:00
[2025-01-30T09:14:57.830+0000] {processor.py:183} INFO - Processing /home/airflow/.local/lib/python3.12/site-packages/airflow/example_dags/example_branch_day_of_week_operator.py took 0.085 seconds
[2025-01-30T09:15:28.406+0000] {processor.py:161} INFO - Started process (PID=642) to work on /home/airflow/.local/lib/python3.12/site-packages/airflow/example_dags/example_branch_day_of_week_operator.py
[2025-01-30T09:15:28.407+0000] {processor.py:830} INFO - Processing file /home/airflow/.local/lib/python3.12/site-packages/airflow/example_dags/example_branch_day_of_week_operator.py for tasks to queue
[2025-01-30T09:15:28.409+0000] {logging_mixin.py:188} INFO - [2025-01-30T09:15:28.409+0000] {dagbag.py:545} INFO - Filling up the DagBag from /home/airflow/.local/lib/python3.12/site-packages/airflow/example_dags/example_branch_day_of_week_operator.py
[2025-01-30T09:15:28.416+0000] {processor.py:840} INFO - DAG(s) 'example_weekday_branch_operator' retrieved from /home/airflow/.local/lib/python3.12/site-packages/airflow/example_dags/example_branch_day_of_week_operator.py
[2025-01-30T09:15:28.441+0000] {logging_mixin.py:188} INFO - [2025-01-30T09:15:28.441+0000] {dag.py:3096} INFO - Sync 1 DAGs
[2025-01-30T09:15:28.466+0000] {logging_mixin.py:188} INFO - [2025-01-30T09:15:28.466+0000] {dag.py:3954} INFO - Setting next_dagrun for example_weekday_branch_operator to 2025-01-29 00:00:00+00:00, run_after=2025-01-30 00:00:00+00:00
[2025-01-30T09:15:28.490+0000] {processor.py:183} INFO - Processing /home/airflow/.local/lib/python3.12/site-packages/airflow/example_dags/example_branch_day_of_week_operator.py took 0.090 seconds
[2025-01-30T09:15:58.788+0000] {processor.py:161} INFO - Started process (PID=700) to work on /home/airflow/.local/lib/python3.12/site-packages/airflow/example_dags/example_branch_day_of_week_operator.py
[2025-01-30T09:15:58.789+0000] {processor.py:830} INFO - Processing file /home/airflow/.local/lib/python3.12/site-packages/airflow/example_dags/example_branch_day_of_week_operator.py for tasks to queue
[2025-01-30T09:15:58.792+0000] {logging_mixin.py:188} INFO - [2025-01-30T09:15:58.791+0000] {dagbag.py:545} INFO - Filling up the DagBag from /home/airflow/.local/lib/python3.12/site-packages/airflow/example_dags/example_branch_day_of_week_operator.py
[2025-01-30T09:15:58.799+0000] {processor.py:840} INFO - DAG(s) 'example_weekday_branch_operator' retrieved from /home/airflow/.local/lib/python3.12/site-packages/airflow/example_dags/example_branch_day_of_week_operator.py
[2025-01-30T09:15:58.820+0000] {logging_mixin.py:188} INFO - [2025-01-30T09:15:58.820+0000] {dag.py:3096} INFO - Sync 1 DAGs
[2025-01-30T09:15:58.846+0000] {logging_mixin.py:188} INFO - [2025-01-30T09:15:58.846+0000] {dag.py:3954} INFO - Setting next_dagrun for example_weekday_branch_operator to 2025-01-29 00:00:00+00:00, run_after=2025-01-30 00:00:00+00:00
[2025-01-30T09:15:58.869+0000] {processor.py:183} INFO - Processing /home/airflow/.local/lib/python3.12/site-packages/airflow/example_dags/example_branch_day_of_week_operator.py took 0.086 seconds
[2025-01-30T09:16:29.537+0000] {processor.py:161} INFO - Started process (PID=758) to work on /home/airflow/.local/lib/python3.12/site-packages/airflow/example_dags/example_branch_day_of_week_operator.py
[2025-01-30T09:16:29.538+0000] {processor.py:830} INFO - Processing file /home/airflow/.local/lib/python3.12/site-packages/airflow/example_dags/example_branch_day_of_week_operator.py for tasks to queue
[2025-01-30T09:16:29.540+0000] {logging_mixin.py:188} INFO - [2025-01-30T09:16:29.539+0000] {dagbag.py:545} INFO - Filling up the DagBag from /home/airflow/.local/lib/python3.12/site-packages/airflow/example_dags/example_branch_day_of_week_operator.py
[2025-01-30T09:16:29.548+0000] {processor.py:840} INFO - DAG(s) 'example_weekday_branch_operator' retrieved from /home/airflow/.local/lib/python3.12/site-packages/airflow/example_dags/example_branch_day_of_week_operator.py
[2025-01-30T09:16:29.569+0000] {logging_mixin.py:188} INFO - [2025-01-30T09:16:29.569+0000] {dag.py:3096} INFO - Sync 1 DAGs
[2025-01-30T09:16:29.593+0000] {logging_mixin.py:188} INFO - [2025-01-30T09:16:29.592+0000] {dag.py:3954} INFO - Setting next_dagrun for example_weekday_branch_operator to 2025-01-29 00:00:00+00:00, run_after=2025-01-30 00:00:00+00:00
[2025-01-30T09:16:29.619+0000] {processor.py:183} INFO - Processing /home/airflow/.local/lib/python3.12/site-packages/airflow/example_dags/example_branch_day_of_week_operator.py took 0.087 seconds
[2025-01-30T09:16:59.779+0000] {processor.py:161} INFO - Started process (PID=816) to work on /home/airflow/.local/lib/python3.12/site-packages/airflow/example_dags/example_branch_day_of_week_operator.py
[2025-01-30T09:16:59.780+0000] {processor.py:830} INFO - Processing file /home/airflow/.local/lib/python3.12/site-packages/airflow/example_dags/example_branch_day_of_week_operator.py for tasks to queue
[2025-01-30T09:16:59.782+0000] {logging_mixin.py:188} INFO - [2025-01-30T09:16:59.782+0000] {dagbag.py:545} INFO - Filling up the DagBag from /home/airflow/.local/lib/python3.12/site-packages/airflow/example_dags/example_branch_day_of_week_operator.py
[2025-01-30T09:16:59.789+0000] {processor.py:840} INFO - DAG(s) 'example_weekday_branch_operator' retrieved from /home/airflow/.local/lib/python3.12/site-packages/airflow/example_dags/example_branch_day_of_week_operator.py
[2025-01-30T09:16:59.809+0000] {logging_mixin.py:188} INFO - [2025-01-30T09:16:59.809+0000] {dag.py:3096} INFO - Sync 1 DAGs
[2025-01-30T09:16:59.723+0000] {logging_mixin.py:188} INFO - [2025-01-30T09:16:59.722+0000] {dag.py:3954} INFO - Setting next_dagrun for example_weekday_branch_operator to 2025-01-29 00:00:00+00:00, run_after=2025-01-30 00:00:00+00:00
[2025-01-30T09:16:59.747+0000] {processor.py:183} INFO - Processing /home/airflow/.local/lib/python3.12/site-packages/airflow/example_dags/example_branch_day_of_week_operator.py took 0.085 seconds
[2025-01-30T09:17:30.255+0000] {processor.py:161} INFO - Started process (PID=874) to work on /home/airflow/.local/lib/python3.12/site-packages/airflow/example_dags/example_branch_day_of_week_operator.py
[2025-01-30T09:17:30.256+0000] {processor.py:830} INFO - Processing file /home/airflow/.local/lib/python3.12/site-packages/airflow/example_dags/example_branch_day_of_week_operator.py for tasks to queue
[2025-01-30T09:17:30.258+0000] {logging_mixin.py:188} INFO - [2025-01-30T09:17:30.257+0000] {dagbag.py:545} INFO - Filling up the DagBag from /home/airflow/.local/lib/python3.12/site-packages/airflow/example_dags/example_branch_day_of_week_operator.py
[2025-01-30T09:17:30.264+0000] {processor.py:840} INFO - DAG(s) 'example_weekday_branch_operator' retrieved from /home/airflow/.local/lib/python3.12/site-packages/airflow/example_dags/example_branch_day_of_week_operator.py
[2025-01-30T09:17:30.287+0000] {logging_mixin.py:188} INFO - [2025-01-30T09:17:30.286+0000] {dag.py:3096} INFO - Sync 1 DAGs
[2025-01-30T09:17:30.310+0000] {logging_mixin.py:188} INFO - [2025-01-30T09:17:30.309+0000] {dag.py:3954} INFO - Setting next_dagrun for example_weekday_branch_operator to 2025-01-29 00:00:00+00:00, run_after=2025-01-30 00:00:00+00:00
[2025-01-30T09:17:30.334+0000] {processor.py:183} INFO - Processing /home/airflow/.local/lib/python3.12/site-packages/airflow/example_dags/example_branch_day_of_week_operator.py took 0.085 seconds
[2025-01-30T09:18:01.654+0000] {processor.py:161} INFO - Started process (PID=933) to work on /home/airflow/.local/lib/python3.12/site-packages/airflow/example_dags/example_branch_day_of_week_operator.py
[2025-01-30T09:18:01.655+0000] {processor.py:830} INFO - Processing file /home/airflow/.local/lib/python3.12/site-packages/airflow/example_dags/example_branch_day_of_week_operator.py for tasks to queue
[2025-01-30T09:18:01.657+0000] {logging_mixin.py:188} INFO - [2025-01-30T09:18:01.657+0000] {dagbag.py:545} INFO - Filling up the DagBag from /home/airflow/.local/lib/python3.12/site-packages/airflow/example_dags/example_branch_day_of_week_operator.py
[2025-01-30T09:18:01.666+0000] {processor.py:840} INFO - DAG(s) 'example_weekday_branch_operator' retrieved from /home/airflow/.local/lib/python3.12/site-packages/airflow/example_dags/example_branch_day_of_week_operator.py
[2025-01-30T09:18:01.687+0000] {logging_mixin.py:188} INFO - [2025-01-30T09:18:01.687+0000] {dag.py:3096} INFO - Sync 1 DAGs
[2025-01-30T09:18:01.710+0000] {logging_mixin.py:188} INFO - [2025-01-30T09:18:01.709+0000] {dag.py:3954} INFO - Setting next_dagrun for example_weekday_branch_operator to 2025-01-29 00:00:00+00:00, run_after=2025-01-30 00:00:00+00:00
[2025-01-30T09:18:01.733+0000] {processor.py:183} INFO - Processing /home/airflow/.local/lib/python3.12/site-packages/airflow/example_dags/example_branch_day_of_week_operator.py took 0.087 seconds
[2025-01-30T09:20:20.202+0000] {processor.py:161} INFO - Started process (PID=117) to work on /home/airflow/.local/lib/python3.12/site-packages/airflow/example_dags/example_branch_day_of_week_operator.py
[2025-01-30T09:20:20.204+0000] {processor.py:830} INFO - Processing file /home/airflow/.local/lib/python3.12/site-packages/airflow/example_dags/example_branch_day_of_week_operator.py for tasks to queue
[2025-01-30T09:20:20.206+0000] {logging_mixin.py:188} INFO - [2025-01-30T09:20:20.205+0000] {dagbag.py:545} INFO - Filling up the DagBag from /home/airflow/.local/lib/python3.12/site-packages/airflow/example_dags/example_branch_day_of_week_operator.py
[2025-01-30T09:20:20.213+0000] {processor.py:840} INFO - DAG(s) 'example_weekday_branch_operator' retrieved from /home/airflow/.local/lib/python3.12/site-packages/airflow/example_dags/example_branch_day_of_week_operator.py
[2025-01-30T09:20:20.325+0000] {logging_mixin.py:188} INFO - [2025-01-30T09:20:20.324+0000] {dag.py:3096} INFO - Sync 1 DAGs
[2025-01-30T09:20:20.349+0000] {logging_mixin.py:188} INFO - [2025-01-30T09:20:20.349+0000] {dag.py:3954} INFO - Setting next_dagrun for example_weekday_branch_operator to 2025-01-29 00:00:00+00:00, run_after=2025-01-30 00:00:00+00:00
[2025-01-30T09:20:20.374+0000] {processor.py:183} INFO - Processing /home/airflow/.local/lib/python3.12/site-packages/airflow/example_dags/example_branch_day_of_week_operator.py took 0.177 seconds
[2025-01-30T09:20:51.279+0000] {processor.py:161} INFO - Started process (PID=175) to work on /home/airflow/.local/lib/python3.12/site-packages/airflow/example_dags/example_branch_day_of_week_operator.py
[2025-01-30T09:20:51.281+0000] {processor.py:830} INFO - Processing file /home/airflow/.local/lib/python3.12/site-packages/airflow/example_dags/example_branch_day_of_week_operator.py for tasks to queue
[2025-01-30T09:20:51.283+0000] {logging_mixin.py:188} INFO - [2025-01-30T09:20:51.283+0000] {dagbag.py:545} INFO - Filling up the DagBag from /home/airflow/.local/lib/python3.12/site-packages/airflow/example_dags/example_branch_day_of_week_operator.py
[2025-01-30T09:20:51.289+0000] {processor.py:840} INFO - DAG(s) 'example_weekday_branch_operator' retrieved from /home/airflow/.local/lib/python3.12/site-packages/airflow/example_dags/example_branch_day_of_week_operator.py
[2025-01-30T09:20:51.313+0000] {logging_mixin.py:188} INFO - [2025-01-30T09:20:51.313+0000] {dag.py:3096} INFO - Sync 1 DAGs
[2025-01-30T09:20:51.339+0000] {logging_mixin.py:188} INFO - [2025-01-30T09:20:51.338+0000] {dag.py:3954} INFO - Setting next_dagrun for example_weekday_branch_operator to 2025-01-29 00:00:00+00:00, run_after=2025-01-30 00:00:00+00:00
[2025-01-30T09:20:51.360+0000] {processor.py:183} INFO - Processing /home/airflow/.local/lib/python3.12/site-packages/airflow/example_dags/example_branch_day_of_week_operator.py took 0.085 seconds
[2025-01-30T09:21:21.444+0000] {processor.py:161} INFO - Started process (PID=233) to work on /home/airflow/.local/lib/python3.12/site-packages/airflow/example_dags/example_branch_day_of_week_operator.py
[2025-01-30T09:21:21.445+0000] {processor.py:830} INFO - Processing file /home/airflow/.local/lib/python3.12/site-packages/airflow/example_dags/example_branch_day_of_week_operator.py for tasks to queue
[2025-01-30T09:21:21.447+0000] {logging_mixin.py:188} INFO - [2025-01-30T09:21:21.447+0000] {dagbag.py:545} INFO - Filling up the DagBag from /home/airflow/.local/lib/python3.12/site-packages/airflow/example_dags/example_branch_day_of_week_operator.py
[2025-01-30T09:21:21.454+0000] {processor.py:840} INFO - DAG(s) 'example_weekday_branch_operator' retrieved from /home/airflow/.local/lib/python3.12/site-packages/airflow/example_dags/example_branch_day_of_week_operator.py
[2025-01-30T09:21:21.476+0000] {logging_mixin.py:188} INFO - [2025-01-30T09:21:21.476+0000] {dag.py:3096} INFO - Sync 1 DAGs
[2025-01-30T09:21:21.501+0000] {logging_mixin.py:188} INFO - [2025-01-30T09:21:21.501+0000] {dag.py:3954} INFO - Setting next_dagrun for example_weekday_branch_operator to 2025-01-29 00:00:00+00:00, run_after=2025-01-30 00:00:00+00:00
[2025-01-30T09:21:21.527+0000] {processor.py:183} INFO - Processing /home/airflow/.local/lib/python3.12/site-packages/airflow/example_dags/example_branch_day_of_week_operator.py took 0.087 seconds
[2025-01-30T09:21:51.881+0000] {processor.py:161} INFO - Started process (PID=291) to work on /home/airflow/.local/lib/python3.12/site-packages/airflow/example_dags/example_branch_day_of_week_operator.py
[2025-01-30T09:21:51.882+0000] {processor.py:830} INFO - Processing file /home/airflow/.local/lib/python3.12/site-packages/airflow/example_dags/example_branch_day_of_week_operator.py for tasks to queue
[2025-01-30T09:21:51.885+0000] {logging_mixin.py:188} INFO - [2025-01-30T09:21:51.884+0000] {dagbag.py:545} INFO - Filling up the DagBag from /home/airflow/.local/lib/python3.12/site-packages/airflow/example_dags/example_branch_day_of_week_operator.py
[2025-01-30T09:21:51.892+0000] {processor.py:840} INFO - DAG(s) 'example_weekday_branch_operator' retrieved from /home/airflow/.local/lib/python3.12/site-packages/airflow/example_dags/example_branch_day_of_week_operator.py
[2025-01-30T09:21:51.913+0000] {logging_mixin.py:188} INFO - [2025-01-30T09:21:51.912+0000] {dag.py:3096} INFO - Sync 1 DAGs
[2025-01-30T09:21:51.939+0000] {logging_mixin.py:188} INFO - [2025-01-30T09:21:51.938+0000] {dag.py:3954} INFO - Setting next_dagrun for example_weekday_branch_operator to 2025-01-29 00:00:00+00:00, run_after=2025-01-30 00:00:00+00:00
[2025-01-30T09:21:51.966+0000] {processor.py:183} INFO - Processing /home/airflow/.local/lib/python3.12/site-packages/airflow/example_dags/example_branch_day_of_week_operator.py took 0.089 seconds
[2025-01-30T09:22:22.033+0000] {processor.py:161} INFO - Started process (PID=350) to work on /home/airflow/.local/lib/python3.12/site-packages/airflow/example_dags/example_branch_day_of_week_operator.py
[2025-01-30T09:22:22.034+0000] {processor.py:830} INFO - Processing file /home/airflow/.local/lib/python3.12/site-packages/airflow/example_dags/example_branch_day_of_week_operator.py for tasks to queue
[2025-01-30T09:22:22.036+0000] {logging_mixin.py:188} INFO - [2025-01-30T09:22:22.036+0000] {dagbag.py:545} INFO - Filling up the DagBag from /home/airflow/.local/lib/python3.12/site-packages/airflow/example_dags/example_branch_day_of_week_operator.py
[2025-01-30T09:22:22.043+0000] {processor.py:840} INFO - DAG(s) 'example_weekday_branch_operator' retrieved from /home/airflow/.local/lib/python3.12/site-packages/airflow/example_dags/example_branch_day_of_week_operator.py
[2025-01-30T09:22:22.065+0000] {logging_mixin.py:188} INFO - [2025-01-30T09:22:22.064+0000] {dag.py:3096} INFO - Sync 1 DAGs
[2025-01-30T09:22:22.091+0000] {logging_mixin.py:188} INFO - [2025-01-30T09:22:22.091+0000] {dag.py:3954} INFO - Setting next_dagrun for example_weekday_branch_operator to 2025-01-29 00:00:00+00:00, run_after=2025-01-30 00:00:00+00:00
[2025-01-30T09:22:22.115+0000] {processor.py:183} INFO - Processing /home/airflow/.local/lib/python3.12/site-packages/airflow/example_dags/example_branch_day_of_week_operator.py took 0.088 seconds
[2025-01-30T09:22:52.820+0000] {processor.py:161} INFO - Started process (PID=408) to work on /home/airflow/.local/lib/python3.12/site-packages/airflow/example_dags/example_branch_day_of_week_operator.py
[2025-01-30T09:22:52.821+0000] {processor.py:830} INFO - Processing file /home/airflow/.local/lib/python3.12/site-packages/airflow/example_dags/example_branch_day_of_week_operator.py for tasks to queue
[2025-01-30T09:22:52.823+0000] {logging_mixin.py:188} INFO - [2025-01-30T09:22:52.823+0000] {dagbag.py:545} INFO - Filling up the DagBag from /home/airflow/.local/lib/python3.12/site-packages/airflow/example_dags/example_branch_day_of_week_operator.py
[2025-01-30T09:22:52.830+0000] {processor.py:840} INFO - DAG(s) 'example_weekday_branch_operator' retrieved from /home/airflow/.local/lib/python3.12/site-packages/airflow/example_dags/example_branch_day_of_week_operator.py
[2025-01-30T09:22:52.852+0000] {logging_mixin.py:188} INFO - [2025-01-30T09:22:52.852+0000] {dag.py:3096} INFO - Sync 1 DAGs
[2025-01-30T09:22:52.876+0000] {logging_mixin.py:188} INFO - [2025-01-30T09:22:52.875+0000] {dag.py:3954} INFO - Setting next_dagrun for example_weekday_branch_operator to 2025-01-29 00:00:00+00:00, run_after=2025-01-30 00:00:00+00:00
[2025-01-30T09:22:52.908+0000] {processor.py:183} INFO - Processing /home/airflow/.local/lib/python3.12/site-packages/airflow/example_dags/example_branch_day_of_week_operator.py took 0.093 seconds
[2025-01-30T09:23:23.390+0000] {processor.py:161} INFO - Started process (PID=466) to work on /home/airflow/.local/lib/python3.12/site-packages/airflow/example_dags/example_branch_day_of_week_operator.py
[2025-01-30T09:23:23.391+0000] {processor.py:830} INFO - Processing file /home/airflow/.local/lib/python3.12/site-packages/airflow/example_dags/example_branch_day_of_week_operator.py for tasks to queue
[2025-01-30T09:23:23.394+0000] {logging_mixin.py:188} INFO - [2025-01-30T09:23:23.393+0000] {dagbag.py:545} INFO - Filling up the DagBag from /home/airflow/.local/lib/python3.12/site-packages/airflow/example_dags/example_branch_day_of_week_operator.py
[2025-01-30T09:23:23.402+0000] {processor.py:840} INFO - DAG(s) 'example_weekday_branch_operator' retrieved from /home/airflow/.local/lib/python3.12/site-packages/airflow/example_dags/example_branch_day_of_week_operator.py
[2025-01-30T09:23:23.430+0000] {logging_mixin.py:188} INFO - [2025-01-30T09:23:23.430+0000] {dag.py:3096} INFO - Sync 1 DAGs
[2025-01-30T09:23:23.457+0000] {logging_mixin.py:188} INFO - [2025-01-30T09:23:23.457+0000] {dag.py:3954} INFO - Setting next_dagrun for example_weekday_branch_operator to 2025-01-29 00:00:00+00:00, run_after=2025-01-30 00:00:00+00:00
[2025-01-30T09:23:23.485+0000] {processor.py:183} INFO - Processing /home/airflow/.local/lib/python3.12/site-packages/airflow/example_dags/example_branch_day_of_week_operator.py took 0.108 seconds
[2025-01-30T09:23:54.144+0000] {processor.py:161} INFO - Started process (PID=524) to work on /home/airflow/.local/lib/python3.12/site-packages/airflow/example_dags/example_branch_day_of_week_operator.py
[2025-01-30T09:23:54.146+0000] {processor.py:830} INFO - Processing file /home/airflow/.local/lib/python3.12/site-packages/airflow/example_dags/example_branch_day_of_week_operator.py for tasks to queue
[2025-01-30T09:23:54.148+0000] {logging_mixin.py:188} INFO - [2025-01-30T09:23:54.147+0000] {dagbag.py:545} INFO - Filling up the DagBag from /home/airflow/.local/lib/python3.12/site-packages/airflow/example_dags/example_branch_day_of_week_operator.py
[2025-01-30T09:23:54.156+0000] {processor.py:840} INFO - DAG(s) 'example_weekday_branch_operator' retrieved from /home/airflow/.local/lib/python3.12/site-packages/airflow/example_dags/example_branch_day_of_week_operator.py
[2025-01-30T09:23:54.183+0000] {logging_mixin.py:188} INFO - [2025-01-30T09:23:54.183+0000] {dag.py:3096} INFO - Sync 1 DAGs
[2025-01-30T09:23:54.211+0000] {logging_mixin.py:188} INFO - [2025-01-30T09:23:54.211+0000] {dag.py:3954} INFO - Setting next_dagrun for example_weekday_branch_operator to 2025-01-29 00:00:00+00:00, run_after=2025-01-30 00:00:00+00:00
[2025-01-30T09:23:54.256+0000] {processor.py:183} INFO - Processing /home/airflow/.local/lib/python3.12/site-packages/airflow/example_dags/example_branch_day_of_week_operator.py took 0.117 seconds
[2025-01-30T09:24:24.569+0000] {processor.py:161} INFO - Started process (PID=582) to work on /home/airflow/.local/lib/python3.12/site-packages/airflow/example_dags/example_branch_day_of_week_operator.py
[2025-01-30T09:24:24.570+0000] {processor.py:830} INFO - Processing file /home/airflow/.local/lib/python3.12/site-packages/airflow/example_dags/example_branch_day_of_week_operator.py for tasks to queue
[2025-01-30T09:24:24.572+0000] {logging_mixin.py:188} INFO - [2025-01-30T09:24:24.571+0000] {dagbag.py:545} INFO - Filling up the DagBag from /home/airflow/.local/lib/python3.12/site-packages/airflow/example_dags/example_branch_day_of_week_operator.py
[2025-01-30T09:24:24.582+0000] {processor.py:840} INFO - DAG(s) 'example_weekday_branch_operator' retrieved from /home/airflow/.local/lib/python3.12/site-packages/airflow/example_dags/example_branch_day_of_week_operator.py
[2025-01-30T09:24:24.608+0000] {logging_mixin.py:188} INFO - [2025-01-30T09:24:24.607+0000] {dag.py:3096} INFO - Sync 1 DAGs
[2025-01-30T09:24:24.634+0000] {logging_mixin.py:188} INFO - [2025-01-30T09:24:24.634+0000] {dag.py:3954} INFO - Setting next_dagrun for example_weekday_branch_operator to 2025-01-29 00:00:00+00:00, run_after=2025-01-30 00:00:00+00:00
[2025-01-30T09:24:24.665+0000] {processor.py:183} INFO - Processing /home/airflow/.local/lib/python3.12/site-packages/airflow/example_dags/example_branch_day_of_week_operator.py took 0.101 seconds
[2025-01-30T09:24:55.579+0000] {processor.py:161} INFO - Started process (PID=640) to work on /home/airflow/.local/lib/python3.12/site-packages/airflow/example_dags/example_branch_day_of_week_operator.py
[2025-01-30T09:24:55.580+0000] {processor.py:830} INFO - Processing file /home/airflow/.local/lib/python3.12/site-packages/airflow/example_dags/example_branch_day_of_week_operator.py for tasks to queue
[2025-01-30T09:24:55.582+0000] {logging_mixin.py:188} INFO - [2025-01-30T09:24:55.582+0000] {dagbag.py:545} INFO - Filling up the DagBag from /home/airflow/.local/lib/python3.12/site-packages/airflow/example_dags/example_branch_day_of_week_operator.py
[2025-01-30T09:24:55.589+0000] {processor.py:840} INFO - DAG(s) 'example_weekday_branch_operator' retrieved from /home/airflow/.local/lib/python3.12/site-packages/airflow/example_dags/example_branch_day_of_week_operator.py
[2025-01-30T09:24:55.614+0000] {logging_mixin.py:188} INFO - [2025-01-30T09:24:55.614+0000] {dag.py:3096} INFO - Sync 1 DAGs
[2025-01-30T09:24:55.641+0000] {logging_mixin.py:188} INFO - [2025-01-30T09:24:55.640+0000] {dag.py:3954} INFO - Setting next_dagrun for example_weekday_branch_operator to 2025-01-29 00:00:00+00:00, run_after=2025-01-30 00:00:00+00:00
[2025-01-30T09:24:55.665+0000] {processor.py:183} INFO - Processing /home/airflow/.local/lib/python3.12/site-packages/airflow/example_dags/example_branch_day_of_week_operator.py took 0.092 seconds
