[2025-01-30T08:43:56.452+0000] {processor.py:161} INFO - Started process (PID=120) to work on /home/airflow/.local/lib/python3.12/site-packages/airflow/example_dags/example_task_group_decorator.py
[2025-01-30T08:43:56.453+0000] {processor.py:830} INFO - Processing file /home/airflow/.local/lib/python3.12/site-packages/airflow/example_dags/example_task_group_decorator.py for tasks to queue
[2025-01-30T08:43:56.455+0000] {logging_mixin.py:188} INFO - [2025-01-30T08:43:56.455+0000] {dagbag.py:545} INFO - Filling up the DagBag from /home/airflow/.local/lib/python3.12/site-packages/airflow/example_dags/example_task_group_decorator.py
[2025-01-30T08:43:56.471+0000] {processor.py:840} INFO - DAG(s) 'example_task_group_decorator' retrieved from /home/airflow/.local/lib/python3.12/site-packages/airflow/example_dags/example_task_group_decorator.py
[2025-01-30T08:43:56.589+0000] {logging_mixin.py:188} INFO - [2025-01-30T08:43:56.588+0000] {dag.py:3096} INFO - Sync 1 DAGs
[2025-01-30T08:43:56.611+0000] {logging_mixin.py:188} INFO - [2025-01-30T08:43:56.611+0000] {dag.py:3954} INFO - Setting next_dagrun for example_task_group_decorator to 2025-01-29 00:00:00+00:00, run_after=2025-01-30 00:00:00+00:00
[2025-01-30T08:43:56.637+0000] {processor.py:183} INFO - Processing /home/airflow/.local/lib/python3.12/site-packages/airflow/example_dags/example_task_group_decorator.py took 0.190 seconds
[2025-01-30T08:44:26.780+0000] {processor.py:161} INFO - Started process (PID=178) to work on /home/airflow/.local/lib/python3.12/site-packages/airflow/example_dags/example_task_group_decorator.py
[2025-01-30T08:44:26.781+0000] {processor.py:830} INFO - Processing file /home/airflow/.local/lib/python3.12/site-packages/airflow/example_dags/example_task_group_decorator.py for tasks to queue
[2025-01-30T08:44:26.783+0000] {logging_mixin.py:188} INFO - [2025-01-30T08:44:26.782+0000] {dagbag.py:545} INFO - Filling up the DagBag from /home/airflow/.local/lib/python3.12/site-packages/airflow/example_dags/example_task_group_decorator.py
[2025-01-30T08:44:26.796+0000] {processor.py:840} INFO - DAG(s) 'example_task_group_decorator' retrieved from /home/airflow/.local/lib/python3.12/site-packages/airflow/example_dags/example_task_group_decorator.py
[2025-01-30T08:44:26.822+0000] {logging_mixin.py:188} INFO - [2025-01-30T08:44:26.822+0000] {dag.py:3096} INFO - Sync 1 DAGs
[2025-01-30T08:44:26.846+0000] {logging_mixin.py:188} INFO - [2025-01-30T08:44:26.846+0000] {dag.py:3954} INFO - Setting next_dagrun for example_task_group_decorator to 2025-01-29 00:00:00+00:00, run_after=2025-01-30 00:00:00+00:00
[2025-01-30T08:44:26.870+0000] {processor.py:183} INFO - Processing /home/airflow/.local/lib/python3.12/site-packages/airflow/example_dags/example_task_group_decorator.py took 0.095 seconds
[2025-01-30T08:44:56.968+0000] {processor.py:161} INFO - Started process (PID=236) to work on /home/airflow/.local/lib/python3.12/site-packages/airflow/example_dags/example_task_group_decorator.py
[2025-01-30T08:44:56.969+0000] {processor.py:830} INFO - Processing file /home/airflow/.local/lib/python3.12/site-packages/airflow/example_dags/example_task_group_decorator.py for tasks to queue
[2025-01-30T08:44:56.972+0000] {logging_mixin.py:188} INFO - [2025-01-30T08:44:56.971+0000] {dagbag.py:545} INFO - Filling up the DagBag from /home/airflow/.local/lib/python3.12/site-packages/airflow/example_dags/example_task_group_decorator.py
[2025-01-30T08:44:56.985+0000] {processor.py:840} INFO - DAG(s) 'example_task_group_decorator' retrieved from /home/airflow/.local/lib/python3.12/site-packages/airflow/example_dags/example_task_group_decorator.py
[2025-01-30T08:44:57.012+0000] {logging_mixin.py:188} INFO - [2025-01-30T08:44:57.012+0000] {dag.py:3096} INFO - Sync 1 DAGs
[2025-01-30T08:44:57.035+0000] {logging_mixin.py:188} INFO - [2025-01-30T08:44:57.035+0000] {dag.py:3954} INFO - Setting next_dagrun for example_task_group_decorator to 2025-01-29 00:00:00+00:00, run_after=2025-01-30 00:00:00+00:00
[2025-01-30T08:44:57.060+0000] {processor.py:183} INFO - Processing /home/airflow/.local/lib/python3.12/site-packages/airflow/example_dags/example_task_group_decorator.py took 0.097 seconds
[2025-01-30T08:45:27.293+0000] {processor.py:161} INFO - Started process (PID=294) to work on /home/airflow/.local/lib/python3.12/site-packages/airflow/example_dags/example_task_group_decorator.py
[2025-01-30T08:45:27.294+0000] {processor.py:830} INFO - Processing file /home/airflow/.local/lib/python3.12/site-packages/airflow/example_dags/example_task_group_decorator.py for tasks to queue
[2025-01-30T08:45:27.297+0000] {logging_mixin.py:188} INFO - [2025-01-30T08:45:27.296+0000] {dagbag.py:545} INFO - Filling up the DagBag from /home/airflow/.local/lib/python3.12/site-packages/airflow/example_dags/example_task_group_decorator.py
[2025-01-30T08:45:27.314+0000] {processor.py:840} INFO - DAG(s) 'example_task_group_decorator' retrieved from /home/airflow/.local/lib/python3.12/site-packages/airflow/example_dags/example_task_group_decorator.py
[2025-01-30T08:45:27.346+0000] {logging_mixin.py:188} INFO - [2025-01-30T08:45:27.345+0000] {dag.py:3096} INFO - Sync 1 DAGs
[2025-01-30T08:45:27.374+0000] {logging_mixin.py:188} INFO - [2025-01-30T08:45:27.373+0000] {dag.py:3954} INFO - Setting next_dagrun for example_task_group_decorator to 2025-01-29 00:00:00+00:00, run_after=2025-01-30 00:00:00+00:00
[2025-01-30T08:45:27.403+0000] {processor.py:183} INFO - Processing /home/airflow/.local/lib/python3.12/site-packages/airflow/example_dags/example_task_group_decorator.py took 0.117 seconds
[2025-01-30T08:45:57.780+0000] {processor.py:161} INFO - Started process (PID=352) to work on /home/airflow/.local/lib/python3.12/site-packages/airflow/example_dags/example_task_group_decorator.py
[2025-01-30T08:45:57.781+0000] {processor.py:830} INFO - Processing file /home/airflow/.local/lib/python3.12/site-packages/airflow/example_dags/example_task_group_decorator.py for tasks to queue
[2025-01-30T08:45:57.783+0000] {logging_mixin.py:188} INFO - [2025-01-30T08:45:57.782+0000] {dagbag.py:545} INFO - Filling up the DagBag from /home/airflow/.local/lib/python3.12/site-packages/airflow/example_dags/example_task_group_decorator.py
[2025-01-30T08:45:57.798+0000] {processor.py:840} INFO - DAG(s) 'example_task_group_decorator' retrieved from /home/airflow/.local/lib/python3.12/site-packages/airflow/example_dags/example_task_group_decorator.py
[2025-01-30T08:45:57.825+0000] {logging_mixin.py:188} INFO - [2025-01-30T08:45:57.825+0000] {dag.py:3096} INFO - Sync 1 DAGs
[2025-01-30T08:45:57.848+0000] {logging_mixin.py:188} INFO - [2025-01-30T08:45:57.847+0000] {dag.py:3954} INFO - Setting next_dagrun for example_task_group_decorator to 2025-01-29 00:00:00+00:00, run_after=2025-01-30 00:00:00+00:00
[2025-01-30T08:45:57.870+0000] {processor.py:183} INFO - Processing /home/airflow/.local/lib/python3.12/site-packages/airflow/example_dags/example_task_group_decorator.py took 0.096 seconds
[2025-01-30T08:46:28.726+0000] {processor.py:161} INFO - Started process (PID=409) to work on /home/airflow/.local/lib/python3.12/site-packages/airflow/example_dags/example_task_group_decorator.py
[2025-01-30T08:46:28.728+0000] {processor.py:830} INFO - Processing file /home/airflow/.local/lib/python3.12/site-packages/airflow/example_dags/example_task_group_decorator.py for tasks to queue
[2025-01-30T08:46:28.730+0000] {logging_mixin.py:188} INFO - [2025-01-30T08:46:28.730+0000] {dagbag.py:545} INFO - Filling up the DagBag from /home/airflow/.local/lib/python3.12/site-packages/airflow/example_dags/example_task_group_decorator.py
[2025-01-30T08:46:28.747+0000] {processor.py:840} INFO - DAG(s) 'example_task_group_decorator' retrieved from /home/airflow/.local/lib/python3.12/site-packages/airflow/example_dags/example_task_group_decorator.py
[2025-01-30T08:46:28.777+0000] {logging_mixin.py:188} INFO - [2025-01-30T08:46:28.777+0000] {dag.py:3096} INFO - Sync 1 DAGs
[2025-01-30T08:46:28.805+0000] {logging_mixin.py:188} INFO - [2025-01-30T08:46:28.804+0000] {dag.py:3954} INFO - Setting next_dagrun for example_task_group_decorator to 2025-01-29 00:00:00+00:00, run_after=2025-01-30 00:00:00+00:00
[2025-01-30T08:46:28.831+0000] {processor.py:183} INFO - Processing /home/airflow/.local/lib/python3.12/site-packages/airflow/example_dags/example_task_group_decorator.py took 0.111 seconds
[2025-01-30T08:46:59.198+0000] {processor.py:161} INFO - Started process (PID=467) to work on /home/airflow/.local/lib/python3.12/site-packages/airflow/example_dags/example_task_group_decorator.py
[2025-01-30T08:46:59.200+0000] {processor.py:830} INFO - Processing file /home/airflow/.local/lib/python3.12/site-packages/airflow/example_dags/example_task_group_decorator.py for tasks to queue
[2025-01-30T08:46:59.202+0000] {logging_mixin.py:188} INFO - [2025-01-30T08:46:59.202+0000] {dagbag.py:545} INFO - Filling up the DagBag from /home/airflow/.local/lib/python3.12/site-packages/airflow/example_dags/example_task_group_decorator.py
[2025-01-30T08:46:59.221+0000] {processor.py:840} INFO - DAG(s) 'example_task_group_decorator' retrieved from /home/airflow/.local/lib/python3.12/site-packages/airflow/example_dags/example_task_group_decorator.py
[2025-01-30T08:46:59.262+0000] {logging_mixin.py:188} INFO - [2025-01-30T08:46:59.262+0000] {dag.py:3096} INFO - Sync 1 DAGs
[2025-01-30T08:46:59.290+0000] {logging_mixin.py:188} INFO - [2025-01-30T08:46:59.289+0000] {dag.py:3954} INFO - Setting next_dagrun for example_task_group_decorator to 2025-01-29 00:00:00+00:00, run_after=2025-01-30 00:00:00+00:00
[2025-01-30T08:46:59.324+0000] {processor.py:183} INFO - Processing /home/airflow/.local/lib/python3.12/site-packages/airflow/example_dags/example_task_group_decorator.py took 0.131 seconds
[2025-01-30T08:47:29.392+0000] {processor.py:161} INFO - Started process (PID=525) to work on /home/airflow/.local/lib/python3.12/site-packages/airflow/example_dags/example_task_group_decorator.py
[2025-01-30T08:47:29.393+0000] {processor.py:830} INFO - Processing file /home/airflow/.local/lib/python3.12/site-packages/airflow/example_dags/example_task_group_decorator.py for tasks to queue
[2025-01-30T08:47:29.395+0000] {logging_mixin.py:188} INFO - [2025-01-30T08:47:29.395+0000] {dagbag.py:545} INFO - Filling up the DagBag from /home/airflow/.local/lib/python3.12/site-packages/airflow/example_dags/example_task_group_decorator.py
[2025-01-30T08:47:29.409+0000] {processor.py:840} INFO - DAG(s) 'example_task_group_decorator' retrieved from /home/airflow/.local/lib/python3.12/site-packages/airflow/example_dags/example_task_group_decorator.py
[2025-01-30T08:47:29.437+0000] {logging_mixin.py:188} INFO - [2025-01-30T08:47:29.436+0000] {dag.py:3096} INFO - Sync 1 DAGs
[2025-01-30T08:47:29.460+0000] {logging_mixin.py:188} INFO - [2025-01-30T08:47:29.460+0000] {dag.py:3954} INFO - Setting next_dagrun for example_task_group_decorator to 2025-01-29 00:00:00+00:00, run_after=2025-01-30 00:00:00+00:00
[2025-01-30T08:47:29.483+0000] {processor.py:183} INFO - Processing /home/airflow/.local/lib/python3.12/site-packages/airflow/example_dags/example_task_group_decorator.py took 0.096 seconds
[2025-01-30T08:47:59.884+0000] {processor.py:161} INFO - Started process (PID=583) to work on /home/airflow/.local/lib/python3.12/site-packages/airflow/example_dags/example_task_group_decorator.py
[2025-01-30T08:47:59.886+0000] {processor.py:830} INFO - Processing file /home/airflow/.local/lib/python3.12/site-packages/airflow/example_dags/example_task_group_decorator.py for tasks to queue
[2025-01-30T08:47:59.887+0000] {logging_mixin.py:188} INFO - [2025-01-30T08:47:59.887+0000] {dagbag.py:545} INFO - Filling up the DagBag from /home/airflow/.local/lib/python3.12/site-packages/airflow/example_dags/example_task_group_decorator.py
[2025-01-30T08:47:59.902+0000] {processor.py:840} INFO - DAG(s) 'example_task_group_decorator' retrieved from /home/airflow/.local/lib/python3.12/site-packages/airflow/example_dags/example_task_group_decorator.py
[2025-01-30T08:47:59.934+0000] {logging_mixin.py:188} INFO - [2025-01-30T08:47:59.934+0000] {dag.py:3096} INFO - Sync 1 DAGs
[2025-01-30T08:47:59.964+0000] {logging_mixin.py:188} INFO - [2025-01-30T08:47:59.963+0000] {dag.py:3954} INFO - Setting next_dagrun for example_task_group_decorator to 2025-01-29 00:00:00+00:00, run_after=2025-01-30 00:00:00+00:00
[2025-01-30T08:47:59.985+0000] {processor.py:183} INFO - Processing /home/airflow/.local/lib/python3.12/site-packages/airflow/example_dags/example_task_group_decorator.py took 0.106 seconds
[2025-01-30T08:48:30.063+0000] {processor.py:161} INFO - Started process (PID=641) to work on /home/airflow/.local/lib/python3.12/site-packages/airflow/example_dags/example_task_group_decorator.py
[2025-01-30T08:48:30.065+0000] {processor.py:830} INFO - Processing file /home/airflow/.local/lib/python3.12/site-packages/airflow/example_dags/example_task_group_decorator.py for tasks to queue
[2025-01-30T08:48:30.066+0000] {logging_mixin.py:188} INFO - [2025-01-30T08:48:30.066+0000] {dagbag.py:545} INFO - Filling up the DagBag from /home/airflow/.local/lib/python3.12/site-packages/airflow/example_dags/example_task_group_decorator.py
[2025-01-30T08:48:30.081+0000] {processor.py:840} INFO - DAG(s) 'example_task_group_decorator' retrieved from /home/airflow/.local/lib/python3.12/site-packages/airflow/example_dags/example_task_group_decorator.py
[2025-01-30T08:48:30.110+0000] {logging_mixin.py:188} INFO - [2025-01-30T08:48:30.110+0000] {dag.py:3096} INFO - Sync 1 DAGs
[2025-01-30T08:48:30.135+0000] {logging_mixin.py:188} INFO - [2025-01-30T08:48:30.135+0000] {dag.py:3954} INFO - Setting next_dagrun for example_task_group_decorator to 2025-01-29 00:00:00+00:00, run_after=2025-01-30 00:00:00+00:00
[2025-01-30T08:48:30.161+0000] {processor.py:183} INFO - Processing /home/airflow/.local/lib/python3.12/site-packages/airflow/example_dags/example_task_group_decorator.py took 0.102 seconds
[2025-01-30T08:49:00.611+0000] {processor.py:161} INFO - Started process (PID=699) to work on /home/airflow/.local/lib/python3.12/site-packages/airflow/example_dags/example_task_group_decorator.py
[2025-01-30T08:49:00.613+0000] {processor.py:830} INFO - Processing file /home/airflow/.local/lib/python3.12/site-packages/airflow/example_dags/example_task_group_decorator.py for tasks to queue
[2025-01-30T08:49:00.615+0000] {logging_mixin.py:188} INFO - [2025-01-30T08:49:00.615+0000] {dagbag.py:545} INFO - Filling up the DagBag from /home/airflow/.local/lib/python3.12/site-packages/airflow/example_dags/example_task_group_decorator.py
[2025-01-30T08:49:00.629+0000] {processor.py:840} INFO - DAG(s) 'example_task_group_decorator' retrieved from /home/airflow/.local/lib/python3.12/site-packages/airflow/example_dags/example_task_group_decorator.py
[2025-01-30T08:49:00.658+0000] {logging_mixin.py:188} INFO - [2025-01-30T08:49:00.658+0000] {dag.py:3096} INFO - Sync 1 DAGs
[2025-01-30T08:49:00.682+0000] {logging_mixin.py:188} INFO - [2025-01-30T08:49:00.681+0000] {dag.py:3954} INFO - Setting next_dagrun for example_task_group_decorator to 2025-01-29 00:00:00+00:00, run_after=2025-01-30 00:00:00+00:00
[2025-01-30T08:49:00.721+0000] {processor.py:183} INFO - Processing /home/airflow/.local/lib/python3.12/site-packages/airflow/example_dags/example_task_group_decorator.py took 0.114 seconds
[2025-01-30T08:49:30.832+0000] {processor.py:161} INFO - Started process (PID=757) to work on /home/airflow/.local/lib/python3.12/site-packages/airflow/example_dags/example_task_group_decorator.py
[2025-01-30T08:49:30.833+0000] {processor.py:830} INFO - Processing file /home/airflow/.local/lib/python3.12/site-packages/airflow/example_dags/example_task_group_decorator.py for tasks to queue
[2025-01-30T08:49:30.835+0000] {logging_mixin.py:188} INFO - [2025-01-30T08:49:30.834+0000] {dagbag.py:545} INFO - Filling up the DagBag from /home/airflow/.local/lib/python3.12/site-packages/airflow/example_dags/example_task_group_decorator.py
[2025-01-30T08:49:30.848+0000] {processor.py:840} INFO - DAG(s) 'example_task_group_decorator' retrieved from /home/airflow/.local/lib/python3.12/site-packages/airflow/example_dags/example_task_group_decorator.py
[2025-01-30T08:49:30.874+0000] {logging_mixin.py:188} INFO - [2025-01-30T08:49:30.874+0000] {dag.py:3096} INFO - Sync 1 DAGs
[2025-01-30T08:49:30.897+0000] {logging_mixin.py:188} INFO - [2025-01-30T08:49:30.897+0000] {dag.py:3954} INFO - Setting next_dagrun for example_task_group_decorator to 2025-01-29 00:00:00+00:00, run_after=2025-01-30 00:00:00+00:00
[2025-01-30T08:49:30.921+0000] {processor.py:183} INFO - Processing /home/airflow/.local/lib/python3.12/site-packages/airflow/example_dags/example_task_group_decorator.py took 0.094 seconds
[2025-01-30T08:50:01.310+0000] {processor.py:161} INFO - Started process (PID=815) to work on /home/airflow/.local/lib/python3.12/site-packages/airflow/example_dags/example_task_group_decorator.py
[2025-01-30T08:50:01.311+0000] {processor.py:830} INFO - Processing file /home/airflow/.local/lib/python3.12/site-packages/airflow/example_dags/example_task_group_decorator.py for tasks to queue
[2025-01-30T08:50:01.313+0000] {logging_mixin.py:188} INFO - [2025-01-30T08:50:01.312+0000] {dagbag.py:545} INFO - Filling up the DagBag from /home/airflow/.local/lib/python3.12/site-packages/airflow/example_dags/example_task_group_decorator.py
[2025-01-30T08:50:01.326+0000] {processor.py:840} INFO - DAG(s) 'example_task_group_decorator' retrieved from /home/airflow/.local/lib/python3.12/site-packages/airflow/example_dags/example_task_group_decorator.py
[2025-01-30T08:50:01.352+0000] {logging_mixin.py:188} INFO - [2025-01-30T08:50:01.352+0000] {dag.py:3096} INFO - Sync 1 DAGs
[2025-01-30T08:50:01.374+0000] {logging_mixin.py:188} INFO - [2025-01-30T08:50:01.374+0000] {dag.py:3954} INFO - Setting next_dagrun for example_task_group_decorator to 2025-01-29 00:00:00+00:00, run_after=2025-01-30 00:00:00+00:00
[2025-01-30T08:50:01.398+0000] {processor.py:183} INFO - Processing /home/airflow/.local/lib/python3.12/site-packages/airflow/example_dags/example_task_group_decorator.py took 0.094 seconds
[2025-01-30T08:50:31.824+0000] {processor.py:161} INFO - Started process (PID=873) to work on /home/airflow/.local/lib/python3.12/site-packages/airflow/example_dags/example_task_group_decorator.py
[2025-01-30T08:50:31.825+0000] {processor.py:830} INFO - Processing file /home/airflow/.local/lib/python3.12/site-packages/airflow/example_dags/example_task_group_decorator.py for tasks to queue
[2025-01-30T08:50:31.827+0000] {logging_mixin.py:188} INFO - [2025-01-30T08:50:31.827+0000] {dagbag.py:545} INFO - Filling up the DagBag from /home/airflow/.local/lib/python3.12/site-packages/airflow/example_dags/example_task_group_decorator.py
[2025-01-30T08:50:31.842+0000] {processor.py:840} INFO - DAG(s) 'example_task_group_decorator' retrieved from /home/airflow/.local/lib/python3.12/site-packages/airflow/example_dags/example_task_group_decorator.py
[2025-01-30T08:50:31.873+0000] {logging_mixin.py:188} INFO - [2025-01-30T08:50:31.873+0000] {dag.py:3096} INFO - Sync 1 DAGs
[2025-01-30T08:50:31.910+0000] {logging_mixin.py:188} INFO - [2025-01-30T08:50:31.910+0000] {dag.py:3954} INFO - Setting next_dagrun for example_task_group_decorator to 2025-01-29 00:00:00+00:00, run_after=2025-01-30 00:00:00+00:00
[2025-01-30T08:50:31.942+0000] {processor.py:183} INFO - Processing /home/airflow/.local/lib/python3.12/site-packages/airflow/example_dags/example_task_group_decorator.py took 0.123 seconds
[2025-01-30T08:51:02.013+0000] {processor.py:161} INFO - Started process (PID=931) to work on /home/airflow/.local/lib/python3.12/site-packages/airflow/example_dags/example_task_group_decorator.py
[2025-01-30T08:51:02.014+0000] {processor.py:830} INFO - Processing file /home/airflow/.local/lib/python3.12/site-packages/airflow/example_dags/example_task_group_decorator.py for tasks to queue
[2025-01-30T08:51:02.016+0000] {logging_mixin.py:188} INFO - [2025-01-30T08:51:02.016+0000] {dagbag.py:545} INFO - Filling up the DagBag from /home/airflow/.local/lib/python3.12/site-packages/airflow/example_dags/example_task_group_decorator.py
[2025-01-30T08:51:02.029+0000] {processor.py:840} INFO - DAG(s) 'example_task_group_decorator' retrieved from /home/airflow/.local/lib/python3.12/site-packages/airflow/example_dags/example_task_group_decorator.py
[2025-01-30T08:51:02.059+0000] {logging_mixin.py:188} INFO - [2025-01-30T08:51:02.058+0000] {dag.py:3096} INFO - Sync 1 DAGs
[2025-01-30T08:51:02.082+0000] {logging_mixin.py:188} INFO - [2025-01-30T08:51:02.082+0000] {dag.py:3954} INFO - Setting next_dagrun for example_task_group_decorator to 2025-01-29 00:00:00+00:00, run_after=2025-01-30 00:00:00+00:00
[2025-01-30T08:51:02.105+0000] {processor.py:183} INFO - Processing /home/airflow/.local/lib/python3.12/site-packages/airflow/example_dags/example_task_group_decorator.py took 0.096 seconds
[2025-01-30T08:51:32.557+0000] {processor.py:161} INFO - Started process (PID=989) to work on /home/airflow/.local/lib/python3.12/site-packages/airflow/example_dags/example_task_group_decorator.py
[2025-01-30T08:51:32.558+0000] {processor.py:830} INFO - Processing file /home/airflow/.local/lib/python3.12/site-packages/airflow/example_dags/example_task_group_decorator.py for tasks to queue
[2025-01-30T08:51:32.560+0000] {logging_mixin.py:188} INFO - [2025-01-30T08:51:32.560+0000] {dagbag.py:545} INFO - Filling up the DagBag from /home/airflow/.local/lib/python3.12/site-packages/airflow/example_dags/example_task_group_decorator.py
[2025-01-30T08:51:32.577+0000] {processor.py:840} INFO - DAG(s) 'example_task_group_decorator' retrieved from /home/airflow/.local/lib/python3.12/site-packages/airflow/example_dags/example_task_group_decorator.py
[2025-01-30T08:51:32.602+0000] {logging_mixin.py:188} INFO - [2025-01-30T08:51:32.602+0000] {dag.py:3096} INFO - Sync 1 DAGs
[2025-01-30T08:51:32.628+0000] {logging_mixin.py:188} INFO - [2025-01-30T08:51:32.628+0000] {dag.py:3954} INFO - Setting next_dagrun for example_task_group_decorator to 2025-01-29 00:00:00+00:00, run_after=2025-01-30 00:00:00+00:00
[2025-01-30T08:51:32.651+0000] {processor.py:183} INFO - Processing /home/airflow/.local/lib/python3.12/site-packages/airflow/example_dags/example_task_group_decorator.py took 0.101 seconds
[2025-01-30T08:52:02.980+0000] {processor.py:161} INFO - Started process (PID=1047) to work on /home/airflow/.local/lib/python3.12/site-packages/airflow/example_dags/example_task_group_decorator.py
[2025-01-30T08:52:02.982+0000] {processor.py:830} INFO - Processing file /home/airflow/.local/lib/python3.12/site-packages/airflow/example_dags/example_task_group_decorator.py for tasks to queue
[2025-01-30T08:52:02.985+0000] {logging_mixin.py:188} INFO - [2025-01-30T08:52:02.984+0000] {dagbag.py:545} INFO - Filling up the DagBag from /home/airflow/.local/lib/python3.12/site-packages/airflow/example_dags/example_task_group_decorator.py
[2025-01-30T08:52:03.000+0000] {processor.py:840} INFO - DAG(s) 'example_task_group_decorator' retrieved from /home/airflow/.local/lib/python3.12/site-packages/airflow/example_dags/example_task_group_decorator.py
[2025-01-30T08:52:03.027+0000] {logging_mixin.py:188} INFO - [2025-01-30T08:52:03.026+0000] {dag.py:3096} INFO - Sync 1 DAGs
[2025-01-30T08:52:03.050+0000] {logging_mixin.py:188} INFO - [2025-01-30T08:52:03.050+0000] {dag.py:3954} INFO - Setting next_dagrun for example_task_group_decorator to 2025-01-29 00:00:00+00:00, run_after=2025-01-30 00:00:00+00:00
[2025-01-30T08:52:03.072+0000] {processor.py:183} INFO - Processing /home/airflow/.local/lib/python3.12/site-packages/airflow/example_dags/example_task_group_decorator.py took 0.097 seconds
[2025-01-30T08:52:33.330+0000] {processor.py:161} INFO - Started process (PID=1105) to work on /home/airflow/.local/lib/python3.12/site-packages/airflow/example_dags/example_task_group_decorator.py
[2025-01-30T08:52:33.331+0000] {processor.py:830} INFO - Processing file /home/airflow/.local/lib/python3.12/site-packages/airflow/example_dags/example_task_group_decorator.py for tasks to queue
[2025-01-30T08:52:33.333+0000] {logging_mixin.py:188} INFO - [2025-01-30T08:52:33.333+0000] {dagbag.py:545} INFO - Filling up the DagBag from /home/airflow/.local/lib/python3.12/site-packages/airflow/example_dags/example_task_group_decorator.py
[2025-01-30T08:52:33.350+0000] {processor.py:840} INFO - DAG(s) 'example_task_group_decorator' retrieved from /home/airflow/.local/lib/python3.12/site-packages/airflow/example_dags/example_task_group_decorator.py
[2025-01-30T08:52:33.383+0000] {logging_mixin.py:188} INFO - [2025-01-30T08:52:33.382+0000] {dag.py:3096} INFO - Sync 1 DAGs
[2025-01-30T08:52:33.413+0000] {logging_mixin.py:188} INFO - [2025-01-30T08:52:33.413+0000] {dag.py:3954} INFO - Setting next_dagrun for example_task_group_decorator to 2025-01-29 00:00:00+00:00, run_after=2025-01-30 00:00:00+00:00
[2025-01-30T08:52:33.451+0000] {processor.py:183} INFO - Processing /home/airflow/.local/lib/python3.12/site-packages/airflow/example_dags/example_task_group_decorator.py took 0.126 seconds
[2025-01-30T08:53:03.634+0000] {processor.py:161} INFO - Started process (PID=1163) to work on /home/airflow/.local/lib/python3.12/site-packages/airflow/example_dags/example_task_group_decorator.py
[2025-01-30T08:53:03.636+0000] {processor.py:830} INFO - Processing file /home/airflow/.local/lib/python3.12/site-packages/airflow/example_dags/example_task_group_decorator.py for tasks to queue
[2025-01-30T08:53:03.638+0000] {logging_mixin.py:188} INFO - [2025-01-30T08:53:03.638+0000] {dagbag.py:545} INFO - Filling up the DagBag from /home/airflow/.local/lib/python3.12/site-packages/airflow/example_dags/example_task_group_decorator.py
[2025-01-30T08:53:03.652+0000] {processor.py:840} INFO - DAG(s) 'example_task_group_decorator' retrieved from /home/airflow/.local/lib/python3.12/site-packages/airflow/example_dags/example_task_group_decorator.py
[2025-01-30T08:53:03.677+0000] {logging_mixin.py:188} INFO - [2025-01-30T08:53:03.677+0000] {dag.py:3096} INFO - Sync 1 DAGs
[2025-01-30T08:53:03.702+0000] {logging_mixin.py:188} INFO - [2025-01-30T08:53:03.702+0000] {dag.py:3954} INFO - Setting next_dagrun for example_task_group_decorator to 2025-01-29 00:00:00+00:00, run_after=2025-01-30 00:00:00+00:00
[2025-01-30T08:53:03.725+0000] {processor.py:183} INFO - Processing /home/airflow/.local/lib/python3.12/site-packages/airflow/example_dags/example_task_group_decorator.py took 0.096 seconds
[2025-01-30T08:53:34.051+0000] {processor.py:161} INFO - Started process (PID=1221) to work on /home/airflow/.local/lib/python3.12/site-packages/airflow/example_dags/example_task_group_decorator.py
[2025-01-30T08:53:34.052+0000] {processor.py:830} INFO - Processing file /home/airflow/.local/lib/python3.12/site-packages/airflow/example_dags/example_task_group_decorator.py for tasks to queue
[2025-01-30T08:53:34.054+0000] {logging_mixin.py:188} INFO - [2025-01-30T08:53:34.054+0000] {dagbag.py:545} INFO - Filling up the DagBag from /home/airflow/.local/lib/python3.12/site-packages/airflow/example_dags/example_task_group_decorator.py
[2025-01-30T08:53:34.072+0000] {processor.py:840} INFO - DAG(s) 'example_task_group_decorator' retrieved from /home/airflow/.local/lib/python3.12/site-packages/airflow/example_dags/example_task_group_decorator.py
[2025-01-30T08:53:34.097+0000] {logging_mixin.py:188} INFO - [2025-01-30T08:53:34.096+0000] {dag.py:3096} INFO - Sync 1 DAGs
[2025-01-30T08:53:34.122+0000] {logging_mixin.py:188} INFO - [2025-01-30T08:53:34.122+0000] {dag.py:3954} INFO - Setting next_dagrun for example_task_group_decorator to 2025-01-29 00:00:00+00:00, run_after=2025-01-30 00:00:00+00:00
[2025-01-30T08:53:34.145+0000] {processor.py:183} INFO - Processing /home/airflow/.local/lib/python3.12/site-packages/airflow/example_dags/example_task_group_decorator.py took 0.099 seconds
[2025-01-30T08:54:04.438+0000] {processor.py:161} INFO - Started process (PID=1279) to work on /home/airflow/.local/lib/python3.12/site-packages/airflow/example_dags/example_task_group_decorator.py
[2025-01-30T08:54:04.439+0000] {processor.py:830} INFO - Processing file /home/airflow/.local/lib/python3.12/site-packages/airflow/example_dags/example_task_group_decorator.py for tasks to queue
[2025-01-30T08:54:04.440+0000] {logging_mixin.py:188} INFO - [2025-01-30T08:54:04.440+0000] {dagbag.py:545} INFO - Filling up the DagBag from /home/airflow/.local/lib/python3.12/site-packages/airflow/example_dags/example_task_group_decorator.py
[2025-01-30T08:54:04.453+0000] {processor.py:840} INFO - DAG(s) 'example_task_group_decorator' retrieved from /home/airflow/.local/lib/python3.12/site-packages/airflow/example_dags/example_task_group_decorator.py
[2025-01-30T08:54:04.481+0000] {logging_mixin.py:188} INFO - [2025-01-30T08:54:04.480+0000] {dag.py:3096} INFO - Sync 1 DAGs
[2025-01-30T08:54:04.504+0000] {logging_mixin.py:188} INFO - [2025-01-30T08:54:04.503+0000] {dag.py:3954} INFO - Setting next_dagrun for example_task_group_decorator to 2025-01-29 00:00:00+00:00, run_after=2025-01-30 00:00:00+00:00
[2025-01-30T08:54:04.525+0000] {processor.py:183} INFO - Processing /home/airflow/.local/lib/python3.12/site-packages/airflow/example_dags/example_task_group_decorator.py took 0.093 seconds
[2025-01-30T08:54:35.149+0000] {processor.py:161} INFO - Started process (PID=1337) to work on /home/airflow/.local/lib/python3.12/site-packages/airflow/example_dags/example_task_group_decorator.py
[2025-01-30T08:54:35.152+0000] {processor.py:830} INFO - Processing file /home/airflow/.local/lib/python3.12/site-packages/airflow/example_dags/example_task_group_decorator.py for tasks to queue
[2025-01-30T08:54:35.154+0000] {logging_mixin.py:188} INFO - [2025-01-30T08:54:35.154+0000] {dagbag.py:545} INFO - Filling up the DagBag from /home/airflow/.local/lib/python3.12/site-packages/airflow/example_dags/example_task_group_decorator.py
[2025-01-30T08:54:35.171+0000] {processor.py:840} INFO - DAG(s) 'example_task_group_decorator' retrieved from /home/airflow/.local/lib/python3.12/site-packages/airflow/example_dags/example_task_group_decorator.py
[2025-01-30T08:54:35.198+0000] {logging_mixin.py:188} INFO - [2025-01-30T08:54:35.197+0000] {dag.py:3096} INFO - Sync 1 DAGs
[2025-01-30T08:54:35.223+0000] {logging_mixin.py:188} INFO - [2025-01-30T08:54:35.223+0000] {dag.py:3954} INFO - Setting next_dagrun for example_task_group_decorator to 2025-01-29 00:00:00+00:00, run_after=2025-01-30 00:00:00+00:00
[2025-01-30T08:54:35.245+0000] {processor.py:183} INFO - Processing /home/airflow/.local/lib/python3.12/site-packages/airflow/example_dags/example_task_group_decorator.py took 0.102 seconds
[2025-01-30T08:55:05.892+0000] {processor.py:161} INFO - Started process (PID=1395) to work on /home/airflow/.local/lib/python3.12/site-packages/airflow/example_dags/example_task_group_decorator.py
[2025-01-30T08:55:05.893+0000] {processor.py:830} INFO - Processing file /home/airflow/.local/lib/python3.12/site-packages/airflow/example_dags/example_task_group_decorator.py for tasks to queue
[2025-01-30T08:55:05.895+0000] {logging_mixin.py:188} INFO - [2025-01-30T08:55:05.894+0000] {dagbag.py:545} INFO - Filling up the DagBag from /home/airflow/.local/lib/python3.12/site-packages/airflow/example_dags/example_task_group_decorator.py
[2025-01-30T08:55:05.910+0000] {processor.py:840} INFO - DAG(s) 'example_task_group_decorator' retrieved from /home/airflow/.local/lib/python3.12/site-packages/airflow/example_dags/example_task_group_decorator.py
[2025-01-30T08:55:05.937+0000] {logging_mixin.py:188} INFO - [2025-01-30T08:55:05.936+0000] {dag.py:3096} INFO - Sync 1 DAGs
[2025-01-30T08:55:05.960+0000] {logging_mixin.py:188} INFO - [2025-01-30T08:55:05.960+0000] {dag.py:3954} INFO - Setting next_dagrun for example_task_group_decorator to 2025-01-29 00:00:00+00:00, run_after=2025-01-30 00:00:00+00:00
[2025-01-30T08:55:05.984+0000] {processor.py:183} INFO - Processing /home/airflow/.local/lib/python3.12/site-packages/airflow/example_dags/example_task_group_decorator.py took 0.098 seconds
[2025-01-30T08:55:36.889+0000] {processor.py:161} INFO - Started process (PID=1453) to work on /home/airflow/.local/lib/python3.12/site-packages/airflow/example_dags/example_task_group_decorator.py
[2025-01-30T08:55:36.890+0000] {processor.py:830} INFO - Processing file /home/airflow/.local/lib/python3.12/site-packages/airflow/example_dags/example_task_group_decorator.py for tasks to queue
[2025-01-30T08:55:36.892+0000] {logging_mixin.py:188} INFO - [2025-01-30T08:55:36.891+0000] {dagbag.py:545} INFO - Filling up the DagBag from /home/airflow/.local/lib/python3.12/site-packages/airflow/example_dags/example_task_group_decorator.py
[2025-01-30T08:55:36.906+0000] {processor.py:840} INFO - DAG(s) 'example_task_group_decorator' retrieved from /home/airflow/.local/lib/python3.12/site-packages/airflow/example_dags/example_task_group_decorator.py
[2025-01-30T08:55:36.930+0000] {logging_mixin.py:188} INFO - [2025-01-30T08:55:36.930+0000] {dag.py:3096} INFO - Sync 1 DAGs
[2025-01-30T08:55:36.954+0000] {logging_mixin.py:188} INFO - [2025-01-30T08:55:36.953+0000] {dag.py:3954} INFO - Setting next_dagrun for example_task_group_decorator to 2025-01-29 00:00:00+00:00, run_after=2025-01-30 00:00:00+00:00
[2025-01-30T08:55:36.977+0000] {processor.py:183} INFO - Processing /home/airflow/.local/lib/python3.12/site-packages/airflow/example_dags/example_task_group_decorator.py took 0.093 seconds
[2025-01-30T08:56:07.275+0000] {processor.py:161} INFO - Started process (PID=1511) to work on /home/airflow/.local/lib/python3.12/site-packages/airflow/example_dags/example_task_group_decorator.py
[2025-01-30T08:56:07.276+0000] {processor.py:830} INFO - Processing file /home/airflow/.local/lib/python3.12/site-packages/airflow/example_dags/example_task_group_decorator.py for tasks to queue
[2025-01-30T08:56:07.278+0000] {logging_mixin.py:188} INFO - [2025-01-30T08:56:07.278+0000] {dagbag.py:545} INFO - Filling up the DagBag from /home/airflow/.local/lib/python3.12/site-packages/airflow/example_dags/example_task_group_decorator.py
[2025-01-30T08:56:07.293+0000] {processor.py:840} INFO - DAG(s) 'example_task_group_decorator' retrieved from /home/airflow/.local/lib/python3.12/site-packages/airflow/example_dags/example_task_group_decorator.py
[2025-01-30T08:56:07.317+0000] {logging_mixin.py:188} INFO - [2025-01-30T08:56:07.317+0000] {dag.py:3096} INFO - Sync 1 DAGs
[2025-01-30T08:56:07.339+0000] {logging_mixin.py:188} INFO - [2025-01-30T08:56:07.339+0000] {dag.py:3954} INFO - Setting next_dagrun for example_task_group_decorator to 2025-01-29 00:00:00+00:00, run_after=2025-01-30 00:00:00+00:00
[2025-01-30T08:56:07.362+0000] {processor.py:183} INFO - Processing /home/airflow/.local/lib/python3.12/site-packages/airflow/example_dags/example_task_group_decorator.py took 0.093 seconds
[2025-01-30T08:56:37.455+0000] {processor.py:161} INFO - Started process (PID=1569) to work on /home/airflow/.local/lib/python3.12/site-packages/airflow/example_dags/example_task_group_decorator.py
[2025-01-30T08:56:37.456+0000] {processor.py:830} INFO - Processing file /home/airflow/.local/lib/python3.12/site-packages/airflow/example_dags/example_task_group_decorator.py for tasks to queue
[2025-01-30T08:56:37.458+0000] {logging_mixin.py:188} INFO - [2025-01-30T08:56:37.458+0000] {dagbag.py:545} INFO - Filling up the DagBag from /home/airflow/.local/lib/python3.12/site-packages/airflow/example_dags/example_task_group_decorator.py
[2025-01-30T08:56:37.474+0000] {processor.py:840} INFO - DAG(s) 'example_task_group_decorator' retrieved from /home/airflow/.local/lib/python3.12/site-packages/airflow/example_dags/example_task_group_decorator.py
[2025-01-30T08:56:37.500+0000] {logging_mixin.py:188} INFO - [2025-01-30T08:56:37.500+0000] {dag.py:3096} INFO - Sync 1 DAGs
[2025-01-30T08:56:37.525+0000] {logging_mixin.py:188} INFO - [2025-01-30T08:56:37.525+0000] {dag.py:3954} INFO - Setting next_dagrun for example_task_group_decorator to 2025-01-29 00:00:00+00:00, run_after=2025-01-30 00:00:00+00:00
[2025-01-30T08:56:37.549+0000] {processor.py:183} INFO - Processing /home/airflow/.local/lib/python3.12/site-packages/airflow/example_dags/example_task_group_decorator.py took 0.100 seconds
[2025-01-30T08:57:07.918+0000] {processor.py:161} INFO - Started process (PID=1627) to work on /home/airflow/.local/lib/python3.12/site-packages/airflow/example_dags/example_task_group_decorator.py
[2025-01-30T08:57:07.919+0000] {processor.py:830} INFO - Processing file /home/airflow/.local/lib/python3.12/site-packages/airflow/example_dags/example_task_group_decorator.py for tasks to queue
[2025-01-30T08:57:07.921+0000] {logging_mixin.py:188} INFO - [2025-01-30T08:57:07.920+0000] {dagbag.py:545} INFO - Filling up the DagBag from /home/airflow/.local/lib/python3.12/site-packages/airflow/example_dags/example_task_group_decorator.py
[2025-01-30T08:57:07.937+0000] {processor.py:840} INFO - DAG(s) 'example_task_group_decorator' retrieved from /home/airflow/.local/lib/python3.12/site-packages/airflow/example_dags/example_task_group_decorator.py
[2025-01-30T08:57:07.973+0000] {logging_mixin.py:188} INFO - [2025-01-30T08:57:07.972+0000] {dag.py:3096} INFO - Sync 1 DAGs
[2025-01-30T08:57:07.997+0000] {logging_mixin.py:188} INFO - [2025-01-30T08:57:07.996+0000] {dag.py:3954} INFO - Setting next_dagrun for example_task_group_decorator to 2025-01-29 00:00:00+00:00, run_after=2025-01-30 00:00:00+00:00
[2025-01-30T08:57:08.029+0000] {processor.py:183} INFO - Processing /home/airflow/.local/lib/python3.12/site-packages/airflow/example_dags/example_task_group_decorator.py took 0.117 seconds
[2025-01-30T08:57:38.303+0000] {processor.py:161} INFO - Started process (PID=1685) to work on /home/airflow/.local/lib/python3.12/site-packages/airflow/example_dags/example_task_group_decorator.py
[2025-01-30T08:57:38.304+0000] {processor.py:830} INFO - Processing file /home/airflow/.local/lib/python3.12/site-packages/airflow/example_dags/example_task_group_decorator.py for tasks to queue
[2025-01-30T08:57:38.306+0000] {logging_mixin.py:188} INFO - [2025-01-30T08:57:38.306+0000] {dagbag.py:545} INFO - Filling up the DagBag from /home/airflow/.local/lib/python3.12/site-packages/airflow/example_dags/example_task_group_decorator.py
[2025-01-30T08:57:38.322+0000] {processor.py:840} INFO - DAG(s) 'example_task_group_decorator' retrieved from /home/airflow/.local/lib/python3.12/site-packages/airflow/example_dags/example_task_group_decorator.py
[2025-01-30T08:57:38.353+0000] {logging_mixin.py:188} INFO - [2025-01-30T08:57:38.353+0000] {dag.py:3096} INFO - Sync 1 DAGs
[2025-01-30T08:57:38.376+0000] {logging_mixin.py:188} INFO - [2025-01-30T08:57:38.376+0000] {dag.py:3954} INFO - Setting next_dagrun for example_task_group_decorator to 2025-01-29 00:00:00+00:00, run_after=2025-01-30 00:00:00+00:00
[2025-01-30T08:57:38.402+0000] {processor.py:183} INFO - Processing /home/airflow/.local/lib/python3.12/site-packages/airflow/example_dags/example_task_group_decorator.py took 0.104 seconds
[2025-01-30T08:58:09.186+0000] {processor.py:161} INFO - Started process (PID=1743) to work on /home/airflow/.local/lib/python3.12/site-packages/airflow/example_dags/example_task_group_decorator.py
[2025-01-30T08:58:09.188+0000] {processor.py:830} INFO - Processing file /home/airflow/.local/lib/python3.12/site-packages/airflow/example_dags/example_task_group_decorator.py for tasks to queue
[2025-01-30T08:58:09.190+0000] {logging_mixin.py:188} INFO - [2025-01-30T08:58:09.190+0000] {dagbag.py:545} INFO - Filling up the DagBag from /home/airflow/.local/lib/python3.12/site-packages/airflow/example_dags/example_task_group_decorator.py
[2025-01-30T08:58:09.209+0000] {processor.py:840} INFO - DAG(s) 'example_task_group_decorator' retrieved from /home/airflow/.local/lib/python3.12/site-packages/airflow/example_dags/example_task_group_decorator.py
[2025-01-30T08:58:09.238+0000] {logging_mixin.py:188} INFO - [2025-01-30T08:58:09.238+0000] {dag.py:3096} INFO - Sync 1 DAGs
[2025-01-30T08:58:09.262+0000] {logging_mixin.py:188} INFO - [2025-01-30T08:58:09.262+0000] {dag.py:3954} INFO - Setting next_dagrun for example_task_group_decorator to 2025-01-29 00:00:00+00:00, run_after=2025-01-30 00:00:00+00:00
[2025-01-30T08:58:09.288+0000] {processor.py:183} INFO - Processing /home/airflow/.local/lib/python3.12/site-packages/airflow/example_dags/example_task_group_decorator.py took 0.106 seconds
[2025-01-30T08:58:39.875+0000] {processor.py:161} INFO - Started process (PID=1801) to work on /home/airflow/.local/lib/python3.12/site-packages/airflow/example_dags/example_task_group_decorator.py
[2025-01-30T08:58:39.878+0000] {processor.py:830} INFO - Processing file /home/airflow/.local/lib/python3.12/site-packages/airflow/example_dags/example_task_group_decorator.py for tasks to queue
[2025-01-30T08:58:39.880+0000] {logging_mixin.py:188} INFO - [2025-01-30T08:58:39.880+0000] {dagbag.py:545} INFO - Filling up the DagBag from /home/airflow/.local/lib/python3.12/site-packages/airflow/example_dags/example_task_group_decorator.py
[2025-01-30T08:58:39.895+0000] {processor.py:840} INFO - DAG(s) 'example_task_group_decorator' retrieved from /home/airflow/.local/lib/python3.12/site-packages/airflow/example_dags/example_task_group_decorator.py
[2025-01-30T08:58:39.924+0000] {logging_mixin.py:188} INFO - [2025-01-30T08:58:39.923+0000] {dag.py:3096} INFO - Sync 1 DAGs
[2025-01-30T08:58:39.949+0000] {logging_mixin.py:188} INFO - [2025-01-30T08:58:39.949+0000] {dag.py:3954} INFO - Setting next_dagrun for example_task_group_decorator to 2025-01-29 00:00:00+00:00, run_after=2025-01-30 00:00:00+00:00
[2025-01-30T08:58:39.973+0000] {processor.py:183} INFO - Processing /home/airflow/.local/lib/python3.12/site-packages/airflow/example_dags/example_task_group_decorator.py took 0.103 seconds
[2025-01-30T09:01:54.148+0000] {processor.py:161} INFO - Started process (PID=120) to work on /home/airflow/.local/lib/python3.12/site-packages/airflow/example_dags/example_task_group_decorator.py
[2025-01-30T09:01:54.150+0000] {processor.py:830} INFO - Processing file /home/airflow/.local/lib/python3.12/site-packages/airflow/example_dags/example_task_group_decorator.py for tasks to queue
[2025-01-30T09:01:54.152+0000] {logging_mixin.py:188} INFO - [2025-01-30T09:01:54.151+0000] {dagbag.py:545} INFO - Filling up the DagBag from /home/airflow/.local/lib/python3.12/site-packages/airflow/example_dags/example_task_group_decorator.py
[2025-01-30T09:01:54.169+0000] {processor.py:840} INFO - DAG(s) 'example_task_group_decorator' retrieved from /home/airflow/.local/lib/python3.12/site-packages/airflow/example_dags/example_task_group_decorator.py
[2025-01-30T09:01:54.289+0000] {logging_mixin.py:188} INFO - [2025-01-30T09:01:54.289+0000] {dag.py:3096} INFO - Sync 1 DAGs
[2025-01-30T09:01:54.311+0000] {logging_mixin.py:188} INFO - [2025-01-30T09:01:54.311+0000] {dag.py:3954} INFO - Setting next_dagrun for example_task_group_decorator to 2025-01-29 00:00:00+00:00, run_after=2025-01-30 00:00:00+00:00
[2025-01-30T09:01:54.350+0000] {processor.py:183} INFO - Processing /home/airflow/.local/lib/python3.12/site-packages/airflow/example_dags/example_task_group_decorator.py took 0.209 seconds
[2025-01-30T09:02:24.484+0000] {processor.py:161} INFO - Started process (PID=178) to work on /home/airflow/.local/lib/python3.12/site-packages/airflow/example_dags/example_task_group_decorator.py
[2025-01-30T09:02:24.485+0000] {processor.py:830} INFO - Processing file /home/airflow/.local/lib/python3.12/site-packages/airflow/example_dags/example_task_group_decorator.py for tasks to queue
[2025-01-30T09:02:24.487+0000] {logging_mixin.py:188} INFO - [2025-01-30T09:02:24.486+0000] {dagbag.py:545} INFO - Filling up the DagBag from /home/airflow/.local/lib/python3.12/site-packages/airflow/example_dags/example_task_group_decorator.py
[2025-01-30T09:02:24.500+0000] {processor.py:840} INFO - DAG(s) 'example_task_group_decorator' retrieved from /home/airflow/.local/lib/python3.12/site-packages/airflow/example_dags/example_task_group_decorator.py
[2025-01-30T09:02:24.527+0000] {logging_mixin.py:188} INFO - [2025-01-30T09:02:24.527+0000] {dag.py:3096} INFO - Sync 1 DAGs
[2025-01-30T09:02:24.551+0000] {logging_mixin.py:188} INFO - [2025-01-30T09:02:24.550+0000] {dag.py:3954} INFO - Setting next_dagrun for example_task_group_decorator to 2025-01-29 00:00:00+00:00, run_after=2025-01-30 00:00:00+00:00
[2025-01-30T09:02:24.575+0000] {processor.py:183} INFO - Processing /home/airflow/.local/lib/python3.12/site-packages/airflow/example_dags/example_task_group_decorator.py took 0.096 seconds
[2025-01-30T09:02:54.654+0000] {processor.py:161} INFO - Started process (PID=236) to work on /home/airflow/.local/lib/python3.12/site-packages/airflow/example_dags/example_task_group_decorator.py
[2025-01-30T09:02:54.655+0000] {processor.py:830} INFO - Processing file /home/airflow/.local/lib/python3.12/site-packages/airflow/example_dags/example_task_group_decorator.py for tasks to queue
[2025-01-30T09:02:54.659+0000] {logging_mixin.py:188} INFO - [2025-01-30T09:02:54.658+0000] {dagbag.py:545} INFO - Filling up the DagBag from /home/airflow/.local/lib/python3.12/site-packages/airflow/example_dags/example_task_group_decorator.py
[2025-01-30T09:02:54.673+0000] {processor.py:840} INFO - DAG(s) 'example_task_group_decorator' retrieved from /home/airflow/.local/lib/python3.12/site-packages/airflow/example_dags/example_task_group_decorator.py
[2025-01-30T09:02:54.699+0000] {logging_mixin.py:188} INFO - [2025-01-30T09:02:54.699+0000] {dag.py:3096} INFO - Sync 1 DAGs
[2025-01-30T09:02:54.724+0000] {logging_mixin.py:188} INFO - [2025-01-30T09:02:54.724+0000] {dag.py:3954} INFO - Setting next_dagrun for example_task_group_decorator to 2025-01-29 00:00:00+00:00, run_after=2025-01-30 00:00:00+00:00
[2025-01-30T09:02:54.749+0000] {processor.py:183} INFO - Processing /home/airflow/.local/lib/python3.12/site-packages/airflow/example_dags/example_task_group_decorator.py took 0.101 seconds
[2025-01-30T09:03:25.349+0000] {processor.py:161} INFO - Started process (PID=294) to work on /home/airflow/.local/lib/python3.12/site-packages/airflow/example_dags/example_task_group_decorator.py
[2025-01-30T09:03:25.350+0000] {processor.py:830} INFO - Processing file /home/airflow/.local/lib/python3.12/site-packages/airflow/example_dags/example_task_group_decorator.py for tasks to queue
[2025-01-30T09:03:25.352+0000] {logging_mixin.py:188} INFO - [2025-01-30T09:03:25.352+0000] {dagbag.py:545} INFO - Filling up the DagBag from /home/airflow/.local/lib/python3.12/site-packages/airflow/example_dags/example_task_group_decorator.py
[2025-01-30T09:03:25.369+0000] {processor.py:840} INFO - DAG(s) 'example_task_group_decorator' retrieved from /home/airflow/.local/lib/python3.12/site-packages/airflow/example_dags/example_task_group_decorator.py
[2025-01-30T09:03:25.402+0000] {logging_mixin.py:188} INFO - [2025-01-30T09:03:25.402+0000] {dag.py:3096} INFO - Sync 1 DAGs
[2025-01-30T09:03:25.436+0000] {logging_mixin.py:188} INFO - [2025-01-30T09:03:25.435+0000] {dag.py:3954} INFO - Setting next_dagrun for example_task_group_decorator to 2025-01-29 00:00:00+00:00, run_after=2025-01-30 00:00:00+00:00
[2025-01-30T09:03:25.467+0000] {processor.py:183} INFO - Processing /home/airflow/.local/lib/python3.12/site-packages/airflow/example_dags/example_task_group_decorator.py took 0.124 seconds
[2025-01-30T09:05:24.220+0000] {processor.py:161} INFO - Started process (PID=118) to work on /home/airflow/.local/lib/python3.12/site-packages/airflow/example_dags/example_task_group_decorator.py
[2025-01-30T09:05:24.221+0000] {processor.py:830} INFO - Processing file /home/airflow/.local/lib/python3.12/site-packages/airflow/example_dags/example_task_group_decorator.py for tasks to queue
[2025-01-30T09:05:24.223+0000] {logging_mixin.py:188} INFO - [2025-01-30T09:05:24.222+0000] {dagbag.py:545} INFO - Filling up the DagBag from /home/airflow/.local/lib/python3.12/site-packages/airflow/example_dags/example_task_group_decorator.py
[2025-01-30T09:05:24.238+0000] {processor.py:840} INFO - DAG(s) 'example_task_group_decorator' retrieved from /home/airflow/.local/lib/python3.12/site-packages/airflow/example_dags/example_task_group_decorator.py
[2025-01-30T09:05:24.358+0000] {logging_mixin.py:188} INFO - [2025-01-30T09:05:24.358+0000] {dag.py:3096} INFO - Sync 1 DAGs
[2025-01-30T09:05:24.381+0000] {logging_mixin.py:188} INFO - [2025-01-30T09:05:24.381+0000] {dag.py:3954} INFO - Setting next_dagrun for example_task_group_decorator to 2025-01-29 00:00:00+00:00, run_after=2025-01-30 00:00:00+00:00
[2025-01-30T09:05:24.409+0000] {processor.py:183} INFO - Processing /home/airflow/.local/lib/python3.12/site-packages/airflow/example_dags/example_task_group_decorator.py took 0.195 seconds
[2025-01-30T09:05:55.216+0000] {processor.py:161} INFO - Started process (PID=176) to work on /home/airflow/.local/lib/python3.12/site-packages/airflow/example_dags/example_task_group_decorator.py
[2025-01-30T09:05:55.217+0000] {processor.py:830} INFO - Processing file /home/airflow/.local/lib/python3.12/site-packages/airflow/example_dags/example_task_group_decorator.py for tasks to queue
[2025-01-30T09:05:55.219+0000] {logging_mixin.py:188} INFO - [2025-01-30T09:05:55.219+0000] {dagbag.py:545} INFO - Filling up the DagBag from /home/airflow/.local/lib/python3.12/site-packages/airflow/example_dags/example_task_group_decorator.py
[2025-01-30T09:05:55.234+0000] {processor.py:840} INFO - DAG(s) 'example_task_group_decorator' retrieved from /home/airflow/.local/lib/python3.12/site-packages/airflow/example_dags/example_task_group_decorator.py
[2025-01-30T09:05:55.261+0000] {logging_mixin.py:188} INFO - [2025-01-30T09:05:55.260+0000] {dag.py:3096} INFO - Sync 1 DAGs
[2025-01-30T09:05:55.287+0000] {logging_mixin.py:188} INFO - [2025-01-30T09:05:55.287+0000] {dag.py:3954} INFO - Setting next_dagrun for example_task_group_decorator to 2025-01-29 00:00:00+00:00, run_after=2025-01-30 00:00:00+00:00
[2025-01-30T09:05:55.312+0000] {processor.py:183} INFO - Processing /home/airflow/.local/lib/python3.12/site-packages/airflow/example_dags/example_task_group_decorator.py took 0.102 seconds
[2025-01-30T09:10:54.581+0000] {processor.py:161} INFO - Started process (PID=121) to work on /home/airflow/.local/lib/python3.12/site-packages/airflow/example_dags/example_task_group_decorator.py
[2025-01-30T09:10:54.582+0000] {processor.py:830} INFO - Processing file /home/airflow/.local/lib/python3.12/site-packages/airflow/example_dags/example_task_group_decorator.py for tasks to queue
[2025-01-30T09:10:54.584+0000] {logging_mixin.py:188} INFO - [2025-01-30T09:10:54.584+0000] {dagbag.py:545} INFO - Filling up the DagBag from /home/airflow/.local/lib/python3.12/site-packages/airflow/example_dags/example_task_group_decorator.py
[2025-01-30T09:10:54.599+0000] {processor.py:840} INFO - DAG(s) 'example_task_group_decorator' retrieved from /home/airflow/.local/lib/python3.12/site-packages/airflow/example_dags/example_task_group_decorator.py
[2025-01-30T09:10:54.707+0000] {logging_mixin.py:188} INFO - [2025-01-30T09:10:54.707+0000] {dag.py:3096} INFO - Sync 1 DAGs
[2025-01-30T09:10:54.728+0000] {logging_mixin.py:188} INFO - [2025-01-30T09:10:54.728+0000] {dag.py:3954} INFO - Setting next_dagrun for example_task_group_decorator to 2025-01-29 00:00:00+00:00, run_after=2025-01-30 00:00:00+00:00
[2025-01-30T09:10:54.755+0000] {processor.py:183} INFO - Processing /home/airflow/.local/lib/python3.12/site-packages/airflow/example_dags/example_task_group_decorator.py took 0.179 seconds
[2025-01-30T09:11:25.236+0000] {processor.py:161} INFO - Started process (PID=180) to work on /home/airflow/.local/lib/python3.12/site-packages/airflow/example_dags/example_task_group_decorator.py
[2025-01-30T09:11:25.238+0000] {processor.py:830} INFO - Processing file /home/airflow/.local/lib/python3.12/site-packages/airflow/example_dags/example_task_group_decorator.py for tasks to queue
[2025-01-30T09:11:25.240+0000] {logging_mixin.py:188} INFO - [2025-01-30T09:11:25.240+0000] {dagbag.py:545} INFO - Filling up the DagBag from /home/airflow/.local/lib/python3.12/site-packages/airflow/example_dags/example_task_group_decorator.py
[2025-01-30T09:11:25.252+0000] {processor.py:840} INFO - DAG(s) 'example_task_group_decorator' retrieved from /home/airflow/.local/lib/python3.12/site-packages/airflow/example_dags/example_task_group_decorator.py
[2025-01-30T09:11:25.280+0000] {logging_mixin.py:188} INFO - [2025-01-30T09:11:25.280+0000] {dag.py:3096} INFO - Sync 1 DAGs
[2025-01-30T09:11:25.307+0000] {logging_mixin.py:188} INFO - [2025-01-30T09:11:25.307+0000] {dag.py:3954} INFO - Setting next_dagrun for example_task_group_decorator to 2025-01-29 00:00:00+00:00, run_after=2025-01-30 00:00:00+00:00
[2025-01-30T09:11:25.332+0000] {processor.py:183} INFO - Processing /home/airflow/.local/lib/python3.12/site-packages/airflow/example_dags/example_task_group_decorator.py took 0.101 seconds
[2025-01-30T09:11:55.680+0000] {processor.py:161} INFO - Started process (PID=238) to work on /home/airflow/.local/lib/python3.12/site-packages/airflow/example_dags/example_task_group_decorator.py
[2025-01-30T09:11:55.681+0000] {processor.py:830} INFO - Processing file /home/airflow/.local/lib/python3.12/site-packages/airflow/example_dags/example_task_group_decorator.py for tasks to queue
[2025-01-30T09:11:55.683+0000] {logging_mixin.py:188} INFO - [2025-01-30T09:11:55.683+0000] {dagbag.py:545} INFO - Filling up the DagBag from /home/airflow/.local/lib/python3.12/site-packages/airflow/example_dags/example_task_group_decorator.py
[2025-01-30T09:11:55.695+0000] {processor.py:840} INFO - DAG(s) 'example_task_group_decorator' retrieved from /home/airflow/.local/lib/python3.12/site-packages/airflow/example_dags/example_task_group_decorator.py
[2025-01-30T09:11:55.719+0000] {logging_mixin.py:188} INFO - [2025-01-30T09:11:55.719+0000] {dag.py:3096} INFO - Sync 1 DAGs
[2025-01-30T09:11:55.742+0000] {logging_mixin.py:188} INFO - [2025-01-30T09:11:55.741+0000] {dag.py:3954} INFO - Setting next_dagrun for example_task_group_decorator to 2025-01-29 00:00:00+00:00, run_after=2025-01-30 00:00:00+00:00
[2025-01-30T09:11:55.766+0000] {processor.py:183} INFO - Processing /home/airflow/.local/lib/python3.12/site-packages/airflow/example_dags/example_task_group_decorator.py took 0.090 seconds
[2025-01-30T09:12:26.467+0000] {processor.py:161} INFO - Started process (PID=296) to work on /home/airflow/.local/lib/python3.12/site-packages/airflow/example_dags/example_task_group_decorator.py
[2025-01-30T09:12:26.468+0000] {processor.py:830} INFO - Processing file /home/airflow/.local/lib/python3.12/site-packages/airflow/example_dags/example_task_group_decorator.py for tasks to queue
[2025-01-30T09:12:26.470+0000] {logging_mixin.py:188} INFO - [2025-01-30T09:12:26.470+0000] {dagbag.py:545} INFO - Filling up the DagBag from /home/airflow/.local/lib/python3.12/site-packages/airflow/example_dags/example_task_group_decorator.py
[2025-01-30T09:12:26.486+0000] {processor.py:840} INFO - DAG(s) 'example_task_group_decorator' retrieved from /home/airflow/.local/lib/python3.12/site-packages/airflow/example_dags/example_task_group_decorator.py
[2025-01-30T09:12:26.514+0000] {logging_mixin.py:188} INFO - [2025-01-30T09:12:26.513+0000] {dag.py:3096} INFO - Sync 1 DAGs
[2025-01-30T09:12:26.538+0000] {logging_mixin.py:188} INFO - [2025-01-30T09:12:26.538+0000] {dag.py:3954} INFO - Setting next_dagrun for example_task_group_decorator to 2025-01-29 00:00:00+00:00, run_after=2025-01-30 00:00:00+00:00
[2025-01-30T09:12:26.567+0000] {processor.py:183} INFO - Processing /home/airflow/.local/lib/python3.12/site-packages/airflow/example_dags/example_task_group_decorator.py took 0.106 seconds
[2025-01-30T09:12:56.768+0000] {processor.py:161} INFO - Started process (PID=354) to work on /home/airflow/.local/lib/python3.12/site-packages/airflow/example_dags/example_task_group_decorator.py
[2025-01-30T09:12:56.769+0000] {processor.py:830} INFO - Processing file /home/airflow/.local/lib/python3.12/site-packages/airflow/example_dags/example_task_group_decorator.py for tasks to queue
[2025-01-30T09:12:56.772+0000] {logging_mixin.py:188} INFO - [2025-01-30T09:12:56.772+0000] {dagbag.py:545} INFO - Filling up the DagBag from /home/airflow/.local/lib/python3.12/site-packages/airflow/example_dags/example_task_group_decorator.py
[2025-01-30T09:12:56.789+0000] {processor.py:840} INFO - DAG(s) 'example_task_group_decorator' retrieved from /home/airflow/.local/lib/python3.12/site-packages/airflow/example_dags/example_task_group_decorator.py
[2025-01-30T09:12:56.820+0000] {logging_mixin.py:188} INFO - [2025-01-30T09:12:56.820+0000] {dag.py:3096} INFO - Sync 1 DAGs
[2025-01-30T09:12:56.847+0000] {logging_mixin.py:188} INFO - [2025-01-30T09:12:56.847+0000] {dag.py:3954} INFO - Setting next_dagrun for example_task_group_decorator to 2025-01-29 00:00:00+00:00, run_after=2025-01-30 00:00:00+00:00
[2025-01-30T09:12:56.873+0000] {processor.py:183} INFO - Processing /home/airflow/.local/lib/python3.12/site-packages/airflow/example_dags/example_task_group_decorator.py took 0.110 seconds
[2025-01-30T09:13:26.930+0000] {processor.py:161} INFO - Started process (PID=412) to work on /home/airflow/.local/lib/python3.12/site-packages/airflow/example_dags/example_task_group_decorator.py
[2025-01-30T09:13:26.931+0000] {processor.py:830} INFO - Processing file /home/airflow/.local/lib/python3.12/site-packages/airflow/example_dags/example_task_group_decorator.py for tasks to queue
[2025-01-30T09:13:26.933+0000] {logging_mixin.py:188} INFO - [2025-01-30T09:13:26.933+0000] {dagbag.py:545} INFO - Filling up the DagBag from /home/airflow/.local/lib/python3.12/site-packages/airflow/example_dags/example_task_group_decorator.py
[2025-01-30T09:13:26.947+0000] {processor.py:840} INFO - DAG(s) 'example_task_group_decorator' retrieved from /home/airflow/.local/lib/python3.12/site-packages/airflow/example_dags/example_task_group_decorator.py
[2025-01-30T09:13:26.973+0000] {logging_mixin.py:188} INFO - [2025-01-30T09:13:26.973+0000] {dag.py:3096} INFO - Sync 1 DAGs
[2025-01-30T09:13:26.997+0000] {logging_mixin.py:188} INFO - [2025-01-30T09:13:26.996+0000] {dag.py:3954} INFO - Setting next_dagrun for example_task_group_decorator to 2025-01-29 00:00:00+00:00, run_after=2025-01-30 00:00:00+00:00
[2025-01-30T09:13:27.022+0000] {processor.py:183} INFO - Processing /home/airflow/.local/lib/python3.12/site-packages/airflow/example_dags/example_task_group_decorator.py took 0.097 seconds
[2025-01-30T09:13:57.147+0000] {processor.py:161} INFO - Started process (PID=470) to work on /home/airflow/.local/lib/python3.12/site-packages/airflow/example_dags/example_task_group_decorator.py
[2025-01-30T09:13:57.148+0000] {processor.py:830} INFO - Processing file /home/airflow/.local/lib/python3.12/site-packages/airflow/example_dags/example_task_group_decorator.py for tasks to queue
[2025-01-30T09:13:57.151+0000] {logging_mixin.py:188} INFO - [2025-01-30T09:13:57.150+0000] {dagbag.py:545} INFO - Filling up the DagBag from /home/airflow/.local/lib/python3.12/site-packages/airflow/example_dags/example_task_group_decorator.py
[2025-01-30T09:13:57.165+0000] {processor.py:840} INFO - DAG(s) 'example_task_group_decorator' retrieved from /home/airflow/.local/lib/python3.12/site-packages/airflow/example_dags/example_task_group_decorator.py
[2025-01-30T09:13:57.194+0000] {logging_mixin.py:188} INFO - [2025-01-30T09:13:57.194+0000] {dag.py:3096} INFO - Sync 1 DAGs
[2025-01-30T09:13:57.219+0000] {logging_mixin.py:188} INFO - [2025-01-30T09:13:57.219+0000] {dag.py:3954} INFO - Setting next_dagrun for example_task_group_decorator to 2025-01-29 00:00:00+00:00, run_after=2025-01-30 00:00:00+00:00
[2025-01-30T09:13:57.245+0000] {processor.py:183} INFO - Processing /home/airflow/.local/lib/python3.12/site-packages/airflow/example_dags/example_task_group_decorator.py took 0.103 seconds
[2025-01-30T09:14:27.606+0000] {processor.py:161} INFO - Started process (PID=528) to work on /home/airflow/.local/lib/python3.12/site-packages/airflow/example_dags/example_task_group_decorator.py
[2025-01-30T09:14:27.607+0000] {processor.py:830} INFO - Processing file /home/airflow/.local/lib/python3.12/site-packages/airflow/example_dags/example_task_group_decorator.py for tasks to queue
[2025-01-30T09:14:27.609+0000] {logging_mixin.py:188} INFO - [2025-01-30T09:14:27.609+0000] {dagbag.py:545} INFO - Filling up the DagBag from /home/airflow/.local/lib/python3.12/site-packages/airflow/example_dags/example_task_group_decorator.py
[2025-01-30T09:14:27.624+0000] {processor.py:840} INFO - DAG(s) 'example_task_group_decorator' retrieved from /home/airflow/.local/lib/python3.12/site-packages/airflow/example_dags/example_task_group_decorator.py
[2025-01-30T09:14:27.652+0000] {logging_mixin.py:188} INFO - [2025-01-30T09:14:27.652+0000] {dag.py:3096} INFO - Sync 1 DAGs
[2025-01-30T09:14:27.681+0000] {logging_mixin.py:188} INFO - [2025-01-30T09:14:27.681+0000] {dag.py:3954} INFO - Setting next_dagrun for example_task_group_decorator to 2025-01-29 00:00:00+00:00, run_after=2025-01-30 00:00:00+00:00
[2025-01-30T09:14:27.706+0000] {processor.py:183} INFO - Processing /home/airflow/.local/lib/python3.12/site-packages/airflow/example_dags/example_task_group_decorator.py took 0.104 seconds
[2025-01-30T09:14:57.824+0000] {processor.py:161} INFO - Started process (PID=586) to work on /home/airflow/.local/lib/python3.12/site-packages/airflow/example_dags/example_task_group_decorator.py
[2025-01-30T09:14:57.825+0000] {processor.py:830} INFO - Processing file /home/airflow/.local/lib/python3.12/site-packages/airflow/example_dags/example_task_group_decorator.py for tasks to queue
[2025-01-30T09:14:57.826+0000] {logging_mixin.py:188} INFO - [2025-01-30T09:14:57.826+0000] {dagbag.py:545} INFO - Filling up the DagBag from /home/airflow/.local/lib/python3.12/site-packages/airflow/example_dags/example_task_group_decorator.py
[2025-01-30T09:14:57.840+0000] {processor.py:840} INFO - DAG(s) 'example_task_group_decorator' retrieved from /home/airflow/.local/lib/python3.12/site-packages/airflow/example_dags/example_task_group_decorator.py
[2025-01-30T09:14:57.866+0000] {logging_mixin.py:188} INFO - [2025-01-30T09:14:57.866+0000] {dag.py:3096} INFO - Sync 1 DAGs
[2025-01-30T09:14:57.892+0000] {logging_mixin.py:188} INFO - [2025-01-30T09:14:57.891+0000] {dag.py:3954} INFO - Setting next_dagrun for example_task_group_decorator to 2025-01-29 00:00:00+00:00, run_after=2025-01-30 00:00:00+00:00
[2025-01-30T09:14:57.927+0000] {processor.py:183} INFO - Processing /home/airflow/.local/lib/python3.12/site-packages/airflow/example_dags/example_task_group_decorator.py took 0.109 seconds
[2025-01-30T09:15:28.491+0000] {processor.py:161} INFO - Started process (PID=643) to work on /home/airflow/.local/lib/python3.12/site-packages/airflow/example_dags/example_task_group_decorator.py
[2025-01-30T09:15:28.492+0000] {processor.py:830} INFO - Processing file /home/airflow/.local/lib/python3.12/site-packages/airflow/example_dags/example_task_group_decorator.py for tasks to queue
[2025-01-30T09:15:28.494+0000] {logging_mixin.py:188} INFO - [2025-01-30T09:15:28.493+0000] {dagbag.py:545} INFO - Filling up the DagBag from /home/airflow/.local/lib/python3.12/site-packages/airflow/example_dags/example_task_group_decorator.py
[2025-01-30T09:15:28.508+0000] {processor.py:840} INFO - DAG(s) 'example_task_group_decorator' retrieved from /home/airflow/.local/lib/python3.12/site-packages/airflow/example_dags/example_task_group_decorator.py
[2025-01-30T09:15:28.533+0000] {logging_mixin.py:188} INFO - [2025-01-30T09:15:28.533+0000] {dag.py:3096} INFO - Sync 1 DAGs
[2025-01-30T09:15:28.556+0000] {logging_mixin.py:188} INFO - [2025-01-30T09:15:28.556+0000] {dag.py:3954} INFO - Setting next_dagrun for example_task_group_decorator to 2025-01-29 00:00:00+00:00, run_after=2025-01-30 00:00:00+00:00
[2025-01-30T09:15:28.580+0000] {processor.py:183} INFO - Processing /home/airflow/.local/lib/python3.12/site-packages/airflow/example_dags/example_task_group_decorator.py took 0.095 seconds
[2025-01-30T09:15:58.851+0000] {processor.py:161} INFO - Started process (PID=701) to work on /home/airflow/.local/lib/python3.12/site-packages/airflow/example_dags/example_task_group_decorator.py
[2025-01-30T09:15:58.852+0000] {processor.py:830} INFO - Processing file /home/airflow/.local/lib/python3.12/site-packages/airflow/example_dags/example_task_group_decorator.py for tasks to queue
[2025-01-30T09:15:58.854+0000] {logging_mixin.py:188} INFO - [2025-01-30T09:15:58.854+0000] {dagbag.py:545} INFO - Filling up the DagBag from /home/airflow/.local/lib/python3.12/site-packages/airflow/example_dags/example_task_group_decorator.py
[2025-01-30T09:15:58.868+0000] {processor.py:840} INFO - DAG(s) 'example_task_group_decorator' retrieved from /home/airflow/.local/lib/python3.12/site-packages/airflow/example_dags/example_task_group_decorator.py
[2025-01-30T09:15:58.894+0000] {logging_mixin.py:188} INFO - [2025-01-30T09:15:58.894+0000] {dag.py:3096} INFO - Sync 1 DAGs
[2025-01-30T09:15:58.918+0000] {logging_mixin.py:188} INFO - [2025-01-30T09:15:58.918+0000] {dag.py:3954} INFO - Setting next_dagrun for example_task_group_decorator to 2025-01-29 00:00:00+00:00, run_after=2025-01-30 00:00:00+00:00
[2025-01-30T09:15:58.939+0000] {processor.py:183} INFO - Processing /home/airflow/.local/lib/python3.12/site-packages/airflow/example_dags/example_task_group_decorator.py took 0.093 seconds
[2025-01-30T09:16:29.614+0000] {processor.py:161} INFO - Started process (PID=759) to work on /home/airflow/.local/lib/python3.12/site-packages/airflow/example_dags/example_task_group_decorator.py
[2025-01-30T09:16:29.615+0000] {processor.py:830} INFO - Processing file /home/airflow/.local/lib/python3.12/site-packages/airflow/example_dags/example_task_group_decorator.py for tasks to queue
[2025-01-30T09:16:29.617+0000] {logging_mixin.py:188} INFO - [2025-01-30T09:16:29.617+0000] {dagbag.py:545} INFO - Filling up the DagBag from /home/airflow/.local/lib/python3.12/site-packages/airflow/example_dags/example_task_group_decorator.py
[2025-01-30T09:16:29.633+0000] {processor.py:840} INFO - DAG(s) 'example_task_group_decorator' retrieved from /home/airflow/.local/lib/python3.12/site-packages/airflow/example_dags/example_task_group_decorator.py
[2025-01-30T09:16:29.661+0000] {logging_mixin.py:188} INFO - [2025-01-30T09:16:29.661+0000] {dag.py:3096} INFO - Sync 1 DAGs
[2025-01-30T09:16:29.685+0000] {logging_mixin.py:188} INFO - [2025-01-30T09:16:29.684+0000] {dag.py:3954} INFO - Setting next_dagrun for example_task_group_decorator to 2025-01-29 00:00:00+00:00, run_after=2025-01-30 00:00:00+00:00
[2025-01-30T09:16:29.708+0000] {processor.py:183} INFO - Processing /home/airflow/.local/lib/python3.12/site-packages/airflow/example_dags/example_task_group_decorator.py took 0.099 seconds
[2025-01-30T09:16:59.748+0000] {processor.py:161} INFO - Started process (PID=817) to work on /home/airflow/.local/lib/python3.12/site-packages/airflow/example_dags/example_task_group_decorator.py
[2025-01-30T09:16:59.749+0000] {processor.py:830} INFO - Processing file /home/airflow/.local/lib/python3.12/site-packages/airflow/example_dags/example_task_group_decorator.py for tasks to queue
[2025-01-30T09:16:59.751+0000] {logging_mixin.py:188} INFO - [2025-01-30T09:16:59.751+0000] {dagbag.py:545} INFO - Filling up the DagBag from /home/airflow/.local/lib/python3.12/site-packages/airflow/example_dags/example_task_group_decorator.py
[2025-01-30T09:16:59.764+0000] {processor.py:840} INFO - DAG(s) 'example_task_group_decorator' retrieved from /home/airflow/.local/lib/python3.12/site-packages/airflow/example_dags/example_task_group_decorator.py
[2025-01-30T09:16:59.790+0000] {logging_mixin.py:188} INFO - [2025-01-30T09:16:59.790+0000] {dag.py:3096} INFO - Sync 1 DAGs
[2025-01-30T09:16:59.814+0000] {logging_mixin.py:188} INFO - [2025-01-30T09:16:59.814+0000] {dag.py:3954} INFO - Setting next_dagrun for example_task_group_decorator to 2025-01-29 00:00:00+00:00, run_after=2025-01-30 00:00:00+00:00
[2025-01-30T09:16:59.837+0000] {processor.py:183} INFO - Processing /home/airflow/.local/lib/python3.12/site-packages/airflow/example_dags/example_task_group_decorator.py took 0.094 seconds
[2025-01-30T09:17:30.326+0000] {processor.py:161} INFO - Started process (PID=875) to work on /home/airflow/.local/lib/python3.12/site-packages/airflow/example_dags/example_task_group_decorator.py
[2025-01-30T09:17:30.328+0000] {processor.py:830} INFO - Processing file /home/airflow/.local/lib/python3.12/site-packages/airflow/example_dags/example_task_group_decorator.py for tasks to queue
[2025-01-30T09:17:30.330+0000] {logging_mixin.py:188} INFO - [2025-01-30T09:17:30.329+0000] {dagbag.py:545} INFO - Filling up the DagBag from /home/airflow/.local/lib/python3.12/site-packages/airflow/example_dags/example_task_group_decorator.py
[2025-01-30T09:17:30.345+0000] {processor.py:840} INFO - DAG(s) 'example_task_group_decorator' retrieved from /home/airflow/.local/lib/python3.12/site-packages/airflow/example_dags/example_task_group_decorator.py
[2025-01-30T09:17:30.372+0000] {logging_mixin.py:188} INFO - [2025-01-30T09:17:30.372+0000] {dag.py:3096} INFO - Sync 1 DAGs
[2025-01-30T09:17:30.395+0000] {logging_mixin.py:188} INFO - [2025-01-30T09:17:30.395+0000] {dag.py:3954} INFO - Setting next_dagrun for example_task_group_decorator to 2025-01-29 00:00:00+00:00, run_after=2025-01-30 00:00:00+00:00
[2025-01-30T09:17:30.419+0000] {processor.py:183} INFO - Processing /home/airflow/.local/lib/python3.12/site-packages/airflow/example_dags/example_task_group_decorator.py took 0.098 seconds
[2025-01-30T09:18:01.762+0000] {processor.py:161} INFO - Started process (PID=934) to work on /home/airflow/.local/lib/python3.12/site-packages/airflow/example_dags/example_task_group_decorator.py
[2025-01-30T09:18:01.763+0000] {processor.py:830} INFO - Processing file /home/airflow/.local/lib/python3.12/site-packages/airflow/example_dags/example_task_group_decorator.py for tasks to queue
[2025-01-30T09:18:01.765+0000] {logging_mixin.py:188} INFO - [2025-01-30T09:18:01.765+0000] {dagbag.py:545} INFO - Filling up the DagBag from /home/airflow/.local/lib/python3.12/site-packages/airflow/example_dags/example_task_group_decorator.py
[2025-01-30T09:18:01.777+0000] {processor.py:840} INFO - DAG(s) 'example_task_group_decorator' retrieved from /home/airflow/.local/lib/python3.12/site-packages/airflow/example_dags/example_task_group_decorator.py
[2025-01-30T09:18:01.804+0000] {logging_mixin.py:188} INFO - [2025-01-30T09:18:01.803+0000] {dag.py:3096} INFO - Sync 1 DAGs
[2025-01-30T09:18:01.826+0000] {logging_mixin.py:188} INFO - [2025-01-30T09:18:01.826+0000] {dag.py:3954} INFO - Setting next_dagrun for example_task_group_decorator to 2025-01-29 00:00:00+00:00, run_after=2025-01-30 00:00:00+00:00
[2025-01-30T09:18:01.851+0000] {processor.py:183} INFO - Processing /home/airflow/.local/lib/python3.12/site-packages/airflow/example_dags/example_task_group_decorator.py took 0.094 seconds
[2025-01-30T09:20:20.238+0000] {processor.py:161} INFO - Started process (PID=118) to work on /home/airflow/.local/lib/python3.12/site-packages/airflow/example_dags/example_task_group_decorator.py
[2025-01-30T09:20:20.240+0000] {processor.py:830} INFO - Processing file /home/airflow/.local/lib/python3.12/site-packages/airflow/example_dags/example_task_group_decorator.py for tasks to queue
[2025-01-30T09:20:20.242+0000] {logging_mixin.py:188} INFO - [2025-01-30T09:20:20.241+0000] {dagbag.py:545} INFO - Filling up the DagBag from /home/airflow/.local/lib/python3.12/site-packages/airflow/example_dags/example_task_group_decorator.py
[2025-01-30T09:20:20.256+0000] {processor.py:840} INFO - DAG(s) 'example_task_group_decorator' retrieved from /home/airflow/.local/lib/python3.12/site-packages/airflow/example_dags/example_task_group_decorator.py
[2025-01-30T09:20:20.369+0000] {logging_mixin.py:188} INFO - [2025-01-30T09:20:20.369+0000] {dag.py:3096} INFO - Sync 1 DAGs
[2025-01-30T09:20:20.393+0000] {logging_mixin.py:188} INFO - [2025-01-30T09:20:20.393+0000] {dag.py:3954} INFO - Setting next_dagrun for example_task_group_decorator to 2025-01-29 00:00:00+00:00, run_after=2025-01-30 00:00:00+00:00
[2025-01-30T09:20:20.419+0000] {processor.py:183} INFO - Processing /home/airflow/.local/lib/python3.12/site-packages/airflow/example_dags/example_task_group_decorator.py took 0.185 seconds
[2025-01-30T09:20:51.282+0000] {processor.py:161} INFO - Started process (PID=176) to work on /home/airflow/.local/lib/python3.12/site-packages/airflow/example_dags/example_task_group_decorator.py
[2025-01-30T09:20:51.283+0000] {processor.py:830} INFO - Processing file /home/airflow/.local/lib/python3.12/site-packages/airflow/example_dags/example_task_group_decorator.py for tasks to queue
[2025-01-30T09:20:51.285+0000] {logging_mixin.py:188} INFO - [2025-01-30T09:20:51.284+0000] {dagbag.py:545} INFO - Filling up the DagBag from /home/airflow/.local/lib/python3.12/site-packages/airflow/example_dags/example_task_group_decorator.py
[2025-01-30T09:20:51.299+0000] {processor.py:840} INFO - DAG(s) 'example_task_group_decorator' retrieved from /home/airflow/.local/lib/python3.12/site-packages/airflow/example_dags/example_task_group_decorator.py
[2025-01-30T09:20:51.325+0000] {logging_mixin.py:188} INFO - [2025-01-30T09:20:51.325+0000] {dag.py:3096} INFO - Sync 1 DAGs
[2025-01-30T09:20:51.349+0000] {logging_mixin.py:188} INFO - [2025-01-30T09:20:51.349+0000] {dag.py:3954} INFO - Setting next_dagrun for example_task_group_decorator to 2025-01-29 00:00:00+00:00, run_after=2025-01-30 00:00:00+00:00
[2025-01-30T09:20:51.372+0000] {processor.py:183} INFO - Processing /home/airflow/.local/lib/python3.12/site-packages/airflow/example_dags/example_task_group_decorator.py took 0.096 seconds
[2025-01-30T09:21:21.445+0000] {processor.py:161} INFO - Started process (PID=234) to work on /home/airflow/.local/lib/python3.12/site-packages/airflow/example_dags/example_task_group_decorator.py
[2025-01-30T09:21:21.446+0000] {processor.py:830} INFO - Processing file /home/airflow/.local/lib/python3.12/site-packages/airflow/example_dags/example_task_group_decorator.py for tasks to queue
[2025-01-30T09:21:21.448+0000] {logging_mixin.py:188} INFO - [2025-01-30T09:21:21.448+0000] {dagbag.py:545} INFO - Filling up the DagBag from /home/airflow/.local/lib/python3.12/site-packages/airflow/example_dags/example_task_group_decorator.py
[2025-01-30T09:21:21.462+0000] {processor.py:840} INFO - DAG(s) 'example_task_group_decorator' retrieved from /home/airflow/.local/lib/python3.12/site-packages/airflow/example_dags/example_task_group_decorator.py
[2025-01-30T09:21:21.489+0000] {logging_mixin.py:188} INFO - [2025-01-30T09:21:21.489+0000] {dag.py:3096} INFO - Sync 1 DAGs
[2025-01-30T09:21:21.511+0000] {logging_mixin.py:188} INFO - [2025-01-30T09:21:21.511+0000] {dag.py:3954} INFO - Setting next_dagrun for example_task_group_decorator to 2025-01-29 00:00:00+00:00, run_after=2025-01-30 00:00:00+00:00
[2025-01-30T09:21:21.534+0000] {processor.py:183} INFO - Processing /home/airflow/.local/lib/python3.12/site-packages/airflow/example_dags/example_task_group_decorator.py took 0.094 seconds
[2025-01-30T09:21:51.883+0000] {processor.py:161} INFO - Started process (PID=292) to work on /home/airflow/.local/lib/python3.12/site-packages/airflow/example_dags/example_task_group_decorator.py
[2025-01-30T09:21:51.884+0000] {processor.py:830} INFO - Processing file /home/airflow/.local/lib/python3.12/site-packages/airflow/example_dags/example_task_group_decorator.py for tasks to queue
[2025-01-30T09:21:51.886+0000] {logging_mixin.py:188} INFO - [2025-01-30T09:21:51.886+0000] {dagbag.py:545} INFO - Filling up the DagBag from /home/airflow/.local/lib/python3.12/site-packages/airflow/example_dags/example_task_group_decorator.py
[2025-01-30T09:21:51.899+0000] {processor.py:840} INFO - DAG(s) 'example_task_group_decorator' retrieved from /home/airflow/.local/lib/python3.12/site-packages/airflow/example_dags/example_task_group_decorator.py
[2025-01-30T09:21:51.926+0000] {logging_mixin.py:188} INFO - [2025-01-30T09:21:51.926+0000] {dag.py:3096} INFO - Sync 1 DAGs
[2025-01-30T09:21:51.949+0000] {logging_mixin.py:188} INFO - [2025-01-30T09:21:51.949+0000] {dag.py:3954} INFO - Setting next_dagrun for example_task_group_decorator to 2025-01-29 00:00:00+00:00, run_after=2025-01-30 00:00:00+00:00
[2025-01-30T09:21:51.977+0000] {processor.py:183} INFO - Processing /home/airflow/.local/lib/python3.12/site-packages/airflow/example_dags/example_task_group_decorator.py took 0.099 seconds
[2025-01-30T09:22:22.034+0000] {processor.py:161} INFO - Started process (PID=351) to work on /home/airflow/.local/lib/python3.12/site-packages/airflow/example_dags/example_task_group_decorator.py
[2025-01-30T09:22:22.035+0000] {processor.py:830} INFO - Processing file /home/airflow/.local/lib/python3.12/site-packages/airflow/example_dags/example_task_group_decorator.py for tasks to queue
[2025-01-30T09:22:22.037+0000] {logging_mixin.py:188} INFO - [2025-01-30T09:22:22.036+0000] {dagbag.py:545} INFO - Filling up the DagBag from /home/airflow/.local/lib/python3.12/site-packages/airflow/example_dags/example_task_group_decorator.py
[2025-01-30T09:22:22.050+0000] {processor.py:840} INFO - DAG(s) 'example_task_group_decorator' retrieved from /home/airflow/.local/lib/python3.12/site-packages/airflow/example_dags/example_task_group_decorator.py
[2025-01-30T09:22:22.078+0000] {logging_mixin.py:188} INFO - [2025-01-30T09:22:22.078+0000] {dag.py:3096} INFO - Sync 1 DAGs
[2025-01-30T09:22:22.102+0000] {logging_mixin.py:188} INFO - [2025-01-30T09:22:22.102+0000] {dag.py:3954} INFO - Setting next_dagrun for example_task_group_decorator to 2025-01-29 00:00:00+00:00, run_after=2025-01-30 00:00:00+00:00
[2025-01-30T09:22:22.128+0000] {processor.py:183} INFO - Processing /home/airflow/.local/lib/python3.12/site-packages/airflow/example_dags/example_task_group_decorator.py took 0.099 seconds
[2025-01-30T09:22:52.820+0000] {processor.py:161} INFO - Started process (PID=409) to work on /home/airflow/.local/lib/python3.12/site-packages/airflow/example_dags/example_task_group_decorator.py
[2025-01-30T09:22:52.821+0000] {processor.py:830} INFO - Processing file /home/airflow/.local/lib/python3.12/site-packages/airflow/example_dags/example_task_group_decorator.py for tasks to queue
[2025-01-30T09:22:52.823+0000] {logging_mixin.py:188} INFO - [2025-01-30T09:22:52.822+0000] {dagbag.py:545} INFO - Filling up the DagBag from /home/airflow/.local/lib/python3.12/site-packages/airflow/example_dags/example_task_group_decorator.py
[2025-01-30T09:22:52.837+0000] {processor.py:840} INFO - DAG(s) 'example_task_group_decorator' retrieved from /home/airflow/.local/lib/python3.12/site-packages/airflow/example_dags/example_task_group_decorator.py
[2025-01-30T09:22:52.864+0000] {logging_mixin.py:188} INFO - [2025-01-30T09:22:52.864+0000] {dag.py:3096} INFO - Sync 1 DAGs
[2025-01-30T09:22:52.888+0000] {logging_mixin.py:188} INFO - [2025-01-30T09:22:52.888+0000] {dag.py:3954} INFO - Setting next_dagrun for example_task_group_decorator to 2025-01-29 00:00:00+00:00, run_after=2025-01-30 00:00:00+00:00
[2025-01-30T09:22:52.918+0000] {processor.py:183} INFO - Processing /home/airflow/.local/lib/python3.12/site-packages/airflow/example_dags/example_task_group_decorator.py took 0.104 seconds
[2025-01-30T09:23:23.400+0000] {processor.py:161} INFO - Started process (PID=467) to work on /home/airflow/.local/lib/python3.12/site-packages/airflow/example_dags/example_task_group_decorator.py
[2025-01-30T09:23:23.401+0000] {processor.py:830} INFO - Processing file /home/airflow/.local/lib/python3.12/site-packages/airflow/example_dags/example_task_group_decorator.py for tasks to queue
[2025-01-30T09:23:23.405+0000] {logging_mixin.py:188} INFO - [2025-01-30T09:23:23.404+0000] {dagbag.py:545} INFO - Filling up the DagBag from /home/airflow/.local/lib/python3.12/site-packages/airflow/example_dags/example_task_group_decorator.py
[2025-01-30T09:23:23.423+0000] {processor.py:840} INFO - DAG(s) 'example_task_group_decorator' retrieved from /home/airflow/.local/lib/python3.12/site-packages/airflow/example_dags/example_task_group_decorator.py
[2025-01-30T09:23:23.451+0000] {logging_mixin.py:188} INFO - [2025-01-30T09:23:23.450+0000] {dag.py:3096} INFO - Sync 1 DAGs
[2025-01-30T09:23:23.477+0000] {logging_mixin.py:188} INFO - [2025-01-30T09:23:23.476+0000] {dag.py:3954} INFO - Setting next_dagrun for example_task_group_decorator to 2025-01-29 00:00:00+00:00, run_after=2025-01-30 00:00:00+00:00
[2025-01-30T09:23:23.516+0000] {processor.py:183} INFO - Processing /home/airflow/.local/lib/python3.12/site-packages/airflow/example_dags/example_task_group_decorator.py took 0.126 seconds
[2025-01-30T09:23:54.146+0000] {processor.py:161} INFO - Started process (PID=525) to work on /home/airflow/.local/lib/python3.12/site-packages/airflow/example_dags/example_task_group_decorator.py
[2025-01-30T09:23:54.147+0000] {processor.py:830} INFO - Processing file /home/airflow/.local/lib/python3.12/site-packages/airflow/example_dags/example_task_group_decorator.py for tasks to queue
[2025-01-30T09:23:54.149+0000] {logging_mixin.py:188} INFO - [2025-01-30T09:23:54.149+0000] {dagbag.py:545} INFO - Filling up the DagBag from /home/airflow/.local/lib/python3.12/site-packages/airflow/example_dags/example_task_group_decorator.py
[2025-01-30T09:23:54.165+0000] {processor.py:840} INFO - DAG(s) 'example_task_group_decorator' retrieved from /home/airflow/.local/lib/python3.12/site-packages/airflow/example_dags/example_task_group_decorator.py
[2025-01-30T09:23:54.197+0000] {logging_mixin.py:188} INFO - [2025-01-30T09:23:54.196+0000] {dag.py:3096} INFO - Sync 1 DAGs
[2025-01-30T09:23:54.223+0000] {logging_mixin.py:188} INFO - [2025-01-30T09:23:54.223+0000] {dag.py:3954} INFO - Setting next_dagrun for example_task_group_decorator to 2025-01-29 00:00:00+00:00, run_after=2025-01-30 00:00:00+00:00
[2025-01-30T09:23:54.265+0000] {processor.py:183} INFO - Processing /home/airflow/.local/lib/python3.12/site-packages/airflow/example_dags/example_task_group_decorator.py took 0.126 seconds
[2025-01-30T09:24:24.571+0000] {processor.py:161} INFO - Started process (PID=583) to work on /home/airflow/.local/lib/python3.12/site-packages/airflow/example_dags/example_task_group_decorator.py
[2025-01-30T09:24:24.572+0000] {processor.py:830} INFO - Processing file /home/airflow/.local/lib/python3.12/site-packages/airflow/example_dags/example_task_group_decorator.py for tasks to queue
[2025-01-30T09:24:24.575+0000] {logging_mixin.py:188} INFO - [2025-01-30T09:24:24.574+0000] {dagbag.py:545} INFO - Filling up the DagBag from /home/airflow/.local/lib/python3.12/site-packages/airflow/example_dags/example_task_group_decorator.py
[2025-01-30T09:24:24.592+0000] {processor.py:840} INFO - DAG(s) 'example_task_group_decorator' retrieved from /home/airflow/.local/lib/python3.12/site-packages/airflow/example_dags/example_task_group_decorator.py
[2025-01-30T09:24:24.622+0000] {logging_mixin.py:188} INFO - [2025-01-30T09:24:24.622+0000] {dag.py:3096} INFO - Sync 1 DAGs
[2025-01-30T09:24:24.650+0000] {logging_mixin.py:188} INFO - [2025-01-30T09:24:24.650+0000] {dag.py:3954} INFO - Setting next_dagrun for example_task_group_decorator to 2025-01-29 00:00:00+00:00, run_after=2025-01-30 00:00:00+00:00
[2025-01-30T09:24:24.681+0000] {processor.py:183} INFO - Processing /home/airflow/.local/lib/python3.12/site-packages/airflow/example_dags/example_task_group_decorator.py took 0.115 seconds
[2025-01-30T09:24:55.579+0000] {processor.py:161} INFO - Started process (PID=641) to work on /home/airflow/.local/lib/python3.12/site-packages/airflow/example_dags/example_task_group_decorator.py
[2025-01-30T09:24:55.580+0000] {processor.py:830} INFO - Processing file /home/airflow/.local/lib/python3.12/site-packages/airflow/example_dags/example_task_group_decorator.py for tasks to queue
[2025-01-30T09:24:55.582+0000] {logging_mixin.py:188} INFO - [2025-01-30T09:24:55.582+0000] {dagbag.py:545} INFO - Filling up the DagBag from /home/airflow/.local/lib/python3.12/site-packages/airflow/example_dags/example_task_group_decorator.py
[2025-01-30T09:24:55.596+0000] {processor.py:840} INFO - DAG(s) 'example_task_group_decorator' retrieved from /home/airflow/.local/lib/python3.12/site-packages/airflow/example_dags/example_task_group_decorator.py
[2025-01-30T09:24:55.625+0000] {logging_mixin.py:188} INFO - [2025-01-30T09:24:55.625+0000] {dag.py:3096} INFO - Sync 1 DAGs
[2025-01-30T09:24:55.653+0000] {logging_mixin.py:188} INFO - [2025-01-30T09:24:55.652+0000] {dag.py:3954} INFO - Setting next_dagrun for example_task_group_decorator to 2025-01-29 00:00:00+00:00, run_after=2025-01-30 00:00:00+00:00
[2025-01-30T09:24:55.675+0000] {processor.py:183} INFO - Processing /home/airflow/.local/lib/python3.12/site-packages/airflow/example_dags/example_task_group_decorator.py took 0.102 seconds
