[2025-01-30T08:43:52.326+0000] {processor.py:161} INFO - Started process (PID=87) to work on /home/airflow/.local/lib/python3.12/site-packages/airflow/example_dags/example_task_group.py
[2025-01-30T08:43:52.327+0000] {processor.py:830} INFO - Processing file /home/airflow/.local/lib/python3.12/site-packages/airflow/example_dags/example_task_group.py for tasks to queue
[2025-01-30T08:43:52.329+0000] {logging_mixin.py:188} INFO - [2025-01-30T08:43:52.329+0000] {dagbag.py:545} INFO - Filling up the DagBag from /home/airflow/.local/lib/python3.12/site-packages/airflow/example_dags/example_task_group.py
[2025-01-30T08:43:52.338+0000] {processor.py:840} INFO - DAG(s) 'example_task_group' retrieved from /home/airflow/.local/lib/python3.12/site-packages/airflow/example_dags/example_task_group.py
[2025-01-30T08:43:52.461+0000] {logging_mixin.py:188} INFO - [2025-01-30T08:43:52.461+0000] {dag.py:3096} INFO - Sync 1 DAGs
[2025-01-30T08:43:52.483+0000] {logging_mixin.py:188} INFO - [2025-01-30T08:43:52.483+0000] {dag.py:3954} INFO - Setting next_dagrun for example_task_group to 2025-01-29 00:00:00+00:00, run_after=2025-01-30 00:00:00+00:00
[2025-01-30T08:43:52.508+0000] {processor.py:183} INFO - Processing /home/airflow/.local/lib/python3.12/site-packages/airflow/example_dags/example_task_group.py took 0.187 seconds
[2025-01-30T08:44:23.188+0000] {processor.py:161} INFO - Started process (PID=145) to work on /home/airflow/.local/lib/python3.12/site-packages/airflow/example_dags/example_task_group.py
[2025-01-30T08:44:23.189+0000] {processor.py:830} INFO - Processing file /home/airflow/.local/lib/python3.12/site-packages/airflow/example_dags/example_task_group.py for tasks to queue
[2025-01-30T08:44:23.191+0000] {logging_mixin.py:188} INFO - [2025-01-30T08:44:23.191+0000] {dagbag.py:545} INFO - Filling up the DagBag from /home/airflow/.local/lib/python3.12/site-packages/airflow/example_dags/example_task_group.py
[2025-01-30T08:44:23.200+0000] {processor.py:840} INFO - DAG(s) 'example_task_group' retrieved from /home/airflow/.local/lib/python3.12/site-packages/airflow/example_dags/example_task_group.py
[2025-01-30T08:44:23.224+0000] {logging_mixin.py:188} INFO - [2025-01-30T08:44:23.223+0000] {dag.py:3096} INFO - Sync 1 DAGs
[2025-01-30T08:44:23.250+0000] {logging_mixin.py:188} INFO - [2025-01-30T08:44:23.249+0000] {dag.py:3954} INFO - Setting next_dagrun for example_task_group to 2025-01-29 00:00:00+00:00, run_after=2025-01-30 00:00:00+00:00
[2025-01-30T08:44:23.273+0000] {processor.py:183} INFO - Processing /home/airflow/.local/lib/python3.12/site-packages/airflow/example_dags/example_task_group.py took 0.090 seconds
[2025-01-30T08:44:53.303+0000] {processor.py:161} INFO - Started process (PID=202) to work on /home/airflow/.local/lib/python3.12/site-packages/airflow/example_dags/example_task_group.py
[2025-01-30T08:44:53.304+0000] {processor.py:830} INFO - Processing file /home/airflow/.local/lib/python3.12/site-packages/airflow/example_dags/example_task_group.py for tasks to queue
[2025-01-30T08:44:53.306+0000] {logging_mixin.py:188} INFO - [2025-01-30T08:44:53.306+0000] {dagbag.py:545} INFO - Filling up the DagBag from /home/airflow/.local/lib/python3.12/site-packages/airflow/example_dags/example_task_group.py
[2025-01-30T08:44:53.314+0000] {processor.py:840} INFO - DAG(s) 'example_task_group' retrieved from /home/airflow/.local/lib/python3.12/site-packages/airflow/example_dags/example_task_group.py
[2025-01-30T08:44:53.337+0000] {logging_mixin.py:188} INFO - [2025-01-30T08:44:53.336+0000] {dag.py:3096} INFO - Sync 1 DAGs
[2025-01-30T08:44:53.361+0000] {logging_mixin.py:188} INFO - [2025-01-30T08:44:53.361+0000] {dag.py:3954} INFO - Setting next_dagrun for example_task_group to 2025-01-29 00:00:00+00:00, run_after=2025-01-30 00:00:00+00:00
[2025-01-30T08:44:53.389+0000] {processor.py:183} INFO - Processing /home/airflow/.local/lib/python3.12/site-packages/airflow/example_dags/example_task_group.py took 0.091 seconds
[2025-01-30T08:45:23.523+0000] {processor.py:161} INFO - Started process (PID=260) to work on /home/airflow/.local/lib/python3.12/site-packages/airflow/example_dags/example_task_group.py
[2025-01-30T08:45:23.524+0000] {processor.py:830} INFO - Processing file /home/airflow/.local/lib/python3.12/site-packages/airflow/example_dags/example_task_group.py for tasks to queue
[2025-01-30T08:45:23.527+0000] {logging_mixin.py:188} INFO - [2025-01-30T08:45:23.526+0000] {dagbag.py:545} INFO - Filling up the DagBag from /home/airflow/.local/lib/python3.12/site-packages/airflow/example_dags/example_task_group.py
[2025-01-30T08:45:23.534+0000] {processor.py:840} INFO - DAG(s) 'example_task_group' retrieved from /home/airflow/.local/lib/python3.12/site-packages/airflow/example_dags/example_task_group.py
[2025-01-30T08:45:23.556+0000] {logging_mixin.py:188} INFO - [2025-01-30T08:45:23.556+0000] {dag.py:3096} INFO - Sync 1 DAGs
[2025-01-30T08:45:23.581+0000] {logging_mixin.py:188} INFO - [2025-01-30T08:45:23.580+0000] {dag.py:3954} INFO - Setting next_dagrun for example_task_group to 2025-01-29 00:00:00+00:00, run_after=2025-01-30 00:00:00+00:00
[2025-01-30T08:45:23.603+0000] {processor.py:183} INFO - Processing /home/airflow/.local/lib/python3.12/site-packages/airflow/example_dags/example_task_group.py took 0.085 seconds
[2025-01-30T08:45:53.739+0000] {processor.py:161} INFO - Started process (PID=318) to work on /home/airflow/.local/lib/python3.12/site-packages/airflow/example_dags/example_task_group.py
[2025-01-30T08:45:53.740+0000] {processor.py:830} INFO - Processing file /home/airflow/.local/lib/python3.12/site-packages/airflow/example_dags/example_task_group.py for tasks to queue
[2025-01-30T08:45:53.742+0000] {logging_mixin.py:188} INFO - [2025-01-30T08:45:53.741+0000] {dagbag.py:545} INFO - Filling up the DagBag from /home/airflow/.local/lib/python3.12/site-packages/airflow/example_dags/example_task_group.py
[2025-01-30T08:45:53.747+0000] {processor.py:840} INFO - DAG(s) 'example_task_group' retrieved from /home/airflow/.local/lib/python3.12/site-packages/airflow/example_dags/example_task_group.py
[2025-01-30T08:45:53.769+0000] {logging_mixin.py:188} INFO - [2025-01-30T08:45:53.769+0000] {dag.py:3096} INFO - Sync 1 DAGs
[2025-01-30T08:45:53.794+0000] {logging_mixin.py:188} INFO - [2025-01-30T08:45:53.793+0000] {dag.py:3954} INFO - Setting next_dagrun for example_task_group to 2025-01-29 00:00:00+00:00, run_after=2025-01-30 00:00:00+00:00
[2025-01-30T08:45:53.818+0000] {processor.py:183} INFO - Processing /home/airflow/.local/lib/python3.12/site-packages/airflow/example_dags/example_task_group.py took 0.084 seconds
[2025-01-30T08:46:24.155+0000] {processor.py:161} INFO - Started process (PID=375) to work on /home/airflow/.local/lib/python3.12/site-packages/airflow/example_dags/example_task_group.py
[2025-01-30T08:46:24.156+0000] {processor.py:830} INFO - Processing file /home/airflow/.local/lib/python3.12/site-packages/airflow/example_dags/example_task_group.py for tasks to queue
[2025-01-30T08:46:24.158+0000] {logging_mixin.py:188} INFO - [2025-01-30T08:46:24.158+0000] {dagbag.py:545} INFO - Filling up the DagBag from /home/airflow/.local/lib/python3.12/site-packages/airflow/example_dags/example_task_group.py
[2025-01-30T08:46:24.165+0000] {processor.py:840} INFO - DAG(s) 'example_task_group' retrieved from /home/airflow/.local/lib/python3.12/site-packages/airflow/example_dags/example_task_group.py
[2025-01-30T08:46:24.188+0000] {logging_mixin.py:188} INFO - [2025-01-30T08:46:24.188+0000] {dag.py:3096} INFO - Sync 1 DAGs
[2025-01-30T08:46:24.215+0000] {logging_mixin.py:188} INFO - [2025-01-30T08:46:24.215+0000] {dag.py:3954} INFO - Setting next_dagrun for example_task_group to 2025-01-29 00:00:00+00:00, run_after=2025-01-30 00:00:00+00:00
[2025-01-30T08:46:24.243+0000] {processor.py:183} INFO - Processing /home/airflow/.local/lib/python3.12/site-packages/airflow/example_dags/example_task_group.py took 0.094 seconds
[2025-01-30T08:46:54.599+0000] {processor.py:161} INFO - Started process (PID=433) to work on /home/airflow/.local/lib/python3.12/site-packages/airflow/example_dags/example_task_group.py
[2025-01-30T08:46:54.601+0000] {processor.py:830} INFO - Processing file /home/airflow/.local/lib/python3.12/site-packages/airflow/example_dags/example_task_group.py for tasks to queue
[2025-01-30T08:46:54.603+0000] {logging_mixin.py:188} INFO - [2025-01-30T08:46:54.602+0000] {dagbag.py:545} INFO - Filling up the DagBag from /home/airflow/.local/lib/python3.12/site-packages/airflow/example_dags/example_task_group.py
[2025-01-30T08:46:54.609+0000] {processor.py:840} INFO - DAG(s) 'example_task_group' retrieved from /home/airflow/.local/lib/python3.12/site-packages/airflow/example_dags/example_task_group.py
[2025-01-30T08:46:54.631+0000] {logging_mixin.py:188} INFO - [2025-01-30T08:46:54.631+0000] {dag.py:3096} INFO - Sync 1 DAGs
[2025-01-30T08:46:54.655+0000] {logging_mixin.py:188} INFO - [2025-01-30T08:46:54.654+0000] {dag.py:3954} INFO - Setting next_dagrun for example_task_group to 2025-01-29 00:00:00+00:00, run_after=2025-01-30 00:00:00+00:00
[2025-01-30T08:46:54.679+0000] {processor.py:183} INFO - Processing /home/airflow/.local/lib/python3.12/site-packages/airflow/example_dags/example_task_group.py took 0.085 seconds
[2025-01-30T08:47:25.109+0000] {processor.py:161} INFO - Started process (PID=491) to work on /home/airflow/.local/lib/python3.12/site-packages/airflow/example_dags/example_task_group.py
[2025-01-30T08:47:25.110+0000] {processor.py:830} INFO - Processing file /home/airflow/.local/lib/python3.12/site-packages/airflow/example_dags/example_task_group.py for tasks to queue
[2025-01-30T08:47:25.112+0000] {logging_mixin.py:188} INFO - [2025-01-30T08:47:25.112+0000] {dagbag.py:545} INFO - Filling up the DagBag from /home/airflow/.local/lib/python3.12/site-packages/airflow/example_dags/example_task_group.py
[2025-01-30T08:47:25.119+0000] {processor.py:840} INFO - DAG(s) 'example_task_group' retrieved from /home/airflow/.local/lib/python3.12/site-packages/airflow/example_dags/example_task_group.py
[2025-01-30T08:47:25.144+0000] {logging_mixin.py:188} INFO - [2025-01-30T08:47:25.143+0000] {dag.py:3096} INFO - Sync 1 DAGs
[2025-01-30T08:47:25.167+0000] {logging_mixin.py:188} INFO - [2025-01-30T08:47:25.167+0000] {dag.py:3954} INFO - Setting next_dagrun for example_task_group to 2025-01-29 00:00:00+00:00, run_after=2025-01-30 00:00:00+00:00
[2025-01-30T08:47:25.193+0000] {processor.py:183} INFO - Processing /home/airflow/.local/lib/python3.12/site-packages/airflow/example_dags/example_task_group.py took 0.088 seconds
[2025-01-30T08:47:55.429+0000] {processor.py:161} INFO - Started process (PID=549) to work on /home/airflow/.local/lib/python3.12/site-packages/airflow/example_dags/example_task_group.py
[2025-01-30T08:47:55.430+0000] {processor.py:830} INFO - Processing file /home/airflow/.local/lib/python3.12/site-packages/airflow/example_dags/example_task_group.py for tasks to queue
[2025-01-30T08:47:55.433+0000] {logging_mixin.py:188} INFO - [2025-01-30T08:47:55.432+0000] {dagbag.py:545} INFO - Filling up the DagBag from /home/airflow/.local/lib/python3.12/site-packages/airflow/example_dags/example_task_group.py
[2025-01-30T08:47:55.443+0000] {processor.py:840} INFO - DAG(s) 'example_task_group' retrieved from /home/airflow/.local/lib/python3.12/site-packages/airflow/example_dags/example_task_group.py
[2025-01-30T08:47:55.469+0000] {logging_mixin.py:188} INFO - [2025-01-30T08:47:55.469+0000] {dag.py:3096} INFO - Sync 1 DAGs
[2025-01-30T08:47:55.513+0000] {logging_mixin.py:188} INFO - [2025-01-30T08:47:55.513+0000] {dag.py:3954} INFO - Setting next_dagrun for example_task_group to 2025-01-29 00:00:00+00:00, run_after=2025-01-30 00:00:00+00:00
[2025-01-30T08:47:55.551+0000] {processor.py:183} INFO - Processing /home/airflow/.local/lib/python3.12/site-packages/airflow/example_dags/example_task_group.py took 0.128 seconds
[2025-01-30T08:48:25.848+0000] {processor.py:161} INFO - Started process (PID=607) to work on /home/airflow/.local/lib/python3.12/site-packages/airflow/example_dags/example_task_group.py
[2025-01-30T08:48:25.849+0000] {processor.py:830} INFO - Processing file /home/airflow/.local/lib/python3.12/site-packages/airflow/example_dags/example_task_group.py for tasks to queue
[2025-01-30T08:48:25.850+0000] {logging_mixin.py:188} INFO - [2025-01-30T08:48:25.850+0000] {dagbag.py:545} INFO - Filling up the DagBag from /home/airflow/.local/lib/python3.12/site-packages/airflow/example_dags/example_task_group.py
[2025-01-30T08:48:25.858+0000] {processor.py:840} INFO - DAG(s) 'example_task_group' retrieved from /home/airflow/.local/lib/python3.12/site-packages/airflow/example_dags/example_task_group.py
[2025-01-30T08:48:25.884+0000] {logging_mixin.py:188} INFO - [2025-01-30T08:48:25.884+0000] {dag.py:3096} INFO - Sync 1 DAGs
[2025-01-30T08:48:25.911+0000] {logging_mixin.py:188} INFO - [2025-01-30T08:48:25.910+0000] {dag.py:3954} INFO - Setting next_dagrun for example_task_group to 2025-01-29 00:00:00+00:00, run_after=2025-01-30 00:00:00+00:00
[2025-01-30T08:48:25.933+0000] {processor.py:183} INFO - Processing /home/airflow/.local/lib/python3.12/site-packages/airflow/example_dags/example_task_group.py took 0.091 seconds
[2025-01-30T08:48:56.013+0000] {processor.py:161} INFO - Started process (PID=665) to work on /home/airflow/.local/lib/python3.12/site-packages/airflow/example_dags/example_task_group.py
[2025-01-30T08:48:56.014+0000] {processor.py:830} INFO - Processing file /home/airflow/.local/lib/python3.12/site-packages/airflow/example_dags/example_task_group.py for tasks to queue
[2025-01-30T08:48:56.016+0000] {logging_mixin.py:188} INFO - [2025-01-30T08:48:56.016+0000] {dagbag.py:545} INFO - Filling up the DagBag from /home/airflow/.local/lib/python3.12/site-packages/airflow/example_dags/example_task_group.py
[2025-01-30T08:48:56.025+0000] {processor.py:840} INFO - DAG(s) 'example_task_group' retrieved from /home/airflow/.local/lib/python3.12/site-packages/airflow/example_dags/example_task_group.py
[2025-01-30T08:48:56.049+0000] {logging_mixin.py:188} INFO - [2025-01-30T08:48:56.049+0000] {dag.py:3096} INFO - Sync 1 DAGs
[2025-01-30T08:48:56.075+0000] {logging_mixin.py:188} INFO - [2025-01-30T08:48:56.074+0000] {dag.py:3954} INFO - Setting next_dagrun for example_task_group to 2025-01-29 00:00:00+00:00, run_after=2025-01-30 00:00:00+00:00
[2025-01-30T08:48:56.099+0000] {processor.py:183} INFO - Processing /home/airflow/.local/lib/python3.12/site-packages/airflow/example_dags/example_task_group.py took 0.091 seconds
[2025-01-30T08:49:26.474+0000] {processor.py:161} INFO - Started process (PID=723) to work on /home/airflow/.local/lib/python3.12/site-packages/airflow/example_dags/example_task_group.py
[2025-01-30T08:49:26.475+0000] {processor.py:830} INFO - Processing file /home/airflow/.local/lib/python3.12/site-packages/airflow/example_dags/example_task_group.py for tasks to queue
[2025-01-30T08:49:26.478+0000] {logging_mixin.py:188} INFO - [2025-01-30T08:49:26.477+0000] {dagbag.py:545} INFO - Filling up the DagBag from /home/airflow/.local/lib/python3.12/site-packages/airflow/example_dags/example_task_group.py
[2025-01-30T08:49:26.485+0000] {processor.py:840} INFO - DAG(s) 'example_task_group' retrieved from /home/airflow/.local/lib/python3.12/site-packages/airflow/example_dags/example_task_group.py
[2025-01-30T08:49:26.507+0000] {logging_mixin.py:188} INFO - [2025-01-30T08:49:26.506+0000] {dag.py:3096} INFO - Sync 1 DAGs
[2025-01-30T08:49:26.530+0000] {logging_mixin.py:188} INFO - [2025-01-30T08:49:26.530+0000] {dag.py:3954} INFO - Setting next_dagrun for example_task_group to 2025-01-29 00:00:00+00:00, run_after=2025-01-30 00:00:00+00:00
[2025-01-30T08:49:26.556+0000] {processor.py:183} INFO - Processing /home/airflow/.local/lib/python3.12/site-packages/airflow/example_dags/example_task_group.py took 0.086 seconds
[2025-01-30T08:49:56.788+0000] {processor.py:161} INFO - Started process (PID=781) to work on /home/airflow/.local/lib/python3.12/site-packages/airflow/example_dags/example_task_group.py
[2025-01-30T08:49:56.789+0000] {processor.py:830} INFO - Processing file /home/airflow/.local/lib/python3.12/site-packages/airflow/example_dags/example_task_group.py for tasks to queue
[2025-01-30T08:49:56.791+0000] {logging_mixin.py:188} INFO - [2025-01-30T08:49:56.790+0000] {dagbag.py:545} INFO - Filling up the DagBag from /home/airflow/.local/lib/python3.12/site-packages/airflow/example_dags/example_task_group.py
[2025-01-30T08:49:56.797+0000] {processor.py:840} INFO - DAG(s) 'example_task_group' retrieved from /home/airflow/.local/lib/python3.12/site-packages/airflow/example_dags/example_task_group.py
[2025-01-30T08:49:56.819+0000] {logging_mixin.py:188} INFO - [2025-01-30T08:49:56.819+0000] {dag.py:3096} INFO - Sync 1 DAGs
[2025-01-30T08:49:56.844+0000] {logging_mixin.py:188} INFO - [2025-01-30T08:49:56.844+0000] {dag.py:3954} INFO - Setting next_dagrun for example_task_group to 2025-01-29 00:00:00+00:00, run_after=2025-01-30 00:00:00+00:00
[2025-01-30T08:49:56.870+0000] {processor.py:183} INFO - Processing /home/airflow/.local/lib/python3.12/site-packages/airflow/example_dags/example_task_group.py took 0.088 seconds
[2025-01-30T08:50:27.272+0000] {processor.py:161} INFO - Started process (PID=839) to work on /home/airflow/.local/lib/python3.12/site-packages/airflow/example_dags/example_task_group.py
[2025-01-30T08:50:27.273+0000] {processor.py:830} INFO - Processing file /home/airflow/.local/lib/python3.12/site-packages/airflow/example_dags/example_task_group.py for tasks to queue
[2025-01-30T08:50:27.276+0000] {logging_mixin.py:188} INFO - [2025-01-30T08:50:27.275+0000] {dagbag.py:545} INFO - Filling up the DagBag from /home/airflow/.local/lib/python3.12/site-packages/airflow/example_dags/example_task_group.py
[2025-01-30T08:50:27.282+0000] {processor.py:840} INFO - DAG(s) 'example_task_group' retrieved from /home/airflow/.local/lib/python3.12/site-packages/airflow/example_dags/example_task_group.py
[2025-01-30T08:50:27.307+0000] {logging_mixin.py:188} INFO - [2025-01-30T08:50:27.306+0000] {dag.py:3096} INFO - Sync 1 DAGs
[2025-01-30T08:50:27.331+0000] {logging_mixin.py:188} INFO - [2025-01-30T08:50:27.331+0000] {dag.py:3954} INFO - Setting next_dagrun for example_task_group to 2025-01-29 00:00:00+00:00, run_after=2025-01-30 00:00:00+00:00
[2025-01-30T08:50:27.354+0000] {processor.py:183} INFO - Processing /home/airflow/.local/lib/python3.12/site-packages/airflow/example_dags/example_task_group.py took 0.087 seconds
[2025-01-30T08:50:57.823+0000] {processor.py:161} INFO - Started process (PID=897) to work on /home/airflow/.local/lib/python3.12/site-packages/airflow/example_dags/example_task_group.py
[2025-01-30T08:50:57.824+0000] {processor.py:830} INFO - Processing file /home/airflow/.local/lib/python3.12/site-packages/airflow/example_dags/example_task_group.py for tasks to queue
[2025-01-30T08:50:57.826+0000] {logging_mixin.py:188} INFO - [2025-01-30T08:50:57.826+0000] {dagbag.py:545} INFO - Filling up the DagBag from /home/airflow/.local/lib/python3.12/site-packages/airflow/example_dags/example_task_group.py
[2025-01-30T08:50:57.833+0000] {processor.py:840} INFO - DAG(s) 'example_task_group' retrieved from /home/airflow/.local/lib/python3.12/site-packages/airflow/example_dags/example_task_group.py
[2025-01-30T08:50:57.857+0000] {logging_mixin.py:188} INFO - [2025-01-30T08:50:57.857+0000] {dag.py:3096} INFO - Sync 1 DAGs
[2025-01-30T08:50:57.883+0000] {logging_mixin.py:188} INFO - [2025-01-30T08:50:57.883+0000] {dag.py:3954} INFO - Setting next_dagrun for example_task_group to 2025-01-29 00:00:00+00:00, run_after=2025-01-30 00:00:00+00:00
[2025-01-30T08:50:57.911+0000] {processor.py:183} INFO - Processing /home/airflow/.local/lib/python3.12/site-packages/airflow/example_dags/example_task_group.py took 0.093 seconds
[2025-01-30T08:51:28.071+0000] {processor.py:161} INFO - Started process (PID=955) to work on /home/airflow/.local/lib/python3.12/site-packages/airflow/example_dags/example_task_group.py
[2025-01-30T08:51:28.072+0000] {processor.py:830} INFO - Processing file /home/airflow/.local/lib/python3.12/site-packages/airflow/example_dags/example_task_group.py for tasks to queue
[2025-01-30T08:51:28.073+0000] {logging_mixin.py:188} INFO - [2025-01-30T08:51:28.073+0000] {dagbag.py:545} INFO - Filling up the DagBag from /home/airflow/.local/lib/python3.12/site-packages/airflow/example_dags/example_task_group.py
[2025-01-30T08:51:28.081+0000] {processor.py:840} INFO - DAG(s) 'example_task_group' retrieved from /home/airflow/.local/lib/python3.12/site-packages/airflow/example_dags/example_task_group.py
[2025-01-30T08:51:28.104+0000] {logging_mixin.py:188} INFO - [2025-01-30T08:51:28.104+0000] {dag.py:3096} INFO - Sync 1 DAGs
[2025-01-30T08:51:28.129+0000] {logging_mixin.py:188} INFO - [2025-01-30T08:51:28.129+0000] {dag.py:3954} INFO - Setting next_dagrun for example_task_group to 2025-01-29 00:00:00+00:00, run_after=2025-01-30 00:00:00+00:00
[2025-01-30T08:51:28.156+0000] {processor.py:183} INFO - Processing /home/airflow/.local/lib/python3.12/site-packages/airflow/example_dags/example_task_group.py took 0.091 seconds
[2025-01-30T08:51:58.421+0000] {processor.py:161} INFO - Started process (PID=1013) to work on /home/airflow/.local/lib/python3.12/site-packages/airflow/example_dags/example_task_group.py
[2025-01-30T08:51:58.422+0000] {processor.py:830} INFO - Processing file /home/airflow/.local/lib/python3.12/site-packages/airflow/example_dags/example_task_group.py for tasks to queue
[2025-01-30T08:51:58.424+0000] {logging_mixin.py:188} INFO - [2025-01-30T08:51:58.423+0000] {dagbag.py:545} INFO - Filling up the DagBag from /home/airflow/.local/lib/python3.12/site-packages/airflow/example_dags/example_task_group.py
[2025-01-30T08:51:58.429+0000] {processor.py:840} INFO - DAG(s) 'example_task_group' retrieved from /home/airflow/.local/lib/python3.12/site-packages/airflow/example_dags/example_task_group.py
[2025-01-30T08:51:58.450+0000] {logging_mixin.py:188} INFO - [2025-01-30T08:51:58.450+0000] {dag.py:3096} INFO - Sync 1 DAGs
[2025-01-30T08:51:58.472+0000] {logging_mixin.py:188} INFO - [2025-01-30T08:51:58.472+0000] {dag.py:3954} INFO - Setting next_dagrun for example_task_group to 2025-01-29 00:00:00+00:00, run_after=2025-01-30 00:00:00+00:00
[2025-01-30T08:51:58.501+0000] {processor.py:183} INFO - Processing /home/airflow/.local/lib/python3.12/site-packages/airflow/example_dags/example_task_group.py took 0.086 seconds
[2025-01-30T08:52:28.883+0000] {processor.py:161} INFO - Started process (PID=1071) to work on /home/airflow/.local/lib/python3.12/site-packages/airflow/example_dags/example_task_group.py
[2025-01-30T08:52:28.884+0000] {processor.py:830} INFO - Processing file /home/airflow/.local/lib/python3.12/site-packages/airflow/example_dags/example_task_group.py for tasks to queue
[2025-01-30T08:52:28.886+0000] {logging_mixin.py:188} INFO - [2025-01-30T08:52:28.886+0000] {dagbag.py:545} INFO - Filling up the DagBag from /home/airflow/.local/lib/python3.12/site-packages/airflow/example_dags/example_task_group.py
[2025-01-30T08:52:28.894+0000] {processor.py:840} INFO - DAG(s) 'example_task_group' retrieved from /home/airflow/.local/lib/python3.12/site-packages/airflow/example_dags/example_task_group.py
[2025-01-30T08:52:28.916+0000] {logging_mixin.py:188} INFO - [2025-01-30T08:52:28.916+0000] {dag.py:3096} INFO - Sync 1 DAGs
[2025-01-30T08:52:28.941+0000] {logging_mixin.py:188} INFO - [2025-01-30T08:52:28.941+0000] {dag.py:3954} INFO - Setting next_dagrun for example_task_group to 2025-01-29 00:00:00+00:00, run_after=2025-01-30 00:00:00+00:00
[2025-01-30T08:52:28.966+0000] {processor.py:183} INFO - Processing /home/airflow/.local/lib/python3.12/site-packages/airflow/example_dags/example_task_group.py took 0.087 seconds
[2025-01-30T08:52:59.354+0000] {processor.py:161} INFO - Started process (PID=1129) to work on /home/airflow/.local/lib/python3.12/site-packages/airflow/example_dags/example_task_group.py
[2025-01-30T08:52:59.355+0000] {processor.py:830} INFO - Processing file /home/airflow/.local/lib/python3.12/site-packages/airflow/example_dags/example_task_group.py for tasks to queue
[2025-01-30T08:52:59.358+0000] {logging_mixin.py:188} INFO - [2025-01-30T08:52:59.357+0000] {dagbag.py:545} INFO - Filling up the DagBag from /home/airflow/.local/lib/python3.12/site-packages/airflow/example_dags/example_task_group.py
[2025-01-30T08:52:59.365+0000] {processor.py:840} INFO - DAG(s) 'example_task_group' retrieved from /home/airflow/.local/lib/python3.12/site-packages/airflow/example_dags/example_task_group.py
[2025-01-30T08:52:59.390+0000] {logging_mixin.py:188} INFO - [2025-01-30T08:52:59.389+0000] {dag.py:3096} INFO - Sync 1 DAGs
[2025-01-30T08:52:59.412+0000] {logging_mixin.py:188} INFO - [2025-01-30T08:52:59.412+0000] {dag.py:3954} INFO - Setting next_dagrun for example_task_group to 2025-01-29 00:00:00+00:00, run_after=2025-01-30 00:00:00+00:00
[2025-01-30T08:52:59.433+0000] {processor.py:183} INFO - Processing /home/airflow/.local/lib/python3.12/site-packages/airflow/example_dags/example_task_group.py took 0.084 seconds
[2025-01-30T08:53:29.543+0000] {processor.py:161} INFO - Started process (PID=1187) to work on /home/airflow/.local/lib/python3.12/site-packages/airflow/example_dags/example_task_group.py
[2025-01-30T08:53:29.544+0000] {processor.py:830} INFO - Processing file /home/airflow/.local/lib/python3.12/site-packages/airflow/example_dags/example_task_group.py for tasks to queue
[2025-01-30T08:53:29.546+0000] {logging_mixin.py:188} INFO - [2025-01-30T08:53:29.546+0000] {dagbag.py:545} INFO - Filling up the DagBag from /home/airflow/.local/lib/python3.12/site-packages/airflow/example_dags/example_task_group.py
[2025-01-30T08:53:29.553+0000] {processor.py:840} INFO - DAG(s) 'example_task_group' retrieved from /home/airflow/.local/lib/python3.12/site-packages/airflow/example_dags/example_task_group.py
[2025-01-30T08:53:29.576+0000] {logging_mixin.py:188} INFO - [2025-01-30T08:53:29.575+0000] {dag.py:3096} INFO - Sync 1 DAGs
[2025-01-30T08:53:29.600+0000] {logging_mixin.py:188} INFO - [2025-01-30T08:53:29.599+0000] {dag.py:3954} INFO - Setting next_dagrun for example_task_group to 2025-01-29 00:00:00+00:00, run_after=2025-01-30 00:00:00+00:00
[2025-01-30T08:53:29.623+0000] {processor.py:183} INFO - Processing /home/airflow/.local/lib/python3.12/site-packages/airflow/example_dags/example_task_group.py took 0.085 seconds
[2025-01-30T08:53:59.911+0000] {processor.py:161} INFO - Started process (PID=1245) to work on /home/airflow/.local/lib/python3.12/site-packages/airflow/example_dags/example_task_group.py
[2025-01-30T08:53:59.912+0000] {processor.py:830} INFO - Processing file /home/airflow/.local/lib/python3.12/site-packages/airflow/example_dags/example_task_group.py for tasks to queue
[2025-01-30T08:53:59.914+0000] {logging_mixin.py:188} INFO - [2025-01-30T08:53:59.913+0000] {dagbag.py:545} INFO - Filling up the DagBag from /home/airflow/.local/lib/python3.12/site-packages/airflow/example_dags/example_task_group.py
[2025-01-30T08:53:59.920+0000] {processor.py:840} INFO - DAG(s) 'example_task_group' retrieved from /home/airflow/.local/lib/python3.12/site-packages/airflow/example_dags/example_task_group.py
[2025-01-30T08:53:59.942+0000] {logging_mixin.py:188} INFO - [2025-01-30T08:53:59.941+0000] {dag.py:3096} INFO - Sync 1 DAGs
[2025-01-30T08:53:59.966+0000] {logging_mixin.py:188} INFO - [2025-01-30T08:53:59.966+0000] {dag.py:3954} INFO - Setting next_dagrun for example_task_group to 2025-01-29 00:00:00+00:00, run_after=2025-01-30 00:00:00+00:00
[2025-01-30T08:53:59.994+0000] {processor.py:183} INFO - Processing /home/airflow/.local/lib/python3.12/site-packages/airflow/example_dags/example_task_group.py took 0.088 seconds
[2025-01-30T08:54:30.390+0000] {processor.py:161} INFO - Started process (PID=1303) to work on /home/airflow/.local/lib/python3.12/site-packages/airflow/example_dags/example_task_group.py
[2025-01-30T08:54:30.391+0000] {processor.py:830} INFO - Processing file /home/airflow/.local/lib/python3.12/site-packages/airflow/example_dags/example_task_group.py for tasks to queue
[2025-01-30T08:54:30.393+0000] {logging_mixin.py:188} INFO - [2025-01-30T08:54:30.393+0000] {dagbag.py:545} INFO - Filling up the DagBag from /home/airflow/.local/lib/python3.12/site-packages/airflow/example_dags/example_task_group.py
[2025-01-30T08:54:30.400+0000] {processor.py:840} INFO - DAG(s) 'example_task_group' retrieved from /home/airflow/.local/lib/python3.12/site-packages/airflow/example_dags/example_task_group.py
[2025-01-30T08:54:30.422+0000] {logging_mixin.py:188} INFO - [2025-01-30T08:54:30.421+0000] {dag.py:3096} INFO - Sync 1 DAGs
[2025-01-30T08:54:30.444+0000] {logging_mixin.py:188} INFO - [2025-01-30T08:54:30.443+0000] {dag.py:3954} INFO - Setting next_dagrun for example_task_group to 2025-01-29 00:00:00+00:00, run_after=2025-01-30 00:00:00+00:00
[2025-01-30T08:54:30.471+0000] {processor.py:183} INFO - Processing /home/airflow/.local/lib/python3.12/site-packages/airflow/example_dags/example_task_group.py took 0.086 seconds
[2025-01-30T08:55:00.603+0000] {processor.py:161} INFO - Started process (PID=1361) to work on /home/airflow/.local/lib/python3.12/site-packages/airflow/example_dags/example_task_group.py
[2025-01-30T08:55:00.604+0000] {processor.py:830} INFO - Processing file /home/airflow/.local/lib/python3.12/site-packages/airflow/example_dags/example_task_group.py for tasks to queue
[2025-01-30T08:55:00.606+0000] {logging_mixin.py:188} INFO - [2025-01-30T08:55:00.606+0000] {dagbag.py:545} INFO - Filling up the DagBag from /home/airflow/.local/lib/python3.12/site-packages/airflow/example_dags/example_task_group.py
[2025-01-30T08:55:00.613+0000] {processor.py:840} INFO - DAG(s) 'example_task_group' retrieved from /home/airflow/.local/lib/python3.12/site-packages/airflow/example_dags/example_task_group.py
[2025-01-30T08:55:00.635+0000] {logging_mixin.py:188} INFO - [2025-01-30T08:55:00.635+0000] {dag.py:3096} INFO - Sync 1 DAGs
[2025-01-30T08:55:00.658+0000] {logging_mixin.py:188} INFO - [2025-01-30T08:55:00.658+0000] {dag.py:3954} INFO - Setting next_dagrun for example_task_group to 2025-01-29 00:00:00+00:00, run_after=2025-01-30 00:00:00+00:00
[2025-01-30T08:55:00.680+0000] {processor.py:183} INFO - Processing /home/airflow/.local/lib/python3.12/site-packages/airflow/example_dags/example_task_group.py took 0.083 seconds
[2025-01-30T08:55:30.782+0000] {processor.py:161} INFO - Started process (PID=1419) to work on /home/airflow/.local/lib/python3.12/site-packages/airflow/example_dags/example_task_group.py
[2025-01-30T08:55:30.783+0000] {processor.py:830} INFO - Processing file /home/airflow/.local/lib/python3.12/site-packages/airflow/example_dags/example_task_group.py for tasks to queue
[2025-01-30T08:55:30.786+0000] {logging_mixin.py:188} INFO - [2025-01-30T08:55:30.785+0000] {dagbag.py:545} INFO - Filling up the DagBag from /home/airflow/.local/lib/python3.12/site-packages/airflow/example_dags/example_task_group.py
[2025-01-30T08:55:30.792+0000] {processor.py:840} INFO - DAG(s) 'example_task_group' retrieved from /home/airflow/.local/lib/python3.12/site-packages/airflow/example_dags/example_task_group.py
[2025-01-30T08:55:30.814+0000] {logging_mixin.py:188} INFO - [2025-01-30T08:55:30.814+0000] {dag.py:3096} INFO - Sync 1 DAGs
[2025-01-30T08:55:30.838+0000] {logging_mixin.py:188} INFO - [2025-01-30T08:55:30.838+0000] {dag.py:3954} INFO - Setting next_dagrun for example_task_group to 2025-01-29 00:00:00+00:00, run_after=2025-01-30 00:00:00+00:00
[2025-01-30T08:55:30.864+0000] {processor.py:183} INFO - Processing /home/airflow/.local/lib/python3.12/site-packages/airflow/example_dags/example_task_group.py took 0.088 seconds
[2025-01-30T08:56:00.939+0000] {processor.py:161} INFO - Started process (PID=1477) to work on /home/airflow/.local/lib/python3.12/site-packages/airflow/example_dags/example_task_group.py
[2025-01-30T08:56:00.940+0000] {processor.py:830} INFO - Processing file /home/airflow/.local/lib/python3.12/site-packages/airflow/example_dags/example_task_group.py for tasks to queue
[2025-01-30T08:56:00.943+0000] {logging_mixin.py:188} INFO - [2025-01-30T08:56:00.942+0000] {dagbag.py:545} INFO - Filling up the DagBag from /home/airflow/.local/lib/python3.12/site-packages/airflow/example_dags/example_task_group.py
[2025-01-30T08:56:00.950+0000] {processor.py:840} INFO - DAG(s) 'example_task_group' retrieved from /home/airflow/.local/lib/python3.12/site-packages/airflow/example_dags/example_task_group.py
[2025-01-30T08:56:00.972+0000] {logging_mixin.py:188} INFO - [2025-01-30T08:56:00.972+0000] {dag.py:3096} INFO - Sync 1 DAGs
[2025-01-30T08:56:00.995+0000] {logging_mixin.py:188} INFO - [2025-01-30T08:56:00.995+0000] {dag.py:3954} INFO - Setting next_dagrun for example_task_group to 2025-01-29 00:00:00+00:00, run_after=2025-01-30 00:00:00+00:00
[2025-01-30T08:56:01.021+0000] {processor.py:183} INFO - Processing /home/airflow/.local/lib/python3.12/site-packages/airflow/example_dags/example_task_group.py took 0.087 seconds
[2025-01-30T08:56:31.146+0000] {processor.py:161} INFO - Started process (PID=1535) to work on /home/airflow/.local/lib/python3.12/site-packages/airflow/example_dags/example_task_group.py
[2025-01-30T08:56:31.147+0000] {processor.py:830} INFO - Processing file /home/airflow/.local/lib/python3.12/site-packages/airflow/example_dags/example_task_group.py for tasks to queue
[2025-01-30T08:56:31.149+0000] {logging_mixin.py:188} INFO - [2025-01-30T08:56:31.149+0000] {dagbag.py:545} INFO - Filling up the DagBag from /home/airflow/.local/lib/python3.12/site-packages/airflow/example_dags/example_task_group.py
[2025-01-30T08:56:31.158+0000] {processor.py:840} INFO - DAG(s) 'example_task_group' retrieved from /home/airflow/.local/lib/python3.12/site-packages/airflow/example_dags/example_task_group.py
[2025-01-30T08:56:31.181+0000] {logging_mixin.py:188} INFO - [2025-01-30T08:56:31.181+0000] {dag.py:3096} INFO - Sync 1 DAGs
[2025-01-30T08:56:31.204+0000] {logging_mixin.py:188} INFO - [2025-01-30T08:56:31.203+0000] {dag.py:3954} INFO - Setting next_dagrun for example_task_group to 2025-01-29 00:00:00+00:00, run_after=2025-01-30 00:00:00+00:00
[2025-01-30T08:56:31.228+0000] {processor.py:183} INFO - Processing /home/airflow/.local/lib/python3.12/site-packages/airflow/example_dags/example_task_group.py took 0.087 seconds
[2025-01-30T08:57:01.394+0000] {processor.py:161} INFO - Started process (PID=1593) to work on /home/airflow/.local/lib/python3.12/site-packages/airflow/example_dags/example_task_group.py
[2025-01-30T08:57:01.395+0000] {processor.py:830} INFO - Processing file /home/airflow/.local/lib/python3.12/site-packages/airflow/example_dags/example_task_group.py for tasks to queue
[2025-01-30T08:57:01.398+0000] {logging_mixin.py:188} INFO - [2025-01-30T08:57:01.397+0000] {dagbag.py:545} INFO - Filling up the DagBag from /home/airflow/.local/lib/python3.12/site-packages/airflow/example_dags/example_task_group.py
[2025-01-30T08:57:01.405+0000] {processor.py:840} INFO - DAG(s) 'example_task_group' retrieved from /home/airflow/.local/lib/python3.12/site-packages/airflow/example_dags/example_task_group.py
[2025-01-30T08:57:01.426+0000] {logging_mixin.py:188} INFO - [2025-01-30T08:57:01.426+0000] {dag.py:3096} INFO - Sync 1 DAGs
[2025-01-30T08:57:01.449+0000] {logging_mixin.py:188} INFO - [2025-01-30T08:57:01.449+0000] {dag.py:3954} INFO - Setting next_dagrun for example_task_group to 2025-01-29 00:00:00+00:00, run_after=2025-01-30 00:00:00+00:00
[2025-01-30T08:57:01.475+0000] {processor.py:183} INFO - Processing /home/airflow/.local/lib/python3.12/site-packages/airflow/example_dags/example_task_group.py took 0.086 seconds
[2025-01-30T08:57:31.615+0000] {processor.py:161} INFO - Started process (PID=1651) to work on /home/airflow/.local/lib/python3.12/site-packages/airflow/example_dags/example_task_group.py
[2025-01-30T08:57:31.617+0000] {processor.py:830} INFO - Processing file /home/airflow/.local/lib/python3.12/site-packages/airflow/example_dags/example_task_group.py for tasks to queue
[2025-01-30T08:57:31.619+0000] {logging_mixin.py:188} INFO - [2025-01-30T08:57:31.618+0000] {dagbag.py:545} INFO - Filling up the DagBag from /home/airflow/.local/lib/python3.12/site-packages/airflow/example_dags/example_task_group.py
[2025-01-30T08:57:31.627+0000] {processor.py:840} INFO - DAG(s) 'example_task_group' retrieved from /home/airflow/.local/lib/python3.12/site-packages/airflow/example_dags/example_task_group.py
[2025-01-30T08:57:31.651+0000] {logging_mixin.py:188} INFO - [2025-01-30T08:57:31.651+0000] {dag.py:3096} INFO - Sync 1 DAGs
[2025-01-30T08:57:31.677+0000] {logging_mixin.py:188} INFO - [2025-01-30T08:57:31.676+0000] {dag.py:3954} INFO - Setting next_dagrun for example_task_group to 2025-01-29 00:00:00+00:00, run_after=2025-01-30 00:00:00+00:00
[2025-01-30T08:57:31.703+0000] {processor.py:183} INFO - Processing /home/airflow/.local/lib/python3.12/site-packages/airflow/example_dags/example_task_group.py took 0.092 seconds
[2025-01-30T08:58:01.861+0000] {processor.py:161} INFO - Started process (PID=1709) to work on /home/airflow/.local/lib/python3.12/site-packages/airflow/example_dags/example_task_group.py
[2025-01-30T08:58:01.862+0000] {processor.py:830} INFO - Processing file /home/airflow/.local/lib/python3.12/site-packages/airflow/example_dags/example_task_group.py for tasks to queue
[2025-01-30T08:58:01.864+0000] {logging_mixin.py:188} INFO - [2025-01-30T08:58:01.864+0000] {dagbag.py:545} INFO - Filling up the DagBag from /home/airflow/.local/lib/python3.12/site-packages/airflow/example_dags/example_task_group.py
[2025-01-30T08:58:01.871+0000] {processor.py:840} INFO - DAG(s) 'example_task_group' retrieved from /home/airflow/.local/lib/python3.12/site-packages/airflow/example_dags/example_task_group.py
[2025-01-30T08:58:01.894+0000] {logging_mixin.py:188} INFO - [2025-01-30T08:58:01.894+0000] {dag.py:3096} INFO - Sync 1 DAGs
[2025-01-30T08:58:01.918+0000] {logging_mixin.py:188} INFO - [2025-01-30T08:58:01.917+0000] {dag.py:3954} INFO - Setting next_dagrun for example_task_group to 2025-01-29 00:00:00+00:00, run_after=2025-01-30 00:00:00+00:00
[2025-01-30T08:58:01.948+0000] {processor.py:183} INFO - Processing /home/airflow/.local/lib/python3.12/site-packages/airflow/example_dags/example_task_group.py took 0.092 seconds
[2025-01-30T08:58:32.143+0000] {processor.py:161} INFO - Started process (PID=1767) to work on /home/airflow/.local/lib/python3.12/site-packages/airflow/example_dags/example_task_group.py
[2025-01-30T08:58:32.144+0000] {processor.py:830} INFO - Processing file /home/airflow/.local/lib/python3.12/site-packages/airflow/example_dags/example_task_group.py for tasks to queue
[2025-01-30T08:58:32.146+0000] {logging_mixin.py:188} INFO - [2025-01-30T08:58:32.146+0000] {dagbag.py:545} INFO - Filling up the DagBag from /home/airflow/.local/lib/python3.12/site-packages/airflow/example_dags/example_task_group.py
[2025-01-30T08:58:32.154+0000] {processor.py:840} INFO - DAG(s) 'example_task_group' retrieved from /home/airflow/.local/lib/python3.12/site-packages/airflow/example_dags/example_task_group.py
[2025-01-30T08:58:32.175+0000] {logging_mixin.py:188} INFO - [2025-01-30T08:58:32.175+0000] {dag.py:3096} INFO - Sync 1 DAGs
[2025-01-30T08:58:32.199+0000] {logging_mixin.py:188} INFO - [2025-01-30T08:58:32.199+0000] {dag.py:3954} INFO - Setting next_dagrun for example_task_group to 2025-01-29 00:00:00+00:00, run_after=2025-01-30 00:00:00+00:00
[2025-01-30T08:58:32.226+0000] {processor.py:183} INFO - Processing /home/airflow/.local/lib/python3.12/site-packages/airflow/example_dags/example_task_group.py took 0.088 seconds
[2025-01-30T09:01:48.729+0000] {processor.py:161} INFO - Started process (PID=87) to work on /home/airflow/.local/lib/python3.12/site-packages/airflow/example_dags/example_task_group.py
[2025-01-30T09:01:48.730+0000] {processor.py:830} INFO - Processing file /home/airflow/.local/lib/python3.12/site-packages/airflow/example_dags/example_task_group.py for tasks to queue
[2025-01-30T09:01:48.732+0000] {logging_mixin.py:188} INFO - [2025-01-30T09:01:48.732+0000] {dagbag.py:545} INFO - Filling up the DagBag from /home/airflow/.local/lib/python3.12/site-packages/airflow/example_dags/example_task_group.py
[2025-01-30T09:01:48.743+0000] {processor.py:840} INFO - DAG(s) 'example_task_group' retrieved from /home/airflow/.local/lib/python3.12/site-packages/airflow/example_dags/example_task_group.py
[2025-01-30T09:01:48.885+0000] {logging_mixin.py:188} INFO - [2025-01-30T09:01:48.884+0000] {dag.py:3096} INFO - Sync 1 DAGs
[2025-01-30T09:01:48.908+0000] {logging_mixin.py:188} INFO - [2025-01-30T09:01:48.908+0000] {dag.py:3954} INFO - Setting next_dagrun for example_task_group to 2025-01-29 00:00:00+00:00, run_after=2025-01-30 00:00:00+00:00
[2025-01-30T09:01:48.936+0000] {processor.py:183} INFO - Processing /home/airflow/.local/lib/python3.12/site-packages/airflow/example_dags/example_task_group.py took 0.213 seconds
[2025-01-30T09:02:19.767+0000] {processor.py:161} INFO - Started process (PID=145) to work on /home/airflow/.local/lib/python3.12/site-packages/airflow/example_dags/example_task_group.py
[2025-01-30T09:02:19.769+0000] {processor.py:830} INFO - Processing file /home/airflow/.local/lib/python3.12/site-packages/airflow/example_dags/example_task_group.py for tasks to queue
[2025-01-30T09:02:19.772+0000] {logging_mixin.py:188} INFO - [2025-01-30T09:02:19.772+0000] {dagbag.py:545} INFO - Filling up the DagBag from /home/airflow/.local/lib/python3.12/site-packages/airflow/example_dags/example_task_group.py
[2025-01-30T09:02:19.780+0000] {processor.py:840} INFO - DAG(s) 'example_task_group' retrieved from /home/airflow/.local/lib/python3.12/site-packages/airflow/example_dags/example_task_group.py
[2025-01-30T09:02:19.806+0000] {logging_mixin.py:188} INFO - [2025-01-30T09:02:19.806+0000] {dag.py:3096} INFO - Sync 1 DAGs
[2025-01-30T09:02:19.831+0000] {logging_mixin.py:188} INFO - [2025-01-30T09:02:19.831+0000] {dag.py:3954} INFO - Setting next_dagrun for example_task_group to 2025-01-29 00:00:00+00:00, run_after=2025-01-30 00:00:00+00:00
[2025-01-30T09:02:19.858+0000] {processor.py:183} INFO - Processing /home/airflow/.local/lib/python3.12/site-packages/airflow/example_dags/example_task_group.py took 0.100 seconds
[2025-01-30T09:02:50.222+0000] {processor.py:161} INFO - Started process (PID=203) to work on /home/airflow/.local/lib/python3.12/site-packages/airflow/example_dags/example_task_group.py
[2025-01-30T09:02:50.223+0000] {processor.py:830} INFO - Processing file /home/airflow/.local/lib/python3.12/site-packages/airflow/example_dags/example_task_group.py for tasks to queue
[2025-01-30T09:02:50.225+0000] {logging_mixin.py:188} INFO - [2025-01-30T09:02:50.225+0000] {dagbag.py:545} INFO - Filling up the DagBag from /home/airflow/.local/lib/python3.12/site-packages/airflow/example_dags/example_task_group.py
[2025-01-30T09:02:50.233+0000] {processor.py:840} INFO - DAG(s) 'example_task_group' retrieved from /home/airflow/.local/lib/python3.12/site-packages/airflow/example_dags/example_task_group.py
[2025-01-30T09:02:50.258+0000] {logging_mixin.py:188} INFO - [2025-01-30T09:02:50.258+0000] {dag.py:3096} INFO - Sync 1 DAGs
[2025-01-30T09:02:50.285+0000] {logging_mixin.py:188} INFO - [2025-01-30T09:02:50.285+0000] {dag.py:3954} INFO - Setting next_dagrun for example_task_group to 2025-01-29 00:00:00+00:00, run_after=2025-01-30 00:00:00+00:00
[2025-01-30T09:02:50.308+0000] {processor.py:183} INFO - Processing /home/airflow/.local/lib/python3.12/site-packages/airflow/example_dags/example_task_group.py took 0.092 seconds
[2025-01-30T09:03:20.363+0000] {processor.py:161} INFO - Started process (PID=260) to work on /home/airflow/.local/lib/python3.12/site-packages/airflow/example_dags/example_task_group.py
[2025-01-30T09:03:20.364+0000] {processor.py:830} INFO - Processing file /home/airflow/.local/lib/python3.12/site-packages/airflow/example_dags/example_task_group.py for tasks to queue
[2025-01-30T09:03:20.365+0000] {logging_mixin.py:188} INFO - [2025-01-30T09:03:20.365+0000] {dagbag.py:545} INFO - Filling up the DagBag from /home/airflow/.local/lib/python3.12/site-packages/airflow/example_dags/example_task_group.py
[2025-01-30T09:03:20.373+0000] {processor.py:840} INFO - DAG(s) 'example_task_group' retrieved from /home/airflow/.local/lib/python3.12/site-packages/airflow/example_dags/example_task_group.py
[2025-01-30T09:03:20.396+0000] {logging_mixin.py:188} INFO - [2025-01-30T09:03:20.396+0000] {dag.py:3096} INFO - Sync 1 DAGs
[2025-01-30T09:03:20.420+0000] {logging_mixin.py:188} INFO - [2025-01-30T09:03:20.420+0000] {dag.py:3954} INFO - Setting next_dagrun for example_task_group to 2025-01-29 00:00:00+00:00, run_after=2025-01-30 00:00:00+00:00
[2025-01-30T09:03:20.445+0000] {processor.py:183} INFO - Processing /home/airflow/.local/lib/python3.12/site-packages/airflow/example_dags/example_task_group.py took 0.087 seconds
[2025-01-30T09:05:20.005+0000] {processor.py:161} INFO - Started process (PID=85) to work on /home/airflow/.local/lib/python3.12/site-packages/airflow/example_dags/example_task_group.py
[2025-01-30T09:05:20.006+0000] {processor.py:830} INFO - Processing file /home/airflow/.local/lib/python3.12/site-packages/airflow/example_dags/example_task_group.py for tasks to queue
[2025-01-30T09:05:20.008+0000] {logging_mixin.py:188} INFO - [2025-01-30T09:05:20.008+0000] {dagbag.py:545} INFO - Filling up the DagBag from /home/airflow/.local/lib/python3.12/site-packages/airflow/example_dags/example_task_group.py
[2025-01-30T09:05:20.017+0000] {processor.py:840} INFO - DAG(s) 'example_task_group' retrieved from /home/airflow/.local/lib/python3.12/site-packages/airflow/example_dags/example_task_group.py
[2025-01-30T09:05:20.131+0000] {logging_mixin.py:188} INFO - [2025-01-30T09:05:20.131+0000] {dag.py:3096} INFO - Sync 1 DAGs
[2025-01-30T09:05:20.152+0000] {logging_mixin.py:188} INFO - [2025-01-30T09:05:20.152+0000] {dag.py:3954} INFO - Setting next_dagrun for example_task_group to 2025-01-29 00:00:00+00:00, run_after=2025-01-30 00:00:00+00:00
[2025-01-30T09:05:20.180+0000] {processor.py:183} INFO - Processing /home/airflow/.local/lib/python3.12/site-packages/airflow/example_dags/example_task_group.py took 0.181 seconds
[2025-01-30T09:05:50.611+0000] {processor.py:161} INFO - Started process (PID=142) to work on /home/airflow/.local/lib/python3.12/site-packages/airflow/example_dags/example_task_group.py
[2025-01-30T09:05:50.612+0000] {processor.py:830} INFO - Processing file /home/airflow/.local/lib/python3.12/site-packages/airflow/example_dags/example_task_group.py for tasks to queue
[2025-01-30T09:05:50.614+0000] {logging_mixin.py:188} INFO - [2025-01-30T09:05:50.614+0000] {dagbag.py:545} INFO - Filling up the DagBag from /home/airflow/.local/lib/python3.12/site-packages/airflow/example_dags/example_task_group.py
[2025-01-30T09:05:50.620+0000] {processor.py:840} INFO - DAG(s) 'example_task_group' retrieved from /home/airflow/.local/lib/python3.12/site-packages/airflow/example_dags/example_task_group.py
[2025-01-30T09:05:50.646+0000] {logging_mixin.py:188} INFO - [2025-01-30T09:05:50.646+0000] {dag.py:3096} INFO - Sync 1 DAGs
[2025-01-30T09:05:50.671+0000] {logging_mixin.py:188} INFO - [2025-01-30T09:05:50.670+0000] {dag.py:3954} INFO - Setting next_dagrun for example_task_group to 2025-01-29 00:00:00+00:00, run_after=2025-01-30 00:00:00+00:00
[2025-01-30T09:05:50.698+0000] {processor.py:183} INFO - Processing /home/airflow/.local/lib/python3.12/site-packages/airflow/example_dags/example_task_group.py took 0.092 seconds
[2025-01-30T09:10:50.467+0000] {processor.py:161} INFO - Started process (PID=88) to work on /home/airflow/.local/lib/python3.12/site-packages/airflow/example_dags/example_task_group.py
[2025-01-30T09:10:50.468+0000] {processor.py:830} INFO - Processing file /home/airflow/.local/lib/python3.12/site-packages/airflow/example_dags/example_task_group.py for tasks to queue
[2025-01-30T09:10:50.470+0000] {logging_mixin.py:188} INFO - [2025-01-30T09:10:50.470+0000] {dagbag.py:545} INFO - Filling up the DagBag from /home/airflow/.local/lib/python3.12/site-packages/airflow/example_dags/example_task_group.py
[2025-01-30T09:10:50.479+0000] {processor.py:840} INFO - DAG(s) 'example_task_group' retrieved from /home/airflow/.local/lib/python3.12/site-packages/airflow/example_dags/example_task_group.py
[2025-01-30T09:10:50.589+0000] {logging_mixin.py:188} INFO - [2025-01-30T09:10:50.589+0000] {dag.py:3096} INFO - Sync 1 DAGs
[2025-01-30T09:10:50.611+0000] {logging_mixin.py:188} INFO - [2025-01-30T09:10:50.611+0000] {dag.py:3954} INFO - Setting next_dagrun for example_task_group to 2025-01-29 00:00:00+00:00, run_after=2025-01-30 00:00:00+00:00
[2025-01-30T09:10:50.637+0000] {processor.py:183} INFO - Processing /home/airflow/.local/lib/python3.12/site-packages/airflow/example_dags/example_task_group.py took 0.175 seconds
[2025-01-30T09:11:20.811+0000] {processor.py:161} INFO - Started process (PID=146) to work on /home/airflow/.local/lib/python3.12/site-packages/airflow/example_dags/example_task_group.py
[2025-01-30T09:11:20.812+0000] {processor.py:830} INFO - Processing file /home/airflow/.local/lib/python3.12/site-packages/airflow/example_dags/example_task_group.py for tasks to queue
[2025-01-30T09:11:20.813+0000] {logging_mixin.py:188} INFO - [2025-01-30T09:11:20.813+0000] {dagbag.py:545} INFO - Filling up the DagBag from /home/airflow/.local/lib/python3.12/site-packages/airflow/example_dags/example_task_group.py
[2025-01-30T09:11:20.820+0000] {processor.py:840} INFO - DAG(s) 'example_task_group' retrieved from /home/airflow/.local/lib/python3.12/site-packages/airflow/example_dags/example_task_group.py
[2025-01-30T09:11:20.841+0000] {logging_mixin.py:188} INFO - [2025-01-30T09:11:20.841+0000] {dag.py:3096} INFO - Sync 1 DAGs
[2025-01-30T09:11:20.863+0000] {logging_mixin.py:188} INFO - [2025-01-30T09:11:20.863+0000] {dag.py:3954} INFO - Setting next_dagrun for example_task_group to 2025-01-29 00:00:00+00:00, run_after=2025-01-30 00:00:00+00:00
[2025-01-30T09:11:20.887+0000] {processor.py:183} INFO - Processing /home/airflow/.local/lib/python3.12/site-packages/airflow/example_dags/example_task_group.py took 0.081 seconds
[2025-01-30T09:11:51.502+0000] {processor.py:161} INFO - Started process (PID=205) to work on /home/airflow/.local/lib/python3.12/site-packages/airflow/example_dags/example_task_group.py
[2025-01-30T09:11:51.504+0000] {processor.py:830} INFO - Processing file /home/airflow/.local/lib/python3.12/site-packages/airflow/example_dags/example_task_group.py for tasks to queue
[2025-01-30T09:11:51.506+0000] {logging_mixin.py:188} INFO - [2025-01-30T09:11:51.505+0000] {dagbag.py:545} INFO - Filling up the DagBag from /home/airflow/.local/lib/python3.12/site-packages/airflow/example_dags/example_task_group.py
[2025-01-30T09:11:51.512+0000] {processor.py:840} INFO - DAG(s) 'example_task_group' retrieved from /home/airflow/.local/lib/python3.12/site-packages/airflow/example_dags/example_task_group.py
[2025-01-30T09:11:51.537+0000] {logging_mixin.py:188} INFO - [2025-01-30T09:11:51.536+0000] {dag.py:3096} INFO - Sync 1 DAGs
[2025-01-30T09:11:51.561+0000] {logging_mixin.py:188} INFO - [2025-01-30T09:11:51.561+0000] {dag.py:3954} INFO - Setting next_dagrun for example_task_group to 2025-01-29 00:00:00+00:00, run_after=2025-01-30 00:00:00+00:00
[2025-01-30T09:11:51.586+0000] {processor.py:183} INFO - Processing /home/airflow/.local/lib/python3.12/site-packages/airflow/example_dags/example_task_group.py took 0.089 seconds
[2025-01-30T09:12:21.969+0000] {processor.py:161} INFO - Started process (PID=263) to work on /home/airflow/.local/lib/python3.12/site-packages/airflow/example_dags/example_task_group.py
[2025-01-30T09:12:21.970+0000] {processor.py:830} INFO - Processing file /home/airflow/.local/lib/python3.12/site-packages/airflow/example_dags/example_task_group.py for tasks to queue
[2025-01-30T09:12:21.972+0000] {logging_mixin.py:188} INFO - [2025-01-30T09:12:21.971+0000] {dagbag.py:545} INFO - Filling up the DagBag from /home/airflow/.local/lib/python3.12/site-packages/airflow/example_dags/example_task_group.py
[2025-01-30T09:12:21.978+0000] {processor.py:840} INFO - DAG(s) 'example_task_group' retrieved from /home/airflow/.local/lib/python3.12/site-packages/airflow/example_dags/example_task_group.py
[2025-01-30T09:12:22.004+0000] {logging_mixin.py:188} INFO - [2025-01-30T09:12:22.003+0000] {dag.py:3096} INFO - Sync 1 DAGs
[2025-01-30T09:12:22.031+0000] {logging_mixin.py:188} INFO - [2025-01-30T09:12:22.031+0000] {dag.py:3954} INFO - Setting next_dagrun for example_task_group to 2025-01-29 00:00:00+00:00, run_after=2025-01-30 00:00:00+00:00
[2025-01-30T09:12:22.056+0000] {processor.py:183} INFO - Processing /home/airflow/.local/lib/python3.12/site-packages/airflow/example_dags/example_task_group.py took 0.093 seconds
[2025-01-30T09:12:52.366+0000] {processor.py:161} INFO - Started process (PID=320) to work on /home/airflow/.local/lib/python3.12/site-packages/airflow/example_dags/example_task_group.py
[2025-01-30T09:12:52.367+0000] {processor.py:830} INFO - Processing file /home/airflow/.local/lib/python3.12/site-packages/airflow/example_dags/example_task_group.py for tasks to queue
[2025-01-30T09:12:52.369+0000] {logging_mixin.py:188} INFO - [2025-01-30T09:12:52.369+0000] {dagbag.py:545} INFO - Filling up the DagBag from /home/airflow/.local/lib/python3.12/site-packages/airflow/example_dags/example_task_group.py
[2025-01-30T09:12:52.375+0000] {processor.py:840} INFO - DAG(s) 'example_task_group' retrieved from /home/airflow/.local/lib/python3.12/site-packages/airflow/example_dags/example_task_group.py
[2025-01-30T09:12:52.397+0000] {logging_mixin.py:188} INFO - [2025-01-30T09:12:52.397+0000] {dag.py:3096} INFO - Sync 1 DAGs
[2025-01-30T09:12:52.419+0000] {logging_mixin.py:188} INFO - [2025-01-30T09:12:52.419+0000] {dag.py:3954} INFO - Setting next_dagrun for example_task_group to 2025-01-29 00:00:00+00:00, run_after=2025-01-30 00:00:00+00:00
[2025-01-30T09:12:52.444+0000] {processor.py:183} INFO - Processing /home/airflow/.local/lib/python3.12/site-packages/airflow/example_dags/example_task_group.py took 0.082 seconds
[2025-01-30T09:13:22.643+0000] {processor.py:161} INFO - Started process (PID=378) to work on /home/airflow/.local/lib/python3.12/site-packages/airflow/example_dags/example_task_group.py
[2025-01-30T09:13:22.645+0000] {processor.py:830} INFO - Processing file /home/airflow/.local/lib/python3.12/site-packages/airflow/example_dags/example_task_group.py for tasks to queue
[2025-01-30T09:13:22.646+0000] {logging_mixin.py:188} INFO - [2025-01-30T09:13:22.646+0000] {dagbag.py:545} INFO - Filling up the DagBag from /home/airflow/.local/lib/python3.12/site-packages/airflow/example_dags/example_task_group.py
[2025-01-30T09:13:22.654+0000] {processor.py:840} INFO - DAG(s) 'example_task_group' retrieved from /home/airflow/.local/lib/python3.12/site-packages/airflow/example_dags/example_task_group.py
[2025-01-30T09:13:22.676+0000] {logging_mixin.py:188} INFO - [2025-01-30T09:13:22.676+0000] {dag.py:3096} INFO - Sync 1 DAGs
[2025-01-30T09:13:22.699+0000] {logging_mixin.py:188} INFO - [2025-01-30T09:13:22.699+0000] {dag.py:3954} INFO - Setting next_dagrun for example_task_group to 2025-01-29 00:00:00+00:00, run_after=2025-01-30 00:00:00+00:00
[2025-01-30T09:13:22.721+0000] {processor.py:183} INFO - Processing /home/airflow/.local/lib/python3.12/site-packages/airflow/example_dags/example_task_group.py took 0.082 seconds
[2025-01-30T09:13:52.797+0000] {processor.py:161} INFO - Started process (PID=436) to work on /home/airflow/.local/lib/python3.12/site-packages/airflow/example_dags/example_task_group.py
[2025-01-30T09:13:52.798+0000] {processor.py:830} INFO - Processing file /home/airflow/.local/lib/python3.12/site-packages/airflow/example_dags/example_task_group.py for tasks to queue
[2025-01-30T09:13:52.799+0000] {logging_mixin.py:188} INFO - [2025-01-30T09:13:52.799+0000] {dagbag.py:545} INFO - Filling up the DagBag from /home/airflow/.local/lib/python3.12/site-packages/airflow/example_dags/example_task_group.py
[2025-01-30T09:13:52.806+0000] {processor.py:840} INFO - DAG(s) 'example_task_group' retrieved from /home/airflow/.local/lib/python3.12/site-packages/airflow/example_dags/example_task_group.py
[2025-01-30T09:13:52.829+0000] {logging_mixin.py:188} INFO - [2025-01-30T09:13:52.828+0000] {dag.py:3096} INFO - Sync 1 DAGs
[2025-01-30T09:13:52.853+0000] {logging_mixin.py:188} INFO - [2025-01-30T09:13:52.853+0000] {dag.py:3954} INFO - Setting next_dagrun for example_task_group to 2025-01-29 00:00:00+00:00, run_after=2025-01-30 00:00:00+00:00
[2025-01-30T09:13:52.877+0000] {processor.py:183} INFO - Processing /home/airflow/.local/lib/python3.12/site-packages/airflow/example_dags/example_task_group.py took 0.085 seconds
[2025-01-30T09:14:23.042+0000] {processor.py:161} INFO - Started process (PID=494) to work on /home/airflow/.local/lib/python3.12/site-packages/airflow/example_dags/example_task_group.py
[2025-01-30T09:14:23.043+0000] {processor.py:830} INFO - Processing file /home/airflow/.local/lib/python3.12/site-packages/airflow/example_dags/example_task_group.py for tasks to queue
[2025-01-30T09:14:23.045+0000] {logging_mixin.py:188} INFO - [2025-01-30T09:14:23.045+0000] {dagbag.py:545} INFO - Filling up the DagBag from /home/airflow/.local/lib/python3.12/site-packages/airflow/example_dags/example_task_group.py
[2025-01-30T09:14:23.052+0000] {processor.py:840} INFO - DAG(s) 'example_task_group' retrieved from /home/airflow/.local/lib/python3.12/site-packages/airflow/example_dags/example_task_group.py
[2025-01-30T09:14:23.076+0000] {logging_mixin.py:188} INFO - [2025-01-30T09:14:23.075+0000] {dag.py:3096} INFO - Sync 1 DAGs
[2025-01-30T09:14:23.098+0000] {logging_mixin.py:188} INFO - [2025-01-30T09:14:23.098+0000] {dag.py:3954} INFO - Setting next_dagrun for example_task_group to 2025-01-29 00:00:00+00:00, run_after=2025-01-30 00:00:00+00:00
[2025-01-30T09:14:23.127+0000] {processor.py:183} INFO - Processing /home/airflow/.local/lib/python3.12/site-packages/airflow/example_dags/example_task_group.py took 0.090 seconds
[2025-01-30T09:14:53.602+0000] {processor.py:161} INFO - Started process (PID=552) to work on /home/airflow/.local/lib/python3.12/site-packages/airflow/example_dags/example_task_group.py
[2025-01-30T09:14:53.603+0000] {processor.py:830} INFO - Processing file /home/airflow/.local/lib/python3.12/site-packages/airflow/example_dags/example_task_group.py for tasks to queue
[2025-01-30T09:14:53.606+0000] {logging_mixin.py:188} INFO - [2025-01-30T09:14:53.605+0000] {dagbag.py:545} INFO - Filling up the DagBag from /home/airflow/.local/lib/python3.12/site-packages/airflow/example_dags/example_task_group.py
[2025-01-30T09:14:53.613+0000] {processor.py:840} INFO - DAG(s) 'example_task_group' retrieved from /home/airflow/.local/lib/python3.12/site-packages/airflow/example_dags/example_task_group.py
[2025-01-30T09:14:53.635+0000] {logging_mixin.py:188} INFO - [2025-01-30T09:14:53.635+0000] {dag.py:3096} INFO - Sync 1 DAGs
[2025-01-30T09:14:53.657+0000] {logging_mixin.py:188} INFO - [2025-01-30T09:14:53.657+0000] {dag.py:3954} INFO - Setting next_dagrun for example_task_group to 2025-01-29 00:00:00+00:00, run_after=2025-01-30 00:00:00+00:00
[2025-01-30T09:14:53.684+0000] {processor.py:183} INFO - Processing /home/airflow/.local/lib/python3.12/site-packages/airflow/example_dags/example_task_group.py took 0.086 seconds
[2025-01-30T09:15:23.866+0000] {processor.py:161} INFO - Started process (PID=609) to work on /home/airflow/.local/lib/python3.12/site-packages/airflow/example_dags/example_task_group.py
[2025-01-30T09:15:23.867+0000] {processor.py:830} INFO - Processing file /home/airflow/.local/lib/python3.12/site-packages/airflow/example_dags/example_task_group.py for tasks to queue
[2025-01-30T09:15:23.868+0000] {logging_mixin.py:188} INFO - [2025-01-30T09:15:23.868+0000] {dagbag.py:545} INFO - Filling up the DagBag from /home/airflow/.local/lib/python3.12/site-packages/airflow/example_dags/example_task_group.py
[2025-01-30T09:15:23.874+0000] {processor.py:840} INFO - DAG(s) 'example_task_group' retrieved from /home/airflow/.local/lib/python3.12/site-packages/airflow/example_dags/example_task_group.py
[2025-01-30T09:15:23.896+0000] {logging_mixin.py:188} INFO - [2025-01-30T09:15:23.896+0000] {dag.py:3096} INFO - Sync 1 DAGs
[2025-01-30T09:15:23.917+0000] {logging_mixin.py:188} INFO - [2025-01-30T09:15:23.916+0000] {dag.py:3954} INFO - Setting next_dagrun for example_task_group to 2025-01-29 00:00:00+00:00, run_after=2025-01-30 00:00:00+00:00
[2025-01-30T09:15:23.940+0000] {processor.py:183} INFO - Processing /home/airflow/.local/lib/python3.12/site-packages/airflow/example_dags/example_task_group.py took 0.079 seconds
[2025-01-30T09:15:54.883+0000] {processor.py:161} INFO - Started process (PID=668) to work on /home/airflow/.local/lib/python3.12/site-packages/airflow/example_dags/example_task_group.py
[2025-01-30T09:15:54.884+0000] {processor.py:830} INFO - Processing file /home/airflow/.local/lib/python3.12/site-packages/airflow/example_dags/example_task_group.py for tasks to queue
[2025-01-30T09:15:54.886+0000] {logging_mixin.py:188} INFO - [2025-01-30T09:15:54.886+0000] {dagbag.py:545} INFO - Filling up the DagBag from /home/airflow/.local/lib/python3.12/site-packages/airflow/example_dags/example_task_group.py
[2025-01-30T09:15:54.892+0000] {processor.py:840} INFO - DAG(s) 'example_task_group' retrieved from /home/airflow/.local/lib/python3.12/site-packages/airflow/example_dags/example_task_group.py
[2025-01-30T09:15:54.913+0000] {logging_mixin.py:188} INFO - [2025-01-30T09:15:54.913+0000] {dag.py:3096} INFO - Sync 1 DAGs
[2025-01-30T09:15:54.935+0000] {logging_mixin.py:188} INFO - [2025-01-30T09:15:54.935+0000] {dag.py:3954} INFO - Setting next_dagrun for example_task_group to 2025-01-29 00:00:00+00:00, run_after=2025-01-30 00:00:00+00:00
[2025-01-30T09:15:54.957+0000] {processor.py:183} INFO - Processing /home/airflow/.local/lib/python3.12/site-packages/airflow/example_dags/example_task_group.py took 0.079 seconds
[2025-01-30T09:16:25.432+0000] {processor.py:161} INFO - Started process (PID=726) to work on /home/airflow/.local/lib/python3.12/site-packages/airflow/example_dags/example_task_group.py
[2025-01-30T09:16:25.433+0000] {processor.py:830} INFO - Processing file /home/airflow/.local/lib/python3.12/site-packages/airflow/example_dags/example_task_group.py for tasks to queue
[2025-01-30T09:16:25.435+0000] {logging_mixin.py:188} INFO - [2025-01-30T09:16:25.434+0000] {dagbag.py:545} INFO - Filling up the DagBag from /home/airflow/.local/lib/python3.12/site-packages/airflow/example_dags/example_task_group.py
[2025-01-30T09:16:25.442+0000] {processor.py:840} INFO - DAG(s) 'example_task_group' retrieved from /home/airflow/.local/lib/python3.12/site-packages/airflow/example_dags/example_task_group.py
[2025-01-30T09:16:25.464+0000] {logging_mixin.py:188} INFO - [2025-01-30T09:16:25.464+0000] {dag.py:3096} INFO - Sync 1 DAGs
[2025-01-30T09:16:25.488+0000] {logging_mixin.py:188} INFO - [2025-01-30T09:16:25.487+0000] {dag.py:3954} INFO - Setting next_dagrun for example_task_group to 2025-01-29 00:00:00+00:00, run_after=2025-01-30 00:00:00+00:00
[2025-01-30T09:16:25.513+0000] {processor.py:183} INFO - Processing /home/airflow/.local/lib/python3.12/site-packages/airflow/example_dags/example_task_group.py took 0.085 seconds
[2025-01-30T09:16:55.589+0000] {processor.py:161} INFO - Started process (PID=783) to work on /home/airflow/.local/lib/python3.12/site-packages/airflow/example_dags/example_task_group.py
[2025-01-30T09:16:55.591+0000] {processor.py:830} INFO - Processing file /home/airflow/.local/lib/python3.12/site-packages/airflow/example_dags/example_task_group.py for tasks to queue
[2025-01-30T09:16:55.593+0000] {logging_mixin.py:188} INFO - [2025-01-30T09:16:55.592+0000] {dagbag.py:545} INFO - Filling up the DagBag from /home/airflow/.local/lib/python3.12/site-packages/airflow/example_dags/example_task_group.py
[2025-01-30T09:16:55.599+0000] {processor.py:840} INFO - DAG(s) 'example_task_group' retrieved from /home/airflow/.local/lib/python3.12/site-packages/airflow/example_dags/example_task_group.py
[2025-01-30T09:16:55.621+0000] {logging_mixin.py:188} INFO - [2025-01-30T09:16:55.621+0000] {dag.py:3096} INFO - Sync 1 DAGs
[2025-01-30T09:16:55.646+0000] {logging_mixin.py:188} INFO - [2025-01-30T09:16:55.645+0000] {dag.py:3954} INFO - Setting next_dagrun for example_task_group to 2025-01-29 00:00:00+00:00, run_after=2025-01-30 00:00:00+00:00
[2025-01-30T09:16:55.669+0000] {processor.py:183} INFO - Processing /home/airflow/.local/lib/python3.12/site-packages/airflow/example_dags/example_task_group.py took 0.085 seconds
[2025-01-30T09:17:26.155+0000] {processor.py:161} INFO - Started process (PID=841) to work on /home/airflow/.local/lib/python3.12/site-packages/airflow/example_dags/example_task_group.py
[2025-01-30T09:17:26.156+0000] {processor.py:830} INFO - Processing file /home/airflow/.local/lib/python3.12/site-packages/airflow/example_dags/example_task_group.py for tasks to queue
[2025-01-30T09:17:26.159+0000] {logging_mixin.py:188} INFO - [2025-01-30T09:17:26.158+0000] {dagbag.py:545} INFO - Filling up the DagBag from /home/airflow/.local/lib/python3.12/site-packages/airflow/example_dags/example_task_group.py
[2025-01-30T09:17:26.167+0000] {processor.py:840} INFO - DAG(s) 'example_task_group' retrieved from /home/airflow/.local/lib/python3.12/site-packages/airflow/example_dags/example_task_group.py
[2025-01-30T09:17:26.198+0000] {logging_mixin.py:188} INFO - [2025-01-30T09:17:26.198+0000] {dag.py:3096} INFO - Sync 1 DAGs
[2025-01-30T09:17:26.223+0000] {logging_mixin.py:188} INFO - [2025-01-30T09:17:26.223+0000] {dag.py:3954} INFO - Setting next_dagrun for example_task_group to 2025-01-29 00:00:00+00:00, run_after=2025-01-30 00:00:00+00:00
[2025-01-30T09:17:26.253+0000] {processor.py:183} INFO - Processing /home/airflow/.local/lib/python3.12/site-packages/airflow/example_dags/example_task_group.py took 0.103 seconds
[2025-01-30T09:17:56.299+0000] {processor.py:161} INFO - Started process (PID=900) to work on /home/airflow/.local/lib/python3.12/site-packages/airflow/example_dags/example_task_group.py
[2025-01-30T09:17:56.301+0000] {processor.py:830} INFO - Processing file /home/airflow/.local/lib/python3.12/site-packages/airflow/example_dags/example_task_group.py for tasks to queue
[2025-01-30T09:17:56.303+0000] {logging_mixin.py:188} INFO - [2025-01-30T09:17:56.303+0000] {dagbag.py:545} INFO - Filling up the DagBag from /home/airflow/.local/lib/python3.12/site-packages/airflow/example_dags/example_task_group.py
[2025-01-30T09:17:56.310+0000] {processor.py:840} INFO - DAG(s) 'example_task_group' retrieved from /home/airflow/.local/lib/python3.12/site-packages/airflow/example_dags/example_task_group.py
[2025-01-30T09:17:56.334+0000] {logging_mixin.py:188} INFO - [2025-01-30T09:17:56.334+0000] {dag.py:3096} INFO - Sync 1 DAGs
[2025-01-30T09:17:56.360+0000] {logging_mixin.py:188} INFO - [2025-01-30T09:17:56.359+0000] {dag.py:3954} INFO - Setting next_dagrun for example_task_group to 2025-01-29 00:00:00+00:00, run_after=2025-01-30 00:00:00+00:00
[2025-01-30T09:17:56.388+0000] {processor.py:183} INFO - Processing /home/airflow/.local/lib/python3.12/site-packages/airflow/example_dags/example_task_group.py took 0.093 seconds
[2025-01-30T09:18:26.840+0000] {processor.py:161} INFO - Started process (PID=959) to work on /home/airflow/.local/lib/python3.12/site-packages/airflow/example_dags/example_task_group.py
[2025-01-30T09:18:26.841+0000] {processor.py:830} INFO - Processing file /home/airflow/.local/lib/python3.12/site-packages/airflow/example_dags/example_task_group.py for tasks to queue
[2025-01-30T09:18:26.844+0000] {logging_mixin.py:188} INFO - [2025-01-30T09:18:26.843+0000] {dagbag.py:545} INFO - Filling up the DagBag from /home/airflow/.local/lib/python3.12/site-packages/airflow/example_dags/example_task_group.py
[2025-01-30T09:18:26.851+0000] {processor.py:840} INFO - DAG(s) 'example_task_group' retrieved from /home/airflow/.local/lib/python3.12/site-packages/airflow/example_dags/example_task_group.py
[2025-01-30T09:18:26.874+0000] {logging_mixin.py:188} INFO - [2025-01-30T09:18:26.873+0000] {dag.py:3096} INFO - Sync 1 DAGs
[2025-01-30T09:18:26.898+0000] {logging_mixin.py:188} INFO - [2025-01-30T09:18:26.898+0000] {dag.py:3954} INFO - Setting next_dagrun for example_task_group to 2025-01-29 00:00:00+00:00, run_after=2025-01-30 00:00:00+00:00
[2025-01-30T09:18:26.920+0000] {processor.py:183} INFO - Processing /home/airflow/.local/lib/python3.12/site-packages/airflow/example_dags/example_task_group.py took 0.086 seconds
[2025-01-30T09:20:16.040+0000] {processor.py:161} INFO - Started process (PID=85) to work on /home/airflow/.local/lib/python3.12/site-packages/airflow/example_dags/example_task_group.py
[2025-01-30T09:20:16.041+0000] {processor.py:830} INFO - Processing file /home/airflow/.local/lib/python3.12/site-packages/airflow/example_dags/example_task_group.py for tasks to queue
[2025-01-30T09:20:16.044+0000] {logging_mixin.py:188} INFO - [2025-01-30T09:20:16.044+0000] {dagbag.py:545} INFO - Filling up the DagBag from /home/airflow/.local/lib/python3.12/site-packages/airflow/example_dags/example_task_group.py
[2025-01-30T09:20:16.053+0000] {processor.py:840} INFO - DAG(s) 'example_task_group' retrieved from /home/airflow/.local/lib/python3.12/site-packages/airflow/example_dags/example_task_group.py
[2025-01-30T09:20:16.169+0000] {logging_mixin.py:188} INFO - [2025-01-30T09:20:16.169+0000] {dag.py:3096} INFO - Sync 1 DAGs
[2025-01-30T09:20:16.189+0000] {logging_mixin.py:188} INFO - [2025-01-30T09:20:16.189+0000] {dag.py:3954} INFO - Setting next_dagrun for example_task_group to 2025-01-29 00:00:00+00:00, run_after=2025-01-30 00:00:00+00:00
[2025-01-30T09:20:16.214+0000] {processor.py:183} INFO - Processing /home/airflow/.local/lib/python3.12/site-packages/airflow/example_dags/example_task_group.py took 0.179 seconds
[2025-01-30T09:20:46.982+0000] {processor.py:161} INFO - Started process (PID=143) to work on /home/airflow/.local/lib/python3.12/site-packages/airflow/example_dags/example_task_group.py
[2025-01-30T09:20:46.983+0000] {processor.py:830} INFO - Processing file /home/airflow/.local/lib/python3.12/site-packages/airflow/example_dags/example_task_group.py for tasks to queue
[2025-01-30T09:20:46.985+0000] {logging_mixin.py:188} INFO - [2025-01-30T09:20:46.985+0000] {dagbag.py:545} INFO - Filling up the DagBag from /home/airflow/.local/lib/python3.12/site-packages/airflow/example_dags/example_task_group.py
[2025-01-30T09:20:46.992+0000] {processor.py:840} INFO - DAG(s) 'example_task_group' retrieved from /home/airflow/.local/lib/python3.12/site-packages/airflow/example_dags/example_task_group.py
[2025-01-30T09:20:47.016+0000] {logging_mixin.py:188} INFO - [2025-01-30T09:20:47.016+0000] {dag.py:3096} INFO - Sync 1 DAGs
[2025-01-30T09:20:47.043+0000] {logging_mixin.py:188} INFO - [2025-01-30T09:20:47.042+0000] {dag.py:3954} INFO - Setting next_dagrun for example_task_group to 2025-01-29 00:00:00+00:00, run_after=2025-01-30 00:00:00+00:00
[2025-01-30T09:20:47.072+0000] {processor.py:183} INFO - Processing /home/airflow/.local/lib/python3.12/site-packages/airflow/example_dags/example_task_group.py took 0.095 seconds
[2025-01-30T09:21:17.289+0000] {processor.py:161} INFO - Started process (PID=201) to work on /home/airflow/.local/lib/python3.12/site-packages/airflow/example_dags/example_task_group.py
[2025-01-30T09:21:17.290+0000] {processor.py:830} INFO - Processing file /home/airflow/.local/lib/python3.12/site-packages/airflow/example_dags/example_task_group.py for tasks to queue
[2025-01-30T09:21:17.292+0000] {logging_mixin.py:188} INFO - [2025-01-30T09:21:17.292+0000] {dagbag.py:545} INFO - Filling up the DagBag from /home/airflow/.local/lib/python3.12/site-packages/airflow/example_dags/example_task_group.py
[2025-01-30T09:21:17.298+0000] {processor.py:840} INFO - DAG(s) 'example_task_group' retrieved from /home/airflow/.local/lib/python3.12/site-packages/airflow/example_dags/example_task_group.py
[2025-01-30T09:21:17.324+0000] {logging_mixin.py:188} INFO - [2025-01-30T09:21:17.324+0000] {dag.py:3096} INFO - Sync 1 DAGs
[2025-01-30T09:21:17.349+0000] {logging_mixin.py:188} INFO - [2025-01-30T09:21:17.349+0000] {dag.py:3954} INFO - Setting next_dagrun for example_task_group to 2025-01-29 00:00:00+00:00, run_after=2025-01-30 00:00:00+00:00
[2025-01-30T09:21:17.376+0000] {processor.py:183} INFO - Processing /home/airflow/.local/lib/python3.12/site-packages/airflow/example_dags/example_task_group.py took 0.093 seconds
[2025-01-30T09:21:47.635+0000] {processor.py:161} INFO - Started process (PID=259) to work on /home/airflow/.local/lib/python3.12/site-packages/airflow/example_dags/example_task_group.py
[2025-01-30T09:21:47.636+0000] {processor.py:830} INFO - Processing file /home/airflow/.local/lib/python3.12/site-packages/airflow/example_dags/example_task_group.py for tasks to queue
[2025-01-30T09:21:47.638+0000] {logging_mixin.py:188} INFO - [2025-01-30T09:21:47.638+0000] {dagbag.py:545} INFO - Filling up the DagBag from /home/airflow/.local/lib/python3.12/site-packages/airflow/example_dags/example_task_group.py
[2025-01-30T09:21:47.645+0000] {processor.py:840} INFO - DAG(s) 'example_task_group' retrieved from /home/airflow/.local/lib/python3.12/site-packages/airflow/example_dags/example_task_group.py
[2025-01-30T09:21:47.671+0000] {logging_mixin.py:188} INFO - [2025-01-30T09:21:47.670+0000] {dag.py:3096} INFO - Sync 1 DAGs
[2025-01-30T09:21:47.697+0000] {logging_mixin.py:188} INFO - [2025-01-30T09:21:47.697+0000] {dag.py:3954} INFO - Setting next_dagrun for example_task_group to 2025-01-29 00:00:00+00:00, run_after=2025-01-30 00:00:00+00:00
[2025-01-30T09:21:47.722+0000] {processor.py:183} INFO - Processing /home/airflow/.local/lib/python3.12/site-packages/airflow/example_dags/example_task_group.py took 0.092 seconds
[2025-01-30T09:22:17.841+0000] {processor.py:161} INFO - Started process (PID=317) to work on /home/airflow/.local/lib/python3.12/site-packages/airflow/example_dags/example_task_group.py
[2025-01-30T09:22:17.842+0000] {processor.py:830} INFO - Processing file /home/airflow/.local/lib/python3.12/site-packages/airflow/example_dags/example_task_group.py for tasks to queue
[2025-01-30T09:22:17.844+0000] {logging_mixin.py:188} INFO - [2025-01-30T09:22:17.844+0000] {dagbag.py:545} INFO - Filling up the DagBag from /home/airflow/.local/lib/python3.12/site-packages/airflow/example_dags/example_task_group.py
[2025-01-30T09:22:17.850+0000] {processor.py:840} INFO - DAG(s) 'example_task_group' retrieved from /home/airflow/.local/lib/python3.12/site-packages/airflow/example_dags/example_task_group.py
[2025-01-30T09:22:17.872+0000] {logging_mixin.py:188} INFO - [2025-01-30T09:22:17.872+0000] {dag.py:3096} INFO - Sync 1 DAGs
[2025-01-30T09:22:17.895+0000] {logging_mixin.py:188} INFO - [2025-01-30T09:22:17.895+0000] {dag.py:3954} INFO - Setting next_dagrun for example_task_group to 2025-01-29 00:00:00+00:00, run_after=2025-01-30 00:00:00+00:00
[2025-01-30T09:22:17.923+0000] {processor.py:183} INFO - Processing /home/airflow/.local/lib/python3.12/site-packages/airflow/example_dags/example_task_group.py took 0.087 seconds
[2025-01-30T09:22:48.097+0000] {processor.py:161} INFO - Started process (PID=375) to work on /home/airflow/.local/lib/python3.12/site-packages/airflow/example_dags/example_task_group.py
[2025-01-30T09:22:48.107+0000] {processor.py:830} INFO - Processing file /home/airflow/.local/lib/python3.12/site-packages/airflow/example_dags/example_task_group.py for tasks to queue
[2025-01-30T09:22:48.110+0000] {logging_mixin.py:188} INFO - [2025-01-30T09:22:48.109+0000] {dagbag.py:545} INFO - Filling up the DagBag from /home/airflow/.local/lib/python3.12/site-packages/airflow/example_dags/example_task_group.py
[2025-01-30T09:22:48.126+0000] {processor.py:840} INFO - DAG(s) 'example_task_group' retrieved from /home/airflow/.local/lib/python3.12/site-packages/airflow/example_dags/example_task_group.py
[2025-01-30T09:22:48.168+0000] {logging_mixin.py:188} INFO - [2025-01-30T09:22:48.168+0000] {dag.py:3096} INFO - Sync 1 DAGs
[2025-01-30T09:22:48.213+0000] {logging_mixin.py:188} INFO - [2025-01-30T09:22:48.213+0000] {dag.py:3954} INFO - Setting next_dagrun for example_task_group to 2025-01-29 00:00:00+00:00, run_after=2025-01-30 00:00:00+00:00
[2025-01-30T09:22:48.254+0000] {processor.py:183} INFO - Processing /home/airflow/.local/lib/python3.12/site-packages/airflow/example_dags/example_task_group.py took 0.166 seconds
[2025-01-30T09:23:19.116+0000] {processor.py:161} INFO - Started process (PID=434) to work on /home/airflow/.local/lib/python3.12/site-packages/airflow/example_dags/example_task_group.py
[2025-01-30T09:23:19.117+0000] {processor.py:830} INFO - Processing file /home/airflow/.local/lib/python3.12/site-packages/airflow/example_dags/example_task_group.py for tasks to queue
[2025-01-30T09:23:19.119+0000] {logging_mixin.py:188} INFO - [2025-01-30T09:23:19.119+0000] {dagbag.py:545} INFO - Filling up the DagBag from /home/airflow/.local/lib/python3.12/site-packages/airflow/example_dags/example_task_group.py
[2025-01-30T09:23:19.126+0000] {processor.py:840} INFO - DAG(s) 'example_task_group' retrieved from /home/airflow/.local/lib/python3.12/site-packages/airflow/example_dags/example_task_group.py
[2025-01-30T09:23:19.155+0000] {logging_mixin.py:188} INFO - [2025-01-30T09:23:19.155+0000] {dag.py:3096} INFO - Sync 1 DAGs
[2025-01-30T09:23:19.179+0000] {logging_mixin.py:188} INFO - [2025-01-30T09:23:19.178+0000] {dag.py:3954} INFO - Setting next_dagrun for example_task_group to 2025-01-29 00:00:00+00:00, run_after=2025-01-30 00:00:00+00:00
[2025-01-30T09:23:19.202+0000] {processor.py:183} INFO - Processing /home/airflow/.local/lib/python3.12/site-packages/airflow/example_dags/example_task_group.py took 0.095 seconds
[2025-01-30T09:23:49.460+0000] {processor.py:161} INFO - Started process (PID=492) to work on /home/airflow/.local/lib/python3.12/site-packages/airflow/example_dags/example_task_group.py
[2025-01-30T09:23:49.461+0000] {processor.py:830} INFO - Processing file /home/airflow/.local/lib/python3.12/site-packages/airflow/example_dags/example_task_group.py for tasks to queue
[2025-01-30T09:23:49.463+0000] {logging_mixin.py:188} INFO - [2025-01-30T09:23:49.463+0000] {dagbag.py:545} INFO - Filling up the DagBag from /home/airflow/.local/lib/python3.12/site-packages/airflow/example_dags/example_task_group.py
[2025-01-30T09:23:49.472+0000] {processor.py:840} INFO - DAG(s) 'example_task_group' retrieved from /home/airflow/.local/lib/python3.12/site-packages/airflow/example_dags/example_task_group.py
[2025-01-30T09:23:49.496+0000] {logging_mixin.py:188} INFO - [2025-01-30T09:23:49.496+0000] {dag.py:3096} INFO - Sync 1 DAGs
[2025-01-30T09:23:49.523+0000] {logging_mixin.py:188} INFO - [2025-01-30T09:23:49.523+0000] {dag.py:3954} INFO - Setting next_dagrun for example_task_group to 2025-01-29 00:00:00+00:00, run_after=2025-01-30 00:00:00+00:00
[2025-01-30T09:23:49.553+0000] {processor.py:183} INFO - Processing /home/airflow/.local/lib/python3.12/site-packages/airflow/example_dags/example_task_group.py took 0.097 seconds
[2025-01-30T09:24:19.839+0000] {processor.py:161} INFO - Started process (PID=550) to work on /home/airflow/.local/lib/python3.12/site-packages/airflow/example_dags/example_task_group.py
[2025-01-30T09:24:19.841+0000] {processor.py:830} INFO - Processing file /home/airflow/.local/lib/python3.12/site-packages/airflow/example_dags/example_task_group.py for tasks to queue
[2025-01-30T09:24:19.844+0000] {logging_mixin.py:188} INFO - [2025-01-30T09:24:19.843+0000] {dagbag.py:545} INFO - Filling up the DagBag from /home/airflow/.local/lib/python3.12/site-packages/airflow/example_dags/example_task_group.py
[2025-01-30T09:24:19.851+0000] {processor.py:840} INFO - DAG(s) 'example_task_group' retrieved from /home/airflow/.local/lib/python3.12/site-packages/airflow/example_dags/example_task_group.py
[2025-01-30T09:24:19.877+0000] {logging_mixin.py:188} INFO - [2025-01-30T09:24:19.876+0000] {dag.py:3096} INFO - Sync 1 DAGs
[2025-01-30T09:24:19.904+0000] {logging_mixin.py:188} INFO - [2025-01-30T09:24:19.903+0000] {dag.py:3954} INFO - Setting next_dagrun for example_task_group to 2025-01-29 00:00:00+00:00, run_after=2025-01-30 00:00:00+00:00
[2025-01-30T09:24:19.931+0000] {processor.py:183} INFO - Processing /home/airflow/.local/lib/python3.12/site-packages/airflow/example_dags/example_task_group.py took 0.099 seconds
[2025-01-30T09:24:50.237+0000] {processor.py:161} INFO - Started process (PID=608) to work on /home/airflow/.local/lib/python3.12/site-packages/airflow/example_dags/example_task_group.py
[2025-01-30T09:24:50.238+0000] {processor.py:830} INFO - Processing file /home/airflow/.local/lib/python3.12/site-packages/airflow/example_dags/example_task_group.py for tasks to queue
[2025-01-30T09:24:50.240+0000] {logging_mixin.py:188} INFO - [2025-01-30T09:24:50.240+0000] {dagbag.py:545} INFO - Filling up the DagBag from /home/airflow/.local/lib/python3.12/site-packages/airflow/example_dags/example_task_group.py
[2025-01-30T09:24:50.247+0000] {processor.py:840} INFO - DAG(s) 'example_task_group' retrieved from /home/airflow/.local/lib/python3.12/site-packages/airflow/example_dags/example_task_group.py
[2025-01-30T09:24:50.270+0000] {logging_mixin.py:188} INFO - [2025-01-30T09:24:50.270+0000] {dag.py:3096} INFO - Sync 1 DAGs
[2025-01-30T09:24:50.294+0000] {logging_mixin.py:188} INFO - [2025-01-30T09:24:50.293+0000] {dag.py:3954} INFO - Setting next_dagrun for example_task_group to 2025-01-29 00:00:00+00:00, run_after=2025-01-30 00:00:00+00:00
[2025-01-30T09:24:50.320+0000] {processor.py:183} INFO - Processing /home/airflow/.local/lib/python3.12/site-packages/airflow/example_dags/example_task_group.py took 0.088 seconds
[2025-01-30T09:25:20.515+0000] {processor.py:161} INFO - Started process (PID=665) to work on /home/airflow/.local/lib/python3.12/site-packages/airflow/example_dags/example_task_group.py
[2025-01-30T09:25:20.516+0000] {processor.py:830} INFO - Processing file /home/airflow/.local/lib/python3.12/site-packages/airflow/example_dags/example_task_group.py for tasks to queue
[2025-01-30T09:25:20.519+0000] {logging_mixin.py:188} INFO - [2025-01-30T09:25:20.519+0000] {dagbag.py:545} INFO - Filling up the DagBag from /home/airflow/.local/lib/python3.12/site-packages/airflow/example_dags/example_task_group.py
[2025-01-30T09:25:20.526+0000] {processor.py:840} INFO - DAG(s) 'example_task_group' retrieved from /home/airflow/.local/lib/python3.12/site-packages/airflow/example_dags/example_task_group.py
[2025-01-30T09:25:20.550+0000] {logging_mixin.py:188} INFO - [2025-01-30T09:25:20.550+0000] {dag.py:3096} INFO - Sync 1 DAGs
[2025-01-30T09:25:20.575+0000] {logging_mixin.py:188} INFO - [2025-01-30T09:25:20.575+0000] {dag.py:3954} INFO - Setting next_dagrun for example_task_group to 2025-01-29 00:00:00+00:00, run_after=2025-01-30 00:00:00+00:00
[2025-01-30T09:25:20.598+0000] {processor.py:183} INFO - Processing /home/airflow/.local/lib/python3.12/site-packages/airflow/example_dags/example_task_group.py took 0.088 seconds
