[2025-01-30T08:43:55.575+0000] {processor.py:161} INFO - Started process (PID=112) to work on /home/airflow/.local/lib/python3.12/site-packages/airflow/example_dags/example_display_name.py
[2025-01-30T08:43:55.576+0000] {processor.py:830} INFO - Processing file /home/airflow/.local/lib/python3.12/site-packages/airflow/example_dags/example_display_name.py for tasks to queue
[2025-01-30T08:43:55.578+0000] {logging_mixin.py:188} INFO - [2025-01-30T08:43:55.578+0000] {dagbag.py:545} INFO - Filling up the DagBag from /home/airflow/.local/lib/python3.12/site-packages/airflow/example_dags/example_display_name.py
[2025-01-30T08:43:55.584+0000] {processor.py:840} INFO - DAG(s) 'example_display_name' retrieved from /home/airflow/.local/lib/python3.12/site-packages/airflow/example_dags/example_display_name.py
[2025-01-30T08:43:55.696+0000] {logging_mixin.py:188} INFO - [2025-01-30T08:43:55.696+0000] {dag.py:3096} INFO - Sync 1 DAGs
[2025-01-30T08:43:55.710+0000] {logging_mixin.py:188} INFO - [2025-01-30T08:43:55.710+0000] {dag.py:3954} INFO - Setting next_dagrun for example_display_name to None, run_after=None
[2025-01-30T08:43:55.736+0000] {processor.py:183} INFO - Processing /home/airflow/.local/lib/python3.12/site-packages/airflow/example_dags/example_display_name.py took 0.166 seconds
[2025-01-30T08:44:26.086+0000] {processor.py:161} INFO - Started process (PID=170) to work on /home/airflow/.local/lib/python3.12/site-packages/airflow/example_dags/example_display_name.py
[2025-01-30T08:44:26.087+0000] {processor.py:830} INFO - Processing file /home/airflow/.local/lib/python3.12/site-packages/airflow/example_dags/example_display_name.py for tasks to queue
[2025-01-30T08:44:26.089+0000] {logging_mixin.py:188} INFO - [2025-01-30T08:44:26.089+0000] {dagbag.py:545} INFO - Filling up the DagBag from /home/airflow/.local/lib/python3.12/site-packages/airflow/example_dags/example_display_name.py
[2025-01-30T08:44:26.095+0000] {processor.py:840} INFO - DAG(s) 'example_display_name' retrieved from /home/airflow/.local/lib/python3.12/site-packages/airflow/example_dags/example_display_name.py
[2025-01-30T08:44:26.116+0000] {logging_mixin.py:188} INFO - [2025-01-30T08:44:26.115+0000] {dag.py:3096} INFO - Sync 1 DAGs
[2025-01-30T08:44:26.128+0000] {logging_mixin.py:188} INFO - [2025-01-30T08:44:26.128+0000] {dag.py:3954} INFO - Setting next_dagrun for example_display_name to None, run_after=None
[2025-01-30T08:44:26.151+0000] {processor.py:183} INFO - Processing /home/airflow/.local/lib/python3.12/site-packages/airflow/example_dags/example_display_name.py took 0.070 seconds
[2025-01-30T08:44:56.375+0000] {processor.py:161} INFO - Started process (PID=228) to work on /home/airflow/.local/lib/python3.12/site-packages/airflow/example_dags/example_display_name.py
[2025-01-30T08:44:56.377+0000] {processor.py:830} INFO - Processing file /home/airflow/.local/lib/python3.12/site-packages/airflow/example_dags/example_display_name.py for tasks to queue
[2025-01-30T08:44:56.379+0000] {logging_mixin.py:188} INFO - [2025-01-30T08:44:56.379+0000] {dagbag.py:545} INFO - Filling up the DagBag from /home/airflow/.local/lib/python3.12/site-packages/airflow/example_dags/example_display_name.py
[2025-01-30T08:44:56.386+0000] {processor.py:840} INFO - DAG(s) 'example_display_name' retrieved from /home/airflow/.local/lib/python3.12/site-packages/airflow/example_dags/example_display_name.py
[2025-01-30T08:44:56.416+0000] {logging_mixin.py:188} INFO - [2025-01-30T08:44:56.416+0000] {dag.py:3096} INFO - Sync 1 DAGs
[2025-01-30T08:44:56.434+0000] {logging_mixin.py:188} INFO - [2025-01-30T08:44:56.434+0000] {dag.py:3954} INFO - Setting next_dagrun for example_display_name to None, run_after=None
[2025-01-30T08:44:56.463+0000] {processor.py:183} INFO - Processing /home/airflow/.local/lib/python3.12/site-packages/airflow/example_dags/example_display_name.py took 0.093 seconds
[2025-01-30T08:45:26.772+0000] {processor.py:161} INFO - Started process (PID=286) to work on /home/airflow/.local/lib/python3.12/site-packages/airflow/example_dags/example_display_name.py
[2025-01-30T08:45:26.774+0000] {processor.py:830} INFO - Processing file /home/airflow/.local/lib/python3.12/site-packages/airflow/example_dags/example_display_name.py for tasks to queue
[2025-01-30T08:45:26.776+0000] {logging_mixin.py:188} INFO - [2025-01-30T08:45:26.775+0000] {dagbag.py:545} INFO - Filling up the DagBag from /home/airflow/.local/lib/python3.12/site-packages/airflow/example_dags/example_display_name.py
[2025-01-30T08:45:26.782+0000] {processor.py:840} INFO - DAG(s) 'example_display_name' retrieved from /home/airflow/.local/lib/python3.12/site-packages/airflow/example_dags/example_display_name.py
[2025-01-30T08:45:26.808+0000] {logging_mixin.py:188} INFO - [2025-01-30T08:45:26.808+0000] {dag.py:3096} INFO - Sync 1 DAGs
[2025-01-30T08:45:26.823+0000] {logging_mixin.py:188} INFO - [2025-01-30T08:45:26.823+0000] {dag.py:3954} INFO - Setting next_dagrun for example_display_name to None, run_after=None
[2025-01-30T08:45:26.853+0000] {processor.py:183} INFO - Processing /home/airflow/.local/lib/python3.12/site-packages/airflow/example_dags/example_display_name.py took 0.087 seconds
[2025-01-30T08:45:57.338+0000] {processor.py:161} INFO - Started process (PID=344) to work on /home/airflow/.local/lib/python3.12/site-packages/airflow/example_dags/example_display_name.py
[2025-01-30T08:45:57.340+0000] {processor.py:830} INFO - Processing file /home/airflow/.local/lib/python3.12/site-packages/airflow/example_dags/example_display_name.py for tasks to queue
[2025-01-30T08:45:57.341+0000] {logging_mixin.py:188} INFO - [2025-01-30T08:45:57.341+0000] {dagbag.py:545} INFO - Filling up the DagBag from /home/airflow/.local/lib/python3.12/site-packages/airflow/example_dags/example_display_name.py
[2025-01-30T08:45:57.346+0000] {processor.py:840} INFO - DAG(s) 'example_display_name' retrieved from /home/airflow/.local/lib/python3.12/site-packages/airflow/example_dags/example_display_name.py
[2025-01-30T08:45:57.367+0000] {logging_mixin.py:188} INFO - [2025-01-30T08:45:57.366+0000] {dag.py:3096} INFO - Sync 1 DAGs
[2025-01-30T08:45:57.382+0000] {logging_mixin.py:188} INFO - [2025-01-30T08:45:57.382+0000] {dag.py:3954} INFO - Setting next_dagrun for example_display_name to None, run_after=None
[2025-01-30T08:45:57.405+0000] {processor.py:183} INFO - Processing /home/airflow/.local/lib/python3.12/site-packages/airflow/example_dags/example_display_name.py took 0.072 seconds
[2025-01-30T08:46:28.242+0000] {processor.py:161} INFO - Started process (PID=401) to work on /home/airflow/.local/lib/python3.12/site-packages/airflow/example_dags/example_display_name.py
[2025-01-30T08:46:28.243+0000] {processor.py:830} INFO - Processing file /home/airflow/.local/lib/python3.12/site-packages/airflow/example_dags/example_display_name.py for tasks to queue
[2025-01-30T08:46:28.247+0000] {logging_mixin.py:188} INFO - [2025-01-30T08:46:28.246+0000] {dagbag.py:545} INFO - Filling up the DagBag from /home/airflow/.local/lib/python3.12/site-packages/airflow/example_dags/example_display_name.py
[2025-01-30T08:46:28.254+0000] {processor.py:840} INFO - DAG(s) 'example_display_name' retrieved from /home/airflow/.local/lib/python3.12/site-packages/airflow/example_dags/example_display_name.py
[2025-01-30T08:46:28.277+0000] {logging_mixin.py:188} INFO - [2025-01-30T08:46:28.277+0000] {dag.py:3096} INFO - Sync 1 DAGs
[2025-01-30T08:46:28.293+0000] {logging_mixin.py:188} INFO - [2025-01-30T08:46:28.293+0000] {dag.py:3954} INFO - Setting next_dagrun for example_display_name to None, run_after=None
[2025-01-30T08:46:28.321+0000] {processor.py:183} INFO - Processing /home/airflow/.local/lib/python3.12/site-packages/airflow/example_dags/example_display_name.py took 0.085 seconds
[2025-01-30T08:46:58.474+0000] {processor.py:161} INFO - Started process (PID=459) to work on /home/airflow/.local/lib/python3.12/site-packages/airflow/example_dags/example_display_name.py
[2025-01-30T08:46:58.475+0000] {processor.py:830} INFO - Processing file /home/airflow/.local/lib/python3.12/site-packages/airflow/example_dags/example_display_name.py for tasks to queue
[2025-01-30T08:46:58.477+0000] {logging_mixin.py:188} INFO - [2025-01-30T08:46:58.477+0000] {dagbag.py:545} INFO - Filling up the DagBag from /home/airflow/.local/lib/python3.12/site-packages/airflow/example_dags/example_display_name.py
[2025-01-30T08:46:58.482+0000] {processor.py:840} INFO - DAG(s) 'example_display_name' retrieved from /home/airflow/.local/lib/python3.12/site-packages/airflow/example_dags/example_display_name.py
[2025-01-30T08:46:58.501+0000] {logging_mixin.py:188} INFO - [2025-01-30T08:46:58.501+0000] {dag.py:3096} INFO - Sync 1 DAGs
[2025-01-30T08:46:58.516+0000] {logging_mixin.py:188} INFO - [2025-01-30T08:46:58.516+0000] {dag.py:3954} INFO - Setting next_dagrun for example_display_name to None, run_after=None
[2025-01-30T08:46:58.540+0000] {processor.py:183} INFO - Processing /home/airflow/.local/lib/python3.12/site-packages/airflow/example_dags/example_display_name.py took 0.071 seconds
[2025-01-30T08:47:28.956+0000] {processor.py:161} INFO - Started process (PID=517) to work on /home/airflow/.local/lib/python3.12/site-packages/airflow/example_dags/example_display_name.py
[2025-01-30T08:47:28.958+0000] {processor.py:830} INFO - Processing file /home/airflow/.local/lib/python3.12/site-packages/airflow/example_dags/example_display_name.py for tasks to queue
[2025-01-30T08:47:28.960+0000] {logging_mixin.py:188} INFO - [2025-01-30T08:47:28.959+0000] {dagbag.py:545} INFO - Filling up the DagBag from /home/airflow/.local/lib/python3.12/site-packages/airflow/example_dags/example_display_name.py
[2025-01-30T08:47:28.965+0000] {processor.py:840} INFO - DAG(s) 'example_display_name' retrieved from /home/airflow/.local/lib/python3.12/site-packages/airflow/example_dags/example_display_name.py
[2025-01-30T08:47:28.984+0000] {logging_mixin.py:188} INFO - [2025-01-30T08:47:28.984+0000] {dag.py:3096} INFO - Sync 1 DAGs
[2025-01-30T08:47:28.999+0000] {logging_mixin.py:188} INFO - [2025-01-30T08:47:28.998+0000] {dag.py:3954} INFO - Setting next_dagrun for example_display_name to None, run_after=None
[2025-01-30T08:47:29.021+0000] {processor.py:183} INFO - Processing /home/airflow/.local/lib/python3.12/site-packages/airflow/example_dags/example_display_name.py took 0.070 seconds
[2025-01-30T08:47:59.416+0000] {processor.py:161} INFO - Started process (PID=575) to work on /home/airflow/.local/lib/python3.12/site-packages/airflow/example_dags/example_display_name.py
[2025-01-30T08:47:59.417+0000] {processor.py:830} INFO - Processing file /home/airflow/.local/lib/python3.12/site-packages/airflow/example_dags/example_display_name.py for tasks to queue
[2025-01-30T08:47:59.419+0000] {logging_mixin.py:188} INFO - [2025-01-30T08:47:59.419+0000] {dagbag.py:545} INFO - Filling up the DagBag from /home/airflow/.local/lib/python3.12/site-packages/airflow/example_dags/example_display_name.py
[2025-01-30T08:47:59.424+0000] {processor.py:840} INFO - DAG(s) 'example_display_name' retrieved from /home/airflow/.local/lib/python3.12/site-packages/airflow/example_dags/example_display_name.py
[2025-01-30T08:47:59.445+0000] {logging_mixin.py:188} INFO - [2025-01-30T08:47:59.445+0000] {dag.py:3096} INFO - Sync 1 DAGs
[2025-01-30T08:47:59.458+0000] {logging_mixin.py:188} INFO - [2025-01-30T08:47:59.458+0000] {dag.py:3954} INFO - Setting next_dagrun for example_display_name to None, run_after=None
[2025-01-30T08:47:59.482+0000] {processor.py:183} INFO - Processing /home/airflow/.local/lib/python3.12/site-packages/airflow/example_dags/example_display_name.py took 0.071 seconds
[2025-01-30T08:48:29.631+0000] {processor.py:161} INFO - Started process (PID=633) to work on /home/airflow/.local/lib/python3.12/site-packages/airflow/example_dags/example_display_name.py
[2025-01-30T08:48:29.632+0000] {processor.py:830} INFO - Processing file /home/airflow/.local/lib/python3.12/site-packages/airflow/example_dags/example_display_name.py for tasks to queue
[2025-01-30T08:48:29.634+0000] {logging_mixin.py:188} INFO - [2025-01-30T08:48:29.634+0000] {dagbag.py:545} INFO - Filling up the DagBag from /home/airflow/.local/lib/python3.12/site-packages/airflow/example_dags/example_display_name.py
[2025-01-30T08:48:29.640+0000] {processor.py:840} INFO - DAG(s) 'example_display_name' retrieved from /home/airflow/.local/lib/python3.12/site-packages/airflow/example_dags/example_display_name.py
[2025-01-30T08:48:29.658+0000] {logging_mixin.py:188} INFO - [2025-01-30T08:48:29.658+0000] {dag.py:3096} INFO - Sync 1 DAGs
[2025-01-30T08:48:29.671+0000] {logging_mixin.py:188} INFO - [2025-01-30T08:48:29.671+0000] {dag.py:3954} INFO - Setting next_dagrun for example_display_name to None, run_after=None
[2025-01-30T08:48:29.694+0000] {processor.py:183} INFO - Processing /home/airflow/.local/lib/python3.12/site-packages/airflow/example_dags/example_display_name.py took 0.068 seconds
[2025-01-30T08:49:00.061+0000] {processor.py:161} INFO - Started process (PID=691) to work on /home/airflow/.local/lib/python3.12/site-packages/airflow/example_dags/example_display_name.py
[2025-01-30T08:49:00.062+0000] {processor.py:830} INFO - Processing file /home/airflow/.local/lib/python3.12/site-packages/airflow/example_dags/example_display_name.py for tasks to queue
[2025-01-30T08:49:00.063+0000] {logging_mixin.py:188} INFO - [2025-01-30T08:49:00.063+0000] {dagbag.py:545} INFO - Filling up the DagBag from /home/airflow/.local/lib/python3.12/site-packages/airflow/example_dags/example_display_name.py
[2025-01-30T08:49:00.072+0000] {processor.py:840} INFO - DAG(s) 'example_display_name' retrieved from /home/airflow/.local/lib/python3.12/site-packages/airflow/example_dags/example_display_name.py
[2025-01-30T08:49:00.092+0000] {logging_mixin.py:188} INFO - [2025-01-30T08:49:00.092+0000] {dag.py:3096} INFO - Sync 1 DAGs
[2025-01-30T08:49:00.106+0000] {logging_mixin.py:188} INFO - [2025-01-30T08:49:00.106+0000] {dag.py:3954} INFO - Setting next_dagrun for example_display_name to None, run_after=None
[2025-01-30T08:49:00.130+0000] {processor.py:183} INFO - Processing /home/airflow/.local/lib/python3.12/site-packages/airflow/example_dags/example_display_name.py took 0.074 seconds
[2025-01-30T08:49:30.394+0000] {processor.py:161} INFO - Started process (PID=749) to work on /home/airflow/.local/lib/python3.12/site-packages/airflow/example_dags/example_display_name.py
[2025-01-30T08:49:30.395+0000] {processor.py:830} INFO - Processing file /home/airflow/.local/lib/python3.12/site-packages/airflow/example_dags/example_display_name.py for tasks to queue
[2025-01-30T08:49:30.397+0000] {logging_mixin.py:188} INFO - [2025-01-30T08:49:30.396+0000] {dagbag.py:545} INFO - Filling up the DagBag from /home/airflow/.local/lib/python3.12/site-packages/airflow/example_dags/example_display_name.py
[2025-01-30T08:49:30.403+0000] {processor.py:840} INFO - DAG(s) 'example_display_name' retrieved from /home/airflow/.local/lib/python3.12/site-packages/airflow/example_dags/example_display_name.py
[2025-01-30T08:49:30.424+0000] {logging_mixin.py:188} INFO - [2025-01-30T08:49:30.423+0000] {dag.py:3096} INFO - Sync 1 DAGs
[2025-01-30T08:49:30.436+0000] {logging_mixin.py:188} INFO - [2025-01-30T08:49:30.436+0000] {dag.py:3954} INFO - Setting next_dagrun for example_display_name to None, run_after=None
[2025-01-30T08:49:30.459+0000] {processor.py:183} INFO - Processing /home/airflow/.local/lib/python3.12/site-packages/airflow/example_dags/example_display_name.py took 0.071 seconds
[2025-01-30T08:50:00.771+0000] {processor.py:161} INFO - Started process (PID=807) to work on /home/airflow/.local/lib/python3.12/site-packages/airflow/example_dags/example_display_name.py
[2025-01-30T08:50:00.772+0000] {processor.py:830} INFO - Processing file /home/airflow/.local/lib/python3.12/site-packages/airflow/example_dags/example_display_name.py for tasks to queue
[2025-01-30T08:50:00.774+0000] {logging_mixin.py:188} INFO - [2025-01-30T08:50:00.773+0000] {dagbag.py:545} INFO - Filling up the DagBag from /home/airflow/.local/lib/python3.12/site-packages/airflow/example_dags/example_display_name.py
[2025-01-30T08:50:00.778+0000] {processor.py:840} INFO - DAG(s) 'example_display_name' retrieved from /home/airflow/.local/lib/python3.12/site-packages/airflow/example_dags/example_display_name.py
[2025-01-30T08:50:00.798+0000] {logging_mixin.py:188} INFO - [2025-01-30T08:50:00.797+0000] {dag.py:3096} INFO - Sync 1 DAGs
[2025-01-30T08:50:00.812+0000] {logging_mixin.py:188} INFO - [2025-01-30T08:50:00.811+0000] {dag.py:3954} INFO - Setting next_dagrun for example_display_name to None, run_after=None
[2025-01-30T08:50:00.835+0000] {processor.py:183} INFO - Processing /home/airflow/.local/lib/python3.12/site-packages/airflow/example_dags/example_display_name.py took 0.069 seconds
[2025-01-30T08:50:31.246+0000] {processor.py:161} INFO - Started process (PID=865) to work on /home/airflow/.local/lib/python3.12/site-packages/airflow/example_dags/example_display_name.py
[2025-01-30T08:50:31.247+0000] {processor.py:830} INFO - Processing file /home/airflow/.local/lib/python3.12/site-packages/airflow/example_dags/example_display_name.py for tasks to queue
[2025-01-30T08:50:31.249+0000] {logging_mixin.py:188} INFO - [2025-01-30T08:50:31.248+0000] {dagbag.py:545} INFO - Filling up the DagBag from /home/airflow/.local/lib/python3.12/site-packages/airflow/example_dags/example_display_name.py
[2025-01-30T08:50:31.254+0000] {processor.py:840} INFO - DAG(s) 'example_display_name' retrieved from /home/airflow/.local/lib/python3.12/site-packages/airflow/example_dags/example_display_name.py
[2025-01-30T08:50:31.274+0000] {logging_mixin.py:188} INFO - [2025-01-30T08:50:31.274+0000] {dag.py:3096} INFO - Sync 1 DAGs
[2025-01-30T08:50:31.286+0000] {logging_mixin.py:188} INFO - [2025-01-30T08:50:31.286+0000] {dag.py:3954} INFO - Setting next_dagrun for example_display_name to None, run_after=None
[2025-01-30T08:50:31.314+0000] {processor.py:183} INFO - Processing /home/airflow/.local/lib/python3.12/site-packages/airflow/example_dags/example_display_name.py took 0.073 seconds
[2025-01-30T08:51:01.488+0000] {processor.py:161} INFO - Started process (PID=923) to work on /home/airflow/.local/lib/python3.12/site-packages/airflow/example_dags/example_display_name.py
[2025-01-30T08:51:01.489+0000] {processor.py:830} INFO - Processing file /home/airflow/.local/lib/python3.12/site-packages/airflow/example_dags/example_display_name.py for tasks to queue
[2025-01-30T08:51:01.491+0000] {logging_mixin.py:188} INFO - [2025-01-30T08:51:01.491+0000] {dagbag.py:545} INFO - Filling up the DagBag from /home/airflow/.local/lib/python3.12/site-packages/airflow/example_dags/example_display_name.py
[2025-01-30T08:51:01.496+0000] {processor.py:840} INFO - DAG(s) 'example_display_name' retrieved from /home/airflow/.local/lib/python3.12/site-packages/airflow/example_dags/example_display_name.py
[2025-01-30T08:51:01.516+0000] {logging_mixin.py:188} INFO - [2025-01-30T08:51:01.516+0000] {dag.py:3096} INFO - Sync 1 DAGs
[2025-01-30T08:51:01.531+0000] {logging_mixin.py:188} INFO - [2025-01-30T08:51:01.530+0000] {dag.py:3954} INFO - Setting next_dagrun for example_display_name to None, run_after=None
[2025-01-30T08:51:01.556+0000] {processor.py:183} INFO - Processing /home/airflow/.local/lib/python3.12/site-packages/airflow/example_dags/example_display_name.py took 0.073 seconds
[2025-01-30T08:51:32.121+0000] {processor.py:161} INFO - Started process (PID=981) to work on /home/airflow/.local/lib/python3.12/site-packages/airflow/example_dags/example_display_name.py
[2025-01-30T08:51:32.122+0000] {processor.py:830} INFO - Processing file /home/airflow/.local/lib/python3.12/site-packages/airflow/example_dags/example_display_name.py for tasks to queue
[2025-01-30T08:51:32.124+0000] {logging_mixin.py:188} INFO - [2025-01-30T08:51:32.124+0000] {dagbag.py:545} INFO - Filling up the DagBag from /home/airflow/.local/lib/python3.12/site-packages/airflow/example_dags/example_display_name.py
[2025-01-30T08:51:32.130+0000] {processor.py:840} INFO - DAG(s) 'example_display_name' retrieved from /home/airflow/.local/lib/python3.12/site-packages/airflow/example_dags/example_display_name.py
[2025-01-30T08:51:32.150+0000] {logging_mixin.py:188} INFO - [2025-01-30T08:51:32.150+0000] {dag.py:3096} INFO - Sync 1 DAGs
[2025-01-30T08:51:32.164+0000] {logging_mixin.py:188} INFO - [2025-01-30T08:51:32.164+0000] {dag.py:3954} INFO - Setting next_dagrun for example_display_name to None, run_after=None
[2025-01-30T08:51:32.187+0000] {processor.py:183} INFO - Processing /home/airflow/.local/lib/python3.12/site-packages/airflow/example_dags/example_display_name.py took 0.072 seconds
[2025-01-30T08:52:02.498+0000] {processor.py:161} INFO - Started process (PID=1039) to work on /home/airflow/.local/lib/python3.12/site-packages/airflow/example_dags/example_display_name.py
[2025-01-30T08:52:02.499+0000] {processor.py:830} INFO - Processing file /home/airflow/.local/lib/python3.12/site-packages/airflow/example_dags/example_display_name.py for tasks to queue
[2025-01-30T08:52:02.502+0000] {logging_mixin.py:188} INFO - [2025-01-30T08:52:02.501+0000] {dagbag.py:545} INFO - Filling up the DagBag from /home/airflow/.local/lib/python3.12/site-packages/airflow/example_dags/example_display_name.py
[2025-01-30T08:52:02.507+0000] {processor.py:840} INFO - DAG(s) 'example_display_name' retrieved from /home/airflow/.local/lib/python3.12/site-packages/airflow/example_dags/example_display_name.py
[2025-01-30T08:52:02.531+0000] {logging_mixin.py:188} INFO - [2025-01-30T08:52:02.531+0000] {dag.py:3096} INFO - Sync 1 DAGs
[2025-01-30T08:52:02.547+0000] {logging_mixin.py:188} INFO - [2025-01-30T08:52:02.547+0000] {dag.py:3954} INFO - Setting next_dagrun for example_display_name to None, run_after=None
[2025-01-30T08:52:02.575+0000] {processor.py:183} INFO - Processing /home/airflow/.local/lib/python3.12/site-packages/airflow/example_dags/example_display_name.py took 0.082 seconds
[2025-01-30T08:52:32.751+0000] {processor.py:161} INFO - Started process (PID=1097) to work on /home/airflow/.local/lib/python3.12/site-packages/airflow/example_dags/example_display_name.py
[2025-01-30T08:52:32.752+0000] {processor.py:830} INFO - Processing file /home/airflow/.local/lib/python3.12/site-packages/airflow/example_dags/example_display_name.py for tasks to queue
[2025-01-30T08:52:32.753+0000] {logging_mixin.py:188} INFO - [2025-01-30T08:52:32.753+0000] {dagbag.py:545} INFO - Filling up the DagBag from /home/airflow/.local/lib/python3.12/site-packages/airflow/example_dags/example_display_name.py
[2025-01-30T08:52:32.761+0000] {processor.py:840} INFO - DAG(s) 'example_display_name' retrieved from /home/airflow/.local/lib/python3.12/site-packages/airflow/example_dags/example_display_name.py
[2025-01-30T08:52:32.787+0000] {logging_mixin.py:188} INFO - [2025-01-30T08:52:32.786+0000] {dag.py:3096} INFO - Sync 1 DAGs
[2025-01-30T08:52:32.804+0000] {logging_mixin.py:188} INFO - [2025-01-30T08:52:32.803+0000] {dag.py:3954} INFO - Setting next_dagrun for example_display_name to None, run_after=None
[2025-01-30T08:52:32.834+0000] {processor.py:183} INFO - Processing /home/airflow/.local/lib/python3.12/site-packages/airflow/example_dags/example_display_name.py took 0.089 seconds
[2025-01-30T08:53:03.175+0000] {processor.py:161} INFO - Started process (PID=1155) to work on /home/airflow/.local/lib/python3.12/site-packages/airflow/example_dags/example_display_name.py
[2025-01-30T08:53:03.177+0000] {processor.py:830} INFO - Processing file /home/airflow/.local/lib/python3.12/site-packages/airflow/example_dags/example_display_name.py for tasks to queue
[2025-01-30T08:53:03.178+0000] {logging_mixin.py:188} INFO - [2025-01-30T08:53:03.178+0000] {dagbag.py:545} INFO - Filling up the DagBag from /home/airflow/.local/lib/python3.12/site-packages/airflow/example_dags/example_display_name.py
[2025-01-30T08:53:03.184+0000] {processor.py:840} INFO - DAG(s) 'example_display_name' retrieved from /home/airflow/.local/lib/python3.12/site-packages/airflow/example_dags/example_display_name.py
[2025-01-30T08:53:03.204+0000] {logging_mixin.py:188} INFO - [2025-01-30T08:53:03.204+0000] {dag.py:3096} INFO - Sync 1 DAGs
[2025-01-30T08:53:03.220+0000] {logging_mixin.py:188} INFO - [2025-01-30T08:53:03.220+0000] {dag.py:3954} INFO - Setting next_dagrun for example_display_name to None, run_after=None
[2025-01-30T08:53:03.245+0000] {processor.py:183} INFO - Processing /home/airflow/.local/lib/python3.12/site-packages/airflow/example_dags/example_display_name.py took 0.074 seconds
[2025-01-30T08:53:33.485+0000] {processor.py:161} INFO - Started process (PID=1213) to work on /home/airflow/.local/lib/python3.12/site-packages/airflow/example_dags/example_display_name.py
[2025-01-30T08:53:33.486+0000] {processor.py:830} INFO - Processing file /home/airflow/.local/lib/python3.12/site-packages/airflow/example_dags/example_display_name.py for tasks to queue
[2025-01-30T08:53:33.488+0000] {logging_mixin.py:188} INFO - [2025-01-30T08:53:33.488+0000] {dagbag.py:545} INFO - Filling up the DagBag from /home/airflow/.local/lib/python3.12/site-packages/airflow/example_dags/example_display_name.py
[2025-01-30T08:53:33.493+0000] {processor.py:840} INFO - DAG(s) 'example_display_name' retrieved from /home/airflow/.local/lib/python3.12/site-packages/airflow/example_dags/example_display_name.py
[2025-01-30T08:53:33.513+0000] {logging_mixin.py:188} INFO - [2025-01-30T08:53:33.513+0000] {dag.py:3096} INFO - Sync 1 DAGs
[2025-01-30T08:53:33.525+0000] {logging_mixin.py:188} INFO - [2025-01-30T08:53:33.525+0000] {dag.py:3954} INFO - Setting next_dagrun for example_display_name to None, run_after=None
[2025-01-30T08:53:33.550+0000] {processor.py:183} INFO - Processing /home/airflow/.local/lib/python3.12/site-packages/airflow/example_dags/example_display_name.py took 0.071 seconds
[2025-01-30T08:54:03.970+0000] {processor.py:161} INFO - Started process (PID=1271) to work on /home/airflow/.local/lib/python3.12/site-packages/airflow/example_dags/example_display_name.py
[2025-01-30T08:54:03.971+0000] {processor.py:830} INFO - Processing file /home/airflow/.local/lib/python3.12/site-packages/airflow/example_dags/example_display_name.py for tasks to queue
[2025-01-30T08:54:03.973+0000] {logging_mixin.py:188} INFO - [2025-01-30T08:54:03.973+0000] {dagbag.py:545} INFO - Filling up the DagBag from /home/airflow/.local/lib/python3.12/site-packages/airflow/example_dags/example_display_name.py
[2025-01-30T08:54:03.980+0000] {processor.py:840} INFO - DAG(s) 'example_display_name' retrieved from /home/airflow/.local/lib/python3.12/site-packages/airflow/example_dags/example_display_name.py
[2025-01-30T08:54:04.008+0000] {logging_mixin.py:188} INFO - [2025-01-30T08:54:04.008+0000] {dag.py:3096} INFO - Sync 1 DAGs
[2025-01-30T08:54:04.023+0000] {logging_mixin.py:188} INFO - [2025-01-30T08:54:04.023+0000] {dag.py:3954} INFO - Setting next_dagrun for example_display_name to None, run_after=None
[2025-01-30T08:54:04.050+0000] {processor.py:183} INFO - Processing /home/airflow/.local/lib/python3.12/site-packages/airflow/example_dags/example_display_name.py took 0.086 seconds
[2025-01-30T08:54:34.538+0000] {processor.py:161} INFO - Started process (PID=1329) to work on /home/airflow/.local/lib/python3.12/site-packages/airflow/example_dags/example_display_name.py
[2025-01-30T08:54:34.539+0000] {processor.py:830} INFO - Processing file /home/airflow/.local/lib/python3.12/site-packages/airflow/example_dags/example_display_name.py for tasks to queue
[2025-01-30T08:54:34.542+0000] {logging_mixin.py:188} INFO - [2025-01-30T08:54:34.541+0000] {dagbag.py:545} INFO - Filling up the DagBag from /home/airflow/.local/lib/python3.12/site-packages/airflow/example_dags/example_display_name.py
[2025-01-30T08:54:34.547+0000] {processor.py:840} INFO - DAG(s) 'example_display_name' retrieved from /home/airflow/.local/lib/python3.12/site-packages/airflow/example_dags/example_display_name.py
[2025-01-30T08:54:34.567+0000] {logging_mixin.py:188} INFO - [2025-01-30T08:54:34.567+0000] {dag.py:3096} INFO - Sync 1 DAGs
[2025-01-30T08:54:34.585+0000] {logging_mixin.py:188} INFO - [2025-01-30T08:54:34.585+0000] {dag.py:3954} INFO - Setting next_dagrun for example_display_name to None, run_after=None
[2025-01-30T08:54:34.620+0000] {processor.py:183} INFO - Processing /home/airflow/.local/lib/python3.12/site-packages/airflow/example_dags/example_display_name.py took 0.087 seconds
[2025-01-30T08:55:05.457+0000] {processor.py:161} INFO - Started process (PID=1387) to work on /home/airflow/.local/lib/python3.12/site-packages/airflow/example_dags/example_display_name.py
[2025-01-30T08:55:05.459+0000] {processor.py:830} INFO - Processing file /home/airflow/.local/lib/python3.12/site-packages/airflow/example_dags/example_display_name.py for tasks to queue
[2025-01-30T08:55:05.461+0000] {logging_mixin.py:188} INFO - [2025-01-30T08:55:05.460+0000] {dagbag.py:545} INFO - Filling up the DagBag from /home/airflow/.local/lib/python3.12/site-packages/airflow/example_dags/example_display_name.py
[2025-01-30T08:55:05.466+0000] {processor.py:840} INFO - DAG(s) 'example_display_name' retrieved from /home/airflow/.local/lib/python3.12/site-packages/airflow/example_dags/example_display_name.py
[2025-01-30T08:55:05.486+0000] {logging_mixin.py:188} INFO - [2025-01-30T08:55:05.485+0000] {dag.py:3096} INFO - Sync 1 DAGs
[2025-01-30T08:55:05.498+0000] {logging_mixin.py:188} INFO - [2025-01-30T08:55:05.498+0000] {dag.py:3954} INFO - Setting next_dagrun for example_display_name to None, run_after=None
[2025-01-30T08:55:05.520+0000] {processor.py:183} INFO - Processing /home/airflow/.local/lib/python3.12/site-packages/airflow/example_dags/example_display_name.py took 0.069 seconds
[2025-01-30T08:55:36.469+0000] {processor.py:161} INFO - Started process (PID=1445) to work on /home/airflow/.local/lib/python3.12/site-packages/airflow/example_dags/example_display_name.py
[2025-01-30T08:55:36.470+0000] {processor.py:830} INFO - Processing file /home/airflow/.local/lib/python3.12/site-packages/airflow/example_dags/example_display_name.py for tasks to queue
[2025-01-30T08:55:36.472+0000] {logging_mixin.py:188} INFO - [2025-01-30T08:55:36.471+0000] {dagbag.py:545} INFO - Filling up the DagBag from /home/airflow/.local/lib/python3.12/site-packages/airflow/example_dags/example_display_name.py
[2025-01-30T08:55:36.477+0000] {processor.py:840} INFO - DAG(s) 'example_display_name' retrieved from /home/airflow/.local/lib/python3.12/site-packages/airflow/example_dags/example_display_name.py
[2025-01-30T08:55:36.497+0000] {logging_mixin.py:188} INFO - [2025-01-30T08:55:36.497+0000] {dag.py:3096} INFO - Sync 1 DAGs
[2025-01-30T08:55:36.510+0000] {logging_mixin.py:188} INFO - [2025-01-30T08:55:36.509+0000] {dag.py:3954} INFO - Setting next_dagrun for example_display_name to None, run_after=None
[2025-01-30T08:55:36.532+0000] {processor.py:183} INFO - Processing /home/airflow/.local/lib/python3.12/site-packages/airflow/example_dags/example_display_name.py took 0.068 seconds
[2025-01-30T08:56:06.607+0000] {processor.py:161} INFO - Started process (PID=1503) to work on /home/airflow/.local/lib/python3.12/site-packages/airflow/example_dags/example_display_name.py
[2025-01-30T08:56:06.609+0000] {processor.py:830} INFO - Processing file /home/airflow/.local/lib/python3.12/site-packages/airflow/example_dags/example_display_name.py for tasks to queue
[2025-01-30T08:56:06.611+0000] {logging_mixin.py:188} INFO - [2025-01-30T08:56:06.611+0000] {dagbag.py:545} INFO - Filling up the DagBag from /home/airflow/.local/lib/python3.12/site-packages/airflow/example_dags/example_display_name.py
[2025-01-30T08:56:06.618+0000] {processor.py:840} INFO - DAG(s) 'example_display_name' retrieved from /home/airflow/.local/lib/python3.12/site-packages/airflow/example_dags/example_display_name.py
[2025-01-30T08:56:06.640+0000] {logging_mixin.py:188} INFO - [2025-01-30T08:56:06.640+0000] {dag.py:3096} INFO - Sync 1 DAGs
[2025-01-30T08:56:06.654+0000] {logging_mixin.py:188} INFO - [2025-01-30T08:56:06.654+0000] {dag.py:3954} INFO - Setting next_dagrun for example_display_name to None, run_after=None
[2025-01-30T08:56:06.678+0000] {processor.py:183} INFO - Processing /home/airflow/.local/lib/python3.12/site-packages/airflow/example_dags/example_display_name.py took 0.076 seconds
[2025-01-30T08:56:36.991+0000] {processor.py:161} INFO - Started process (PID=1561) to work on /home/airflow/.local/lib/python3.12/site-packages/airflow/example_dags/example_display_name.py
[2025-01-30T08:56:36.992+0000] {processor.py:830} INFO - Processing file /home/airflow/.local/lib/python3.12/site-packages/airflow/example_dags/example_display_name.py for tasks to queue
[2025-01-30T08:56:36.994+0000] {logging_mixin.py:188} INFO - [2025-01-30T08:56:36.993+0000] {dagbag.py:545} INFO - Filling up the DagBag from /home/airflow/.local/lib/python3.12/site-packages/airflow/example_dags/example_display_name.py
[2025-01-30T08:56:36.999+0000] {processor.py:840} INFO - DAG(s) 'example_display_name' retrieved from /home/airflow/.local/lib/python3.12/site-packages/airflow/example_dags/example_display_name.py
[2025-01-30T08:56:37.017+0000] {logging_mixin.py:188} INFO - [2025-01-30T08:56:37.017+0000] {dag.py:3096} INFO - Sync 1 DAGs
[2025-01-30T08:56:37.030+0000] {logging_mixin.py:188} INFO - [2025-01-30T08:56:37.030+0000] {dag.py:3954} INFO - Setting next_dagrun for example_display_name to None, run_after=None
[2025-01-30T08:56:37.052+0000] {processor.py:183} INFO - Processing /home/airflow/.local/lib/python3.12/site-packages/airflow/example_dags/example_display_name.py took 0.068 seconds
[2025-01-30T08:57:07.218+0000] {processor.py:161} INFO - Started process (PID=1619) to work on /home/airflow/.local/lib/python3.12/site-packages/airflow/example_dags/example_display_name.py
[2025-01-30T08:57:07.219+0000] {processor.py:830} INFO - Processing file /home/airflow/.local/lib/python3.12/site-packages/airflow/example_dags/example_display_name.py for tasks to queue
[2025-01-30T08:57:07.221+0000] {logging_mixin.py:188} INFO - [2025-01-30T08:57:07.220+0000] {dagbag.py:545} INFO - Filling up the DagBag from /home/airflow/.local/lib/python3.12/site-packages/airflow/example_dags/example_display_name.py
[2025-01-30T08:57:07.226+0000] {processor.py:840} INFO - DAG(s) 'example_display_name' retrieved from /home/airflow/.local/lib/python3.12/site-packages/airflow/example_dags/example_display_name.py
[2025-01-30T08:57:07.247+0000] {logging_mixin.py:188} INFO - [2025-01-30T08:57:07.246+0000] {dag.py:3096} INFO - Sync 1 DAGs
[2025-01-30T08:57:07.261+0000] {logging_mixin.py:188} INFO - [2025-01-30T08:57:07.260+0000] {dag.py:3954} INFO - Setting next_dagrun for example_display_name to None, run_after=None
[2025-01-30T08:57:07.283+0000] {processor.py:183} INFO - Processing /home/airflow/.local/lib/python3.12/site-packages/airflow/example_dags/example_display_name.py took 0.071 seconds
[2025-01-30T08:57:37.584+0000] {processor.py:161} INFO - Started process (PID=1677) to work on /home/airflow/.local/lib/python3.12/site-packages/airflow/example_dags/example_display_name.py
[2025-01-30T08:57:37.586+0000] {processor.py:830} INFO - Processing file /home/airflow/.local/lib/python3.12/site-packages/airflow/example_dags/example_display_name.py for tasks to queue
[2025-01-30T08:57:37.589+0000] {logging_mixin.py:188} INFO - [2025-01-30T08:57:37.588+0000] {dagbag.py:545} INFO - Filling up the DagBag from /home/airflow/.local/lib/python3.12/site-packages/airflow/example_dags/example_display_name.py
[2025-01-30T08:57:37.595+0000] {processor.py:840} INFO - DAG(s) 'example_display_name' retrieved from /home/airflow/.local/lib/python3.12/site-packages/airflow/example_dags/example_display_name.py
[2025-01-30T08:57:37.617+0000] {logging_mixin.py:188} INFO - [2025-01-30T08:57:37.616+0000] {dag.py:3096} INFO - Sync 1 DAGs
[2025-01-30T08:57:37.630+0000] {logging_mixin.py:188} INFO - [2025-01-30T08:57:37.630+0000] {dag.py:3954} INFO - Setting next_dagrun for example_display_name to None, run_after=None
[2025-01-30T08:57:37.655+0000] {processor.py:183} INFO - Processing /home/airflow/.local/lib/python3.12/site-packages/airflow/example_dags/example_display_name.py took 0.076 seconds
[2025-01-30T08:58:08.608+0000] {processor.py:161} INFO - Started process (PID=1735) to work on /home/airflow/.local/lib/python3.12/site-packages/airflow/example_dags/example_display_name.py
[2025-01-30T08:58:08.610+0000] {processor.py:830} INFO - Processing file /home/airflow/.local/lib/python3.12/site-packages/airflow/example_dags/example_display_name.py for tasks to queue
[2025-01-30T08:58:08.612+0000] {logging_mixin.py:188} INFO - [2025-01-30T08:58:08.612+0000] {dagbag.py:545} INFO - Filling up the DagBag from /home/airflow/.local/lib/python3.12/site-packages/airflow/example_dags/example_display_name.py
[2025-01-30T08:58:08.618+0000] {processor.py:840} INFO - DAG(s) 'example_display_name' retrieved from /home/airflow/.local/lib/python3.12/site-packages/airflow/example_dags/example_display_name.py
[2025-01-30T08:58:08.640+0000] {logging_mixin.py:188} INFO - [2025-01-30T08:58:08.640+0000] {dag.py:3096} INFO - Sync 1 DAGs
[2025-01-30T08:58:08.653+0000] {logging_mixin.py:188} INFO - [2025-01-30T08:58:08.653+0000] {dag.py:3954} INFO - Setting next_dagrun for example_display_name to None, run_after=None
[2025-01-30T08:58:08.681+0000] {processor.py:183} INFO - Processing /home/airflow/.local/lib/python3.12/site-packages/airflow/example_dags/example_display_name.py took 0.078 seconds
[2025-01-30T08:58:38.838+0000] {processor.py:161} INFO - Started process (PID=1792) to work on /home/airflow/.local/lib/python3.12/site-packages/airflow/example_dags/example_display_name.py
[2025-01-30T08:58:38.839+0000] {processor.py:830} INFO - Processing file /home/airflow/.local/lib/python3.12/site-packages/airflow/example_dags/example_display_name.py for tasks to queue
[2025-01-30T08:58:38.841+0000] {logging_mixin.py:188} INFO - [2025-01-30T08:58:38.841+0000] {dagbag.py:545} INFO - Filling up the DagBag from /home/airflow/.local/lib/python3.12/site-packages/airflow/example_dags/example_display_name.py
[2025-01-30T08:58:38.846+0000] {processor.py:840} INFO - DAG(s) 'example_display_name' retrieved from /home/airflow/.local/lib/python3.12/site-packages/airflow/example_dags/example_display_name.py
[2025-01-30T08:58:38.867+0000] {logging_mixin.py:188} INFO - [2025-01-30T08:58:38.867+0000] {dag.py:3096} INFO - Sync 1 DAGs
[2025-01-30T08:58:38.882+0000] {logging_mixin.py:188} INFO - [2025-01-30T08:58:38.882+0000] {dag.py:3954} INFO - Setting next_dagrun for example_display_name to None, run_after=None
[2025-01-30T08:58:38.906+0000] {processor.py:183} INFO - Processing /home/airflow/.local/lib/python3.12/site-packages/airflow/example_dags/example_display_name.py took 0.073 seconds
[2025-01-30T09:01:53.019+0000] {processor.py:161} INFO - Started process (PID=112) to work on /home/airflow/.local/lib/python3.12/site-packages/airflow/example_dags/example_display_name.py
[2025-01-30T09:01:53.021+0000] {processor.py:830} INFO - Processing file /home/airflow/.local/lib/python3.12/site-packages/airflow/example_dags/example_display_name.py for tasks to queue
[2025-01-30T09:01:53.022+0000] {logging_mixin.py:188} INFO - [2025-01-30T09:01:53.022+0000] {dagbag.py:545} INFO - Filling up the DagBag from /home/airflow/.local/lib/python3.12/site-packages/airflow/example_dags/example_display_name.py
[2025-01-30T09:01:53.029+0000] {processor.py:840} INFO - DAG(s) 'example_display_name' retrieved from /home/airflow/.local/lib/python3.12/site-packages/airflow/example_dags/example_display_name.py
[2025-01-30T09:01:53.144+0000] {logging_mixin.py:188} INFO - [2025-01-30T09:01:53.144+0000] {dag.py:3096} INFO - Sync 1 DAGs
[2025-01-30T09:01:53.158+0000] {logging_mixin.py:188} INFO - [2025-01-30T09:01:53.158+0000] {dag.py:3954} INFO - Setting next_dagrun for example_display_name to None, run_after=None
[2025-01-30T09:01:53.183+0000] {processor.py:183} INFO - Processing /home/airflow/.local/lib/python3.12/site-packages/airflow/example_dags/example_display_name.py took 0.168 seconds
[2025-01-30T09:02:23.771+0000] {processor.py:161} INFO - Started process (PID=170) to work on /home/airflow/.local/lib/python3.12/site-packages/airflow/example_dags/example_display_name.py
[2025-01-30T09:02:23.773+0000] {processor.py:830} INFO - Processing file /home/airflow/.local/lib/python3.12/site-packages/airflow/example_dags/example_display_name.py for tasks to queue
[2025-01-30T09:02:23.775+0000] {logging_mixin.py:188} INFO - [2025-01-30T09:02:23.775+0000] {dagbag.py:545} INFO - Filling up the DagBag from /home/airflow/.local/lib/python3.12/site-packages/airflow/example_dags/example_display_name.py
[2025-01-30T09:02:23.780+0000] {processor.py:840} INFO - DAG(s) 'example_display_name' retrieved from /home/airflow/.local/lib/python3.12/site-packages/airflow/example_dags/example_display_name.py
[2025-01-30T09:02:23.802+0000] {logging_mixin.py:188} INFO - [2025-01-30T09:02:23.802+0000] {dag.py:3096} INFO - Sync 1 DAGs
[2025-01-30T09:02:23.817+0000] {logging_mixin.py:188} INFO - [2025-01-30T09:02:23.816+0000] {dag.py:3954} INFO - Setting next_dagrun for example_display_name to None, run_after=None
[2025-01-30T09:02:23.842+0000] {processor.py:183} INFO - Processing /home/airflow/.local/lib/python3.12/site-packages/airflow/example_dags/example_display_name.py took 0.076 seconds
[2025-01-30T09:02:53.910+0000] {processor.py:161} INFO - Started process (PID=228) to work on /home/airflow/.local/lib/python3.12/site-packages/airflow/example_dags/example_display_name.py
[2025-01-30T09:02:53.911+0000] {processor.py:830} INFO - Processing file /home/airflow/.local/lib/python3.12/site-packages/airflow/example_dags/example_display_name.py for tasks to queue
[2025-01-30T09:02:53.913+0000] {logging_mixin.py:188} INFO - [2025-01-30T09:02:53.913+0000] {dagbag.py:545} INFO - Filling up the DagBag from /home/airflow/.local/lib/python3.12/site-packages/airflow/example_dags/example_display_name.py
[2025-01-30T09:02:53.920+0000] {processor.py:840} INFO - DAG(s) 'example_display_name' retrieved from /home/airflow/.local/lib/python3.12/site-packages/airflow/example_dags/example_display_name.py
[2025-01-30T09:02:53.944+0000] {logging_mixin.py:188} INFO - [2025-01-30T09:02:53.944+0000] {dag.py:3096} INFO - Sync 1 DAGs
[2025-01-30T09:02:53.959+0000] {logging_mixin.py:188} INFO - [2025-01-30T09:02:53.959+0000] {dag.py:3954} INFO - Setting next_dagrun for example_display_name to None, run_after=None
[2025-01-30T09:02:53.991+0000] {processor.py:183} INFO - Processing /home/airflow/.local/lib/python3.12/site-packages/airflow/example_dags/example_display_name.py took 0.088 seconds
[2025-01-30T09:03:24.509+0000] {processor.py:161} INFO - Started process (PID=286) to work on /home/airflow/.local/lib/python3.12/site-packages/airflow/example_dags/example_display_name.py
[2025-01-30T09:03:24.511+0000] {processor.py:830} INFO - Processing file /home/airflow/.local/lib/python3.12/site-packages/airflow/example_dags/example_display_name.py for tasks to queue
[2025-01-30T09:03:24.514+0000] {logging_mixin.py:188} INFO - [2025-01-30T09:03:24.513+0000] {dagbag.py:545} INFO - Filling up the DagBag from /home/airflow/.local/lib/python3.12/site-packages/airflow/example_dags/example_display_name.py
[2025-01-30T09:03:24.523+0000] {processor.py:840} INFO - DAG(s) 'example_display_name' retrieved from /home/airflow/.local/lib/python3.12/site-packages/airflow/example_dags/example_display_name.py
[2025-01-30T09:03:24.549+0000] {logging_mixin.py:188} INFO - [2025-01-30T09:03:24.548+0000] {dag.py:3096} INFO - Sync 1 DAGs
[2025-01-30T09:03:24.567+0000] {logging_mixin.py:188} INFO - [2025-01-30T09:03:24.565+0000] {dag.py:3954} INFO - Setting next_dagrun for example_display_name to None, run_after=None
[2025-01-30T09:03:24.607+0000] {processor.py:183} INFO - Processing /home/airflow/.local/lib/python3.12/site-packages/airflow/example_dags/example_display_name.py took 0.106 seconds
[2025-01-30T09:05:23.364+0000] {processor.py:161} INFO - Started process (PID=110) to work on /home/airflow/.local/lib/python3.12/site-packages/airflow/example_dags/example_display_name.py
[2025-01-30T09:05:23.365+0000] {processor.py:830} INFO - Processing file /home/airflow/.local/lib/python3.12/site-packages/airflow/example_dags/example_display_name.py for tasks to queue
[2025-01-30T09:05:23.368+0000] {logging_mixin.py:188} INFO - [2025-01-30T09:05:23.367+0000] {dagbag.py:545} INFO - Filling up the DagBag from /home/airflow/.local/lib/python3.12/site-packages/airflow/example_dags/example_display_name.py
[2025-01-30T09:05:23.374+0000] {processor.py:840} INFO - DAG(s) 'example_display_name' retrieved from /home/airflow/.local/lib/python3.12/site-packages/airflow/example_dags/example_display_name.py
[2025-01-30T09:05:23.496+0000] {logging_mixin.py:188} INFO - [2025-01-30T09:05:23.495+0000] {dag.py:3096} INFO - Sync 1 DAGs
[2025-01-30T09:05:23.515+0000] {logging_mixin.py:188} INFO - [2025-01-30T09:05:23.515+0000] {dag.py:3954} INFO - Setting next_dagrun for example_display_name to None, run_after=None
[2025-01-30T09:05:23.538+0000] {processor.py:183} INFO - Processing /home/airflow/.local/lib/python3.12/site-packages/airflow/example_dags/example_display_name.py took 0.179 seconds
[2025-01-30T09:05:53.590+0000] {processor.py:161} INFO - Started process (PID=168) to work on /home/airflow/.local/lib/python3.12/site-packages/airflow/example_dags/example_display_name.py
[2025-01-30T09:05:53.591+0000] {processor.py:830} INFO - Processing file /home/airflow/.local/lib/python3.12/site-packages/airflow/example_dags/example_display_name.py for tasks to queue
[2025-01-30T09:05:53.593+0000] {logging_mixin.py:188} INFO - [2025-01-30T09:05:53.593+0000] {dagbag.py:545} INFO - Filling up the DagBag from /home/airflow/.local/lib/python3.12/site-packages/airflow/example_dags/example_display_name.py
[2025-01-30T09:05:53.598+0000] {processor.py:840} INFO - DAG(s) 'example_display_name' retrieved from /home/airflow/.local/lib/python3.12/site-packages/airflow/example_dags/example_display_name.py
[2025-01-30T09:05:53.617+0000] {logging_mixin.py:188} INFO - [2025-01-30T09:05:53.617+0000] {dag.py:3096} INFO - Sync 1 DAGs
[2025-01-30T09:05:53.630+0000] {logging_mixin.py:188} INFO - [2025-01-30T09:05:53.630+0000] {dag.py:3954} INFO - Setting next_dagrun for example_display_name to None, run_after=None
[2025-01-30T09:05:53.651+0000] {processor.py:183} INFO - Processing /home/airflow/.local/lib/python3.12/site-packages/airflow/example_dags/example_display_name.py took 0.066 seconds
[2025-01-30T09:10:53.766+0000] {processor.py:161} INFO - Started process (PID=113) to work on /home/airflow/.local/lib/python3.12/site-packages/airflow/example_dags/example_display_name.py
[2025-01-30T09:10:53.767+0000] {processor.py:830} INFO - Processing file /home/airflow/.local/lib/python3.12/site-packages/airflow/example_dags/example_display_name.py for tasks to queue
[2025-01-30T09:10:53.769+0000] {logging_mixin.py:188} INFO - [2025-01-30T09:10:53.769+0000] {dagbag.py:545} INFO - Filling up the DagBag from /home/airflow/.local/lib/python3.12/site-packages/airflow/example_dags/example_display_name.py
[2025-01-30T09:10:53.777+0000] {processor.py:840} INFO - DAG(s) 'example_display_name' retrieved from /home/airflow/.local/lib/python3.12/site-packages/airflow/example_dags/example_display_name.py
[2025-01-30T09:10:53.891+0000] {logging_mixin.py:188} INFO - [2025-01-30T09:10:53.891+0000] {dag.py:3096} INFO - Sync 1 DAGs
[2025-01-30T09:10:53.905+0000] {logging_mixin.py:188} INFO - [2025-01-30T09:10:53.905+0000] {dag.py:3954} INFO - Setting next_dagrun for example_display_name to None, run_after=None
[2025-01-30T09:10:53.931+0000] {processor.py:183} INFO - Processing /home/airflow/.local/lib/python3.12/site-packages/airflow/example_dags/example_display_name.py took 0.171 seconds
[2025-01-30T09:11:24.805+0000] {processor.py:161} INFO - Started process (PID=172) to work on /home/airflow/.local/lib/python3.12/site-packages/airflow/example_dags/example_display_name.py
[2025-01-30T09:11:24.806+0000] {processor.py:830} INFO - Processing file /home/airflow/.local/lib/python3.12/site-packages/airflow/example_dags/example_display_name.py for tasks to queue
[2025-01-30T09:11:24.808+0000] {logging_mixin.py:188} INFO - [2025-01-30T09:11:24.808+0000] {dagbag.py:545} INFO - Filling up the DagBag from /home/airflow/.local/lib/python3.12/site-packages/airflow/example_dags/example_display_name.py
[2025-01-30T09:11:24.814+0000] {processor.py:840} INFO - DAG(s) 'example_display_name' retrieved from /home/airflow/.local/lib/python3.12/site-packages/airflow/example_dags/example_display_name.py
[2025-01-30T09:11:24.832+0000] {logging_mixin.py:188} INFO - [2025-01-30T09:11:24.832+0000] {dag.py:3096} INFO - Sync 1 DAGs
[2025-01-30T09:11:24.847+0000] {logging_mixin.py:188} INFO - [2025-01-30T09:11:24.846+0000] {dag.py:3954} INFO - Setting next_dagrun for example_display_name to None, run_after=None
[2025-01-30T09:11:24.868+0000] {processor.py:183} INFO - Processing /home/airflow/.local/lib/python3.12/site-packages/airflow/example_dags/example_display_name.py took 0.069 seconds
[2025-01-30T09:11:55.233+0000] {processor.py:161} INFO - Started process (PID=230) to work on /home/airflow/.local/lib/python3.12/site-packages/airflow/example_dags/example_display_name.py
[2025-01-30T09:11:55.234+0000] {processor.py:830} INFO - Processing file /home/airflow/.local/lib/python3.12/site-packages/airflow/example_dags/example_display_name.py for tasks to queue
[2025-01-30T09:11:55.236+0000] {logging_mixin.py:188} INFO - [2025-01-30T09:11:55.236+0000] {dagbag.py:545} INFO - Filling up the DagBag from /home/airflow/.local/lib/python3.12/site-packages/airflow/example_dags/example_display_name.py
[2025-01-30T09:11:55.242+0000] {processor.py:840} INFO - DAG(s) 'example_display_name' retrieved from /home/airflow/.local/lib/python3.12/site-packages/airflow/example_dags/example_display_name.py
[2025-01-30T09:11:55.261+0000] {logging_mixin.py:188} INFO - [2025-01-30T09:11:55.261+0000] {dag.py:3096} INFO - Sync 1 DAGs
[2025-01-30T09:11:55.273+0000] {logging_mixin.py:188} INFO - [2025-01-30T09:11:55.273+0000] {dag.py:3954} INFO - Setting next_dagrun for example_display_name to None, run_after=None
[2025-01-30T09:11:55.298+0000] {processor.py:183} INFO - Processing /home/airflow/.local/lib/python3.12/site-packages/airflow/example_dags/example_display_name.py took 0.069 seconds
[2025-01-30T09:12:25.812+0000] {processor.py:161} INFO - Started process (PID=288) to work on /home/airflow/.local/lib/python3.12/site-packages/airflow/example_dags/example_display_name.py
[2025-01-30T09:12:25.815+0000] {processor.py:830} INFO - Processing file /home/airflow/.local/lib/python3.12/site-packages/airflow/example_dags/example_display_name.py for tasks to queue
[2025-01-30T09:12:25.821+0000] {logging_mixin.py:188} INFO - [2025-01-30T09:12:25.820+0000] {dagbag.py:545} INFO - Filling up the DagBag from /home/airflow/.local/lib/python3.12/site-packages/airflow/example_dags/example_display_name.py
[2025-01-30T09:12:25.828+0000] {processor.py:840} INFO - DAG(s) 'example_display_name' retrieved from /home/airflow/.local/lib/python3.12/site-packages/airflow/example_dags/example_display_name.py
[2025-01-30T09:12:25.874+0000] {logging_mixin.py:188} INFO - [2025-01-30T09:12:25.874+0000] {dag.py:3096} INFO - Sync 1 DAGs
[2025-01-30T09:12:25.900+0000] {logging_mixin.py:188} INFO - [2025-01-30T09:12:25.900+0000] {dag.py:3954} INFO - Setting next_dagrun for example_display_name to None, run_after=None
[2025-01-30T09:12:25.933+0000] {processor.py:183} INFO - Processing /home/airflow/.local/lib/python3.12/site-packages/airflow/example_dags/example_display_name.py took 0.129 seconds
[2025-01-30T09:12:56.061+0000] {processor.py:161} INFO - Started process (PID=346) to work on /home/airflow/.local/lib/python3.12/site-packages/airflow/example_dags/example_display_name.py
[2025-01-30T09:12:56.063+0000] {processor.py:830} INFO - Processing file /home/airflow/.local/lib/python3.12/site-packages/airflow/example_dags/example_display_name.py for tasks to queue
[2025-01-30T09:12:56.065+0000] {logging_mixin.py:188} INFO - [2025-01-30T09:12:56.065+0000] {dagbag.py:545} INFO - Filling up the DagBag from /home/airflow/.local/lib/python3.12/site-packages/airflow/example_dags/example_display_name.py
[2025-01-30T09:12:56.072+0000] {processor.py:840} INFO - DAG(s) 'example_display_name' retrieved from /home/airflow/.local/lib/python3.12/site-packages/airflow/example_dags/example_display_name.py
[2025-01-30T09:12:56.105+0000] {logging_mixin.py:188} INFO - [2025-01-30T09:12:56.105+0000] {dag.py:3096} INFO - Sync 1 DAGs
[2025-01-30T09:12:56.121+0000] {logging_mixin.py:188} INFO - [2025-01-30T09:12:56.120+0000] {dag.py:3954} INFO - Setting next_dagrun for example_display_name to None, run_after=None
[2025-01-30T09:12:56.150+0000] {processor.py:183} INFO - Processing /home/airflow/.local/lib/python3.12/site-packages/airflow/example_dags/example_display_name.py took 0.094 seconds
[2025-01-30T09:13:26.419+0000] {processor.py:161} INFO - Started process (PID=404) to work on /home/airflow/.local/lib/python3.12/site-packages/airflow/example_dags/example_display_name.py
[2025-01-30T09:13:26.420+0000] {processor.py:830} INFO - Processing file /home/airflow/.local/lib/python3.12/site-packages/airflow/example_dags/example_display_name.py for tasks to queue
[2025-01-30T09:13:26.423+0000] {logging_mixin.py:188} INFO - [2025-01-30T09:13:26.422+0000] {dagbag.py:545} INFO - Filling up the DagBag from /home/airflow/.local/lib/python3.12/site-packages/airflow/example_dags/example_display_name.py
[2025-01-30T09:13:26.429+0000] {processor.py:840} INFO - DAG(s) 'example_display_name' retrieved from /home/airflow/.local/lib/python3.12/site-packages/airflow/example_dags/example_display_name.py
[2025-01-30T09:13:26.454+0000] {logging_mixin.py:188} INFO - [2025-01-30T09:13:26.454+0000] {dag.py:3096} INFO - Sync 1 DAGs
[2025-01-30T09:13:26.470+0000] {logging_mixin.py:188} INFO - [2025-01-30T09:13:26.470+0000] {dag.py:3954} INFO - Setting next_dagrun for example_display_name to None, run_after=None
[2025-01-30T09:13:26.497+0000] {processor.py:183} INFO - Processing /home/airflow/.local/lib/python3.12/site-packages/airflow/example_dags/example_display_name.py took 0.084 seconds
[2025-01-30T09:13:56.535+0000] {processor.py:161} INFO - Started process (PID=462) to work on /home/airflow/.local/lib/python3.12/site-packages/airflow/example_dags/example_display_name.py
[2025-01-30T09:13:56.536+0000] {processor.py:830} INFO - Processing file /home/airflow/.local/lib/python3.12/site-packages/airflow/example_dags/example_display_name.py for tasks to queue
[2025-01-30T09:13:56.537+0000] {logging_mixin.py:188} INFO - [2025-01-30T09:13:56.537+0000] {dagbag.py:545} INFO - Filling up the DagBag from /home/airflow/.local/lib/python3.12/site-packages/airflow/example_dags/example_display_name.py
[2025-01-30T09:13:56.542+0000] {processor.py:840} INFO - DAG(s) 'example_display_name' retrieved from /home/airflow/.local/lib/python3.12/site-packages/airflow/example_dags/example_display_name.py
[2025-01-30T09:13:56.563+0000] {logging_mixin.py:188} INFO - [2025-01-30T09:13:56.563+0000] {dag.py:3096} INFO - Sync 1 DAGs
[2025-01-30T09:13:56.577+0000] {logging_mixin.py:188} INFO - [2025-01-30T09:13:56.577+0000] {dag.py:3954} INFO - Setting next_dagrun for example_display_name to None, run_after=None
[2025-01-30T09:13:56.600+0000] {processor.py:183} INFO - Processing /home/airflow/.local/lib/python3.12/site-packages/airflow/example_dags/example_display_name.py took 0.070 seconds
[2025-01-30T09:14:27.103+0000] {processor.py:161} INFO - Started process (PID=520) to work on /home/airflow/.local/lib/python3.12/site-packages/airflow/example_dags/example_display_name.py
[2025-01-30T09:14:27.104+0000] {processor.py:830} INFO - Processing file /home/airflow/.local/lib/python3.12/site-packages/airflow/example_dags/example_display_name.py for tasks to queue
[2025-01-30T09:14:27.108+0000] {logging_mixin.py:188} INFO - [2025-01-30T09:14:27.107+0000] {dagbag.py:545} INFO - Filling up the DagBag from /home/airflow/.local/lib/python3.12/site-packages/airflow/example_dags/example_display_name.py
[2025-01-30T09:14:27.115+0000] {processor.py:840} INFO - DAG(s) 'example_display_name' retrieved from /home/airflow/.local/lib/python3.12/site-packages/airflow/example_dags/example_display_name.py
[2025-01-30T09:14:27.145+0000] {logging_mixin.py:188} INFO - [2025-01-30T09:14:27.144+0000] {dag.py:3096} INFO - Sync 1 DAGs
[2025-01-30T09:14:27.162+0000] {logging_mixin.py:188} INFO - [2025-01-30T09:14:27.162+0000] {dag.py:3954} INFO - Setting next_dagrun for example_display_name to None, run_after=None
[2025-01-30T09:14:27.196+0000] {processor.py:183} INFO - Processing /home/airflow/.local/lib/python3.12/site-packages/airflow/example_dags/example_display_name.py took 0.097 seconds
[2025-01-30T09:14:57.367+0000] {processor.py:161} INFO - Started process (PID=578) to work on /home/airflow/.local/lib/python3.12/site-packages/airflow/example_dags/example_display_name.py
[2025-01-30T09:14:57.369+0000] {processor.py:830} INFO - Processing file /home/airflow/.local/lib/python3.12/site-packages/airflow/example_dags/example_display_name.py for tasks to queue
[2025-01-30T09:14:57.371+0000] {logging_mixin.py:188} INFO - [2025-01-30T09:14:57.370+0000] {dagbag.py:545} INFO - Filling up the DagBag from /home/airflow/.local/lib/python3.12/site-packages/airflow/example_dags/example_display_name.py
[2025-01-30T09:14:57.377+0000] {processor.py:840} INFO - DAG(s) 'example_display_name' retrieved from /home/airflow/.local/lib/python3.12/site-packages/airflow/example_dags/example_display_name.py
[2025-01-30T09:14:57.400+0000] {logging_mixin.py:188} INFO - [2025-01-30T09:14:57.400+0000] {dag.py:3096} INFO - Sync 1 DAGs
[2025-01-30T09:14:57.415+0000] {logging_mixin.py:188} INFO - [2025-01-30T09:14:57.415+0000] {dag.py:3954} INFO - Setting next_dagrun for example_display_name to None, run_after=None
[2025-01-30T09:14:57.440+0000] {processor.py:183} INFO - Processing /home/airflow/.local/lib/python3.12/site-packages/airflow/example_dags/example_display_name.py took 0.078 seconds
[2025-01-30T09:15:28.037+0000] {processor.py:161} INFO - Started process (PID=635) to work on /home/airflow/.local/lib/python3.12/site-packages/airflow/example_dags/example_display_name.py
[2025-01-30T09:15:28.038+0000] {processor.py:830} INFO - Processing file /home/airflow/.local/lib/python3.12/site-packages/airflow/example_dags/example_display_name.py for tasks to queue
[2025-01-30T09:15:28.040+0000] {logging_mixin.py:188} INFO - [2025-01-30T09:15:28.039+0000] {dagbag.py:545} INFO - Filling up the DagBag from /home/airflow/.local/lib/python3.12/site-packages/airflow/example_dags/example_display_name.py
[2025-01-30T09:15:28.045+0000] {processor.py:840} INFO - DAG(s) 'example_display_name' retrieved from /home/airflow/.local/lib/python3.12/site-packages/airflow/example_dags/example_display_name.py
[2025-01-30T09:15:28.065+0000] {logging_mixin.py:188} INFO - [2025-01-30T09:15:28.065+0000] {dag.py:3096} INFO - Sync 1 DAGs
[2025-01-30T09:15:28.079+0000] {logging_mixin.py:188} INFO - [2025-01-30T09:15:28.079+0000] {dag.py:3954} INFO - Setting next_dagrun for example_display_name to None, run_after=None
[2025-01-30T09:15:28.104+0000] {processor.py:183} INFO - Processing /home/airflow/.local/lib/python3.12/site-packages/airflow/example_dags/example_display_name.py took 0.073 seconds
[2025-01-30T09:15:58.412+0000] {processor.py:161} INFO - Started process (PID=693) to work on /home/airflow/.local/lib/python3.12/site-packages/airflow/example_dags/example_display_name.py
[2025-01-30T09:15:58.413+0000] {processor.py:830} INFO - Processing file /home/airflow/.local/lib/python3.12/site-packages/airflow/example_dags/example_display_name.py for tasks to queue
[2025-01-30T09:15:58.415+0000] {logging_mixin.py:188} INFO - [2025-01-30T09:15:58.415+0000] {dagbag.py:545} INFO - Filling up the DagBag from /home/airflow/.local/lib/python3.12/site-packages/airflow/example_dags/example_display_name.py
[2025-01-30T09:15:58.420+0000] {processor.py:840} INFO - DAG(s) 'example_display_name' retrieved from /home/airflow/.local/lib/python3.12/site-packages/airflow/example_dags/example_display_name.py
[2025-01-30T09:15:58.448+0000] {logging_mixin.py:188} INFO - [2025-01-30T09:15:58.447+0000] {dag.py:3096} INFO - Sync 1 DAGs
[2025-01-30T09:15:58.465+0000] {logging_mixin.py:188} INFO - [2025-01-30T09:15:58.465+0000] {dag.py:3954} INFO - Setting next_dagrun for example_display_name to None, run_after=None
[2025-01-30T09:15:58.491+0000] {processor.py:183} INFO - Processing /home/airflow/.local/lib/python3.12/site-packages/airflow/example_dags/example_display_name.py took 0.083 seconds
[2025-01-30T09:16:29.149+0000] {processor.py:161} INFO - Started process (PID=751) to work on /home/airflow/.local/lib/python3.12/site-packages/airflow/example_dags/example_display_name.py
[2025-01-30T09:16:29.150+0000] {processor.py:830} INFO - Processing file /home/airflow/.local/lib/python3.12/site-packages/airflow/example_dags/example_display_name.py for tasks to queue
[2025-01-30T09:16:29.152+0000] {logging_mixin.py:188} INFO - [2025-01-30T09:16:29.152+0000] {dagbag.py:545} INFO - Filling up the DagBag from /home/airflow/.local/lib/python3.12/site-packages/airflow/example_dags/example_display_name.py
[2025-01-30T09:16:29.159+0000] {processor.py:840} INFO - DAG(s) 'example_display_name' retrieved from /home/airflow/.local/lib/python3.12/site-packages/airflow/example_dags/example_display_name.py
[2025-01-30T09:16:29.191+0000] {logging_mixin.py:188} INFO - [2025-01-30T09:16:29.190+0000] {dag.py:3096} INFO - Sync 1 DAGs
[2025-01-30T09:16:29.216+0000] {logging_mixin.py:188} INFO - [2025-01-30T09:16:29.215+0000] {dag.py:3954} INFO - Setting next_dagrun for example_display_name to None, run_after=None
[2025-01-30T09:16:29.245+0000] {processor.py:183} INFO - Processing /home/airflow/.local/lib/python3.12/site-packages/airflow/example_dags/example_display_name.py took 0.102 seconds
[2025-01-30T09:16:59.434+0000] {processor.py:161} INFO - Started process (PID=809) to work on /home/airflow/.local/lib/python3.12/site-packages/airflow/example_dags/example_display_name.py
[2025-01-30T09:16:59.435+0000] {processor.py:830} INFO - Processing file /home/airflow/.local/lib/python3.12/site-packages/airflow/example_dags/example_display_name.py for tasks to queue
[2025-01-30T09:16:59.439+0000] {logging_mixin.py:188} INFO - [2025-01-30T09:16:59.438+0000] {dagbag.py:545} INFO - Filling up the DagBag from /home/airflow/.local/lib/python3.12/site-packages/airflow/example_dags/example_display_name.py
[2025-01-30T09:16:59.444+0000] {processor.py:840} INFO - DAG(s) 'example_display_name' retrieved from /home/airflow/.local/lib/python3.12/site-packages/airflow/example_dags/example_display_name.py
[2025-01-30T09:16:59.464+0000] {logging_mixin.py:188} INFO - [2025-01-30T09:16:59.464+0000] {dag.py:3096} INFO - Sync 1 DAGs
[2025-01-30T09:16:59.478+0000] {logging_mixin.py:188} INFO - [2025-01-30T09:16:59.478+0000] {dag.py:3954} INFO - Setting next_dagrun for example_display_name to None, run_after=None
[2025-01-30T09:16:59.503+0000] {processor.py:183} INFO - Processing /home/airflow/.local/lib/python3.12/site-packages/airflow/example_dags/example_display_name.py took 0.073 seconds
[2025-01-30T09:17:29.902+0000] {processor.py:161} INFO - Started process (PID=867) to work on /home/airflow/.local/lib/python3.12/site-packages/airflow/example_dags/example_display_name.py
[2025-01-30T09:17:29.904+0000] {processor.py:830} INFO - Processing file /home/airflow/.local/lib/python3.12/site-packages/airflow/example_dags/example_display_name.py for tasks to queue
[2025-01-30T09:17:29.906+0000] {logging_mixin.py:188} INFO - [2025-01-30T09:17:29.905+0000] {dagbag.py:545} INFO - Filling up the DagBag from /home/airflow/.local/lib/python3.12/site-packages/airflow/example_dags/example_display_name.py
[2025-01-30T09:17:29.911+0000] {processor.py:840} INFO - DAG(s) 'example_display_name' retrieved from /home/airflow/.local/lib/python3.12/site-packages/airflow/example_dags/example_display_name.py
[2025-01-30T09:17:29.930+0000] {logging_mixin.py:188} INFO - [2025-01-30T09:17:29.929+0000] {dag.py:3096} INFO - Sync 1 DAGs
[2025-01-30T09:17:29.945+0000] {logging_mixin.py:188} INFO - [2025-01-30T09:17:29.945+0000] {dag.py:3954} INFO - Setting next_dagrun for example_display_name to None, run_after=None
[2025-01-30T09:17:29.967+0000] {processor.py:183} INFO - Processing /home/airflow/.local/lib/python3.12/site-packages/airflow/example_dags/example_display_name.py took 0.069 seconds
[2025-01-30T09:18:01.155+0000] {processor.py:161} INFO - Started process (PID=926) to work on /home/airflow/.local/lib/python3.12/site-packages/airflow/example_dags/example_display_name.py
[2025-01-30T09:18:01.156+0000] {processor.py:830} INFO - Processing file /home/airflow/.local/lib/python3.12/site-packages/airflow/example_dags/example_display_name.py for tasks to queue
[2025-01-30T09:18:01.159+0000] {logging_mixin.py:188} INFO - [2025-01-30T09:18:01.158+0000] {dagbag.py:545} INFO - Filling up the DagBag from /home/airflow/.local/lib/python3.12/site-packages/airflow/example_dags/example_display_name.py
[2025-01-30T09:18:01.165+0000] {processor.py:840} INFO - DAG(s) 'example_display_name' retrieved from /home/airflow/.local/lib/python3.12/site-packages/airflow/example_dags/example_display_name.py
[2025-01-30T09:18:01.189+0000] {logging_mixin.py:188} INFO - [2025-01-30T09:18:01.188+0000] {dag.py:3096} INFO - Sync 1 DAGs
[2025-01-30T09:18:01.201+0000] {logging_mixin.py:188} INFO - [2025-01-30T09:18:01.201+0000] {dag.py:3954} INFO - Setting next_dagrun for example_display_name to None, run_after=None
[2025-01-30T09:18:01.234+0000] {processor.py:183} INFO - Processing /home/airflow/.local/lib/python3.12/site-packages/airflow/example_dags/example_display_name.py took 0.085 seconds
[2025-01-30T09:20:19.393+0000] {processor.py:161} INFO - Started process (PID=110) to work on /home/airflow/.local/lib/python3.12/site-packages/airflow/example_dags/example_display_name.py
[2025-01-30T09:20:19.394+0000] {processor.py:830} INFO - Processing file /home/airflow/.local/lib/python3.12/site-packages/airflow/example_dags/example_display_name.py for tasks to queue
[2025-01-30T09:20:19.396+0000] {logging_mixin.py:188} INFO - [2025-01-30T09:20:19.396+0000] {dagbag.py:545} INFO - Filling up the DagBag from /home/airflow/.local/lib/python3.12/site-packages/airflow/example_dags/example_display_name.py
[2025-01-30T09:20:19.401+0000] {processor.py:840} INFO - DAG(s) 'example_display_name' retrieved from /home/airflow/.local/lib/python3.12/site-packages/airflow/example_dags/example_display_name.py
[2025-01-30T09:20:19.511+0000] {logging_mixin.py:188} INFO - [2025-01-30T09:20:19.511+0000] {dag.py:3096} INFO - Sync 1 DAGs
[2025-01-30T09:20:19.525+0000] {logging_mixin.py:188} INFO - [2025-01-30T09:20:19.525+0000] {dag.py:3954} INFO - Setting next_dagrun for example_display_name to None, run_after=None
[2025-01-30T09:20:19.550+0000] {processor.py:183} INFO - Processing /home/airflow/.local/lib/python3.12/site-packages/airflow/example_dags/example_display_name.py took 0.161 seconds
[2025-01-30T09:20:49.779+0000] {processor.py:161} INFO - Started process (PID=168) to work on /home/airflow/.local/lib/python3.12/site-packages/airflow/example_dags/example_display_name.py
[2025-01-30T09:20:49.779+0000] {processor.py:830} INFO - Processing file /home/airflow/.local/lib/python3.12/site-packages/airflow/example_dags/example_display_name.py for tasks to queue
[2025-01-30T09:20:49.781+0000] {logging_mixin.py:188} INFO - [2025-01-30T09:20:49.781+0000] {dagbag.py:545} INFO - Filling up the DagBag from /home/airflow/.local/lib/python3.12/site-packages/airflow/example_dags/example_display_name.py
[2025-01-30T09:20:49.787+0000] {processor.py:840} INFO - DAG(s) 'example_display_name' retrieved from /home/airflow/.local/lib/python3.12/site-packages/airflow/example_dags/example_display_name.py
[2025-01-30T09:20:49.806+0000] {logging_mixin.py:188} INFO - [2025-01-30T09:20:49.806+0000] {dag.py:3096} INFO - Sync 1 DAGs
[2025-01-30T09:20:49.819+0000] {logging_mixin.py:188} INFO - [2025-01-30T09:20:49.819+0000] {dag.py:3954} INFO - Setting next_dagrun for example_display_name to None, run_after=None
[2025-01-30T09:20:49.842+0000] {processor.py:183} INFO - Processing /home/airflow/.local/lib/python3.12/site-packages/airflow/example_dags/example_display_name.py took 0.068 seconds
[2025-01-30T09:21:19.991+0000] {processor.py:161} INFO - Started process (PID=226) to work on /home/airflow/.local/lib/python3.12/site-packages/airflow/example_dags/example_display_name.py
[2025-01-30T09:21:19.992+0000] {processor.py:830} INFO - Processing file /home/airflow/.local/lib/python3.12/site-packages/airflow/example_dags/example_display_name.py for tasks to queue
[2025-01-30T09:21:19.994+0000] {logging_mixin.py:188} INFO - [2025-01-30T09:21:19.994+0000] {dagbag.py:545} INFO - Filling up the DagBag from /home/airflow/.local/lib/python3.12/site-packages/airflow/example_dags/example_display_name.py
[2025-01-30T09:21:19.999+0000] {processor.py:840} INFO - DAG(s) 'example_display_name' retrieved from /home/airflow/.local/lib/python3.12/site-packages/airflow/example_dags/example_display_name.py
[2025-01-30T09:21:20.021+0000] {logging_mixin.py:188} INFO - [2025-01-30T09:21:20.021+0000] {dag.py:3096} INFO - Sync 1 DAGs
[2025-01-30T09:21:20.034+0000] {logging_mixin.py:188} INFO - [2025-01-30T09:21:20.034+0000] {dag.py:3954} INFO - Setting next_dagrun for example_display_name to None, run_after=None
[2025-01-30T09:21:20.059+0000] {processor.py:183} INFO - Processing /home/airflow/.local/lib/python3.12/site-packages/airflow/example_dags/example_display_name.py took 0.073 seconds
[2025-01-30T09:21:50.441+0000] {processor.py:161} INFO - Started process (PID=284) to work on /home/airflow/.local/lib/python3.12/site-packages/airflow/example_dags/example_display_name.py
[2025-01-30T09:21:50.443+0000] {processor.py:830} INFO - Processing file /home/airflow/.local/lib/python3.12/site-packages/airflow/example_dags/example_display_name.py for tasks to queue
[2025-01-30T09:21:50.445+0000] {logging_mixin.py:188} INFO - [2025-01-30T09:21:50.444+0000] {dagbag.py:545} INFO - Filling up the DagBag from /home/airflow/.local/lib/python3.12/site-packages/airflow/example_dags/example_display_name.py
[2025-01-30T09:21:50.450+0000] {processor.py:840} INFO - DAG(s) 'example_display_name' retrieved from /home/airflow/.local/lib/python3.12/site-packages/airflow/example_dags/example_display_name.py
[2025-01-30T09:21:50.469+0000] {logging_mixin.py:188} INFO - [2025-01-30T09:21:50.468+0000] {dag.py:3096} INFO - Sync 1 DAGs
[2025-01-30T09:21:50.483+0000] {logging_mixin.py:188} INFO - [2025-01-30T09:21:50.483+0000] {dag.py:3954} INFO - Setting next_dagrun for example_display_name to None, run_after=None
[2025-01-30T09:21:50.506+0000] {processor.py:183} INFO - Processing /home/airflow/.local/lib/python3.12/site-packages/airflow/example_dags/example_display_name.py took 0.071 seconds
[2025-01-30T09:22:20.555+0000] {processor.py:161} INFO - Started process (PID=343) to work on /home/airflow/.local/lib/python3.12/site-packages/airflow/example_dags/example_display_name.py
[2025-01-30T09:22:20.557+0000] {processor.py:830} INFO - Processing file /home/airflow/.local/lib/python3.12/site-packages/airflow/example_dags/example_display_name.py for tasks to queue
[2025-01-30T09:22:20.560+0000] {logging_mixin.py:188} INFO - [2025-01-30T09:22:20.559+0000] {dagbag.py:545} INFO - Filling up the DagBag from /home/airflow/.local/lib/python3.12/site-packages/airflow/example_dags/example_display_name.py
[2025-01-30T09:22:20.566+0000] {processor.py:840} INFO - DAG(s) 'example_display_name' retrieved from /home/airflow/.local/lib/python3.12/site-packages/airflow/example_dags/example_display_name.py
[2025-01-30T09:22:20.588+0000] {logging_mixin.py:188} INFO - [2025-01-30T09:22:20.587+0000] {dag.py:3096} INFO - Sync 1 DAGs
[2025-01-30T09:22:20.602+0000] {logging_mixin.py:188} INFO - [2025-01-30T09:22:20.602+0000] {dag.py:3954} INFO - Setting next_dagrun for example_display_name to None, run_after=None
[2025-01-30T09:22:20.627+0000] {processor.py:183} INFO - Processing /home/airflow/.local/lib/python3.12/site-packages/airflow/example_dags/example_display_name.py took 0.077 seconds
[2025-01-30T09:22:51.294+0000] {processor.py:161} INFO - Started process (PID=401) to work on /home/airflow/.local/lib/python3.12/site-packages/airflow/example_dags/example_display_name.py
[2025-01-30T09:22:51.295+0000] {processor.py:830} INFO - Processing file /home/airflow/.local/lib/python3.12/site-packages/airflow/example_dags/example_display_name.py for tasks to queue
[2025-01-30T09:22:51.298+0000] {logging_mixin.py:188} INFO - [2025-01-30T09:22:51.298+0000] {dagbag.py:545} INFO - Filling up the DagBag from /home/airflow/.local/lib/python3.12/site-packages/airflow/example_dags/example_display_name.py
[2025-01-30T09:22:51.304+0000] {processor.py:840} INFO - DAG(s) 'example_display_name' retrieved from /home/airflow/.local/lib/python3.12/site-packages/airflow/example_dags/example_display_name.py
[2025-01-30T09:22:51.325+0000] {logging_mixin.py:188} INFO - [2025-01-30T09:22:51.324+0000] {dag.py:3096} INFO - Sync 1 DAGs
[2025-01-30T09:22:51.339+0000] {logging_mixin.py:188} INFO - [2025-01-30T09:22:51.339+0000] {dag.py:3954} INFO - Setting next_dagrun for example_display_name to None, run_after=None
[2025-01-30T09:22:51.364+0000] {processor.py:183} INFO - Processing /home/airflow/.local/lib/python3.12/site-packages/airflow/example_dags/example_display_name.py took 0.075 seconds
[2025-01-30T09:23:21.875+0000] {processor.py:161} INFO - Started process (PID=459) to work on /home/airflow/.local/lib/python3.12/site-packages/airflow/example_dags/example_display_name.py
[2025-01-30T09:23:21.877+0000] {processor.py:830} INFO - Processing file /home/airflow/.local/lib/python3.12/site-packages/airflow/example_dags/example_display_name.py for tasks to queue
[2025-01-30T09:23:21.879+0000] {logging_mixin.py:188} INFO - [2025-01-30T09:23:21.879+0000] {dagbag.py:545} INFO - Filling up the DagBag from /home/airflow/.local/lib/python3.12/site-packages/airflow/example_dags/example_display_name.py
[2025-01-30T09:23:21.890+0000] {processor.py:840} INFO - DAG(s) 'example_display_name' retrieved from /home/airflow/.local/lib/python3.12/site-packages/airflow/example_dags/example_display_name.py
[2025-01-30T09:23:21.933+0000] {logging_mixin.py:188} INFO - [2025-01-30T09:23:21.933+0000] {dag.py:3096} INFO - Sync 1 DAGs
[2025-01-30T09:23:21.949+0000] {logging_mixin.py:188} INFO - [2025-01-30T09:23:21.949+0000] {dag.py:3954} INFO - Setting next_dagrun for example_display_name to None, run_after=None
[2025-01-30T09:23:21.974+0000] {processor.py:183} INFO - Processing /home/airflow/.local/lib/python3.12/site-packages/airflow/example_dags/example_display_name.py took 0.107 seconds
[2025-01-30T09:23:52.605+0000] {processor.py:161} INFO - Started process (PID=517) to work on /home/airflow/.local/lib/python3.12/site-packages/airflow/example_dags/example_display_name.py
[2025-01-30T09:23:52.607+0000] {processor.py:830} INFO - Processing file /home/airflow/.local/lib/python3.12/site-packages/airflow/example_dags/example_display_name.py for tasks to queue
[2025-01-30T09:23:52.609+0000] {logging_mixin.py:188} INFO - [2025-01-30T09:23:52.609+0000] {dagbag.py:545} INFO - Filling up the DagBag from /home/airflow/.local/lib/python3.12/site-packages/airflow/example_dags/example_display_name.py
[2025-01-30T09:23:52.616+0000] {processor.py:840} INFO - DAG(s) 'example_display_name' retrieved from /home/airflow/.local/lib/python3.12/site-packages/airflow/example_dags/example_display_name.py
[2025-01-30T09:23:52.643+0000] {logging_mixin.py:188} INFO - [2025-01-30T09:23:52.643+0000] {dag.py:3096} INFO - Sync 1 DAGs
[2025-01-30T09:23:52.658+0000] {logging_mixin.py:188} INFO - [2025-01-30T09:23:52.657+0000] {dag.py:3954} INFO - Setting next_dagrun for example_display_name to None, run_after=None
[2025-01-30T09:23:52.687+0000] {processor.py:183} INFO - Processing /home/airflow/.local/lib/python3.12/site-packages/airflow/example_dags/example_display_name.py took 0.096 seconds
[2025-01-30T09:24:22.989+0000] {processor.py:161} INFO - Started process (PID=575) to work on /home/airflow/.local/lib/python3.12/site-packages/airflow/example_dags/example_display_name.py
[2025-01-30T09:24:22.990+0000] {processor.py:830} INFO - Processing file /home/airflow/.local/lib/python3.12/site-packages/airflow/example_dags/example_display_name.py for tasks to queue
[2025-01-30T09:24:22.992+0000] {logging_mixin.py:188} INFO - [2025-01-30T09:24:22.992+0000] {dagbag.py:545} INFO - Filling up the DagBag from /home/airflow/.local/lib/python3.12/site-packages/airflow/example_dags/example_display_name.py
[2025-01-30T09:24:22.999+0000] {processor.py:840} INFO - DAG(s) 'example_display_name' retrieved from /home/airflow/.local/lib/python3.12/site-packages/airflow/example_dags/example_display_name.py
[2025-01-30T09:24:23.022+0000] {logging_mixin.py:188} INFO - [2025-01-30T09:24:23.022+0000] {dag.py:3096} INFO - Sync 1 DAGs
[2025-01-30T09:24:23.038+0000] {logging_mixin.py:188} INFO - [2025-01-30T09:24:23.038+0000] {dag.py:3954} INFO - Setting next_dagrun for example_display_name to None, run_after=None
[2025-01-30T09:24:23.062+0000] {processor.py:183} INFO - Processing /home/airflow/.local/lib/python3.12/site-packages/airflow/example_dags/example_display_name.py took 0.079 seconds
[2025-01-30T09:24:53.103+0000] {processor.py:161} INFO - Started process (PID=632) to work on /home/airflow/.local/lib/python3.12/site-packages/airflow/example_dags/example_display_name.py
[2025-01-30T09:24:53.104+0000] {processor.py:830} INFO - Processing file /home/airflow/.local/lib/python3.12/site-packages/airflow/example_dags/example_display_name.py for tasks to queue
[2025-01-30T09:24:53.106+0000] {logging_mixin.py:188} INFO - [2025-01-30T09:24:53.106+0000] {dagbag.py:545} INFO - Filling up the DagBag from /home/airflow/.local/lib/python3.12/site-packages/airflow/example_dags/example_display_name.py
[2025-01-30T09:24:53.111+0000] {processor.py:840} INFO - DAG(s) 'example_display_name' retrieved from /home/airflow/.local/lib/python3.12/site-packages/airflow/example_dags/example_display_name.py
[2025-01-30T09:24:53.132+0000] {logging_mixin.py:188} INFO - [2025-01-30T09:24:53.132+0000] {dag.py:3096} INFO - Sync 1 DAGs
[2025-01-30T09:24:53.149+0000] {logging_mixin.py:188} INFO - [2025-01-30T09:24:53.149+0000] {dag.py:3954} INFO - Setting next_dagrun for example_display_name to None, run_after=None
[2025-01-30T09:24:53.180+0000] {processor.py:183} INFO - Processing /home/airflow/.local/lib/python3.12/site-packages/airflow/example_dags/example_display_name.py took 0.082 seconds
[2025-01-30T09:25:23.258+0000] {processor.py:161} INFO - Started process (PID=690) to work on /home/airflow/.local/lib/python3.12/site-packages/airflow/example_dags/example_display_name.py
[2025-01-30T09:25:23.259+0000] {processor.py:830} INFO - Processing file /home/airflow/.local/lib/python3.12/site-packages/airflow/example_dags/example_display_name.py for tasks to queue
[2025-01-30T09:25:23.261+0000] {logging_mixin.py:188} INFO - [2025-01-30T09:25:23.260+0000] {dagbag.py:545} INFO - Filling up the DagBag from /home/airflow/.local/lib/python3.12/site-packages/airflow/example_dags/example_display_name.py
[2025-01-30T09:25:23.266+0000] {processor.py:840} INFO - DAG(s) 'example_display_name' retrieved from /home/airflow/.local/lib/python3.12/site-packages/airflow/example_dags/example_display_name.py
[2025-01-30T09:25:23.287+0000] {logging_mixin.py:188} INFO - [2025-01-30T09:25:23.287+0000] {dag.py:3096} INFO - Sync 1 DAGs
[2025-01-30T09:25:23.302+0000] {logging_mixin.py:188} INFO - [2025-01-30T09:25:23.301+0000] {dag.py:3954} INFO - Setting next_dagrun for example_display_name to None, run_after=None
[2025-01-30T09:25:23.327+0000] {processor.py:183} INFO - Processing /home/airflow/.local/lib/python3.12/site-packages/airflow/example_dags/example_display_name.py took 0.074 seconds
