[2025-01-30T08:43:52.848+0000] {processor.py:161} INFO - Started process (PID=91) to work on /home/airflow/.local/lib/python3.12/site-packages/airflow/example_dags/example_complex.py
[2025-01-30T08:43:52.849+0000] {processor.py:830} INFO - Processing file /home/airflow/.local/lib/python3.12/site-packages/airflow/example_dags/example_complex.py for tasks to queue
[2025-01-30T08:43:52.851+0000] {logging_mixin.py:188} INFO - [2025-01-30T08:43:52.851+0000] {dagbag.py:545} INFO - Filling up the DagBag from /home/airflow/.local/lib/python3.12/site-packages/airflow/example_dags/example_complex.py
[2025-01-30T08:43:52.865+0000] {processor.py:840} INFO - DAG(s) 'example_complex' retrieved from /home/airflow/.local/lib/python3.12/site-packages/airflow/example_dags/example_complex.py
[2025-01-30T08:43:52.992+0000] {logging_mixin.py:188} INFO - [2025-01-30T08:43:52.992+0000] {dag.py:3096} INFO - Sync 1 DAGs
[2025-01-30T08:43:53.004+0000] {logging_mixin.py:188} INFO - [2025-01-30T08:43:53.004+0000] {dag.py:3954} INFO - Setting next_dagrun for example_complex to None, run_after=None
[2025-01-30T08:43:53.031+0000] {processor.py:183} INFO - Processing /home/airflow/.local/lib/python3.12/site-packages/airflow/example_dags/example_complex.py took 0.188 seconds
[2025-01-30T08:44:23.461+0000] {processor.py:161} INFO - Started process (PID=149) to work on /home/airflow/.local/lib/python3.12/site-packages/airflow/example_dags/example_complex.py
[2025-01-30T08:44:23.463+0000] {processor.py:830} INFO - Processing file /home/airflow/.local/lib/python3.12/site-packages/airflow/example_dags/example_complex.py for tasks to queue
[2025-01-30T08:44:23.464+0000] {logging_mixin.py:188} INFO - [2025-01-30T08:44:23.464+0000] {dagbag.py:545} INFO - Filling up the DagBag from /home/airflow/.local/lib/python3.12/site-packages/airflow/example_dags/example_complex.py
[2025-01-30T08:44:23.474+0000] {processor.py:840} INFO - DAG(s) 'example_complex' retrieved from /home/airflow/.local/lib/python3.12/site-packages/airflow/example_dags/example_complex.py
[2025-01-30T08:44:23.506+0000] {logging_mixin.py:188} INFO - [2025-01-30T08:44:23.505+0000] {dag.py:3096} INFO - Sync 1 DAGs
[2025-01-30T08:44:23.519+0000] {logging_mixin.py:188} INFO - [2025-01-30T08:44:23.519+0000] {dag.py:3954} INFO - Setting next_dagrun for example_complex to None, run_after=None
[2025-01-30T08:44:23.542+0000] {processor.py:183} INFO - Processing /home/airflow/.local/lib/python3.12/site-packages/airflow/example_dags/example_complex.py took 0.085 seconds
[2025-01-30T08:44:53.749+0000] {processor.py:161} INFO - Started process (PID=207) to work on /home/airflow/.local/lib/python3.12/site-packages/airflow/example_dags/example_complex.py
[2025-01-30T08:44:53.751+0000] {processor.py:830} INFO - Processing file /home/airflow/.local/lib/python3.12/site-packages/airflow/example_dags/example_complex.py for tasks to queue
[2025-01-30T08:44:53.753+0000] {logging_mixin.py:188} INFO - [2025-01-30T08:44:53.752+0000] {dagbag.py:545} INFO - Filling up the DagBag from /home/airflow/.local/lib/python3.12/site-packages/airflow/example_dags/example_complex.py
[2025-01-30T08:44:53.765+0000] {processor.py:840} INFO - DAG(s) 'example_complex' retrieved from /home/airflow/.local/lib/python3.12/site-packages/airflow/example_dags/example_complex.py
[2025-01-30T08:44:53.807+0000] {logging_mixin.py:188} INFO - [2025-01-30T08:44:53.806+0000] {dag.py:3096} INFO - Sync 1 DAGs
[2025-01-30T08:44:53.832+0000] {logging_mixin.py:188} INFO - [2025-01-30T08:44:53.832+0000] {dag.py:3954} INFO - Setting next_dagrun for example_complex to None, run_after=None
[2025-01-30T08:44:53.888+0000] {processor.py:183} INFO - Processing /home/airflow/.local/lib/python3.12/site-packages/airflow/example_dags/example_complex.py took 0.145 seconds
[2025-01-30T08:45:24.048+0000] {processor.py:161} INFO - Started process (PID=265) to work on /home/airflow/.local/lib/python3.12/site-packages/airflow/example_dags/example_complex.py
[2025-01-30T08:45:24.050+0000] {processor.py:830} INFO - Processing file /home/airflow/.local/lib/python3.12/site-packages/airflow/example_dags/example_complex.py for tasks to queue
[2025-01-30T08:45:24.052+0000] {logging_mixin.py:188} INFO - [2025-01-30T08:45:24.051+0000] {dagbag.py:545} INFO - Filling up the DagBag from /home/airflow/.local/lib/python3.12/site-packages/airflow/example_dags/example_complex.py
[2025-01-30T08:45:24.061+0000] {processor.py:840} INFO - DAG(s) 'example_complex' retrieved from /home/airflow/.local/lib/python3.12/site-packages/airflow/example_dags/example_complex.py
[2025-01-30T08:45:24.100+0000] {logging_mixin.py:188} INFO - [2025-01-30T08:45:24.099+0000] {dag.py:3096} INFO - Sync 1 DAGs
[2025-01-30T08:45:24.112+0000] {logging_mixin.py:188} INFO - [2025-01-30T08:45:24.112+0000] {dag.py:3954} INFO - Setting next_dagrun for example_complex to None, run_after=None
[2025-01-30T08:45:24.136+0000] {processor.py:183} INFO - Processing /home/airflow/.local/lib/python3.12/site-packages/airflow/example_dags/example_complex.py took 0.093 seconds
[2025-01-30T08:45:55.014+0000] {processor.py:161} INFO - Started process (PID=323) to work on /home/airflow/.local/lib/python3.12/site-packages/airflow/example_dags/example_complex.py
[2025-01-30T08:45:55.016+0000] {processor.py:830} INFO - Processing file /home/airflow/.local/lib/python3.12/site-packages/airflow/example_dags/example_complex.py for tasks to queue
[2025-01-30T08:45:55.018+0000] {logging_mixin.py:188} INFO - [2025-01-30T08:45:55.017+0000] {dagbag.py:545} INFO - Filling up the DagBag from /home/airflow/.local/lib/python3.12/site-packages/airflow/example_dags/example_complex.py
[2025-01-30T08:45:55.027+0000] {processor.py:840} INFO - DAG(s) 'example_complex' retrieved from /home/airflow/.local/lib/python3.12/site-packages/airflow/example_dags/example_complex.py
[2025-01-30T08:45:55.059+0000] {logging_mixin.py:188} INFO - [2025-01-30T08:45:55.058+0000] {dag.py:3096} INFO - Sync 1 DAGs
[2025-01-30T08:45:55.072+0000] {logging_mixin.py:188} INFO - [2025-01-30T08:45:55.072+0000] {dag.py:3954} INFO - Setting next_dagrun for example_complex to None, run_after=None
[2025-01-30T08:45:55.098+0000] {processor.py:183} INFO - Processing /home/airflow/.local/lib/python3.12/site-packages/airflow/example_dags/example_complex.py took 0.089 seconds
[2025-01-30T08:46:25.538+0000] {processor.py:161} INFO - Started process (PID=380) to work on /home/airflow/.local/lib/python3.12/site-packages/airflow/example_dags/example_complex.py
[2025-01-30T08:46:25.540+0000] {processor.py:830} INFO - Processing file /home/airflow/.local/lib/python3.12/site-packages/airflow/example_dags/example_complex.py for tasks to queue
[2025-01-30T08:46:25.542+0000] {logging_mixin.py:188} INFO - [2025-01-30T08:46:25.542+0000] {dagbag.py:545} INFO - Filling up the DagBag from /home/airflow/.local/lib/python3.12/site-packages/airflow/example_dags/example_complex.py
[2025-01-30T08:46:25.552+0000] {processor.py:840} INFO - DAG(s) 'example_complex' retrieved from /home/airflow/.local/lib/python3.12/site-packages/airflow/example_dags/example_complex.py
[2025-01-30T08:46:25.587+0000] {logging_mixin.py:188} INFO - [2025-01-30T08:46:25.587+0000] {dag.py:3096} INFO - Sync 1 DAGs
[2025-01-30T08:46:25.602+0000] {logging_mixin.py:188} INFO - [2025-01-30T08:46:25.602+0000] {dag.py:3954} INFO - Setting next_dagrun for example_complex to None, run_after=None
[2025-01-30T08:46:25.632+0000] {processor.py:183} INFO - Processing /home/airflow/.local/lib/python3.12/site-packages/airflow/example_dags/example_complex.py took 0.098 seconds
[2025-01-30T08:46:55.966+0000] {processor.py:161} INFO - Started process (PID=438) to work on /home/airflow/.local/lib/python3.12/site-packages/airflow/example_dags/example_complex.py
[2025-01-30T08:46:55.967+0000] {processor.py:830} INFO - Processing file /home/airflow/.local/lib/python3.12/site-packages/airflow/example_dags/example_complex.py for tasks to queue
[2025-01-30T08:46:55.970+0000] {logging_mixin.py:188} INFO - [2025-01-30T08:46:55.970+0000] {dagbag.py:545} INFO - Filling up the DagBag from /home/airflow/.local/lib/python3.12/site-packages/airflow/example_dags/example_complex.py
[2025-01-30T08:46:55.980+0000] {processor.py:840} INFO - DAG(s) 'example_complex' retrieved from /home/airflow/.local/lib/python3.12/site-packages/airflow/example_dags/example_complex.py
[2025-01-30T08:46:56.013+0000] {logging_mixin.py:188} INFO - [2025-01-30T08:46:56.013+0000] {dag.py:3096} INFO - Sync 1 DAGs
[2025-01-30T08:46:56.027+0000] {logging_mixin.py:188} INFO - [2025-01-30T08:46:56.026+0000] {dag.py:3954} INFO - Setting next_dagrun for example_complex to None, run_after=None
[2025-01-30T08:46:56.052+0000] {processor.py:183} INFO - Processing /home/airflow/.local/lib/python3.12/site-packages/airflow/example_dags/example_complex.py took 0.090 seconds
[2025-01-30T08:47:26.467+0000] {processor.py:161} INFO - Started process (PID=496) to work on /home/airflow/.local/lib/python3.12/site-packages/airflow/example_dags/example_complex.py
[2025-01-30T08:47:26.468+0000] {processor.py:830} INFO - Processing file /home/airflow/.local/lib/python3.12/site-packages/airflow/example_dags/example_complex.py for tasks to queue
[2025-01-30T08:47:26.471+0000] {logging_mixin.py:188} INFO - [2025-01-30T08:47:26.470+0000] {dagbag.py:545} INFO - Filling up the DagBag from /home/airflow/.local/lib/python3.12/site-packages/airflow/example_dags/example_complex.py
[2025-01-30T08:47:26.480+0000] {processor.py:840} INFO - DAG(s) 'example_complex' retrieved from /home/airflow/.local/lib/python3.12/site-packages/airflow/example_dags/example_complex.py
[2025-01-30T08:47:26.516+0000] {logging_mixin.py:188} INFO - [2025-01-30T08:47:26.516+0000] {dag.py:3096} INFO - Sync 1 DAGs
[2025-01-30T08:47:26.530+0000] {logging_mixin.py:188} INFO - [2025-01-30T08:47:26.530+0000] {dag.py:3954} INFO - Setting next_dagrun for example_complex to None, run_after=None
[2025-01-30T08:47:26.556+0000] {processor.py:183} INFO - Processing /home/airflow/.local/lib/python3.12/site-packages/airflow/example_dags/example_complex.py took 0.093 seconds
[2025-01-30T08:47:56.930+0000] {processor.py:161} INFO - Started process (PID=554) to work on /home/airflow/.local/lib/python3.12/site-packages/airflow/example_dags/example_complex.py
[2025-01-30T08:47:56.932+0000] {processor.py:830} INFO - Processing file /home/airflow/.local/lib/python3.12/site-packages/airflow/example_dags/example_complex.py for tasks to queue
[2025-01-30T08:47:56.934+0000] {logging_mixin.py:188} INFO - [2025-01-30T08:47:56.934+0000] {dagbag.py:545} INFO - Filling up the DagBag from /home/airflow/.local/lib/python3.12/site-packages/airflow/example_dags/example_complex.py
[2025-01-30T08:47:56.944+0000] {processor.py:840} INFO - DAG(s) 'example_complex' retrieved from /home/airflow/.local/lib/python3.12/site-packages/airflow/example_dags/example_complex.py
[2025-01-30T08:47:56.983+0000] {logging_mixin.py:188} INFO - [2025-01-30T08:47:56.982+0000] {dag.py:3096} INFO - Sync 1 DAGs
[2025-01-30T08:47:56.999+0000] {logging_mixin.py:188} INFO - [2025-01-30T08:47:56.999+0000] {dag.py:3954} INFO - Setting next_dagrun for example_complex to None, run_after=None
[2025-01-30T08:47:57.025+0000] {processor.py:183} INFO - Processing /home/airflow/.local/lib/python3.12/site-packages/airflow/example_dags/example_complex.py took 0.100 seconds
[2025-01-30T08:48:27.071+0000] {processor.py:161} INFO - Started process (PID=611) to work on /home/airflow/.local/lib/python3.12/site-packages/airflow/example_dags/example_complex.py
[2025-01-30T08:48:27.072+0000] {processor.py:830} INFO - Processing file /home/airflow/.local/lib/python3.12/site-packages/airflow/example_dags/example_complex.py for tasks to queue
[2025-01-30T08:48:27.074+0000] {logging_mixin.py:188} INFO - [2025-01-30T08:48:27.073+0000] {dagbag.py:545} INFO - Filling up the DagBag from /home/airflow/.local/lib/python3.12/site-packages/airflow/example_dags/example_complex.py
[2025-01-30T08:48:27.084+0000] {processor.py:840} INFO - DAG(s) 'example_complex' retrieved from /home/airflow/.local/lib/python3.12/site-packages/airflow/example_dags/example_complex.py
[2025-01-30T08:48:27.117+0000] {logging_mixin.py:188} INFO - [2025-01-30T08:48:27.116+0000] {dag.py:3096} INFO - Sync 1 DAGs
[2025-01-30T08:48:27.130+0000] {logging_mixin.py:188} INFO - [2025-01-30T08:48:27.130+0000] {dag.py:3954} INFO - Setting next_dagrun for example_complex to None, run_after=None
[2025-01-30T08:48:27.157+0000] {processor.py:183} INFO - Processing /home/airflow/.local/lib/python3.12/site-packages/airflow/example_dags/example_complex.py took 0.091 seconds
[2025-01-30T08:48:57.233+0000] {processor.py:161} INFO - Started process (PID=669) to work on /home/airflow/.local/lib/python3.12/site-packages/airflow/example_dags/example_complex.py
[2025-01-30T08:48:57.234+0000] {processor.py:830} INFO - Processing file /home/airflow/.local/lib/python3.12/site-packages/airflow/example_dags/example_complex.py for tasks to queue
[2025-01-30T08:48:57.236+0000] {logging_mixin.py:188} INFO - [2025-01-30T08:48:57.236+0000] {dagbag.py:545} INFO - Filling up the DagBag from /home/airflow/.local/lib/python3.12/site-packages/airflow/example_dags/example_complex.py
[2025-01-30T08:48:57.247+0000] {processor.py:840} INFO - DAG(s) 'example_complex' retrieved from /home/airflow/.local/lib/python3.12/site-packages/airflow/example_dags/example_complex.py
[2025-01-30T08:48:57.282+0000] {logging_mixin.py:188} INFO - [2025-01-30T08:48:57.282+0000] {dag.py:3096} INFO - Sync 1 DAGs
[2025-01-30T08:48:57.295+0000] {logging_mixin.py:188} INFO - [2025-01-30T08:48:57.295+0000] {dag.py:3954} INFO - Setting next_dagrun for example_complex to None, run_after=None
[2025-01-30T08:48:57.318+0000] {processor.py:183} INFO - Processing /home/airflow/.local/lib/python3.12/site-packages/airflow/example_dags/example_complex.py took 0.089 seconds
[2025-01-30T08:49:27.692+0000] {processor.py:161} INFO - Started process (PID=727) to work on /home/airflow/.local/lib/python3.12/site-packages/airflow/example_dags/example_complex.py
[2025-01-30T08:49:27.693+0000] {processor.py:830} INFO - Processing file /home/airflow/.local/lib/python3.12/site-packages/airflow/example_dags/example_complex.py for tasks to queue
[2025-01-30T08:49:27.695+0000] {logging_mixin.py:188} INFO - [2025-01-30T08:49:27.695+0000] {dagbag.py:545} INFO - Filling up the DagBag from /home/airflow/.local/lib/python3.12/site-packages/airflow/example_dags/example_complex.py
[2025-01-30T08:49:27.705+0000] {processor.py:840} INFO - DAG(s) 'example_complex' retrieved from /home/airflow/.local/lib/python3.12/site-packages/airflow/example_dags/example_complex.py
[2025-01-30T08:49:27.738+0000] {logging_mixin.py:188} INFO - [2025-01-30T08:49:27.738+0000] {dag.py:3096} INFO - Sync 1 DAGs
[2025-01-30T08:49:27.752+0000] {logging_mixin.py:188} INFO - [2025-01-30T08:49:27.752+0000] {dag.py:3954} INFO - Setting next_dagrun for example_complex to None, run_after=None
[2025-01-30T08:49:27.783+0000] {processor.py:183} INFO - Processing /home/airflow/.local/lib/python3.12/site-packages/airflow/example_dags/example_complex.py took 0.096 seconds
[2025-01-30T08:49:58.007+0000] {processor.py:161} INFO - Started process (PID=785) to work on /home/airflow/.local/lib/python3.12/site-packages/airflow/example_dags/example_complex.py
[2025-01-30T08:49:58.008+0000] {processor.py:830} INFO - Processing file /home/airflow/.local/lib/python3.12/site-packages/airflow/example_dags/example_complex.py for tasks to queue
[2025-01-30T08:49:58.010+0000] {logging_mixin.py:188} INFO - [2025-01-30T08:49:58.010+0000] {dagbag.py:545} INFO - Filling up the DagBag from /home/airflow/.local/lib/python3.12/site-packages/airflow/example_dags/example_complex.py
[2025-01-30T08:49:58.019+0000] {processor.py:840} INFO - DAG(s) 'example_complex' retrieved from /home/airflow/.local/lib/python3.12/site-packages/airflow/example_dags/example_complex.py
[2025-01-30T08:49:58.054+0000] {logging_mixin.py:188} INFO - [2025-01-30T08:49:58.054+0000] {dag.py:3096} INFO - Sync 1 DAGs
[2025-01-30T08:49:58.067+0000] {logging_mixin.py:188} INFO - [2025-01-30T08:49:58.067+0000] {dag.py:3954} INFO - Setting next_dagrun for example_complex to None, run_after=None
[2025-01-30T08:49:58.090+0000] {processor.py:183} INFO - Processing /home/airflow/.local/lib/python3.12/site-packages/airflow/example_dags/example_complex.py took 0.087 seconds
[2025-01-30T08:50:28.488+0000] {processor.py:161} INFO - Started process (PID=843) to work on /home/airflow/.local/lib/python3.12/site-packages/airflow/example_dags/example_complex.py
[2025-01-30T08:50:28.489+0000] {processor.py:830} INFO - Processing file /home/airflow/.local/lib/python3.12/site-packages/airflow/example_dags/example_complex.py for tasks to queue
[2025-01-30T08:50:28.491+0000] {logging_mixin.py:188} INFO - [2025-01-30T08:50:28.491+0000] {dagbag.py:545} INFO - Filling up the DagBag from /home/airflow/.local/lib/python3.12/site-packages/airflow/example_dags/example_complex.py
[2025-01-30T08:50:28.502+0000] {processor.py:840} INFO - DAG(s) 'example_complex' retrieved from /home/airflow/.local/lib/python3.12/site-packages/airflow/example_dags/example_complex.py
[2025-01-30T08:50:28.535+0000] {logging_mixin.py:188} INFO - [2025-01-30T08:50:28.535+0000] {dag.py:3096} INFO - Sync 1 DAGs
[2025-01-30T08:50:28.548+0000] {logging_mixin.py:188} INFO - [2025-01-30T08:50:28.547+0000] {dag.py:3954} INFO - Setting next_dagrun for example_complex to None, run_after=None
[2025-01-30T08:50:28.574+0000] {processor.py:183} INFO - Processing /home/airflow/.local/lib/python3.12/site-packages/airflow/example_dags/example_complex.py took 0.091 seconds
[2025-01-30T08:50:59.048+0000] {processor.py:161} INFO - Started process (PID=901) to work on /home/airflow/.local/lib/python3.12/site-packages/airflow/example_dags/example_complex.py
[2025-01-30T08:50:59.050+0000] {processor.py:830} INFO - Processing file /home/airflow/.local/lib/python3.12/site-packages/airflow/example_dags/example_complex.py for tasks to queue
[2025-01-30T08:50:59.052+0000] {logging_mixin.py:188} INFO - [2025-01-30T08:50:59.051+0000] {dagbag.py:545} INFO - Filling up the DagBag from /home/airflow/.local/lib/python3.12/site-packages/airflow/example_dags/example_complex.py
[2025-01-30T08:50:59.061+0000] {processor.py:840} INFO - DAG(s) 'example_complex' retrieved from /home/airflow/.local/lib/python3.12/site-packages/airflow/example_dags/example_complex.py
[2025-01-30T08:50:59.097+0000] {logging_mixin.py:188} INFO - [2025-01-30T08:50:59.096+0000] {dag.py:3096} INFO - Sync 1 DAGs
[2025-01-30T08:50:59.109+0000] {logging_mixin.py:188} INFO - [2025-01-30T08:50:59.109+0000] {dag.py:3954} INFO - Setting next_dagrun for example_complex to None, run_after=None
[2025-01-30T08:50:59.136+0000] {processor.py:183} INFO - Processing /home/airflow/.local/lib/python3.12/site-packages/airflow/example_dags/example_complex.py took 0.092 seconds
[2025-01-30T08:51:29.319+0000] {processor.py:161} INFO - Started process (PID=959) to work on /home/airflow/.local/lib/python3.12/site-packages/airflow/example_dags/example_complex.py
[2025-01-30T08:51:29.320+0000] {processor.py:830} INFO - Processing file /home/airflow/.local/lib/python3.12/site-packages/airflow/example_dags/example_complex.py for tasks to queue
[2025-01-30T08:51:29.322+0000] {logging_mixin.py:188} INFO - [2025-01-30T08:51:29.322+0000] {dagbag.py:545} INFO - Filling up the DagBag from /home/airflow/.local/lib/python3.12/site-packages/airflow/example_dags/example_complex.py
[2025-01-30T08:51:29.336+0000] {processor.py:840} INFO - DAG(s) 'example_complex' retrieved from /home/airflow/.local/lib/python3.12/site-packages/airflow/example_dags/example_complex.py
[2025-01-30T08:51:29.369+0000] {logging_mixin.py:188} INFO - [2025-01-30T08:51:29.369+0000] {dag.py:3096} INFO - Sync 1 DAGs
[2025-01-30T08:51:29.385+0000] {logging_mixin.py:188} INFO - [2025-01-30T08:51:29.384+0000] {dag.py:3954} INFO - Setting next_dagrun for example_complex to None, run_after=None
[2025-01-30T08:51:29.414+0000] {processor.py:183} INFO - Processing /home/airflow/.local/lib/python3.12/site-packages/airflow/example_dags/example_complex.py took 0.100 seconds
[2025-01-30T08:51:59.655+0000] {processor.py:161} INFO - Started process (PID=1017) to work on /home/airflow/.local/lib/python3.12/site-packages/airflow/example_dags/example_complex.py
[2025-01-30T08:51:59.656+0000] {processor.py:830} INFO - Processing file /home/airflow/.local/lib/python3.12/site-packages/airflow/example_dags/example_complex.py for tasks to queue
[2025-01-30T08:51:59.659+0000] {logging_mixin.py:188} INFO - [2025-01-30T08:51:59.659+0000] {dagbag.py:545} INFO - Filling up the DagBag from /home/airflow/.local/lib/python3.12/site-packages/airflow/example_dags/example_complex.py
[2025-01-30T08:51:59.669+0000] {processor.py:840} INFO - DAG(s) 'example_complex' retrieved from /home/airflow/.local/lib/python3.12/site-packages/airflow/example_dags/example_complex.py
[2025-01-30T08:51:59.705+0000] {logging_mixin.py:188} INFO - [2025-01-30T08:51:59.704+0000] {dag.py:3096} INFO - Sync 1 DAGs
[2025-01-30T08:51:59.718+0000] {logging_mixin.py:188} INFO - [2025-01-30T08:51:59.718+0000] {dag.py:3954} INFO - Setting next_dagrun for example_complex to None, run_after=None
[2025-01-30T08:51:59.750+0000] {processor.py:183} INFO - Processing /home/airflow/.local/lib/python3.12/site-packages/airflow/example_dags/example_complex.py took 0.100 seconds
[2025-01-30T08:52:30.024+0000] {processor.py:161} INFO - Started process (PID=1075) to work on /home/airflow/.local/lib/python3.12/site-packages/airflow/example_dags/example_complex.py
[2025-01-30T08:52:30.026+0000] {processor.py:830} INFO - Processing file /home/airflow/.local/lib/python3.12/site-packages/airflow/example_dags/example_complex.py for tasks to queue
[2025-01-30T08:52:30.027+0000] {logging_mixin.py:188} INFO - [2025-01-30T08:52:30.027+0000] {dagbag.py:545} INFO - Filling up the DagBag from /home/airflow/.local/lib/python3.12/site-packages/airflow/example_dags/example_complex.py
[2025-01-30T08:52:30.037+0000] {processor.py:840} INFO - DAG(s) 'example_complex' retrieved from /home/airflow/.local/lib/python3.12/site-packages/airflow/example_dags/example_complex.py
[2025-01-30T08:52:30.073+0000] {logging_mixin.py:188} INFO - [2025-01-30T08:52:30.072+0000] {dag.py:3096} INFO - Sync 1 DAGs
[2025-01-30T08:52:30.088+0000] {logging_mixin.py:188} INFO - [2025-01-30T08:52:30.088+0000] {dag.py:3954} INFO - Setting next_dagrun for example_complex to None, run_after=None
[2025-01-30T08:52:30.116+0000] {processor.py:183} INFO - Processing /home/airflow/.local/lib/python3.12/site-packages/airflow/example_dags/example_complex.py took 0.097 seconds
[2025-01-30T08:53:00.568+0000] {processor.py:161} INFO - Started process (PID=1133) to work on /home/airflow/.local/lib/python3.12/site-packages/airflow/example_dags/example_complex.py
[2025-01-30T08:53:00.569+0000] {processor.py:830} INFO - Processing file /home/airflow/.local/lib/python3.12/site-packages/airflow/example_dags/example_complex.py for tasks to queue
[2025-01-30T08:53:00.571+0000] {logging_mixin.py:188} INFO - [2025-01-30T08:53:00.570+0000] {dagbag.py:545} INFO - Filling up the DagBag from /home/airflow/.local/lib/python3.12/site-packages/airflow/example_dags/example_complex.py
[2025-01-30T08:53:00.579+0000] {processor.py:840} INFO - DAG(s) 'example_complex' retrieved from /home/airflow/.local/lib/python3.12/site-packages/airflow/example_dags/example_complex.py
[2025-01-30T08:53:00.611+0000] {logging_mixin.py:188} INFO - [2025-01-30T08:53:00.611+0000] {dag.py:3096} INFO - Sync 1 DAGs
[2025-01-30T08:53:00.624+0000] {logging_mixin.py:188} INFO - [2025-01-30T08:53:00.623+0000] {dag.py:3954} INFO - Setting next_dagrun for example_complex to None, run_after=None
[2025-01-30T08:53:00.647+0000] {processor.py:183} INFO - Processing /home/airflow/.local/lib/python3.12/site-packages/airflow/example_dags/example_complex.py took 0.084 seconds
[2025-01-30T08:53:30.766+0000] {processor.py:161} INFO - Started process (PID=1191) to work on /home/airflow/.local/lib/python3.12/site-packages/airflow/example_dags/example_complex.py
[2025-01-30T08:53:30.767+0000] {processor.py:830} INFO - Processing file /home/airflow/.local/lib/python3.12/site-packages/airflow/example_dags/example_complex.py for tasks to queue
[2025-01-30T08:53:30.769+0000] {logging_mixin.py:188} INFO - [2025-01-30T08:53:30.768+0000] {dagbag.py:545} INFO - Filling up the DagBag from /home/airflow/.local/lib/python3.12/site-packages/airflow/example_dags/example_complex.py
[2025-01-30T08:53:30.778+0000] {processor.py:840} INFO - DAG(s) 'example_complex' retrieved from /home/airflow/.local/lib/python3.12/site-packages/airflow/example_dags/example_complex.py
[2025-01-30T08:53:30.811+0000] {logging_mixin.py:188} INFO - [2025-01-30T08:53:30.811+0000] {dag.py:3096} INFO - Sync 1 DAGs
[2025-01-30T08:53:30.824+0000] {logging_mixin.py:188} INFO - [2025-01-30T08:53:30.824+0000] {dag.py:3954} INFO - Setting next_dagrun for example_complex to None, run_after=None
[2025-01-30T08:53:30.852+0000] {processor.py:183} INFO - Processing /home/airflow/.local/lib/python3.12/site-packages/airflow/example_dags/example_complex.py took 0.091 seconds
[2025-01-30T08:54:01.137+0000] {processor.py:161} INFO - Started process (PID=1249) to work on /home/airflow/.local/lib/python3.12/site-packages/airflow/example_dags/example_complex.py
[2025-01-30T08:54:01.138+0000] {processor.py:830} INFO - Processing file /home/airflow/.local/lib/python3.12/site-packages/airflow/example_dags/example_complex.py for tasks to queue
[2025-01-30T08:54:01.140+0000] {logging_mixin.py:188} INFO - [2025-01-30T08:54:01.140+0000] {dagbag.py:545} INFO - Filling up the DagBag from /home/airflow/.local/lib/python3.12/site-packages/airflow/example_dags/example_complex.py
[2025-01-30T08:54:01.150+0000] {processor.py:840} INFO - DAG(s) 'example_complex' retrieved from /home/airflow/.local/lib/python3.12/site-packages/airflow/example_dags/example_complex.py
[2025-01-30T08:54:01.185+0000] {logging_mixin.py:188} INFO - [2025-01-30T08:54:01.184+0000] {dag.py:3096} INFO - Sync 1 DAGs
[2025-01-30T08:54:01.201+0000] {logging_mixin.py:188} INFO - [2025-01-30T08:54:01.201+0000] {dag.py:3954} INFO - Setting next_dagrun for example_complex to None, run_after=None
[2025-01-30T08:54:01.228+0000] {processor.py:183} INFO - Processing /home/airflow/.local/lib/python3.12/site-packages/airflow/example_dags/example_complex.py took 0.096 seconds
[2025-01-30T08:54:31.719+0000] {processor.py:161} INFO - Started process (PID=1307) to work on /home/airflow/.local/lib/python3.12/site-packages/airflow/example_dags/example_complex.py
[2025-01-30T08:54:31.720+0000] {processor.py:830} INFO - Processing file /home/airflow/.local/lib/python3.12/site-packages/airflow/example_dags/example_complex.py for tasks to queue
[2025-01-30T08:54:31.721+0000] {logging_mixin.py:188} INFO - [2025-01-30T08:54:31.721+0000] {dagbag.py:545} INFO - Filling up the DagBag from /home/airflow/.local/lib/python3.12/site-packages/airflow/example_dags/example_complex.py
[2025-01-30T08:54:31.732+0000] {processor.py:840} INFO - DAG(s) 'example_complex' retrieved from /home/airflow/.local/lib/python3.12/site-packages/airflow/example_dags/example_complex.py
[2025-01-30T08:54:31.766+0000] {logging_mixin.py:188} INFO - [2025-01-30T08:54:31.766+0000] {dag.py:3096} INFO - Sync 1 DAGs
[2025-01-30T08:54:31.781+0000] {logging_mixin.py:188} INFO - [2025-01-30T08:54:31.780+0000] {dag.py:3954} INFO - Setting next_dagrun for example_complex to None, run_after=None
[2025-01-30T08:54:31.806+0000] {processor.py:183} INFO - Processing /home/airflow/.local/lib/python3.12/site-packages/airflow/example_dags/example_complex.py took 0.092 seconds
[2025-01-30T08:55:02.831+0000] {processor.py:161} INFO - Started process (PID=1365) to work on /home/airflow/.local/lib/python3.12/site-packages/airflow/example_dags/example_complex.py
[2025-01-30T08:55:02.832+0000] {processor.py:830} INFO - Processing file /home/airflow/.local/lib/python3.12/site-packages/airflow/example_dags/example_complex.py for tasks to queue
[2025-01-30T08:55:02.834+0000] {logging_mixin.py:188} INFO - [2025-01-30T08:55:02.834+0000] {dagbag.py:545} INFO - Filling up the DagBag from /home/airflow/.local/lib/python3.12/site-packages/airflow/example_dags/example_complex.py
[2025-01-30T08:55:02.844+0000] {processor.py:840} INFO - DAG(s) 'example_complex' retrieved from /home/airflow/.local/lib/python3.12/site-packages/airflow/example_dags/example_complex.py
[2025-01-30T08:55:02.879+0000] {logging_mixin.py:188} INFO - [2025-01-30T08:55:02.878+0000] {dag.py:3096} INFO - Sync 1 DAGs
[2025-01-30T08:55:02.891+0000] {logging_mixin.py:188} INFO - [2025-01-30T08:55:02.891+0000] {dag.py:3954} INFO - Setting next_dagrun for example_complex to None, run_after=None
[2025-01-30T08:55:02.915+0000] {processor.py:183} INFO - Processing /home/airflow/.local/lib/python3.12/site-packages/airflow/example_dags/example_complex.py took 0.089 seconds
[2025-01-30T08:55:33.009+0000] {processor.py:161} INFO - Started process (PID=1423) to work on /home/airflow/.local/lib/python3.12/site-packages/airflow/example_dags/example_complex.py
[2025-01-30T08:55:33.010+0000] {processor.py:830} INFO - Processing file /home/airflow/.local/lib/python3.12/site-packages/airflow/example_dags/example_complex.py for tasks to queue
[2025-01-30T08:55:33.011+0000] {logging_mixin.py:188} INFO - [2025-01-30T08:55:33.011+0000] {dagbag.py:545} INFO - Filling up the DagBag from /home/airflow/.local/lib/python3.12/site-packages/airflow/example_dags/example_complex.py
[2025-01-30T08:55:33.021+0000] {processor.py:840} INFO - DAG(s) 'example_complex' retrieved from /home/airflow/.local/lib/python3.12/site-packages/airflow/example_dags/example_complex.py
[2025-01-30T08:55:33.054+0000] {logging_mixin.py:188} INFO - [2025-01-30T08:55:33.054+0000] {dag.py:3096} INFO - Sync 1 DAGs
[2025-01-30T08:55:33.068+0000] {logging_mixin.py:188} INFO - [2025-01-30T08:55:33.067+0000] {dag.py:3954} INFO - Setting next_dagrun for example_complex to None, run_after=None
[2025-01-30T08:55:33.092+0000] {processor.py:183} INFO - Processing /home/airflow/.local/lib/python3.12/site-packages/airflow/example_dags/example_complex.py took 0.088 seconds
[2025-01-30T08:56:03.177+0000] {processor.py:161} INFO - Started process (PID=1481) to work on /home/airflow/.local/lib/python3.12/site-packages/airflow/example_dags/example_complex.py
[2025-01-30T08:56:03.179+0000] {processor.py:830} INFO - Processing file /home/airflow/.local/lib/python3.12/site-packages/airflow/example_dags/example_complex.py for tasks to queue
[2025-01-30T08:56:03.181+0000] {logging_mixin.py:188} INFO - [2025-01-30T08:56:03.181+0000] {dagbag.py:545} INFO - Filling up the DagBag from /home/airflow/.local/lib/python3.12/site-packages/airflow/example_dags/example_complex.py
[2025-01-30T08:56:03.195+0000] {processor.py:840} INFO - DAG(s) 'example_complex' retrieved from /home/airflow/.local/lib/python3.12/site-packages/airflow/example_dags/example_complex.py
[2025-01-30T08:56:03.231+0000] {logging_mixin.py:188} INFO - [2025-01-30T08:56:03.231+0000] {dag.py:3096} INFO - Sync 1 DAGs
[2025-01-30T08:56:03.245+0000] {logging_mixin.py:188} INFO - [2025-01-30T08:56:03.244+0000] {dag.py:3954} INFO - Setting next_dagrun for example_complex to None, run_after=None
[2025-01-30T08:56:03.269+0000] {processor.py:183} INFO - Processing /home/airflow/.local/lib/python3.12/site-packages/airflow/example_dags/example_complex.py took 0.097 seconds
[2025-01-30T08:56:33.364+0000] {processor.py:161} INFO - Started process (PID=1539) to work on /home/airflow/.local/lib/python3.12/site-packages/airflow/example_dags/example_complex.py
[2025-01-30T08:56:33.365+0000] {processor.py:830} INFO - Processing file /home/airflow/.local/lib/python3.12/site-packages/airflow/example_dags/example_complex.py for tasks to queue
[2025-01-30T08:56:33.367+0000] {logging_mixin.py:188} INFO - [2025-01-30T08:56:33.367+0000] {dagbag.py:545} INFO - Filling up the DagBag from /home/airflow/.local/lib/python3.12/site-packages/airflow/example_dags/example_complex.py
[2025-01-30T08:56:33.377+0000] {processor.py:840} INFO - DAG(s) 'example_complex' retrieved from /home/airflow/.local/lib/python3.12/site-packages/airflow/example_dags/example_complex.py
[2025-01-30T08:56:33.412+0000] {logging_mixin.py:188} INFO - [2025-01-30T08:56:33.411+0000] {dag.py:3096} INFO - Sync 1 DAGs
[2025-01-30T08:56:33.424+0000] {logging_mixin.py:188} INFO - [2025-01-30T08:56:33.424+0000] {dag.py:3954} INFO - Setting next_dagrun for example_complex to None, run_after=None
[2025-01-30T08:56:33.448+0000] {processor.py:183} INFO - Processing /home/airflow/.local/lib/python3.12/site-packages/airflow/example_dags/example_complex.py took 0.089 seconds
[2025-01-30T08:57:03.617+0000] {processor.py:161} INFO - Started process (PID=1597) to work on /home/airflow/.local/lib/python3.12/site-packages/airflow/example_dags/example_complex.py
[2025-01-30T08:57:03.619+0000] {processor.py:830} INFO - Processing file /home/airflow/.local/lib/python3.12/site-packages/airflow/example_dags/example_complex.py for tasks to queue
[2025-01-30T08:57:03.621+0000] {logging_mixin.py:188} INFO - [2025-01-30T08:57:03.620+0000] {dagbag.py:545} INFO - Filling up the DagBag from /home/airflow/.local/lib/python3.12/site-packages/airflow/example_dags/example_complex.py
[2025-01-30T08:57:03.630+0000] {processor.py:840} INFO - DAG(s) 'example_complex' retrieved from /home/airflow/.local/lib/python3.12/site-packages/airflow/example_dags/example_complex.py
[2025-01-30T08:57:03.664+0000] {logging_mixin.py:188} INFO - [2025-01-30T08:57:03.664+0000] {dag.py:3096} INFO - Sync 1 DAGs
[2025-01-30T08:57:03.677+0000] {logging_mixin.py:188} INFO - [2025-01-30T08:57:03.677+0000] {dag.py:3954} INFO - Setting next_dagrun for example_complex to None, run_after=None
[2025-01-30T08:57:03.703+0000] {processor.py:183} INFO - Processing /home/airflow/.local/lib/python3.12/site-packages/airflow/example_dags/example_complex.py took 0.090 seconds
[2025-01-30T08:57:33.765+0000] {processor.py:161} INFO - Started process (PID=1655) to work on /home/airflow/.local/lib/python3.12/site-packages/airflow/example_dags/example_complex.py
[2025-01-30T08:57:33.767+0000] {processor.py:830} INFO - Processing file /home/airflow/.local/lib/python3.12/site-packages/airflow/example_dags/example_complex.py for tasks to queue
[2025-01-30T08:57:33.769+0000] {logging_mixin.py:188} INFO - [2025-01-30T08:57:33.768+0000] {dagbag.py:545} INFO - Filling up the DagBag from /home/airflow/.local/lib/python3.12/site-packages/airflow/example_dags/example_complex.py
[2025-01-30T08:57:33.779+0000] {processor.py:840} INFO - DAG(s) 'example_complex' retrieved from /home/airflow/.local/lib/python3.12/site-packages/airflow/example_dags/example_complex.py
[2025-01-30T08:57:33.815+0000] {logging_mixin.py:188} INFO - [2025-01-30T08:57:33.815+0000] {dag.py:3096} INFO - Sync 1 DAGs
[2025-01-30T08:57:33.829+0000] {logging_mixin.py:188} INFO - [2025-01-30T08:57:33.829+0000] {dag.py:3954} INFO - Setting next_dagrun for example_complex to None, run_after=None
[2025-01-30T08:57:33.855+0000] {processor.py:183} INFO - Processing /home/airflow/.local/lib/python3.12/site-packages/airflow/example_dags/example_complex.py took 0.095 seconds
[2025-01-30T08:58:04.042+0000] {processor.py:161} INFO - Started process (PID=1713) to work on /home/airflow/.local/lib/python3.12/site-packages/airflow/example_dags/example_complex.py
[2025-01-30T08:58:04.044+0000] {processor.py:830} INFO - Processing file /home/airflow/.local/lib/python3.12/site-packages/airflow/example_dags/example_complex.py for tasks to queue
[2025-01-30T08:58:04.046+0000] {logging_mixin.py:188} INFO - [2025-01-30T08:58:04.046+0000] {dagbag.py:545} INFO - Filling up the DagBag from /home/airflow/.local/lib/python3.12/site-packages/airflow/example_dags/example_complex.py
[2025-01-30T08:58:04.057+0000] {processor.py:840} INFO - DAG(s) 'example_complex' retrieved from /home/airflow/.local/lib/python3.12/site-packages/airflow/example_dags/example_complex.py
[2025-01-30T08:58:04.096+0000] {logging_mixin.py:188} INFO - [2025-01-30T08:58:04.095+0000] {dag.py:3096} INFO - Sync 1 DAGs
[2025-01-30T08:58:04.110+0000] {logging_mixin.py:188} INFO - [2025-01-30T08:58:04.109+0000] {dag.py:3954} INFO - Setting next_dagrun for example_complex to None, run_after=None
[2025-01-30T08:58:04.133+0000] {processor.py:183} INFO - Processing /home/airflow/.local/lib/python3.12/site-packages/airflow/example_dags/example_complex.py took 0.097 seconds
[2025-01-30T08:58:34.307+0000] {processor.py:161} INFO - Started process (PID=1771) to work on /home/airflow/.local/lib/python3.12/site-packages/airflow/example_dags/example_complex.py
[2025-01-30T08:58:34.309+0000] {processor.py:830} INFO - Processing file /home/airflow/.local/lib/python3.12/site-packages/airflow/example_dags/example_complex.py for tasks to queue
[2025-01-30T08:58:34.310+0000] {logging_mixin.py:188} INFO - [2025-01-30T08:58:34.310+0000] {dagbag.py:545} INFO - Filling up the DagBag from /home/airflow/.local/lib/python3.12/site-packages/airflow/example_dags/example_complex.py
[2025-01-30T08:58:34.322+0000] {processor.py:840} INFO - DAG(s) 'example_complex' retrieved from /home/airflow/.local/lib/python3.12/site-packages/airflow/example_dags/example_complex.py
[2025-01-30T08:58:34.358+0000] {logging_mixin.py:188} INFO - [2025-01-30T08:58:34.358+0000] {dag.py:3096} INFO - Sync 1 DAGs
[2025-01-30T08:58:34.370+0000] {logging_mixin.py:188} INFO - [2025-01-30T08:58:34.370+0000] {dag.py:3954} INFO - Setting next_dagrun for example_complex to None, run_after=None
[2025-01-30T08:58:34.395+0000] {processor.py:183} INFO - Processing /home/airflow/.local/lib/python3.12/site-packages/airflow/example_dags/example_complex.py took 0.093 seconds
[2025-01-30T09:01:49.518+0000] {processor.py:161} INFO - Started process (PID=91) to work on /home/airflow/.local/lib/python3.12/site-packages/airflow/example_dags/example_complex.py
[2025-01-30T09:01:49.519+0000] {processor.py:830} INFO - Processing file /home/airflow/.local/lib/python3.12/site-packages/airflow/example_dags/example_complex.py for tasks to queue
[2025-01-30T09:01:49.521+0000] {logging_mixin.py:188} INFO - [2025-01-30T09:01:49.521+0000] {dagbag.py:545} INFO - Filling up the DagBag from /home/airflow/.local/lib/python3.12/site-packages/airflow/example_dags/example_complex.py
[2025-01-30T09:01:49.536+0000] {processor.py:840} INFO - DAG(s) 'example_complex' retrieved from /home/airflow/.local/lib/python3.12/site-packages/airflow/example_dags/example_complex.py
[2025-01-30T09:01:49.743+0000] {logging_mixin.py:188} INFO - [2025-01-30T09:01:49.742+0000] {dag.py:3096} INFO - Sync 1 DAGs
[2025-01-30T09:01:49.769+0000] {logging_mixin.py:188} INFO - [2025-01-30T09:01:49.768+0000] {dag.py:3954} INFO - Setting next_dagrun for example_complex to None, run_after=None
[2025-01-30T09:01:49.820+0000] {processor.py:183} INFO - Processing /home/airflow/.local/lib/python3.12/site-packages/airflow/example_dags/example_complex.py took 0.308 seconds
[2025-01-30T09:02:20.118+0000] {processor.py:161} INFO - Started process (PID=149) to work on /home/airflow/.local/lib/python3.12/site-packages/airflow/example_dags/example_complex.py
[2025-01-30T09:02:20.120+0000] {processor.py:830} INFO - Processing file /home/airflow/.local/lib/python3.12/site-packages/airflow/example_dags/example_complex.py for tasks to queue
[2025-01-30T09:02:20.122+0000] {logging_mixin.py:188} INFO - [2025-01-30T09:02:20.122+0000] {dagbag.py:545} INFO - Filling up the DagBag from /home/airflow/.local/lib/python3.12/site-packages/airflow/example_dags/example_complex.py
[2025-01-30T09:02:20.133+0000] {processor.py:840} INFO - DAG(s) 'example_complex' retrieved from /home/airflow/.local/lib/python3.12/site-packages/airflow/example_dags/example_complex.py
[2025-01-30T09:02:20.185+0000] {logging_mixin.py:188} INFO - [2025-01-30T09:02:20.184+0000] {dag.py:3096} INFO - Sync 1 DAGs
[2025-01-30T09:02:20.199+0000] {logging_mixin.py:188} INFO - [2025-01-30T09:02:20.199+0000] {dag.py:3954} INFO - Setting next_dagrun for example_complex to None, run_after=None
[2025-01-30T09:02:20.236+0000] {processor.py:183} INFO - Processing /home/airflow/.local/lib/python3.12/site-packages/airflow/example_dags/example_complex.py took 0.124 seconds
[2025-01-30T09:02:50.532+0000] {processor.py:161} INFO - Started process (PID=207) to work on /home/airflow/.local/lib/python3.12/site-packages/airflow/example_dags/example_complex.py
[2025-01-30T09:02:50.533+0000] {processor.py:830} INFO - Processing file /home/airflow/.local/lib/python3.12/site-packages/airflow/example_dags/example_complex.py for tasks to queue
[2025-01-30T09:02:50.535+0000] {logging_mixin.py:188} INFO - [2025-01-30T09:02:50.534+0000] {dagbag.py:545} INFO - Filling up the DagBag from /home/airflow/.local/lib/python3.12/site-packages/airflow/example_dags/example_complex.py
[2025-01-30T09:02:50.545+0000] {processor.py:840} INFO - DAG(s) 'example_complex' retrieved from /home/airflow/.local/lib/python3.12/site-packages/airflow/example_dags/example_complex.py
[2025-01-30T09:02:50.581+0000] {logging_mixin.py:188} INFO - [2025-01-30T09:02:50.581+0000] {dag.py:3096} INFO - Sync 1 DAGs
[2025-01-30T09:02:50.595+0000] {logging_mixin.py:188} INFO - [2025-01-30T09:02:50.594+0000] {dag.py:3954} INFO - Setting next_dagrun for example_complex to None, run_after=None
[2025-01-30T09:02:50.618+0000] {processor.py:183} INFO - Processing /home/airflow/.local/lib/python3.12/site-packages/airflow/example_dags/example_complex.py took 0.091 seconds
[2025-01-30T09:03:20.705+0000] {processor.py:161} INFO - Started process (PID=265) to work on /home/airflow/.local/lib/python3.12/site-packages/airflow/example_dags/example_complex.py
[2025-01-30T09:03:20.707+0000] {processor.py:830} INFO - Processing file /home/airflow/.local/lib/python3.12/site-packages/airflow/example_dags/example_complex.py for tasks to queue
[2025-01-30T09:03:20.708+0000] {logging_mixin.py:188} INFO - [2025-01-30T09:03:20.708+0000] {dagbag.py:545} INFO - Filling up the DagBag from /home/airflow/.local/lib/python3.12/site-packages/airflow/example_dags/example_complex.py
[2025-01-30T09:03:20.718+0000] {processor.py:840} INFO - DAG(s) 'example_complex' retrieved from /home/airflow/.local/lib/python3.12/site-packages/airflow/example_dags/example_complex.py
[2025-01-30T09:03:20.754+0000] {logging_mixin.py:188} INFO - [2025-01-30T09:03:20.754+0000] {dag.py:3096} INFO - Sync 1 DAGs
[2025-01-30T09:03:20.770+0000] {logging_mixin.py:188} INFO - [2025-01-30T09:03:20.770+0000] {dag.py:3954} INFO - Setting next_dagrun for example_complex to None, run_after=None
[2025-01-30T09:03:20.794+0000] {processor.py:183} INFO - Processing /home/airflow/.local/lib/python3.12/site-packages/airflow/example_dags/example_complex.py took 0.094 seconds
[2025-01-30T09:05:20.596+0000] {processor.py:161} INFO - Started process (PID=89) to work on /home/airflow/.local/lib/python3.12/site-packages/airflow/example_dags/example_complex.py
[2025-01-30T09:05:20.597+0000] {processor.py:830} INFO - Processing file /home/airflow/.local/lib/python3.12/site-packages/airflow/example_dags/example_complex.py for tasks to queue
[2025-01-30T09:05:20.599+0000] {logging_mixin.py:188} INFO - [2025-01-30T09:05:20.599+0000] {dagbag.py:545} INFO - Filling up the DagBag from /home/airflow/.local/lib/python3.12/site-packages/airflow/example_dags/example_complex.py
[2025-01-30T09:05:20.614+0000] {processor.py:840} INFO - DAG(s) 'example_complex' retrieved from /home/airflow/.local/lib/python3.12/site-packages/airflow/example_dags/example_complex.py
[2025-01-30T09:05:20.734+0000] {logging_mixin.py:188} INFO - [2025-01-30T09:05:20.734+0000] {dag.py:3096} INFO - Sync 1 DAGs
[2025-01-30T09:05:20.746+0000] {logging_mixin.py:188} INFO - [2025-01-30T09:05:20.746+0000] {dag.py:3954} INFO - Setting next_dagrun for example_complex to None, run_after=None
[2025-01-30T09:05:20.773+0000] {processor.py:183} INFO - Processing /home/airflow/.local/lib/python3.12/site-packages/airflow/example_dags/example_complex.py took 0.183 seconds
[2025-01-30T09:05:50.983+0000] {processor.py:161} INFO - Started process (PID=147) to work on /home/airflow/.local/lib/python3.12/site-packages/airflow/example_dags/example_complex.py
[2025-01-30T09:05:50.984+0000] {processor.py:830} INFO - Processing file /home/airflow/.local/lib/python3.12/site-packages/airflow/example_dags/example_complex.py for tasks to queue
[2025-01-30T09:05:50.986+0000] {logging_mixin.py:188} INFO - [2025-01-30T09:05:50.985+0000] {dagbag.py:545} INFO - Filling up the DagBag from /home/airflow/.local/lib/python3.12/site-packages/airflow/example_dags/example_complex.py
[2025-01-30T09:05:50.998+0000] {processor.py:840} INFO - DAG(s) 'example_complex' retrieved from /home/airflow/.local/lib/python3.12/site-packages/airflow/example_dags/example_complex.py
[2025-01-30T09:05:51.034+0000] {logging_mixin.py:188} INFO - [2025-01-30T09:05:51.033+0000] {dag.py:3096} INFO - Sync 1 DAGs
[2025-01-30T09:05:51.048+0000] {logging_mixin.py:188} INFO - [2025-01-30T09:05:51.047+0000] {dag.py:3954} INFO - Setting next_dagrun for example_complex to None, run_after=None
[2025-01-30T09:05:51.071+0000] {processor.py:183} INFO - Processing /home/airflow/.local/lib/python3.12/site-packages/airflow/example_dags/example_complex.py took 0.093 seconds
[2025-01-30T09:10:51.047+0000] {processor.py:161} INFO - Started process (PID=92) to work on /home/airflow/.local/lib/python3.12/site-packages/airflow/example_dags/example_complex.py
[2025-01-30T09:10:51.048+0000] {processor.py:830} INFO - Processing file /home/airflow/.local/lib/python3.12/site-packages/airflow/example_dags/example_complex.py for tasks to queue
[2025-01-30T09:10:51.050+0000] {logging_mixin.py:188} INFO - [2025-01-30T09:10:51.049+0000] {dagbag.py:545} INFO - Filling up the DagBag from /home/airflow/.local/lib/python3.12/site-packages/airflow/example_dags/example_complex.py
[2025-01-30T09:10:51.063+0000] {processor.py:840} INFO - DAG(s) 'example_complex' retrieved from /home/airflow/.local/lib/python3.12/site-packages/airflow/example_dags/example_complex.py
[2025-01-30T09:10:51.189+0000] {logging_mixin.py:188} INFO - [2025-01-30T09:10:51.188+0000] {dag.py:3096} INFO - Sync 1 DAGs
[2025-01-30T09:10:51.199+0000] {logging_mixin.py:188} INFO - [2025-01-30T09:10:51.199+0000] {dag.py:3954} INFO - Setting next_dagrun for example_complex to None, run_after=None
[2025-01-30T09:10:51.226+0000] {processor.py:183} INFO - Processing /home/airflow/.local/lib/python3.12/site-packages/airflow/example_dags/example_complex.py took 0.184 seconds
[2025-01-30T09:11:21.295+0000] {processor.py:161} INFO - Started process (PID=151) to work on /home/airflow/.local/lib/python3.12/site-packages/airflow/example_dags/example_complex.py
[2025-01-30T09:11:21.296+0000] {processor.py:830} INFO - Processing file /home/airflow/.local/lib/python3.12/site-packages/airflow/example_dags/example_complex.py for tasks to queue
[2025-01-30T09:11:21.297+0000] {logging_mixin.py:188} INFO - [2025-01-30T09:11:21.297+0000] {dagbag.py:545} INFO - Filling up the DagBag from /home/airflow/.local/lib/python3.12/site-packages/airflow/example_dags/example_complex.py
[2025-01-30T09:11:21.306+0000] {processor.py:840} INFO - DAG(s) 'example_complex' retrieved from /home/airflow/.local/lib/python3.12/site-packages/airflow/example_dags/example_complex.py
[2025-01-30T09:11:21.340+0000] {logging_mixin.py:188} INFO - [2025-01-30T09:11:21.340+0000] {dag.py:3096} INFO - Sync 1 DAGs
[2025-01-30T09:11:21.353+0000] {logging_mixin.py:188} INFO - [2025-01-30T09:11:21.353+0000] {dag.py:3954} INFO - Setting next_dagrun for example_complex to None, run_after=None
[2025-01-30T09:11:21.375+0000] {processor.py:183} INFO - Processing /home/airflow/.local/lib/python3.12/site-packages/airflow/example_dags/example_complex.py took 0.085 seconds
[2025-01-30T09:11:51.800+0000] {processor.py:161} INFO - Started process (PID=209) to work on /home/airflow/.local/lib/python3.12/site-packages/airflow/example_dags/example_complex.py
[2025-01-30T09:11:51.801+0000] {processor.py:830} INFO - Processing file /home/airflow/.local/lib/python3.12/site-packages/airflow/example_dags/example_complex.py for tasks to queue
[2025-01-30T09:11:51.803+0000] {logging_mixin.py:188} INFO - [2025-01-30T09:11:51.803+0000] {dagbag.py:545} INFO - Filling up the DagBag from /home/airflow/.local/lib/python3.12/site-packages/airflow/example_dags/example_complex.py
[2025-01-30T09:11:51.813+0000] {processor.py:840} INFO - DAG(s) 'example_complex' retrieved from /home/airflow/.local/lib/python3.12/site-packages/airflow/example_dags/example_complex.py
[2025-01-30T09:11:51.846+0000] {logging_mixin.py:188} INFO - [2025-01-30T09:11:51.846+0000] {dag.py:3096} INFO - Sync 1 DAGs
[2025-01-30T09:11:51.860+0000] {logging_mixin.py:188} INFO - [2025-01-30T09:11:51.860+0000] {dag.py:3954} INFO - Setting next_dagrun for example_complex to None, run_after=None
[2025-01-30T09:11:51.883+0000] {processor.py:183} INFO - Processing /home/airflow/.local/lib/python3.12/site-packages/airflow/example_dags/example_complex.py took 0.087 seconds
[2025-01-30T09:12:22.247+0000] {processor.py:161} INFO - Started process (PID=267) to work on /home/airflow/.local/lib/python3.12/site-packages/airflow/example_dags/example_complex.py
[2025-01-30T09:12:22.248+0000] {processor.py:830} INFO - Processing file /home/airflow/.local/lib/python3.12/site-packages/airflow/example_dags/example_complex.py for tasks to queue
[2025-01-30T09:12:22.250+0000] {logging_mixin.py:188} INFO - [2025-01-30T09:12:22.250+0000] {dagbag.py:545} INFO - Filling up the DagBag from /home/airflow/.local/lib/python3.12/site-packages/airflow/example_dags/example_complex.py
[2025-01-30T09:12:22.260+0000] {processor.py:840} INFO - DAG(s) 'example_complex' retrieved from /home/airflow/.local/lib/python3.12/site-packages/airflow/example_dags/example_complex.py
[2025-01-30T09:12:22.292+0000] {logging_mixin.py:188} INFO - [2025-01-30T09:12:22.291+0000] {dag.py:3096} INFO - Sync 1 DAGs
[2025-01-30T09:12:22.305+0000] {logging_mixin.py:188} INFO - [2025-01-30T09:12:22.304+0000] {dag.py:3954} INFO - Setting next_dagrun for example_complex to None, run_after=None
[2025-01-30T09:12:22.338+0000] {processor.py:183} INFO - Processing /home/airflow/.local/lib/python3.12/site-packages/airflow/example_dags/example_complex.py took 0.095 seconds
[2025-01-30T09:12:52.700+0000] {processor.py:161} INFO - Started process (PID=325) to work on /home/airflow/.local/lib/python3.12/site-packages/airflow/example_dags/example_complex.py
[2025-01-30T09:12:52.701+0000] {processor.py:830} INFO - Processing file /home/airflow/.local/lib/python3.12/site-packages/airflow/example_dags/example_complex.py for tasks to queue
[2025-01-30T09:12:52.702+0000] {logging_mixin.py:188} INFO - [2025-01-30T09:12:52.702+0000] {dagbag.py:545} INFO - Filling up the DagBag from /home/airflow/.local/lib/python3.12/site-packages/airflow/example_dags/example_complex.py
[2025-01-30T09:12:52.712+0000] {processor.py:840} INFO - DAG(s) 'example_complex' retrieved from /home/airflow/.local/lib/python3.12/site-packages/airflow/example_dags/example_complex.py
[2025-01-30T09:12:52.743+0000] {logging_mixin.py:188} INFO - [2025-01-30T09:12:52.743+0000] {dag.py:3096} INFO - Sync 1 DAGs
[2025-01-30T09:12:52.756+0000] {logging_mixin.py:188} INFO - [2025-01-30T09:12:52.755+0000] {dag.py:3954} INFO - Setting next_dagrun for example_complex to None, run_after=None
[2025-01-30T09:12:52.779+0000] {processor.py:183} INFO - Processing /home/airflow/.local/lib/python3.12/site-packages/airflow/example_dags/example_complex.py took 0.084 seconds
[2025-01-30T09:13:23.019+0000] {processor.py:161} INFO - Started process (PID=383) to work on /home/airflow/.local/lib/python3.12/site-packages/airflow/example_dags/example_complex.py
[2025-01-30T09:13:23.020+0000] {processor.py:830} INFO - Processing file /home/airflow/.local/lib/python3.12/site-packages/airflow/example_dags/example_complex.py for tasks to queue
[2025-01-30T09:13:23.021+0000] {logging_mixin.py:188} INFO - [2025-01-30T09:13:23.021+0000] {dagbag.py:545} INFO - Filling up the DagBag from /home/airflow/.local/lib/python3.12/site-packages/airflow/example_dags/example_complex.py
[2025-01-30T09:13:23.031+0000] {processor.py:840} INFO - DAG(s) 'example_complex' retrieved from /home/airflow/.local/lib/python3.12/site-packages/airflow/example_dags/example_complex.py
[2025-01-30T09:13:23.063+0000] {logging_mixin.py:188} INFO - [2025-01-30T09:13:23.063+0000] {dag.py:3096} INFO - Sync 1 DAGs
[2025-01-30T09:13:23.076+0000] {logging_mixin.py:188} INFO - [2025-01-30T09:13:23.076+0000] {dag.py:3954} INFO - Setting next_dagrun for example_complex to None, run_after=None
[2025-01-30T09:13:23.100+0000] {processor.py:183} INFO - Processing /home/airflow/.local/lib/python3.12/site-packages/airflow/example_dags/example_complex.py took 0.086 seconds
[2025-01-30T09:13:53.196+0000] {processor.py:161} INFO - Started process (PID=441) to work on /home/airflow/.local/lib/python3.12/site-packages/airflow/example_dags/example_complex.py
[2025-01-30T09:13:53.197+0000] {processor.py:830} INFO - Processing file /home/airflow/.local/lib/python3.12/site-packages/airflow/example_dags/example_complex.py for tasks to queue
[2025-01-30T09:13:53.199+0000] {logging_mixin.py:188} INFO - [2025-01-30T09:13:53.199+0000] {dagbag.py:545} INFO - Filling up the DagBag from /home/airflow/.local/lib/python3.12/site-packages/airflow/example_dags/example_complex.py
[2025-01-30T09:13:53.209+0000] {processor.py:840} INFO - DAG(s) 'example_complex' retrieved from /home/airflow/.local/lib/python3.12/site-packages/airflow/example_dags/example_complex.py
[2025-01-30T09:13:53.241+0000] {logging_mixin.py:188} INFO - [2025-01-30T09:13:53.241+0000] {dag.py:3096} INFO - Sync 1 DAGs
[2025-01-30T09:13:53.255+0000] {logging_mixin.py:188} INFO - [2025-01-30T09:13:53.255+0000] {dag.py:3954} INFO - Setting next_dagrun for example_complex to None, run_after=None
[2025-01-30T09:13:53.277+0000] {processor.py:183} INFO - Processing /home/airflow/.local/lib/python3.12/site-packages/airflow/example_dags/example_complex.py took 0.086 seconds
[2025-01-30T09:14:23.380+0000] {processor.py:161} INFO - Started process (PID=499) to work on /home/airflow/.local/lib/python3.12/site-packages/airflow/example_dags/example_complex.py
[2025-01-30T09:14:23.381+0000] {processor.py:830} INFO - Processing file /home/airflow/.local/lib/python3.12/site-packages/airflow/example_dags/example_complex.py for tasks to queue
[2025-01-30T09:14:23.383+0000] {logging_mixin.py:188} INFO - [2025-01-30T09:14:23.382+0000] {dagbag.py:545} INFO - Filling up the DagBag from /home/airflow/.local/lib/python3.12/site-packages/airflow/example_dags/example_complex.py
[2025-01-30T09:14:23.392+0000] {processor.py:840} INFO - DAG(s) 'example_complex' retrieved from /home/airflow/.local/lib/python3.12/site-packages/airflow/example_dags/example_complex.py
[2025-01-30T09:14:23.422+0000] {logging_mixin.py:188} INFO - [2025-01-30T09:14:23.422+0000] {dag.py:3096} INFO - Sync 1 DAGs
[2025-01-30T09:14:23.436+0000] {logging_mixin.py:188} INFO - [2025-01-30T09:14:23.436+0000] {dag.py:3954} INFO - Setting next_dagrun for example_complex to None, run_after=None
[2025-01-30T09:14:23.458+0000] {processor.py:183} INFO - Processing /home/airflow/.local/lib/python3.12/site-packages/airflow/example_dags/example_complex.py took 0.083 seconds
[2025-01-30T09:14:54.193+0000] {processor.py:161} INFO - Started process (PID=557) to work on /home/airflow/.local/lib/python3.12/site-packages/airflow/example_dags/example_complex.py
[2025-01-30T09:14:54.194+0000] {processor.py:830} INFO - Processing file /home/airflow/.local/lib/python3.12/site-packages/airflow/example_dags/example_complex.py for tasks to queue
[2025-01-30T09:14:54.203+0000] {logging_mixin.py:188} INFO - [2025-01-30T09:14:54.202+0000] {dagbag.py:545} INFO - Filling up the DagBag from /home/airflow/.local/lib/python3.12/site-packages/airflow/example_dags/example_complex.py
[2025-01-30T09:14:54.215+0000] {processor.py:840} INFO - DAG(s) 'example_complex' retrieved from /home/airflow/.local/lib/python3.12/site-packages/airflow/example_dags/example_complex.py
[2025-01-30T09:14:54.280+0000] {logging_mixin.py:188} INFO - [2025-01-30T09:14:54.280+0000] {dag.py:3096} INFO - Sync 1 DAGs
[2025-01-30T09:14:54.294+0000] {logging_mixin.py:188} INFO - [2025-01-30T09:14:54.294+0000] {dag.py:3954} INFO - Setting next_dagrun for example_complex to None, run_after=None
[2025-01-30T09:14:54.318+0000] {processor.py:183} INFO - Processing /home/airflow/.local/lib/python3.12/site-packages/airflow/example_dags/example_complex.py took 0.131 seconds
[2025-01-30T09:15:24.354+0000] {processor.py:161} INFO - Started process (PID=614) to work on /home/airflow/.local/lib/python3.12/site-packages/airflow/example_dags/example_complex.py
[2025-01-30T09:15:24.356+0000] {processor.py:830} INFO - Processing file /home/airflow/.local/lib/python3.12/site-packages/airflow/example_dags/example_complex.py for tasks to queue
[2025-01-30T09:15:24.357+0000] {logging_mixin.py:188} INFO - [2025-01-30T09:15:24.357+0000] {dagbag.py:545} INFO - Filling up the DagBag from /home/airflow/.local/lib/python3.12/site-packages/airflow/example_dags/example_complex.py
[2025-01-30T09:15:24.367+0000] {processor.py:840} INFO - DAG(s) 'example_complex' retrieved from /home/airflow/.local/lib/python3.12/site-packages/airflow/example_dags/example_complex.py
[2025-01-30T09:15:24.401+0000] {logging_mixin.py:188} INFO - [2025-01-30T09:15:24.401+0000] {dag.py:3096} INFO - Sync 1 DAGs
[2025-01-30T09:15:24.413+0000] {logging_mixin.py:188} INFO - [2025-01-30T09:15:24.412+0000] {dag.py:3954} INFO - Setting next_dagrun for example_complex to None, run_after=None
[2025-01-30T09:15:24.443+0000] {processor.py:183} INFO - Processing /home/airflow/.local/lib/python3.12/site-packages/airflow/example_dags/example_complex.py took 0.093 seconds
[2025-01-30T09:15:55.191+0000] {processor.py:161} INFO - Started process (PID=672) to work on /home/airflow/.local/lib/python3.12/site-packages/airflow/example_dags/example_complex.py
[2025-01-30T09:15:55.192+0000] {processor.py:830} INFO - Processing file /home/airflow/.local/lib/python3.12/site-packages/airflow/example_dags/example_complex.py for tasks to queue
[2025-01-30T09:15:55.194+0000] {logging_mixin.py:188} INFO - [2025-01-30T09:15:55.193+0000] {dagbag.py:545} INFO - Filling up the DagBag from /home/airflow/.local/lib/python3.12/site-packages/airflow/example_dags/example_complex.py
[2025-01-30T09:15:55.203+0000] {processor.py:840} INFO - DAG(s) 'example_complex' retrieved from /home/airflow/.local/lib/python3.12/site-packages/airflow/example_dags/example_complex.py
[2025-01-30T09:15:55.235+0000] {logging_mixin.py:188} INFO - [2025-01-30T09:15:55.234+0000] {dag.py:3096} INFO - Sync 1 DAGs
[2025-01-30T09:15:55.249+0000] {logging_mixin.py:188} INFO - [2025-01-30T09:15:55.248+0000] {dag.py:3954} INFO - Setting next_dagrun for example_complex to None, run_after=None
[2025-01-30T09:15:55.272+0000] {processor.py:183} INFO - Processing /home/airflow/.local/lib/python3.12/site-packages/airflow/example_dags/example_complex.py took 0.086 seconds
[2025-01-30T09:16:25.802+0000] {processor.py:161} INFO - Started process (PID=730) to work on /home/airflow/.local/lib/python3.12/site-packages/airflow/example_dags/example_complex.py
[2025-01-30T09:16:25.804+0000] {processor.py:830} INFO - Processing file /home/airflow/.local/lib/python3.12/site-packages/airflow/example_dags/example_complex.py for tasks to queue
[2025-01-30T09:16:25.807+0000] {logging_mixin.py:188} INFO - [2025-01-30T09:16:25.806+0000] {dagbag.py:545} INFO - Filling up the DagBag from /home/airflow/.local/lib/python3.12/site-packages/airflow/example_dags/example_complex.py
[2025-01-30T09:16:25.817+0000] {processor.py:840} INFO - DAG(s) 'example_complex' retrieved from /home/airflow/.local/lib/python3.12/site-packages/airflow/example_dags/example_complex.py
[2025-01-30T09:16:25.857+0000] {logging_mixin.py:188} INFO - [2025-01-30T09:16:25.857+0000] {dag.py:3096} INFO - Sync 1 DAGs
[2025-01-30T09:16:25.874+0000] {logging_mixin.py:188} INFO - [2025-01-30T09:16:25.873+0000] {dag.py:3954} INFO - Setting next_dagrun for example_complex to None, run_after=None
[2025-01-30T09:16:25.905+0000] {processor.py:183} INFO - Processing /home/airflow/.local/lib/python3.12/site-packages/airflow/example_dags/example_complex.py took 0.108 seconds
[2025-01-30T09:16:56.060+0000] {processor.py:161} INFO - Started process (PID=788) to work on /home/airflow/.local/lib/python3.12/site-packages/airflow/example_dags/example_complex.py
[2025-01-30T09:16:56.061+0000] {processor.py:830} INFO - Processing file /home/airflow/.local/lib/python3.12/site-packages/airflow/example_dags/example_complex.py for tasks to queue
[2025-01-30T09:16:56.064+0000] {logging_mixin.py:188} INFO - [2025-01-30T09:16:56.063+0000] {dagbag.py:545} INFO - Filling up the DagBag from /home/airflow/.local/lib/python3.12/site-packages/airflow/example_dags/example_complex.py
[2025-01-30T09:16:56.078+0000] {processor.py:840} INFO - DAG(s) 'example_complex' retrieved from /home/airflow/.local/lib/python3.12/site-packages/airflow/example_dags/example_complex.py
[2025-01-30T09:16:56.117+0000] {logging_mixin.py:188} INFO - [2025-01-30T09:16:56.116+0000] {dag.py:3096} INFO - Sync 1 DAGs
[2025-01-30T09:16:56.132+0000] {logging_mixin.py:188} INFO - [2025-01-30T09:16:56.131+0000] {dag.py:3954} INFO - Setting next_dagrun for example_complex to None, run_after=None
[2025-01-30T09:16:56.157+0000] {processor.py:183} INFO - Processing /home/airflow/.local/lib/python3.12/site-packages/airflow/example_dags/example_complex.py took 0.107 seconds
[2025-01-30T09:17:26.562+0000] {processor.py:161} INFO - Started process (PID=846) to work on /home/airflow/.local/lib/python3.12/site-packages/airflow/example_dags/example_complex.py
[2025-01-30T09:17:26.565+0000] {processor.py:830} INFO - Processing file /home/airflow/.local/lib/python3.12/site-packages/airflow/example_dags/example_complex.py for tasks to queue
[2025-01-30T09:17:26.567+0000] {logging_mixin.py:188} INFO - [2025-01-30T09:17:26.567+0000] {dagbag.py:545} INFO - Filling up the DagBag from /home/airflow/.local/lib/python3.12/site-packages/airflow/example_dags/example_complex.py
[2025-01-30T09:17:26.579+0000] {processor.py:840} INFO - DAG(s) 'example_complex' retrieved from /home/airflow/.local/lib/python3.12/site-packages/airflow/example_dags/example_complex.py
[2025-01-30T09:17:26.620+0000] {logging_mixin.py:188} INFO - [2025-01-30T09:17:26.620+0000] {dag.py:3096} INFO - Sync 1 DAGs
[2025-01-30T09:17:26.638+0000] {logging_mixin.py:188} INFO - [2025-01-30T09:17:26.637+0000] {dag.py:3954} INFO - Setting next_dagrun for example_complex to None, run_after=None
[2025-01-30T09:17:26.682+0000] {processor.py:183} INFO - Processing /home/airflow/.local/lib/python3.12/site-packages/airflow/example_dags/example_complex.py took 0.125 seconds
[2025-01-30T09:17:57.684+0000] {processor.py:161} INFO - Started process (PID=905) to work on /home/airflow/.local/lib/python3.12/site-packages/airflow/example_dags/example_complex.py
[2025-01-30T09:17:57.685+0000] {processor.py:830} INFO - Processing file /home/airflow/.local/lib/python3.12/site-packages/airflow/example_dags/example_complex.py for tasks to queue
[2025-01-30T09:17:57.688+0000] {logging_mixin.py:188} INFO - [2025-01-30T09:17:57.687+0000] {dagbag.py:545} INFO - Filling up the DagBag from /home/airflow/.local/lib/python3.12/site-packages/airflow/example_dags/example_complex.py
[2025-01-30T09:17:57.700+0000] {processor.py:840} INFO - DAG(s) 'example_complex' retrieved from /home/airflow/.local/lib/python3.12/site-packages/airflow/example_dags/example_complex.py
[2025-01-30T09:17:57.744+0000] {logging_mixin.py:188} INFO - [2025-01-30T09:17:57.744+0000] {dag.py:3096} INFO - Sync 1 DAGs
[2025-01-30T09:17:57.761+0000] {logging_mixin.py:188} INFO - [2025-01-30T09:17:57.760+0000] {dag.py:3954} INFO - Setting next_dagrun for example_complex to None, run_after=None
[2025-01-30T09:17:57.789+0000] {processor.py:183} INFO - Processing /home/airflow/.local/lib/python3.12/site-packages/airflow/example_dags/example_complex.py took 0.110 seconds
[2025-01-30T09:18:28.115+0000] {processor.py:161} INFO - Started process (PID=964) to work on /home/airflow/.local/lib/python3.12/site-packages/airflow/example_dags/example_complex.py
[2025-01-30T09:18:28.116+0000] {processor.py:830} INFO - Processing file /home/airflow/.local/lib/python3.12/site-packages/airflow/example_dags/example_complex.py for tasks to queue
[2025-01-30T09:18:28.118+0000] {logging_mixin.py:188} INFO - [2025-01-30T09:18:28.118+0000] {dagbag.py:545} INFO - Filling up the DagBag from /home/airflow/.local/lib/python3.12/site-packages/airflow/example_dags/example_complex.py
[2025-01-30T09:18:28.127+0000] {processor.py:840} INFO - DAG(s) 'example_complex' retrieved from /home/airflow/.local/lib/python3.12/site-packages/airflow/example_dags/example_complex.py
[2025-01-30T09:18:28.160+0000] {logging_mixin.py:188} INFO - [2025-01-30T09:18:28.160+0000] {dag.py:3096} INFO - Sync 1 DAGs
[2025-01-30T09:18:28.175+0000] {logging_mixin.py:188} INFO - [2025-01-30T09:18:28.175+0000] {dag.py:3954} INFO - Setting next_dagrun for example_complex to None, run_after=None
[2025-01-30T09:18:28.199+0000] {processor.py:183} INFO - Processing /home/airflow/.local/lib/python3.12/site-packages/airflow/example_dags/example_complex.py took 0.088 seconds
[2025-01-30T09:20:16.621+0000] {processor.py:161} INFO - Started process (PID=89) to work on /home/airflow/.local/lib/python3.12/site-packages/airflow/example_dags/example_complex.py
[2025-01-30T09:20:16.622+0000] {processor.py:830} INFO - Processing file /home/airflow/.local/lib/python3.12/site-packages/airflow/example_dags/example_complex.py for tasks to queue
[2025-01-30T09:20:16.624+0000] {logging_mixin.py:188} INFO - [2025-01-30T09:20:16.624+0000] {dagbag.py:545} INFO - Filling up the DagBag from /home/airflow/.local/lib/python3.12/site-packages/airflow/example_dags/example_complex.py
[2025-01-30T09:20:16.638+0000] {processor.py:840} INFO - DAG(s) 'example_complex' retrieved from /home/airflow/.local/lib/python3.12/site-packages/airflow/example_dags/example_complex.py
[2025-01-30T09:20:16.769+0000] {logging_mixin.py:188} INFO - [2025-01-30T09:20:16.768+0000] {dag.py:3096} INFO - Sync 1 DAGs
[2025-01-30T09:20:16.780+0000] {logging_mixin.py:188} INFO - [2025-01-30T09:20:16.780+0000] {dag.py:3954} INFO - Setting next_dagrun for example_complex to None, run_after=None
[2025-01-30T09:20:16.809+0000] {processor.py:183} INFO - Processing /home/airflow/.local/lib/python3.12/site-packages/airflow/example_dags/example_complex.py took 0.193 seconds
[2025-01-30T09:20:47.293+0000] {processor.py:161} INFO - Started process (PID=147) to work on /home/airflow/.local/lib/python3.12/site-packages/airflow/example_dags/example_complex.py
[2025-01-30T09:20:47.294+0000] {processor.py:830} INFO - Processing file /home/airflow/.local/lib/python3.12/site-packages/airflow/example_dags/example_complex.py for tasks to queue
[2025-01-30T09:20:47.296+0000] {logging_mixin.py:188} INFO - [2025-01-30T09:20:47.296+0000] {dagbag.py:545} INFO - Filling up the DagBag from /home/airflow/.local/lib/python3.12/site-packages/airflow/example_dags/example_complex.py
[2025-01-30T09:20:47.309+0000] {processor.py:840} INFO - DAG(s) 'example_complex' retrieved from /home/airflow/.local/lib/python3.12/site-packages/airflow/example_dags/example_complex.py
[2025-01-30T09:20:47.343+0000] {logging_mixin.py:188} INFO - [2025-01-30T09:20:47.343+0000] {dag.py:3096} INFO - Sync 1 DAGs
[2025-01-30T09:20:47.358+0000] {logging_mixin.py:188} INFO - [2025-01-30T09:20:47.358+0000] {dag.py:3954} INFO - Setting next_dagrun for example_complex to None, run_after=None
[2025-01-30T09:20:47.380+0000] {processor.py:183} INFO - Processing /home/airflow/.local/lib/python3.12/site-packages/airflow/example_dags/example_complex.py took 0.092 seconds
[2025-01-30T09:21:17.595+0000] {processor.py:161} INFO - Started process (PID=205) to work on /home/airflow/.local/lib/python3.12/site-packages/airflow/example_dags/example_complex.py
[2025-01-30T09:21:17.596+0000] {processor.py:830} INFO - Processing file /home/airflow/.local/lib/python3.12/site-packages/airflow/example_dags/example_complex.py for tasks to queue
[2025-01-30T09:21:17.598+0000] {logging_mixin.py:188} INFO - [2025-01-30T09:21:17.598+0000] {dagbag.py:545} INFO - Filling up the DagBag from /home/airflow/.local/lib/python3.12/site-packages/airflow/example_dags/example_complex.py
[2025-01-30T09:21:17.611+0000] {processor.py:840} INFO - DAG(s) 'example_complex' retrieved from /home/airflow/.local/lib/python3.12/site-packages/airflow/example_dags/example_complex.py
[2025-01-30T09:21:17.651+0000] {logging_mixin.py:188} INFO - [2025-01-30T09:21:17.650+0000] {dag.py:3096} INFO - Sync 1 DAGs
[2025-01-30T09:21:17.667+0000] {logging_mixin.py:188} INFO - [2025-01-30T09:21:17.666+0000] {dag.py:3954} INFO - Setting next_dagrun for example_complex to None, run_after=None
[2025-01-30T09:21:17.692+0000] {processor.py:183} INFO - Processing /home/airflow/.local/lib/python3.12/site-packages/airflow/example_dags/example_complex.py took 0.102 seconds
[2025-01-30T09:21:47.945+0000] {processor.py:161} INFO - Started process (PID=263) to work on /home/airflow/.local/lib/python3.12/site-packages/airflow/example_dags/example_complex.py
[2025-01-30T09:21:47.947+0000] {processor.py:830} INFO - Processing file /home/airflow/.local/lib/python3.12/site-packages/airflow/example_dags/example_complex.py for tasks to queue
[2025-01-30T09:21:47.949+0000] {logging_mixin.py:188} INFO - [2025-01-30T09:21:47.948+0000] {dagbag.py:545} INFO - Filling up the DagBag from /home/airflow/.local/lib/python3.12/site-packages/airflow/example_dags/example_complex.py
[2025-01-30T09:21:47.960+0000] {processor.py:840} INFO - DAG(s) 'example_complex' retrieved from /home/airflow/.local/lib/python3.12/site-packages/airflow/example_dags/example_complex.py
[2025-01-30T09:21:48.010+0000] {logging_mixin.py:188} INFO - [2025-01-30T09:21:48.010+0000] {dag.py:3096} INFO - Sync 1 DAGs
[2025-01-30T09:21:48.030+0000] {logging_mixin.py:188} INFO - [2025-01-30T09:21:48.029+0000] {dag.py:3954} INFO - Setting next_dagrun for example_complex to None, run_after=None
[2025-01-30T09:21:48.065+0000] {processor.py:183} INFO - Processing /home/airflow/.local/lib/python3.12/site-packages/airflow/example_dags/example_complex.py took 0.128 seconds
[2025-01-30T09:22:18.247+0000] {processor.py:161} INFO - Started process (PID=322) to work on /home/airflow/.local/lib/python3.12/site-packages/airflow/example_dags/example_complex.py
[2025-01-30T09:22:18.248+0000] {processor.py:830} INFO - Processing file /home/airflow/.local/lib/python3.12/site-packages/airflow/example_dags/example_complex.py for tasks to queue
[2025-01-30T09:22:18.250+0000] {logging_mixin.py:188} INFO - [2025-01-30T09:22:18.249+0000] {dagbag.py:545} INFO - Filling up the DagBag from /home/airflow/.local/lib/python3.12/site-packages/airflow/example_dags/example_complex.py
[2025-01-30T09:22:18.260+0000] {processor.py:840} INFO - DAG(s) 'example_complex' retrieved from /home/airflow/.local/lib/python3.12/site-packages/airflow/example_dags/example_complex.py
[2025-01-30T09:22:18.296+0000] {logging_mixin.py:188} INFO - [2025-01-30T09:22:18.296+0000] {dag.py:3096} INFO - Sync 1 DAGs
[2025-01-30T09:22:18.311+0000] {logging_mixin.py:188} INFO - [2025-01-30T09:22:18.311+0000] {dag.py:3954} INFO - Setting next_dagrun for example_complex to None, run_after=None
[2025-01-30T09:22:18.333+0000] {processor.py:183} INFO - Processing /home/airflow/.local/lib/python3.12/site-packages/airflow/example_dags/example_complex.py took 0.091 seconds
[2025-01-30T09:22:48.871+0000] {processor.py:161} INFO - Started process (PID=380) to work on /home/airflow/.local/lib/python3.12/site-packages/airflow/example_dags/example_complex.py
[2025-01-30T09:22:48.872+0000] {processor.py:830} INFO - Processing file /home/airflow/.local/lib/python3.12/site-packages/airflow/example_dags/example_complex.py for tasks to queue
[2025-01-30T09:22:48.881+0000] {logging_mixin.py:188} INFO - [2025-01-30T09:22:48.880+0000] {dagbag.py:545} INFO - Filling up the DagBag from /home/airflow/.local/lib/python3.12/site-packages/airflow/example_dags/example_complex.py
[2025-01-30T09:22:48.898+0000] {processor.py:840} INFO - DAG(s) 'example_complex' retrieved from /home/airflow/.local/lib/python3.12/site-packages/airflow/example_dags/example_complex.py
[2025-01-30T09:22:48.936+0000] {logging_mixin.py:188} INFO - [2025-01-30T09:22:48.935+0000] {dag.py:3096} INFO - Sync 1 DAGs
[2025-01-30T09:22:48.956+0000] {logging_mixin.py:188} INFO - [2025-01-30T09:22:48.956+0000] {dag.py:3954} INFO - Setting next_dagrun for example_complex to None, run_after=None
[2025-01-30T09:22:49.006+0000] {processor.py:183} INFO - Processing /home/airflow/.local/lib/python3.12/site-packages/airflow/example_dags/example_complex.py took 0.143 seconds
[2025-01-30T09:23:19.442+0000] {processor.py:161} INFO - Started process (PID=438) to work on /home/airflow/.local/lib/python3.12/site-packages/airflow/example_dags/example_complex.py
[2025-01-30T09:23:19.443+0000] {processor.py:830} INFO - Processing file /home/airflow/.local/lib/python3.12/site-packages/airflow/example_dags/example_complex.py for tasks to queue
[2025-01-30T09:23:19.446+0000] {logging_mixin.py:188} INFO - [2025-01-30T09:23:19.445+0000] {dagbag.py:545} INFO - Filling up the DagBag from /home/airflow/.local/lib/python3.12/site-packages/airflow/example_dags/example_complex.py
[2025-01-30T09:23:19.457+0000] {processor.py:840} INFO - DAG(s) 'example_complex' retrieved from /home/airflow/.local/lib/python3.12/site-packages/airflow/example_dags/example_complex.py
[2025-01-30T09:23:19.491+0000] {logging_mixin.py:188} INFO - [2025-01-30T09:23:19.491+0000] {dag.py:3096} INFO - Sync 1 DAGs
[2025-01-30T09:23:19.505+0000] {logging_mixin.py:188} INFO - [2025-01-30T09:23:19.504+0000] {dag.py:3954} INFO - Setting next_dagrun for example_complex to None, run_after=None
[2025-01-30T09:23:19.529+0000] {processor.py:183} INFO - Processing /home/airflow/.local/lib/python3.12/site-packages/airflow/example_dags/example_complex.py took 0.092 seconds
[2025-01-30T09:23:49.883+0000] {processor.py:161} INFO - Started process (PID=496) to work on /home/airflow/.local/lib/python3.12/site-packages/airflow/example_dags/example_complex.py
[2025-01-30T09:23:49.884+0000] {processor.py:830} INFO - Processing file /home/airflow/.local/lib/python3.12/site-packages/airflow/example_dags/example_complex.py for tasks to queue
[2025-01-30T09:23:49.886+0000] {logging_mixin.py:188} INFO - [2025-01-30T09:23:49.886+0000] {dagbag.py:545} INFO - Filling up the DagBag from /home/airflow/.local/lib/python3.12/site-packages/airflow/example_dags/example_complex.py
[2025-01-30T09:23:49.898+0000] {processor.py:840} INFO - DAG(s) 'example_complex' retrieved from /home/airflow/.local/lib/python3.12/site-packages/airflow/example_dags/example_complex.py
[2025-01-30T09:23:49.937+0000] {logging_mixin.py:188} INFO - [2025-01-30T09:23:49.937+0000] {dag.py:3096} INFO - Sync 1 DAGs
[2025-01-30T09:23:49.955+0000] {logging_mixin.py:188} INFO - [2025-01-30T09:23:49.954+0000] {dag.py:3954} INFO - Setting next_dagrun for example_complex to None, run_after=None
[2025-01-30T09:23:49.985+0000] {processor.py:183} INFO - Processing /home/airflow/.local/lib/python3.12/site-packages/airflow/example_dags/example_complex.py took 0.108 seconds
[2025-01-30T09:24:20.425+0000] {processor.py:161} INFO - Started process (PID=554) to work on /home/airflow/.local/lib/python3.12/site-packages/airflow/example_dags/example_complex.py
[2025-01-30T09:24:20.426+0000] {processor.py:830} INFO - Processing file /home/airflow/.local/lib/python3.12/site-packages/airflow/example_dags/example_complex.py for tasks to queue
[2025-01-30T09:24:20.437+0000] {logging_mixin.py:188} INFO - [2025-01-30T09:24:20.428+0000] {dagbag.py:545} INFO - Filling up the DagBag from /home/airflow/.local/lib/python3.12/site-packages/airflow/example_dags/example_complex.py
[2025-01-30T09:24:20.458+0000] {processor.py:840} INFO - DAG(s) 'example_complex' retrieved from /home/airflow/.local/lib/python3.12/site-packages/airflow/example_dags/example_complex.py
[2025-01-30T09:24:20.514+0000] {logging_mixin.py:188} INFO - [2025-01-30T09:24:20.514+0000] {dag.py:3096} INFO - Sync 1 DAGs
[2025-01-30T09:24:20.547+0000] {logging_mixin.py:188} INFO - [2025-01-30T09:24:20.546+0000] {dag.py:3954} INFO - Setting next_dagrun for example_complex to None, run_after=None
[2025-01-30T09:24:20.592+0000] {processor.py:183} INFO - Processing /home/airflow/.local/lib/python3.12/site-packages/airflow/example_dags/example_complex.py took 0.174 seconds
[2025-01-30T09:24:50.666+0000] {processor.py:161} INFO - Started process (PID=612) to work on /home/airflow/.local/lib/python3.12/site-packages/airflow/example_dags/example_complex.py
[2025-01-30T09:24:50.667+0000] {processor.py:830} INFO - Processing file /home/airflow/.local/lib/python3.12/site-packages/airflow/example_dags/example_complex.py for tasks to queue
[2025-01-30T09:24:50.669+0000] {logging_mixin.py:188} INFO - [2025-01-30T09:24:50.669+0000] {dagbag.py:545} INFO - Filling up the DagBag from /home/airflow/.local/lib/python3.12/site-packages/airflow/example_dags/example_complex.py
[2025-01-30T09:24:50.679+0000] {processor.py:840} INFO - DAG(s) 'example_complex' retrieved from /home/airflow/.local/lib/python3.12/site-packages/airflow/example_dags/example_complex.py
[2025-01-30T09:24:50.716+0000] {logging_mixin.py:188} INFO - [2025-01-30T09:24:50.715+0000] {dag.py:3096} INFO - Sync 1 DAGs
[2025-01-30T09:24:50.730+0000] {logging_mixin.py:188} INFO - [2025-01-30T09:24:50.730+0000] {dag.py:3954} INFO - Setting next_dagrun for example_complex to None, run_after=None
[2025-01-30T09:24:50.756+0000] {processor.py:183} INFO - Processing /home/airflow/.local/lib/python3.12/site-packages/airflow/example_dags/example_complex.py took 0.095 seconds
[2025-01-30T09:25:21.017+0000] {processor.py:161} INFO - Started process (PID=670) to work on /home/airflow/.local/lib/python3.12/site-packages/airflow/example_dags/example_complex.py
[2025-01-30T09:25:21.018+0000] {processor.py:830} INFO - Processing file /home/airflow/.local/lib/python3.12/site-packages/airflow/example_dags/example_complex.py for tasks to queue
[2025-01-30T09:25:21.020+0000] {logging_mixin.py:188} INFO - [2025-01-30T09:25:21.020+0000] {dagbag.py:545} INFO - Filling up the DagBag from /home/airflow/.local/lib/python3.12/site-packages/airflow/example_dags/example_complex.py
[2025-01-30T09:25:21.031+0000] {processor.py:840} INFO - DAG(s) 'example_complex' retrieved from /home/airflow/.local/lib/python3.12/site-packages/airflow/example_dags/example_complex.py
[2025-01-30T09:25:21.066+0000] {logging_mixin.py:188} INFO - [2025-01-30T09:25:21.066+0000] {dag.py:3096} INFO - Sync 1 DAGs
[2025-01-30T09:25:21.081+0000] {logging_mixin.py:188} INFO - [2025-01-30T09:25:21.080+0000] {dag.py:3954} INFO - Setting next_dagrun for example_complex to None, run_after=None
[2025-01-30T09:25:21.119+0000] {processor.py:183} INFO - Processing /home/airflow/.local/lib/python3.12/site-packages/airflow/example_dags/example_complex.py took 0.106 seconds
