[2025-01-30T08:43:56.906+0000] {processor.py:161} INFO - Started process (PID=124) to work on /home/airflow/.local/lib/python3.12/site-packages/airflow/example_dags/example_python_decorator.py
[2025-01-30T08:43:56.907+0000] {processor.py:830} INFO - Processing file /home/airflow/.local/lib/python3.12/site-packages/airflow/example_dags/example_python_decorator.py for tasks to queue
[2025-01-30T08:43:56.909+0000] {logging_mixin.py:188} INFO - [2025-01-30T08:43:56.909+0000] {dagbag.py:545} INFO - Filling up the DagBag from /home/airflow/.local/lib/python3.12/site-packages/airflow/example_dags/example_python_decorator.py
[2025-01-30T08:43:56.926+0000] {processor.py:840} INFO - DAG(s) 'example_python_decorator' retrieved from /home/airflow/.local/lib/python3.12/site-packages/airflow/example_dags/example_python_decorator.py
[2025-01-30T08:43:57.059+0000] {logging_mixin.py:188} INFO - [2025-01-30T08:43:57.059+0000] {dag.py:3096} INFO - Sync 1 DAGs
[2025-01-30T08:43:57.072+0000] {logging_mixin.py:188} INFO - [2025-01-30T08:43:57.072+0000] {dag.py:3954} INFO - Setting next_dagrun for example_python_decorator to None, run_after=None
[2025-01-30T08:43:57.097+0000] {processor.py:183} INFO - Processing /home/airflow/.local/lib/python3.12/site-packages/airflow/example_dags/example_python_decorator.py took 0.197 seconds
[2025-01-30T08:44:28.021+0000] {processor.py:161} INFO - Started process (PID=182) to work on /home/airflow/.local/lib/python3.12/site-packages/airflow/example_dags/example_python_decorator.py
[2025-01-30T08:44:28.023+0000] {processor.py:830} INFO - Processing file /home/airflow/.local/lib/python3.12/site-packages/airflow/example_dags/example_python_decorator.py for tasks to queue
[2025-01-30T08:44:28.024+0000] {logging_mixin.py:188} INFO - [2025-01-30T08:44:28.024+0000] {dagbag.py:545} INFO - Filling up the DagBag from /home/airflow/.local/lib/python3.12/site-packages/airflow/example_dags/example_python_decorator.py
[2025-01-30T08:44:28.036+0000] {processor.py:840} INFO - DAG(s) 'example_python_decorator' retrieved from /home/airflow/.local/lib/python3.12/site-packages/airflow/example_dags/example_python_decorator.py
[2025-01-30T08:44:28.057+0000] {logging_mixin.py:188} INFO - [2025-01-30T08:44:28.057+0000] {dag.py:3096} INFO - Sync 1 DAGs
[2025-01-30T08:44:28.070+0000] {logging_mixin.py:188} INFO - [2025-01-30T08:44:28.070+0000] {dag.py:3954} INFO - Setting next_dagrun for example_python_decorator to None, run_after=None
[2025-01-30T08:44:28.092+0000] {processor.py:183} INFO - Processing /home/airflow/.local/lib/python3.12/site-packages/airflow/example_dags/example_python_decorator.py took 0.075 seconds
[2025-01-30T08:44:58.251+0000] {processor.py:161} INFO - Started process (PID=240) to work on /home/airflow/.local/lib/python3.12/site-packages/airflow/example_dags/example_python_decorator.py
[2025-01-30T08:44:58.252+0000] {processor.py:830} INFO - Processing file /home/airflow/.local/lib/python3.12/site-packages/airflow/example_dags/example_python_decorator.py for tasks to queue
[2025-01-30T08:44:58.254+0000] {logging_mixin.py:188} INFO - [2025-01-30T08:44:58.254+0000] {dagbag.py:545} INFO - Filling up the DagBag from /home/airflow/.local/lib/python3.12/site-packages/airflow/example_dags/example_python_decorator.py
[2025-01-30T08:44:58.266+0000] {processor.py:840} INFO - DAG(s) 'example_python_decorator' retrieved from /home/airflow/.local/lib/python3.12/site-packages/airflow/example_dags/example_python_decorator.py
[2025-01-30T08:44:58.294+0000] {logging_mixin.py:188} INFO - [2025-01-30T08:44:58.293+0000] {dag.py:3096} INFO - Sync 1 DAGs
[2025-01-30T08:44:58.308+0000] {logging_mixin.py:188} INFO - [2025-01-30T08:44:58.308+0000] {dag.py:3954} INFO - Setting next_dagrun for example_python_decorator to None, run_after=None
[2025-01-30T08:44:58.332+0000] {processor.py:183} INFO - Processing /home/airflow/.local/lib/python3.12/site-packages/airflow/example_dags/example_python_decorator.py took 0.087 seconds
[2025-01-30T08:45:28.471+0000] {processor.py:161} INFO - Started process (PID=298) to work on /home/airflow/.local/lib/python3.12/site-packages/airflow/example_dags/example_python_decorator.py
[2025-01-30T08:45:28.472+0000] {processor.py:830} INFO - Processing file /home/airflow/.local/lib/python3.12/site-packages/airflow/example_dags/example_python_decorator.py for tasks to queue
[2025-01-30T08:45:28.474+0000] {logging_mixin.py:188} INFO - [2025-01-30T08:45:28.474+0000] {dagbag.py:545} INFO - Filling up the DagBag from /home/airflow/.local/lib/python3.12/site-packages/airflow/example_dags/example_python_decorator.py
[2025-01-30T08:45:28.487+0000] {processor.py:840} INFO - DAG(s) 'example_python_decorator' retrieved from /home/airflow/.local/lib/python3.12/site-packages/airflow/example_dags/example_python_decorator.py
[2025-01-30T08:45:28.511+0000] {logging_mixin.py:188} INFO - [2025-01-30T08:45:28.510+0000] {dag.py:3096} INFO - Sync 1 DAGs
[2025-01-30T08:45:28.524+0000] {logging_mixin.py:188} INFO - [2025-01-30T08:45:28.524+0000] {dag.py:3954} INFO - Setting next_dagrun for example_python_decorator to None, run_after=None
[2025-01-30T08:45:28.550+0000] {processor.py:183} INFO - Processing /home/airflow/.local/lib/python3.12/site-packages/airflow/example_dags/example_python_decorator.py took 0.084 seconds
[2025-01-30T08:45:58.924+0000] {processor.py:161} INFO - Started process (PID=356) to work on /home/airflow/.local/lib/python3.12/site-packages/airflow/example_dags/example_python_decorator.py
[2025-01-30T08:45:58.925+0000] {processor.py:830} INFO - Processing file /home/airflow/.local/lib/python3.12/site-packages/airflow/example_dags/example_python_decorator.py for tasks to queue
[2025-01-30T08:45:58.929+0000] {logging_mixin.py:188} INFO - [2025-01-30T08:45:58.928+0000] {dagbag.py:545} INFO - Filling up the DagBag from /home/airflow/.local/lib/python3.12/site-packages/airflow/example_dags/example_python_decorator.py
[2025-01-30T08:45:58.942+0000] {processor.py:840} INFO - DAG(s) 'example_python_decorator' retrieved from /home/airflow/.local/lib/python3.12/site-packages/airflow/example_dags/example_python_decorator.py
[2025-01-30T08:45:58.970+0000] {logging_mixin.py:188} INFO - [2025-01-30T08:45:58.970+0000] {dag.py:3096} INFO - Sync 1 DAGs
[2025-01-30T08:45:58.986+0000] {logging_mixin.py:188} INFO - [2025-01-30T08:45:58.986+0000] {dag.py:3954} INFO - Setting next_dagrun for example_python_decorator to None, run_after=None
[2025-01-30T08:45:59.018+0000] {processor.py:183} INFO - Processing /home/airflow/.local/lib/python3.12/site-packages/airflow/example_dags/example_python_decorator.py took 0.100 seconds
[2025-01-30T08:46:29.893+0000] {processor.py:161} INFO - Started process (PID=413) to work on /home/airflow/.local/lib/python3.12/site-packages/airflow/example_dags/example_python_decorator.py
[2025-01-30T08:46:29.895+0000] {processor.py:830} INFO - Processing file /home/airflow/.local/lib/python3.12/site-packages/airflow/example_dags/example_python_decorator.py for tasks to queue
[2025-01-30T08:46:29.899+0000] {logging_mixin.py:188} INFO - [2025-01-30T08:46:29.897+0000] {dagbag.py:545} INFO - Filling up the DagBag from /home/airflow/.local/lib/python3.12/site-packages/airflow/example_dags/example_python_decorator.py
[2025-01-30T08:46:29.915+0000] {processor.py:840} INFO - DAG(s) 'example_python_decorator' retrieved from /home/airflow/.local/lib/python3.12/site-packages/airflow/example_dags/example_python_decorator.py
[2025-01-30T08:46:29.945+0000] {logging_mixin.py:188} INFO - [2025-01-30T08:46:29.945+0000] {dag.py:3096} INFO - Sync 1 DAGs
[2025-01-30T08:46:29.962+0000] {logging_mixin.py:188} INFO - [2025-01-30T08:46:29.962+0000] {dag.py:3954} INFO - Setting next_dagrun for example_python_decorator to None, run_after=None
[2025-01-30T08:46:29.994+0000] {processor.py:183} INFO - Processing /home/airflow/.local/lib/python3.12/site-packages/airflow/example_dags/example_python_decorator.py took 0.108 seconds
[2025-01-30T08:47:00.379+0000] {processor.py:161} INFO - Started process (PID=471) to work on /home/airflow/.local/lib/python3.12/site-packages/airflow/example_dags/example_python_decorator.py
[2025-01-30T08:47:00.380+0000] {processor.py:830} INFO - Processing file /home/airflow/.local/lib/python3.12/site-packages/airflow/example_dags/example_python_decorator.py for tasks to queue
[2025-01-30T08:47:00.382+0000] {logging_mixin.py:188} INFO - [2025-01-30T08:47:00.381+0000] {dagbag.py:545} INFO - Filling up the DagBag from /home/airflow/.local/lib/python3.12/site-packages/airflow/example_dags/example_python_decorator.py
[2025-01-30T08:47:00.394+0000] {processor.py:840} INFO - DAG(s) 'example_python_decorator' retrieved from /home/airflow/.local/lib/python3.12/site-packages/airflow/example_dags/example_python_decorator.py
[2025-01-30T08:47:00.419+0000] {logging_mixin.py:188} INFO - [2025-01-30T08:47:00.419+0000] {dag.py:3096} INFO - Sync 1 DAGs
[2025-01-30T08:47:00.433+0000] {logging_mixin.py:188} INFO - [2025-01-30T08:47:00.432+0000] {dag.py:3954} INFO - Setting next_dagrun for example_python_decorator to None, run_after=None
[2025-01-30T08:47:00.457+0000] {processor.py:183} INFO - Processing /home/airflow/.local/lib/python3.12/site-packages/airflow/example_dags/example_python_decorator.py took 0.083 seconds
[2025-01-30T08:47:30.538+0000] {processor.py:161} INFO - Started process (PID=529) to work on /home/airflow/.local/lib/python3.12/site-packages/airflow/example_dags/example_python_decorator.py
[2025-01-30T08:47:30.539+0000] {processor.py:830} INFO - Processing file /home/airflow/.local/lib/python3.12/site-packages/airflow/example_dags/example_python_decorator.py for tasks to queue
[2025-01-30T08:47:30.541+0000] {logging_mixin.py:188} INFO - [2025-01-30T08:47:30.541+0000] {dagbag.py:545} INFO - Filling up the DagBag from /home/airflow/.local/lib/python3.12/site-packages/airflow/example_dags/example_python_decorator.py
[2025-01-30T08:47:30.560+0000] {processor.py:840} INFO - DAG(s) 'example_python_decorator' retrieved from /home/airflow/.local/lib/python3.12/site-packages/airflow/example_dags/example_python_decorator.py
[2025-01-30T08:47:30.587+0000] {logging_mixin.py:188} INFO - [2025-01-30T08:47:30.586+0000] {dag.py:3096} INFO - Sync 1 DAGs
[2025-01-30T08:47:30.599+0000] {logging_mixin.py:188} INFO - [2025-01-30T08:47:30.599+0000] {dag.py:3954} INFO - Setting next_dagrun for example_python_decorator to None, run_after=None
[2025-01-30T08:47:30.623+0000] {processor.py:183} INFO - Processing /home/airflow/.local/lib/python3.12/site-packages/airflow/example_dags/example_python_decorator.py took 0.091 seconds
[2025-01-30T08:48:01.085+0000] {processor.py:161} INFO - Started process (PID=587) to work on /home/airflow/.local/lib/python3.12/site-packages/airflow/example_dags/example_python_decorator.py
[2025-01-30T08:48:01.086+0000] {processor.py:830} INFO - Processing file /home/airflow/.local/lib/python3.12/site-packages/airflow/example_dags/example_python_decorator.py for tasks to queue
[2025-01-30T08:48:01.089+0000] {logging_mixin.py:188} INFO - [2025-01-30T08:48:01.088+0000] {dagbag.py:545} INFO - Filling up the DagBag from /home/airflow/.local/lib/python3.12/site-packages/airflow/example_dags/example_python_decorator.py
[2025-01-30T08:48:01.100+0000] {processor.py:840} INFO - DAG(s) 'example_python_decorator' retrieved from /home/airflow/.local/lib/python3.12/site-packages/airflow/example_dags/example_python_decorator.py
[2025-01-30T08:48:01.126+0000] {logging_mixin.py:188} INFO - [2025-01-30T08:48:01.126+0000] {dag.py:3096} INFO - Sync 1 DAGs
[2025-01-30T08:48:01.140+0000] {logging_mixin.py:188} INFO - [2025-01-30T08:48:01.139+0000] {dag.py:3954} INFO - Setting next_dagrun for example_python_decorator to None, run_after=None
[2025-01-30T08:48:01.169+0000] {processor.py:183} INFO - Processing /home/airflow/.local/lib/python3.12/site-packages/airflow/example_dags/example_python_decorator.py took 0.090 seconds
[2025-01-30T08:48:31.228+0000] {processor.py:161} INFO - Started process (PID=645) to work on /home/airflow/.local/lib/python3.12/site-packages/airflow/example_dags/example_python_decorator.py
[2025-01-30T08:48:31.229+0000] {processor.py:830} INFO - Processing file /home/airflow/.local/lib/python3.12/site-packages/airflow/example_dags/example_python_decorator.py for tasks to queue
[2025-01-30T08:48:31.231+0000] {logging_mixin.py:188} INFO - [2025-01-30T08:48:31.231+0000] {dagbag.py:545} INFO - Filling up the DagBag from /home/airflow/.local/lib/python3.12/site-packages/airflow/example_dags/example_python_decorator.py
[2025-01-30T08:48:31.243+0000] {processor.py:840} INFO - DAG(s) 'example_python_decorator' retrieved from /home/airflow/.local/lib/python3.12/site-packages/airflow/example_dags/example_python_decorator.py
[2025-01-30T08:48:31.266+0000] {logging_mixin.py:188} INFO - [2025-01-30T08:48:31.265+0000] {dag.py:3096} INFO - Sync 1 DAGs
[2025-01-30T08:48:31.280+0000] {logging_mixin.py:188} INFO - [2025-01-30T08:48:31.280+0000] {dag.py:3954} INFO - Setting next_dagrun for example_python_decorator to None, run_after=None
[2025-01-30T08:48:31.306+0000] {processor.py:183} INFO - Processing /home/airflow/.local/lib/python3.12/site-packages/airflow/example_dags/example_python_decorator.py took 0.083 seconds
[2025-01-30T08:49:01.774+0000] {processor.py:161} INFO - Started process (PID=703) to work on /home/airflow/.local/lib/python3.12/site-packages/airflow/example_dags/example_python_decorator.py
[2025-01-30T08:49:01.775+0000] {processor.py:830} INFO - Processing file /home/airflow/.local/lib/python3.12/site-packages/airflow/example_dags/example_python_decorator.py for tasks to queue
[2025-01-30T08:49:01.776+0000] {logging_mixin.py:188} INFO - [2025-01-30T08:49:01.776+0000] {dagbag.py:545} INFO - Filling up the DagBag from /home/airflow/.local/lib/python3.12/site-packages/airflow/example_dags/example_python_decorator.py
[2025-01-30T08:49:01.788+0000] {processor.py:840} INFO - DAG(s) 'example_python_decorator' retrieved from /home/airflow/.local/lib/python3.12/site-packages/airflow/example_dags/example_python_decorator.py
[2025-01-30T08:49:01.811+0000] {logging_mixin.py:188} INFO - [2025-01-30T08:49:01.811+0000] {dag.py:3096} INFO - Sync 1 DAGs
[2025-01-30T08:49:01.824+0000] {logging_mixin.py:188} INFO - [2025-01-30T08:49:01.824+0000] {dag.py:3954} INFO - Setting next_dagrun for example_python_decorator to None, run_after=None
[2025-01-30T08:49:01.846+0000] {processor.py:183} INFO - Processing /home/airflow/.local/lib/python3.12/site-packages/airflow/example_dags/example_python_decorator.py took 0.077 seconds
[2025-01-30T08:49:32.049+0000] {processor.py:161} INFO - Started process (PID=761) to work on /home/airflow/.local/lib/python3.12/site-packages/airflow/example_dags/example_python_decorator.py
[2025-01-30T08:49:32.050+0000] {processor.py:830} INFO - Processing file /home/airflow/.local/lib/python3.12/site-packages/airflow/example_dags/example_python_decorator.py for tasks to queue
[2025-01-30T08:49:32.052+0000] {logging_mixin.py:188} INFO - [2025-01-30T08:49:32.052+0000] {dagbag.py:545} INFO - Filling up the DagBag from /home/airflow/.local/lib/python3.12/site-packages/airflow/example_dags/example_python_decorator.py
[2025-01-30T08:49:32.065+0000] {processor.py:840} INFO - DAG(s) 'example_python_decorator' retrieved from /home/airflow/.local/lib/python3.12/site-packages/airflow/example_dags/example_python_decorator.py
[2025-01-30T08:49:32.089+0000] {logging_mixin.py:188} INFO - [2025-01-30T08:49:32.089+0000] {dag.py:3096} INFO - Sync 1 DAGs
[2025-01-30T08:49:32.102+0000] {logging_mixin.py:188} INFO - [2025-01-30T08:49:32.101+0000] {dag.py:3954} INFO - Setting next_dagrun for example_python_decorator to None, run_after=None
[2025-01-30T08:49:32.127+0000] {processor.py:183} INFO - Processing /home/airflow/.local/lib/python3.12/site-packages/airflow/example_dags/example_python_decorator.py took 0.083 seconds
[2025-01-30T08:50:02.548+0000] {processor.py:161} INFO - Started process (PID=819) to work on /home/airflow/.local/lib/python3.12/site-packages/airflow/example_dags/example_python_decorator.py
[2025-01-30T08:50:02.549+0000] {processor.py:830} INFO - Processing file /home/airflow/.local/lib/python3.12/site-packages/airflow/example_dags/example_python_decorator.py for tasks to queue
[2025-01-30T08:50:02.551+0000] {logging_mixin.py:188} INFO - [2025-01-30T08:50:02.551+0000] {dagbag.py:545} INFO - Filling up the DagBag from /home/airflow/.local/lib/python3.12/site-packages/airflow/example_dags/example_python_decorator.py
[2025-01-30T08:50:02.563+0000] {processor.py:840} INFO - DAG(s) 'example_python_decorator' retrieved from /home/airflow/.local/lib/python3.12/site-packages/airflow/example_dags/example_python_decorator.py
[2025-01-30T08:50:02.584+0000] {logging_mixin.py:188} INFO - [2025-01-30T08:50:02.584+0000] {dag.py:3096} INFO - Sync 1 DAGs
[2025-01-30T08:50:02.599+0000] {logging_mixin.py:188} INFO - [2025-01-30T08:50:02.598+0000] {dag.py:3954} INFO - Setting next_dagrun for example_python_decorator to None, run_after=None
[2025-01-30T08:50:02.625+0000] {processor.py:183} INFO - Processing /home/airflow/.local/lib/python3.12/site-packages/airflow/example_dags/example_python_decorator.py took 0.082 seconds
[2025-01-30T08:50:33.106+0000] {processor.py:161} INFO - Started process (PID=877) to work on /home/airflow/.local/lib/python3.12/site-packages/airflow/example_dags/example_python_decorator.py
[2025-01-30T08:50:33.107+0000] {processor.py:830} INFO - Processing file /home/airflow/.local/lib/python3.12/site-packages/airflow/example_dags/example_python_decorator.py for tasks to queue
[2025-01-30T08:50:33.109+0000] {logging_mixin.py:188} INFO - [2025-01-30T08:50:33.109+0000] {dagbag.py:545} INFO - Filling up the DagBag from /home/airflow/.local/lib/python3.12/site-packages/airflow/example_dags/example_python_decorator.py
[2025-01-30T08:50:33.120+0000] {processor.py:840} INFO - DAG(s) 'example_python_decorator' retrieved from /home/airflow/.local/lib/python3.12/site-packages/airflow/example_dags/example_python_decorator.py
[2025-01-30T08:50:33.144+0000] {logging_mixin.py:188} INFO - [2025-01-30T08:50:33.144+0000] {dag.py:3096} INFO - Sync 1 DAGs
[2025-01-30T08:50:33.159+0000] {logging_mixin.py:188} INFO - [2025-01-30T08:50:33.159+0000] {dag.py:3954} INFO - Setting next_dagrun for example_python_decorator to None, run_after=None
[2025-01-30T08:50:33.182+0000] {processor.py:183} INFO - Processing /home/airflow/.local/lib/python3.12/site-packages/airflow/example_dags/example_python_decorator.py took 0.081 seconds
[2025-01-30T08:51:03.271+0000] {processor.py:161} INFO - Started process (PID=935) to work on /home/airflow/.local/lib/python3.12/site-packages/airflow/example_dags/example_python_decorator.py
[2025-01-30T08:51:03.272+0000] {processor.py:830} INFO - Processing file /home/airflow/.local/lib/python3.12/site-packages/airflow/example_dags/example_python_decorator.py for tasks to queue
[2025-01-30T08:51:03.274+0000] {logging_mixin.py:188} INFO - [2025-01-30T08:51:03.274+0000] {dagbag.py:545} INFO - Filling up the DagBag from /home/airflow/.local/lib/python3.12/site-packages/airflow/example_dags/example_python_decorator.py
[2025-01-30T08:51:03.286+0000] {processor.py:840} INFO - DAG(s) 'example_python_decorator' retrieved from /home/airflow/.local/lib/python3.12/site-packages/airflow/example_dags/example_python_decorator.py
[2025-01-30T08:51:03.314+0000] {logging_mixin.py:188} INFO - [2025-01-30T08:51:03.314+0000] {dag.py:3096} INFO - Sync 1 DAGs
[2025-01-30T08:51:03.328+0000] {logging_mixin.py:188} INFO - [2025-01-30T08:51:03.327+0000] {dag.py:3954} INFO - Setting next_dagrun for example_python_decorator to None, run_after=None
[2025-01-30T08:51:03.353+0000] {processor.py:183} INFO - Processing /home/airflow/.local/lib/python3.12/site-packages/airflow/example_dags/example_python_decorator.py took 0.087 seconds
[2025-01-30T08:51:33.708+0000] {processor.py:161} INFO - Started process (PID=993) to work on /home/airflow/.local/lib/python3.12/site-packages/airflow/example_dags/example_python_decorator.py
[2025-01-30T08:51:33.709+0000] {processor.py:830} INFO - Processing file /home/airflow/.local/lib/python3.12/site-packages/airflow/example_dags/example_python_decorator.py for tasks to queue
[2025-01-30T08:51:33.711+0000] {logging_mixin.py:188} INFO - [2025-01-30T08:51:33.710+0000] {dagbag.py:545} INFO - Filling up the DagBag from /home/airflow/.local/lib/python3.12/site-packages/airflow/example_dags/example_python_decorator.py
[2025-01-30T08:51:33.723+0000] {processor.py:840} INFO - DAG(s) 'example_python_decorator' retrieved from /home/airflow/.local/lib/python3.12/site-packages/airflow/example_dags/example_python_decorator.py
[2025-01-30T08:51:33.748+0000] {logging_mixin.py:188} INFO - [2025-01-30T08:51:33.748+0000] {dag.py:3096} INFO - Sync 1 DAGs
[2025-01-30T08:51:33.763+0000] {logging_mixin.py:188} INFO - [2025-01-30T08:51:33.763+0000] {dag.py:3954} INFO - Setting next_dagrun for example_python_decorator to None, run_after=None
[2025-01-30T08:51:33.786+0000] {processor.py:183} INFO - Processing /home/airflow/.local/lib/python3.12/site-packages/airflow/example_dags/example_python_decorator.py took 0.084 seconds
[2025-01-30T08:52:04.128+0000] {processor.py:161} INFO - Started process (PID=1051) to work on /home/airflow/.local/lib/python3.12/site-packages/airflow/example_dags/example_python_decorator.py
[2025-01-30T08:52:04.128+0000] {processor.py:830} INFO - Processing file /home/airflow/.local/lib/python3.12/site-packages/airflow/example_dags/example_python_decorator.py for tasks to queue
[2025-01-30T08:52:04.131+0000] {logging_mixin.py:188} INFO - [2025-01-30T08:52:04.130+0000] {dagbag.py:545} INFO - Filling up the DagBag from /home/airflow/.local/lib/python3.12/site-packages/airflow/example_dags/example_python_decorator.py
[2025-01-30T08:52:04.142+0000] {processor.py:840} INFO - DAG(s) 'example_python_decorator' retrieved from /home/airflow/.local/lib/python3.12/site-packages/airflow/example_dags/example_python_decorator.py
[2025-01-30T08:52:04.167+0000] {logging_mixin.py:188} INFO - [2025-01-30T08:52:04.167+0000] {dag.py:3096} INFO - Sync 1 DAGs
[2025-01-30T08:52:04.181+0000] {logging_mixin.py:188} INFO - [2025-01-30T08:52:04.180+0000] {dag.py:3954} INFO - Setting next_dagrun for example_python_decorator to None, run_after=None
[2025-01-30T08:52:04.205+0000] {processor.py:183} INFO - Processing /home/airflow/.local/lib/python3.12/site-packages/airflow/example_dags/example_python_decorator.py took 0.082 seconds
[2025-01-30T08:52:34.586+0000] {processor.py:161} INFO - Started process (PID=1109) to work on /home/airflow/.local/lib/python3.12/site-packages/airflow/example_dags/example_python_decorator.py
[2025-01-30T08:52:34.587+0000] {processor.py:830} INFO - Processing file /home/airflow/.local/lib/python3.12/site-packages/airflow/example_dags/example_python_decorator.py for tasks to queue
[2025-01-30T08:52:34.589+0000] {logging_mixin.py:188} INFO - [2025-01-30T08:52:34.588+0000] {dagbag.py:545} INFO - Filling up the DagBag from /home/airflow/.local/lib/python3.12/site-packages/airflow/example_dags/example_python_decorator.py
[2025-01-30T08:52:34.606+0000] {processor.py:840} INFO - DAG(s) 'example_python_decorator' retrieved from /home/airflow/.local/lib/python3.12/site-packages/airflow/example_dags/example_python_decorator.py
[2025-01-30T08:52:34.647+0000] {logging_mixin.py:188} INFO - [2025-01-30T08:52:34.647+0000] {dag.py:3096} INFO - Sync 1 DAGs
[2025-01-30T08:52:34.660+0000] {logging_mixin.py:188} INFO - [2025-01-30T08:52:34.660+0000] {dag.py:3954} INFO - Setting next_dagrun for example_python_decorator to None, run_after=None
[2025-01-30T08:52:34.684+0000] {processor.py:183} INFO - Processing /home/airflow/.local/lib/python3.12/site-packages/airflow/example_dags/example_python_decorator.py took 0.104 seconds
[2025-01-30T08:53:04.837+0000] {processor.py:161} INFO - Started process (PID=1167) to work on /home/airflow/.local/lib/python3.12/site-packages/airflow/example_dags/example_python_decorator.py
[2025-01-30T08:53:04.745+0000] {processor.py:830} INFO - Processing file /home/airflow/.local/lib/python3.12/site-packages/airflow/example_dags/example_python_decorator.py for tasks to queue
[2025-01-30T08:53:04.747+0000] {logging_mixin.py:188} INFO - [2025-01-30T08:53:04.747+0000] {dagbag.py:545} INFO - Filling up the DagBag from /home/airflow/.local/lib/python3.12/site-packages/airflow/example_dags/example_python_decorator.py
[2025-01-30T08:53:04.760+0000] {processor.py:840} INFO - DAG(s) 'example_python_decorator' retrieved from /home/airflow/.local/lib/python3.12/site-packages/airflow/example_dags/example_python_decorator.py
[2025-01-30T08:53:04.787+0000] {logging_mixin.py:188} INFO - [2025-01-30T08:53:04.786+0000] {dag.py:3096} INFO - Sync 1 DAGs
[2025-01-30T08:53:04.800+0000] {logging_mixin.py:188} INFO - [2025-01-30T08:53:04.800+0000] {dag.py:3954} INFO - Setting next_dagrun for example_python_decorator to None, run_after=None
[2025-01-30T08:53:04.826+0000] {processor.py:183} INFO - Processing /home/airflow/.local/lib/python3.12/site-packages/airflow/example_dags/example_python_decorator.py took 0.089 seconds
[2025-01-30T08:53:35.091+0000] {processor.py:161} INFO - Started process (PID=1225) to work on /home/airflow/.local/lib/python3.12/site-packages/airflow/example_dags/example_python_decorator.py
[2025-01-30T08:53:35.092+0000] {processor.py:830} INFO - Processing file /home/airflow/.local/lib/python3.12/site-packages/airflow/example_dags/example_python_decorator.py for tasks to queue
[2025-01-30T08:53:35.094+0000] {logging_mixin.py:188} INFO - [2025-01-30T08:53:35.094+0000] {dagbag.py:545} INFO - Filling up the DagBag from /home/airflow/.local/lib/python3.12/site-packages/airflow/example_dags/example_python_decorator.py
[2025-01-30T08:53:35.106+0000] {processor.py:840} INFO - DAG(s) 'example_python_decorator' retrieved from /home/airflow/.local/lib/python3.12/site-packages/airflow/example_dags/example_python_decorator.py
[2025-01-30T08:53:35.128+0000] {logging_mixin.py:188} INFO - [2025-01-30T08:53:35.128+0000] {dag.py:3096} INFO - Sync 1 DAGs
[2025-01-30T08:53:35.141+0000] {logging_mixin.py:188} INFO - [2025-01-30T08:53:35.141+0000] {dag.py:3954} INFO - Setting next_dagrun for example_python_decorator to None, run_after=None
[2025-01-30T08:53:35.165+0000] {processor.py:183} INFO - Processing /home/airflow/.local/lib/python3.12/site-packages/airflow/example_dags/example_python_decorator.py took 0.079 seconds
[2025-01-30T08:54:05.480+0000] {processor.py:161} INFO - Started process (PID=1283) to work on /home/airflow/.local/lib/python3.12/site-packages/airflow/example_dags/example_python_decorator.py
[2025-01-30T08:54:05.481+0000] {processor.py:830} INFO - Processing file /home/airflow/.local/lib/python3.12/site-packages/airflow/example_dags/example_python_decorator.py for tasks to queue
[2025-01-30T08:54:05.483+0000] {logging_mixin.py:188} INFO - [2025-01-30T08:54:05.483+0000] {dagbag.py:545} INFO - Filling up the DagBag from /home/airflow/.local/lib/python3.12/site-packages/airflow/example_dags/example_python_decorator.py
[2025-01-30T08:54:05.495+0000] {processor.py:840} INFO - DAG(s) 'example_python_decorator' retrieved from /home/airflow/.local/lib/python3.12/site-packages/airflow/example_dags/example_python_decorator.py
[2025-01-30T08:54:05.520+0000] {logging_mixin.py:188} INFO - [2025-01-30T08:54:05.519+0000] {dag.py:3096} INFO - Sync 1 DAGs
[2025-01-30T08:54:05.532+0000] {logging_mixin.py:188} INFO - [2025-01-30T08:54:05.531+0000] {dag.py:3954} INFO - Setting next_dagrun for example_python_decorator to None, run_after=None
[2025-01-30T08:54:05.554+0000] {processor.py:183} INFO - Processing /home/airflow/.local/lib/python3.12/site-packages/airflow/example_dags/example_python_decorator.py took 0.079 seconds
[2025-01-30T08:54:36.332+0000] {processor.py:161} INFO - Started process (PID=1341) to work on /home/airflow/.local/lib/python3.12/site-packages/airflow/example_dags/example_python_decorator.py
[2025-01-30T08:54:36.333+0000] {processor.py:830} INFO - Processing file /home/airflow/.local/lib/python3.12/site-packages/airflow/example_dags/example_python_decorator.py for tasks to queue
[2025-01-30T08:54:36.335+0000] {logging_mixin.py:188} INFO - [2025-01-30T08:54:36.334+0000] {dagbag.py:545} INFO - Filling up the DagBag from /home/airflow/.local/lib/python3.12/site-packages/airflow/example_dags/example_python_decorator.py
[2025-01-30T08:54:36.347+0000] {processor.py:840} INFO - DAG(s) 'example_python_decorator' retrieved from /home/airflow/.local/lib/python3.12/site-packages/airflow/example_dags/example_python_decorator.py
[2025-01-30T08:54:36.371+0000] {logging_mixin.py:188} INFO - [2025-01-30T08:54:36.371+0000] {dag.py:3096} INFO - Sync 1 DAGs
[2025-01-30T08:54:36.384+0000] {logging_mixin.py:188} INFO - [2025-01-30T08:54:36.384+0000] {dag.py:3954} INFO - Setting next_dagrun for example_python_decorator to None, run_after=None
[2025-01-30T08:54:36.411+0000] {processor.py:183} INFO - Processing /home/airflow/.local/lib/python3.12/site-packages/airflow/example_dags/example_python_decorator.py took 0.083 seconds
[2025-01-30T08:55:07.032+0000] {processor.py:161} INFO - Started process (PID=1399) to work on /home/airflow/.local/lib/python3.12/site-packages/airflow/example_dags/example_python_decorator.py
[2025-01-30T08:55:07.034+0000] {processor.py:830} INFO - Processing file /home/airflow/.local/lib/python3.12/site-packages/airflow/example_dags/example_python_decorator.py for tasks to queue
[2025-01-30T08:55:07.036+0000] {logging_mixin.py:188} INFO - [2025-01-30T08:55:07.035+0000] {dagbag.py:545} INFO - Filling up the DagBag from /home/airflow/.local/lib/python3.12/site-packages/airflow/example_dags/example_python_decorator.py
[2025-01-30T08:55:07.049+0000] {processor.py:840} INFO - DAG(s) 'example_python_decorator' retrieved from /home/airflow/.local/lib/python3.12/site-packages/airflow/example_dags/example_python_decorator.py
[2025-01-30T08:55:07.072+0000] {logging_mixin.py:188} INFO - [2025-01-30T08:55:07.072+0000] {dag.py:3096} INFO - Sync 1 DAGs
[2025-01-30T08:55:07.084+0000] {logging_mixin.py:188} INFO - [2025-01-30T08:55:07.083+0000] {dag.py:3954} INFO - Setting next_dagrun for example_python_decorator to None, run_after=None
[2025-01-30T08:55:07.107+0000] {processor.py:183} INFO - Processing /home/airflow/.local/lib/python3.12/site-packages/airflow/example_dags/example_python_decorator.py took 0.079 seconds
[2025-01-30T08:55:37.152+0000] {processor.py:161} INFO - Started process (PID=1457) to work on /home/airflow/.local/lib/python3.12/site-packages/airflow/example_dags/example_python_decorator.py
[2025-01-30T08:55:37.152+0000] {processor.py:830} INFO - Processing file /home/airflow/.local/lib/python3.12/site-packages/airflow/example_dags/example_python_decorator.py for tasks to queue
[2025-01-30T08:55:37.154+0000] {logging_mixin.py:188} INFO - [2025-01-30T08:55:37.154+0000] {dagbag.py:545} INFO - Filling up the DagBag from /home/airflow/.local/lib/python3.12/site-packages/airflow/example_dags/example_python_decorator.py
[2025-01-30T08:55:37.166+0000] {processor.py:840} INFO - DAG(s) 'example_python_decorator' retrieved from /home/airflow/.local/lib/python3.12/site-packages/airflow/example_dags/example_python_decorator.py
[2025-01-30T08:55:37.189+0000] {logging_mixin.py:188} INFO - [2025-01-30T08:55:37.189+0000] {dag.py:3096} INFO - Sync 1 DAGs
[2025-01-30T08:55:37.201+0000] {logging_mixin.py:188} INFO - [2025-01-30T08:55:37.201+0000] {dag.py:3954} INFO - Setting next_dagrun for example_python_decorator to None, run_after=None
[2025-01-30T08:55:37.223+0000] {processor.py:183} INFO - Processing /home/airflow/.local/lib/python3.12/site-packages/airflow/example_dags/example_python_decorator.py took 0.076 seconds
[2025-01-30T08:56:07.501+0000] {processor.py:161} INFO - Started process (PID=1515) to work on /home/airflow/.local/lib/python3.12/site-packages/airflow/example_dags/example_python_decorator.py
[2025-01-30T08:56:07.502+0000] {processor.py:830} INFO - Processing file /home/airflow/.local/lib/python3.12/site-packages/airflow/example_dags/example_python_decorator.py for tasks to queue
[2025-01-30T08:56:07.504+0000] {logging_mixin.py:188} INFO - [2025-01-30T08:56:07.503+0000] {dagbag.py:545} INFO - Filling up the DagBag from /home/airflow/.local/lib/python3.12/site-packages/airflow/example_dags/example_python_decorator.py
[2025-01-30T08:56:07.517+0000] {processor.py:840} INFO - DAG(s) 'example_python_decorator' retrieved from /home/airflow/.local/lib/python3.12/site-packages/airflow/example_dags/example_python_decorator.py
[2025-01-30T08:56:07.543+0000] {logging_mixin.py:188} INFO - [2025-01-30T08:56:07.542+0000] {dag.py:3096} INFO - Sync 1 DAGs
[2025-01-30T08:56:07.558+0000] {logging_mixin.py:188} INFO - [2025-01-30T08:56:07.557+0000] {dag.py:3954} INFO - Setting next_dagrun for example_python_decorator to None, run_after=None
[2025-01-30T08:56:07.578+0000] {processor.py:183} INFO - Processing /home/airflow/.local/lib/python3.12/site-packages/airflow/example_dags/example_python_decorator.py took 0.082 seconds
[2025-01-30T08:56:37.722+0000] {processor.py:161} INFO - Started process (PID=1573) to work on /home/airflow/.local/lib/python3.12/site-packages/airflow/example_dags/example_python_decorator.py
[2025-01-30T08:56:37.723+0000] {processor.py:830} INFO - Processing file /home/airflow/.local/lib/python3.12/site-packages/airflow/example_dags/example_python_decorator.py for tasks to queue
[2025-01-30T08:56:37.725+0000] {logging_mixin.py:188} INFO - [2025-01-30T08:56:37.725+0000] {dagbag.py:545} INFO - Filling up the DagBag from /home/airflow/.local/lib/python3.12/site-packages/airflow/example_dags/example_python_decorator.py
[2025-01-30T08:56:37.736+0000] {processor.py:840} INFO - DAG(s) 'example_python_decorator' retrieved from /home/airflow/.local/lib/python3.12/site-packages/airflow/example_dags/example_python_decorator.py
[2025-01-30T08:56:37.768+0000] {logging_mixin.py:188} INFO - [2025-01-30T08:56:37.767+0000] {dag.py:3096} INFO - Sync 1 DAGs
[2025-01-30T08:56:37.792+0000] {logging_mixin.py:188} INFO - [2025-01-30T08:56:37.792+0000] {dag.py:3954} INFO - Setting next_dagrun for example_python_decorator to None, run_after=None
[2025-01-30T08:56:37.822+0000] {processor.py:183} INFO - Processing /home/airflow/.local/lib/python3.12/site-packages/airflow/example_dags/example_python_decorator.py took 0.105 seconds
[2025-01-30T08:57:08.219+0000] {processor.py:161} INFO - Started process (PID=1631) to work on /home/airflow/.local/lib/python3.12/site-packages/airflow/example_dags/example_python_decorator.py
[2025-01-30T08:57:08.221+0000] {processor.py:830} INFO - Processing file /home/airflow/.local/lib/python3.12/site-packages/airflow/example_dags/example_python_decorator.py for tasks to queue
[2025-01-30T08:57:08.223+0000] {logging_mixin.py:188} INFO - [2025-01-30T08:57:08.223+0000] {dagbag.py:545} INFO - Filling up the DagBag from /home/airflow/.local/lib/python3.12/site-packages/airflow/example_dags/example_python_decorator.py
[2025-01-30T08:57:08.236+0000] {processor.py:840} INFO - DAG(s) 'example_python_decorator' retrieved from /home/airflow/.local/lib/python3.12/site-packages/airflow/example_dags/example_python_decorator.py
[2025-01-30T08:57:08.260+0000] {logging_mixin.py:188} INFO - [2025-01-30T08:57:08.259+0000] {dag.py:3096} INFO - Sync 1 DAGs
[2025-01-30T08:57:08.300+0000] {logging_mixin.py:188} INFO - [2025-01-30T08:57:08.300+0000] {dag.py:3954} INFO - Setting next_dagrun for example_python_decorator to None, run_after=None
[2025-01-30T08:57:08.324+0000] {processor.py:183} INFO - Processing /home/airflow/.local/lib/python3.12/site-packages/airflow/example_dags/example_python_decorator.py took 0.112 seconds
[2025-01-30T08:57:38.559+0000] {processor.py:161} INFO - Started process (PID=1689) to work on /home/airflow/.local/lib/python3.12/site-packages/airflow/example_dags/example_python_decorator.py
[2025-01-30T08:57:38.560+0000] {processor.py:830} INFO - Processing file /home/airflow/.local/lib/python3.12/site-packages/airflow/example_dags/example_python_decorator.py for tasks to queue
[2025-01-30T08:57:38.562+0000] {logging_mixin.py:188} INFO - [2025-01-30T08:57:38.562+0000] {dagbag.py:545} INFO - Filling up the DagBag from /home/airflow/.local/lib/python3.12/site-packages/airflow/example_dags/example_python_decorator.py
[2025-01-30T08:57:38.575+0000] {processor.py:840} INFO - DAG(s) 'example_python_decorator' retrieved from /home/airflow/.local/lib/python3.12/site-packages/airflow/example_dags/example_python_decorator.py
[2025-01-30T08:57:38.602+0000] {logging_mixin.py:188} INFO - [2025-01-30T08:57:38.602+0000] {dag.py:3096} INFO - Sync 1 DAGs
[2025-01-30T08:57:38.615+0000] {logging_mixin.py:188} INFO - [2025-01-30T08:57:38.614+0000] {dag.py:3954} INFO - Setting next_dagrun for example_python_decorator to None, run_after=None
[2025-01-30T08:57:38.645+0000] {processor.py:183} INFO - Processing /home/airflow/.local/lib/python3.12/site-packages/airflow/example_dags/example_python_decorator.py took 0.091 seconds
[2025-01-30T08:58:09.464+0000] {processor.py:161} INFO - Started process (PID=1747) to work on /home/airflow/.local/lib/python3.12/site-packages/airflow/example_dags/example_python_decorator.py
[2025-01-30T08:58:09.465+0000] {processor.py:830} INFO - Processing file /home/airflow/.local/lib/python3.12/site-packages/airflow/example_dags/example_python_decorator.py for tasks to queue
[2025-01-30T08:58:09.468+0000] {logging_mixin.py:188} INFO - [2025-01-30T08:58:09.467+0000] {dagbag.py:545} INFO - Filling up the DagBag from /home/airflow/.local/lib/python3.12/site-packages/airflow/example_dags/example_python_decorator.py
[2025-01-30T08:58:09.479+0000] {processor.py:840} INFO - DAG(s) 'example_python_decorator' retrieved from /home/airflow/.local/lib/python3.12/site-packages/airflow/example_dags/example_python_decorator.py
[2025-01-30T08:58:09.504+0000] {logging_mixin.py:188} INFO - [2025-01-30T08:58:09.503+0000] {dag.py:3096} INFO - Sync 1 DAGs
[2025-01-30T08:58:09.518+0000] {logging_mixin.py:188} INFO - [2025-01-30T08:58:09.518+0000] {dag.py:3954} INFO - Setting next_dagrun for example_python_decorator to None, run_after=None
[2025-01-30T08:58:09.544+0000] {processor.py:183} INFO - Processing /home/airflow/.local/lib/python3.12/site-packages/airflow/example_dags/example_python_decorator.py took 0.086 seconds
[2025-01-30T08:58:40.155+0000] {processor.py:161} INFO - Started process (PID=1805) to work on /home/airflow/.local/lib/python3.12/site-packages/airflow/example_dags/example_python_decorator.py
[2025-01-30T08:58:40.156+0000] {processor.py:830} INFO - Processing file /home/airflow/.local/lib/python3.12/site-packages/airflow/example_dags/example_python_decorator.py for tasks to queue
[2025-01-30T08:58:40.163+0000] {logging_mixin.py:188} INFO - [2025-01-30T08:58:40.162+0000] {dagbag.py:545} INFO - Filling up the DagBag from /home/airflow/.local/lib/python3.12/site-packages/airflow/example_dags/example_python_decorator.py
[2025-01-30T08:58:40.180+0000] {processor.py:840} INFO - DAG(s) 'example_python_decorator' retrieved from /home/airflow/.local/lib/python3.12/site-packages/airflow/example_dags/example_python_decorator.py
[2025-01-30T08:58:40.208+0000] {logging_mixin.py:188} INFO - [2025-01-30T08:58:40.207+0000] {dag.py:3096} INFO - Sync 1 DAGs
[2025-01-30T08:58:40.221+0000] {logging_mixin.py:188} INFO - [2025-01-30T08:58:40.220+0000] {dag.py:3954} INFO - Setting next_dagrun for example_python_decorator to None, run_after=None
[2025-01-30T08:58:40.247+0000] {processor.py:183} INFO - Processing /home/airflow/.local/lib/python3.12/site-packages/airflow/example_dags/example_python_decorator.py took 0.097 seconds
[2025-01-30T09:01:54.635+0000] {processor.py:161} INFO - Started process (PID=124) to work on /home/airflow/.local/lib/python3.12/site-packages/airflow/example_dags/example_python_decorator.py
[2025-01-30T09:01:54.636+0000] {processor.py:830} INFO - Processing file /home/airflow/.local/lib/python3.12/site-packages/airflow/example_dags/example_python_decorator.py for tasks to queue
[2025-01-30T09:01:54.637+0000] {logging_mixin.py:188} INFO - [2025-01-30T09:01:54.637+0000] {dagbag.py:545} INFO - Filling up the DagBag from /home/airflow/.local/lib/python3.12/site-packages/airflow/example_dags/example_python_decorator.py
[2025-01-30T09:01:54.652+0000] {processor.py:840} INFO - DAG(s) 'example_python_decorator' retrieved from /home/airflow/.local/lib/python3.12/site-packages/airflow/example_dags/example_python_decorator.py
[2025-01-30T09:01:54.781+0000] {logging_mixin.py:188} INFO - [2025-01-30T09:01:54.781+0000] {dag.py:3096} INFO - Sync 1 DAGs
[2025-01-30T09:01:54.793+0000] {logging_mixin.py:188} INFO - [2025-01-30T09:01:54.793+0000] {dag.py:3954} INFO - Setting next_dagrun for example_python_decorator to None, run_after=None
[2025-01-30T09:01:54.817+0000] {processor.py:183} INFO - Processing /home/airflow/.local/lib/python3.12/site-packages/airflow/example_dags/example_python_decorator.py took 0.187 seconds
[2025-01-30T09:02:24.872+0000] {processor.py:161} INFO - Started process (PID=182) to work on /home/airflow/.local/lib/python3.12/site-packages/airflow/example_dags/example_python_decorator.py
[2025-01-30T09:02:24.873+0000] {processor.py:830} INFO - Processing file /home/airflow/.local/lib/python3.12/site-packages/airflow/example_dags/example_python_decorator.py for tasks to queue
[2025-01-30T09:02:24.875+0000] {logging_mixin.py:188} INFO - [2025-01-30T09:02:24.875+0000] {dagbag.py:545} INFO - Filling up the DagBag from /home/airflow/.local/lib/python3.12/site-packages/airflow/example_dags/example_python_decorator.py
[2025-01-30T09:02:24.888+0000] {processor.py:840} INFO - DAG(s) 'example_python_decorator' retrieved from /home/airflow/.local/lib/python3.12/site-packages/airflow/example_dags/example_python_decorator.py
[2025-01-30T09:02:24.914+0000] {logging_mixin.py:188} INFO - [2025-01-30T09:02:24.914+0000] {dag.py:3096} INFO - Sync 1 DAGs
[2025-01-30T09:02:24.927+0000] {logging_mixin.py:188} INFO - [2025-01-30T09:02:24.927+0000] {dag.py:3954} INFO - Setting next_dagrun for example_python_decorator to None, run_after=None
[2025-01-30T09:02:24.955+0000] {processor.py:183} INFO - Processing /home/airflow/.local/lib/python3.12/site-packages/airflow/example_dags/example_python_decorator.py took 0.090 seconds
[2025-01-30T09:02:55.055+0000] {processor.py:161} INFO - Started process (PID=240) to work on /home/airflow/.local/lib/python3.12/site-packages/airflow/example_dags/example_python_decorator.py
[2025-01-30T09:02:55.056+0000] {processor.py:830} INFO - Processing file /home/airflow/.local/lib/python3.12/site-packages/airflow/example_dags/example_python_decorator.py for tasks to queue
[2025-01-30T09:02:55.058+0000] {logging_mixin.py:188} INFO - [2025-01-30T09:02:55.058+0000] {dagbag.py:545} INFO - Filling up the DagBag from /home/airflow/.local/lib/python3.12/site-packages/airflow/example_dags/example_python_decorator.py
[2025-01-30T09:02:55.070+0000] {processor.py:840} INFO - DAG(s) 'example_python_decorator' retrieved from /home/airflow/.local/lib/python3.12/site-packages/airflow/example_dags/example_python_decorator.py
[2025-01-30T09:02:55.096+0000] {logging_mixin.py:188} INFO - [2025-01-30T09:02:55.095+0000] {dag.py:3096} INFO - Sync 1 DAGs
[2025-01-30T09:02:55.110+0000] {logging_mixin.py:188} INFO - [2025-01-30T09:02:55.110+0000] {dag.py:3954} INFO - Setting next_dagrun for example_python_decorator to None, run_after=None
[2025-01-30T09:02:55.137+0000] {processor.py:183} INFO - Processing /home/airflow/.local/lib/python3.12/site-packages/airflow/example_dags/example_python_decorator.py took 0.088 seconds
[2025-01-30T09:03:25.674+0000] {processor.py:161} INFO - Started process (PID=298) to work on /home/airflow/.local/lib/python3.12/site-packages/airflow/example_dags/example_python_decorator.py
[2025-01-30T09:03:25.675+0000] {processor.py:830} INFO - Processing file /home/airflow/.local/lib/python3.12/site-packages/airflow/example_dags/example_python_decorator.py for tasks to queue
[2025-01-30T09:03:25.677+0000] {logging_mixin.py:188} INFO - [2025-01-30T09:03:25.677+0000] {dagbag.py:545} INFO - Filling up the DagBag from /home/airflow/.local/lib/python3.12/site-packages/airflow/example_dags/example_python_decorator.py
[2025-01-30T09:03:25.693+0000] {processor.py:840} INFO - DAG(s) 'example_python_decorator' retrieved from /home/airflow/.local/lib/python3.12/site-packages/airflow/example_dags/example_python_decorator.py
[2025-01-30T09:03:25.721+0000] {logging_mixin.py:188} INFO - [2025-01-30T09:03:25.720+0000] {dag.py:3096} INFO - Sync 1 DAGs
[2025-01-30T09:03:25.737+0000] {logging_mixin.py:188} INFO - [2025-01-30T09:03:25.737+0000] {dag.py:3954} INFO - Setting next_dagrun for example_python_decorator to None, run_after=None
[2025-01-30T09:03:25.768+0000] {processor.py:183} INFO - Processing /home/airflow/.local/lib/python3.12/site-packages/airflow/example_dags/example_python_decorator.py took 0.099 seconds
[2025-01-30T09:05:24.686+0000] {processor.py:161} INFO - Started process (PID=122) to work on /home/airflow/.local/lib/python3.12/site-packages/airflow/example_dags/example_python_decorator.py
[2025-01-30T09:05:24.687+0000] {processor.py:830} INFO - Processing file /home/airflow/.local/lib/python3.12/site-packages/airflow/example_dags/example_python_decorator.py for tasks to queue
[2025-01-30T09:05:24.689+0000] {logging_mixin.py:188} INFO - [2025-01-30T09:05:24.689+0000] {dagbag.py:545} INFO - Filling up the DagBag from /home/airflow/.local/lib/python3.12/site-packages/airflow/example_dags/example_python_decorator.py
[2025-01-30T09:05:24.703+0000] {processor.py:840} INFO - DAG(s) 'example_python_decorator' retrieved from /home/airflow/.local/lib/python3.12/site-packages/airflow/example_dags/example_python_decorator.py
[2025-01-30T09:05:24.832+0000] {logging_mixin.py:188} INFO - [2025-01-30T09:05:24.832+0000] {dag.py:3096} INFO - Sync 1 DAGs
[2025-01-30T09:05:24.848+0000] {logging_mixin.py:188} INFO - [2025-01-30T09:05:24.848+0000] {dag.py:3954} INFO - Setting next_dagrun for example_python_decorator to None, run_after=None
[2025-01-30T09:05:24.878+0000] {processor.py:183} INFO - Processing /home/airflow/.local/lib/python3.12/site-packages/airflow/example_dags/example_python_decorator.py took 0.197 seconds
[2025-01-30T09:05:55.480+0000] {processor.py:161} INFO - Started process (PID=180) to work on /home/airflow/.local/lib/python3.12/site-packages/airflow/example_dags/example_python_decorator.py
[2025-01-30T09:05:55.481+0000] {processor.py:830} INFO - Processing file /home/airflow/.local/lib/python3.12/site-packages/airflow/example_dags/example_python_decorator.py for tasks to queue
[2025-01-30T09:05:55.482+0000] {logging_mixin.py:188} INFO - [2025-01-30T09:05:55.482+0000] {dagbag.py:545} INFO - Filling up the DagBag from /home/airflow/.local/lib/python3.12/site-packages/airflow/example_dags/example_python_decorator.py
[2025-01-30T09:05:55.494+0000] {processor.py:840} INFO - DAG(s) 'example_python_decorator' retrieved from /home/airflow/.local/lib/python3.12/site-packages/airflow/example_dags/example_python_decorator.py
[2025-01-30T09:05:55.519+0000] {logging_mixin.py:188} INFO - [2025-01-30T09:05:55.519+0000] {dag.py:3096} INFO - Sync 1 DAGs
[2025-01-30T09:05:55.535+0000] {logging_mixin.py:188} INFO - [2025-01-30T09:05:55.535+0000] {dag.py:3954} INFO - Setting next_dagrun for example_python_decorator to None, run_after=None
[2025-01-30T09:05:55.560+0000] {processor.py:183} INFO - Processing /home/airflow/.local/lib/python3.12/site-packages/airflow/example_dags/example_python_decorator.py took 0.085 seconds
[2025-01-30T09:10:55.007+0000] {processor.py:161} INFO - Started process (PID=125) to work on /home/airflow/.local/lib/python3.12/site-packages/airflow/example_dags/example_python_decorator.py
[2025-01-30T09:10:55.008+0000] {processor.py:830} INFO - Processing file /home/airflow/.local/lib/python3.12/site-packages/airflow/example_dags/example_python_decorator.py for tasks to queue
[2025-01-30T09:10:55.010+0000] {logging_mixin.py:188} INFO - [2025-01-30T09:10:55.010+0000] {dagbag.py:545} INFO - Filling up the DagBag from /home/airflow/.local/lib/python3.12/site-packages/airflow/example_dags/example_python_decorator.py
[2025-01-30T09:10:55.023+0000] {processor.py:840} INFO - DAG(s) 'example_python_decorator' retrieved from /home/airflow/.local/lib/python3.12/site-packages/airflow/example_dags/example_python_decorator.py
[2025-01-30T09:10:55.136+0000] {logging_mixin.py:188} INFO - [2025-01-30T09:10:55.135+0000] {dag.py:3096} INFO - Sync 1 DAGs
[2025-01-30T09:10:55.147+0000] {logging_mixin.py:188} INFO - [2025-01-30T09:10:55.147+0000] {dag.py:3954} INFO - Setting next_dagrun for example_python_decorator to None, run_after=None
[2025-01-30T09:10:55.171+0000] {processor.py:183} INFO - Processing /home/airflow/.local/lib/python3.12/site-packages/airflow/example_dags/example_python_decorator.py took 0.170 seconds
[2025-01-30T09:11:25.704+0000] {processor.py:161} INFO - Started process (PID=184) to work on /home/airflow/.local/lib/python3.12/site-packages/airflow/example_dags/example_python_decorator.py
[2025-01-30T09:11:25.708+0000] {processor.py:830} INFO - Processing file /home/airflow/.local/lib/python3.12/site-packages/airflow/example_dags/example_python_decorator.py for tasks to queue
[2025-01-30T09:11:25.710+0000] {logging_mixin.py:188} INFO - [2025-01-30T09:11:25.710+0000] {dagbag.py:545} INFO - Filling up the DagBag from /home/airflow/.local/lib/python3.12/site-packages/airflow/example_dags/example_python_decorator.py
[2025-01-30T09:11:25.725+0000] {processor.py:840} INFO - DAG(s) 'example_python_decorator' retrieved from /home/airflow/.local/lib/python3.12/site-packages/airflow/example_dags/example_python_decorator.py
[2025-01-30T09:11:25.778+0000] {logging_mixin.py:188} INFO - [2025-01-30T09:11:25.778+0000] {dag.py:3096} INFO - Sync 1 DAGs
[2025-01-30T09:11:25.816+0000] {logging_mixin.py:188} INFO - [2025-01-30T09:11:25.815+0000] {dag.py:3954} INFO - Setting next_dagrun for example_python_decorator to None, run_after=None
[2025-01-30T09:11:25.857+0000] {processor.py:183} INFO - Processing /home/airflow/.local/lib/python3.12/site-packages/airflow/example_dags/example_python_decorator.py took 0.158 seconds
[2025-01-30T09:11:55.991+0000] {processor.py:161} INFO - Started process (PID=242) to work on /home/airflow/.local/lib/python3.12/site-packages/airflow/example_dags/example_python_decorator.py
[2025-01-30T09:11:55.992+0000] {processor.py:830} INFO - Processing file /home/airflow/.local/lib/python3.12/site-packages/airflow/example_dags/example_python_decorator.py for tasks to queue
[2025-01-30T09:11:55.994+0000] {logging_mixin.py:188} INFO - [2025-01-30T09:11:55.993+0000] {dagbag.py:545} INFO - Filling up the DagBag from /home/airflow/.local/lib/python3.12/site-packages/airflow/example_dags/example_python_decorator.py
[2025-01-30T09:11:56.007+0000] {processor.py:840} INFO - DAG(s) 'example_python_decorator' retrieved from /home/airflow/.local/lib/python3.12/site-packages/airflow/example_dags/example_python_decorator.py
[2025-01-30T09:11:56.037+0000] {logging_mixin.py:188} INFO - [2025-01-30T09:11:56.037+0000] {dag.py:3096} INFO - Sync 1 DAGs
[2025-01-30T09:11:56.054+0000] {logging_mixin.py:188} INFO - [2025-01-30T09:11:56.054+0000] {dag.py:3954} INFO - Setting next_dagrun for example_python_decorator to None, run_after=None
[2025-01-30T09:11:56.089+0000] {processor.py:183} INFO - Processing /home/airflow/.local/lib/python3.12/site-packages/airflow/example_dags/example_python_decorator.py took 0.104 seconds
[2025-01-30T09:12:26.772+0000] {processor.py:161} INFO - Started process (PID=300) to work on /home/airflow/.local/lib/python3.12/site-packages/airflow/example_dags/example_python_decorator.py
[2025-01-30T09:12:26.772+0000] {processor.py:830} INFO - Processing file /home/airflow/.local/lib/python3.12/site-packages/airflow/example_dags/example_python_decorator.py for tasks to queue
[2025-01-30T09:12:26.775+0000] {logging_mixin.py:188} INFO - [2025-01-30T09:12:26.774+0000] {dagbag.py:545} INFO - Filling up the DagBag from /home/airflow/.local/lib/python3.12/site-packages/airflow/example_dags/example_python_decorator.py
[2025-01-30T09:12:26.796+0000] {processor.py:840} INFO - DAG(s) 'example_python_decorator' retrieved from /home/airflow/.local/lib/python3.12/site-packages/airflow/example_dags/example_python_decorator.py
[2025-01-30T09:12:26.828+0000] {logging_mixin.py:188} INFO - [2025-01-30T09:12:26.828+0000] {dag.py:3096} INFO - Sync 1 DAGs
[2025-01-30T09:12:26.846+0000] {logging_mixin.py:188} INFO - [2025-01-30T09:12:26.846+0000] {dag.py:3954} INFO - Setting next_dagrun for example_python_decorator to None, run_after=None
[2025-01-30T09:12:26.869+0000] {processor.py:183} INFO - Processing /home/airflow/.local/lib/python3.12/site-packages/airflow/example_dags/example_python_decorator.py took 0.103 seconds
[2025-01-30T09:12:57.049+0000] {processor.py:161} INFO - Started process (PID=358) to work on /home/airflow/.local/lib/python3.12/site-packages/airflow/example_dags/example_python_decorator.py
[2025-01-30T09:12:57.050+0000] {processor.py:830} INFO - Processing file /home/airflow/.local/lib/python3.12/site-packages/airflow/example_dags/example_python_decorator.py for tasks to queue
[2025-01-30T09:12:57.052+0000] {logging_mixin.py:188} INFO - [2025-01-30T09:12:57.052+0000] {dagbag.py:545} INFO - Filling up the DagBag from /home/airflow/.local/lib/python3.12/site-packages/airflow/example_dags/example_python_decorator.py
[2025-01-30T09:12:57.068+0000] {processor.py:840} INFO - DAG(s) 'example_python_decorator' retrieved from /home/airflow/.local/lib/python3.12/site-packages/airflow/example_dags/example_python_decorator.py
[2025-01-30T09:12:57.093+0000] {logging_mixin.py:188} INFO - [2025-01-30T09:12:57.092+0000] {dag.py:3096} INFO - Sync 1 DAGs
[2025-01-30T09:12:57.108+0000] {logging_mixin.py:188} INFO - [2025-01-30T09:12:57.108+0000] {dag.py:3954} INFO - Setting next_dagrun for example_python_decorator to None, run_after=None
[2025-01-30T09:12:57.132+0000] {processor.py:183} INFO - Processing /home/airflow/.local/lib/python3.12/site-packages/airflow/example_dags/example_python_decorator.py took 0.090 seconds
[2025-01-30T09:13:27.182+0000] {processor.py:161} INFO - Started process (PID=416) to work on /home/airflow/.local/lib/python3.12/site-packages/airflow/example_dags/example_python_decorator.py
[2025-01-30T09:13:27.183+0000] {processor.py:830} INFO - Processing file /home/airflow/.local/lib/python3.12/site-packages/airflow/example_dags/example_python_decorator.py for tasks to queue
[2025-01-30T09:13:27.185+0000] {logging_mixin.py:188} INFO - [2025-01-30T09:13:27.185+0000] {dagbag.py:545} INFO - Filling up the DagBag from /home/airflow/.local/lib/python3.12/site-packages/airflow/example_dags/example_python_decorator.py
[2025-01-30T09:13:27.201+0000] {processor.py:840} INFO - DAG(s) 'example_python_decorator' retrieved from /home/airflow/.local/lib/python3.12/site-packages/airflow/example_dags/example_python_decorator.py
[2025-01-30T09:13:27.224+0000] {logging_mixin.py:188} INFO - [2025-01-30T09:13:27.224+0000] {dag.py:3096} INFO - Sync 1 DAGs
[2025-01-30T09:13:27.237+0000] {logging_mixin.py:188} INFO - [2025-01-30T09:13:27.237+0000] {dag.py:3954} INFO - Setting next_dagrun for example_python_decorator to None, run_after=None
[2025-01-30T09:13:27.261+0000] {processor.py:183} INFO - Processing /home/airflow/.local/lib/python3.12/site-packages/airflow/example_dags/example_python_decorator.py took 0.083 seconds
[2025-01-30T09:13:57.394+0000] {processor.py:161} INFO - Started process (PID=474) to work on /home/airflow/.local/lib/python3.12/site-packages/airflow/example_dags/example_python_decorator.py
[2025-01-30T09:13:57.395+0000] {processor.py:830} INFO - Processing file /home/airflow/.local/lib/python3.12/site-packages/airflow/example_dags/example_python_decorator.py for tasks to queue
[2025-01-30T09:13:57.397+0000] {logging_mixin.py:188} INFO - [2025-01-30T09:13:57.396+0000] {dagbag.py:545} INFO - Filling up the DagBag from /home/airflow/.local/lib/python3.12/site-packages/airflow/example_dags/example_python_decorator.py
[2025-01-30T09:13:57.408+0000] {processor.py:840} INFO - DAG(s) 'example_python_decorator' retrieved from /home/airflow/.local/lib/python3.12/site-packages/airflow/example_dags/example_python_decorator.py
[2025-01-30T09:13:57.430+0000] {logging_mixin.py:188} INFO - [2025-01-30T09:13:57.430+0000] {dag.py:3096} INFO - Sync 1 DAGs
[2025-01-30T09:13:57.443+0000] {logging_mixin.py:188} INFO - [2025-01-30T09:13:57.443+0000] {dag.py:3954} INFO - Setting next_dagrun for example_python_decorator to None, run_after=None
[2025-01-30T09:13:57.466+0000] {processor.py:183} INFO - Processing /home/airflow/.local/lib/python3.12/site-packages/airflow/example_dags/example_python_decorator.py took 0.076 seconds
[2025-01-30T09:14:27.864+0000] {processor.py:161} INFO - Started process (PID=532) to work on /home/airflow/.local/lib/python3.12/site-packages/airflow/example_dags/example_python_decorator.py
[2025-01-30T09:14:27.865+0000] {processor.py:830} INFO - Processing file /home/airflow/.local/lib/python3.12/site-packages/airflow/example_dags/example_python_decorator.py for tasks to queue
[2025-01-30T09:14:27.866+0000] {logging_mixin.py:188} INFO - [2025-01-30T09:14:27.866+0000] {dagbag.py:545} INFO - Filling up the DagBag from /home/airflow/.local/lib/python3.12/site-packages/airflow/example_dags/example_python_decorator.py
[2025-01-30T09:14:27.877+0000] {processor.py:840} INFO - DAG(s) 'example_python_decorator' retrieved from /home/airflow/.local/lib/python3.12/site-packages/airflow/example_dags/example_python_decorator.py
[2025-01-30T09:14:27.899+0000] {logging_mixin.py:188} INFO - [2025-01-30T09:14:27.899+0000] {dag.py:3096} INFO - Sync 1 DAGs
[2025-01-30T09:14:27.912+0000] {logging_mixin.py:188} INFO - [2025-01-30T09:14:27.912+0000] {dag.py:3954} INFO - Setting next_dagrun for example_python_decorator to None, run_after=None
[2025-01-30T09:14:27.937+0000] {processor.py:183} INFO - Processing /home/airflow/.local/lib/python3.12/site-packages/airflow/example_dags/example_python_decorator.py took 0.078 seconds
[2025-01-30T09:14:58.080+0000] {processor.py:161} INFO - Started process (PID=590) to work on /home/airflow/.local/lib/python3.12/site-packages/airflow/example_dags/example_python_decorator.py
[2025-01-30T09:14:58.081+0000] {processor.py:830} INFO - Processing file /home/airflow/.local/lib/python3.12/site-packages/airflow/example_dags/example_python_decorator.py for tasks to queue
[2025-01-30T09:14:58.083+0000] {logging_mixin.py:188} INFO - [2025-01-30T09:14:58.082+0000] {dagbag.py:545} INFO - Filling up the DagBag from /home/airflow/.local/lib/python3.12/site-packages/airflow/example_dags/example_python_decorator.py
[2025-01-30T09:14:58.096+0000] {processor.py:840} INFO - DAG(s) 'example_python_decorator' retrieved from /home/airflow/.local/lib/python3.12/site-packages/airflow/example_dags/example_python_decorator.py
[2025-01-30T09:14:58.126+0000] {logging_mixin.py:188} INFO - [2025-01-30T09:14:58.126+0000] {dag.py:3096} INFO - Sync 1 DAGs
[2025-01-30T09:14:58.145+0000] {logging_mixin.py:188} INFO - [2025-01-30T09:14:58.145+0000] {dag.py:3954} INFO - Setting next_dagrun for example_python_decorator to None, run_after=None
[2025-01-30T09:14:58.170+0000] {processor.py:183} INFO - Processing /home/airflow/.local/lib/python3.12/site-packages/airflow/example_dags/example_python_decorator.py took 0.095 seconds
[2025-01-30T09:15:28.750+0000] {processor.py:161} INFO - Started process (PID=647) to work on /home/airflow/.local/lib/python3.12/site-packages/airflow/example_dags/example_python_decorator.py
[2025-01-30T09:15:28.751+0000] {processor.py:830} INFO - Processing file /home/airflow/.local/lib/python3.12/site-packages/airflow/example_dags/example_python_decorator.py for tasks to queue
[2025-01-30T09:15:28.753+0000] {logging_mixin.py:188} INFO - [2025-01-30T09:15:28.752+0000] {dagbag.py:545} INFO - Filling up the DagBag from /home/airflow/.local/lib/python3.12/site-packages/airflow/example_dags/example_python_decorator.py
[2025-01-30T09:15:28.765+0000] {processor.py:840} INFO - DAG(s) 'example_python_decorator' retrieved from /home/airflow/.local/lib/python3.12/site-packages/airflow/example_dags/example_python_decorator.py
[2025-01-30T09:15:28.787+0000] {logging_mixin.py:188} INFO - [2025-01-30T09:15:28.787+0000] {dag.py:3096} INFO - Sync 1 DAGs
[2025-01-30T09:15:28.802+0000] {logging_mixin.py:188} INFO - [2025-01-30T09:15:28.802+0000] {dag.py:3954} INFO - Setting next_dagrun for example_python_decorator to None, run_after=None
[2025-01-30T09:15:28.830+0000] {processor.py:183} INFO - Processing /home/airflow/.local/lib/python3.12/site-packages/airflow/example_dags/example_python_decorator.py took 0.084 seconds
[2025-01-30T09:15:59.130+0000] {processor.py:161} INFO - Started process (PID=705) to work on /home/airflow/.local/lib/python3.12/site-packages/airflow/example_dags/example_python_decorator.py
[2025-01-30T09:15:59.131+0000] {processor.py:830} INFO - Processing file /home/airflow/.local/lib/python3.12/site-packages/airflow/example_dags/example_python_decorator.py for tasks to queue
[2025-01-30T09:15:59.133+0000] {logging_mixin.py:188} INFO - [2025-01-30T09:15:59.132+0000] {dagbag.py:545} INFO - Filling up the DagBag from /home/airflow/.local/lib/python3.12/site-packages/airflow/example_dags/example_python_decorator.py
[2025-01-30T09:15:59.145+0000] {processor.py:840} INFO - DAG(s) 'example_python_decorator' retrieved from /home/airflow/.local/lib/python3.12/site-packages/airflow/example_dags/example_python_decorator.py
[2025-01-30T09:15:59.169+0000] {logging_mixin.py:188} INFO - [2025-01-30T09:15:59.169+0000] {dag.py:3096} INFO - Sync 1 DAGs
[2025-01-30T09:15:59.183+0000] {logging_mixin.py:188} INFO - [2025-01-30T09:15:59.183+0000] {dag.py:3954} INFO - Setting next_dagrun for example_python_decorator to None, run_after=None
[2025-01-30T09:15:59.204+0000] {processor.py:183} INFO - Processing /home/airflow/.local/lib/python3.12/site-packages/airflow/example_dags/example_python_decorator.py took 0.080 seconds
[2025-01-30T09:16:29.827+0000] {processor.py:161} INFO - Started process (PID=763) to work on /home/airflow/.local/lib/python3.12/site-packages/airflow/example_dags/example_python_decorator.py
[2025-01-30T09:16:29.829+0000] {processor.py:830} INFO - Processing file /home/airflow/.local/lib/python3.12/site-packages/airflow/example_dags/example_python_decorator.py for tasks to queue
[2025-01-30T09:16:29.831+0000] {logging_mixin.py:188} INFO - [2025-01-30T09:16:29.831+0000] {dagbag.py:545} INFO - Filling up the DagBag from /home/airflow/.local/lib/python3.12/site-packages/airflow/example_dags/example_python_decorator.py
[2025-01-30T09:16:29.845+0000] {processor.py:840} INFO - DAG(s) 'example_python_decorator' retrieved from /home/airflow/.local/lib/python3.12/site-packages/airflow/example_dags/example_python_decorator.py
[2025-01-30T09:16:29.868+0000] {logging_mixin.py:188} INFO - [2025-01-30T09:16:29.868+0000] {dag.py:3096} INFO - Sync 1 DAGs
[2025-01-30T09:16:29.882+0000] {logging_mixin.py:188} INFO - [2025-01-30T09:16:29.882+0000] {dag.py:3954} INFO - Setting next_dagrun for example_python_decorator to None, run_after=None
[2025-01-30T09:16:29.906+0000] {processor.py:183} INFO - Processing /home/airflow/.local/lib/python3.12/site-packages/airflow/example_dags/example_python_decorator.py took 0.085 seconds
[2025-01-30T09:17:00.976+0000] {processor.py:161} INFO - Started process (PID=821) to work on /home/airflow/.local/lib/python3.12/site-packages/airflow/example_dags/example_python_decorator.py
[2025-01-30T09:17:00.978+0000] {processor.py:830} INFO - Processing file /home/airflow/.local/lib/python3.12/site-packages/airflow/example_dags/example_python_decorator.py for tasks to queue
[2025-01-30T09:17:00.979+0000] {logging_mixin.py:188} INFO - [2025-01-30T09:17:00.979+0000] {dagbag.py:545} INFO - Filling up the DagBag from /home/airflow/.local/lib/python3.12/site-packages/airflow/example_dags/example_python_decorator.py
[2025-01-30T09:17:00.991+0000] {processor.py:840} INFO - DAG(s) 'example_python_decorator' retrieved from /home/airflow/.local/lib/python3.12/site-packages/airflow/example_dags/example_python_decorator.py
[2025-01-30T09:17:01.014+0000] {logging_mixin.py:188} INFO - [2025-01-30T09:17:01.014+0000] {dag.py:3096} INFO - Sync 1 DAGs
[2025-01-30T09:17:01.027+0000] {logging_mixin.py:188} INFO - [2025-01-30T09:17:01.026+0000] {dag.py:3954} INFO - Setting next_dagrun for example_python_decorator to None, run_after=None
[2025-01-30T09:17:01.053+0000] {processor.py:183} INFO - Processing /home/airflow/.local/lib/python3.12/site-packages/airflow/example_dags/example_python_decorator.py took 0.081 seconds
[2025-01-30T09:17:31.584+0000] {processor.py:161} INFO - Started process (PID=879) to work on /home/airflow/.local/lib/python3.12/site-packages/airflow/example_dags/example_python_decorator.py
[2025-01-30T09:17:31.585+0000] {processor.py:830} INFO - Processing file /home/airflow/.local/lib/python3.12/site-packages/airflow/example_dags/example_python_decorator.py for tasks to queue
[2025-01-30T09:17:31.587+0000] {logging_mixin.py:188} INFO - [2025-01-30T09:17:31.587+0000] {dagbag.py:545} INFO - Filling up the DagBag from /home/airflow/.local/lib/python3.12/site-packages/airflow/example_dags/example_python_decorator.py
[2025-01-30T09:17:31.602+0000] {processor.py:840} INFO - DAG(s) 'example_python_decorator' retrieved from /home/airflow/.local/lib/python3.12/site-packages/airflow/example_dags/example_python_decorator.py
[2025-01-30T09:17:31.627+0000] {logging_mixin.py:188} INFO - [2025-01-30T09:17:31.627+0000] {dag.py:3096} INFO - Sync 1 DAGs
[2025-01-30T09:17:31.642+0000] {logging_mixin.py:188} INFO - [2025-01-30T09:17:31.642+0000] {dag.py:3954} INFO - Setting next_dagrun for example_python_decorator to None, run_after=None
[2025-01-30T09:17:31.668+0000] {processor.py:183} INFO - Processing /home/airflow/.local/lib/python3.12/site-packages/airflow/example_dags/example_python_decorator.py took 0.090 seconds
[2025-01-30T09:18:02.106+0000] {processor.py:161} INFO - Started process (PID=938) to work on /home/airflow/.local/lib/python3.12/site-packages/airflow/example_dags/example_python_decorator.py
[2025-01-30T09:18:02.107+0000] {processor.py:830} INFO - Processing file /home/airflow/.local/lib/python3.12/site-packages/airflow/example_dags/example_python_decorator.py for tasks to queue
[2025-01-30T09:18:02.109+0000] {logging_mixin.py:188} INFO - [2025-01-30T09:18:02.108+0000] {dagbag.py:545} INFO - Filling up the DagBag from /home/airflow/.local/lib/python3.12/site-packages/airflow/example_dags/example_python_decorator.py
[2025-01-30T09:18:02.122+0000] {processor.py:840} INFO - DAG(s) 'example_python_decorator' retrieved from /home/airflow/.local/lib/python3.12/site-packages/airflow/example_dags/example_python_decorator.py
[2025-01-30T09:18:02.146+0000] {logging_mixin.py:188} INFO - [2025-01-30T09:18:02.146+0000] {dag.py:3096} INFO - Sync 1 DAGs
[2025-01-30T09:18:02.159+0000] {logging_mixin.py:188} INFO - [2025-01-30T09:18:02.158+0000] {dag.py:3954} INFO - Setting next_dagrun for example_python_decorator to None, run_after=None
[2025-01-30T09:18:02.180+0000] {processor.py:183} INFO - Processing /home/airflow/.local/lib/python3.12/site-packages/airflow/example_dags/example_python_decorator.py took 0.079 seconds
[2025-01-30T09:20:20.671+0000] {processor.py:161} INFO - Started process (PID=122) to work on /home/airflow/.local/lib/python3.12/site-packages/airflow/example_dags/example_python_decorator.py
[2025-01-30T09:20:20.672+0000] {processor.py:830} INFO - Processing file /home/airflow/.local/lib/python3.12/site-packages/airflow/example_dags/example_python_decorator.py for tasks to queue
[2025-01-30T09:20:20.674+0000] {logging_mixin.py:188} INFO - [2025-01-30T09:20:20.673+0000] {dagbag.py:545} INFO - Filling up the DagBag from /home/airflow/.local/lib/python3.12/site-packages/airflow/example_dags/example_python_decorator.py
[2025-01-30T09:20:20.688+0000] {processor.py:840} INFO - DAG(s) 'example_python_decorator' retrieved from /home/airflow/.local/lib/python3.12/site-packages/airflow/example_dags/example_python_decorator.py
[2025-01-30T09:20:20.808+0000] {logging_mixin.py:188} INFO - [2025-01-30T09:20:20.808+0000] {dag.py:3096} INFO - Sync 1 DAGs
[2025-01-30T09:20:20.819+0000] {logging_mixin.py:188} INFO - [2025-01-30T09:20:20.819+0000] {dag.py:3954} INFO - Setting next_dagrun for example_python_decorator to None, run_after=None
[2025-01-30T09:20:20.844+0000] {processor.py:183} INFO - Processing /home/airflow/.local/lib/python3.12/site-packages/airflow/example_dags/example_python_decorator.py took 0.178 seconds
[2025-01-30T09:20:51.546+0000] {processor.py:161} INFO - Started process (PID=180) to work on /home/airflow/.local/lib/python3.12/site-packages/airflow/example_dags/example_python_decorator.py
[2025-01-30T09:20:51.547+0000] {processor.py:830} INFO - Processing file /home/airflow/.local/lib/python3.12/site-packages/airflow/example_dags/example_python_decorator.py for tasks to queue
[2025-01-30T09:20:51.550+0000] {logging_mixin.py:188} INFO - [2025-01-30T09:20:51.550+0000] {dagbag.py:545} INFO - Filling up the DagBag from /home/airflow/.local/lib/python3.12/site-packages/airflow/example_dags/example_python_decorator.py
[2025-01-30T09:20:51.562+0000] {processor.py:840} INFO - DAG(s) 'example_python_decorator' retrieved from /home/airflow/.local/lib/python3.12/site-packages/airflow/example_dags/example_python_decorator.py
[2025-01-30T09:20:51.584+0000] {logging_mixin.py:188} INFO - [2025-01-30T09:20:51.584+0000] {dag.py:3096} INFO - Sync 1 DAGs
[2025-01-30T09:20:51.596+0000] {logging_mixin.py:188} INFO - [2025-01-30T09:20:51.596+0000] {dag.py:3954} INFO - Setting next_dagrun for example_python_decorator to None, run_after=None
[2025-01-30T09:20:51.619+0000] {processor.py:183} INFO - Processing /home/airflow/.local/lib/python3.12/site-packages/airflow/example_dags/example_python_decorator.py took 0.077 seconds
[2025-01-30T09:21:21.827+0000] {processor.py:161} INFO - Started process (PID=238) to work on /home/airflow/.local/lib/python3.12/site-packages/airflow/example_dags/example_python_decorator.py
[2025-01-30T09:21:21.828+0000] {processor.py:830} INFO - Processing file /home/airflow/.local/lib/python3.12/site-packages/airflow/example_dags/example_python_decorator.py for tasks to queue
[2025-01-30T09:21:21.831+0000] {logging_mixin.py:188} INFO - [2025-01-30T09:21:21.830+0000] {dagbag.py:545} INFO - Filling up the DagBag from /home/airflow/.local/lib/python3.12/site-packages/airflow/example_dags/example_python_decorator.py
[2025-01-30T09:21:21.844+0000] {processor.py:840} INFO - DAG(s) 'example_python_decorator' retrieved from /home/airflow/.local/lib/python3.12/site-packages/airflow/example_dags/example_python_decorator.py
[2025-01-30T09:21:21.871+0000] {logging_mixin.py:188} INFO - [2025-01-30T09:21:21.870+0000] {dag.py:3096} INFO - Sync 1 DAGs
[2025-01-30T09:21:21.886+0000] {logging_mixin.py:188} INFO - [2025-01-30T09:21:21.886+0000] {dag.py:3954} INFO - Setting next_dagrun for example_python_decorator to None, run_after=None
[2025-01-30T09:21:21.915+0000] {processor.py:183} INFO - Processing /home/airflow/.local/lib/python3.12/site-packages/airflow/example_dags/example_python_decorator.py took 0.094 seconds
[2025-01-30T09:21:52.140+0000] {processor.py:161} INFO - Started process (PID=296) to work on /home/airflow/.local/lib/python3.12/site-packages/airflow/example_dags/example_python_decorator.py
[2025-01-30T09:21:52.141+0000] {processor.py:830} INFO - Processing file /home/airflow/.local/lib/python3.12/site-packages/airflow/example_dags/example_python_decorator.py for tasks to queue
[2025-01-30T09:21:52.142+0000] {logging_mixin.py:188} INFO - [2025-01-30T09:21:52.142+0000] {dagbag.py:545} INFO - Filling up the DagBag from /home/airflow/.local/lib/python3.12/site-packages/airflow/example_dags/example_python_decorator.py
[2025-01-30T09:21:52.155+0000] {processor.py:840} INFO - DAG(s) 'example_python_decorator' retrieved from /home/airflow/.local/lib/python3.12/site-packages/airflow/example_dags/example_python_decorator.py
[2025-01-30T09:21:52.177+0000] {logging_mixin.py:188} INFO - [2025-01-30T09:21:52.177+0000] {dag.py:3096} INFO - Sync 1 DAGs
[2025-01-30T09:21:52.192+0000] {logging_mixin.py:188} INFO - [2025-01-30T09:21:52.191+0000] {dag.py:3954} INFO - Setting next_dagrun for example_python_decorator to None, run_after=None
[2025-01-30T09:21:52.219+0000] {processor.py:183} INFO - Processing /home/airflow/.local/lib/python3.12/site-packages/airflow/example_dags/example_python_decorator.py took 0.084 seconds
[2025-01-30T09:22:22.307+0000] {processor.py:161} INFO - Started process (PID=355) to work on /home/airflow/.local/lib/python3.12/site-packages/airflow/example_dags/example_python_decorator.py
[2025-01-30T09:22:22.308+0000] {processor.py:830} INFO - Processing file /home/airflow/.local/lib/python3.12/site-packages/airflow/example_dags/example_python_decorator.py for tasks to queue
[2025-01-30T09:22:22.310+0000] {logging_mixin.py:188} INFO - [2025-01-30T09:22:22.310+0000] {dagbag.py:545} INFO - Filling up the DagBag from /home/airflow/.local/lib/python3.12/site-packages/airflow/example_dags/example_python_decorator.py
[2025-01-30T09:22:22.321+0000] {processor.py:840} INFO - DAG(s) 'example_python_decorator' retrieved from /home/airflow/.local/lib/python3.12/site-packages/airflow/example_dags/example_python_decorator.py
[2025-01-30T09:22:22.347+0000] {logging_mixin.py:188} INFO - [2025-01-30T09:22:22.347+0000] {dag.py:3096} INFO - Sync 1 DAGs
[2025-01-30T09:22:22.362+0000] {logging_mixin.py:188} INFO - [2025-01-30T09:22:22.362+0000] {dag.py:3954} INFO - Setting next_dagrun for example_python_decorator to None, run_after=None
[2025-01-30T09:22:22.386+0000] {processor.py:183} INFO - Processing /home/airflow/.local/lib/python3.12/site-packages/airflow/example_dags/example_python_decorator.py took 0.084 seconds
[2025-01-30T09:22:53.228+0000] {processor.py:161} INFO - Started process (PID=413) to work on /home/airflow/.local/lib/python3.12/site-packages/airflow/example_dags/example_python_decorator.py
[2025-01-30T09:22:53.229+0000] {processor.py:830} INFO - Processing file /home/airflow/.local/lib/python3.12/site-packages/airflow/example_dags/example_python_decorator.py for tasks to queue
[2025-01-30T09:22:53.232+0000] {logging_mixin.py:188} INFO - [2025-01-30T09:22:53.232+0000] {dagbag.py:545} INFO - Filling up the DagBag from /home/airflow/.local/lib/python3.12/site-packages/airflow/example_dags/example_python_decorator.py
[2025-01-30T09:22:53.259+0000] {processor.py:840} INFO - DAG(s) 'example_python_decorator' retrieved from /home/airflow/.local/lib/python3.12/site-packages/airflow/example_dags/example_python_decorator.py
[2025-01-30T09:22:53.361+0000] {logging_mixin.py:188} INFO - [2025-01-30T09:22:53.361+0000] {dag.py:3096} INFO - Sync 1 DAGs
[2025-01-30T09:22:53.384+0000] {logging_mixin.py:188} INFO - [2025-01-30T09:22:53.384+0000] {dag.py:3954} INFO - Setting next_dagrun for example_python_decorator to None, run_after=None
[2025-01-30T09:22:53.454+0000] {processor.py:183} INFO - Processing /home/airflow/.local/lib/python3.12/site-packages/airflow/example_dags/example_python_decorator.py took 0.233 seconds
[2025-01-30T09:23:23.707+0000] {processor.py:161} INFO - Started process (PID=471) to work on /home/airflow/.local/lib/python3.12/site-packages/airflow/example_dags/example_python_decorator.py
[2025-01-30T09:23:23.708+0000] {processor.py:830} INFO - Processing file /home/airflow/.local/lib/python3.12/site-packages/airflow/example_dags/example_python_decorator.py for tasks to queue
[2025-01-30T09:23:23.710+0000] {logging_mixin.py:188} INFO - [2025-01-30T09:23:23.710+0000] {dagbag.py:545} INFO - Filling up the DagBag from /home/airflow/.local/lib/python3.12/site-packages/airflow/example_dags/example_python_decorator.py
[2025-01-30T09:23:23.725+0000] {processor.py:840} INFO - DAG(s) 'example_python_decorator' retrieved from /home/airflow/.local/lib/python3.12/site-packages/airflow/example_dags/example_python_decorator.py
[2025-01-30T09:23:23.752+0000] {logging_mixin.py:188} INFO - [2025-01-30T09:23:23.752+0000] {dag.py:3096} INFO - Sync 1 DAGs
[2025-01-30T09:23:23.769+0000] {logging_mixin.py:188} INFO - [2025-01-30T09:23:23.769+0000] {dag.py:3954} INFO - Setting next_dagrun for example_python_decorator to None, run_after=None
[2025-01-30T09:23:23.798+0000] {processor.py:183} INFO - Processing /home/airflow/.local/lib/python3.12/site-packages/airflow/example_dags/example_python_decorator.py took 0.098 seconds
[2025-01-30T09:23:54.595+0000] {processor.py:161} INFO - Started process (PID=529) to work on /home/airflow/.local/lib/python3.12/site-packages/airflow/example_dags/example_python_decorator.py
[2025-01-30T09:23:54.596+0000] {processor.py:830} INFO - Processing file /home/airflow/.local/lib/python3.12/site-packages/airflow/example_dags/example_python_decorator.py for tasks to queue
[2025-01-30T09:23:54.599+0000] {logging_mixin.py:188} INFO - [2025-01-30T09:23:54.598+0000] {dagbag.py:545} INFO - Filling up the DagBag from /home/airflow/.local/lib/python3.12/site-packages/airflow/example_dags/example_python_decorator.py
[2025-01-30T09:23:54.618+0000] {processor.py:840} INFO - DAG(s) 'example_python_decorator' retrieved from /home/airflow/.local/lib/python3.12/site-packages/airflow/example_dags/example_python_decorator.py
[2025-01-30T09:23:54.646+0000] {logging_mixin.py:188} INFO - [2025-01-30T09:23:54.645+0000] {dag.py:3096} INFO - Sync 1 DAGs
[2025-01-30T09:23:54.662+0000] {logging_mixin.py:188} INFO - [2025-01-30T09:23:54.662+0000] {dag.py:3954} INFO - Setting next_dagrun for example_python_decorator to None, run_after=None
[2025-01-30T09:23:54.689+0000] {processor.py:183} INFO - Processing /home/airflow/.local/lib/python3.12/site-packages/airflow/example_dags/example_python_decorator.py took 0.104 seconds
[2025-01-30T09:24:24.901+0000] {processor.py:161} INFO - Started process (PID=587) to work on /home/airflow/.local/lib/python3.12/site-packages/airflow/example_dags/example_python_decorator.py
[2025-01-30T09:24:24.902+0000] {processor.py:830} INFO - Processing file /home/airflow/.local/lib/python3.12/site-packages/airflow/example_dags/example_python_decorator.py for tasks to queue
[2025-01-30T09:24:24.905+0000] {logging_mixin.py:188} INFO - [2025-01-30T09:24:24.904+0000] {dagbag.py:545} INFO - Filling up the DagBag from /home/airflow/.local/lib/python3.12/site-packages/airflow/example_dags/example_python_decorator.py
[2025-01-30T09:24:24.920+0000] {processor.py:840} INFO - DAG(s) 'example_python_decorator' retrieved from /home/airflow/.local/lib/python3.12/site-packages/airflow/example_dags/example_python_decorator.py
[2025-01-30T09:24:24.946+0000] {logging_mixin.py:188} INFO - [2025-01-30T09:24:24.946+0000] {dag.py:3096} INFO - Sync 1 DAGs
[2025-01-30T09:24:24.961+0000] {logging_mixin.py:188} INFO - [2025-01-30T09:24:24.960+0000] {dag.py:3954} INFO - Setting next_dagrun for example_python_decorator to None, run_after=None
[2025-01-30T09:24:24.991+0000] {processor.py:183} INFO - Processing /home/airflow/.local/lib/python3.12/site-packages/airflow/example_dags/example_python_decorator.py took 0.096 seconds
[2025-01-30T09:24:55.841+0000] {processor.py:161} INFO - Started process (PID=645) to work on /home/airflow/.local/lib/python3.12/site-packages/airflow/example_dags/example_python_decorator.py
[2025-01-30T09:24:55.842+0000] {processor.py:830} INFO - Processing file /home/airflow/.local/lib/python3.12/site-packages/airflow/example_dags/example_python_decorator.py for tasks to queue
[2025-01-30T09:24:55.844+0000] {logging_mixin.py:188} INFO - [2025-01-30T09:24:55.844+0000] {dagbag.py:545} INFO - Filling up the DagBag from /home/airflow/.local/lib/python3.12/site-packages/airflow/example_dags/example_python_decorator.py
[2025-01-30T09:24:55.856+0000] {processor.py:840} INFO - DAG(s) 'example_python_decorator' retrieved from /home/airflow/.local/lib/python3.12/site-packages/airflow/example_dags/example_python_decorator.py
[2025-01-30T09:24:55.882+0000] {logging_mixin.py:188} INFO - [2025-01-30T09:24:55.882+0000] {dag.py:3096} INFO - Sync 1 DAGs
[2025-01-30T09:24:55.897+0000] {logging_mixin.py:188} INFO - [2025-01-30T09:24:55.897+0000] {dag.py:3954} INFO - Setting next_dagrun for example_python_decorator to None, run_after=None
[2025-01-30T09:24:55.921+0000] {processor.py:183} INFO - Processing /home/airflow/.local/lib/python3.12/site-packages/airflow/example_dags/example_python_decorator.py took 0.086 seconds
