[2025-01-30T08:43:53.930+0000] {processor.py:161} INFO - Started process (PID=100) to work on /home/airflow/.local/lib/python3.12/site-packages/airflow/example_dags/example_skip_dag.py
[2025-01-30T08:43:53.932+0000] {processor.py:830} INFO - Processing file /home/airflow/.local/lib/python3.12/site-packages/airflow/example_dags/example_skip_dag.py for tasks to queue
[2025-01-30T08:43:53.934+0000] {logging_mixin.py:188} INFO - [2025-01-30T08:43:53.933+0000] {dagbag.py:545} INFO - Filling up the DagBag from /home/airflow/.local/lib/python3.12/site-packages/airflow/example_dags/example_skip_dag.py
[2025-01-30T08:43:53.945+0000] {processor.py:840} INFO - DAG(s) 'example_skip_dag' retrieved from /home/airflow/.local/lib/python3.12/site-packages/airflow/example_dags/example_skip_dag.py
[2025-01-30T08:43:54.067+0000] {logging_mixin.py:188} INFO - [2025-01-30T08:43:54.067+0000] {dag.py:3096} INFO - Sync 1 DAGs
[2025-01-30T08:43:54.091+0000] {logging_mixin.py:188} INFO - [2025-01-30T08:43:54.091+0000] {dag.py:3954} INFO - Setting next_dagrun for example_skip_dag to 2025-01-29 00:00:00+00:00, run_after=2025-01-30 00:00:00+00:00
[2025-01-30T08:43:54.118+0000] {processor.py:183} INFO - Processing /home/airflow/.local/lib/python3.12/site-packages/airflow/example_dags/example_skip_dag.py took 0.193 seconds
[2025-01-30T08:44:24.233+0000] {processor.py:161} INFO - Started process (PID=158) to work on /home/airflow/.local/lib/python3.12/site-packages/airflow/example_dags/example_skip_dag.py
[2025-01-30T08:44:24.235+0000] {processor.py:830} INFO - Processing file /home/airflow/.local/lib/python3.12/site-packages/airflow/example_dags/example_skip_dag.py for tasks to queue
[2025-01-30T08:44:24.237+0000] {logging_mixin.py:188} INFO - [2025-01-30T08:44:24.236+0000] {dagbag.py:545} INFO - Filling up the DagBag from /home/airflow/.local/lib/python3.12/site-packages/airflow/example_dags/example_skip_dag.py
[2025-01-30T08:44:24.242+0000] {processor.py:840} INFO - DAG(s) 'example_skip_dag' retrieved from /home/airflow/.local/lib/python3.12/site-packages/airflow/example_dags/example_skip_dag.py
[2025-01-30T08:44:24.264+0000] {logging_mixin.py:188} INFO - [2025-01-30T08:44:24.263+0000] {dag.py:3096} INFO - Sync 1 DAGs
[2025-01-30T08:44:24.289+0000] {logging_mixin.py:188} INFO - [2025-01-30T08:44:24.289+0000] {dag.py:3954} INFO - Setting next_dagrun for example_skip_dag to 2025-01-29 00:00:00+00:00, run_after=2025-01-30 00:00:00+00:00
[2025-01-30T08:44:24.311+0000] {processor.py:183} INFO - Processing /home/airflow/.local/lib/python3.12/site-packages/airflow/example_dags/example_skip_dag.py took 0.083 seconds
[2025-01-30T08:44:54.552+0000] {processor.py:161} INFO - Started process (PID=216) to work on /home/airflow/.local/lib/python3.12/site-packages/airflow/example_dags/example_skip_dag.py
[2025-01-30T08:44:54.553+0000] {processor.py:830} INFO - Processing file /home/airflow/.local/lib/python3.12/site-packages/airflow/example_dags/example_skip_dag.py for tasks to queue
[2025-01-30T08:44:54.556+0000] {logging_mixin.py:188} INFO - [2025-01-30T08:44:54.556+0000] {dagbag.py:545} INFO - Filling up the DagBag from /home/airflow/.local/lib/python3.12/site-packages/airflow/example_dags/example_skip_dag.py
[2025-01-30T08:44:54.563+0000] {processor.py:840} INFO - DAG(s) 'example_skip_dag' retrieved from /home/airflow/.local/lib/python3.12/site-packages/airflow/example_dags/example_skip_dag.py
[2025-01-30T08:44:54.584+0000] {logging_mixin.py:188} INFO - [2025-01-30T08:44:54.583+0000] {dag.py:3096} INFO - Sync 1 DAGs
[2025-01-30T08:44:54.607+0000] {logging_mixin.py:188} INFO - [2025-01-30T08:44:54.607+0000] {dag.py:3954} INFO - Setting next_dagrun for example_skip_dag to 2025-01-29 00:00:00+00:00, run_after=2025-01-30 00:00:00+00:00
[2025-01-30T08:44:54.630+0000] {processor.py:183} INFO - Processing /home/airflow/.local/lib/python3.12/site-packages/airflow/example_dags/example_skip_dag.py took 0.084 seconds
[2025-01-30T08:45:24.805+0000] {processor.py:161} INFO - Started process (PID=274) to work on /home/airflow/.local/lib/python3.12/site-packages/airflow/example_dags/example_skip_dag.py
[2025-01-30T08:45:24.806+0000] {processor.py:830} INFO - Processing file /home/airflow/.local/lib/python3.12/site-packages/airflow/example_dags/example_skip_dag.py for tasks to queue
[2025-01-30T08:45:24.808+0000] {logging_mixin.py:188} INFO - [2025-01-30T08:45:24.807+0000] {dagbag.py:545} INFO - Filling up the DagBag from /home/airflow/.local/lib/python3.12/site-packages/airflow/example_dags/example_skip_dag.py
[2025-01-30T08:45:24.817+0000] {processor.py:840} INFO - DAG(s) 'example_skip_dag' retrieved from /home/airflow/.local/lib/python3.12/site-packages/airflow/example_dags/example_skip_dag.py
[2025-01-30T08:45:24.849+0000] {logging_mixin.py:188} INFO - [2025-01-30T08:45:24.849+0000] {dag.py:3096} INFO - Sync 1 DAGs
[2025-01-30T08:45:24.879+0000] {logging_mixin.py:188} INFO - [2025-01-30T08:45:24.878+0000] {dag.py:3954} INFO - Setting next_dagrun for example_skip_dag to 2025-01-29 00:00:00+00:00, run_after=2025-01-30 00:00:00+00:00
[2025-01-30T08:45:24.902+0000] {processor.py:183} INFO - Processing /home/airflow/.local/lib/python3.12/site-packages/airflow/example_dags/example_skip_dag.py took 0.104 seconds
[2025-01-30T08:45:55.614+0000] {processor.py:161} INFO - Started process (PID=332) to work on /home/airflow/.local/lib/python3.12/site-packages/airflow/example_dags/example_skip_dag.py
[2025-01-30T08:45:55.615+0000] {processor.py:830} INFO - Processing file /home/airflow/.local/lib/python3.12/site-packages/airflow/example_dags/example_skip_dag.py for tasks to queue
[2025-01-30T08:45:55.618+0000] {logging_mixin.py:188} INFO - [2025-01-30T08:45:55.617+0000] {dagbag.py:545} INFO - Filling up the DagBag from /home/airflow/.local/lib/python3.12/site-packages/airflow/example_dags/example_skip_dag.py
[2025-01-30T08:45:55.624+0000] {processor.py:840} INFO - DAG(s) 'example_skip_dag' retrieved from /home/airflow/.local/lib/python3.12/site-packages/airflow/example_dags/example_skip_dag.py
[2025-01-30T08:45:55.646+0000] {logging_mixin.py:188} INFO - [2025-01-30T08:45:55.645+0000] {dag.py:3096} INFO - Sync 1 DAGs
[2025-01-30T08:45:55.670+0000] {logging_mixin.py:188} INFO - [2025-01-30T08:45:55.670+0000] {dag.py:3954} INFO - Setting next_dagrun for example_skip_dag to 2025-01-29 00:00:00+00:00, run_after=2025-01-30 00:00:00+00:00
[2025-01-30T08:45:55.694+0000] {processor.py:183} INFO - Processing /home/airflow/.local/lib/python3.12/site-packages/airflow/example_dags/example_skip_dag.py took 0.085 seconds
[2025-01-30T08:46:26.334+0000] {processor.py:161} INFO - Started process (PID=389) to work on /home/airflow/.local/lib/python3.12/site-packages/airflow/example_dags/example_skip_dag.py
[2025-01-30T08:46:26.335+0000] {processor.py:830} INFO - Processing file /home/airflow/.local/lib/python3.12/site-packages/airflow/example_dags/example_skip_dag.py for tasks to queue
[2025-01-30T08:46:26.337+0000] {logging_mixin.py:188} INFO - [2025-01-30T08:46:26.336+0000] {dagbag.py:545} INFO - Filling up the DagBag from /home/airflow/.local/lib/python3.12/site-packages/airflow/example_dags/example_skip_dag.py
[2025-01-30T08:46:26.343+0000] {processor.py:840} INFO - DAG(s) 'example_skip_dag' retrieved from /home/airflow/.local/lib/python3.12/site-packages/airflow/example_dags/example_skip_dag.py
[2025-01-30T08:46:26.368+0000] {logging_mixin.py:188} INFO - [2025-01-30T08:46:26.368+0000] {dag.py:3096} INFO - Sync 1 DAGs
[2025-01-30T08:46:26.392+0000] {logging_mixin.py:188} INFO - [2025-01-30T08:46:26.392+0000] {dag.py:3954} INFO - Setting next_dagrun for example_skip_dag to 2025-01-29 00:00:00+00:00, run_after=2025-01-30 00:00:00+00:00
[2025-01-30T08:46:26.420+0000] {processor.py:183} INFO - Processing /home/airflow/.local/lib/python3.12/site-packages/airflow/example_dags/example_skip_dag.py took 0.092 seconds
[2025-01-30T08:46:56.666+0000] {processor.py:161} INFO - Started process (PID=447) to work on /home/airflow/.local/lib/python3.12/site-packages/airflow/example_dags/example_skip_dag.py
[2025-01-30T08:46:56.667+0000] {processor.py:830} INFO - Processing file /home/airflow/.local/lib/python3.12/site-packages/airflow/example_dags/example_skip_dag.py for tasks to queue
[2025-01-30T08:46:56.669+0000] {logging_mixin.py:188} INFO - [2025-01-30T08:46:56.668+0000] {dagbag.py:545} INFO - Filling up the DagBag from /home/airflow/.local/lib/python3.12/site-packages/airflow/example_dags/example_skip_dag.py
[2025-01-30T08:46:56.676+0000] {processor.py:840} INFO - DAG(s) 'example_skip_dag' retrieved from /home/airflow/.local/lib/python3.12/site-packages/airflow/example_dags/example_skip_dag.py
[2025-01-30T08:46:56.699+0000] {logging_mixin.py:188} INFO - [2025-01-30T08:46:56.698+0000] {dag.py:3096} INFO - Sync 1 DAGs
[2025-01-30T08:46:56.722+0000] {logging_mixin.py:188} INFO - [2025-01-30T08:46:56.722+0000] {dag.py:3954} INFO - Setting next_dagrun for example_skip_dag to 2025-01-29 00:00:00+00:00, run_after=2025-01-30 00:00:00+00:00
[2025-01-30T08:46:56.745+0000] {processor.py:183} INFO - Processing /home/airflow/.local/lib/python3.12/site-packages/airflow/example_dags/example_skip_dag.py took 0.083 seconds
[2025-01-30T08:47:27.172+0000] {processor.py:161} INFO - Started process (PID=505) to work on /home/airflow/.local/lib/python3.12/site-packages/airflow/example_dags/example_skip_dag.py
[2025-01-30T08:47:27.174+0000] {processor.py:830} INFO - Processing file /home/airflow/.local/lib/python3.12/site-packages/airflow/example_dags/example_skip_dag.py for tasks to queue
[2025-01-30T08:47:27.175+0000] {logging_mixin.py:188} INFO - [2025-01-30T08:47:27.175+0000] {dagbag.py:545} INFO - Filling up the DagBag from /home/airflow/.local/lib/python3.12/site-packages/airflow/example_dags/example_skip_dag.py
[2025-01-30T08:47:27.183+0000] {processor.py:840} INFO - DAG(s) 'example_skip_dag' retrieved from /home/airflow/.local/lib/python3.12/site-packages/airflow/example_dags/example_skip_dag.py
[2025-01-30T08:47:27.207+0000] {logging_mixin.py:188} INFO - [2025-01-30T08:47:27.207+0000] {dag.py:3096} INFO - Sync 1 DAGs
[2025-01-30T08:47:27.232+0000] {logging_mixin.py:188} INFO - [2025-01-30T08:47:27.231+0000] {dag.py:3954} INFO - Setting next_dagrun for example_skip_dag to 2025-01-29 00:00:00+00:00, run_after=2025-01-30 00:00:00+00:00
[2025-01-30T08:47:27.255+0000] {processor.py:183} INFO - Processing /home/airflow/.local/lib/python3.12/site-packages/airflow/example_dags/example_skip_dag.py took 0.087 seconds
[2025-01-30T08:47:57.633+0000] {processor.py:161} INFO - Started process (PID=563) to work on /home/airflow/.local/lib/python3.12/site-packages/airflow/example_dags/example_skip_dag.py
[2025-01-30T08:47:57.634+0000] {processor.py:830} INFO - Processing file /home/airflow/.local/lib/python3.12/site-packages/airflow/example_dags/example_skip_dag.py for tasks to queue
[2025-01-30T08:47:57.636+0000] {logging_mixin.py:188} INFO - [2025-01-30T08:47:57.636+0000] {dagbag.py:545} INFO - Filling up the DagBag from /home/airflow/.local/lib/python3.12/site-packages/airflow/example_dags/example_skip_dag.py
[2025-01-30T08:47:57.642+0000] {processor.py:840} INFO - DAG(s) 'example_skip_dag' retrieved from /home/airflow/.local/lib/python3.12/site-packages/airflow/example_dags/example_skip_dag.py
[2025-01-30T08:47:57.665+0000] {logging_mixin.py:188} INFO - [2025-01-30T08:47:57.665+0000] {dag.py:3096} INFO - Sync 1 DAGs
[2025-01-30T08:47:57.692+0000] {logging_mixin.py:188} INFO - [2025-01-30T08:47:57.692+0000] {dag.py:3954} INFO - Setting next_dagrun for example_skip_dag to 2025-01-29 00:00:00+00:00, run_after=2025-01-30 00:00:00+00:00
[2025-01-30T08:47:57.717+0000] {processor.py:183} INFO - Processing /home/airflow/.local/lib/python3.12/site-packages/airflow/example_dags/example_skip_dag.py took 0.090 seconds
[2025-01-30T08:48:27.918+0000] {processor.py:161} INFO - Started process (PID=621) to work on /home/airflow/.local/lib/python3.12/site-packages/airflow/example_dags/example_skip_dag.py
[2025-01-30T08:48:27.920+0000] {processor.py:830} INFO - Processing file /home/airflow/.local/lib/python3.12/site-packages/airflow/example_dags/example_skip_dag.py for tasks to queue
[2025-01-30T08:48:27.926+0000] {logging_mixin.py:188} INFO - [2025-01-30T08:48:27.926+0000] {dagbag.py:545} INFO - Filling up the DagBag from /home/airflow/.local/lib/python3.12/site-packages/airflow/example_dags/example_skip_dag.py
[2025-01-30T08:48:27.935+0000] {processor.py:840} INFO - DAG(s) 'example_skip_dag' retrieved from /home/airflow/.local/lib/python3.12/site-packages/airflow/example_dags/example_skip_dag.py
[2025-01-30T08:48:27.959+0000] {logging_mixin.py:188} INFO - [2025-01-30T08:48:27.959+0000] {dag.py:3096} INFO - Sync 1 DAGs
[2025-01-30T08:48:27.981+0000] {logging_mixin.py:188} INFO - [2025-01-30T08:48:27.981+0000] {dag.py:3954} INFO - Setting next_dagrun for example_skip_dag to 2025-01-29 00:00:00+00:00, run_after=2025-01-30 00:00:00+00:00
[2025-01-30T08:48:28.005+0000] {processor.py:183} INFO - Processing /home/airflow/.local/lib/python3.12/site-packages/airflow/example_dags/example_skip_dag.py took 0.095 seconds
[2025-01-30T08:48:58.209+0000] {processor.py:161} INFO - Started process (PID=679) to work on /home/airflow/.local/lib/python3.12/site-packages/airflow/example_dags/example_skip_dag.py
[2025-01-30T08:48:58.211+0000] {processor.py:830} INFO - Processing file /home/airflow/.local/lib/python3.12/site-packages/airflow/example_dags/example_skip_dag.py for tasks to queue
[2025-01-30T08:48:58.212+0000] {logging_mixin.py:188} INFO - [2025-01-30T08:48:58.212+0000] {dagbag.py:545} INFO - Filling up the DagBag from /home/airflow/.local/lib/python3.12/site-packages/airflow/example_dags/example_skip_dag.py
[2025-01-30T08:48:58.218+0000] {processor.py:840} INFO - DAG(s) 'example_skip_dag' retrieved from /home/airflow/.local/lib/python3.12/site-packages/airflow/example_dags/example_skip_dag.py
[2025-01-30T08:48:58.242+0000] {logging_mixin.py:188} INFO - [2025-01-30T08:48:58.241+0000] {dag.py:3096} INFO - Sync 1 DAGs
[2025-01-30T08:48:58.264+0000] {logging_mixin.py:188} INFO - [2025-01-30T08:48:58.263+0000] {dag.py:3954} INFO - Setting next_dagrun for example_skip_dag to 2025-01-29 00:00:00+00:00, run_after=2025-01-30 00:00:00+00:00
[2025-01-30T08:48:58.291+0000] {processor.py:183} INFO - Processing /home/airflow/.local/lib/python3.12/site-packages/airflow/example_dags/example_skip_dag.py took 0.086 seconds
[2025-01-30T08:49:28.600+0000] {processor.py:161} INFO - Started process (PID=737) to work on /home/airflow/.local/lib/python3.12/site-packages/airflow/example_dags/example_skip_dag.py
[2025-01-30T08:49:28.602+0000] {processor.py:830} INFO - Processing file /home/airflow/.local/lib/python3.12/site-packages/airflow/example_dags/example_skip_dag.py for tasks to queue
[2025-01-30T08:49:28.603+0000] {logging_mixin.py:188} INFO - [2025-01-30T08:49:28.603+0000] {dagbag.py:545} INFO - Filling up the DagBag from /home/airflow/.local/lib/python3.12/site-packages/airflow/example_dags/example_skip_dag.py
[2025-01-30T08:49:28.609+0000] {processor.py:840} INFO - DAG(s) 'example_skip_dag' retrieved from /home/airflow/.local/lib/python3.12/site-packages/airflow/example_dags/example_skip_dag.py
[2025-01-30T08:49:28.630+0000] {logging_mixin.py:188} INFO - [2025-01-30T08:49:28.630+0000] {dag.py:3096} INFO - Sync 1 DAGs
[2025-01-30T08:49:28.653+0000] {logging_mixin.py:188} INFO - [2025-01-30T08:49:28.652+0000] {dag.py:3954} INFO - Setting next_dagrun for example_skip_dag to 2025-01-29 00:00:00+00:00, run_after=2025-01-30 00:00:00+00:00
[2025-01-30T08:49:28.676+0000] {processor.py:183} INFO - Processing /home/airflow/.local/lib/python3.12/site-packages/airflow/example_dags/example_skip_dag.py took 0.080 seconds
[2025-01-30T08:49:59.048+0000] {processor.py:161} INFO - Started process (PID=795) to work on /home/airflow/.local/lib/python3.12/site-packages/airflow/example_dags/example_skip_dag.py
[2025-01-30T08:49:59.049+0000] {processor.py:830} INFO - Processing file /home/airflow/.local/lib/python3.12/site-packages/airflow/example_dags/example_skip_dag.py for tasks to queue
[2025-01-30T08:49:59.051+0000] {logging_mixin.py:188} INFO - [2025-01-30T08:49:59.051+0000] {dagbag.py:545} INFO - Filling up the DagBag from /home/airflow/.local/lib/python3.12/site-packages/airflow/example_dags/example_skip_dag.py
[2025-01-30T08:49:59.058+0000] {processor.py:840} INFO - DAG(s) 'example_skip_dag' retrieved from /home/airflow/.local/lib/python3.12/site-packages/airflow/example_dags/example_skip_dag.py
[2025-01-30T08:49:59.080+0000] {logging_mixin.py:188} INFO - [2025-01-30T08:49:59.080+0000] {dag.py:3096} INFO - Sync 1 DAGs
[2025-01-30T08:49:59.103+0000] {logging_mixin.py:188} INFO - [2025-01-30T08:49:59.103+0000] {dag.py:3954} INFO - Setting next_dagrun for example_skip_dag to 2025-01-29 00:00:00+00:00, run_after=2025-01-30 00:00:00+00:00
[2025-01-30T08:49:59.128+0000] {processor.py:183} INFO - Processing /home/airflow/.local/lib/python3.12/site-packages/airflow/example_dags/example_skip_dag.py took 0.085 seconds
[2025-01-30T08:50:29.368+0000] {processor.py:161} INFO - Started process (PID=853) to work on /home/airflow/.local/lib/python3.12/site-packages/airflow/example_dags/example_skip_dag.py
[2025-01-30T08:50:29.369+0000] {processor.py:830} INFO - Processing file /home/airflow/.local/lib/python3.12/site-packages/airflow/example_dags/example_skip_dag.py for tasks to queue
[2025-01-30T08:50:29.371+0000] {logging_mixin.py:188} INFO - [2025-01-30T08:50:29.371+0000] {dagbag.py:545} INFO - Filling up the DagBag from /home/airflow/.local/lib/python3.12/site-packages/airflow/example_dags/example_skip_dag.py
[2025-01-30T08:50:29.377+0000] {processor.py:840} INFO - DAG(s) 'example_skip_dag' retrieved from /home/airflow/.local/lib/python3.12/site-packages/airflow/example_dags/example_skip_dag.py
[2025-01-30T08:50:29.401+0000] {logging_mixin.py:188} INFO - [2025-01-30T08:50:29.400+0000] {dag.py:3096} INFO - Sync 1 DAGs
[2025-01-30T08:50:29.427+0000] {logging_mixin.py:188} INFO - [2025-01-30T08:50:29.427+0000] {dag.py:3954} INFO - Setting next_dagrun for example_skip_dag to 2025-01-29 00:00:00+00:00, run_after=2025-01-30 00:00:00+00:00
[2025-01-30T08:50:29.451+0000] {processor.py:183} INFO - Processing /home/airflow/.local/lib/python3.12/site-packages/airflow/example_dags/example_skip_dag.py took 0.088 seconds
[2025-01-30T08:50:59.857+0000] {processor.py:161} INFO - Started process (PID=911) to work on /home/airflow/.local/lib/python3.12/site-packages/airflow/example_dags/example_skip_dag.py
[2025-01-30T08:50:59.858+0000] {processor.py:830} INFO - Processing file /home/airflow/.local/lib/python3.12/site-packages/airflow/example_dags/example_skip_dag.py for tasks to queue
[2025-01-30T08:50:59.860+0000] {logging_mixin.py:188} INFO - [2025-01-30T08:50:59.860+0000] {dagbag.py:545} INFO - Filling up the DagBag from /home/airflow/.local/lib/python3.12/site-packages/airflow/example_dags/example_skip_dag.py
[2025-01-30T08:50:59.866+0000] {processor.py:840} INFO - DAG(s) 'example_skip_dag' retrieved from /home/airflow/.local/lib/python3.12/site-packages/airflow/example_dags/example_skip_dag.py
[2025-01-30T08:50:59.886+0000] {logging_mixin.py:188} INFO - [2025-01-30T08:50:59.886+0000] {dag.py:3096} INFO - Sync 1 DAGs
[2025-01-30T08:50:59.909+0000] {logging_mixin.py:188} INFO - [2025-01-30T08:50:59.909+0000] {dag.py:3954} INFO - Setting next_dagrun for example_skip_dag to 2025-01-29 00:00:00+00:00, run_after=2025-01-30 00:00:00+00:00
[2025-01-30T08:50:59.931+0000] {processor.py:183} INFO - Processing /home/airflow/.local/lib/python3.12/site-packages/airflow/example_dags/example_skip_dag.py took 0.079 seconds
[2025-01-30T08:51:30.267+0000] {processor.py:161} INFO - Started process (PID=969) to work on /home/airflow/.local/lib/python3.12/site-packages/airflow/example_dags/example_skip_dag.py
[2025-01-30T08:51:30.269+0000] {processor.py:830} INFO - Processing file /home/airflow/.local/lib/python3.12/site-packages/airflow/example_dags/example_skip_dag.py for tasks to queue
[2025-01-30T08:51:30.272+0000] {logging_mixin.py:188} INFO - [2025-01-30T08:51:30.271+0000] {dagbag.py:545} INFO - Filling up the DagBag from /home/airflow/.local/lib/python3.12/site-packages/airflow/example_dags/example_skip_dag.py
[2025-01-30T08:51:30.279+0000] {processor.py:840} INFO - DAG(s) 'example_skip_dag' retrieved from /home/airflow/.local/lib/python3.12/site-packages/airflow/example_dags/example_skip_dag.py
[2025-01-30T08:51:30.316+0000] {logging_mixin.py:188} INFO - [2025-01-30T08:51:30.316+0000] {dag.py:3096} INFO - Sync 1 DAGs
[2025-01-30T08:51:30.346+0000] {logging_mixin.py:188} INFO - [2025-01-30T08:51:30.346+0000] {dag.py:3954} INFO - Setting next_dagrun for example_skip_dag to 2025-01-29 00:00:00+00:00, run_after=2025-01-30 00:00:00+00:00
[2025-01-30T08:51:30.373+0000] {processor.py:183} INFO - Processing /home/airflow/.local/lib/python3.12/site-packages/airflow/example_dags/example_skip_dag.py took 0.113 seconds
[2025-01-30T08:52:00.726+0000] {processor.py:161} INFO - Started process (PID=1027) to work on /home/airflow/.local/lib/python3.12/site-packages/airflow/example_dags/example_skip_dag.py
[2025-01-30T08:52:00.728+0000] {processor.py:830} INFO - Processing file /home/airflow/.local/lib/python3.12/site-packages/airflow/example_dags/example_skip_dag.py for tasks to queue
[2025-01-30T08:52:00.731+0000] {logging_mixin.py:188} INFO - [2025-01-30T08:52:00.730+0000] {dagbag.py:545} INFO - Filling up the DagBag from /home/airflow/.local/lib/python3.12/site-packages/airflow/example_dags/example_skip_dag.py
[2025-01-30T08:52:00.739+0000] {processor.py:840} INFO - DAG(s) 'example_skip_dag' retrieved from /home/airflow/.local/lib/python3.12/site-packages/airflow/example_dags/example_skip_dag.py
[2025-01-30T08:52:00.774+0000] {logging_mixin.py:188} INFO - [2025-01-30T08:52:00.774+0000] {dag.py:3096} INFO - Sync 1 DAGs
[2025-01-30T08:52:00.803+0000] {logging_mixin.py:188} INFO - [2025-01-30T08:52:00.803+0000] {dag.py:3954} INFO - Setting next_dagrun for example_skip_dag to 2025-01-29 00:00:00+00:00, run_after=2025-01-30 00:00:00+00:00
[2025-01-30T08:52:00.829+0000] {processor.py:183} INFO - Processing /home/airflow/.local/lib/python3.12/site-packages/airflow/example_dags/example_skip_dag.py took 0.108 seconds
[2025-01-30T08:52:30.912+0000] {processor.py:161} INFO - Started process (PID=1085) to work on /home/airflow/.local/lib/python3.12/site-packages/airflow/example_dags/example_skip_dag.py
[2025-01-30T08:52:30.913+0000] {processor.py:830} INFO - Processing file /home/airflow/.local/lib/python3.12/site-packages/airflow/example_dags/example_skip_dag.py for tasks to queue
[2025-01-30T08:52:30.916+0000] {logging_mixin.py:188} INFO - [2025-01-30T08:52:30.915+0000] {dagbag.py:545} INFO - Filling up the DagBag from /home/airflow/.local/lib/python3.12/site-packages/airflow/example_dags/example_skip_dag.py
[2025-01-30T08:52:30.921+0000] {processor.py:840} INFO - DAG(s) 'example_skip_dag' retrieved from /home/airflow/.local/lib/python3.12/site-packages/airflow/example_dags/example_skip_dag.py
[2025-01-30T08:52:30.944+0000] {logging_mixin.py:188} INFO - [2025-01-30T08:52:30.944+0000] {dag.py:3096} INFO - Sync 1 DAGs
[2025-01-30T08:52:30.967+0000] {logging_mixin.py:188} INFO - [2025-01-30T08:52:30.967+0000] {dag.py:3954} INFO - Setting next_dagrun for example_skip_dag to 2025-01-29 00:00:00+00:00, run_after=2025-01-30 00:00:00+00:00
[2025-01-30T08:52:30.991+0000] {processor.py:183} INFO - Processing /home/airflow/.local/lib/python3.12/site-packages/airflow/example_dags/example_skip_dag.py took 0.083 seconds
[2025-01-30T08:53:01.258+0000] {processor.py:161} INFO - Started process (PID=1142) to work on /home/airflow/.local/lib/python3.12/site-packages/airflow/example_dags/example_skip_dag.py
[2025-01-30T08:53:01.259+0000] {processor.py:830} INFO - Processing file /home/airflow/.local/lib/python3.12/site-packages/airflow/example_dags/example_skip_dag.py for tasks to queue
[2025-01-30T08:53:01.261+0000] {logging_mixin.py:188} INFO - [2025-01-30T08:53:01.261+0000] {dagbag.py:545} INFO - Filling up the DagBag from /home/airflow/.local/lib/python3.12/site-packages/airflow/example_dags/example_skip_dag.py
[2025-01-30T08:53:01.267+0000] {processor.py:840} INFO - DAG(s) 'example_skip_dag' retrieved from /home/airflow/.local/lib/python3.12/site-packages/airflow/example_dags/example_skip_dag.py
[2025-01-30T08:53:01.287+0000] {logging_mixin.py:188} INFO - [2025-01-30T08:53:01.287+0000] {dag.py:3096} INFO - Sync 1 DAGs
[2025-01-30T08:53:01.310+0000] {logging_mixin.py:188} INFO - [2025-01-30T08:53:01.310+0000] {dag.py:3954} INFO - Setting next_dagrun for example_skip_dag to 2025-01-29 00:00:00+00:00, run_after=2025-01-30 00:00:00+00:00
[2025-01-30T08:53:01.338+0000] {processor.py:183} INFO - Processing /home/airflow/.local/lib/python3.12/site-packages/airflow/example_dags/example_skip_dag.py took 0.085 seconds
[2025-01-30T08:53:31.437+0000] {processor.py:161} INFO - Started process (PID=1200) to work on /home/airflow/.local/lib/python3.12/site-packages/airflow/example_dags/example_skip_dag.py
[2025-01-30T08:53:31.438+0000] {processor.py:830} INFO - Processing file /home/airflow/.local/lib/python3.12/site-packages/airflow/example_dags/example_skip_dag.py for tasks to queue
[2025-01-30T08:53:31.440+0000] {logging_mixin.py:188} INFO - [2025-01-30T08:53:31.440+0000] {dagbag.py:545} INFO - Filling up the DagBag from /home/airflow/.local/lib/python3.12/site-packages/airflow/example_dags/example_skip_dag.py
[2025-01-30T08:53:31.447+0000] {processor.py:840} INFO - DAG(s) 'example_skip_dag' retrieved from /home/airflow/.local/lib/python3.12/site-packages/airflow/example_dags/example_skip_dag.py
[2025-01-30T08:53:31.468+0000] {logging_mixin.py:188} INFO - [2025-01-30T08:53:31.468+0000] {dag.py:3096} INFO - Sync 1 DAGs
[2025-01-30T08:53:31.490+0000] {logging_mixin.py:188} INFO - [2025-01-30T08:53:31.490+0000] {dag.py:3954} INFO - Setting next_dagrun for example_skip_dag to 2025-01-29 00:00:00+00:00, run_after=2025-01-30 00:00:00+00:00
[2025-01-30T08:53:31.518+0000] {processor.py:183} INFO - Processing /home/airflow/.local/lib/python3.12/site-packages/airflow/example_dags/example_skip_dag.py took 0.088 seconds
[2025-01-30T08:54:01.866+0000] {processor.py:161} INFO - Started process (PID=1258) to work on /home/airflow/.local/lib/python3.12/site-packages/airflow/example_dags/example_skip_dag.py
[2025-01-30T08:54:01.867+0000] {processor.py:830} INFO - Processing file /home/airflow/.local/lib/python3.12/site-packages/airflow/example_dags/example_skip_dag.py for tasks to queue
[2025-01-30T08:54:01.870+0000] {logging_mixin.py:188} INFO - [2025-01-30T08:54:01.869+0000] {dagbag.py:545} INFO - Filling up the DagBag from /home/airflow/.local/lib/python3.12/site-packages/airflow/example_dags/example_skip_dag.py
[2025-01-30T08:54:01.878+0000] {processor.py:840} INFO - DAG(s) 'example_skip_dag' retrieved from /home/airflow/.local/lib/python3.12/site-packages/airflow/example_dags/example_skip_dag.py
[2025-01-30T08:54:01.902+0000] {logging_mixin.py:188} INFO - [2025-01-30T08:54:01.901+0000] {dag.py:3096} INFO - Sync 1 DAGs
[2025-01-30T08:54:01.925+0000] {logging_mixin.py:188} INFO - [2025-01-30T08:54:01.925+0000] {dag.py:3954} INFO - Setting next_dagrun for example_skip_dag to 2025-01-29 00:00:00+00:00, run_after=2025-01-30 00:00:00+00:00
[2025-01-30T08:54:01.952+0000] {processor.py:183} INFO - Processing /home/airflow/.local/lib/python3.12/site-packages/airflow/example_dags/example_skip_dag.py took 0.091 seconds
[2025-01-30T08:54:32.471+0000] {processor.py:161} INFO - Started process (PID=1316) to work on /home/airflow/.local/lib/python3.12/site-packages/airflow/example_dags/example_skip_dag.py
[2025-01-30T08:54:32.473+0000] {processor.py:830} INFO - Processing file /home/airflow/.local/lib/python3.12/site-packages/airflow/example_dags/example_skip_dag.py for tasks to queue
[2025-01-30T08:54:32.475+0000] {logging_mixin.py:188} INFO - [2025-01-30T08:54:32.474+0000] {dagbag.py:545} INFO - Filling up the DagBag from /home/airflow/.local/lib/python3.12/site-packages/airflow/example_dags/example_skip_dag.py
[2025-01-30T08:54:32.482+0000] {processor.py:840} INFO - DAG(s) 'example_skip_dag' retrieved from /home/airflow/.local/lib/python3.12/site-packages/airflow/example_dags/example_skip_dag.py
[2025-01-30T08:54:32.504+0000] {logging_mixin.py:188} INFO - [2025-01-30T08:54:32.504+0000] {dag.py:3096} INFO - Sync 1 DAGs
[2025-01-30T08:54:32.527+0000] {logging_mixin.py:188} INFO - [2025-01-30T08:54:32.527+0000] {dag.py:3954} INFO - Setting next_dagrun for example_skip_dag to 2025-01-29 00:00:00+00:00, run_after=2025-01-30 00:00:00+00:00
[2025-01-30T08:54:32.552+0000] {processor.py:183} INFO - Processing /home/airflow/.local/lib/python3.12/site-packages/airflow/example_dags/example_skip_dag.py took 0.086 seconds
[2025-01-30T08:55:03.520+0000] {processor.py:161} INFO - Started process (PID=1374) to work on /home/airflow/.local/lib/python3.12/site-packages/airflow/example_dags/example_skip_dag.py
[2025-01-30T08:55:03.521+0000] {processor.py:830} INFO - Processing file /home/airflow/.local/lib/python3.12/site-packages/airflow/example_dags/example_skip_dag.py for tasks to queue
[2025-01-30T08:55:03.523+0000] {logging_mixin.py:188} INFO - [2025-01-30T08:55:03.522+0000] {dagbag.py:545} INFO - Filling up the DagBag from /home/airflow/.local/lib/python3.12/site-packages/airflow/example_dags/example_skip_dag.py
[2025-01-30T08:55:03.529+0000] {processor.py:840} INFO - DAG(s) 'example_skip_dag' retrieved from /home/airflow/.local/lib/python3.12/site-packages/airflow/example_dags/example_skip_dag.py
[2025-01-30T08:55:03.551+0000] {logging_mixin.py:188} INFO - [2025-01-30T08:55:03.551+0000] {dag.py:3096} INFO - Sync 1 DAGs
[2025-01-30T08:55:03.574+0000] {logging_mixin.py:188} INFO - [2025-01-30T08:55:03.574+0000] {dag.py:3954} INFO - Setting next_dagrun for example_skip_dag to 2025-01-29 00:00:00+00:00, run_after=2025-01-30 00:00:00+00:00
[2025-01-30T08:55:03.600+0000] {processor.py:183} INFO - Processing /home/airflow/.local/lib/python3.12/site-packages/airflow/example_dags/example_skip_dag.py took 0.087 seconds
[2025-01-30T08:55:33.666+0000] {processor.py:161} INFO - Started process (PID=1432) to work on /home/airflow/.local/lib/python3.12/site-packages/airflow/example_dags/example_skip_dag.py
[2025-01-30T08:55:33.667+0000] {processor.py:830} INFO - Processing file /home/airflow/.local/lib/python3.12/site-packages/airflow/example_dags/example_skip_dag.py for tasks to queue
[2025-01-30T08:55:33.669+0000] {logging_mixin.py:188} INFO - [2025-01-30T08:55:33.668+0000] {dagbag.py:545} INFO - Filling up the DagBag from /home/airflow/.local/lib/python3.12/site-packages/airflow/example_dags/example_skip_dag.py
[2025-01-30T08:55:33.675+0000] {processor.py:840} INFO - DAG(s) 'example_skip_dag' retrieved from /home/airflow/.local/lib/python3.12/site-packages/airflow/example_dags/example_skip_dag.py
[2025-01-30T08:55:33.695+0000] {logging_mixin.py:188} INFO - [2025-01-30T08:55:33.694+0000] {dag.py:3096} INFO - Sync 1 DAGs
[2025-01-30T08:55:33.716+0000] {logging_mixin.py:188} INFO - [2025-01-30T08:55:33.715+0000] {dag.py:3954} INFO - Setting next_dagrun for example_skip_dag to 2025-01-29 00:00:00+00:00, run_after=2025-01-30 00:00:00+00:00
[2025-01-30T08:55:33.738+0000] {processor.py:183} INFO - Processing /home/airflow/.local/lib/python3.12/site-packages/airflow/example_dags/example_skip_dag.py took 0.077 seconds
[2025-01-30T08:56:04.005+0000] {processor.py:161} INFO - Started process (PID=1490) to work on /home/airflow/.local/lib/python3.12/site-packages/airflow/example_dags/example_skip_dag.py
[2025-01-30T08:56:04.007+0000] {processor.py:830} INFO - Processing file /home/airflow/.local/lib/python3.12/site-packages/airflow/example_dags/example_skip_dag.py for tasks to queue
[2025-01-30T08:56:04.009+0000] {logging_mixin.py:188} INFO - [2025-01-30T08:56:04.008+0000] {dagbag.py:545} INFO - Filling up the DagBag from /home/airflow/.local/lib/python3.12/site-packages/airflow/example_dags/example_skip_dag.py
[2025-01-30T08:56:04.015+0000] {processor.py:840} INFO - DAG(s) 'example_skip_dag' retrieved from /home/airflow/.local/lib/python3.12/site-packages/airflow/example_dags/example_skip_dag.py
[2025-01-30T08:56:04.038+0000] {logging_mixin.py:188} INFO - [2025-01-30T08:56:04.038+0000] {dag.py:3096} INFO - Sync 1 DAGs
[2025-01-30T08:56:04.062+0000] {logging_mixin.py:188} INFO - [2025-01-30T08:56:04.061+0000] {dag.py:3954} INFO - Setting next_dagrun for example_skip_dag to 2025-01-29 00:00:00+00:00, run_after=2025-01-30 00:00:00+00:00
[2025-01-30T08:56:04.087+0000] {processor.py:183} INFO - Processing /home/airflow/.local/lib/python3.12/site-packages/airflow/example_dags/example_skip_dag.py took 0.087 seconds
[2025-01-30T08:56:34.159+0000] {processor.py:161} INFO - Started process (PID=1548) to work on /home/airflow/.local/lib/python3.12/site-packages/airflow/example_dags/example_skip_dag.py
[2025-01-30T08:56:34.160+0000] {processor.py:830} INFO - Processing file /home/airflow/.local/lib/python3.12/site-packages/airflow/example_dags/example_skip_dag.py for tasks to queue
[2025-01-30T08:56:34.059+0000] {logging_mixin.py:188} INFO - [2025-01-30T08:56:34.058+0000] {dagbag.py:545} INFO - Filling up the DagBag from /home/airflow/.local/lib/python3.12/site-packages/airflow/example_dags/example_skip_dag.py
[2025-01-30T08:56:34.064+0000] {processor.py:840} INFO - DAG(s) 'example_skip_dag' retrieved from /home/airflow/.local/lib/python3.12/site-packages/airflow/example_dags/example_skip_dag.py
[2025-01-30T08:56:34.087+0000] {logging_mixin.py:188} INFO - [2025-01-30T08:56:34.087+0000] {dag.py:3096} INFO - Sync 1 DAGs
[2025-01-30T08:56:34.119+0000] {logging_mixin.py:188} INFO - [2025-01-30T08:56:34.119+0000] {dag.py:3954} INFO - Setting next_dagrun for example_skip_dag to 2025-01-29 00:00:00+00:00, run_after=2025-01-30 00:00:00+00:00
[2025-01-30T08:56:34.147+0000] {processor.py:183} INFO - Processing /home/airflow/.local/lib/python3.12/site-packages/airflow/example_dags/example_skip_dag.py took 0.097 seconds
[2025-01-30T08:57:05.194+0000] {processor.py:161} INFO - Started process (PID=1606) to work on /home/airflow/.local/lib/python3.12/site-packages/airflow/example_dags/example_skip_dag.py
[2025-01-30T08:57:05.195+0000] {processor.py:830} INFO - Processing file /home/airflow/.local/lib/python3.12/site-packages/airflow/example_dags/example_skip_dag.py for tasks to queue
[2025-01-30T08:57:05.196+0000] {logging_mixin.py:188} INFO - [2025-01-30T08:57:05.196+0000] {dagbag.py:545} INFO - Filling up the DagBag from /home/airflow/.local/lib/python3.12/site-packages/airflow/example_dags/example_skip_dag.py
[2025-01-30T08:57:05.202+0000] {processor.py:840} INFO - DAG(s) 'example_skip_dag' retrieved from /home/airflow/.local/lib/python3.12/site-packages/airflow/example_dags/example_skip_dag.py
[2025-01-30T08:57:05.229+0000] {logging_mixin.py:188} INFO - [2025-01-30T08:57:05.229+0000] {dag.py:3096} INFO - Sync 1 DAGs
[2025-01-30T08:57:05.253+0000] {logging_mixin.py:188} INFO - [2025-01-30T08:57:05.253+0000] {dag.py:3954} INFO - Setting next_dagrun for example_skip_dag to 2025-01-29 00:00:00+00:00, run_after=2025-01-30 00:00:00+00:00
[2025-01-30T08:57:05.281+0000] {processor.py:183} INFO - Processing /home/airflow/.local/lib/python3.12/site-packages/airflow/example_dags/example_skip_dag.py took 0.092 seconds
[2025-01-30T08:57:35.391+0000] {processor.py:161} INFO - Started process (PID=1664) to work on /home/airflow/.local/lib/python3.12/site-packages/airflow/example_dags/example_skip_dag.py
[2025-01-30T08:57:35.393+0000] {processor.py:830} INFO - Processing file /home/airflow/.local/lib/python3.12/site-packages/airflow/example_dags/example_skip_dag.py for tasks to queue
[2025-01-30T08:57:35.395+0000] {logging_mixin.py:188} INFO - [2025-01-30T08:57:35.395+0000] {dagbag.py:545} INFO - Filling up the DagBag from /home/airflow/.local/lib/python3.12/site-packages/airflow/example_dags/example_skip_dag.py
[2025-01-30T08:57:35.405+0000] {processor.py:840} INFO - DAG(s) 'example_skip_dag' retrieved from /home/airflow/.local/lib/python3.12/site-packages/airflow/example_dags/example_skip_dag.py
[2025-01-30T08:57:35.431+0000] {logging_mixin.py:188} INFO - [2025-01-30T08:57:35.431+0000] {dag.py:3096} INFO - Sync 1 DAGs
[2025-01-30T08:57:35.458+0000] {logging_mixin.py:188} INFO - [2025-01-30T08:57:35.458+0000] {dag.py:3954} INFO - Setting next_dagrun for example_skip_dag to 2025-01-29 00:00:00+00:00, run_after=2025-01-30 00:00:00+00:00
[2025-01-30T08:57:35.482+0000] {processor.py:183} INFO - Processing /home/airflow/.local/lib/python3.12/site-packages/airflow/example_dags/example_skip_dag.py took 0.096 seconds
[2025-01-30T08:58:05.611+0000] {processor.py:161} INFO - Started process (PID=1722) to work on /home/airflow/.local/lib/python3.12/site-packages/airflow/example_dags/example_skip_dag.py
[2025-01-30T08:58:05.612+0000] {processor.py:830} INFO - Processing file /home/airflow/.local/lib/python3.12/site-packages/airflow/example_dags/example_skip_dag.py for tasks to queue
[2025-01-30T08:58:05.614+0000] {logging_mixin.py:188} INFO - [2025-01-30T08:58:05.614+0000] {dagbag.py:545} INFO - Filling up the DagBag from /home/airflow/.local/lib/python3.12/site-packages/airflow/example_dags/example_skip_dag.py
[2025-01-30T08:58:05.622+0000] {processor.py:840} INFO - DAG(s) 'example_skip_dag' retrieved from /home/airflow/.local/lib/python3.12/site-packages/airflow/example_dags/example_skip_dag.py
[2025-01-30T08:58:05.645+0000] {logging_mixin.py:188} INFO - [2025-01-30T08:58:05.645+0000] {dag.py:3096} INFO - Sync 1 DAGs
[2025-01-30T08:58:05.673+0000] {logging_mixin.py:188} INFO - [2025-01-30T08:58:05.672+0000] {dag.py:3954} INFO - Setting next_dagrun for example_skip_dag to 2025-01-29 00:00:00+00:00, run_after=2025-01-30 00:00:00+00:00
[2025-01-30T08:58:05.700+0000] {processor.py:183} INFO - Processing /home/airflow/.local/lib/python3.12/site-packages/airflow/example_dags/example_skip_dag.py took 0.094 seconds
[2025-01-30T08:58:35.937+0000] {processor.py:161} INFO - Started process (PID=1780) to work on /home/airflow/.local/lib/python3.12/site-packages/airflow/example_dags/example_skip_dag.py
[2025-01-30T08:58:35.938+0000] {processor.py:830} INFO - Processing file /home/airflow/.local/lib/python3.12/site-packages/airflow/example_dags/example_skip_dag.py for tasks to queue
[2025-01-30T08:58:35.940+0000] {logging_mixin.py:188} INFO - [2025-01-30T08:58:35.940+0000] {dagbag.py:545} INFO - Filling up the DagBag from /home/airflow/.local/lib/python3.12/site-packages/airflow/example_dags/example_skip_dag.py
[2025-01-30T08:58:35.947+0000] {processor.py:840} INFO - DAG(s) 'example_skip_dag' retrieved from /home/airflow/.local/lib/python3.12/site-packages/airflow/example_dags/example_skip_dag.py
[2025-01-30T08:58:35.969+0000] {logging_mixin.py:188} INFO - [2025-01-30T08:58:35.968+0000] {dag.py:3096} INFO - Sync 1 DAGs
[2025-01-30T08:58:35.993+0000] {logging_mixin.py:188} INFO - [2025-01-30T08:58:35.992+0000] {dag.py:3954} INFO - Setting next_dagrun for example_skip_dag to 2025-01-29 00:00:00+00:00, run_after=2025-01-30 00:00:00+00:00
[2025-01-30T08:58:36.019+0000] {processor.py:183} INFO - Processing /home/airflow/.local/lib/python3.12/site-packages/airflow/example_dags/example_skip_dag.py took 0.087 seconds
[2025-01-30T09:01:51.209+0000] {processor.py:161} INFO - Started process (PID=100) to work on /home/airflow/.local/lib/python3.12/site-packages/airflow/example_dags/example_skip_dag.py
[2025-01-30T09:01:51.211+0000] {processor.py:830} INFO - Processing file /home/airflow/.local/lib/python3.12/site-packages/airflow/example_dags/example_skip_dag.py for tasks to queue
[2025-01-30T09:01:51.232+0000] {logging_mixin.py:188} INFO - [2025-01-30T09:01:51.231+0000] {dagbag.py:545} INFO - Filling up the DagBag from /home/airflow/.local/lib/python3.12/site-packages/airflow/example_dags/example_skip_dag.py
[2025-01-30T09:01:51.252+0000] {processor.py:840} INFO - DAG(s) 'example_skip_dag' retrieved from /home/airflow/.local/lib/python3.12/site-packages/airflow/example_dags/example_skip_dag.py
[2025-01-30T09:01:51.410+0000] {logging_mixin.py:188} INFO - [2025-01-30T09:01:51.410+0000] {dag.py:3096} INFO - Sync 1 DAGs
[2025-01-30T09:01:51.435+0000] {logging_mixin.py:188} INFO - [2025-01-30T09:01:51.435+0000] {dag.py:3954} INFO - Setting next_dagrun for example_skip_dag to 2025-01-29 00:00:00+00:00, run_after=2025-01-30 00:00:00+00:00
[2025-01-30T09:01:51.470+0000] {processor.py:183} INFO - Processing /home/airflow/.local/lib/python3.12/site-packages/airflow/example_dags/example_skip_dag.py took 0.272 seconds
[2025-01-30T09:02:21.873+0000] {processor.py:161} INFO - Started process (PID=158) to work on /home/airflow/.local/lib/python3.12/site-packages/airflow/example_dags/example_skip_dag.py
[2025-01-30T09:02:21.875+0000] {processor.py:830} INFO - Processing file /home/airflow/.local/lib/python3.12/site-packages/airflow/example_dags/example_skip_dag.py for tasks to queue
[2025-01-30T09:02:21.878+0000] {logging_mixin.py:188} INFO - [2025-01-30T09:02:21.878+0000] {dagbag.py:545} INFO - Filling up the DagBag from /home/airflow/.local/lib/python3.12/site-packages/airflow/example_dags/example_skip_dag.py
[2025-01-30T09:02:21.887+0000] {processor.py:840} INFO - DAG(s) 'example_skip_dag' retrieved from /home/airflow/.local/lib/python3.12/site-packages/airflow/example_dags/example_skip_dag.py
[2025-01-30T09:02:21.919+0000] {logging_mixin.py:188} INFO - [2025-01-30T09:02:21.918+0000] {dag.py:3096} INFO - Sync 1 DAGs
[2025-01-30T09:02:21.954+0000] {logging_mixin.py:188} INFO - [2025-01-30T09:02:21.954+0000] {dag.py:3954} INFO - Setting next_dagrun for example_skip_dag to 2025-01-29 00:00:00+00:00, run_after=2025-01-30 00:00:00+00:00
[2025-01-30T09:02:21.978+0000] {processor.py:183} INFO - Processing /home/airflow/.local/lib/python3.12/site-packages/airflow/example_dags/example_skip_dag.py took 0.112 seconds
[2025-01-30T09:02:52.087+0000] {processor.py:161} INFO - Started process (PID=216) to work on /home/airflow/.local/lib/python3.12/site-packages/airflow/example_dags/example_skip_dag.py
[2025-01-30T09:02:52.088+0000] {processor.py:830} INFO - Processing file /home/airflow/.local/lib/python3.12/site-packages/airflow/example_dags/example_skip_dag.py for tasks to queue
[2025-01-30T09:02:52.090+0000] {logging_mixin.py:188} INFO - [2025-01-30T09:02:52.090+0000] {dagbag.py:545} INFO - Filling up the DagBag from /home/airflow/.local/lib/python3.12/site-packages/airflow/example_dags/example_skip_dag.py
[2025-01-30T09:02:52.096+0000] {processor.py:840} INFO - DAG(s) 'example_skip_dag' retrieved from /home/airflow/.local/lib/python3.12/site-packages/airflow/example_dags/example_skip_dag.py
[2025-01-30T09:02:52.123+0000] {logging_mixin.py:188} INFO - [2025-01-30T09:02:52.122+0000] {dag.py:3096} INFO - Sync 1 DAGs
[2025-01-30T09:02:52.146+0000] {logging_mixin.py:188} INFO - [2025-01-30T09:02:52.146+0000] {dag.py:3954} INFO - Setting next_dagrun for example_skip_dag to 2025-01-29 00:00:00+00:00, run_after=2025-01-30 00:00:00+00:00
[2025-01-30T09:02:52.170+0000] {processor.py:183} INFO - Processing /home/airflow/.local/lib/python3.12/site-packages/airflow/example_dags/example_skip_dag.py took 0.089 seconds
[2025-01-30T09:03:22.455+0000] {processor.py:161} INFO - Started process (PID=274) to work on /home/airflow/.local/lib/python3.12/site-packages/airflow/example_dags/example_skip_dag.py
[2025-01-30T09:03:22.457+0000] {processor.py:830} INFO - Processing file /home/airflow/.local/lib/python3.12/site-packages/airflow/example_dags/example_skip_dag.py for tasks to queue
[2025-01-30T09:03:22.459+0000] {logging_mixin.py:188} INFO - [2025-01-30T09:03:22.459+0000] {dagbag.py:545} INFO - Filling up the DagBag from /home/airflow/.local/lib/python3.12/site-packages/airflow/example_dags/example_skip_dag.py
[2025-01-30T09:03:22.468+0000] {processor.py:840} INFO - DAG(s) 'example_skip_dag' retrieved from /home/airflow/.local/lib/python3.12/site-packages/airflow/example_dags/example_skip_dag.py
[2025-01-30T09:03:22.514+0000] {logging_mixin.py:188} INFO - [2025-01-30T09:03:22.512+0000] {dag.py:3096} INFO - Sync 1 DAGs
[2025-01-30T09:03:22.556+0000] {logging_mixin.py:188} INFO - [2025-01-30T09:03:22.556+0000] {dag.py:3954} INFO - Setting next_dagrun for example_skip_dag to 2025-01-29 00:00:00+00:00, run_after=2025-01-30 00:00:00+00:00
[2025-01-30T09:03:22.597+0000] {processor.py:183} INFO - Processing /home/airflow/.local/lib/python3.12/site-packages/airflow/example_dags/example_skip_dag.py took 0.149 seconds
[2025-01-30T09:05:21.658+0000] {processor.py:161} INFO - Started process (PID=98) to work on /home/airflow/.local/lib/python3.12/site-packages/airflow/example_dags/example_skip_dag.py
[2025-01-30T09:05:21.659+0000] {processor.py:830} INFO - Processing file /home/airflow/.local/lib/python3.12/site-packages/airflow/example_dags/example_skip_dag.py for tasks to queue
[2025-01-30T09:05:21.661+0000] {logging_mixin.py:188} INFO - [2025-01-30T09:05:21.661+0000] {dagbag.py:545} INFO - Filling up the DagBag from /home/airflow/.local/lib/python3.12/site-packages/airflow/example_dags/example_skip_dag.py
[2025-01-30T09:05:21.670+0000] {processor.py:840} INFO - DAG(s) 'example_skip_dag' retrieved from /home/airflow/.local/lib/python3.12/site-packages/airflow/example_dags/example_skip_dag.py
[2025-01-30T09:05:21.784+0000] {logging_mixin.py:188} INFO - [2025-01-30T09:05:21.783+0000] {dag.py:3096} INFO - Sync 1 DAGs
[2025-01-30T09:05:21.808+0000] {logging_mixin.py:188} INFO - [2025-01-30T09:05:21.807+0000] {dag.py:3954} INFO - Setting next_dagrun for example_skip_dag to 2025-01-29 00:00:00+00:00, run_after=2025-01-30 00:00:00+00:00
[2025-01-30T09:05:21.834+0000] {processor.py:183} INFO - Processing /home/airflow/.local/lib/python3.12/site-packages/airflow/example_dags/example_skip_dag.py took 0.181 seconds
[2025-01-30T09:05:52.634+0000] {processor.py:161} INFO - Started process (PID=156) to work on /home/airflow/.local/lib/python3.12/site-packages/airflow/example_dags/example_skip_dag.py
[2025-01-30T09:05:52.635+0000] {processor.py:830} INFO - Processing file /home/airflow/.local/lib/python3.12/site-packages/airflow/example_dags/example_skip_dag.py for tasks to queue
[2025-01-30T09:05:52.637+0000] {logging_mixin.py:188} INFO - [2025-01-30T09:05:52.636+0000] {dagbag.py:545} INFO - Filling up the DagBag from /home/airflow/.local/lib/python3.12/site-packages/airflow/example_dags/example_skip_dag.py
[2025-01-30T09:05:52.643+0000] {processor.py:840} INFO - DAG(s) 'example_skip_dag' retrieved from /home/airflow/.local/lib/python3.12/site-packages/airflow/example_dags/example_skip_dag.py
[2025-01-30T09:05:52.667+0000] {logging_mixin.py:188} INFO - [2025-01-30T09:05:52.666+0000] {dag.py:3096} INFO - Sync 1 DAGs
[2025-01-30T09:05:52.694+0000] {logging_mixin.py:188} INFO - [2025-01-30T09:05:52.693+0000] {dag.py:3954} INFO - Setting next_dagrun for example_skip_dag to 2025-01-29 00:00:00+00:00, run_after=2025-01-30 00:00:00+00:00
[2025-01-30T09:05:52.717+0000] {processor.py:183} INFO - Processing /home/airflow/.local/lib/python3.12/site-packages/airflow/example_dags/example_skip_dag.py took 0.088 seconds
[2025-01-30T09:10:52.149+0000] {processor.py:161} INFO - Started process (PID=101) to work on /home/airflow/.local/lib/python3.12/site-packages/airflow/example_dags/example_skip_dag.py
[2025-01-30T09:10:52.150+0000] {processor.py:830} INFO - Processing file /home/airflow/.local/lib/python3.12/site-packages/airflow/example_dags/example_skip_dag.py for tasks to queue
[2025-01-30T09:10:52.152+0000] {logging_mixin.py:188} INFO - [2025-01-30T09:10:52.152+0000] {dagbag.py:545} INFO - Filling up the DagBag from /home/airflow/.local/lib/python3.12/site-packages/airflow/example_dags/example_skip_dag.py
[2025-01-30T09:10:52.161+0000] {processor.py:840} INFO - DAG(s) 'example_skip_dag' retrieved from /home/airflow/.local/lib/python3.12/site-packages/airflow/example_dags/example_skip_dag.py
[2025-01-30T09:10:52.276+0000] {logging_mixin.py:188} INFO - [2025-01-30T09:10:52.276+0000] {dag.py:3096} INFO - Sync 1 DAGs
[2025-01-30T09:10:52.298+0000] {logging_mixin.py:188} INFO - [2025-01-30T09:10:52.298+0000] {dag.py:3954} INFO - Setting next_dagrun for example_skip_dag to 2025-01-29 00:00:00+00:00, run_after=2025-01-30 00:00:00+00:00
[2025-01-30T09:10:52.325+0000] {processor.py:183} INFO - Processing /home/airflow/.local/lib/python3.12/site-packages/airflow/example_dags/example_skip_dag.py took 0.181 seconds
[2025-01-30T09:11:23.014+0000] {processor.py:161} INFO - Started process (PID=160) to work on /home/airflow/.local/lib/python3.12/site-packages/airflow/example_dags/example_skip_dag.py
[2025-01-30T09:11:23.015+0000] {processor.py:830} INFO - Processing file /home/airflow/.local/lib/python3.12/site-packages/airflow/example_dags/example_skip_dag.py for tasks to queue
[2025-01-30T09:11:23.017+0000] {logging_mixin.py:188} INFO - [2025-01-30T09:11:23.017+0000] {dagbag.py:545} INFO - Filling up the DagBag from /home/airflow/.local/lib/python3.12/site-packages/airflow/example_dags/example_skip_dag.py
[2025-01-30T09:11:23.023+0000] {processor.py:840} INFO - DAG(s) 'example_skip_dag' retrieved from /home/airflow/.local/lib/python3.12/site-packages/airflow/example_dags/example_skip_dag.py
[2025-01-30T09:11:23.080+0000] {logging_mixin.py:188} INFO - [2025-01-30T09:11:23.080+0000] {dag.py:3096} INFO - Sync 1 DAGs
[2025-01-30T09:11:23.105+0000] {logging_mixin.py:188} INFO - [2025-01-30T09:11:23.105+0000] {dag.py:3954} INFO - Setting next_dagrun for example_skip_dag to 2025-01-29 00:00:00+00:00, run_after=2025-01-30 00:00:00+00:00
[2025-01-30T09:11:23.132+0000] {processor.py:183} INFO - Processing /home/airflow/.local/lib/python3.12/site-packages/airflow/example_dags/example_skip_dag.py took 0.123 seconds
[2025-01-30T09:11:53.412+0000] {processor.py:161} INFO - Started process (PID=218) to work on /home/airflow/.local/lib/python3.12/site-packages/airflow/example_dags/example_skip_dag.py
[2025-01-30T09:11:53.414+0000] {processor.py:830} INFO - Processing file /home/airflow/.local/lib/python3.12/site-packages/airflow/example_dags/example_skip_dag.py for tasks to queue
[2025-01-30T09:11:53.415+0000] {logging_mixin.py:188} INFO - [2025-01-30T09:11:53.415+0000] {dagbag.py:545} INFO - Filling up the DagBag from /home/airflow/.local/lib/python3.12/site-packages/airflow/example_dags/example_skip_dag.py
[2025-01-30T09:11:53.422+0000] {processor.py:840} INFO - DAG(s) 'example_skip_dag' retrieved from /home/airflow/.local/lib/python3.12/site-packages/airflow/example_dags/example_skip_dag.py
[2025-01-30T09:11:53.443+0000] {logging_mixin.py:188} INFO - [2025-01-30T09:11:53.443+0000] {dag.py:3096} INFO - Sync 1 DAGs
[2025-01-30T09:11:53.464+0000] {logging_mixin.py:188} INFO - [2025-01-30T09:11:53.464+0000] {dag.py:3954} INFO - Setting next_dagrun for example_skip_dag to 2025-01-29 00:00:00+00:00, run_after=2025-01-30 00:00:00+00:00
[2025-01-30T09:11:53.486+0000] {processor.py:183} INFO - Processing /home/airflow/.local/lib/python3.12/site-packages/airflow/example_dags/example_skip_dag.py took 0.079 seconds
[2025-01-30T09:12:23.918+0000] {processor.py:161} INFO - Started process (PID=276) to work on /home/airflow/.local/lib/python3.12/site-packages/airflow/example_dags/example_skip_dag.py
[2025-01-30T09:12:23.919+0000] {processor.py:830} INFO - Processing file /home/airflow/.local/lib/python3.12/site-packages/airflow/example_dags/example_skip_dag.py for tasks to queue
[2025-01-30T09:12:23.921+0000] {logging_mixin.py:188} INFO - [2025-01-30T09:12:23.920+0000] {dagbag.py:545} INFO - Filling up the DagBag from /home/airflow/.local/lib/python3.12/site-packages/airflow/example_dags/example_skip_dag.py
[2025-01-30T09:12:23.926+0000] {processor.py:840} INFO - DAG(s) 'example_skip_dag' retrieved from /home/airflow/.local/lib/python3.12/site-packages/airflow/example_dags/example_skip_dag.py
[2025-01-30T09:12:23.948+0000] {logging_mixin.py:188} INFO - [2025-01-30T09:12:23.947+0000] {dag.py:3096} INFO - Sync 1 DAGs
[2025-01-30T09:12:23.970+0000] {logging_mixin.py:188} INFO - [2025-01-30T09:12:23.970+0000] {dag.py:3954} INFO - Setting next_dagrun for example_skip_dag to 2025-01-29 00:00:00+00:00, run_after=2025-01-30 00:00:00+00:00
[2025-01-30T09:12:23.996+0000] {processor.py:183} INFO - Processing /home/airflow/.local/lib/python3.12/site-packages/airflow/example_dags/example_skip_dag.py took 0.083 seconds
[2025-01-30T09:12:54.293+0000] {processor.py:161} INFO - Started process (PID=334) to work on /home/airflow/.local/lib/python3.12/site-packages/airflow/example_dags/example_skip_dag.py
[2025-01-30T09:12:54.294+0000] {processor.py:830} INFO - Processing file /home/airflow/.local/lib/python3.12/site-packages/airflow/example_dags/example_skip_dag.py for tasks to queue
[2025-01-30T09:12:54.296+0000] {logging_mixin.py:188} INFO - [2025-01-30T09:12:54.296+0000] {dagbag.py:545} INFO - Filling up the DagBag from /home/airflow/.local/lib/python3.12/site-packages/airflow/example_dags/example_skip_dag.py
[2025-01-30T09:12:54.302+0000] {processor.py:840} INFO - DAG(s) 'example_skip_dag' retrieved from /home/airflow/.local/lib/python3.12/site-packages/airflow/example_dags/example_skip_dag.py
[2025-01-30T09:12:54.325+0000] {logging_mixin.py:188} INFO - [2025-01-30T09:12:54.325+0000] {dag.py:3096} INFO - Sync 1 DAGs
[2025-01-30T09:12:54.346+0000] {logging_mixin.py:188} INFO - [2025-01-30T09:12:54.346+0000] {dag.py:3954} INFO - Setting next_dagrun for example_skip_dag to 2025-01-29 00:00:00+00:00, run_after=2025-01-30 00:00:00+00:00
[2025-01-30T09:12:54.370+0000] {processor.py:183} INFO - Processing /home/airflow/.local/lib/python3.12/site-packages/airflow/example_dags/example_skip_dag.py took 0.081 seconds
[2025-01-30T09:13:24.596+0000] {processor.py:161} INFO - Started process (PID=392) to work on /home/airflow/.local/lib/python3.12/site-packages/airflow/example_dags/example_skip_dag.py
[2025-01-30T09:13:24.597+0000] {processor.py:830} INFO - Processing file /home/airflow/.local/lib/python3.12/site-packages/airflow/example_dags/example_skip_dag.py for tasks to queue
[2025-01-30T09:13:24.600+0000] {logging_mixin.py:188} INFO - [2025-01-30T09:13:24.599+0000] {dagbag.py:545} INFO - Filling up the DagBag from /home/airflow/.local/lib/python3.12/site-packages/airflow/example_dags/example_skip_dag.py
[2025-01-30T09:13:24.605+0000] {processor.py:840} INFO - DAG(s) 'example_skip_dag' retrieved from /home/airflow/.local/lib/python3.12/site-packages/airflow/example_dags/example_skip_dag.py
[2025-01-30T09:13:24.626+0000] {logging_mixin.py:188} INFO - [2025-01-30T09:13:24.626+0000] {dag.py:3096} INFO - Sync 1 DAGs
[2025-01-30T09:13:24.648+0000] {logging_mixin.py:188} INFO - [2025-01-30T09:13:24.648+0000] {dag.py:3954} INFO - Setting next_dagrun for example_skip_dag to 2025-01-29 00:00:00+00:00, run_after=2025-01-30 00:00:00+00:00
[2025-01-30T09:13:24.672+0000] {processor.py:183} INFO - Processing /home/airflow/.local/lib/python3.12/site-packages/airflow/example_dags/example_skip_dag.py took 0.081 seconds
[2025-01-30T09:13:54.741+0000] {processor.py:161} INFO - Started process (PID=450) to work on /home/airflow/.local/lib/python3.12/site-packages/airflow/example_dags/example_skip_dag.py
[2025-01-30T09:13:54.743+0000] {processor.py:830} INFO - Processing file /home/airflow/.local/lib/python3.12/site-packages/airflow/example_dags/example_skip_dag.py for tasks to queue
[2025-01-30T09:13:54.744+0000] {logging_mixin.py:188} INFO - [2025-01-30T09:13:54.744+0000] {dagbag.py:545} INFO - Filling up the DagBag from /home/airflow/.local/lib/python3.12/site-packages/airflow/example_dags/example_skip_dag.py
[2025-01-30T09:13:54.750+0000] {processor.py:840} INFO - DAG(s) 'example_skip_dag' retrieved from /home/airflow/.local/lib/python3.12/site-packages/airflow/example_dags/example_skip_dag.py
[2025-01-30T09:13:54.770+0000] {logging_mixin.py:188} INFO - [2025-01-30T09:13:54.769+0000] {dag.py:3096} INFO - Sync 1 DAGs
[2025-01-30T09:13:54.792+0000] {logging_mixin.py:188} INFO - [2025-01-30T09:13:54.791+0000] {dag.py:3954} INFO - Setting next_dagrun for example_skip_dag to 2025-01-29 00:00:00+00:00, run_after=2025-01-30 00:00:00+00:00
[2025-01-30T09:13:54.815+0000] {processor.py:183} INFO - Processing /home/airflow/.local/lib/python3.12/site-packages/airflow/example_dags/example_skip_dag.py took 0.078 seconds
[2025-01-30T09:14:25.100+0000] {processor.py:161} INFO - Started process (PID=508) to work on /home/airflow/.local/lib/python3.12/site-packages/airflow/example_dags/example_skip_dag.py
[2025-01-30T09:14:25.101+0000] {processor.py:830} INFO - Processing file /home/airflow/.local/lib/python3.12/site-packages/airflow/example_dags/example_skip_dag.py for tasks to queue
[2025-01-30T09:14:25.103+0000] {logging_mixin.py:188} INFO - [2025-01-30T09:14:25.103+0000] {dagbag.py:545} INFO - Filling up the DagBag from /home/airflow/.local/lib/python3.12/site-packages/airflow/example_dags/example_skip_dag.py
[2025-01-30T09:14:25.110+0000] {processor.py:840} INFO - DAG(s) 'example_skip_dag' retrieved from /home/airflow/.local/lib/python3.12/site-packages/airflow/example_dags/example_skip_dag.py
[2025-01-30T09:14:25.133+0000] {logging_mixin.py:188} INFO - [2025-01-30T09:14:25.133+0000] {dag.py:3096} INFO - Sync 1 DAGs
[2025-01-30T09:14:25.158+0000] {logging_mixin.py:188} INFO - [2025-01-30T09:14:25.157+0000] {dag.py:3954} INFO - Setting next_dagrun for example_skip_dag to 2025-01-29 00:00:00+00:00, run_after=2025-01-30 00:00:00+00:00
[2025-01-30T09:14:25.181+0000] {processor.py:183} INFO - Processing /home/airflow/.local/lib/python3.12/site-packages/airflow/example_dags/example_skip_dag.py took 0.086 seconds
[2025-01-30T09:14:56.103+0000] {processor.py:161} INFO - Started process (PID=566) to work on /home/airflow/.local/lib/python3.12/site-packages/airflow/example_dags/example_skip_dag.py
[2025-01-30T09:14:56.105+0000] {processor.py:830} INFO - Processing file /home/airflow/.local/lib/python3.12/site-packages/airflow/example_dags/example_skip_dag.py for tasks to queue
[2025-01-30T09:14:56.107+0000] {logging_mixin.py:188} INFO - [2025-01-30T09:14:56.106+0000] {dagbag.py:545} INFO - Filling up the DagBag from /home/airflow/.local/lib/python3.12/site-packages/airflow/example_dags/example_skip_dag.py
[2025-01-30T09:14:56.114+0000] {processor.py:840} INFO - DAG(s) 'example_skip_dag' retrieved from /home/airflow/.local/lib/python3.12/site-packages/airflow/example_dags/example_skip_dag.py
[2025-01-30T09:14:56.142+0000] {logging_mixin.py:188} INFO - [2025-01-30T09:14:56.142+0000] {dag.py:3096} INFO - Sync 1 DAGs
[2025-01-30T09:14:56.173+0000] {logging_mixin.py:188} INFO - [2025-01-30T09:14:56.173+0000] {dag.py:3954} INFO - Setting next_dagrun for example_skip_dag to 2025-01-29 00:00:00+00:00, run_after=2025-01-30 00:00:00+00:00
[2025-01-30T09:14:56.210+0000] {processor.py:183} INFO - Processing /home/airflow/.local/lib/python3.12/site-packages/airflow/example_dags/example_skip_dag.py took 0.113 seconds
[2025-01-30T09:15:26.308+0000] {processor.py:161} INFO - Started process (PID=623) to work on /home/airflow/.local/lib/python3.12/site-packages/airflow/example_dags/example_skip_dag.py
[2025-01-30T09:15:26.309+0000] {processor.py:830} INFO - Processing file /home/airflow/.local/lib/python3.12/site-packages/airflow/example_dags/example_skip_dag.py for tasks to queue
[2025-01-30T09:15:26.312+0000] {logging_mixin.py:188} INFO - [2025-01-30T09:15:26.311+0000] {dagbag.py:545} INFO - Filling up the DagBag from /home/airflow/.local/lib/python3.12/site-packages/airflow/example_dags/example_skip_dag.py
[2025-01-30T09:15:26.324+0000] {processor.py:840} INFO - DAG(s) 'example_skip_dag' retrieved from /home/airflow/.local/lib/python3.12/site-packages/airflow/example_dags/example_skip_dag.py
[2025-01-30T09:15:26.353+0000] {logging_mixin.py:188} INFO - [2025-01-30T09:15:26.352+0000] {dag.py:3096} INFO - Sync 1 DAGs
[2025-01-30T09:15:26.387+0000] {logging_mixin.py:188} INFO - [2025-01-30T09:15:26.387+0000] {dag.py:3954} INFO - Setting next_dagrun for example_skip_dag to 2025-01-29 00:00:00+00:00, run_after=2025-01-30 00:00:00+00:00
[2025-01-30T09:15:26.420+0000] {processor.py:183} INFO - Processing /home/airflow/.local/lib/python3.12/site-packages/airflow/example_dags/example_skip_dag.py took 0.118 seconds
[2025-01-30T09:15:56.858+0000] {processor.py:161} INFO - Started process (PID=681) to work on /home/airflow/.local/lib/python3.12/site-packages/airflow/example_dags/example_skip_dag.py
[2025-01-30T09:15:56.859+0000] {processor.py:830} INFO - Processing file /home/airflow/.local/lib/python3.12/site-packages/airflow/example_dags/example_skip_dag.py for tasks to queue
[2025-01-30T09:15:56.860+0000] {logging_mixin.py:188} INFO - [2025-01-30T09:15:56.860+0000] {dagbag.py:545} INFO - Filling up the DagBag from /home/airflow/.local/lib/python3.12/site-packages/airflow/example_dags/example_skip_dag.py
[2025-01-30T09:15:56.866+0000] {processor.py:840} INFO - DAG(s) 'example_skip_dag' retrieved from /home/airflow/.local/lib/python3.12/site-packages/airflow/example_dags/example_skip_dag.py
[2025-01-30T09:15:56.886+0000] {logging_mixin.py:188} INFO - [2025-01-30T09:15:56.886+0000] {dag.py:3096} INFO - Sync 1 DAGs
[2025-01-30T09:15:56.909+0000] {logging_mixin.py:188} INFO - [2025-01-30T09:15:56.909+0000] {dag.py:3954} INFO - Setting next_dagrun for example_skip_dag to 2025-01-29 00:00:00+00:00, run_after=2025-01-30 00:00:00+00:00
[2025-01-30T09:15:56.932+0000] {processor.py:183} INFO - Processing /home/airflow/.local/lib/python3.12/site-packages/airflow/example_dags/example_skip_dag.py took 0.079 seconds
[2025-01-30T09:16:27.555+0000] {processor.py:161} INFO - Started process (PID=739) to work on /home/airflow/.local/lib/python3.12/site-packages/airflow/example_dags/example_skip_dag.py
[2025-01-30T09:16:27.557+0000] {processor.py:830} INFO - Processing file /home/airflow/.local/lib/python3.12/site-packages/airflow/example_dags/example_skip_dag.py for tasks to queue
[2025-01-30T09:16:27.559+0000] {logging_mixin.py:188} INFO - [2025-01-30T09:16:27.559+0000] {dagbag.py:545} INFO - Filling up the DagBag from /home/airflow/.local/lib/python3.12/site-packages/airflow/example_dags/example_skip_dag.py
[2025-01-30T09:16:27.565+0000] {processor.py:840} INFO - DAG(s) 'example_skip_dag' retrieved from /home/airflow/.local/lib/python3.12/site-packages/airflow/example_dags/example_skip_dag.py
[2025-01-30T09:16:27.589+0000] {logging_mixin.py:188} INFO - [2025-01-30T09:16:27.588+0000] {dag.py:3096} INFO - Sync 1 DAGs
[2025-01-30T09:16:27.612+0000] {logging_mixin.py:188} INFO - [2025-01-30T09:16:27.612+0000] {dag.py:3954} INFO - Setting next_dagrun for example_skip_dag to 2025-01-29 00:00:00+00:00, run_after=2025-01-30 00:00:00+00:00
[2025-01-30T09:16:27.637+0000] {processor.py:183} INFO - Processing /home/airflow/.local/lib/python3.12/site-packages/airflow/example_dags/example_skip_dag.py took 0.087 seconds
[2025-01-30T09:16:57.771+0000] {processor.py:161} INFO - Started process (PID=797) to work on /home/airflow/.local/lib/python3.12/site-packages/airflow/example_dags/example_skip_dag.py
[2025-01-30T09:16:57.772+0000] {processor.py:830} INFO - Processing file /home/airflow/.local/lib/python3.12/site-packages/airflow/example_dags/example_skip_dag.py for tasks to queue
[2025-01-30T09:16:57.774+0000] {logging_mixin.py:188} INFO - [2025-01-30T09:16:57.774+0000] {dagbag.py:545} INFO - Filling up the DagBag from /home/airflow/.local/lib/python3.12/site-packages/airflow/example_dags/example_skip_dag.py
[2025-01-30T09:16:57.780+0000] {processor.py:840} INFO - DAG(s) 'example_skip_dag' retrieved from /home/airflow/.local/lib/python3.12/site-packages/airflow/example_dags/example_skip_dag.py
[2025-01-30T09:16:57.801+0000] {logging_mixin.py:188} INFO - [2025-01-30T09:16:57.801+0000] {dag.py:3096} INFO - Sync 1 DAGs
[2025-01-30T09:16:57.824+0000] {logging_mixin.py:188} INFO - [2025-01-30T09:16:57.824+0000] {dag.py:3954} INFO - Setting next_dagrun for example_skip_dag to 2025-01-29 00:00:00+00:00, run_after=2025-01-30 00:00:00+00:00
[2025-01-30T09:16:57.847+0000] {processor.py:183} INFO - Processing /home/airflow/.local/lib/python3.12/site-packages/airflow/example_dags/example_skip_dag.py took 0.080 seconds
[2025-01-30T09:17:28.259+0000] {processor.py:161} INFO - Started process (PID=855) to work on /home/airflow/.local/lib/python3.12/site-packages/airflow/example_dags/example_skip_dag.py
[2025-01-30T09:17:28.260+0000] {processor.py:830} INFO - Processing file /home/airflow/.local/lib/python3.12/site-packages/airflow/example_dags/example_skip_dag.py for tasks to queue
[2025-01-30T09:17:28.262+0000] {logging_mixin.py:188} INFO - [2025-01-30T09:17:28.262+0000] {dagbag.py:545} INFO - Filling up the DagBag from /home/airflow/.local/lib/python3.12/site-packages/airflow/example_dags/example_skip_dag.py
[2025-01-30T09:17:28.269+0000] {processor.py:840} INFO - DAG(s) 'example_skip_dag' retrieved from /home/airflow/.local/lib/python3.12/site-packages/airflow/example_dags/example_skip_dag.py
[2025-01-30T09:17:28.292+0000] {logging_mixin.py:188} INFO - [2025-01-30T09:17:28.292+0000] {dag.py:3096} INFO - Sync 1 DAGs
[2025-01-30T09:17:28.318+0000] {logging_mixin.py:188} INFO - [2025-01-30T09:17:28.317+0000] {dag.py:3954} INFO - Setting next_dagrun for example_skip_dag to 2025-01-29 00:00:00+00:00, run_after=2025-01-30 00:00:00+00:00
[2025-01-30T09:17:28.343+0000] {processor.py:183} INFO - Processing /home/airflow/.local/lib/python3.12/site-packages/airflow/example_dags/example_skip_dag.py took 0.088 seconds
[2025-01-30T09:17:58.421+0000] {processor.py:161} INFO - Started process (PID=914) to work on /home/airflow/.local/lib/python3.12/site-packages/airflow/example_dags/example_skip_dag.py
[2025-01-30T09:17:58.422+0000] {processor.py:830} INFO - Processing file /home/airflow/.local/lib/python3.12/site-packages/airflow/example_dags/example_skip_dag.py for tasks to queue
[2025-01-30T09:17:58.424+0000] {logging_mixin.py:188} INFO - [2025-01-30T09:17:58.423+0000] {dagbag.py:545} INFO - Filling up the DagBag from /home/airflow/.local/lib/python3.12/site-packages/airflow/example_dags/example_skip_dag.py
[2025-01-30T09:17:58.430+0000] {processor.py:840} INFO - DAG(s) 'example_skip_dag' retrieved from /home/airflow/.local/lib/python3.12/site-packages/airflow/example_dags/example_skip_dag.py
[2025-01-30T09:17:58.454+0000] {logging_mixin.py:188} INFO - [2025-01-30T09:17:58.454+0000] {dag.py:3096} INFO - Sync 1 DAGs
[2025-01-30T09:17:58.480+0000] {logging_mixin.py:188} INFO - [2025-01-30T09:17:58.479+0000] {dag.py:3954} INFO - Setting next_dagrun for example_skip_dag to 2025-01-29 00:00:00+00:00, run_after=2025-01-30 00:00:00+00:00
[2025-01-30T09:17:58.506+0000] {processor.py:183} INFO - Processing /home/airflow/.local/lib/python3.12/site-packages/airflow/example_dags/example_skip_dag.py took 0.091 seconds
[2025-01-30T09:18:28.771+0000] {processor.py:161} INFO - Started process (PID=973) to work on /home/airflow/.local/lib/python3.12/site-packages/airflow/example_dags/example_skip_dag.py
[2025-01-30T09:18:28.772+0000] {processor.py:830} INFO - Processing file /home/airflow/.local/lib/python3.12/site-packages/airflow/example_dags/example_skip_dag.py for tasks to queue
[2025-01-30T09:18:28.774+0000] {logging_mixin.py:188} INFO - [2025-01-30T09:18:28.774+0000] {dagbag.py:545} INFO - Filling up the DagBag from /home/airflow/.local/lib/python3.12/site-packages/airflow/example_dags/example_skip_dag.py
[2025-01-30T09:18:28.781+0000] {processor.py:840} INFO - DAG(s) 'example_skip_dag' retrieved from /home/airflow/.local/lib/python3.12/site-packages/airflow/example_dags/example_skip_dag.py
[2025-01-30T09:18:28.805+0000] {logging_mixin.py:188} INFO - [2025-01-30T09:18:28.804+0000] {dag.py:3096} INFO - Sync 1 DAGs
[2025-01-30T09:18:28.830+0000] {logging_mixin.py:188} INFO - [2025-01-30T09:18:28.830+0000] {dag.py:3954} INFO - Setting next_dagrun for example_skip_dag to 2025-01-29 00:00:00+00:00, run_after=2025-01-30 00:00:00+00:00
[2025-01-30T09:18:28.855+0000] {processor.py:183} INFO - Processing /home/airflow/.local/lib/python3.12/site-packages/airflow/example_dags/example_skip_dag.py took 0.089 seconds
[2025-01-30T09:20:17.728+0000] {processor.py:161} INFO - Started process (PID=98) to work on /home/airflow/.local/lib/python3.12/site-packages/airflow/example_dags/example_skip_dag.py
[2025-01-30T09:20:17.729+0000] {processor.py:830} INFO - Processing file /home/airflow/.local/lib/python3.12/site-packages/airflow/example_dags/example_skip_dag.py for tasks to queue
[2025-01-30T09:20:17.730+0000] {logging_mixin.py:188} INFO - [2025-01-30T09:20:17.730+0000] {dagbag.py:545} INFO - Filling up the DagBag from /home/airflow/.local/lib/python3.12/site-packages/airflow/example_dags/example_skip_dag.py
[2025-01-30T09:20:17.740+0000] {processor.py:840} INFO - DAG(s) 'example_skip_dag' retrieved from /home/airflow/.local/lib/python3.12/site-packages/airflow/example_dags/example_skip_dag.py
[2025-01-30T09:20:17.865+0000] {logging_mixin.py:188} INFO - [2025-01-30T09:20:17.865+0000] {dag.py:3096} INFO - Sync 1 DAGs
[2025-01-30T09:20:17.888+0000] {logging_mixin.py:188} INFO - [2025-01-30T09:20:17.888+0000] {dag.py:3954} INFO - Setting next_dagrun for example_skip_dag to 2025-01-29 00:00:00+00:00, run_after=2025-01-30 00:00:00+00:00
[2025-01-30T09:20:17.918+0000] {processor.py:183} INFO - Processing /home/airflow/.local/lib/python3.12/site-packages/airflow/example_dags/example_skip_dag.py took 0.196 seconds
[2025-01-30T09:20:48.027+0000] {processor.py:161} INFO - Started process (PID=156) to work on /home/airflow/.local/lib/python3.12/site-packages/airflow/example_dags/example_skip_dag.py
[2025-01-30T09:20:48.028+0000] {processor.py:830} INFO - Processing file /home/airflow/.local/lib/python3.12/site-packages/airflow/example_dags/example_skip_dag.py for tasks to queue
[2025-01-30T09:20:48.030+0000] {logging_mixin.py:188} INFO - [2025-01-30T09:20:48.030+0000] {dagbag.py:545} INFO - Filling up the DagBag from /home/airflow/.local/lib/python3.12/site-packages/airflow/example_dags/example_skip_dag.py
[2025-01-30T09:20:48.036+0000] {processor.py:840} INFO - DAG(s) 'example_skip_dag' retrieved from /home/airflow/.local/lib/python3.12/site-packages/airflow/example_dags/example_skip_dag.py
[2025-01-30T09:20:48.058+0000] {logging_mixin.py:188} INFO - [2025-01-30T09:20:48.057+0000] {dag.py:3096} INFO - Sync 1 DAGs
[2025-01-30T09:20:48.081+0000] {logging_mixin.py:188} INFO - [2025-01-30T09:20:48.081+0000] {dag.py:3954} INFO - Setting next_dagrun for example_skip_dag to 2025-01-29 00:00:00+00:00, run_after=2025-01-30 00:00:00+00:00
[2025-01-30T09:20:48.108+0000] {processor.py:183} INFO - Processing /home/airflow/.local/lib/python3.12/site-packages/airflow/example_dags/example_skip_dag.py took 0.086 seconds
[2025-01-30T09:21:18.189+0000] {processor.py:161} INFO - Started process (PID=214) to work on /home/airflow/.local/lib/python3.12/site-packages/airflow/example_dags/example_skip_dag.py
[2025-01-30T09:21:18.190+0000] {processor.py:830} INFO - Processing file /home/airflow/.local/lib/python3.12/site-packages/airflow/example_dags/example_skip_dag.py for tasks to queue
[2025-01-30T09:21:18.193+0000] {logging_mixin.py:188} INFO - [2025-01-30T09:21:18.193+0000] {dagbag.py:545} INFO - Filling up the DagBag from /home/airflow/.local/lib/python3.12/site-packages/airflow/example_dags/example_skip_dag.py
[2025-01-30T09:21:18.199+0000] {processor.py:840} INFO - DAG(s) 'example_skip_dag' retrieved from /home/airflow/.local/lib/python3.12/site-packages/airflow/example_dags/example_skip_dag.py
[2025-01-30T09:21:18.220+0000] {logging_mixin.py:188} INFO - [2025-01-30T09:21:18.220+0000] {dag.py:3096} INFO - Sync 1 DAGs
[2025-01-30T09:21:18.250+0000] {logging_mixin.py:188} INFO - [2025-01-30T09:21:18.250+0000] {dag.py:3954} INFO - Setting next_dagrun for example_skip_dag to 2025-01-29 00:00:00+00:00, run_after=2025-01-30 00:00:00+00:00
[2025-01-30T09:21:18.275+0000] {processor.py:183} INFO - Processing /home/airflow/.local/lib/python3.12/site-packages/airflow/example_dags/example_skip_dag.py took 0.091 seconds
[2025-01-30T09:21:48.598+0000] {processor.py:161} INFO - Started process (PID=272) to work on /home/airflow/.local/lib/python3.12/site-packages/airflow/example_dags/example_skip_dag.py
[2025-01-30T09:21:48.599+0000] {processor.py:830} INFO - Processing file /home/airflow/.local/lib/python3.12/site-packages/airflow/example_dags/example_skip_dag.py for tasks to queue
[2025-01-30T09:21:48.602+0000] {logging_mixin.py:188} INFO - [2025-01-30T09:21:48.601+0000] {dagbag.py:545} INFO - Filling up the DagBag from /home/airflow/.local/lib/python3.12/site-packages/airflow/example_dags/example_skip_dag.py
[2025-01-30T09:21:48.609+0000] {processor.py:840} INFO - DAG(s) 'example_skip_dag' retrieved from /home/airflow/.local/lib/python3.12/site-packages/airflow/example_dags/example_skip_dag.py
[2025-01-30T09:21:48.637+0000] {logging_mixin.py:188} INFO - [2025-01-30T09:21:48.636+0000] {dag.py:3096} INFO - Sync 1 DAGs
[2025-01-30T09:21:48.667+0000] {logging_mixin.py:188} INFO - [2025-01-30T09:21:48.666+0000] {dag.py:3954} INFO - Setting next_dagrun for example_skip_dag to 2025-01-29 00:00:00+00:00, run_after=2025-01-30 00:00:00+00:00
[2025-01-30T09:21:48.698+0000] {processor.py:183} INFO - Processing /home/airflow/.local/lib/python3.12/site-packages/airflow/example_dags/example_skip_dag.py took 0.105 seconds
[2025-01-30T09:22:18.842+0000] {processor.py:161} INFO - Started process (PID=331) to work on /home/airflow/.local/lib/python3.12/site-packages/airflow/example_dags/example_skip_dag.py
[2025-01-30T09:22:18.844+0000] {processor.py:830} INFO - Processing file /home/airflow/.local/lib/python3.12/site-packages/airflow/example_dags/example_skip_dag.py for tasks to queue
[2025-01-30T09:22:18.846+0000] {logging_mixin.py:188} INFO - [2025-01-30T09:22:18.846+0000] {dagbag.py:545} INFO - Filling up the DagBag from /home/airflow/.local/lib/python3.12/site-packages/airflow/example_dags/example_skip_dag.py
[2025-01-30T09:22:18.852+0000] {processor.py:840} INFO - DAG(s) 'example_skip_dag' retrieved from /home/airflow/.local/lib/python3.12/site-packages/airflow/example_dags/example_skip_dag.py
[2025-01-30T09:22:18.874+0000] {logging_mixin.py:188} INFO - [2025-01-30T09:22:18.874+0000] {dag.py:3096} INFO - Sync 1 DAGs
[2025-01-30T09:22:18.901+0000] {logging_mixin.py:188} INFO - [2025-01-30T09:22:18.901+0000] {dag.py:3954} INFO - Setting next_dagrun for example_skip_dag to 2025-01-29 00:00:00+00:00, run_after=2025-01-30 00:00:00+00:00
[2025-01-30T09:22:18.926+0000] {processor.py:183} INFO - Processing /home/airflow/.local/lib/python3.12/site-packages/airflow/example_dags/example_skip_dag.py took 0.089 seconds
[2025-01-30T09:22:49.555+0000] {processor.py:161} INFO - Started process (PID=389) to work on /home/airflow/.local/lib/python3.12/site-packages/airflow/example_dags/example_skip_dag.py
[2025-01-30T09:22:49.556+0000] {processor.py:830} INFO - Processing file /home/airflow/.local/lib/python3.12/site-packages/airflow/example_dags/example_skip_dag.py for tasks to queue
[2025-01-30T09:22:49.558+0000] {logging_mixin.py:188} INFO - [2025-01-30T09:22:49.558+0000] {dagbag.py:545} INFO - Filling up the DagBag from /home/airflow/.local/lib/python3.12/site-packages/airflow/example_dags/example_skip_dag.py
[2025-01-30T09:22:49.566+0000] {processor.py:840} INFO - DAG(s) 'example_skip_dag' retrieved from /home/airflow/.local/lib/python3.12/site-packages/airflow/example_dags/example_skip_dag.py
[2025-01-30T09:22:49.589+0000] {logging_mixin.py:188} INFO - [2025-01-30T09:22:49.589+0000] {dag.py:3096} INFO - Sync 1 DAGs
[2025-01-30T09:22:49.612+0000] {logging_mixin.py:188} INFO - [2025-01-30T09:22:49.612+0000] {dag.py:3954} INFO - Setting next_dagrun for example_skip_dag to 2025-01-29 00:00:00+00:00, run_after=2025-01-30 00:00:00+00:00
[2025-01-30T09:22:49.636+0000] {processor.py:183} INFO - Processing /home/airflow/.local/lib/python3.12/site-packages/airflow/example_dags/example_skip_dag.py took 0.087 seconds
[2025-01-30T09:23:20.158+0000] {processor.py:161} INFO - Started process (PID=447) to work on /home/airflow/.local/lib/python3.12/site-packages/airflow/example_dags/example_skip_dag.py
[2025-01-30T09:23:20.159+0000] {processor.py:830} INFO - Processing file /home/airflow/.local/lib/python3.12/site-packages/airflow/example_dags/example_skip_dag.py for tasks to queue
[2025-01-30T09:23:20.161+0000] {logging_mixin.py:188} INFO - [2025-01-30T09:23:20.161+0000] {dagbag.py:545} INFO - Filling up the DagBag from /home/airflow/.local/lib/python3.12/site-packages/airflow/example_dags/example_skip_dag.py
[2025-01-30T09:23:20.167+0000] {processor.py:840} INFO - DAG(s) 'example_skip_dag' retrieved from /home/airflow/.local/lib/python3.12/site-packages/airflow/example_dags/example_skip_dag.py
[2025-01-30T09:23:20.192+0000] {logging_mixin.py:188} INFO - [2025-01-30T09:23:20.192+0000] {dag.py:3096} INFO - Sync 1 DAGs
[2025-01-30T09:23:20.217+0000] {logging_mixin.py:188} INFO - [2025-01-30T09:23:20.217+0000] {dag.py:3954} INFO - Setting next_dagrun for example_skip_dag to 2025-01-29 00:00:00+00:00, run_after=2025-01-30 00:00:00+00:00
[2025-01-30T09:23:20.242+0000] {processor.py:183} INFO - Processing /home/airflow/.local/lib/python3.12/site-packages/airflow/example_dags/example_skip_dag.py took 0.091 seconds
[2025-01-30T09:23:50.688+0000] {processor.py:161} INFO - Started process (PID=505) to work on /home/airflow/.local/lib/python3.12/site-packages/airflow/example_dags/example_skip_dag.py
[2025-01-30T09:23:50.689+0000] {processor.py:830} INFO - Processing file /home/airflow/.local/lib/python3.12/site-packages/airflow/example_dags/example_skip_dag.py for tasks to queue
[2025-01-30T09:23:50.694+0000] {logging_mixin.py:188} INFO - [2025-01-30T09:23:50.693+0000] {dagbag.py:545} INFO - Filling up the DagBag from /home/airflow/.local/lib/python3.12/site-packages/airflow/example_dags/example_skip_dag.py
[2025-01-30T09:23:50.703+0000] {processor.py:840} INFO - DAG(s) 'example_skip_dag' retrieved from /home/airflow/.local/lib/python3.12/site-packages/airflow/example_dags/example_skip_dag.py
[2025-01-30T09:23:50.761+0000] {logging_mixin.py:188} INFO - [2025-01-30T09:23:50.760+0000] {dag.py:3096} INFO - Sync 1 DAGs
[2025-01-30T09:23:50.806+0000] {logging_mixin.py:188} INFO - [2025-01-30T09:23:50.806+0000] {dag.py:3954} INFO - Setting next_dagrun for example_skip_dag to 2025-01-29 00:00:00+00:00, run_after=2025-01-30 00:00:00+00:00
[2025-01-30T09:23:50.833+0000] {processor.py:183} INFO - Processing /home/airflow/.local/lib/python3.12/site-packages/airflow/example_dags/example_skip_dag.py took 0.151 seconds
[2025-01-30T09:24:21.132+0000] {processor.py:161} INFO - Started process (PID=563) to work on /home/airflow/.local/lib/python3.12/site-packages/airflow/example_dags/example_skip_dag.py
[2025-01-30T09:24:21.133+0000] {processor.py:830} INFO - Processing file /home/airflow/.local/lib/python3.12/site-packages/airflow/example_dags/example_skip_dag.py for tasks to queue
[2025-01-30T09:24:21.135+0000] {logging_mixin.py:188} INFO - [2025-01-30T09:24:21.135+0000] {dagbag.py:545} INFO - Filling up the DagBag from /home/airflow/.local/lib/python3.12/site-packages/airflow/example_dags/example_skip_dag.py
[2025-01-30T09:24:21.142+0000] {processor.py:840} INFO - DAG(s) 'example_skip_dag' retrieved from /home/airflow/.local/lib/python3.12/site-packages/airflow/example_dags/example_skip_dag.py
[2025-01-30T09:24:21.169+0000] {logging_mixin.py:188} INFO - [2025-01-30T09:24:21.169+0000] {dag.py:3096} INFO - Sync 1 DAGs
[2025-01-30T09:24:21.199+0000] {logging_mixin.py:188} INFO - [2025-01-30T09:24:21.199+0000] {dag.py:3954} INFO - Setting next_dagrun for example_skip_dag to 2025-01-29 00:00:00+00:00, run_after=2025-01-30 00:00:00+00:00
[2025-01-30T09:24:21.235+0000] {processor.py:183} INFO - Processing /home/airflow/.local/lib/python3.12/site-packages/airflow/example_dags/example_skip_dag.py took 0.110 seconds
[2025-01-30T09:24:51.434+0000] {processor.py:161} INFO - Started process (PID=621) to work on /home/airflow/.local/lib/python3.12/site-packages/airflow/example_dags/example_skip_dag.py
[2025-01-30T09:24:51.435+0000] {processor.py:830} INFO - Processing file /home/airflow/.local/lib/python3.12/site-packages/airflow/example_dags/example_skip_dag.py for tasks to queue
[2025-01-30T09:24:51.440+0000] {logging_mixin.py:188} INFO - [2025-01-30T09:24:51.438+0000] {dagbag.py:545} INFO - Filling up the DagBag from /home/airflow/.local/lib/python3.12/site-packages/airflow/example_dags/example_skip_dag.py
[2025-01-30T09:24:51.446+0000] {processor.py:840} INFO - DAG(s) 'example_skip_dag' retrieved from /home/airflow/.local/lib/python3.12/site-packages/airflow/example_dags/example_skip_dag.py
[2025-01-30T09:24:51.473+0000] {logging_mixin.py:188} INFO - [2025-01-30T09:24:51.472+0000] {dag.py:3096} INFO - Sync 1 DAGs
[2025-01-30T09:24:51.518+0000] {logging_mixin.py:188} INFO - [2025-01-30T09:24:51.517+0000] {dag.py:3954} INFO - Setting next_dagrun for example_skip_dag to 2025-01-29 00:00:00+00:00, run_after=2025-01-30 00:00:00+00:00
[2025-01-30T09:24:51.549+0000] {processor.py:183} INFO - Processing /home/airflow/.local/lib/python3.12/site-packages/airflow/example_dags/example_skip_dag.py took 0.120 seconds
[2025-01-30T09:25:21.770+0000] {processor.py:161} INFO - Started process (PID=679) to work on /home/airflow/.local/lib/python3.12/site-packages/airflow/example_dags/example_skip_dag.py
[2025-01-30T09:25:21.771+0000] {processor.py:830} INFO - Processing file /home/airflow/.local/lib/python3.12/site-packages/airflow/example_dags/example_skip_dag.py for tasks to queue
[2025-01-30T09:25:21.773+0000] {logging_mixin.py:188} INFO - [2025-01-30T09:25:21.773+0000] {dagbag.py:545} INFO - Filling up the DagBag from /home/airflow/.local/lib/python3.12/site-packages/airflow/example_dags/example_skip_dag.py
[2025-01-30T09:25:21.779+0000] {processor.py:840} INFO - DAG(s) 'example_skip_dag' retrieved from /home/airflow/.local/lib/python3.12/site-packages/airflow/example_dags/example_skip_dag.py
[2025-01-30T09:25:21.805+0000] {logging_mixin.py:188} INFO - [2025-01-30T09:25:21.805+0000] {dag.py:3096} INFO - Sync 1 DAGs
[2025-01-30T09:25:21.830+0000] {logging_mixin.py:188} INFO - [2025-01-30T09:25:21.830+0000] {dag.py:3954} INFO - Setting next_dagrun for example_skip_dag to 2025-01-29 00:00:00+00:00, run_after=2025-01-30 00:00:00+00:00
[2025-01-30T09:25:21.853+0000] {processor.py:183} INFO - Processing /home/airflow/.local/lib/python3.12/site-packages/airflow/example_dags/example_skip_dag.py took 0.088 seconds
