[2025-01-30T08:43:56.221+0000] {processor.py:161} INFO - Started process (PID=118) to work on /home/airflow/.local/lib/python3.12/site-packages/airflow/example_dags/example_xcomargs.py
[2025-01-30T08:43:56.222+0000] {processor.py:830} INFO - Processing file /home/airflow/.local/lib/python3.12/site-packages/airflow/example_dags/example_xcomargs.py for tasks to queue
[2025-01-30T08:43:56.224+0000] {logging_mixin.py:188} INFO - [2025-01-30T08:43:56.223+0000] {dagbag.py:545} INFO - Filling up the DagBag from /home/airflow/.local/lib/python3.12/site-packages/airflow/example_dags/example_xcomargs.py
[2025-01-30T08:43:56.232+0000] {processor.py:840} INFO - DAG(s) 'example_xcom_args', 'example_xcom_args_with_operators' retrieved from /home/airflow/.local/lib/python3.12/site-packages/airflow/example_dags/example_xcomargs.py
[2025-01-30T08:43:56.372+0000] {logging_mixin.py:188} INFO - [2025-01-30T08:43:56.372+0000] {dag.py:3096} INFO - Sync 2 DAGs
[2025-01-30T08:43:56.387+0000] {logging_mixin.py:188} INFO - [2025-01-30T08:43:56.387+0000] {dag.py:3954} INFO - Setting next_dagrun for example_xcom_args to None, run_after=None
[2025-01-30T08:43:56.394+0000] {logging_mixin.py:188} INFO - [2025-01-30T08:43:56.394+0000] {dag.py:3954} INFO - Setting next_dagrun for example_xcom_args_with_operators to None, run_after=None
[2025-01-30T08:43:56.419+0000] {processor.py:183} INFO - Processing /home/airflow/.local/lib/python3.12/site-packages/airflow/example_dags/example_xcomargs.py took 0.203 seconds
[2025-01-30T08:44:26.549+0000] {processor.py:161} INFO - Started process (PID=176) to work on /home/airflow/.local/lib/python3.12/site-packages/airflow/example_dags/example_xcomargs.py
[2025-01-30T08:44:26.550+0000] {processor.py:830} INFO - Processing file /home/airflow/.local/lib/python3.12/site-packages/airflow/example_dags/example_xcomargs.py for tasks to queue
[2025-01-30T08:44:26.552+0000] {logging_mixin.py:188} INFO - [2025-01-30T08:44:26.552+0000] {dagbag.py:545} INFO - Filling up the DagBag from /home/airflow/.local/lib/python3.12/site-packages/airflow/example_dags/example_xcomargs.py
[2025-01-30T08:44:26.560+0000] {processor.py:840} INFO - DAG(s) 'example_xcom_args', 'example_xcom_args_with_operators' retrieved from /home/airflow/.local/lib/python3.12/site-packages/airflow/example_dags/example_xcomargs.py
[2025-01-30T08:44:26.583+0000] {logging_mixin.py:188} INFO - [2025-01-30T08:44:26.583+0000] {dag.py:3096} INFO - Sync 2 DAGs
[2025-01-30T08:44:26.598+0000] {logging_mixin.py:188} INFO - [2025-01-30T08:44:26.598+0000] {dag.py:3954} INFO - Setting next_dagrun for example_xcom_args to None, run_after=None
[2025-01-30T08:44:26.604+0000] {logging_mixin.py:188} INFO - [2025-01-30T08:44:26.604+0000] {dag.py:3954} INFO - Setting next_dagrun for example_xcom_args_with_operators to None, run_after=None
[2025-01-30T08:44:26.625+0000] {processor.py:183} INFO - Processing /home/airflow/.local/lib/python3.12/site-packages/airflow/example_dags/example_xcomargs.py took 0.080 seconds
[2025-01-30T08:44:56.738+0000] {processor.py:161} INFO - Started process (PID=234) to work on /home/airflow/.local/lib/python3.12/site-packages/airflow/example_dags/example_xcomargs.py
[2025-01-30T08:44:56.739+0000] {processor.py:830} INFO - Processing file /home/airflow/.local/lib/python3.12/site-packages/airflow/example_dags/example_xcomargs.py for tasks to queue
[2025-01-30T08:44:56.742+0000] {logging_mixin.py:188} INFO - [2025-01-30T08:44:56.741+0000] {dagbag.py:545} INFO - Filling up the DagBag from /home/airflow/.local/lib/python3.12/site-packages/airflow/example_dags/example_xcomargs.py
[2025-01-30T08:44:56.750+0000] {processor.py:840} INFO - DAG(s) 'example_xcom_args_with_operators', 'example_xcom_args' retrieved from /home/airflow/.local/lib/python3.12/site-packages/airflow/example_dags/example_xcomargs.py
[2025-01-30T08:44:56.775+0000] {logging_mixin.py:188} INFO - [2025-01-30T08:44:56.775+0000] {dag.py:3096} INFO - Sync 2 DAGs
[2025-01-30T08:44:56.789+0000] {logging_mixin.py:188} INFO - [2025-01-30T08:44:56.789+0000] {dag.py:3954} INFO - Setting next_dagrun for example_xcom_args to None, run_after=None
[2025-01-30T08:44:56.794+0000] {logging_mixin.py:188} INFO - [2025-01-30T08:44:56.794+0000] {dag.py:3954} INFO - Setting next_dagrun for example_xcom_args_with_operators to None, run_after=None
[2025-01-30T08:44:56.812+0000] {processor.py:183} INFO - Processing /home/airflow/.local/lib/python3.12/site-packages/airflow/example_dags/example_xcomargs.py took 0.081 seconds
[2025-01-30T08:45:27.158+0000] {processor.py:161} INFO - Started process (PID=292) to work on /home/airflow/.local/lib/python3.12/site-packages/airflow/example_dags/example_xcomargs.py
[2025-01-30T08:45:27.160+0000] {processor.py:830} INFO - Processing file /home/airflow/.local/lib/python3.12/site-packages/airflow/example_dags/example_xcomargs.py for tasks to queue
[2025-01-30T08:45:27.163+0000] {logging_mixin.py:188} INFO - [2025-01-30T08:45:27.162+0000] {dagbag.py:545} INFO - Filling up the DagBag from /home/airflow/.local/lib/python3.12/site-packages/airflow/example_dags/example_xcomargs.py
[2025-01-30T08:45:27.172+0000] {processor.py:840} INFO - DAG(s) 'example_xcom_args', 'example_xcom_args_with_operators' retrieved from /home/airflow/.local/lib/python3.12/site-packages/airflow/example_dags/example_xcomargs.py
[2025-01-30T08:45:27.209+0000] {logging_mixin.py:188} INFO - [2025-01-30T08:45:27.209+0000] {dag.py:3096} INFO - Sync 2 DAGs
[2025-01-30T08:45:27.228+0000] {logging_mixin.py:188} INFO - [2025-01-30T08:45:27.228+0000] {dag.py:3954} INFO - Setting next_dagrun for example_xcom_args to None, run_after=None
[2025-01-30T08:45:27.234+0000] {logging_mixin.py:188} INFO - [2025-01-30T08:45:27.234+0000] {dag.py:3954} INFO - Setting next_dagrun for example_xcom_args_with_operators to None, run_after=None
[2025-01-30T08:45:27.260+0000] {processor.py:183} INFO - Processing /home/airflow/.local/lib/python3.12/site-packages/airflow/example_dags/example_xcomargs.py took 0.109 seconds
[2025-01-30T08:45:57.668+0000] {processor.py:161} INFO - Started process (PID=350) to work on /home/airflow/.local/lib/python3.12/site-packages/airflow/example_dags/example_xcomargs.py
[2025-01-30T08:45:57.669+0000] {processor.py:830} INFO - Processing file /home/airflow/.local/lib/python3.12/site-packages/airflow/example_dags/example_xcomargs.py for tasks to queue
[2025-01-30T08:45:57.670+0000] {logging_mixin.py:188} INFO - [2025-01-30T08:45:57.670+0000] {dagbag.py:545} INFO - Filling up the DagBag from /home/airflow/.local/lib/python3.12/site-packages/airflow/example_dags/example_xcomargs.py
[2025-01-30T08:45:57.678+0000] {processor.py:840} INFO - DAG(s) 'example_xcom_args_with_operators', 'example_xcom_args' retrieved from /home/airflow/.local/lib/python3.12/site-packages/airflow/example_dags/example_xcomargs.py
[2025-01-30T08:45:57.706+0000] {logging_mixin.py:188} INFO - [2025-01-30T08:45:57.705+0000] {dag.py:3096} INFO - Sync 2 DAGs
[2025-01-30T08:45:57.720+0000] {logging_mixin.py:188} INFO - [2025-01-30T08:45:57.720+0000] {dag.py:3954} INFO - Setting next_dagrun for example_xcom_args to None, run_after=None
[2025-01-30T08:45:57.725+0000] {logging_mixin.py:188} INFO - [2025-01-30T08:45:57.724+0000] {dag.py:3954} INFO - Setting next_dagrun for example_xcom_args_with_operators to None, run_after=None
[2025-01-30T08:45:57.747+0000] {processor.py:183} INFO - Processing /home/airflow/.local/lib/python3.12/site-packages/airflow/example_dags/example_xcomargs.py took 0.086 seconds
[2025-01-30T08:46:28.604+0000] {processor.py:161} INFO - Started process (PID=407) to work on /home/airflow/.local/lib/python3.12/site-packages/airflow/example_dags/example_xcomargs.py
[2025-01-30T08:46:28.605+0000] {processor.py:830} INFO - Processing file /home/airflow/.local/lib/python3.12/site-packages/airflow/example_dags/example_xcomargs.py for tasks to queue
[2025-01-30T08:46:28.608+0000] {logging_mixin.py:188} INFO - [2025-01-30T08:46:28.607+0000] {dagbag.py:545} INFO - Filling up the DagBag from /home/airflow/.local/lib/python3.12/site-packages/airflow/example_dags/example_xcomargs.py
[2025-01-30T08:46:28.616+0000] {processor.py:840} INFO - DAG(s) 'example_xcom_args', 'example_xcom_args_with_operators' retrieved from /home/airflow/.local/lib/python3.12/site-packages/airflow/example_dags/example_xcomargs.py
[2025-01-30T08:46:28.643+0000] {logging_mixin.py:188} INFO - [2025-01-30T08:46:28.643+0000] {dag.py:3096} INFO - Sync 2 DAGs
[2025-01-30T08:46:28.659+0000] {logging_mixin.py:188} INFO - [2025-01-30T08:46:28.659+0000] {dag.py:3954} INFO - Setting next_dagrun for example_xcom_args to None, run_after=None
[2025-01-30T08:46:28.664+0000] {logging_mixin.py:188} INFO - [2025-01-30T08:46:28.663+0000] {dag.py:3954} INFO - Setting next_dagrun for example_xcom_args_with_operators to None, run_after=None
[2025-01-30T08:46:28.691+0000] {processor.py:183} INFO - Processing /home/airflow/.local/lib/python3.12/site-packages/airflow/example_dags/example_xcomargs.py took 0.094 seconds
[2025-01-30T08:46:58.930+0000] {processor.py:161} INFO - Started process (PID=465) to work on /home/airflow/.local/lib/python3.12/site-packages/airflow/example_dags/example_xcomargs.py
[2025-01-30T08:46:58.931+0000] {processor.py:830} INFO - Processing file /home/airflow/.local/lib/python3.12/site-packages/airflow/example_dags/example_xcomargs.py for tasks to queue
[2025-01-30T08:46:58.933+0000] {logging_mixin.py:188} INFO - [2025-01-30T08:46:58.933+0000] {dagbag.py:545} INFO - Filling up the DagBag from /home/airflow/.local/lib/python3.12/site-packages/airflow/example_dags/example_xcomargs.py
[2025-01-30T08:46:58.940+0000] {processor.py:840} INFO - DAG(s) 'example_xcom_args', 'example_xcom_args_with_operators' retrieved from /home/airflow/.local/lib/python3.12/site-packages/airflow/example_dags/example_xcomargs.py
[2025-01-30T08:46:58.966+0000] {logging_mixin.py:188} INFO - [2025-01-30T08:46:58.965+0000] {dag.py:3096} INFO - Sync 2 DAGs
[2025-01-30T08:46:58.981+0000] {logging_mixin.py:188} INFO - [2025-01-30T08:46:58.980+0000] {dag.py:3954} INFO - Setting next_dagrun for example_xcom_args to None, run_after=None
[2025-01-30T08:46:58.985+0000] {logging_mixin.py:188} INFO - [2025-01-30T08:46:58.985+0000] {dag.py:3954} INFO - Setting next_dagrun for example_xcom_args_with_operators to None, run_after=None
[2025-01-30T08:46:59.008+0000] {processor.py:183} INFO - Processing /home/airflow/.local/lib/python3.12/site-packages/airflow/example_dags/example_xcomargs.py took 0.083 seconds
[2025-01-30T08:47:29.279+0000] {processor.py:161} INFO - Started process (PID=523) to work on /home/airflow/.local/lib/python3.12/site-packages/airflow/example_dags/example_xcomargs.py
[2025-01-30T08:47:29.281+0000] {processor.py:830} INFO - Processing file /home/airflow/.local/lib/python3.12/site-packages/airflow/example_dags/example_xcomargs.py for tasks to queue
[2025-01-30T08:47:29.282+0000] {logging_mixin.py:188} INFO - [2025-01-30T08:47:29.282+0000] {dagbag.py:545} INFO - Filling up the DagBag from /home/airflow/.local/lib/python3.12/site-packages/airflow/example_dags/example_xcomargs.py
[2025-01-30T08:47:29.290+0000] {processor.py:840} INFO - DAG(s) 'example_xcom_args', 'example_xcom_args_with_operators' retrieved from /home/airflow/.local/lib/python3.12/site-packages/airflow/example_dags/example_xcomargs.py
[2025-01-30T08:47:29.315+0000] {logging_mixin.py:188} INFO - [2025-01-30T08:47:29.314+0000] {dag.py:3096} INFO - Sync 2 DAGs
[2025-01-30T08:47:29.330+0000] {logging_mixin.py:188} INFO - [2025-01-30T08:47:29.329+0000] {dag.py:3954} INFO - Setting next_dagrun for example_xcom_args to None, run_after=None
[2025-01-30T08:47:29.336+0000] {logging_mixin.py:188} INFO - [2025-01-30T08:47:29.335+0000] {dag.py:3954} INFO - Setting next_dagrun for example_xcom_args_with_operators to None, run_after=None
[2025-01-30T08:47:29.359+0000] {processor.py:183} INFO - Processing /home/airflow/.local/lib/python3.12/site-packages/airflow/example_dags/example_xcomargs.py took 0.085 seconds
[2025-01-30T08:47:59.770+0000] {processor.py:161} INFO - Started process (PID=581) to work on /home/airflow/.local/lib/python3.12/site-packages/airflow/example_dags/example_xcomargs.py
[2025-01-30T08:47:59.771+0000] {processor.py:830} INFO - Processing file /home/airflow/.local/lib/python3.12/site-packages/airflow/example_dags/example_xcomargs.py for tasks to queue
[2025-01-30T08:47:59.773+0000] {logging_mixin.py:188} INFO - [2025-01-30T08:47:59.772+0000] {dagbag.py:545} INFO - Filling up the DagBag from /home/airflow/.local/lib/python3.12/site-packages/airflow/example_dags/example_xcomargs.py
[2025-01-30T08:47:59.781+0000] {processor.py:840} INFO - DAG(s) 'example_xcom_args', 'example_xcom_args_with_operators' retrieved from /home/airflow/.local/lib/python3.12/site-packages/airflow/example_dags/example_xcomargs.py
[2025-01-30T08:47:59.807+0000] {logging_mixin.py:188} INFO - [2025-01-30T08:47:59.806+0000] {dag.py:3096} INFO - Sync 2 DAGs
[2025-01-30T08:47:59.823+0000] {logging_mixin.py:188} INFO - [2025-01-30T08:47:59.823+0000] {dag.py:3954} INFO - Setting next_dagrun for example_xcom_args to None, run_after=None
[2025-01-30T08:47:59.829+0000] {logging_mixin.py:188} INFO - [2025-01-30T08:47:59.828+0000] {dag.py:3954} INFO - Setting next_dagrun for example_xcom_args_with_operators to None, run_after=None
[2025-01-30T08:47:59.851+0000] {processor.py:183} INFO - Processing /home/airflow/.local/lib/python3.12/site-packages/airflow/example_dags/example_xcomargs.py took 0.087 seconds
[2025-01-30T08:48:29.955+0000] {processor.py:161} INFO - Started process (PID=639) to work on /home/airflow/.local/lib/python3.12/site-packages/airflow/example_dags/example_xcomargs.py
[2025-01-30T08:48:29.956+0000] {processor.py:830} INFO - Processing file /home/airflow/.local/lib/python3.12/site-packages/airflow/example_dags/example_xcomargs.py for tasks to queue
[2025-01-30T08:48:29.959+0000] {logging_mixin.py:188} INFO - [2025-01-30T08:48:29.958+0000] {dagbag.py:545} INFO - Filling up the DagBag from /home/airflow/.local/lib/python3.12/site-packages/airflow/example_dags/example_xcomargs.py
[2025-01-30T08:48:29.966+0000] {processor.py:840} INFO - DAG(s) 'example_xcom_args', 'example_xcom_args_with_operators' retrieved from /home/airflow/.local/lib/python3.12/site-packages/airflow/example_dags/example_xcomargs.py
[2025-01-30T08:48:29.993+0000] {logging_mixin.py:188} INFO - [2025-01-30T08:48:29.993+0000] {dag.py:3096} INFO - Sync 2 DAGs
[2025-01-30T08:48:30.006+0000] {logging_mixin.py:188} INFO - [2025-01-30T08:48:30.005+0000] {dag.py:3954} INFO - Setting next_dagrun for example_xcom_args to None, run_after=None
[2025-01-30T08:48:30.010+0000] {logging_mixin.py:188} INFO - [2025-01-30T08:48:30.010+0000] {dag.py:3954} INFO - Setting next_dagrun for example_xcom_args_with_operators to None, run_after=None
[2025-01-30T08:48:30.032+0000] {processor.py:183} INFO - Processing /home/airflow/.local/lib/python3.12/site-packages/airflow/example_dags/example_xcomargs.py took 0.082 seconds
[2025-01-30T08:49:00.503+0000] {processor.py:161} INFO - Started process (PID=697) to work on /home/airflow/.local/lib/python3.12/site-packages/airflow/example_dags/example_xcomargs.py
[2025-01-30T08:49:00.504+0000] {processor.py:830} INFO - Processing file /home/airflow/.local/lib/python3.12/site-packages/airflow/example_dags/example_xcomargs.py for tasks to queue
[2025-01-30T08:49:00.507+0000] {logging_mixin.py:188} INFO - [2025-01-30T08:49:00.506+0000] {dagbag.py:545} INFO - Filling up the DagBag from /home/airflow/.local/lib/python3.12/site-packages/airflow/example_dags/example_xcomargs.py
[2025-01-30T08:49:00.517+0000] {processor.py:840} INFO - DAG(s) 'example_xcom_args_with_operators', 'example_xcom_args' retrieved from /home/airflow/.local/lib/python3.12/site-packages/airflow/example_dags/example_xcomargs.py
[2025-01-30T08:49:00.542+0000] {logging_mixin.py:188} INFO - [2025-01-30T08:49:00.542+0000] {dag.py:3096} INFO - Sync 2 DAGs
[2025-01-30T08:49:00.555+0000] {logging_mixin.py:188} INFO - [2025-01-30T08:49:00.555+0000] {dag.py:3954} INFO - Setting next_dagrun for example_xcom_args to None, run_after=None
[2025-01-30T08:49:00.560+0000] {logging_mixin.py:188} INFO - [2025-01-30T08:49:00.559+0000] {dag.py:3954} INFO - Setting next_dagrun for example_xcom_args_with_operators to None, run_after=None
[2025-01-30T08:49:00.580+0000] {processor.py:183} INFO - Processing /home/airflow/.local/lib/python3.12/site-packages/airflow/example_dags/example_xcomargs.py took 0.082 seconds
[2025-01-30T08:49:30.726+0000] {processor.py:161} INFO - Started process (PID=755) to work on /home/airflow/.local/lib/python3.12/site-packages/airflow/example_dags/example_xcomargs.py
[2025-01-30T08:49:30.727+0000] {processor.py:830} INFO - Processing file /home/airflow/.local/lib/python3.12/site-packages/airflow/example_dags/example_xcomargs.py for tasks to queue
[2025-01-30T08:49:30.729+0000] {logging_mixin.py:188} INFO - [2025-01-30T08:49:30.729+0000] {dagbag.py:545} INFO - Filling up the DagBag from /home/airflow/.local/lib/python3.12/site-packages/airflow/example_dags/example_xcomargs.py
[2025-01-30T08:49:30.736+0000] {processor.py:840} INFO - DAG(s) 'example_xcom_args', 'example_xcom_args_with_operators' retrieved from /home/airflow/.local/lib/python3.12/site-packages/airflow/example_dags/example_xcomargs.py
[2025-01-30T08:49:30.761+0000] {logging_mixin.py:188} INFO - [2025-01-30T08:49:30.760+0000] {dag.py:3096} INFO - Sync 2 DAGs
[2025-01-30T08:49:30.774+0000] {logging_mixin.py:188} INFO - [2025-01-30T08:49:30.774+0000] {dag.py:3954} INFO - Setting next_dagrun for example_xcom_args to None, run_after=None
[2025-01-30T08:49:30.779+0000] {logging_mixin.py:188} INFO - [2025-01-30T08:49:30.778+0000] {dag.py:3954} INFO - Setting next_dagrun for example_xcom_args_with_operators to None, run_after=None
[2025-01-30T08:49:30.799+0000] {processor.py:183} INFO - Processing /home/airflow/.local/lib/python3.12/site-packages/airflow/example_dags/example_xcomargs.py took 0.078 seconds
[2025-01-30T08:50:01.199+0000] {processor.py:161} INFO - Started process (PID=813) to work on /home/airflow/.local/lib/python3.12/site-packages/airflow/example_dags/example_xcomargs.py
[2025-01-30T08:50:01.200+0000] {processor.py:830} INFO - Processing file /home/airflow/.local/lib/python3.12/site-packages/airflow/example_dags/example_xcomargs.py for tasks to queue
[2025-01-30T08:50:01.202+0000] {logging_mixin.py:188} INFO - [2025-01-30T08:50:01.202+0000] {dagbag.py:545} INFO - Filling up the DagBag from /home/airflow/.local/lib/python3.12/site-packages/airflow/example_dags/example_xcomargs.py
[2025-01-30T08:50:01.209+0000] {processor.py:840} INFO - DAG(s) 'example_xcom_args_with_operators', 'example_xcom_args' retrieved from /home/airflow/.local/lib/python3.12/site-packages/airflow/example_dags/example_xcomargs.py
[2025-01-30T08:50:01.233+0000] {logging_mixin.py:188} INFO - [2025-01-30T08:50:01.233+0000] {dag.py:3096} INFO - Sync 2 DAGs
[2025-01-30T08:50:01.248+0000] {logging_mixin.py:188} INFO - [2025-01-30T08:50:01.248+0000] {dag.py:3954} INFO - Setting next_dagrun for example_xcom_args to None, run_after=None
[2025-01-30T08:50:01.253+0000] {logging_mixin.py:188} INFO - [2025-01-30T08:50:01.253+0000] {dag.py:3954} INFO - Setting next_dagrun for example_xcom_args_with_operators to None, run_after=None
[2025-01-30T08:50:01.275+0000] {processor.py:183} INFO - Processing /home/airflow/.local/lib/python3.12/site-packages/airflow/example_dags/example_xcomargs.py took 0.081 seconds
[2025-01-30T08:50:31.704+0000] {processor.py:161} INFO - Started process (PID=871) to work on /home/airflow/.local/lib/python3.12/site-packages/airflow/example_dags/example_xcomargs.py
[2025-01-30T08:50:31.706+0000] {processor.py:830} INFO - Processing file /home/airflow/.local/lib/python3.12/site-packages/airflow/example_dags/example_xcomargs.py for tasks to queue
[2025-01-30T08:50:31.707+0000] {logging_mixin.py:188} INFO - [2025-01-30T08:50:31.707+0000] {dagbag.py:545} INFO - Filling up the DagBag from /home/airflow/.local/lib/python3.12/site-packages/airflow/example_dags/example_xcomargs.py
[2025-01-30T08:50:31.715+0000] {processor.py:840} INFO - DAG(s) 'example_xcom_args', 'example_xcom_args_with_operators' retrieved from /home/airflow/.local/lib/python3.12/site-packages/airflow/example_dags/example_xcomargs.py
[2025-01-30T08:50:31.740+0000] {logging_mixin.py:188} INFO - [2025-01-30T08:50:31.740+0000] {dag.py:3096} INFO - Sync 2 DAGs
[2025-01-30T08:50:31.755+0000] {logging_mixin.py:188} INFO - [2025-01-30T08:50:31.755+0000] {dag.py:3954} INFO - Setting next_dagrun for example_xcom_args to None, run_after=None
[2025-01-30T08:50:31.759+0000] {logging_mixin.py:188} INFO - [2025-01-30T08:50:31.759+0000] {dag.py:3954} INFO - Setting next_dagrun for example_xcom_args_with_operators to None, run_after=None
[2025-01-30T08:50:31.783+0000] {processor.py:183} INFO - Processing /home/airflow/.local/lib/python3.12/site-packages/airflow/example_dags/example_xcomargs.py took 0.084 seconds
[2025-01-30T08:51:01.833+0000] {processor.py:161} INFO - Started process (PID=929) to work on /home/airflow/.local/lib/python3.12/site-packages/airflow/example_dags/example_xcomargs.py
[2025-01-30T08:51:01.834+0000] {processor.py:830} INFO - Processing file /home/airflow/.local/lib/python3.12/site-packages/airflow/example_dags/example_xcomargs.py for tasks to queue
[2025-01-30T08:51:01.836+0000] {logging_mixin.py:188} INFO - [2025-01-30T08:51:01.836+0000] {dagbag.py:545} INFO - Filling up the DagBag from /home/airflow/.local/lib/python3.12/site-packages/airflow/example_dags/example_xcomargs.py
[2025-01-30T08:51:01.844+0000] {processor.py:840} INFO - DAG(s) 'example_xcom_args', 'example_xcom_args_with_operators' retrieved from /home/airflow/.local/lib/python3.12/site-packages/airflow/example_dags/example_xcomargs.py
[2025-01-30T08:51:01.871+0000] {logging_mixin.py:188} INFO - [2025-01-30T08:51:01.871+0000] {dag.py:3096} INFO - Sync 2 DAGs
[2025-01-30T08:51:01.886+0000] {logging_mixin.py:188} INFO - [2025-01-30T08:51:01.885+0000] {dag.py:3954} INFO - Setting next_dagrun for example_xcom_args to None, run_after=None
[2025-01-30T08:51:01.891+0000] {logging_mixin.py:188} INFO - [2025-01-30T08:51:01.891+0000] {dag.py:3954} INFO - Setting next_dagrun for example_xcom_args_with_operators to None, run_after=None
[2025-01-30T08:51:01.917+0000] {processor.py:183} INFO - Processing /home/airflow/.local/lib/python3.12/site-packages/airflow/example_dags/example_xcomargs.py took 0.092 seconds
[2025-01-30T08:51:32.444+0000] {processor.py:161} INFO - Started process (PID=987) to work on /home/airflow/.local/lib/python3.12/site-packages/airflow/example_dags/example_xcomargs.py
[2025-01-30T08:51:32.445+0000] {processor.py:830} INFO - Processing file /home/airflow/.local/lib/python3.12/site-packages/airflow/example_dags/example_xcomargs.py for tasks to queue
[2025-01-30T08:51:32.447+0000] {logging_mixin.py:188} INFO - [2025-01-30T08:51:32.446+0000] {dagbag.py:545} INFO - Filling up the DagBag from /home/airflow/.local/lib/python3.12/site-packages/airflow/example_dags/example_xcomargs.py
[2025-01-30T08:51:32.455+0000] {processor.py:840} INFO - DAG(s) 'example_xcom_args', 'example_xcom_args_with_operators' retrieved from /home/airflow/.local/lib/python3.12/site-packages/airflow/example_dags/example_xcomargs.py
[2025-01-30T08:51:32.480+0000] {logging_mixin.py:188} INFO - [2025-01-30T08:51:32.480+0000] {dag.py:3096} INFO - Sync 2 DAGs
[2025-01-30T08:51:32.495+0000] {logging_mixin.py:188} INFO - [2025-01-30T08:51:32.495+0000] {dag.py:3954} INFO - Setting next_dagrun for example_xcom_args to None, run_after=None
[2025-01-30T08:51:32.500+0000] {logging_mixin.py:188} INFO - [2025-01-30T08:51:32.500+0000] {dag.py:3954} INFO - Setting next_dagrun for example_xcom_args_with_operators to None, run_after=None
[2025-01-30T08:51:32.524+0000] {processor.py:183} INFO - Processing /home/airflow/.local/lib/python3.12/site-packages/airflow/example_dags/example_xcomargs.py took 0.085 seconds
[2025-01-30T08:52:02.866+0000] {processor.py:161} INFO - Started process (PID=1045) to work on /home/airflow/.local/lib/python3.12/site-packages/airflow/example_dags/example_xcomargs.py
[2025-01-30T08:52:02.868+0000] {processor.py:830} INFO - Processing file /home/airflow/.local/lib/python3.12/site-packages/airflow/example_dags/example_xcomargs.py for tasks to queue
[2025-01-30T08:52:02.870+0000] {logging_mixin.py:188} INFO - [2025-01-30T08:52:02.870+0000] {dagbag.py:545} INFO - Filling up the DagBag from /home/airflow/.local/lib/python3.12/site-packages/airflow/example_dags/example_xcomargs.py
[2025-01-30T08:52:02.881+0000] {processor.py:840} INFO - DAG(s) 'example_xcom_args_with_operators', 'example_xcom_args' retrieved from /home/airflow/.local/lib/python3.12/site-packages/airflow/example_dags/example_xcomargs.py
[2025-01-30T08:52:02.908+0000] {logging_mixin.py:188} INFO - [2025-01-30T08:52:02.908+0000] {dag.py:3096} INFO - Sync 2 DAGs
[2025-01-30T08:52:02.924+0000] {logging_mixin.py:188} INFO - [2025-01-30T08:52:02.924+0000] {dag.py:3954} INFO - Setting next_dagrun for example_xcom_args to None, run_after=None
[2025-01-30T08:52:02.929+0000] {logging_mixin.py:188} INFO - [2025-01-30T08:52:02.928+0000] {dag.py:3954} INFO - Setting next_dagrun for example_xcom_args_with_operators to None, run_after=None
[2025-01-30T08:52:02.948+0000] {processor.py:183} INFO - Processing /home/airflow/.local/lib/python3.12/site-packages/airflow/example_dags/example_xcomargs.py took 0.088 seconds
[2025-01-30T08:52:33.175+0000] {processor.py:161} INFO - Started process (PID=1103) to work on /home/airflow/.local/lib/python3.12/site-packages/airflow/example_dags/example_xcomargs.py
[2025-01-30T08:52:33.176+0000] {processor.py:830} INFO - Processing file /home/airflow/.local/lib/python3.12/site-packages/airflow/example_dags/example_xcomargs.py for tasks to queue
[2025-01-30T08:52:33.182+0000] {logging_mixin.py:188} INFO - [2025-01-30T08:52:33.182+0000] {dagbag.py:545} INFO - Filling up the DagBag from /home/airflow/.local/lib/python3.12/site-packages/airflow/example_dags/example_xcomargs.py
[2025-01-30T08:52:33.192+0000] {processor.py:840} INFO - DAG(s) 'example_xcom_args', 'example_xcom_args_with_operators' retrieved from /home/airflow/.local/lib/python3.12/site-packages/airflow/example_dags/example_xcomargs.py
[2025-01-30T08:52:33.226+0000] {logging_mixin.py:188} INFO - [2025-01-30T08:52:33.225+0000] {dag.py:3096} INFO - Sync 2 DAGs
[2025-01-30T08:52:33.250+0000] {logging_mixin.py:188} INFO - [2025-01-30T08:52:33.249+0000] {dag.py:3954} INFO - Setting next_dagrun for example_xcom_args to None, run_after=None
[2025-01-30T08:52:33.255+0000] {logging_mixin.py:188} INFO - [2025-01-30T08:52:33.255+0000] {dag.py:3954} INFO - Setting next_dagrun for example_xcom_args_with_operators to None, run_after=None
[2025-01-30T08:52:33.292+0000] {processor.py:183} INFO - Processing /home/airflow/.local/lib/python3.12/site-packages/airflow/example_dags/example_xcomargs.py took 0.123 seconds
[2025-01-30T08:53:03.522+0000] {processor.py:161} INFO - Started process (PID=1161) to work on /home/airflow/.local/lib/python3.12/site-packages/airflow/example_dags/example_xcomargs.py
[2025-01-30T08:53:03.523+0000] {processor.py:830} INFO - Processing file /home/airflow/.local/lib/python3.12/site-packages/airflow/example_dags/example_xcomargs.py for tasks to queue
[2025-01-30T08:53:03.526+0000] {logging_mixin.py:188} INFO - [2025-01-30T08:53:03.525+0000] {dagbag.py:545} INFO - Filling up the DagBag from /home/airflow/.local/lib/python3.12/site-packages/airflow/example_dags/example_xcomargs.py
[2025-01-30T08:53:03.534+0000] {processor.py:840} INFO - DAG(s) 'example_xcom_args', 'example_xcom_args_with_operators' retrieved from /home/airflow/.local/lib/python3.12/site-packages/airflow/example_dags/example_xcomargs.py
[2025-01-30T08:53:03.565+0000] {logging_mixin.py:188} INFO - [2025-01-30T08:53:03.565+0000] {dag.py:3096} INFO - Sync 2 DAGs
[2025-01-30T08:53:03.580+0000] {logging_mixin.py:188} INFO - [2025-01-30T08:53:03.580+0000] {dag.py:3954} INFO - Setting next_dagrun for example_xcom_args to None, run_after=None
[2025-01-30T08:53:03.585+0000] {logging_mixin.py:188} INFO - [2025-01-30T08:53:03.585+0000] {dag.py:3954} INFO - Setting next_dagrun for example_xcom_args_with_operators to None, run_after=None
[2025-01-30T08:53:03.605+0000] {processor.py:183} INFO - Processing /home/airflow/.local/lib/python3.12/site-packages/airflow/example_dags/example_xcomargs.py took 0.088 seconds
[2025-01-30T08:53:33.817+0000] {processor.py:161} INFO - Started process (PID=1219) to work on /home/airflow/.local/lib/python3.12/site-packages/airflow/example_dags/example_xcomargs.py
[2025-01-30T08:53:33.819+0000] {processor.py:830} INFO - Processing file /home/airflow/.local/lib/python3.12/site-packages/airflow/example_dags/example_xcomargs.py for tasks to queue
[2025-01-30T08:53:33.820+0000] {logging_mixin.py:188} INFO - [2025-01-30T08:53:33.820+0000] {dagbag.py:545} INFO - Filling up the DagBag from /home/airflow/.local/lib/python3.12/site-packages/airflow/example_dags/example_xcomargs.py
[2025-01-30T08:53:33.828+0000] {processor.py:840} INFO - DAG(s) 'example_xcom_args_with_operators', 'example_xcom_args' retrieved from /home/airflow/.local/lib/python3.12/site-packages/airflow/example_dags/example_xcomargs.py
[2025-01-30T08:53:33.853+0000] {logging_mixin.py:188} INFO - [2025-01-30T08:53:33.852+0000] {dag.py:3096} INFO - Sync 2 DAGs
[2025-01-30T08:53:33.866+0000] {logging_mixin.py:188} INFO - [2025-01-30T08:53:33.866+0000] {dag.py:3954} INFO - Setting next_dagrun for example_xcom_args to None, run_after=None
[2025-01-30T08:53:33.871+0000] {logging_mixin.py:188} INFO - [2025-01-30T08:53:33.870+0000] {dag.py:3954} INFO - Setting next_dagrun for example_xcom_args_with_operators to None, run_after=None
[2025-01-30T08:53:33.895+0000] {processor.py:183} INFO - Processing /home/airflow/.local/lib/python3.12/site-packages/airflow/example_dags/example_xcomargs.py took 0.083 seconds
[2025-01-30T08:54:04.321+0000] {processor.py:161} INFO - Started process (PID=1277) to work on /home/airflow/.local/lib/python3.12/site-packages/airflow/example_dags/example_xcomargs.py
[2025-01-30T08:54:04.322+0000] {processor.py:830} INFO - Processing file /home/airflow/.local/lib/python3.12/site-packages/airflow/example_dags/example_xcomargs.py for tasks to queue
[2025-01-30T08:54:04.324+0000] {logging_mixin.py:188} INFO - [2025-01-30T08:54:04.323+0000] {dagbag.py:545} INFO - Filling up the DagBag from /home/airflow/.local/lib/python3.12/site-packages/airflow/example_dags/example_xcomargs.py
[2025-01-30T08:54:04.331+0000] {processor.py:840} INFO - DAG(s) 'example_xcom_args', 'example_xcom_args_with_operators' retrieved from /home/airflow/.local/lib/python3.12/site-packages/airflow/example_dags/example_xcomargs.py
[2025-01-30T08:54:04.359+0000] {logging_mixin.py:188} INFO - [2025-01-30T08:54:04.358+0000] {dag.py:3096} INFO - Sync 2 DAGs
[2025-01-30T08:54:04.374+0000] {logging_mixin.py:188} INFO - [2025-01-30T08:54:04.374+0000] {dag.py:3954} INFO - Setting next_dagrun for example_xcom_args to None, run_after=None
[2025-01-30T08:54:04.381+0000] {logging_mixin.py:188} INFO - [2025-01-30T08:54:04.381+0000] {dag.py:3954} INFO - Setting next_dagrun for example_xcom_args_with_operators to None, run_after=None
[2025-01-30T08:54:04.407+0000] {processor.py:183} INFO - Processing /home/airflow/.local/lib/python3.12/site-packages/airflow/example_dags/example_xcomargs.py took 0.092 seconds
[2025-01-30T08:54:35.014+0000] {processor.py:161} INFO - Started process (PID=1335) to work on /home/airflow/.local/lib/python3.12/site-packages/airflow/example_dags/example_xcomargs.py
[2025-01-30T08:54:35.015+0000] {processor.py:830} INFO - Processing file /home/airflow/.local/lib/python3.12/site-packages/airflow/example_dags/example_xcomargs.py for tasks to queue
[2025-01-30T08:54:35.018+0000] {logging_mixin.py:188} INFO - [2025-01-30T08:54:35.017+0000] {dagbag.py:545} INFO - Filling up the DagBag from /home/airflow/.local/lib/python3.12/site-packages/airflow/example_dags/example_xcomargs.py
[2025-01-30T08:54:35.028+0000] {processor.py:840} INFO - DAG(s) 'example_xcom_args', 'example_xcom_args_with_operators' retrieved from /home/airflow/.local/lib/python3.12/site-packages/airflow/example_dags/example_xcomargs.py
[2025-01-30T08:54:35.053+0000] {logging_mixin.py:188} INFO - [2025-01-30T08:54:35.052+0000] {dag.py:3096} INFO - Sync 2 DAGs
[2025-01-30T08:54:35.067+0000] {logging_mixin.py:188} INFO - [2025-01-30T08:54:35.066+0000] {dag.py:3954} INFO - Setting next_dagrun for example_xcom_args to None, run_after=None
[2025-01-30T08:54:35.073+0000] {logging_mixin.py:188} INFO - [2025-01-30T08:54:35.073+0000] {dag.py:3954} INFO - Setting next_dagrun for example_xcom_args_with_operators to None, run_after=None
[2025-01-30T08:54:35.099+0000] {processor.py:183} INFO - Processing /home/airflow/.local/lib/python3.12/site-packages/airflow/example_dags/example_xcomargs.py took 0.091 seconds
[2025-01-30T08:55:05.777+0000] {processor.py:161} INFO - Started process (PID=1393) to work on /home/airflow/.local/lib/python3.12/site-packages/airflow/example_dags/example_xcomargs.py
[2025-01-30T08:55:05.778+0000] {processor.py:830} INFO - Processing file /home/airflow/.local/lib/python3.12/site-packages/airflow/example_dags/example_xcomargs.py for tasks to queue
[2025-01-30T08:55:05.780+0000] {logging_mixin.py:188} INFO - [2025-01-30T08:55:05.780+0000] {dagbag.py:545} INFO - Filling up the DagBag from /home/airflow/.local/lib/python3.12/site-packages/airflow/example_dags/example_xcomargs.py
[2025-01-30T08:55:05.788+0000] {processor.py:840} INFO - DAG(s) 'example_xcom_args', 'example_xcom_args_with_operators' retrieved from /home/airflow/.local/lib/python3.12/site-packages/airflow/example_dags/example_xcomargs.py
[2025-01-30T08:55:05.817+0000] {logging_mixin.py:188} INFO - [2025-01-30T08:55:05.817+0000] {dag.py:3096} INFO - Sync 2 DAGs
[2025-01-30T08:55:05.835+0000] {logging_mixin.py:188} INFO - [2025-01-30T08:55:05.834+0000] {dag.py:3954} INFO - Setting next_dagrun for example_xcom_args to None, run_after=None
[2025-01-30T08:55:05.839+0000] {logging_mixin.py:188} INFO - [2025-01-30T08:55:05.839+0000] {dag.py:3954} INFO - Setting next_dagrun for example_xcom_args_with_operators to None, run_after=None
[2025-01-30T08:55:05.862+0000] {processor.py:183} INFO - Processing /home/airflow/.local/lib/python3.12/site-packages/airflow/example_dags/example_xcomargs.py took 0.090 seconds
[2025-01-30T08:55:36.782+0000] {processor.py:161} INFO - Started process (PID=1451) to work on /home/airflow/.local/lib/python3.12/site-packages/airflow/example_dags/example_xcomargs.py
[2025-01-30T08:55:36.783+0000] {processor.py:830} INFO - Processing file /home/airflow/.local/lib/python3.12/site-packages/airflow/example_dags/example_xcomargs.py for tasks to queue
[2025-01-30T08:55:36.785+0000] {logging_mixin.py:188} INFO - [2025-01-30T08:55:36.785+0000] {dagbag.py:545} INFO - Filling up the DagBag from /home/airflow/.local/lib/python3.12/site-packages/airflow/example_dags/example_xcomargs.py
[2025-01-30T08:55:36.794+0000] {processor.py:840} INFO - DAG(s) 'example_xcom_args', 'example_xcom_args_with_operators' retrieved from /home/airflow/.local/lib/python3.12/site-packages/airflow/example_dags/example_xcomargs.py
[2025-01-30T08:55:36.819+0000] {logging_mixin.py:188} INFO - [2025-01-30T08:55:36.819+0000] {dag.py:3096} INFO - Sync 2 DAGs
[2025-01-30T08:55:36.833+0000] {logging_mixin.py:188} INFO - [2025-01-30T08:55:36.833+0000] {dag.py:3954} INFO - Setting next_dagrun for example_xcom_args to None, run_after=None
[2025-01-30T08:55:36.837+0000] {logging_mixin.py:188} INFO - [2025-01-30T08:55:36.837+0000] {dag.py:3954} INFO - Setting next_dagrun for example_xcom_args_with_operators to None, run_after=None
[2025-01-30T08:55:36.858+0000] {processor.py:183} INFO - Processing /home/airflow/.local/lib/python3.12/site-packages/airflow/example_dags/example_xcomargs.py took 0.081 seconds
[2025-01-30T08:56:07.031+0000] {processor.py:161} INFO - Started process (PID=1509) to work on /home/airflow/.local/lib/python3.12/site-packages/airflow/example_dags/example_xcomargs.py
[2025-01-30T08:56:07.032+0000] {processor.py:830} INFO - Processing file /home/airflow/.local/lib/python3.12/site-packages/airflow/example_dags/example_xcomargs.py for tasks to queue
[2025-01-30T08:56:07.034+0000] {logging_mixin.py:188} INFO - [2025-01-30T08:56:07.034+0000] {dagbag.py:545} INFO - Filling up the DagBag from /home/airflow/.local/lib/python3.12/site-packages/airflow/example_dags/example_xcomargs.py
[2025-01-30T08:56:07.042+0000] {processor.py:840} INFO - DAG(s) 'example_xcom_args_with_operators', 'example_xcom_args' retrieved from /home/airflow/.local/lib/python3.12/site-packages/airflow/example_dags/example_xcomargs.py
[2025-01-30T08:56:07.066+0000] {logging_mixin.py:188} INFO - [2025-01-30T08:56:07.066+0000] {dag.py:3096} INFO - Sync 2 DAGs
[2025-01-30T08:56:07.079+0000] {logging_mixin.py:188} INFO - [2025-01-30T08:56:07.079+0000] {dag.py:3954} INFO - Setting next_dagrun for example_xcom_args to None, run_after=None
[2025-01-30T08:56:07.084+0000] {logging_mixin.py:188} INFO - [2025-01-30T08:56:07.084+0000] {dag.py:3954} INFO - Setting next_dagrun for example_xcom_args_with_operators to None, run_after=None
[2025-01-30T08:56:07.108+0000] {processor.py:183} INFO - Processing /home/airflow/.local/lib/python3.12/site-packages/airflow/example_dags/example_xcomargs.py took 0.081 seconds
[2025-01-30T08:56:37.336+0000] {processor.py:161} INFO - Started process (PID=1567) to work on /home/airflow/.local/lib/python3.12/site-packages/airflow/example_dags/example_xcomargs.py
[2025-01-30T08:56:37.338+0000] {processor.py:830} INFO - Processing file /home/airflow/.local/lib/python3.12/site-packages/airflow/example_dags/example_xcomargs.py for tasks to queue
[2025-01-30T08:56:37.340+0000] {logging_mixin.py:188} INFO - [2025-01-30T08:56:37.339+0000] {dagbag.py:545} INFO - Filling up the DagBag from /home/airflow/.local/lib/python3.12/site-packages/airflow/example_dags/example_xcomargs.py
[2025-01-30T08:56:37.348+0000] {processor.py:840} INFO - DAG(s) 'example_xcom_args', 'example_xcom_args_with_operators' retrieved from /home/airflow/.local/lib/python3.12/site-packages/airflow/example_dags/example_xcomargs.py
[2025-01-30T08:56:37.375+0000] {logging_mixin.py:188} INFO - [2025-01-30T08:56:37.374+0000] {dag.py:3096} INFO - Sync 2 DAGs
[2025-01-30T08:56:37.390+0000] {logging_mixin.py:188} INFO - [2025-01-30T08:56:37.390+0000] {dag.py:3954} INFO - Setting next_dagrun for example_xcom_args to None, run_after=None
[2025-01-30T08:56:37.395+0000] {logging_mixin.py:188} INFO - [2025-01-30T08:56:37.394+0000] {dag.py:3954} INFO - Setting next_dagrun for example_xcom_args_with_operators to None, run_after=None
[2025-01-30T08:56:37.418+0000] {processor.py:183} INFO - Processing /home/airflow/.local/lib/python3.12/site-packages/airflow/example_dags/example_xcomargs.py took 0.087 seconds
[2025-01-30T08:57:07.670+0000] {processor.py:161} INFO - Started process (PID=1625) to work on /home/airflow/.local/lib/python3.12/site-packages/airflow/example_dags/example_xcomargs.py
[2025-01-30T08:57:07.672+0000] {processor.py:830} INFO - Processing file /home/airflow/.local/lib/python3.12/site-packages/airflow/example_dags/example_xcomargs.py for tasks to queue
[2025-01-30T08:57:07.674+0000] {logging_mixin.py:188} INFO - [2025-01-30T08:57:07.673+0000] {dagbag.py:545} INFO - Filling up the DagBag from /home/airflow/.local/lib/python3.12/site-packages/airflow/example_dags/example_xcomargs.py
[2025-01-30T08:57:07.681+0000] {processor.py:840} INFO - DAG(s) 'example_xcom_args', 'example_xcom_args_with_operators' retrieved from /home/airflow/.local/lib/python3.12/site-packages/airflow/example_dags/example_xcomargs.py
[2025-01-30T08:57:07.708+0000] {logging_mixin.py:188} INFO - [2025-01-30T08:57:07.708+0000] {dag.py:3096} INFO - Sync 2 DAGs
[2025-01-30T08:57:07.727+0000] {logging_mixin.py:188} INFO - [2025-01-30T08:57:07.727+0000] {dag.py:3954} INFO - Setting next_dagrun for example_xcom_args to None, run_after=None
[2025-01-30T08:57:07.732+0000] {logging_mixin.py:188} INFO - [2025-01-30T08:57:07.732+0000] {dag.py:3954} INFO - Setting next_dagrun for example_xcom_args_with_operators to None, run_after=None
[2025-01-30T08:57:07.755+0000] {processor.py:183} INFO - Processing /home/airflow/.local/lib/python3.12/site-packages/airflow/example_dags/example_xcomargs.py took 0.091 seconds
[2025-01-30T08:57:38.045+0000] {processor.py:161} INFO - Started process (PID=1683) to work on /home/airflow/.local/lib/python3.12/site-packages/airflow/example_dags/example_xcomargs.py
[2025-01-30T08:57:38.047+0000] {processor.py:830} INFO - Processing file /home/airflow/.local/lib/python3.12/site-packages/airflow/example_dags/example_xcomargs.py for tasks to queue
[2025-01-30T08:57:38.049+0000] {logging_mixin.py:188} INFO - [2025-01-30T08:57:38.049+0000] {dagbag.py:545} INFO - Filling up the DagBag from /home/airflow/.local/lib/python3.12/site-packages/airflow/example_dags/example_xcomargs.py
[2025-01-30T08:57:38.059+0000] {processor.py:840} INFO - DAG(s) 'example_xcom_args', 'example_xcom_args_with_operators' retrieved from /home/airflow/.local/lib/python3.12/site-packages/airflow/example_dags/example_xcomargs.py
[2025-01-30T08:57:38.089+0000] {logging_mixin.py:188} INFO - [2025-01-30T08:57:38.089+0000] {dag.py:3096} INFO - Sync 2 DAGs
[2025-01-30T08:57:38.103+0000] {logging_mixin.py:188} INFO - [2025-01-30T08:57:38.103+0000] {dag.py:3954} INFO - Setting next_dagrun for example_xcom_args to None, run_after=None
[2025-01-30T08:57:38.109+0000] {logging_mixin.py:188} INFO - [2025-01-30T08:57:38.109+0000] {dag.py:3954} INFO - Setting next_dagrun for example_xcom_args_with_operators to None, run_after=None
[2025-01-30T08:57:38.136+0000] {processor.py:183} INFO - Processing /home/airflow/.local/lib/python3.12/site-packages/airflow/example_dags/example_xcomargs.py took 0.095 seconds
[2025-01-30T08:58:09.072+0000] {processor.py:161} INFO - Started process (PID=1741) to work on /home/airflow/.local/lib/python3.12/site-packages/airflow/example_dags/example_xcomargs.py
[2025-01-30T08:58:09.074+0000] {processor.py:830} INFO - Processing file /home/airflow/.local/lib/python3.12/site-packages/airflow/example_dags/example_xcomargs.py for tasks to queue
[2025-01-30T08:58:09.076+0000] {logging_mixin.py:188} INFO - [2025-01-30T08:58:09.075+0000] {dagbag.py:545} INFO - Filling up the DagBag from /home/airflow/.local/lib/python3.12/site-packages/airflow/example_dags/example_xcomargs.py
[2025-01-30T08:58:09.088+0000] {processor.py:840} INFO - DAG(s) 'example_xcom_args_with_operators', 'example_xcom_args' retrieved from /home/airflow/.local/lib/python3.12/site-packages/airflow/example_dags/example_xcomargs.py
[2025-01-30T08:58:09.113+0000] {logging_mixin.py:188} INFO - [2025-01-30T08:58:09.113+0000] {dag.py:3096} INFO - Sync 2 DAGs
[2025-01-30T08:58:09.128+0000] {logging_mixin.py:188} INFO - [2025-01-30T08:58:09.128+0000] {dag.py:3954} INFO - Setting next_dagrun for example_xcom_args to None, run_after=None
[2025-01-30T08:58:09.133+0000] {logging_mixin.py:188} INFO - [2025-01-30T08:58:09.132+0000] {dag.py:3954} INFO - Setting next_dagrun for example_xcom_args_with_operators to None, run_after=None
[2025-01-30T08:58:09.153+0000] {processor.py:183} INFO - Processing /home/airflow/.local/lib/python3.12/site-packages/airflow/example_dags/example_xcomargs.py took 0.088 seconds
[2025-01-30T08:58:39.757+0000] {processor.py:161} INFO - Started process (PID=1799) to work on /home/airflow/.local/lib/python3.12/site-packages/airflow/example_dags/example_xcomargs.py
[2025-01-30T08:58:39.758+0000] {processor.py:830} INFO - Processing file /home/airflow/.local/lib/python3.12/site-packages/airflow/example_dags/example_xcomargs.py for tasks to queue
[2025-01-30T08:58:39.760+0000] {logging_mixin.py:188} INFO - [2025-01-30T08:58:39.760+0000] {dagbag.py:545} INFO - Filling up the DagBag from /home/airflow/.local/lib/python3.12/site-packages/airflow/example_dags/example_xcomargs.py
[2025-01-30T08:58:39.767+0000] {processor.py:840} INFO - DAG(s) 'example_xcom_args', 'example_xcom_args_with_operators' retrieved from /home/airflow/.local/lib/python3.12/site-packages/airflow/example_dags/example_xcomargs.py
[2025-01-30T08:58:39.796+0000] {logging_mixin.py:188} INFO - [2025-01-30T08:58:39.796+0000] {dag.py:3096} INFO - Sync 2 DAGs
[2025-01-30T08:58:39.810+0000] {logging_mixin.py:188} INFO - [2025-01-30T08:58:39.809+0000] {dag.py:3954} INFO - Setting next_dagrun for example_xcom_args to None, run_after=None
[2025-01-30T08:58:39.814+0000] {logging_mixin.py:188} INFO - [2025-01-30T08:58:39.814+0000] {dag.py:3954} INFO - Setting next_dagrun for example_xcom_args_with_operators to None, run_after=None
[2025-01-30T08:58:39.835+0000] {processor.py:183} INFO - Processing /home/airflow/.local/lib/python3.12/site-packages/airflow/example_dags/example_xcomargs.py took 0.083 seconds
[2025-01-30T09:01:53.875+0000] {processor.py:161} INFO - Started process (PID=118) to work on /home/airflow/.local/lib/python3.12/site-packages/airflow/example_dags/example_xcomargs.py
[2025-01-30T09:01:53.876+0000] {processor.py:830} INFO - Processing file /home/airflow/.local/lib/python3.12/site-packages/airflow/example_dags/example_xcomargs.py for tasks to queue
[2025-01-30T09:01:53.878+0000] {logging_mixin.py:188} INFO - [2025-01-30T09:01:53.878+0000] {dagbag.py:545} INFO - Filling up the DagBag from /home/airflow/.local/lib/python3.12/site-packages/airflow/example_dags/example_xcomargs.py
[2025-01-30T09:01:53.887+0000] {processor.py:840} INFO - DAG(s) 'example_xcom_args', 'example_xcom_args_with_operators' retrieved from /home/airflow/.local/lib/python3.12/site-packages/airflow/example_dags/example_xcomargs.py
[2025-01-30T09:01:54.055+0000] {logging_mixin.py:188} INFO - [2025-01-30T09:01:54.054+0000] {dag.py:3096} INFO - Sync 2 DAGs
[2025-01-30T09:01:54.068+0000] {logging_mixin.py:188} INFO - [2025-01-30T09:01:54.067+0000] {dag.py:3954} INFO - Setting next_dagrun for example_xcom_args to None, run_after=None
[2025-01-30T09:01:54.074+0000] {logging_mixin.py:188} INFO - [2025-01-30T09:01:54.074+0000] {dag.py:3954} INFO - Setting next_dagrun for example_xcom_args_with_operators to None, run_after=None
[2025-01-30T09:01:54.104+0000] {processor.py:183} INFO - Processing /home/airflow/.local/lib/python3.12/site-packages/airflow/example_dags/example_xcomargs.py took 0.235 seconds
[2025-01-30T09:02:24.236+0000] {processor.py:161} INFO - Started process (PID=176) to work on /home/airflow/.local/lib/python3.12/site-packages/airflow/example_dags/example_xcomargs.py
[2025-01-30T09:02:24.237+0000] {processor.py:830} INFO - Processing file /home/airflow/.local/lib/python3.12/site-packages/airflow/example_dags/example_xcomargs.py for tasks to queue
[2025-01-30T09:02:24.240+0000] {logging_mixin.py:188} INFO - [2025-01-30T09:02:24.239+0000] {dagbag.py:545} INFO - Filling up the DagBag from /home/airflow/.local/lib/python3.12/site-packages/airflow/example_dags/example_xcomargs.py
[2025-01-30T09:02:24.246+0000] {processor.py:840} INFO - DAG(s) 'example_xcom_args', 'example_xcom_args_with_operators' retrieved from /home/airflow/.local/lib/python3.12/site-packages/airflow/example_dags/example_xcomargs.py
[2025-01-30T09:02:24.271+0000] {logging_mixin.py:188} INFO - [2025-01-30T09:02:24.271+0000] {dag.py:3096} INFO - Sync 2 DAGs
[2025-01-30T09:02:24.285+0000] {logging_mixin.py:188} INFO - [2025-01-30T09:02:24.285+0000] {dag.py:3954} INFO - Setting next_dagrun for example_xcom_args to None, run_after=None
[2025-01-30T09:02:24.291+0000] {logging_mixin.py:188} INFO - [2025-01-30T09:02:24.291+0000] {dag.py:3954} INFO - Setting next_dagrun for example_xcom_args_with_operators to None, run_after=None
[2025-01-30T09:02:24.312+0000] {processor.py:183} INFO - Processing /home/airflow/.local/lib/python3.12/site-packages/airflow/example_dags/example_xcomargs.py took 0.081 seconds
[2025-01-30T09:02:54.392+0000] {processor.py:161} INFO - Started process (PID=234) to work on /home/airflow/.local/lib/python3.12/site-packages/airflow/example_dags/example_xcomargs.py
[2025-01-30T09:02:54.393+0000] {processor.py:830} INFO - Processing file /home/airflow/.local/lib/python3.12/site-packages/airflow/example_dags/example_xcomargs.py for tasks to queue
[2025-01-30T09:02:54.395+0000] {logging_mixin.py:188} INFO - [2025-01-30T09:02:54.395+0000] {dagbag.py:545} INFO - Filling up the DagBag from /home/airflow/.local/lib/python3.12/site-packages/airflow/example_dags/example_xcomargs.py
[2025-01-30T09:02:54.402+0000] {processor.py:840} INFO - DAG(s) 'example_xcom_args', 'example_xcom_args_with_operators' retrieved from /home/airflow/.local/lib/python3.12/site-packages/airflow/example_dags/example_xcomargs.py
[2025-01-30T09:02:54.439+0000] {logging_mixin.py:188} INFO - [2025-01-30T09:02:54.438+0000] {dag.py:3096} INFO - Sync 2 DAGs
[2025-01-30T09:02:54.455+0000] {logging_mixin.py:188} INFO - [2025-01-30T09:02:54.454+0000] {dag.py:3954} INFO - Setting next_dagrun for example_xcom_args to None, run_after=None
[2025-01-30T09:02:54.464+0000] {logging_mixin.py:188} INFO - [2025-01-30T09:02:54.464+0000] {dag.py:3954} INFO - Setting next_dagrun for example_xcom_args_with_operators to None, run_after=None
[2025-01-30T09:02:54.490+0000] {processor.py:183} INFO - Processing /home/airflow/.local/lib/python3.12/site-packages/airflow/example_dags/example_xcomargs.py took 0.103 seconds
[2025-01-30T09:03:25.206+0000] {processor.py:161} INFO - Started process (PID=292) to work on /home/airflow/.local/lib/python3.12/site-packages/airflow/example_dags/example_xcomargs.py
[2025-01-30T09:03:25.207+0000] {processor.py:830} INFO - Processing file /home/airflow/.local/lib/python3.12/site-packages/airflow/example_dags/example_xcomargs.py for tasks to queue
[2025-01-30T09:03:25.209+0000] {logging_mixin.py:188} INFO - [2025-01-30T09:03:25.209+0000] {dagbag.py:545} INFO - Filling up the DagBag from /home/airflow/.local/lib/python3.12/site-packages/airflow/example_dags/example_xcomargs.py
[2025-01-30T09:03:25.219+0000] {processor.py:840} INFO - DAG(s) 'example_xcom_args', 'example_xcom_args_with_operators' retrieved from /home/airflow/.local/lib/python3.12/site-packages/airflow/example_dags/example_xcomargs.py
[2025-01-30T09:03:25.249+0000] {logging_mixin.py:188} INFO - [2025-01-30T09:03:25.249+0000] {dag.py:3096} INFO - Sync 2 DAGs
[2025-01-30T09:03:25.271+0000] {logging_mixin.py:188} INFO - [2025-01-30T09:03:25.271+0000] {dag.py:3954} INFO - Setting next_dagrun for example_xcom_args to None, run_after=None
[2025-01-30T09:03:25.281+0000] {logging_mixin.py:188} INFO - [2025-01-30T09:03:25.281+0000] {dag.py:3954} INFO - Setting next_dagrun for example_xcom_args_with_operators to None, run_after=None
[2025-01-30T09:03:25.307+0000] {processor.py:183} INFO - Processing /home/airflow/.local/lib/python3.12/site-packages/airflow/example_dags/example_xcomargs.py took 0.107 seconds
[2025-01-30T09:05:24.003+0000] {processor.py:161} INFO - Started process (PID=116) to work on /home/airflow/.local/lib/python3.12/site-packages/airflow/example_dags/example_xcomargs.py
[2025-01-30T09:05:24.004+0000] {processor.py:830} INFO - Processing file /home/airflow/.local/lib/python3.12/site-packages/airflow/example_dags/example_xcomargs.py for tasks to queue
[2025-01-30T09:05:24.006+0000] {logging_mixin.py:188} INFO - [2025-01-30T09:05:24.005+0000] {dagbag.py:545} INFO - Filling up the DagBag from /home/airflow/.local/lib/python3.12/site-packages/airflow/example_dags/example_xcomargs.py
[2025-01-30T09:05:24.015+0000] {processor.py:840} INFO - DAG(s) 'example_xcom_args', 'example_xcom_args_with_operators' retrieved from /home/airflow/.local/lib/python3.12/site-packages/airflow/example_dags/example_xcomargs.py
[2025-01-30T09:05:24.146+0000] {logging_mixin.py:188} INFO - [2025-01-30T09:05:24.145+0000] {dag.py:3096} INFO - Sync 2 DAGs
[2025-01-30T09:05:24.158+0000] {logging_mixin.py:188} INFO - [2025-01-30T09:05:24.157+0000] {dag.py:3954} INFO - Setting next_dagrun for example_xcom_args to None, run_after=None
[2025-01-30T09:05:24.162+0000] {logging_mixin.py:188} INFO - [2025-01-30T09:05:24.161+0000] {dag.py:3954} INFO - Setting next_dagrun for example_xcom_args_with_operators to None, run_after=None
[2025-01-30T09:05:24.187+0000] {processor.py:183} INFO - Processing /home/airflow/.local/lib/python3.12/site-packages/airflow/example_dags/example_xcomargs.py took 0.190 seconds
[2025-01-30T09:05:55.094+0000] {processor.py:161} INFO - Started process (PID=174) to work on /home/airflow/.local/lib/python3.12/site-packages/airflow/example_dags/example_xcomargs.py
[2025-01-30T09:05:55.095+0000] {processor.py:830} INFO - Processing file /home/airflow/.local/lib/python3.12/site-packages/airflow/example_dags/example_xcomargs.py for tasks to queue
[2025-01-30T09:05:55.097+0000] {logging_mixin.py:188} INFO - [2025-01-30T09:05:55.096+0000] {dagbag.py:545} INFO - Filling up the DagBag from /home/airflow/.local/lib/python3.12/site-packages/airflow/example_dags/example_xcomargs.py
[2025-01-30T09:05:55.105+0000] {processor.py:840} INFO - DAG(s) 'example_xcom_args', 'example_xcom_args_with_operators' retrieved from /home/airflow/.local/lib/python3.12/site-packages/airflow/example_dags/example_xcomargs.py
[2025-01-30T09:05:55.132+0000] {logging_mixin.py:188} INFO - [2025-01-30T09:05:55.131+0000] {dag.py:3096} INFO - Sync 2 DAGs
[2025-01-30T09:05:55.147+0000] {logging_mixin.py:188} INFO - [2025-01-30T09:05:55.147+0000] {dag.py:3954} INFO - Setting next_dagrun for example_xcom_args to None, run_after=None
[2025-01-30T09:05:55.152+0000] {logging_mixin.py:188} INFO - [2025-01-30T09:05:55.152+0000] {dag.py:3954} INFO - Setting next_dagrun for example_xcom_args_with_operators to None, run_after=None
[2025-01-30T09:05:55.175+0000] {processor.py:183} INFO - Processing /home/airflow/.local/lib/python3.12/site-packages/airflow/example_dags/example_xcomargs.py took 0.086 seconds
[2025-01-30T09:10:54.374+0000] {processor.py:161} INFO - Started process (PID=119) to work on /home/airflow/.local/lib/python3.12/site-packages/airflow/example_dags/example_xcomargs.py
[2025-01-30T09:10:54.375+0000] {processor.py:830} INFO - Processing file /home/airflow/.local/lib/python3.12/site-packages/airflow/example_dags/example_xcomargs.py for tasks to queue
[2025-01-30T09:10:54.377+0000] {logging_mixin.py:188} INFO - [2025-01-30T09:10:54.377+0000] {dagbag.py:545} INFO - Filling up the DagBag from /home/airflow/.local/lib/python3.12/site-packages/airflow/example_dags/example_xcomargs.py
[2025-01-30T09:10:54.387+0000] {processor.py:840} INFO - DAG(s) 'example_xcom_args', 'example_xcom_args_with_operators' retrieved from /home/airflow/.local/lib/python3.12/site-packages/airflow/example_dags/example_xcomargs.py
[2025-01-30T09:10:54.508+0000] {logging_mixin.py:188} INFO - [2025-01-30T09:10:54.507+0000] {dag.py:3096} INFO - Sync 2 DAGs
[2025-01-30T09:10:54.521+0000] {logging_mixin.py:188} INFO - [2025-01-30T09:10:54.520+0000] {dag.py:3954} INFO - Setting next_dagrun for example_xcom_args to None, run_after=None
[2025-01-30T09:10:54.525+0000] {logging_mixin.py:188} INFO - [2025-01-30T09:10:54.525+0000] {dag.py:3954} INFO - Setting next_dagrun for example_xcom_args_with_operators to None, run_after=None
[2025-01-30T09:10:54.552+0000] {processor.py:183} INFO - Processing /home/airflow/.local/lib/python3.12/site-packages/airflow/example_dags/example_xcomargs.py took 0.184 seconds
[2025-01-30T09:11:25.130+0000] {processor.py:161} INFO - Started process (PID=178) to work on /home/airflow/.local/lib/python3.12/site-packages/airflow/example_dags/example_xcomargs.py
[2025-01-30T09:11:25.132+0000] {processor.py:830} INFO - Processing file /home/airflow/.local/lib/python3.12/site-packages/airflow/example_dags/example_xcomargs.py for tasks to queue
[2025-01-30T09:11:25.135+0000] {logging_mixin.py:188} INFO - [2025-01-30T09:11:25.134+0000] {dagbag.py:545} INFO - Filling up the DagBag from /home/airflow/.local/lib/python3.12/site-packages/airflow/example_dags/example_xcomargs.py
[2025-01-30T09:11:25.143+0000] {processor.py:840} INFO - DAG(s) 'example_xcom_args', 'example_xcom_args_with_operators' retrieved from /home/airflow/.local/lib/python3.12/site-packages/airflow/example_dags/example_xcomargs.py
[2025-01-30T09:11:25.170+0000] {logging_mixin.py:188} INFO - [2025-01-30T09:11:25.170+0000] {dag.py:3096} INFO - Sync 2 DAGs
[2025-01-30T09:11:25.185+0000] {logging_mixin.py:188} INFO - [2025-01-30T09:11:25.185+0000] {dag.py:3954} INFO - Setting next_dagrun for example_xcom_args to None, run_after=None
[2025-01-30T09:11:25.189+0000] {logging_mixin.py:188} INFO - [2025-01-30T09:11:25.189+0000] {dag.py:3954} INFO - Setting next_dagrun for example_xcom_args_with_operators to None, run_after=None
[2025-01-30T09:11:25.209+0000] {processor.py:183} INFO - Processing /home/airflow/.local/lib/python3.12/site-packages/airflow/example_dags/example_xcomargs.py took 0.083 seconds
[2025-01-30T09:11:55.562+0000] {processor.py:161} INFO - Started process (PID=236) to work on /home/airflow/.local/lib/python3.12/site-packages/airflow/example_dags/example_xcomargs.py
[2025-01-30T09:11:55.564+0000] {processor.py:830} INFO - Processing file /home/airflow/.local/lib/python3.12/site-packages/airflow/example_dags/example_xcomargs.py for tasks to queue
[2025-01-30T09:11:55.566+0000] {logging_mixin.py:188} INFO - [2025-01-30T09:11:55.566+0000] {dagbag.py:545} INFO - Filling up the DagBag from /home/airflow/.local/lib/python3.12/site-packages/airflow/example_dags/example_xcomargs.py
[2025-01-30T09:11:55.578+0000] {processor.py:840} INFO - DAG(s) 'example_xcom_args', 'example_xcom_args_with_operators' retrieved from /home/airflow/.local/lib/python3.12/site-packages/airflow/example_dags/example_xcomargs.py
[2025-01-30T09:11:55.606+0000] {logging_mixin.py:188} INFO - [2025-01-30T09:11:55.606+0000] {dag.py:3096} INFO - Sync 2 DAGs
[2025-01-30T09:11:55.619+0000] {logging_mixin.py:188} INFO - [2025-01-30T09:11:55.619+0000] {dag.py:3954} INFO - Setting next_dagrun for example_xcom_args to None, run_after=None
[2025-01-30T09:11:55.624+0000] {logging_mixin.py:188} INFO - [2025-01-30T09:11:55.623+0000] {dag.py:3954} INFO - Setting next_dagrun for example_xcom_args_with_operators to None, run_after=None
[2025-01-30T09:11:55.646+0000] {processor.py:183} INFO - Processing /home/airflow/.local/lib/python3.12/site-packages/airflow/example_dags/example_xcomargs.py took 0.089 seconds
[2025-01-30T09:12:26.310+0000] {processor.py:161} INFO - Started process (PID=294) to work on /home/airflow/.local/lib/python3.12/site-packages/airflow/example_dags/example_xcomargs.py
[2025-01-30T09:12:26.311+0000] {processor.py:830} INFO - Processing file /home/airflow/.local/lib/python3.12/site-packages/airflow/example_dags/example_xcomargs.py for tasks to queue
[2025-01-30T09:12:26.314+0000] {logging_mixin.py:188} INFO - [2025-01-30T09:12:26.313+0000] {dagbag.py:545} INFO - Filling up the DagBag from /home/airflow/.local/lib/python3.12/site-packages/airflow/example_dags/example_xcomargs.py
[2025-01-30T09:12:26.322+0000] {processor.py:840} INFO - DAG(s) 'example_xcom_args_with_operators', 'example_xcom_args' retrieved from /home/airflow/.local/lib/python3.12/site-packages/airflow/example_dags/example_xcomargs.py
[2025-01-30T09:12:26.355+0000] {logging_mixin.py:188} INFO - [2025-01-30T09:12:26.354+0000] {dag.py:3096} INFO - Sync 2 DAGs
[2025-01-30T09:12:26.374+0000] {logging_mixin.py:188} INFO - [2025-01-30T09:12:26.374+0000] {dag.py:3954} INFO - Setting next_dagrun for example_xcom_args to None, run_after=None
[2025-01-30T09:12:26.393+0000] {logging_mixin.py:188} INFO - [2025-01-30T09:12:26.393+0000] {dag.py:3954} INFO - Setting next_dagrun for example_xcom_args_with_operators to None, run_after=None
[2025-01-30T09:12:26.426+0000] {processor.py:183} INFO - Processing /home/airflow/.local/lib/python3.12/site-packages/airflow/example_dags/example_xcomargs.py took 0.121 seconds
[2025-01-30T09:12:56.643+0000] {processor.py:161} INFO - Started process (PID=352) to work on /home/airflow/.local/lib/python3.12/site-packages/airflow/example_dags/example_xcomargs.py
[2025-01-30T09:12:56.644+0000] {processor.py:830} INFO - Processing file /home/airflow/.local/lib/python3.12/site-packages/airflow/example_dags/example_xcomargs.py for tasks to queue
[2025-01-30T09:12:56.646+0000] {logging_mixin.py:188} INFO - [2025-01-30T09:12:56.646+0000] {dagbag.py:545} INFO - Filling up the DagBag from /home/airflow/.local/lib/python3.12/site-packages/airflow/example_dags/example_xcomargs.py
[2025-01-30T09:12:56.657+0000] {processor.py:840} INFO - DAG(s) 'example_xcom_args_with_operators', 'example_xcom_args' retrieved from /home/airflow/.local/lib/python3.12/site-packages/airflow/example_dags/example_xcomargs.py
[2025-01-30T09:12:56.689+0000] {logging_mixin.py:188} INFO - [2025-01-30T09:12:56.688+0000] {dag.py:3096} INFO - Sync 2 DAGs
[2025-01-30T09:12:56.702+0000] {logging_mixin.py:188} INFO - [2025-01-30T09:12:56.702+0000] {dag.py:3954} INFO - Setting next_dagrun for example_xcom_args to None, run_after=None
[2025-01-30T09:12:56.707+0000] {logging_mixin.py:188} INFO - [2025-01-30T09:12:56.707+0000] {dag.py:3954} INFO - Setting next_dagrun for example_xcom_args_with_operators to None, run_after=None
[2025-01-30T09:12:56.728+0000] {processor.py:183} INFO - Processing /home/airflow/.local/lib/python3.12/site-packages/airflow/example_dags/example_xcomargs.py took 0.091 seconds
[2025-01-30T09:13:26.822+0000] {processor.py:161} INFO - Started process (PID=410) to work on /home/airflow/.local/lib/python3.12/site-packages/airflow/example_dags/example_xcomargs.py
[2025-01-30T09:13:26.823+0000] {processor.py:830} INFO - Processing file /home/airflow/.local/lib/python3.12/site-packages/airflow/example_dags/example_xcomargs.py for tasks to queue
[2025-01-30T09:13:26.825+0000] {logging_mixin.py:188} INFO - [2025-01-30T09:13:26.825+0000] {dagbag.py:545} INFO - Filling up the DagBag from /home/airflow/.local/lib/python3.12/site-packages/airflow/example_dags/example_xcomargs.py
[2025-01-30T09:13:26.833+0000] {processor.py:840} INFO - DAG(s) 'example_xcom_args_with_operators', 'example_xcom_args' retrieved from /home/airflow/.local/lib/python3.12/site-packages/airflow/example_dags/example_xcomargs.py
[2025-01-30T09:13:26.858+0000] {logging_mixin.py:188} INFO - [2025-01-30T09:13:26.858+0000] {dag.py:3096} INFO - Sync 2 DAGs
[2025-01-30T09:13:26.871+0000] {logging_mixin.py:188} INFO - [2025-01-30T09:13:26.871+0000] {dag.py:3954} INFO - Setting next_dagrun for example_xcom_args to None, run_after=None
[2025-01-30T09:13:26.875+0000] {logging_mixin.py:188} INFO - [2025-01-30T09:13:26.875+0000] {dag.py:3954} INFO - Setting next_dagrun for example_xcom_args_with_operators to None, run_after=None
[2025-01-30T09:13:26.897+0000] {processor.py:183} INFO - Processing /home/airflow/.local/lib/python3.12/site-packages/airflow/example_dags/example_xcomargs.py took 0.081 seconds
[2025-01-30T09:13:56.943+0000] {processor.py:161} INFO - Started process (PID=468) to work on /home/airflow/.local/lib/python3.12/site-packages/airflow/example_dags/example_xcomargs.py
[2025-01-30T09:13:56.944+0000] {processor.py:830} INFO - Processing file /home/airflow/.local/lib/python3.12/site-packages/airflow/example_dags/example_xcomargs.py for tasks to queue
[2025-01-30T09:13:56.946+0000] {logging_mixin.py:188} INFO - [2025-01-30T09:13:56.946+0000] {dagbag.py:545} INFO - Filling up the DagBag from /home/airflow/.local/lib/python3.12/site-packages/airflow/example_dags/example_xcomargs.py
[2025-01-30T09:13:56.954+0000] {processor.py:840} INFO - DAG(s) 'example_xcom_args_with_operators', 'example_xcom_args' retrieved from /home/airflow/.local/lib/python3.12/site-packages/airflow/example_dags/example_xcomargs.py
[2025-01-30T09:13:56.978+0000] {logging_mixin.py:188} INFO - [2025-01-30T09:13:56.977+0000] {dag.py:3096} INFO - Sync 2 DAGs
[2025-01-30T09:13:56.990+0000] {logging_mixin.py:188} INFO - [2025-01-30T09:13:56.990+0000] {dag.py:3954} INFO - Setting next_dagrun for example_xcom_args to None, run_after=None
[2025-01-30T09:13:56.994+0000] {logging_mixin.py:188} INFO - [2025-01-30T09:13:56.994+0000] {dag.py:3954} INFO - Setting next_dagrun for example_xcom_args_with_operators to None, run_after=None
[2025-01-30T09:13:57.014+0000] {processor.py:183} INFO - Processing /home/airflow/.local/lib/python3.12/site-packages/airflow/example_dags/example_xcomargs.py took 0.076 seconds
[2025-01-30T09:14:27.458+0000] {processor.py:161} INFO - Started process (PID=526) to work on /home/airflow/.local/lib/python3.12/site-packages/airflow/example_dags/example_xcomargs.py
[2025-01-30T09:14:27.460+0000] {processor.py:830} INFO - Processing file /home/airflow/.local/lib/python3.12/site-packages/airflow/example_dags/example_xcomargs.py for tasks to queue
[2025-01-30T09:14:27.462+0000] {logging_mixin.py:188} INFO - [2025-01-30T09:14:27.462+0000] {dagbag.py:545} INFO - Filling up the DagBag from /home/airflow/.local/lib/python3.12/site-packages/airflow/example_dags/example_xcomargs.py
[2025-01-30T09:14:27.471+0000] {processor.py:840} INFO - DAG(s) 'example_xcom_args_with_operators', 'example_xcom_args' retrieved from /home/airflow/.local/lib/python3.12/site-packages/airflow/example_dags/example_xcomargs.py
[2025-01-30T09:14:27.527+0000] {logging_mixin.py:188} INFO - [2025-01-30T09:14:27.527+0000] {dag.py:3096} INFO - Sync 2 DAGs
[2025-01-30T09:14:27.550+0000] {logging_mixin.py:188} INFO - [2025-01-30T09:14:27.549+0000] {dag.py:3954} INFO - Setting next_dagrun for example_xcom_args to None, run_after=None
[2025-01-30T09:14:27.555+0000] {logging_mixin.py:188} INFO - [2025-01-30T09:14:27.554+0000] {dag.py:3954} INFO - Setting next_dagrun for example_xcom_args_with_operators to None, run_after=None
[2025-01-30T09:14:27.575+0000] {processor.py:183} INFO - Processing /home/airflow/.local/lib/python3.12/site-packages/airflow/example_dags/example_xcomargs.py took 0.121 seconds
[2025-01-30T09:14:57.713+0000] {processor.py:161} INFO - Started process (PID=584) to work on /home/airflow/.local/lib/python3.12/site-packages/airflow/example_dags/example_xcomargs.py
[2025-01-30T09:14:57.714+0000] {processor.py:830} INFO - Processing file /home/airflow/.local/lib/python3.12/site-packages/airflow/example_dags/example_xcomargs.py for tasks to queue
[2025-01-30T09:14:57.716+0000] {logging_mixin.py:188} INFO - [2025-01-30T09:14:57.716+0000] {dagbag.py:545} INFO - Filling up the DagBag from /home/airflow/.local/lib/python3.12/site-packages/airflow/example_dags/example_xcomargs.py
[2025-01-30T09:14:57.724+0000] {processor.py:840} INFO - DAG(s) 'example_xcom_args_with_operators', 'example_xcom_args' retrieved from /home/airflow/.local/lib/python3.12/site-packages/airflow/example_dags/example_xcomargs.py
[2025-01-30T09:14:57.750+0000] {logging_mixin.py:188} INFO - [2025-01-30T09:14:57.750+0000] {dag.py:3096} INFO - Sync 2 DAGs
[2025-01-30T09:14:57.765+0000] {logging_mixin.py:188} INFO - [2025-01-30T09:14:57.765+0000] {dag.py:3954} INFO - Setting next_dagrun for example_xcom_args to None, run_after=None
[2025-01-30T09:14:57.769+0000] {logging_mixin.py:188} INFO - [2025-01-30T09:14:57.769+0000] {dag.py:3954} INFO - Setting next_dagrun for example_xcom_args_with_operators to None, run_after=None
[2025-01-30T09:14:57.793+0000] {processor.py:183} INFO - Processing /home/airflow/.local/lib/python3.12/site-packages/airflow/example_dags/example_xcomargs.py took 0.085 seconds
[2025-01-30T09:15:28.381+0000] {processor.py:161} INFO - Started process (PID=641) to work on /home/airflow/.local/lib/python3.12/site-packages/airflow/example_dags/example_xcomargs.py
[2025-01-30T09:15:28.382+0000] {processor.py:830} INFO - Processing file /home/airflow/.local/lib/python3.12/site-packages/airflow/example_dags/example_xcomargs.py for tasks to queue
[2025-01-30T09:15:28.384+0000] {logging_mixin.py:188} INFO - [2025-01-30T09:15:28.384+0000] {dagbag.py:545} INFO - Filling up the DagBag from /home/airflow/.local/lib/python3.12/site-packages/airflow/example_dags/example_xcomargs.py
[2025-01-30T09:15:28.393+0000] {processor.py:840} INFO - DAG(s) 'example_xcom_args_with_operators', 'example_xcom_args' retrieved from /home/airflow/.local/lib/python3.12/site-packages/airflow/example_dags/example_xcomargs.py
[2025-01-30T09:15:28.418+0000] {logging_mixin.py:188} INFO - [2025-01-30T09:15:28.418+0000] {dag.py:3096} INFO - Sync 2 DAGs
[2025-01-30T09:15:28.432+0000] {logging_mixin.py:188} INFO - [2025-01-30T09:15:28.432+0000] {dag.py:3954} INFO - Setting next_dagrun for example_xcom_args to None, run_after=None
[2025-01-30T09:15:28.437+0000] {logging_mixin.py:188} INFO - [2025-01-30T09:15:28.436+0000] {dag.py:3954} INFO - Setting next_dagrun for example_xcom_args_with_operators to None, run_after=None
[2025-01-30T09:15:28.461+0000] {processor.py:183} INFO - Processing /home/airflow/.local/lib/python3.12/site-packages/airflow/example_dags/example_xcomargs.py took 0.085 seconds
[2025-01-30T09:15:58.742+0000] {processor.py:161} INFO - Started process (PID=699) to work on /home/airflow/.local/lib/python3.12/site-packages/airflow/example_dags/example_xcomargs.py
[2025-01-30T09:15:58.743+0000] {processor.py:830} INFO - Processing file /home/airflow/.local/lib/python3.12/site-packages/airflow/example_dags/example_xcomargs.py for tasks to queue
[2025-01-30T09:15:58.745+0000] {logging_mixin.py:188} INFO - [2025-01-30T09:15:58.745+0000] {dagbag.py:545} INFO - Filling up the DagBag from /home/airflow/.local/lib/python3.12/site-packages/airflow/example_dags/example_xcomargs.py
[2025-01-30T09:15:58.752+0000] {processor.py:840} INFO - DAG(s) 'example_xcom_args', 'example_xcom_args_with_operators' retrieved from /home/airflow/.local/lib/python3.12/site-packages/airflow/example_dags/example_xcomargs.py
[2025-01-30T09:15:58.780+0000] {logging_mixin.py:188} INFO - [2025-01-30T09:15:58.780+0000] {dag.py:3096} INFO - Sync 2 DAGs
[2025-01-30T09:15:58.793+0000] {logging_mixin.py:188} INFO - [2025-01-30T09:15:58.792+0000] {dag.py:3954} INFO - Setting next_dagrun for example_xcom_args to None, run_after=None
[2025-01-30T09:15:58.797+0000] {logging_mixin.py:188} INFO - [2025-01-30T09:15:58.797+0000] {dag.py:3954} INFO - Setting next_dagrun for example_xcom_args_with_operators to None, run_after=None
[2025-01-30T09:15:58.820+0000] {processor.py:183} INFO - Processing /home/airflow/.local/lib/python3.12/site-packages/airflow/example_dags/example_xcomargs.py took 0.082 seconds
[2025-01-30T09:16:29.504+0000] {processor.py:161} INFO - Started process (PID=757) to work on /home/airflow/.local/lib/python3.12/site-packages/airflow/example_dags/example_xcomargs.py
[2025-01-30T09:16:29.505+0000] {processor.py:830} INFO - Processing file /home/airflow/.local/lib/python3.12/site-packages/airflow/example_dags/example_xcomargs.py for tasks to queue
[2025-01-30T09:16:29.507+0000] {logging_mixin.py:188} INFO - [2025-01-30T09:16:29.507+0000] {dagbag.py:545} INFO - Filling up the DagBag from /home/airflow/.local/lib/python3.12/site-packages/airflow/example_dags/example_xcomargs.py
[2025-01-30T09:16:29.515+0000] {processor.py:840} INFO - DAG(s) 'example_xcom_args', 'example_xcom_args_with_operators' retrieved from /home/airflow/.local/lib/python3.12/site-packages/airflow/example_dags/example_xcomargs.py
[2025-01-30T09:16:29.542+0000] {logging_mixin.py:188} INFO - [2025-01-30T09:16:29.542+0000] {dag.py:3096} INFO - Sync 2 DAGs
[2025-01-30T09:16:29.555+0000] {logging_mixin.py:188} INFO - [2025-01-30T09:16:29.555+0000] {dag.py:3954} INFO - Setting next_dagrun for example_xcom_args to None, run_after=None
[2025-01-30T09:16:29.561+0000] {logging_mixin.py:188} INFO - [2025-01-30T09:16:29.561+0000] {dag.py:3954} INFO - Setting next_dagrun for example_xcom_args_with_operators to None, run_after=None
[2025-01-30T09:16:29.582+0000] {processor.py:183} INFO - Processing /home/airflow/.local/lib/python3.12/site-packages/airflow/example_dags/example_xcomargs.py took 0.083 seconds
[2025-01-30T09:16:59.761+0000] {processor.py:161} INFO - Started process (PID=815) to work on /home/airflow/.local/lib/python3.12/site-packages/airflow/example_dags/example_xcomargs.py
[2025-01-30T09:16:59.762+0000] {processor.py:830} INFO - Processing file /home/airflow/.local/lib/python3.12/site-packages/airflow/example_dags/example_xcomargs.py for tasks to queue
[2025-01-30T09:16:59.763+0000] {logging_mixin.py:188} INFO - [2025-01-30T09:16:59.763+0000] {dagbag.py:545} INFO - Filling up the DagBag from /home/airflow/.local/lib/python3.12/site-packages/airflow/example_dags/example_xcomargs.py
[2025-01-30T09:16:59.770+0000] {processor.py:840} INFO - DAG(s) 'example_xcom_args', 'example_xcom_args_with_operators' retrieved from /home/airflow/.local/lib/python3.12/site-packages/airflow/example_dags/example_xcomargs.py
[2025-01-30T09:16:59.794+0000] {logging_mixin.py:188} INFO - [2025-01-30T09:16:59.793+0000] {dag.py:3096} INFO - Sync 2 DAGs
[2025-01-30T09:16:59.807+0000] {logging_mixin.py:188} INFO - [2025-01-30T09:16:59.806+0000] {dag.py:3954} INFO - Setting next_dagrun for example_xcom_args to None, run_after=None
[2025-01-30T09:16:59.812+0000] {logging_mixin.py:188} INFO - [2025-01-30T09:16:59.811+0000] {dag.py:3954} INFO - Setting next_dagrun for example_xcom_args_with_operators to None, run_after=None
[2025-01-30T09:16:59.720+0000] {processor.py:183} INFO - Processing /home/airflow/.local/lib/python3.12/site-packages/airflow/example_dags/example_xcomargs.py took 0.077 seconds
[2025-01-30T09:17:30.223+0000] {processor.py:161} INFO - Started process (PID=873) to work on /home/airflow/.local/lib/python3.12/site-packages/airflow/example_dags/example_xcomargs.py
[2025-01-30T09:17:30.224+0000] {processor.py:830} INFO - Processing file /home/airflow/.local/lib/python3.12/site-packages/airflow/example_dags/example_xcomargs.py for tasks to queue
[2025-01-30T09:17:30.226+0000] {logging_mixin.py:188} INFO - [2025-01-30T09:17:30.226+0000] {dagbag.py:545} INFO - Filling up the DagBag from /home/airflow/.local/lib/python3.12/site-packages/airflow/example_dags/example_xcomargs.py
[2025-01-30T09:17:30.235+0000] {processor.py:840} INFO - DAG(s) 'example_xcom_args', 'example_xcom_args_with_operators' retrieved from /home/airflow/.local/lib/python3.12/site-packages/airflow/example_dags/example_xcomargs.py
[2025-01-30T09:17:30.260+0000] {logging_mixin.py:188} INFO - [2025-01-30T09:17:30.259+0000] {dag.py:3096} INFO - Sync 2 DAGs
[2025-01-30T09:17:30.274+0000] {logging_mixin.py:188} INFO - [2025-01-30T09:17:30.273+0000] {dag.py:3954} INFO - Setting next_dagrun for example_xcom_args to None, run_after=None
[2025-01-30T09:17:30.278+0000] {logging_mixin.py:188} INFO - [2025-01-30T09:17:30.278+0000] {dag.py:3954} INFO - Setting next_dagrun for example_xcom_args_with_operators to None, run_after=None
[2025-01-30T09:17:30.297+0000] {processor.py:183} INFO - Processing /home/airflow/.local/lib/python3.12/site-packages/airflow/example_dags/example_xcomargs.py took 0.079 seconds
[2025-01-30T09:18:01.651+0000] {processor.py:161} INFO - Started process (PID=932) to work on /home/airflow/.local/lib/python3.12/site-packages/airflow/example_dags/example_xcomargs.py
[2025-01-30T09:18:01.652+0000] {processor.py:830} INFO - Processing file /home/airflow/.local/lib/python3.12/site-packages/airflow/example_dags/example_xcomargs.py for tasks to queue
[2025-01-30T09:18:01.654+0000] {logging_mixin.py:188} INFO - [2025-01-30T09:18:01.654+0000] {dagbag.py:545} INFO - Filling up the DagBag from /home/airflow/.local/lib/python3.12/site-packages/airflow/example_dags/example_xcomargs.py
[2025-01-30T09:18:01.661+0000] {processor.py:840} INFO - DAG(s) 'example_xcom_args', 'example_xcom_args_with_operators' retrieved from /home/airflow/.local/lib/python3.12/site-packages/airflow/example_dags/example_xcomargs.py
[2025-01-30T09:18:01.687+0000] {logging_mixin.py:188} INFO - [2025-01-30T09:18:01.686+0000] {dag.py:3096} INFO - Sync 2 DAGs
[2025-01-30T09:18:01.701+0000] {logging_mixin.py:188} INFO - [2025-01-30T09:18:01.701+0000] {dag.py:3954} INFO - Setting next_dagrun for example_xcom_args to None, run_after=None
[2025-01-30T09:18:01.706+0000] {logging_mixin.py:188} INFO - [2025-01-30T09:18:01.705+0000] {dag.py:3954} INFO - Setting next_dagrun for example_xcom_args_with_operators to None, run_after=None
[2025-01-30T09:18:01.727+0000] {processor.py:183} INFO - Processing /home/airflow/.local/lib/python3.12/site-packages/airflow/example_dags/example_xcomargs.py took 0.081 seconds
[2025-01-30T09:20:20.027+0000] {processor.py:161} INFO - Started process (PID=116) to work on /home/airflow/.local/lib/python3.12/site-packages/airflow/example_dags/example_xcomargs.py
[2025-01-30T09:20:20.028+0000] {processor.py:830} INFO - Processing file /home/airflow/.local/lib/python3.12/site-packages/airflow/example_dags/example_xcomargs.py for tasks to queue
[2025-01-30T09:20:20.030+0000] {logging_mixin.py:188} INFO - [2025-01-30T09:20:20.030+0000] {dagbag.py:545} INFO - Filling up the DagBag from /home/airflow/.local/lib/python3.12/site-packages/airflow/example_dags/example_xcomargs.py
[2025-01-30T09:20:20.039+0000] {processor.py:840} INFO - DAG(s) 'example_xcom_args', 'example_xcom_args_with_operators' retrieved from /home/airflow/.local/lib/python3.12/site-packages/airflow/example_dags/example_xcomargs.py
[2025-01-30T09:20:20.167+0000] {logging_mixin.py:188} INFO - [2025-01-30T09:20:20.167+0000] {dag.py:3096} INFO - Sync 2 DAGs
[2025-01-30T09:20:20.180+0000] {logging_mixin.py:188} INFO - [2025-01-30T09:20:20.180+0000] {dag.py:3954} INFO - Setting next_dagrun for example_xcom_args to None, run_after=None
[2025-01-30T09:20:20.183+0000] {logging_mixin.py:188} INFO - [2025-01-30T09:20:20.183+0000] {dag.py:3954} INFO - Setting next_dagrun for example_xcom_args_with_operators to None, run_after=None
[2025-01-30T09:20:20.209+0000] {processor.py:183} INFO - Processing /home/airflow/.local/lib/python3.12/site-packages/airflow/example_dags/example_xcomargs.py took 0.189 seconds
[2025-01-30T09:20:50.263+0000] {processor.py:161} INFO - Started process (PID=174) to work on /home/airflow/.local/lib/python3.12/site-packages/airflow/example_dags/example_xcomargs.py
[2025-01-30T09:20:50.264+0000] {processor.py:830} INFO - Processing file /home/airflow/.local/lib/python3.12/site-packages/airflow/example_dags/example_xcomargs.py for tasks to queue
[2025-01-30T09:20:50.265+0000] {logging_mixin.py:188} INFO - [2025-01-30T09:20:50.265+0000] {dagbag.py:545} INFO - Filling up the DagBag from /home/airflow/.local/lib/python3.12/site-packages/airflow/example_dags/example_xcomargs.py
[2025-01-30T09:20:50.273+0000] {processor.py:840} INFO - DAG(s) 'example_xcom_args_with_operators', 'example_xcom_args' retrieved from /home/airflow/.local/lib/python3.12/site-packages/airflow/example_dags/example_xcomargs.py
[2025-01-30T09:20:50.298+0000] {logging_mixin.py:188} INFO - [2025-01-30T09:20:50.297+0000] {dag.py:3096} INFO - Sync 2 DAGs
[2025-01-30T09:20:50.312+0000] {logging_mixin.py:188} INFO - [2025-01-30T09:20:50.311+0000] {dag.py:3954} INFO - Setting next_dagrun for example_xcom_args to None, run_after=None
[2025-01-30T09:20:50.316+0000] {logging_mixin.py:188} INFO - [2025-01-30T09:20:50.316+0000] {dag.py:3954} INFO - Setting next_dagrun for example_xcom_args_with_operators to None, run_after=None
[2025-01-30T09:20:50.341+0000] {processor.py:183} INFO - Processing /home/airflow/.local/lib/python3.12/site-packages/airflow/example_dags/example_xcomargs.py took 0.085 seconds
[2025-01-30T09:21:21.330+0000] {processor.py:161} INFO - Started process (PID=232) to work on /home/airflow/.local/lib/python3.12/site-packages/airflow/example_dags/example_xcomargs.py
[2025-01-30T09:21:21.332+0000] {processor.py:830} INFO - Processing file /home/airflow/.local/lib/python3.12/site-packages/airflow/example_dags/example_xcomargs.py for tasks to queue
[2025-01-30T09:21:21.333+0000] {logging_mixin.py:188} INFO - [2025-01-30T09:21:21.333+0000] {dagbag.py:545} INFO - Filling up the DagBag from /home/airflow/.local/lib/python3.12/site-packages/airflow/example_dags/example_xcomargs.py
[2025-01-30T09:21:21.341+0000] {processor.py:840} INFO - DAG(s) 'example_xcom_args_with_operators', 'example_xcom_args' retrieved from /home/airflow/.local/lib/python3.12/site-packages/airflow/example_dags/example_xcomargs.py
[2025-01-30T09:21:21.367+0000] {logging_mixin.py:188} INFO - [2025-01-30T09:21:21.367+0000] {dag.py:3096} INFO - Sync 2 DAGs
[2025-01-30T09:21:21.381+0000] {logging_mixin.py:188} INFO - [2025-01-30T09:21:21.381+0000] {dag.py:3954} INFO - Setting next_dagrun for example_xcom_args to None, run_after=None
[2025-01-30T09:21:21.385+0000] {logging_mixin.py:188} INFO - [2025-01-30T09:21:21.385+0000] {dag.py:3954} INFO - Setting next_dagrun for example_xcom_args_with_operators to None, run_after=None
[2025-01-30T09:21:21.408+0000] {processor.py:183} INFO - Processing /home/airflow/.local/lib/python3.12/site-packages/airflow/example_dags/example_xcomargs.py took 0.083 seconds
[2025-01-30T09:21:51.776+0000] {processor.py:161} INFO - Started process (PID=290) to work on /home/airflow/.local/lib/python3.12/site-packages/airflow/example_dags/example_xcomargs.py
[2025-01-30T09:21:51.777+0000] {processor.py:830} INFO - Processing file /home/airflow/.local/lib/python3.12/site-packages/airflow/example_dags/example_xcomargs.py for tasks to queue
[2025-01-30T09:21:51.779+0000] {logging_mixin.py:188} INFO - [2025-01-30T09:21:51.778+0000] {dagbag.py:545} INFO - Filling up the DagBag from /home/airflow/.local/lib/python3.12/site-packages/airflow/example_dags/example_xcomargs.py
[2025-01-30T09:21:51.786+0000] {processor.py:840} INFO - DAG(s) 'example_xcom_args', 'example_xcom_args_with_operators' retrieved from /home/airflow/.local/lib/python3.12/site-packages/airflow/example_dags/example_xcomargs.py
[2025-01-30T09:21:51.810+0000] {logging_mixin.py:188} INFO - [2025-01-30T09:21:51.810+0000] {dag.py:3096} INFO - Sync 2 DAGs
[2025-01-30T09:21:51.824+0000] {logging_mixin.py:188} INFO - [2025-01-30T09:21:51.823+0000] {dag.py:3954} INFO - Setting next_dagrun for example_xcom_args to None, run_after=None
[2025-01-30T09:21:51.828+0000] {logging_mixin.py:188} INFO - [2025-01-30T09:21:51.828+0000] {dag.py:3954} INFO - Setting next_dagrun for example_xcom_args_with_operators to None, run_after=None
[2025-01-30T09:21:51.847+0000] {processor.py:183} INFO - Processing /home/airflow/.local/lib/python3.12/site-packages/airflow/example_dags/example_xcomargs.py took 0.076 seconds
[2025-01-30T09:22:21.919+0000] {processor.py:161} INFO - Started process (PID=349) to work on /home/airflow/.local/lib/python3.12/site-packages/airflow/example_dags/example_xcomargs.py
[2025-01-30T09:22:21.921+0000] {processor.py:830} INFO - Processing file /home/airflow/.local/lib/python3.12/site-packages/airflow/example_dags/example_xcomargs.py for tasks to queue
[2025-01-30T09:22:21.923+0000] {logging_mixin.py:188} INFO - [2025-01-30T09:22:21.922+0000] {dagbag.py:545} INFO - Filling up the DagBag from /home/airflow/.local/lib/python3.12/site-packages/airflow/example_dags/example_xcomargs.py
[2025-01-30T09:22:21.930+0000] {processor.py:840} INFO - DAG(s) 'example_xcom_args_with_operators', 'example_xcom_args' retrieved from /home/airflow/.local/lib/python3.12/site-packages/airflow/example_dags/example_xcomargs.py
[2025-01-30T09:22:21.955+0000] {logging_mixin.py:188} INFO - [2025-01-30T09:22:21.955+0000] {dag.py:3096} INFO - Sync 2 DAGs
[2025-01-30T09:22:21.969+0000] {logging_mixin.py:188} INFO - [2025-01-30T09:22:21.969+0000] {dag.py:3954} INFO - Setting next_dagrun for example_xcom_args to None, run_after=None
[2025-01-30T09:22:21.974+0000] {logging_mixin.py:188} INFO - [2025-01-30T09:22:21.974+0000] {dag.py:3954} INFO - Setting next_dagrun for example_xcom_args_with_operators to None, run_after=None
[2025-01-30T09:22:21.996+0000] {processor.py:183} INFO - Processing /home/airflow/.local/lib/python3.12/site-packages/airflow/example_dags/example_xcomargs.py took 0.082 seconds
[2025-01-30T09:22:52.692+0000] {processor.py:161} INFO - Started process (PID=407) to work on /home/airflow/.local/lib/python3.12/site-packages/airflow/example_dags/example_xcomargs.py
[2025-01-30T09:22:52.693+0000] {processor.py:830} INFO - Processing file /home/airflow/.local/lib/python3.12/site-packages/airflow/example_dags/example_xcomargs.py for tasks to queue
[2025-01-30T09:22:52.695+0000] {logging_mixin.py:188} INFO - [2025-01-30T09:22:52.695+0000] {dagbag.py:545} INFO - Filling up the DagBag from /home/airflow/.local/lib/python3.12/site-packages/airflow/example_dags/example_xcomargs.py
[2025-01-30T09:22:52.702+0000] {processor.py:840} INFO - DAG(s) 'example_xcom_args', 'example_xcom_args_with_operators' retrieved from /home/airflow/.local/lib/python3.12/site-packages/airflow/example_dags/example_xcomargs.py
[2025-01-30T09:22:52.732+0000] {logging_mixin.py:188} INFO - [2025-01-30T09:22:52.732+0000] {dag.py:3096} INFO - Sync 2 DAGs
[2025-01-30T09:22:52.751+0000] {logging_mixin.py:188} INFO - [2025-01-30T09:22:52.751+0000] {dag.py:3954} INFO - Setting next_dagrun for example_xcom_args to None, run_after=None
[2025-01-30T09:22:52.756+0000] {logging_mixin.py:188} INFO - [2025-01-30T09:22:52.755+0000] {dag.py:3954} INFO - Setting next_dagrun for example_xcom_args_with_operators to None, run_after=None
[2025-01-30T09:22:52.784+0000] {processor.py:183} INFO - Processing /home/airflow/.local/lib/python3.12/site-packages/airflow/example_dags/example_xcomargs.py took 0.098 seconds
[2025-01-30T09:23:23.250+0000] {processor.py:161} INFO - Started process (PID=465) to work on /home/airflow/.local/lib/python3.12/site-packages/airflow/example_dags/example_xcomargs.py
[2025-01-30T09:23:23.252+0000] {processor.py:830} INFO - Processing file /home/airflow/.local/lib/python3.12/site-packages/airflow/example_dags/example_xcomargs.py for tasks to queue
[2025-01-30T09:23:23.254+0000] {logging_mixin.py:188} INFO - [2025-01-30T09:23:23.254+0000] {dagbag.py:545} INFO - Filling up the DagBag from /home/airflow/.local/lib/python3.12/site-packages/airflow/example_dags/example_xcomargs.py
[2025-01-30T09:23:23.261+0000] {processor.py:840} INFO - DAG(s) 'example_xcom_args_with_operators', 'example_xcom_args' retrieved from /home/airflow/.local/lib/python3.12/site-packages/airflow/example_dags/example_xcomargs.py
[2025-01-30T09:23:23.287+0000] {logging_mixin.py:188} INFO - [2025-01-30T09:23:23.286+0000] {dag.py:3096} INFO - Sync 2 DAGs
[2025-01-30T09:23:23.302+0000] {logging_mixin.py:188} INFO - [2025-01-30T09:23:23.302+0000] {dag.py:3954} INFO - Setting next_dagrun for example_xcom_args to None, run_after=None
[2025-01-30T09:23:23.309+0000] {logging_mixin.py:188} INFO - [2025-01-30T09:23:23.308+0000] {dag.py:3954} INFO - Setting next_dagrun for example_xcom_args_with_operators to None, run_after=None
[2025-01-30T09:23:23.337+0000] {processor.py:183} INFO - Processing /home/airflow/.local/lib/python3.12/site-packages/airflow/example_dags/example_xcomargs.py took 0.092 seconds
[2025-01-30T09:23:54.018+0000] {processor.py:161} INFO - Started process (PID=523) to work on /home/airflow/.local/lib/python3.12/site-packages/airflow/example_dags/example_xcomargs.py
[2025-01-30T09:23:54.019+0000] {processor.py:830} INFO - Processing file /home/airflow/.local/lib/python3.12/site-packages/airflow/example_dags/example_xcomargs.py for tasks to queue
[2025-01-30T09:23:54.021+0000] {logging_mixin.py:188} INFO - [2025-01-30T09:23:54.021+0000] {dagbag.py:545} INFO - Filling up the DagBag from /home/airflow/.local/lib/python3.12/site-packages/airflow/example_dags/example_xcomargs.py
[2025-01-30T09:23:54.029+0000] {processor.py:840} INFO - DAG(s) 'example_xcom_args', 'example_xcom_args_with_operators' retrieved from /home/airflow/.local/lib/python3.12/site-packages/airflow/example_dags/example_xcomargs.py
[2025-01-30T09:23:54.057+0000] {logging_mixin.py:188} INFO - [2025-01-30T09:23:54.056+0000] {dag.py:3096} INFO - Sync 2 DAGs
[2025-01-30T09:23:54.073+0000] {logging_mixin.py:188} INFO - [2025-01-30T09:23:54.073+0000] {dag.py:3954} INFO - Setting next_dagrun for example_xcom_args to None, run_after=None
[2025-01-30T09:23:54.080+0000] {logging_mixin.py:188} INFO - [2025-01-30T09:23:54.080+0000] {dag.py:3954} INFO - Setting next_dagrun for example_xcom_args_with_operators to None, run_after=None
[2025-01-30T09:23:54.104+0000] {processor.py:183} INFO - Processing /home/airflow/.local/lib/python3.12/site-packages/airflow/example_dags/example_xcomargs.py took 0.092 seconds
[2025-01-30T09:24:24.437+0000] {processor.py:161} INFO - Started process (PID=581) to work on /home/airflow/.local/lib/python3.12/site-packages/airflow/example_dags/example_xcomargs.py
[2025-01-30T09:24:24.438+0000] {processor.py:830} INFO - Processing file /home/airflow/.local/lib/python3.12/site-packages/airflow/example_dags/example_xcomargs.py for tasks to queue
[2025-01-30T09:24:24.440+0000] {logging_mixin.py:188} INFO - [2025-01-30T09:24:24.440+0000] {dagbag.py:545} INFO - Filling up the DagBag from /home/airflow/.local/lib/python3.12/site-packages/airflow/example_dags/example_xcomargs.py
[2025-01-30T09:24:24.450+0000] {processor.py:840} INFO - DAG(s) 'example_xcom_args_with_operators', 'example_xcom_args' retrieved from /home/airflow/.local/lib/python3.12/site-packages/airflow/example_dags/example_xcomargs.py
[2025-01-30T09:24:24.482+0000] {logging_mixin.py:188} INFO - [2025-01-30T09:24:24.481+0000] {dag.py:3096} INFO - Sync 2 DAGs
[2025-01-30T09:24:24.498+0000] {logging_mixin.py:188} INFO - [2025-01-30T09:24:24.497+0000] {dag.py:3954} INFO - Setting next_dagrun for example_xcom_args to None, run_after=None
[2025-01-30T09:24:24.502+0000] {logging_mixin.py:188} INFO - [2025-01-30T09:24:24.502+0000] {dag.py:3954} INFO - Setting next_dagrun for example_xcom_args_with_operators to None, run_after=None
[2025-01-30T09:24:24.529+0000] {processor.py:183} INFO - Processing /home/airflow/.local/lib/python3.12/site-packages/airflow/example_dags/example_xcomargs.py took 0.097 seconds
[2025-01-30T09:24:54.564+0000] {processor.py:161} INFO - Started process (PID=639) to work on /home/airflow/.local/lib/python3.12/site-packages/airflow/example_dags/example_xcomargs.py
[2025-01-30T09:24:54.565+0000] {processor.py:830} INFO - Processing file /home/airflow/.local/lib/python3.12/site-packages/airflow/example_dags/example_xcomargs.py for tasks to queue
[2025-01-30T09:24:54.567+0000] {logging_mixin.py:188} INFO - [2025-01-30T09:24:54.567+0000] {dagbag.py:545} INFO - Filling up the DagBag from /home/airflow/.local/lib/python3.12/site-packages/airflow/example_dags/example_xcomargs.py
[2025-01-30T09:24:54.574+0000] {processor.py:840} INFO - DAG(s) 'example_xcom_args_with_operators', 'example_xcom_args' retrieved from /home/airflow/.local/lib/python3.12/site-packages/airflow/example_dags/example_xcomargs.py
[2025-01-30T09:24:54.602+0000] {logging_mixin.py:188} INFO - [2025-01-30T09:24:54.602+0000] {dag.py:3096} INFO - Sync 2 DAGs
[2025-01-30T09:24:54.618+0000] {logging_mixin.py:188} INFO - [2025-01-30T09:24:54.618+0000] {dag.py:3954} INFO - Setting next_dagrun for example_xcom_args to None, run_after=None
[2025-01-30T09:24:54.624+0000] {logging_mixin.py:188} INFO - [2025-01-30T09:24:54.624+0000] {dag.py:3954} INFO - Setting next_dagrun for example_xcom_args_with_operators to None, run_after=None
[2025-01-30T09:24:54.646+0000] {processor.py:183} INFO - Processing /home/airflow/.local/lib/python3.12/site-packages/airflow/example_dags/example_xcomargs.py took 0.087 seconds
