[2025-01-30T08:43:53.421+0000] {processor.py:161} INFO - Started process (PID=96) to work on /home/airflow/.local/lib/python3.12/site-packages/airflow/example_dags/example_branch_operator.py
[2025-01-30T08:43:53.422+0000] {processor.py:830} INFO - Processing file /home/airflow/.local/lib/python3.12/site-packages/airflow/example_dags/example_branch_operator.py for tasks to queue
[2025-01-30T08:43:53.424+0000] {logging_mixin.py:188} INFO - [2025-01-30T08:43:53.424+0000] {dagbag.py:545} INFO - Filling up the DagBag from /home/airflow/.local/lib/python3.12/site-packages/airflow/example_dags/example_branch_operator.py
[2025-01-30T08:43:53.445+0000] {processor.py:840} INFO - DAG(s) 'example_branch_operator' retrieved from /home/airflow/.local/lib/python3.12/site-packages/airflow/example_dags/example_branch_operator.py
[2025-01-30T08:43:53.574+0000] {logging_mixin.py:188} INFO - [2025-01-30T08:43:53.574+0000] {dag.py:3096} INFO - Sync 1 DAGs
[2025-01-30T08:43:53.598+0000] {logging_mixin.py:188} INFO - [2025-01-30T08:43:53.597+0000] {dag.py:3954} INFO - Setting next_dagrun for example_branch_operator to 2025-01-29 00:00:00+00:00, run_after=2025-01-30 00:00:00+00:00
[2025-01-30T08:43:53.625+0000] {processor.py:183} INFO - Processing /home/airflow/.local/lib/python3.12/site-packages/airflow/example_dags/example_branch_operator.py took 0.209 seconds
[2025-01-30T08:44:23.707+0000] {processor.py:161} INFO - Started process (PID=153) to work on /home/airflow/.local/lib/python3.12/site-packages/airflow/example_dags/example_branch_operator.py
[2025-01-30T08:44:23.708+0000] {processor.py:830} INFO - Processing file /home/airflow/.local/lib/python3.12/site-packages/airflow/example_dags/example_branch_operator.py for tasks to queue
[2025-01-30T08:44:23.710+0000] {logging_mixin.py:188} INFO - [2025-01-30T08:44:23.710+0000] {dagbag.py:545} INFO - Filling up the DagBag from /home/airflow/.local/lib/python3.12/site-packages/airflow/example_dags/example_branch_operator.py
[2025-01-30T08:44:23.725+0000] {processor.py:840} INFO - DAG(s) 'example_branch_operator' retrieved from /home/airflow/.local/lib/python3.12/site-packages/airflow/example_dags/example_branch_operator.py
[2025-01-30T08:44:23.755+0000] {logging_mixin.py:188} INFO - [2025-01-30T08:44:23.755+0000] {dag.py:3096} INFO - Sync 1 DAGs
[2025-01-30T08:44:23.781+0000] {logging_mixin.py:188} INFO - [2025-01-30T08:44:23.781+0000] {dag.py:3954} INFO - Setting next_dagrun for example_branch_operator to 2025-01-29 00:00:00+00:00, run_after=2025-01-30 00:00:00+00:00
[2025-01-30T08:44:23.806+0000] {processor.py:183} INFO - Processing /home/airflow/.local/lib/python3.12/site-packages/airflow/example_dags/example_branch_operator.py took 0.103 seconds
[2025-01-30T08:44:54.173+0000] {processor.py:161} INFO - Started process (PID=212) to work on /home/airflow/.local/lib/python3.12/site-packages/airflow/example_dags/example_branch_operator.py
[2025-01-30T08:44:54.174+0000] {processor.py:830} INFO - Processing file /home/airflow/.local/lib/python3.12/site-packages/airflow/example_dags/example_branch_operator.py for tasks to queue
[2025-01-30T08:44:54.177+0000] {logging_mixin.py:188} INFO - [2025-01-30T08:44:54.176+0000] {dagbag.py:545} INFO - Filling up the DagBag from /home/airflow/.local/lib/python3.12/site-packages/airflow/example_dags/example_branch_operator.py
[2025-01-30T08:44:54.194+0000] {processor.py:840} INFO - DAG(s) 'example_branch_operator' retrieved from /home/airflow/.local/lib/python3.12/site-packages/airflow/example_dags/example_branch_operator.py
[2025-01-30T08:44:54.236+0000] {logging_mixin.py:188} INFO - [2025-01-30T08:44:54.236+0000] {dag.py:3096} INFO - Sync 1 DAGs
[2025-01-30T08:44:54.264+0000] {logging_mixin.py:188} INFO - [2025-01-30T08:44:54.264+0000] {dag.py:3954} INFO - Setting next_dagrun for example_branch_operator to 2025-01-29 00:00:00+00:00, run_after=2025-01-30 00:00:00+00:00
[2025-01-30T08:44:54.289+0000] {processor.py:183} INFO - Processing /home/airflow/.local/lib/python3.12/site-packages/airflow/example_dags/example_branch_operator.py took 0.121 seconds
[2025-01-30T08:45:24.432+0000] {processor.py:161} INFO - Started process (PID=270) to work on /home/airflow/.local/lib/python3.12/site-packages/airflow/example_dags/example_branch_operator.py
[2025-01-30T08:45:24.434+0000] {processor.py:830} INFO - Processing file /home/airflow/.local/lib/python3.12/site-packages/airflow/example_dags/example_branch_operator.py for tasks to queue
[2025-01-30T08:45:24.436+0000] {logging_mixin.py:188} INFO - [2025-01-30T08:45:24.436+0000] {dagbag.py:545} INFO - Filling up the DagBag from /home/airflow/.local/lib/python3.12/site-packages/airflow/example_dags/example_branch_operator.py
[2025-01-30T08:45:24.454+0000] {processor.py:840} INFO - DAG(s) 'example_branch_operator' retrieved from /home/airflow/.local/lib/python3.12/site-packages/airflow/example_dags/example_branch_operator.py
[2025-01-30T08:45:24.486+0000] {logging_mixin.py:188} INFO - [2025-01-30T08:45:24.486+0000] {dag.py:3096} INFO - Sync 1 DAGs
[2025-01-30T08:45:24.510+0000] {logging_mixin.py:188} INFO - [2025-01-30T08:45:24.510+0000] {dag.py:3954} INFO - Setting next_dagrun for example_branch_operator to 2025-01-29 00:00:00+00:00, run_after=2025-01-30 00:00:00+00:00
[2025-01-30T08:45:24.536+0000] {processor.py:183} INFO - Processing /home/airflow/.local/lib/python3.12/site-packages/airflow/example_dags/example_branch_operator.py took 0.109 seconds
[2025-01-30T08:45:55.354+0000] {processor.py:161} INFO - Started process (PID=328) to work on /home/airflow/.local/lib/python3.12/site-packages/airflow/example_dags/example_branch_operator.py
[2025-01-30T08:45:55.356+0000] {processor.py:830} INFO - Processing file /home/airflow/.local/lib/python3.12/site-packages/airflow/example_dags/example_branch_operator.py for tasks to queue
[2025-01-30T08:45:55.358+0000] {logging_mixin.py:188} INFO - [2025-01-30T08:45:55.357+0000] {dagbag.py:545} INFO - Filling up the DagBag from /home/airflow/.local/lib/python3.12/site-packages/airflow/example_dags/example_branch_operator.py
[2025-01-30T08:45:55.374+0000] {processor.py:840} INFO - DAG(s) 'example_branch_operator' retrieved from /home/airflow/.local/lib/python3.12/site-packages/airflow/example_dags/example_branch_operator.py
[2025-01-30T08:45:55.403+0000] {logging_mixin.py:188} INFO - [2025-01-30T08:45:55.403+0000] {dag.py:3096} INFO - Sync 1 DAGs
[2025-01-30T08:45:55.425+0000] {logging_mixin.py:188} INFO - [2025-01-30T08:45:55.425+0000] {dag.py:3954} INFO - Setting next_dagrun for example_branch_operator to 2025-01-29 00:00:00+00:00, run_after=2025-01-30 00:00:00+00:00
[2025-01-30T08:45:55.450+0000] {processor.py:183} INFO - Processing /home/airflow/.local/lib/python3.12/site-packages/airflow/example_dags/example_branch_operator.py took 0.100 seconds
[2025-01-30T08:46:25.942+0000] {processor.py:161} INFO - Started process (PID=385) to work on /home/airflow/.local/lib/python3.12/site-packages/airflow/example_dags/example_branch_operator.py
[2025-01-30T08:46:25.944+0000] {processor.py:830} INFO - Processing file /home/airflow/.local/lib/python3.12/site-packages/airflow/example_dags/example_branch_operator.py for tasks to queue
[2025-01-30T08:46:25.946+0000] {logging_mixin.py:188} INFO - [2025-01-30T08:46:25.946+0000] {dagbag.py:545} INFO - Filling up the DagBag from /home/airflow/.local/lib/python3.12/site-packages/airflow/example_dags/example_branch_operator.py
[2025-01-30T08:46:25.964+0000] {processor.py:840} INFO - DAG(s) 'example_branch_operator' retrieved from /home/airflow/.local/lib/python3.12/site-packages/airflow/example_dags/example_branch_operator.py
[2025-01-30T08:46:25.998+0000] {logging_mixin.py:188} INFO - [2025-01-30T08:46:25.997+0000] {dag.py:3096} INFO - Sync 1 DAGs
[2025-01-30T08:46:26.024+0000] {logging_mixin.py:188} INFO - [2025-01-30T08:46:26.023+0000] {dag.py:3954} INFO - Setting next_dagrun for example_branch_operator to 2025-01-29 00:00:00+00:00, run_after=2025-01-30 00:00:00+00:00
[2025-01-30T08:46:26.051+0000] {processor.py:183} INFO - Processing /home/airflow/.local/lib/python3.12/site-packages/airflow/example_dags/example_branch_operator.py took 0.114 seconds
[2025-01-30T08:46:56.321+0000] {processor.py:161} INFO - Started process (PID=443) to work on /home/airflow/.local/lib/python3.12/site-packages/airflow/example_dags/example_branch_operator.py
[2025-01-30T08:46:56.322+0000] {processor.py:830} INFO - Processing file /home/airflow/.local/lib/python3.12/site-packages/airflow/example_dags/example_branch_operator.py for tasks to queue
[2025-01-30T08:46:56.324+0000] {logging_mixin.py:188} INFO - [2025-01-30T08:46:56.323+0000] {dagbag.py:545} INFO - Filling up the DagBag from /home/airflow/.local/lib/python3.12/site-packages/airflow/example_dags/example_branch_operator.py
[2025-01-30T08:46:56.339+0000] {processor.py:840} INFO - DAG(s) 'example_branch_operator' retrieved from /home/airflow/.local/lib/python3.12/site-packages/airflow/example_dags/example_branch_operator.py
[2025-01-30T08:46:56.372+0000] {logging_mixin.py:188} INFO - [2025-01-30T08:46:56.371+0000] {dag.py:3096} INFO - Sync 1 DAGs
[2025-01-30T08:46:56.396+0000] {logging_mixin.py:188} INFO - [2025-01-30T08:46:56.396+0000] {dag.py:3954} INFO - Setting next_dagrun for example_branch_operator to 2025-01-29 00:00:00+00:00, run_after=2025-01-30 00:00:00+00:00
[2025-01-30T08:46:56.419+0000] {processor.py:183} INFO - Processing /home/airflow/.local/lib/python3.12/site-packages/airflow/example_dags/example_branch_operator.py took 0.104 seconds
[2025-01-30T08:47:26.828+0000] {processor.py:161} INFO - Started process (PID=501) to work on /home/airflow/.local/lib/python3.12/site-packages/airflow/example_dags/example_branch_operator.py
[2025-01-30T08:47:26.829+0000] {processor.py:830} INFO - Processing file /home/airflow/.local/lib/python3.12/site-packages/airflow/example_dags/example_branch_operator.py for tasks to queue
[2025-01-30T08:47:26.831+0000] {logging_mixin.py:188} INFO - [2025-01-30T08:47:26.831+0000] {dagbag.py:545} INFO - Filling up the DagBag from /home/airflow/.local/lib/python3.12/site-packages/airflow/example_dags/example_branch_operator.py
[2025-01-30T08:47:26.846+0000] {processor.py:840} INFO - DAG(s) 'example_branch_operator' retrieved from /home/airflow/.local/lib/python3.12/site-packages/airflow/example_dags/example_branch_operator.py
[2025-01-30T08:47:26.878+0000] {logging_mixin.py:188} INFO - [2025-01-30T08:47:26.878+0000] {dag.py:3096} INFO - Sync 1 DAGs
[2025-01-30T08:47:26.903+0000] {logging_mixin.py:188} INFO - [2025-01-30T08:47:26.903+0000] {dag.py:3954} INFO - Setting next_dagrun for example_branch_operator to 2025-01-29 00:00:00+00:00, run_after=2025-01-30 00:00:00+00:00
[2025-01-30T08:47:26.926+0000] {processor.py:183} INFO - Processing /home/airflow/.local/lib/python3.12/site-packages/airflow/example_dags/example_branch_operator.py took 0.103 seconds
[2025-01-30T08:47:57.315+0000] {processor.py:161} INFO - Started process (PID=559) to work on /home/airflow/.local/lib/python3.12/site-packages/airflow/example_dags/example_branch_operator.py
[2025-01-30T08:47:57.316+0000] {processor.py:830} INFO - Processing file /home/airflow/.local/lib/python3.12/site-packages/airflow/example_dags/example_branch_operator.py for tasks to queue
[2025-01-30T08:47:57.318+0000] {logging_mixin.py:188} INFO - [2025-01-30T08:47:57.318+0000] {dagbag.py:545} INFO - Filling up the DagBag from /home/airflow/.local/lib/python3.12/site-packages/airflow/example_dags/example_branch_operator.py
[2025-01-30T08:47:57.338+0000] {processor.py:840} INFO - DAG(s) 'example_branch_operator' retrieved from /home/airflow/.local/lib/python3.12/site-packages/airflow/example_dags/example_branch_operator.py
[2025-01-30T08:47:57.373+0000] {logging_mixin.py:188} INFO - [2025-01-30T08:47:57.373+0000] {dag.py:3096} INFO - Sync 1 DAGs
[2025-01-30T08:47:57.400+0000] {logging_mixin.py:188} INFO - [2025-01-30T08:47:57.400+0000] {dag.py:3954} INFO - Setting next_dagrun for example_branch_operator to 2025-01-29 00:00:00+00:00, run_after=2025-01-30 00:00:00+00:00
[2025-01-30T08:47:57.433+0000] {processor.py:183} INFO - Processing /home/airflow/.local/lib/python3.12/site-packages/airflow/example_dags/example_branch_operator.py took 0.124 seconds
[2025-01-30T08:48:27.536+0000] {processor.py:161} INFO - Started process (PID=617) to work on /home/airflow/.local/lib/python3.12/site-packages/airflow/example_dags/example_branch_operator.py
[2025-01-30T08:48:27.538+0000] {processor.py:830} INFO - Processing file /home/airflow/.local/lib/python3.12/site-packages/airflow/example_dags/example_branch_operator.py for tasks to queue
[2025-01-30T08:48:27.540+0000] {logging_mixin.py:188} INFO - [2025-01-30T08:48:27.539+0000] {dagbag.py:545} INFO - Filling up the DagBag from /home/airflow/.local/lib/python3.12/site-packages/airflow/example_dags/example_branch_operator.py
[2025-01-30T08:48:27.555+0000] {processor.py:840} INFO - DAG(s) 'example_branch_operator' retrieved from /home/airflow/.local/lib/python3.12/site-packages/airflow/example_dags/example_branch_operator.py
[2025-01-30T08:48:27.586+0000] {logging_mixin.py:188} INFO - [2025-01-30T08:48:27.585+0000] {dag.py:3096} INFO - Sync 1 DAGs
[2025-01-30T08:48:27.611+0000] {logging_mixin.py:188} INFO - [2025-01-30T08:48:27.611+0000] {dag.py:3954} INFO - Setting next_dagrun for example_branch_operator to 2025-01-29 00:00:00+00:00, run_after=2025-01-30 00:00:00+00:00
[2025-01-30T08:48:27.636+0000] {processor.py:183} INFO - Processing /home/airflow/.local/lib/python3.12/site-packages/airflow/example_dags/example_branch_operator.py took 0.104 seconds
[2025-01-30T08:48:57.728+0000] {processor.py:161} INFO - Started process (PID=674) to work on /home/airflow/.local/lib/python3.12/site-packages/airflow/example_dags/example_branch_operator.py
[2025-01-30T08:48:57.730+0000] {processor.py:830} INFO - Processing file /home/airflow/.local/lib/python3.12/site-packages/airflow/example_dags/example_branch_operator.py for tasks to queue
[2025-01-30T08:48:57.733+0000] {logging_mixin.py:188} INFO - [2025-01-30T08:48:57.732+0000] {dagbag.py:545} INFO - Filling up the DagBag from /home/airflow/.local/lib/python3.12/site-packages/airflow/example_dags/example_branch_operator.py
[2025-01-30T08:48:57.750+0000] {processor.py:840} INFO - DAG(s) 'example_branch_operator' retrieved from /home/airflow/.local/lib/python3.12/site-packages/airflow/example_dags/example_branch_operator.py
[2025-01-30T08:48:57.779+0000] {logging_mixin.py:188} INFO - [2025-01-30T08:48:57.779+0000] {dag.py:3096} INFO - Sync 1 DAGs
[2025-01-30T08:48:57.805+0000] {logging_mixin.py:188} INFO - [2025-01-30T08:48:57.804+0000] {dag.py:3954} INFO - Setting next_dagrun for example_branch_operator to 2025-01-29 00:00:00+00:00, run_after=2025-01-30 00:00:00+00:00
[2025-01-30T08:48:57.829+0000] {processor.py:183} INFO - Processing /home/airflow/.local/lib/python3.12/site-packages/airflow/example_dags/example_branch_operator.py took 0.106 seconds
[2025-01-30T08:49:28.355+0000] {processor.py:161} INFO - Started process (PID=733) to work on /home/airflow/.local/lib/python3.12/site-packages/airflow/example_dags/example_branch_operator.py
[2025-01-30T08:49:28.356+0000] {processor.py:830} INFO - Processing file /home/airflow/.local/lib/python3.12/site-packages/airflow/example_dags/example_branch_operator.py for tasks to queue
[2025-01-30T08:49:28.358+0000] {logging_mixin.py:188} INFO - [2025-01-30T08:49:28.358+0000] {dagbag.py:545} INFO - Filling up the DagBag from /home/airflow/.local/lib/python3.12/site-packages/airflow/example_dags/example_branch_operator.py
[2025-01-30T08:49:28.374+0000] {processor.py:840} INFO - DAG(s) 'example_branch_operator' retrieved from /home/airflow/.local/lib/python3.12/site-packages/airflow/example_dags/example_branch_operator.py
[2025-01-30T08:49:28.404+0000] {logging_mixin.py:188} INFO - [2025-01-30T08:49:28.404+0000] {dag.py:3096} INFO - Sync 1 DAGs
[2025-01-30T08:49:28.427+0000] {logging_mixin.py:188} INFO - [2025-01-30T08:49:28.427+0000] {dag.py:3954} INFO - Setting next_dagrun for example_branch_operator to 2025-01-29 00:00:00+00:00, run_after=2025-01-30 00:00:00+00:00
[2025-01-30T08:49:28.452+0000] {processor.py:183} INFO - Processing /home/airflow/.local/lib/python3.12/site-packages/airflow/example_dags/example_branch_operator.py took 0.102 seconds
[2025-01-30T08:49:58.746+0000] {processor.py:161} INFO - Started process (PID=791) to work on /home/airflow/.local/lib/python3.12/site-packages/airflow/example_dags/example_branch_operator.py
[2025-01-30T08:49:58.748+0000] {processor.py:830} INFO - Processing file /home/airflow/.local/lib/python3.12/site-packages/airflow/example_dags/example_branch_operator.py for tasks to queue
[2025-01-30T08:49:58.750+0000] {logging_mixin.py:188} INFO - [2025-01-30T08:49:58.749+0000] {dagbag.py:545} INFO - Filling up the DagBag from /home/airflow/.local/lib/python3.12/site-packages/airflow/example_dags/example_branch_operator.py
[2025-01-30T08:49:58.765+0000] {processor.py:840} INFO - DAG(s) 'example_branch_operator' retrieved from /home/airflow/.local/lib/python3.12/site-packages/airflow/example_dags/example_branch_operator.py
[2025-01-30T08:49:58.795+0000] {logging_mixin.py:188} INFO - [2025-01-30T08:49:58.795+0000] {dag.py:3096} INFO - Sync 1 DAGs
[2025-01-30T08:49:58.818+0000] {logging_mixin.py:188} INFO - [2025-01-30T08:49:58.817+0000] {dag.py:3954} INFO - Setting next_dagrun for example_branch_operator to 2025-01-29 00:00:00+00:00, run_after=2025-01-30 00:00:00+00:00
[2025-01-30T08:49:58.840+0000] {processor.py:183} INFO - Processing /home/airflow/.local/lib/python3.12/site-packages/airflow/example_dags/example_branch_operator.py took 0.098 seconds
[2025-01-30T08:50:29.062+0000] {processor.py:161} INFO - Started process (PID=849) to work on /home/airflow/.local/lib/python3.12/site-packages/airflow/example_dags/example_branch_operator.py
[2025-01-30T08:50:29.063+0000] {processor.py:830} INFO - Processing file /home/airflow/.local/lib/python3.12/site-packages/airflow/example_dags/example_branch_operator.py for tasks to queue
[2025-01-30T08:50:29.065+0000] {logging_mixin.py:188} INFO - [2025-01-30T08:50:29.064+0000] {dagbag.py:545} INFO - Filling up the DagBag from /home/airflow/.local/lib/python3.12/site-packages/airflow/example_dags/example_branch_operator.py
[2025-01-30T08:50:29.082+0000] {processor.py:840} INFO - DAG(s) 'example_branch_operator' retrieved from /home/airflow/.local/lib/python3.12/site-packages/airflow/example_dags/example_branch_operator.py
[2025-01-30T08:50:29.111+0000] {logging_mixin.py:188} INFO - [2025-01-30T08:50:29.111+0000] {dag.py:3096} INFO - Sync 1 DAGs
[2025-01-30T08:50:29.135+0000] {logging_mixin.py:188} INFO - [2025-01-30T08:50:29.135+0000] {dag.py:3954} INFO - Setting next_dagrun for example_branch_operator to 2025-01-29 00:00:00+00:00, run_after=2025-01-30 00:00:00+00:00
[2025-01-30T08:50:29.162+0000] {processor.py:183} INFO - Processing /home/airflow/.local/lib/python3.12/site-packages/airflow/example_dags/example_branch_operator.py took 0.104 seconds
[2025-01-30T08:50:59.625+0000] {processor.py:161} INFO - Started process (PID=907) to work on /home/airflow/.local/lib/python3.12/site-packages/airflow/example_dags/example_branch_operator.py
[2025-01-30T08:50:59.626+0000] {processor.py:830} INFO - Processing file /home/airflow/.local/lib/python3.12/site-packages/airflow/example_dags/example_branch_operator.py for tasks to queue
[2025-01-30T08:50:59.628+0000] {logging_mixin.py:188} INFO - [2025-01-30T08:50:59.627+0000] {dagbag.py:545} INFO - Filling up the DagBag from /home/airflow/.local/lib/python3.12/site-packages/airflow/example_dags/example_branch_operator.py
[2025-01-30T08:50:59.642+0000] {processor.py:840} INFO - DAG(s) 'example_branch_operator' retrieved from /home/airflow/.local/lib/python3.12/site-packages/airflow/example_dags/example_branch_operator.py
[2025-01-30T08:50:59.671+0000] {logging_mixin.py:188} INFO - [2025-01-30T08:50:59.671+0000] {dag.py:3096} INFO - Sync 1 DAGs
[2025-01-30T08:50:59.693+0000] {logging_mixin.py:188} INFO - [2025-01-30T08:50:59.693+0000] {dag.py:3954} INFO - Setting next_dagrun for example_branch_operator to 2025-01-29 00:00:00+00:00, run_after=2025-01-30 00:00:00+00:00
[2025-01-30T08:50:59.714+0000] {processor.py:183} INFO - Processing /home/airflow/.local/lib/python3.12/site-packages/airflow/example_dags/example_branch_operator.py took 0.094 seconds
[2025-01-30T08:51:29.894+0000] {processor.py:161} INFO - Started process (PID=965) to work on /home/airflow/.local/lib/python3.12/site-packages/airflow/example_dags/example_branch_operator.py
[2025-01-30T08:51:29.900+0000] {processor.py:830} INFO - Processing file /home/airflow/.local/lib/python3.12/site-packages/airflow/example_dags/example_branch_operator.py for tasks to queue
[2025-01-30T08:51:29.903+0000] {logging_mixin.py:188} INFO - [2025-01-30T08:51:29.903+0000] {dagbag.py:545} INFO - Filling up the DagBag from /home/airflow/.local/lib/python3.12/site-packages/airflow/example_dags/example_branch_operator.py
[2025-01-30T08:51:29.921+0000] {processor.py:840} INFO - DAG(s) 'example_branch_operator' retrieved from /home/airflow/.local/lib/python3.12/site-packages/airflow/example_dags/example_branch_operator.py
[2025-01-30T08:51:29.956+0000] {logging_mixin.py:188} INFO - [2025-01-30T08:51:29.956+0000] {dag.py:3096} INFO - Sync 1 DAGs
[2025-01-30T08:51:29.982+0000] {logging_mixin.py:188} INFO - [2025-01-30T08:51:29.981+0000] {dag.py:3954} INFO - Setting next_dagrun for example_branch_operator to 2025-01-29 00:00:00+00:00, run_after=2025-01-30 00:00:00+00:00
[2025-01-30T08:51:30.008+0000] {processor.py:183} INFO - Processing /home/airflow/.local/lib/python3.12/site-packages/airflow/example_dags/example_branch_operator.py took 0.119 seconds
[2025-01-30T08:52:00.181+0000] {processor.py:161} INFO - Started process (PID=1023) to work on /home/airflow/.local/lib/python3.12/site-packages/airflow/example_dags/example_branch_operator.py
[2025-01-30T08:52:00.182+0000] {processor.py:830} INFO - Processing file /home/airflow/.local/lib/python3.12/site-packages/airflow/example_dags/example_branch_operator.py for tasks to queue
[2025-01-30T08:52:00.184+0000] {logging_mixin.py:188} INFO - [2025-01-30T08:52:00.184+0000] {dagbag.py:545} INFO - Filling up the DagBag from /home/airflow/.local/lib/python3.12/site-packages/airflow/example_dags/example_branch_operator.py
[2025-01-30T08:52:00.201+0000] {processor.py:840} INFO - DAG(s) 'example_branch_operator' retrieved from /home/airflow/.local/lib/python3.12/site-packages/airflow/example_dags/example_branch_operator.py
[2025-01-30T08:52:00.250+0000] {logging_mixin.py:188} INFO - [2025-01-30T08:52:00.249+0000] {dag.py:3096} INFO - Sync 1 DAGs
[2025-01-30T08:52:00.299+0000] {logging_mixin.py:188} INFO - [2025-01-30T08:52:00.299+0000] {dag.py:3954} INFO - Setting next_dagrun for example_branch_operator to 2025-01-29 00:00:00+00:00, run_after=2025-01-30 00:00:00+00:00
[2025-01-30T08:52:00.324+0000] {processor.py:183} INFO - Processing /home/airflow/.local/lib/python3.12/site-packages/airflow/example_dags/example_branch_operator.py took 0.149 seconds
[2025-01-30T08:52:30.413+0000] {processor.py:161} INFO - Started process (PID=1080) to work on /home/airflow/.local/lib/python3.12/site-packages/airflow/example_dags/example_branch_operator.py
[2025-01-30T08:52:30.414+0000] {processor.py:830} INFO - Processing file /home/airflow/.local/lib/python3.12/site-packages/airflow/example_dags/example_branch_operator.py for tasks to queue
[2025-01-30T08:52:30.416+0000] {logging_mixin.py:188} INFO - [2025-01-30T08:52:30.416+0000] {dagbag.py:545} INFO - Filling up the DagBag from /home/airflow/.local/lib/python3.12/site-packages/airflow/example_dags/example_branch_operator.py
[2025-01-30T08:52:30.433+0000] {processor.py:840} INFO - DAG(s) 'example_branch_operator' retrieved from /home/airflow/.local/lib/python3.12/site-packages/airflow/example_dags/example_branch_operator.py
[2025-01-30T08:52:30.464+0000] {logging_mixin.py:188} INFO - [2025-01-30T08:52:30.464+0000] {dag.py:3096} INFO - Sync 1 DAGs
[2025-01-30T08:52:30.492+0000] {logging_mixin.py:188} INFO - [2025-01-30T08:52:30.491+0000] {dag.py:3954} INFO - Setting next_dagrun for example_branch_operator to 2025-01-29 00:00:00+00:00, run_after=2025-01-30 00:00:00+00:00
[2025-01-30T08:52:30.517+0000] {processor.py:183} INFO - Processing /home/airflow/.local/lib/python3.12/site-packages/airflow/example_dags/example_branch_operator.py took 0.110 seconds
[2025-01-30T08:53:00.913+0000] {processor.py:161} INFO - Started process (PID=1138) to work on /home/airflow/.local/lib/python3.12/site-packages/airflow/example_dags/example_branch_operator.py
[2025-01-30T08:53:00.915+0000] {processor.py:830} INFO - Processing file /home/airflow/.local/lib/python3.12/site-packages/airflow/example_dags/example_branch_operator.py for tasks to queue
[2025-01-30T08:53:00.917+0000] {logging_mixin.py:188} INFO - [2025-01-30T08:53:00.917+0000] {dagbag.py:545} INFO - Filling up the DagBag from /home/airflow/.local/lib/python3.12/site-packages/airflow/example_dags/example_branch_operator.py
[2025-01-30T08:53:00.937+0000] {processor.py:840} INFO - DAG(s) 'example_branch_operator' retrieved from /home/airflow/.local/lib/python3.12/site-packages/airflow/example_dags/example_branch_operator.py
[2025-01-30T08:53:00.968+0000] {logging_mixin.py:188} INFO - [2025-01-30T08:53:00.967+0000] {dag.py:3096} INFO - Sync 1 DAGs
[2025-01-30T08:53:00.990+0000] {logging_mixin.py:188} INFO - [2025-01-30T08:53:00.990+0000] {dag.py:3954} INFO - Setting next_dagrun for example_branch_operator to 2025-01-29 00:00:00+00:00, run_after=2025-01-30 00:00:00+00:00
[2025-01-30T08:53:01.012+0000] {processor.py:183} INFO - Processing /home/airflow/.local/lib/python3.12/site-packages/airflow/example_dags/example_branch_operator.py took 0.104 seconds
[2025-01-30T08:53:31.125+0000] {processor.py:161} INFO - Started process (PID=1196) to work on /home/airflow/.local/lib/python3.12/site-packages/airflow/example_dags/example_branch_operator.py
[2025-01-30T08:53:31.126+0000] {processor.py:830} INFO - Processing file /home/airflow/.local/lib/python3.12/site-packages/airflow/example_dags/example_branch_operator.py for tasks to queue
[2025-01-30T08:53:31.128+0000] {logging_mixin.py:188} INFO - [2025-01-30T08:53:31.128+0000] {dagbag.py:545} INFO - Filling up the DagBag from /home/airflow/.local/lib/python3.12/site-packages/airflow/example_dags/example_branch_operator.py
[2025-01-30T08:53:31.143+0000] {processor.py:840} INFO - DAG(s) 'example_branch_operator' retrieved from /home/airflow/.local/lib/python3.12/site-packages/airflow/example_dags/example_branch_operator.py
[2025-01-30T08:53:31.172+0000] {logging_mixin.py:188} INFO - [2025-01-30T08:53:31.172+0000] {dag.py:3096} INFO - Sync 1 DAGs
[2025-01-30T08:53:31.196+0000] {logging_mixin.py:188} INFO - [2025-01-30T08:53:31.195+0000] {dag.py:3954} INFO - Setting next_dagrun for example_branch_operator to 2025-01-29 00:00:00+00:00, run_after=2025-01-30 00:00:00+00:00
[2025-01-30T08:53:31.224+0000] {processor.py:183} INFO - Processing /home/airflow/.local/lib/python3.12/site-packages/airflow/example_dags/example_branch_operator.py took 0.104 seconds
[2025-01-30T08:54:01.496+0000] {processor.py:161} INFO - Started process (PID=1254) to work on /home/airflow/.local/lib/python3.12/site-packages/airflow/example_dags/example_branch_operator.py
[2025-01-30T08:54:01.497+0000] {processor.py:830} INFO - Processing file /home/airflow/.local/lib/python3.12/site-packages/airflow/example_dags/example_branch_operator.py for tasks to queue
[2025-01-30T08:54:01.499+0000] {logging_mixin.py:188} INFO - [2025-01-30T08:54:01.499+0000] {dagbag.py:545} INFO - Filling up the DagBag from /home/airflow/.local/lib/python3.12/site-packages/airflow/example_dags/example_branch_operator.py
[2025-01-30T08:54:01.514+0000] {processor.py:840} INFO - DAG(s) 'example_branch_operator' retrieved from /home/airflow/.local/lib/python3.12/site-packages/airflow/example_dags/example_branch_operator.py
[2025-01-30T08:54:01.544+0000] {logging_mixin.py:188} INFO - [2025-01-30T08:54:01.544+0000] {dag.py:3096} INFO - Sync 1 DAGs
[2025-01-30T08:54:01.568+0000] {logging_mixin.py:188} INFO - [2025-01-30T08:54:01.568+0000] {dag.py:3954} INFO - Setting next_dagrun for example_branch_operator to 2025-01-29 00:00:00+00:00, run_after=2025-01-30 00:00:00+00:00
[2025-01-30T08:54:01.593+0000] {processor.py:183} INFO - Processing /home/airflow/.local/lib/python3.12/site-packages/airflow/example_dags/example_branch_operator.py took 0.101 seconds
[2025-01-30T08:54:32.083+0000] {processor.py:161} INFO - Started process (PID=1312) to work on /home/airflow/.local/lib/python3.12/site-packages/airflow/example_dags/example_branch_operator.py
[2025-01-30T08:54:32.084+0000] {processor.py:830} INFO - Processing file /home/airflow/.local/lib/python3.12/site-packages/airflow/example_dags/example_branch_operator.py for tasks to queue
[2025-01-30T08:54:32.086+0000] {logging_mixin.py:188} INFO - [2025-01-30T08:54:32.086+0000] {dagbag.py:545} INFO - Filling up the DagBag from /home/airflow/.local/lib/python3.12/site-packages/airflow/example_dags/example_branch_operator.py
[2025-01-30T08:54:32.104+0000] {processor.py:840} INFO - DAG(s) 'example_branch_operator' retrieved from /home/airflow/.local/lib/python3.12/site-packages/airflow/example_dags/example_branch_operator.py
[2025-01-30T08:54:32.136+0000] {logging_mixin.py:188} INFO - [2025-01-30T08:54:32.135+0000] {dag.py:3096} INFO - Sync 1 DAGs
[2025-01-30T08:54:32.160+0000] {logging_mixin.py:188} INFO - [2025-01-30T08:54:32.159+0000] {dag.py:3954} INFO - Setting next_dagrun for example_branch_operator to 2025-01-29 00:00:00+00:00, run_after=2025-01-30 00:00:00+00:00
[2025-01-30T08:54:32.184+0000] {processor.py:183} INFO - Processing /home/airflow/.local/lib/python3.12/site-packages/airflow/example_dags/example_branch_operator.py took 0.109 seconds
[2025-01-30T08:55:03.174+0000] {processor.py:161} INFO - Started process (PID=1370) to work on /home/airflow/.local/lib/python3.12/site-packages/airflow/example_dags/example_branch_operator.py
[2025-01-30T08:55:03.175+0000] {processor.py:830} INFO - Processing file /home/airflow/.local/lib/python3.12/site-packages/airflow/example_dags/example_branch_operator.py for tasks to queue
[2025-01-30T08:55:03.177+0000] {logging_mixin.py:188} INFO - [2025-01-30T08:55:03.177+0000] {dagbag.py:545} INFO - Filling up the DagBag from /home/airflow/.local/lib/python3.12/site-packages/airflow/example_dags/example_branch_operator.py
[2025-01-30T08:55:03.194+0000] {processor.py:840} INFO - DAG(s) 'example_branch_operator' retrieved from /home/airflow/.local/lib/python3.12/site-packages/airflow/example_dags/example_branch_operator.py
[2025-01-30T08:55:03.224+0000] {logging_mixin.py:188} INFO - [2025-01-30T08:55:03.224+0000] {dag.py:3096} INFO - Sync 1 DAGs
[2025-01-30T08:55:03.248+0000] {logging_mixin.py:188} INFO - [2025-01-30T08:55:03.248+0000] {dag.py:3954} INFO - Setting next_dagrun for example_branch_operator to 2025-01-29 00:00:00+00:00, run_after=2025-01-30 00:00:00+00:00
[2025-01-30T08:55:03.273+0000] {processor.py:183} INFO - Processing /home/airflow/.local/lib/python3.12/site-packages/airflow/example_dags/example_branch_operator.py took 0.105 seconds
[2025-01-30T08:55:33.361+0000] {processor.py:161} INFO - Started process (PID=1428) to work on /home/airflow/.local/lib/python3.12/site-packages/airflow/example_dags/example_branch_operator.py
[2025-01-30T08:55:33.362+0000] {processor.py:830} INFO - Processing file /home/airflow/.local/lib/python3.12/site-packages/airflow/example_dags/example_branch_operator.py for tasks to queue
[2025-01-30T08:55:33.364+0000] {logging_mixin.py:188} INFO - [2025-01-30T08:55:33.364+0000] {dagbag.py:545} INFO - Filling up the DagBag from /home/airflow/.local/lib/python3.12/site-packages/airflow/example_dags/example_branch_operator.py
[2025-01-30T08:55:33.380+0000] {processor.py:840} INFO - DAG(s) 'example_branch_operator' retrieved from /home/airflow/.local/lib/python3.12/site-packages/airflow/example_dags/example_branch_operator.py
[2025-01-30T08:55:33.408+0000] {logging_mixin.py:188} INFO - [2025-01-30T08:55:33.408+0000] {dag.py:3096} INFO - Sync 1 DAGs
[2025-01-30T08:55:33.431+0000] {logging_mixin.py:188} INFO - [2025-01-30T08:55:33.430+0000] {dag.py:3954} INFO - Setting next_dagrun for example_branch_operator to 2025-01-29 00:00:00+00:00, run_after=2025-01-30 00:00:00+00:00
[2025-01-30T08:55:33.453+0000] {processor.py:183} INFO - Processing /home/airflow/.local/lib/python3.12/site-packages/airflow/example_dags/example_branch_operator.py took 0.097 seconds
[2025-01-30T08:56:03.540+0000] {processor.py:161} INFO - Started process (PID=1485) to work on /home/airflow/.local/lib/python3.12/site-packages/airflow/example_dags/example_branch_operator.py
[2025-01-30T08:56:03.542+0000] {processor.py:830} INFO - Processing file /home/airflow/.local/lib/python3.12/site-packages/airflow/example_dags/example_branch_operator.py for tasks to queue
[2025-01-30T08:56:03.544+0000] {logging_mixin.py:188} INFO - [2025-01-30T08:56:03.543+0000] {dagbag.py:545} INFO - Filling up the DagBag from /home/airflow/.local/lib/python3.12/site-packages/airflow/example_dags/example_branch_operator.py
[2025-01-30T08:56:03.561+0000] {processor.py:840} INFO - DAG(s) 'example_branch_operator' retrieved from /home/airflow/.local/lib/python3.12/site-packages/airflow/example_dags/example_branch_operator.py
[2025-01-30T08:56:03.594+0000] {logging_mixin.py:188} INFO - [2025-01-30T08:56:03.594+0000] {dag.py:3096} INFO - Sync 1 DAGs
[2025-01-30T08:56:03.619+0000] {logging_mixin.py:188} INFO - [2025-01-30T08:56:03.619+0000] {dag.py:3954} INFO - Setting next_dagrun for example_branch_operator to 2025-01-29 00:00:00+00:00, run_after=2025-01-30 00:00:00+00:00
[2025-01-30T08:56:03.647+0000] {processor.py:183} INFO - Processing /home/airflow/.local/lib/python3.12/site-packages/airflow/example_dags/example_branch_operator.py took 0.111 seconds
[2025-01-30T08:56:33.705+0000] {processor.py:161} INFO - Started process (PID=1543) to work on /home/airflow/.local/lib/python3.12/site-packages/airflow/example_dags/example_branch_operator.py
[2025-01-30T08:56:33.706+0000] {processor.py:830} INFO - Processing file /home/airflow/.local/lib/python3.12/site-packages/airflow/example_dags/example_branch_operator.py for tasks to queue
[2025-01-30T08:56:33.708+0000] {logging_mixin.py:188} INFO - [2025-01-30T08:56:33.707+0000] {dagbag.py:545} INFO - Filling up the DagBag from /home/airflow/.local/lib/python3.12/site-packages/airflow/example_dags/example_branch_operator.py
[2025-01-30T08:56:33.724+0000] {processor.py:840} INFO - DAG(s) 'example_branch_operator' retrieved from /home/airflow/.local/lib/python3.12/site-packages/airflow/example_dags/example_branch_operator.py
[2025-01-30T08:56:33.755+0000] {logging_mixin.py:188} INFO - [2025-01-30T08:56:33.755+0000] {dag.py:3096} INFO - Sync 1 DAGs
[2025-01-30T08:56:33.779+0000] {logging_mixin.py:188} INFO - [2025-01-30T08:56:33.779+0000] {dag.py:3954} INFO - Setting next_dagrun for example_branch_operator to 2025-01-29 00:00:00+00:00, run_after=2025-01-30 00:00:00+00:00
[2025-01-30T08:56:33.804+0000] {processor.py:183} INFO - Processing /home/airflow/.local/lib/python3.12/site-packages/airflow/example_dags/example_branch_operator.py took 0.104 seconds
[2025-01-30T08:57:03.899+0000] {processor.py:161} INFO - Started process (PID=1601) to work on /home/airflow/.local/lib/python3.12/site-packages/airflow/example_dags/example_branch_operator.py
[2025-01-30T08:57:03.900+0000] {processor.py:830} INFO - Processing file /home/airflow/.local/lib/python3.12/site-packages/airflow/example_dags/example_branch_operator.py for tasks to queue
[2025-01-30T08:57:03.902+0000] {logging_mixin.py:188} INFO - [2025-01-30T08:57:03.901+0000] {dagbag.py:545} INFO - Filling up the DagBag from /home/airflow/.local/lib/python3.12/site-packages/airflow/example_dags/example_branch_operator.py
[2025-01-30T08:57:03.921+0000] {processor.py:840} INFO - DAG(s) 'example_branch_operator' retrieved from /home/airflow/.local/lib/python3.12/site-packages/airflow/example_dags/example_branch_operator.py
[2025-01-30T08:57:03.952+0000] {logging_mixin.py:188} INFO - [2025-01-30T08:57:03.951+0000] {dag.py:3096} INFO - Sync 1 DAGs
[2025-01-30T08:57:03.980+0000] {logging_mixin.py:188} INFO - [2025-01-30T08:57:03.980+0000] {dag.py:3954} INFO - Setting next_dagrun for example_branch_operator to 2025-01-29 00:00:00+00:00, run_after=2025-01-30 00:00:00+00:00
[2025-01-30T08:57:04.007+0000] {processor.py:183} INFO - Processing /home/airflow/.local/lib/python3.12/site-packages/airflow/example_dags/example_branch_operator.py took 0.114 seconds
[2025-01-30T08:57:34.935+0000] {processor.py:161} INFO - Started process (PID=1659) to work on /home/airflow/.local/lib/python3.12/site-packages/airflow/example_dags/example_branch_operator.py
[2025-01-30T08:57:34.936+0000] {processor.py:830} INFO - Processing file /home/airflow/.local/lib/python3.12/site-packages/airflow/example_dags/example_branch_operator.py for tasks to queue
[2025-01-30T08:57:34.940+0000] {logging_mixin.py:188} INFO - [2025-01-30T08:57:34.939+0000] {dagbag.py:545} INFO - Filling up the DagBag from /home/airflow/.local/lib/python3.12/site-packages/airflow/example_dags/example_branch_operator.py
[2025-01-30T08:57:34.958+0000] {processor.py:840} INFO - DAG(s) 'example_branch_operator' retrieved from /home/airflow/.local/lib/python3.12/site-packages/airflow/example_dags/example_branch_operator.py
[2025-01-30T08:57:34.991+0000] {logging_mixin.py:188} INFO - [2025-01-30T08:57:34.991+0000] {dag.py:3096} INFO - Sync 1 DAGs
[2025-01-30T08:57:35.018+0000] {logging_mixin.py:188} INFO - [2025-01-30T08:57:35.017+0000] {dag.py:3954} INFO - Setting next_dagrun for example_branch_operator to 2025-01-29 00:00:00+00:00, run_after=2025-01-30 00:00:00+00:00
[2025-01-30T08:57:35.046+0000] {processor.py:183} INFO - Processing /home/airflow/.local/lib/python3.12/site-packages/airflow/example_dags/example_branch_operator.py took 0.117 seconds
[2025-01-30T08:58:05.294+0000] {processor.py:161} INFO - Started process (PID=1717) to work on /home/airflow/.local/lib/python3.12/site-packages/airflow/example_dags/example_branch_operator.py
[2025-01-30T08:58:05.295+0000] {processor.py:830} INFO - Processing file /home/airflow/.local/lib/python3.12/site-packages/airflow/example_dags/example_branch_operator.py for tasks to queue
[2025-01-30T08:58:05.297+0000] {logging_mixin.py:188} INFO - [2025-01-30T08:58:05.296+0000] {dagbag.py:545} INFO - Filling up the DagBag from /home/airflow/.local/lib/python3.12/site-packages/airflow/example_dags/example_branch_operator.py
[2025-01-30T08:58:05.315+0000] {processor.py:840} INFO - DAG(s) 'example_branch_operator' retrieved from /home/airflow/.local/lib/python3.12/site-packages/airflow/example_dags/example_branch_operator.py
[2025-01-30T08:58:05.347+0000] {logging_mixin.py:188} INFO - [2025-01-30T08:58:05.346+0000] {dag.py:3096} INFO - Sync 1 DAGs
[2025-01-30T08:58:05.371+0000] {logging_mixin.py:188} INFO - [2025-01-30T08:58:05.371+0000] {dag.py:3954} INFO - Setting next_dagrun for example_branch_operator to 2025-01-29 00:00:00+00:00, run_after=2025-01-30 00:00:00+00:00
[2025-01-30T08:58:05.397+0000] {processor.py:183} INFO - Processing /home/airflow/.local/lib/python3.12/site-packages/airflow/example_dags/example_branch_operator.py took 0.110 seconds
[2025-01-30T08:58:35.560+0000] {processor.py:161} INFO - Started process (PID=1775) to work on /home/airflow/.local/lib/python3.12/site-packages/airflow/example_dags/example_branch_operator.py
[2025-01-30T08:58:35.561+0000] {processor.py:830} INFO - Processing file /home/airflow/.local/lib/python3.12/site-packages/airflow/example_dags/example_branch_operator.py for tasks to queue
[2025-01-30T08:58:35.563+0000] {logging_mixin.py:188} INFO - [2025-01-30T08:58:35.563+0000] {dagbag.py:545} INFO - Filling up the DagBag from /home/airflow/.local/lib/python3.12/site-packages/airflow/example_dags/example_branch_operator.py
[2025-01-30T08:58:35.585+0000] {processor.py:840} INFO - DAG(s) 'example_branch_operator' retrieved from /home/airflow/.local/lib/python3.12/site-packages/airflow/example_dags/example_branch_operator.py
[2025-01-30T08:58:35.616+0000] {logging_mixin.py:188} INFO - [2025-01-30T08:58:35.616+0000] {dag.py:3096} INFO - Sync 1 DAGs
[2025-01-30T08:58:35.643+0000] {logging_mixin.py:188} INFO - [2025-01-30T08:58:35.643+0000] {dag.py:3954} INFO - Setting next_dagrun for example_branch_operator to 2025-01-29 00:00:00+00:00, run_after=2025-01-30 00:00:00+00:00
[2025-01-30T08:58:35.670+0000] {processor.py:183} INFO - Processing /home/airflow/.local/lib/python3.12/site-packages/airflow/example_dags/example_branch_operator.py took 0.115 seconds
[2025-01-30T09:01:50.545+0000] {processor.py:161} INFO - Started process (PID=96) to work on /home/airflow/.local/lib/python3.12/site-packages/airflow/example_dags/example_branch_operator.py
[2025-01-30T09:01:50.548+0000] {processor.py:830} INFO - Processing file /home/airflow/.local/lib/python3.12/site-packages/airflow/example_dags/example_branch_operator.py for tasks to queue
[2025-01-30T09:01:50.550+0000] {logging_mixin.py:188} INFO - [2025-01-30T09:01:50.550+0000] {dagbag.py:545} INFO - Filling up the DagBag from /home/airflow/.local/lib/python3.12/site-packages/airflow/example_dags/example_branch_operator.py
[2025-01-30T09:01:50.583+0000] {processor.py:840} INFO - DAG(s) 'example_branch_operator' retrieved from /home/airflow/.local/lib/python3.12/site-packages/airflow/example_dags/example_branch_operator.py
[2025-01-30T09:01:50.771+0000] {logging_mixin.py:188} INFO - [2025-01-30T09:01:50.771+0000] {dag.py:3096} INFO - Sync 1 DAGs
[2025-01-30T09:01:50.813+0000] {logging_mixin.py:188} INFO - [2025-01-30T09:01:50.813+0000] {dag.py:3954} INFO - Setting next_dagrun for example_branch_operator to 2025-01-29 00:00:00+00:00, run_after=2025-01-30 00:00:00+00:00
[2025-01-30T09:01:50.864+0000] {processor.py:183} INFO - Processing /home/airflow/.local/lib/python3.12/site-packages/airflow/example_dags/example_branch_operator.py took 0.325 seconds
[2025-01-30T09:02:21.558+0000] {processor.py:161} INFO - Started process (PID=154) to work on /home/airflow/.local/lib/python3.12/site-packages/airflow/example_dags/example_branch_operator.py
[2025-01-30T09:02:21.559+0000] {processor.py:830} INFO - Processing file /home/airflow/.local/lib/python3.12/site-packages/airflow/example_dags/example_branch_operator.py for tasks to queue
[2025-01-30T09:02:21.562+0000] {logging_mixin.py:188} INFO - [2025-01-30T09:02:21.561+0000] {dagbag.py:545} INFO - Filling up the DagBag from /home/airflow/.local/lib/python3.12/site-packages/airflow/example_dags/example_branch_operator.py
[2025-01-30T09:02:21.586+0000] {processor.py:840} INFO - DAG(s) 'example_branch_operator' retrieved from /home/airflow/.local/lib/python3.12/site-packages/airflow/example_dags/example_branch_operator.py
[2025-01-30T09:02:21.624+0000] {logging_mixin.py:188} INFO - [2025-01-30T09:02:21.623+0000] {dag.py:3096} INFO - Sync 1 DAGs
[2025-01-30T09:02:21.663+0000] {logging_mixin.py:188} INFO - [2025-01-30T09:02:21.662+0000] {dag.py:3954} INFO - Setting next_dagrun for example_branch_operator to 2025-01-29 00:00:00+00:00, run_after=2025-01-30 00:00:00+00:00
[2025-01-30T09:02:21.698+0000] {processor.py:183} INFO - Processing /home/airflow/.local/lib/python3.12/site-packages/airflow/example_dags/example_branch_operator.py took 0.147 seconds
[2025-01-30T09:02:51.832+0000] {processor.py:161} INFO - Started process (PID=212) to work on /home/airflow/.local/lib/python3.12/site-packages/airflow/example_dags/example_branch_operator.py
[2025-01-30T09:02:51.835+0000] {processor.py:830} INFO - Processing file /home/airflow/.local/lib/python3.12/site-packages/airflow/example_dags/example_branch_operator.py for tasks to queue
[2025-01-30T09:02:51.837+0000] {logging_mixin.py:188} INFO - [2025-01-30T09:02:51.836+0000] {dagbag.py:545} INFO - Filling up the DagBag from /home/airflow/.local/lib/python3.12/site-packages/airflow/example_dags/example_branch_operator.py
[2025-01-30T09:02:51.852+0000] {processor.py:840} INFO - DAG(s) 'example_branch_operator' retrieved from /home/airflow/.local/lib/python3.12/site-packages/airflow/example_dags/example_branch_operator.py
[2025-01-30T09:02:51.885+0000] {logging_mixin.py:188} INFO - [2025-01-30T09:02:51.883+0000] {dag.py:3096} INFO - Sync 1 DAGs
[2025-01-30T09:02:51.916+0000] {logging_mixin.py:188} INFO - [2025-01-30T09:02:51.916+0000] {dag.py:3954} INFO - Setting next_dagrun for example_branch_operator to 2025-01-29 00:00:00+00:00, run_after=2025-01-30 00:00:00+00:00
[2025-01-30T09:02:51.943+0000] {processor.py:183} INFO - Processing /home/airflow/.local/lib/python3.12/site-packages/airflow/example_dags/example_branch_operator.py took 0.116 seconds
[2025-01-30T09:03:22.151+0000] {processor.py:161} INFO - Started process (PID=270) to work on /home/airflow/.local/lib/python3.12/site-packages/airflow/example_dags/example_branch_operator.py
[2025-01-30T09:03:22.153+0000] {processor.py:830} INFO - Processing file /home/airflow/.local/lib/python3.12/site-packages/airflow/example_dags/example_branch_operator.py for tasks to queue
[2025-01-30T09:03:22.155+0000] {logging_mixin.py:188} INFO - [2025-01-30T09:03:22.155+0000] {dagbag.py:545} INFO - Filling up the DagBag from /home/airflow/.local/lib/python3.12/site-packages/airflow/example_dags/example_branch_operator.py
[2025-01-30T09:03:22.178+0000] {processor.py:840} INFO - DAG(s) 'example_branch_operator' retrieved from /home/airflow/.local/lib/python3.12/site-packages/airflow/example_dags/example_branch_operator.py
[2025-01-30T09:03:22.215+0000] {logging_mixin.py:188} INFO - [2025-01-30T09:03:22.215+0000] {dag.py:3096} INFO - Sync 1 DAGs
[2025-01-30T09:03:22.244+0000] {logging_mixin.py:188} INFO - [2025-01-30T09:03:22.244+0000] {dag.py:3954} INFO - Setting next_dagrun for example_branch_operator to 2025-01-29 00:00:00+00:00, run_after=2025-01-30 00:00:00+00:00
[2025-01-30T09:03:22.278+0000] {processor.py:183} INFO - Processing /home/airflow/.local/lib/python3.12/site-packages/airflow/example_dags/example_branch_operator.py took 0.133 seconds
[2025-01-30T09:05:21.047+0000] {processor.py:161} INFO - Started process (PID=94) to work on /home/airflow/.local/lib/python3.12/site-packages/airflow/example_dags/example_branch_operator.py
[2025-01-30T09:05:21.048+0000] {processor.py:830} INFO - Processing file /home/airflow/.local/lib/python3.12/site-packages/airflow/example_dags/example_branch_operator.py for tasks to queue
[2025-01-30T09:05:21.050+0000] {logging_mixin.py:188} INFO - [2025-01-30T09:05:21.050+0000] {dagbag.py:545} INFO - Filling up the DagBag from /home/airflow/.local/lib/python3.12/site-packages/airflow/example_dags/example_branch_operator.py
[2025-01-30T09:05:21.067+0000] {processor.py:840} INFO - DAG(s) 'example_branch_operator' retrieved from /home/airflow/.local/lib/python3.12/site-packages/airflow/example_dags/example_branch_operator.py
[2025-01-30T09:05:21.183+0000] {logging_mixin.py:188} INFO - [2025-01-30T09:05:21.183+0000] {dag.py:3096} INFO - Sync 1 DAGs
[2025-01-30T09:05:21.209+0000] {logging_mixin.py:188} INFO - [2025-01-30T09:05:21.209+0000] {dag.py:3954} INFO - Setting next_dagrun for example_branch_operator to 2025-01-29 00:00:00+00:00, run_after=2025-01-30 00:00:00+00:00
[2025-01-30T09:05:21.235+0000] {processor.py:183} INFO - Processing /home/airflow/.local/lib/python3.12/site-packages/airflow/example_dags/example_branch_operator.py took 0.193 seconds
[2025-01-30T09:05:51.300+0000] {processor.py:161} INFO - Started process (PID=151) to work on /home/airflow/.local/lib/python3.12/site-packages/airflow/example_dags/example_branch_operator.py
[2025-01-30T09:05:51.301+0000] {processor.py:830} INFO - Processing file /home/airflow/.local/lib/python3.12/site-packages/airflow/example_dags/example_branch_operator.py for tasks to queue
[2025-01-30T09:05:51.303+0000] {logging_mixin.py:188} INFO - [2025-01-30T09:05:51.303+0000] {dagbag.py:545} INFO - Filling up the DagBag from /home/airflow/.local/lib/python3.12/site-packages/airflow/example_dags/example_branch_operator.py
[2025-01-30T09:05:51.319+0000] {processor.py:840} INFO - DAG(s) 'example_branch_operator' retrieved from /home/airflow/.local/lib/python3.12/site-packages/airflow/example_dags/example_branch_operator.py
[2025-01-30T09:05:51.349+0000] {logging_mixin.py:188} INFO - [2025-01-30T09:05:51.348+0000] {dag.py:3096} INFO - Sync 1 DAGs
[2025-01-30T09:05:51.374+0000] {logging_mixin.py:188} INFO - [2025-01-30T09:05:51.373+0000] {dag.py:3954} INFO - Setting next_dagrun for example_branch_operator to 2025-01-29 00:00:00+00:00, run_after=2025-01-30 00:00:00+00:00
[2025-01-30T09:05:51.396+0000] {processor.py:183} INFO - Processing /home/airflow/.local/lib/python3.12/site-packages/airflow/example_dags/example_branch_operator.py took 0.101 seconds
[2025-01-30T09:10:51.543+0000] {processor.py:161} INFO - Started process (PID=97) to work on /home/airflow/.local/lib/python3.12/site-packages/airflow/example_dags/example_branch_operator.py
[2025-01-30T09:10:51.544+0000] {processor.py:830} INFO - Processing file /home/airflow/.local/lib/python3.12/site-packages/airflow/example_dags/example_branch_operator.py for tasks to queue
[2025-01-30T09:10:51.546+0000] {logging_mixin.py:188} INFO - [2025-01-30T09:10:51.546+0000] {dagbag.py:545} INFO - Filling up the DagBag from /home/airflow/.local/lib/python3.12/site-packages/airflow/example_dags/example_branch_operator.py
[2025-01-30T09:10:51.566+0000] {processor.py:840} INFO - DAG(s) 'example_branch_operator' retrieved from /home/airflow/.local/lib/python3.12/site-packages/airflow/example_dags/example_branch_operator.py
[2025-01-30T09:10:51.692+0000] {logging_mixin.py:188} INFO - [2025-01-30T09:10:51.692+0000] {dag.py:3096} INFO - Sync 1 DAGs
[2025-01-30T09:10:51.715+0000] {logging_mixin.py:188} INFO - [2025-01-30T09:10:51.714+0000] {dag.py:3954} INFO - Setting next_dagrun for example_branch_operator to 2025-01-29 00:00:00+00:00, run_after=2025-01-30 00:00:00+00:00
[2025-01-30T09:10:51.739+0000] {processor.py:183} INFO - Processing /home/airflow/.local/lib/python3.12/site-packages/airflow/example_dags/example_branch_operator.py took 0.202 seconds
[2025-01-30T09:11:21.781+0000] {processor.py:161} INFO - Started process (PID=155) to work on /home/airflow/.local/lib/python3.12/site-packages/airflow/example_dags/example_branch_operator.py
[2025-01-30T09:11:21.782+0000] {processor.py:830} INFO - Processing file /home/airflow/.local/lib/python3.12/site-packages/airflow/example_dags/example_branch_operator.py for tasks to queue
[2025-01-30T09:11:21.784+0000] {logging_mixin.py:188} INFO - [2025-01-30T09:11:21.784+0000] {dagbag.py:545} INFO - Filling up the DagBag from /home/airflow/.local/lib/python3.12/site-packages/airflow/example_dags/example_branch_operator.py
[2025-01-30T09:11:21.798+0000] {processor.py:840} INFO - DAG(s) 'example_branch_operator' retrieved from /home/airflow/.local/lib/python3.12/site-packages/airflow/example_dags/example_branch_operator.py
[2025-01-30T09:11:21.830+0000] {logging_mixin.py:188} INFO - [2025-01-30T09:11:21.830+0000] {dag.py:3096} INFO - Sync 1 DAGs
[2025-01-30T09:11:21.855+0000] {logging_mixin.py:188} INFO - [2025-01-30T09:11:21.855+0000] {dag.py:3954} INFO - Setting next_dagrun for example_branch_operator to 2025-01-29 00:00:00+00:00, run_after=2025-01-30 00:00:00+00:00
[2025-01-30T09:11:21.877+0000] {processor.py:183} INFO - Processing /home/airflow/.local/lib/python3.12/site-packages/airflow/example_dags/example_branch_operator.py took 0.100 seconds
[2025-01-30T09:11:52.061+0000] {processor.py:161} INFO - Started process (PID=213) to work on /home/airflow/.local/lib/python3.12/site-packages/airflow/example_dags/example_branch_operator.py
[2025-01-30T09:11:52.062+0000] {processor.py:830} INFO - Processing file /home/airflow/.local/lib/python3.12/site-packages/airflow/example_dags/example_branch_operator.py for tasks to queue
[2025-01-30T09:11:52.064+0000] {logging_mixin.py:188} INFO - [2025-01-30T09:11:52.064+0000] {dagbag.py:545} INFO - Filling up the DagBag from /home/airflow/.local/lib/python3.12/site-packages/airflow/example_dags/example_branch_operator.py
[2025-01-30T09:11:52.081+0000] {processor.py:840} INFO - DAG(s) 'example_branch_operator' retrieved from /home/airflow/.local/lib/python3.12/site-packages/airflow/example_dags/example_branch_operator.py
[2025-01-30T09:11:52.110+0000] {logging_mixin.py:188} INFO - [2025-01-30T09:11:52.110+0000] {dag.py:3096} INFO - Sync 1 DAGs
[2025-01-30T09:11:52.132+0000] {logging_mixin.py:188} INFO - [2025-01-30T09:11:52.132+0000] {dag.py:3954} INFO - Setting next_dagrun for example_branch_operator to 2025-01-29 00:00:00+00:00, run_after=2025-01-30 00:00:00+00:00
[2025-01-30T09:11:52.156+0000] {processor.py:183} INFO - Processing /home/airflow/.local/lib/python3.12/site-packages/airflow/example_dags/example_branch_operator.py took 0.101 seconds
[2025-01-30T09:12:22.528+0000] {processor.py:161} INFO - Started process (PID=271) to work on /home/airflow/.local/lib/python3.12/site-packages/airflow/example_dags/example_branch_operator.py
[2025-01-30T09:12:22.530+0000] {processor.py:830} INFO - Processing file /home/airflow/.local/lib/python3.12/site-packages/airflow/example_dags/example_branch_operator.py for tasks to queue
[2025-01-30T09:12:22.532+0000] {logging_mixin.py:188} INFO - [2025-01-30T09:12:22.531+0000] {dagbag.py:545} INFO - Filling up the DagBag from /home/airflow/.local/lib/python3.12/site-packages/airflow/example_dags/example_branch_operator.py
[2025-01-30T09:12:22.548+0000] {processor.py:840} INFO - DAG(s) 'example_branch_operator' retrieved from /home/airflow/.local/lib/python3.12/site-packages/airflow/example_dags/example_branch_operator.py
[2025-01-30T09:12:22.580+0000] {logging_mixin.py:188} INFO - [2025-01-30T09:12:22.579+0000] {dag.py:3096} INFO - Sync 1 DAGs
[2025-01-30T09:12:22.604+0000] {logging_mixin.py:188} INFO - [2025-01-30T09:12:22.603+0000] {dag.py:3954} INFO - Setting next_dagrun for example_branch_operator to 2025-01-29 00:00:00+00:00, run_after=2025-01-30 00:00:00+00:00
[2025-01-30T09:12:22.628+0000] {processor.py:183} INFO - Processing /home/airflow/.local/lib/python3.12/site-packages/airflow/example_dags/example_branch_operator.py took 0.105 seconds
[2025-01-30T09:12:53.040+0000] {processor.py:161} INFO - Started process (PID=329) to work on /home/airflow/.local/lib/python3.12/site-packages/airflow/example_dags/example_branch_operator.py
[2025-01-30T09:12:53.041+0000] {processor.py:830} INFO - Processing file /home/airflow/.local/lib/python3.12/site-packages/airflow/example_dags/example_branch_operator.py for tasks to queue
[2025-01-30T09:12:53.042+0000] {logging_mixin.py:188} INFO - [2025-01-30T09:12:53.042+0000] {dagbag.py:545} INFO - Filling up the DagBag from /home/airflow/.local/lib/python3.12/site-packages/airflow/example_dags/example_branch_operator.py
[2025-01-30T09:12:53.057+0000] {processor.py:840} INFO - DAG(s) 'example_branch_operator' retrieved from /home/airflow/.local/lib/python3.12/site-packages/airflow/example_dags/example_branch_operator.py
[2025-01-30T09:12:53.091+0000] {logging_mixin.py:188} INFO - [2025-01-30T09:12:53.089+0000] {dag.py:3096} INFO - Sync 1 DAGs
[2025-01-30T09:12:53.123+0000] {logging_mixin.py:188} INFO - [2025-01-30T09:12:53.123+0000] {dag.py:3954} INFO - Setting next_dagrun for example_branch_operator to 2025-01-29 00:00:00+00:00, run_after=2025-01-30 00:00:00+00:00
[2025-01-30T09:12:53.172+0000] {processor.py:183} INFO - Processing /home/airflow/.local/lib/python3.12/site-packages/airflow/example_dags/example_branch_operator.py took 0.136 seconds
[2025-01-30T09:13:23.235+0000] {processor.py:161} INFO - Started process (PID=387) to work on /home/airflow/.local/lib/python3.12/site-packages/airflow/example_dags/example_branch_operator.py
[2025-01-30T09:13:23.237+0000] {processor.py:830} INFO - Processing file /home/airflow/.local/lib/python3.12/site-packages/airflow/example_dags/example_branch_operator.py for tasks to queue
[2025-01-30T09:13:23.238+0000] {logging_mixin.py:188} INFO - [2025-01-30T09:13:23.238+0000] {dagbag.py:545} INFO - Filling up the DagBag from /home/airflow/.local/lib/python3.12/site-packages/airflow/example_dags/example_branch_operator.py
[2025-01-30T09:13:23.252+0000] {processor.py:840} INFO - DAG(s) 'example_branch_operator' retrieved from /home/airflow/.local/lib/python3.12/site-packages/airflow/example_dags/example_branch_operator.py
[2025-01-30T09:13:23.283+0000] {logging_mixin.py:188} INFO - [2025-01-30T09:13:23.282+0000] {dag.py:3096} INFO - Sync 1 DAGs
[2025-01-30T09:13:23.308+0000] {logging_mixin.py:188} INFO - [2025-01-30T09:13:23.308+0000] {dag.py:3954} INFO - Setting next_dagrun for example_branch_operator to 2025-01-29 00:00:00+00:00, run_after=2025-01-30 00:00:00+00:00
[2025-01-30T09:13:23.332+0000] {processor.py:183} INFO - Processing /home/airflow/.local/lib/python3.12/site-packages/airflow/example_dags/example_branch_operator.py took 0.101 seconds
[2025-01-30T09:13:53.466+0000] {processor.py:161} INFO - Started process (PID=445) to work on /home/airflow/.local/lib/python3.12/site-packages/airflow/example_dags/example_branch_operator.py
[2025-01-30T09:13:53.468+0000] {processor.py:830} INFO - Processing file /home/airflow/.local/lib/python3.12/site-packages/airflow/example_dags/example_branch_operator.py for tasks to queue
[2025-01-30T09:13:53.469+0000] {logging_mixin.py:188} INFO - [2025-01-30T09:13:53.469+0000] {dagbag.py:545} INFO - Filling up the DagBag from /home/airflow/.local/lib/python3.12/site-packages/airflow/example_dags/example_branch_operator.py
[2025-01-30T09:13:53.484+0000] {processor.py:840} INFO - DAG(s) 'example_branch_operator' retrieved from /home/airflow/.local/lib/python3.12/site-packages/airflow/example_dags/example_branch_operator.py
[2025-01-30T09:13:53.512+0000] {logging_mixin.py:188} INFO - [2025-01-30T09:13:53.512+0000] {dag.py:3096} INFO - Sync 1 DAGs
[2025-01-30T09:13:53.535+0000] {logging_mixin.py:188} INFO - [2025-01-30T09:13:53.535+0000] {dag.py:3954} INFO - Setting next_dagrun for example_branch_operator to 2025-01-29 00:00:00+00:00, run_after=2025-01-30 00:00:00+00:00
[2025-01-30T09:13:53.557+0000] {processor.py:183} INFO - Processing /home/airflow/.local/lib/python3.12/site-packages/airflow/example_dags/example_branch_operator.py took 0.095 seconds
[2025-01-30T09:14:23.743+0000] {processor.py:161} INFO - Started process (PID=503) to work on /home/airflow/.local/lib/python3.12/site-packages/airflow/example_dags/example_branch_operator.py
[2025-01-30T09:14:23.744+0000] {processor.py:830} INFO - Processing file /home/airflow/.local/lib/python3.12/site-packages/airflow/example_dags/example_branch_operator.py for tasks to queue
[2025-01-30T09:14:23.746+0000] {logging_mixin.py:188} INFO - [2025-01-30T09:14:23.746+0000] {dagbag.py:545} INFO - Filling up the DagBag from /home/airflow/.local/lib/python3.12/site-packages/airflow/example_dags/example_branch_operator.py
[2025-01-30T09:14:23.761+0000] {processor.py:840} INFO - DAG(s) 'example_branch_operator' retrieved from /home/airflow/.local/lib/python3.12/site-packages/airflow/example_dags/example_branch_operator.py
[2025-01-30T09:14:23.788+0000] {logging_mixin.py:188} INFO - [2025-01-30T09:14:23.788+0000] {dag.py:3096} INFO - Sync 1 DAGs
[2025-01-30T09:14:23.811+0000] {logging_mixin.py:188} INFO - [2025-01-30T09:14:23.810+0000] {dag.py:3954} INFO - Setting next_dagrun for example_branch_operator to 2025-01-29 00:00:00+00:00, run_after=2025-01-30 00:00:00+00:00
[2025-01-30T09:14:23.833+0000] {processor.py:183} INFO - Processing /home/airflow/.local/lib/python3.12/site-packages/airflow/example_dags/example_branch_operator.py took 0.095 seconds
[2025-01-30T09:14:54.609+0000] {processor.py:161} INFO - Started process (PID=561) to work on /home/airflow/.local/lib/python3.12/site-packages/airflow/example_dags/example_branch_operator.py
[2025-01-30T09:14:54.610+0000] {processor.py:830} INFO - Processing file /home/airflow/.local/lib/python3.12/site-packages/airflow/example_dags/example_branch_operator.py for tasks to queue
[2025-01-30T09:14:54.611+0000] {logging_mixin.py:188} INFO - [2025-01-30T09:14:54.611+0000] {dagbag.py:545} INFO - Filling up the DagBag from /home/airflow/.local/lib/python3.12/site-packages/airflow/example_dags/example_branch_operator.py
[2025-01-30T09:14:54.626+0000] {processor.py:840} INFO - DAG(s) 'example_branch_operator' retrieved from /home/airflow/.local/lib/python3.12/site-packages/airflow/example_dags/example_branch_operator.py
[2025-01-30T09:14:54.656+0000] {logging_mixin.py:188} INFO - [2025-01-30T09:14:54.656+0000] {dag.py:3096} INFO - Sync 1 DAGs
[2025-01-30T09:14:54.682+0000] {logging_mixin.py:188} INFO - [2025-01-30T09:14:54.682+0000] {dag.py:3954} INFO - Setting next_dagrun for example_branch_operator to 2025-01-29 00:00:00+00:00, run_after=2025-01-30 00:00:00+00:00
[2025-01-30T09:14:54.714+0000] {processor.py:183} INFO - Processing /home/airflow/.local/lib/python3.12/site-packages/airflow/example_dags/example_branch_operator.py took 0.110 seconds
[2025-01-30T09:15:24.777+0000] {processor.py:161} INFO - Started process (PID=618) to work on /home/airflow/.local/lib/python3.12/site-packages/airflow/example_dags/example_branch_operator.py
[2025-01-30T09:15:24.779+0000] {processor.py:830} INFO - Processing file /home/airflow/.local/lib/python3.12/site-packages/airflow/example_dags/example_branch_operator.py for tasks to queue
[2025-01-30T09:15:24.781+0000] {logging_mixin.py:188} INFO - [2025-01-30T09:15:24.780+0000] {dagbag.py:545} INFO - Filling up the DagBag from /home/airflow/.local/lib/python3.12/site-packages/airflow/example_dags/example_branch_operator.py
[2025-01-30T09:15:24.795+0000] {processor.py:840} INFO - DAG(s) 'example_branch_operator' retrieved from /home/airflow/.local/lib/python3.12/site-packages/airflow/example_dags/example_branch_operator.py
[2025-01-30T09:15:24.827+0000] {logging_mixin.py:188} INFO - [2025-01-30T09:15:24.826+0000] {dag.py:3096} INFO - Sync 1 DAGs
[2025-01-30T09:15:24.850+0000] {logging_mixin.py:188} INFO - [2025-01-30T09:15:24.849+0000] {dag.py:3954} INFO - Setting next_dagrun for example_branch_operator to 2025-01-29 00:00:00+00:00, run_after=2025-01-30 00:00:00+00:00
[2025-01-30T09:15:24.874+0000] {processor.py:183} INFO - Processing /home/airflow/.local/lib/python3.12/site-packages/airflow/example_dags/example_branch_operator.py took 0.103 seconds
[2025-01-30T09:15:55.445+0000] {processor.py:161} INFO - Started process (PID=676) to work on /home/airflow/.local/lib/python3.12/site-packages/airflow/example_dags/example_branch_operator.py
[2025-01-30T09:15:55.446+0000] {processor.py:830} INFO - Processing file /home/airflow/.local/lib/python3.12/site-packages/airflow/example_dags/example_branch_operator.py for tasks to queue
[2025-01-30T09:15:55.449+0000] {logging_mixin.py:188} INFO - [2025-01-30T09:15:55.448+0000] {dagbag.py:545} INFO - Filling up the DagBag from /home/airflow/.local/lib/python3.12/site-packages/airflow/example_dags/example_branch_operator.py
[2025-01-30T09:15:55.464+0000] {processor.py:840} INFO - DAG(s) 'example_branch_operator' retrieved from /home/airflow/.local/lib/python3.12/site-packages/airflow/example_dags/example_branch_operator.py
[2025-01-30T09:15:55.494+0000] {logging_mixin.py:188} INFO - [2025-01-30T09:15:55.493+0000] {dag.py:3096} INFO - Sync 1 DAGs
[2025-01-30T09:15:55.518+0000] {logging_mixin.py:188} INFO - [2025-01-30T09:15:55.518+0000] {dag.py:3954} INFO - Setting next_dagrun for example_branch_operator to 2025-01-29 00:00:00+00:00, run_after=2025-01-30 00:00:00+00:00
[2025-01-30T09:15:55.540+0000] {processor.py:183} INFO - Processing /home/airflow/.local/lib/python3.12/site-packages/airflow/example_dags/example_branch_operator.py took 0.100 seconds
[2025-01-30T09:16:26.149+0000] {processor.py:161} INFO - Started process (PID=734) to work on /home/airflow/.local/lib/python3.12/site-packages/airflow/example_dags/example_branch_operator.py
[2025-01-30T09:16:26.150+0000] {processor.py:830} INFO - Processing file /home/airflow/.local/lib/python3.12/site-packages/airflow/example_dags/example_branch_operator.py for tasks to queue
[2025-01-30T09:16:26.152+0000] {logging_mixin.py:188} INFO - [2025-01-30T09:16:26.152+0000] {dagbag.py:545} INFO - Filling up the DagBag from /home/airflow/.local/lib/python3.12/site-packages/airflow/example_dags/example_branch_operator.py
[2025-01-30T09:16:26.173+0000] {processor.py:840} INFO - DAG(s) 'example_branch_operator' retrieved from /home/airflow/.local/lib/python3.12/site-packages/airflow/example_dags/example_branch_operator.py
[2025-01-30T09:16:26.205+0000] {logging_mixin.py:188} INFO - [2025-01-30T09:16:26.205+0000] {dag.py:3096} INFO - Sync 1 DAGs
[2025-01-30T09:16:26.232+0000] {logging_mixin.py:188} INFO - [2025-01-30T09:16:26.232+0000] {dag.py:3954} INFO - Setting next_dagrun for example_branch_operator to 2025-01-29 00:00:00+00:00, run_after=2025-01-30 00:00:00+00:00
[2025-01-30T09:16:26.257+0000] {processor.py:183} INFO - Processing /home/airflow/.local/lib/python3.12/site-packages/airflow/example_dags/example_branch_operator.py took 0.115 seconds
[2025-01-30T09:16:56.441+0000] {processor.py:161} INFO - Started process (PID=792) to work on /home/airflow/.local/lib/python3.12/site-packages/airflow/example_dags/example_branch_operator.py
[2025-01-30T09:16:56.442+0000] {processor.py:830} INFO - Processing file /home/airflow/.local/lib/python3.12/site-packages/airflow/example_dags/example_branch_operator.py for tasks to queue
[2025-01-30T09:16:56.444+0000] {logging_mixin.py:188} INFO - [2025-01-30T09:16:56.443+0000] {dagbag.py:545} INFO - Filling up the DagBag from /home/airflow/.local/lib/python3.12/site-packages/airflow/example_dags/example_branch_operator.py
[2025-01-30T09:16:56.461+0000] {processor.py:840} INFO - DAG(s) 'example_branch_operator' retrieved from /home/airflow/.local/lib/python3.12/site-packages/airflow/example_dags/example_branch_operator.py
[2025-01-30T09:16:56.490+0000] {logging_mixin.py:188} INFO - [2025-01-30T09:16:56.490+0000] {dag.py:3096} INFO - Sync 1 DAGs
[2025-01-30T09:16:56.516+0000] {logging_mixin.py:188} INFO - [2025-01-30T09:16:56.516+0000] {dag.py:3954} INFO - Setting next_dagrun for example_branch_operator to 2025-01-29 00:00:00+00:00, run_after=2025-01-30 00:00:00+00:00
[2025-01-30T09:16:56.542+0000] {processor.py:183} INFO - Processing /home/airflow/.local/lib/python3.12/site-packages/airflow/example_dags/example_branch_operator.py took 0.106 seconds
[2025-01-30T09:17:26.908+0000] {processor.py:161} INFO - Started process (PID=850) to work on /home/airflow/.local/lib/python3.12/site-packages/airflow/example_dags/example_branch_operator.py
[2025-01-30T09:17:26.909+0000] {processor.py:830} INFO - Processing file /home/airflow/.local/lib/python3.12/site-packages/airflow/example_dags/example_branch_operator.py for tasks to queue
[2025-01-30T09:17:26.911+0000] {logging_mixin.py:188} INFO - [2025-01-30T09:17:26.910+0000] {dagbag.py:545} INFO - Filling up the DagBag from /home/airflow/.local/lib/python3.12/site-packages/airflow/example_dags/example_branch_operator.py
[2025-01-30T09:17:26.927+0000] {processor.py:840} INFO - DAG(s) 'example_branch_operator' retrieved from /home/airflow/.local/lib/python3.12/site-packages/airflow/example_dags/example_branch_operator.py
[2025-01-30T09:17:26.955+0000] {logging_mixin.py:188} INFO - [2025-01-30T09:17:26.954+0000] {dag.py:3096} INFO - Sync 1 DAGs
[2025-01-30T09:17:26.979+0000] {logging_mixin.py:188} INFO - [2025-01-30T09:17:26.978+0000] {dag.py:3954} INFO - Setting next_dagrun for example_branch_operator to 2025-01-29 00:00:00+00:00, run_after=2025-01-30 00:00:00+00:00
[2025-01-30T09:17:27.002+0000] {processor.py:183} INFO - Processing /home/airflow/.local/lib/python3.12/site-packages/airflow/example_dags/example_branch_operator.py took 0.100 seconds
[2025-01-30T09:17:58.028+0000] {processor.py:161} INFO - Started process (PID=909) to work on /home/airflow/.local/lib/python3.12/site-packages/airflow/example_dags/example_branch_operator.py
[2025-01-30T09:17:58.029+0000] {processor.py:830} INFO - Processing file /home/airflow/.local/lib/python3.12/site-packages/airflow/example_dags/example_branch_operator.py for tasks to queue
[2025-01-30T09:17:58.032+0000] {logging_mixin.py:188} INFO - [2025-01-30T09:17:58.031+0000] {dagbag.py:545} INFO - Filling up the DagBag from /home/airflow/.local/lib/python3.12/site-packages/airflow/example_dags/example_branch_operator.py
[2025-01-30T09:17:58.053+0000] {processor.py:840} INFO - DAG(s) 'example_branch_operator' retrieved from /home/airflow/.local/lib/python3.12/site-packages/airflow/example_dags/example_branch_operator.py
[2025-01-30T09:17:58.092+0000] {logging_mixin.py:188} INFO - [2025-01-30T09:17:58.091+0000] {dag.py:3096} INFO - Sync 1 DAGs
[2025-01-30T09:17:58.119+0000] {logging_mixin.py:188} INFO - [2025-01-30T09:17:58.119+0000] {dag.py:3954} INFO - Setting next_dagrun for example_branch_operator to 2025-01-29 00:00:00+00:00, run_after=2025-01-30 00:00:00+00:00
[2025-01-30T09:17:58.144+0000] {processor.py:183} INFO - Processing /home/airflow/.local/lib/python3.12/site-packages/airflow/example_dags/example_branch_operator.py took 0.122 seconds
[2025-01-30T09:18:28.432+0000] {processor.py:161} INFO - Started process (PID=968) to work on /home/airflow/.local/lib/python3.12/site-packages/airflow/example_dags/example_branch_operator.py
[2025-01-30T09:18:28.433+0000] {processor.py:830} INFO - Processing file /home/airflow/.local/lib/python3.12/site-packages/airflow/example_dags/example_branch_operator.py for tasks to queue
[2025-01-30T09:18:28.435+0000] {logging_mixin.py:188} INFO - [2025-01-30T09:18:28.435+0000] {dagbag.py:545} INFO - Filling up the DagBag from /home/airflow/.local/lib/python3.12/site-packages/airflow/example_dags/example_branch_operator.py
[2025-01-30T09:18:28.452+0000] {processor.py:840} INFO - DAG(s) 'example_branch_operator' retrieved from /home/airflow/.local/lib/python3.12/site-packages/airflow/example_dags/example_branch_operator.py
[2025-01-30T09:18:28.483+0000] {logging_mixin.py:188} INFO - [2025-01-30T09:18:28.482+0000] {dag.py:3096} INFO - Sync 1 DAGs
[2025-01-30T09:18:28.508+0000] {logging_mixin.py:188} INFO - [2025-01-30T09:18:28.507+0000] {dag.py:3954} INFO - Setting next_dagrun for example_branch_operator to 2025-01-29 00:00:00+00:00, run_after=2025-01-30 00:00:00+00:00
[2025-01-30T09:18:28.531+0000] {processor.py:183} INFO - Processing /home/airflow/.local/lib/python3.12/site-packages/airflow/example_dags/example_branch_operator.py took 0.104 seconds
[2025-01-30T09:20:17.115+0000] {processor.py:161} INFO - Started process (PID=94) to work on /home/airflow/.local/lib/python3.12/site-packages/airflow/example_dags/example_branch_operator.py
[2025-01-30T09:20:17.116+0000] {processor.py:830} INFO - Processing file /home/airflow/.local/lib/python3.12/site-packages/airflow/example_dags/example_branch_operator.py for tasks to queue
[2025-01-30T09:20:17.119+0000] {logging_mixin.py:188} INFO - [2025-01-30T09:20:17.119+0000] {dagbag.py:545} INFO - Filling up the DagBag from /home/airflow/.local/lib/python3.12/site-packages/airflow/example_dags/example_branch_operator.py
[2025-01-30T09:20:17.139+0000] {processor.py:840} INFO - DAG(s) 'example_branch_operator' retrieved from /home/airflow/.local/lib/python3.12/site-packages/airflow/example_dags/example_branch_operator.py
[2025-01-30T09:20:17.273+0000] {logging_mixin.py:188} INFO - [2025-01-30T09:20:17.272+0000] {dag.py:3096} INFO - Sync 1 DAGs
[2025-01-30T09:20:17.293+0000] {logging_mixin.py:188} INFO - [2025-01-30T09:20:17.293+0000] {dag.py:3954} INFO - Setting next_dagrun for example_branch_operator to 2025-01-29 00:00:00+00:00, run_after=2025-01-30 00:00:00+00:00
[2025-01-30T09:20:17.322+0000] {processor.py:183} INFO - Processing /home/airflow/.local/lib/python3.12/site-packages/airflow/example_dags/example_branch_operator.py took 0.212 seconds
[2025-01-30T09:20:47.615+0000] {processor.py:161} INFO - Started process (PID=152) to work on /home/airflow/.local/lib/python3.12/site-packages/airflow/example_dags/example_branch_operator.py
[2025-01-30T09:20:47.617+0000] {processor.py:830} INFO - Processing file /home/airflow/.local/lib/python3.12/site-packages/airflow/example_dags/example_branch_operator.py for tasks to queue
[2025-01-30T09:20:47.620+0000] {logging_mixin.py:188} INFO - [2025-01-30T09:20:47.619+0000] {dagbag.py:545} INFO - Filling up the DagBag from /home/airflow/.local/lib/python3.12/site-packages/airflow/example_dags/example_branch_operator.py
[2025-01-30T09:20:47.648+0000] {processor.py:840} INFO - DAG(s) 'example_branch_operator' retrieved from /home/airflow/.local/lib/python3.12/site-packages/airflow/example_dags/example_branch_operator.py
[2025-01-30T09:20:47.686+0000] {logging_mixin.py:188} INFO - [2025-01-30T09:20:47.685+0000] {dag.py:3096} INFO - Sync 1 DAGs
[2025-01-30T09:20:47.712+0000] {logging_mixin.py:188} INFO - [2025-01-30T09:20:47.711+0000] {dag.py:3954} INFO - Setting next_dagrun for example_branch_operator to 2025-01-29 00:00:00+00:00, run_after=2025-01-30 00:00:00+00:00
[2025-01-30T09:20:47.743+0000] {processor.py:183} INFO - Processing /home/airflow/.local/lib/python3.12/site-packages/airflow/example_dags/example_branch_operator.py took 0.133 seconds
[2025-01-30T09:21:17.901+0000] {processor.py:161} INFO - Started process (PID=210) to work on /home/airflow/.local/lib/python3.12/site-packages/airflow/example_dags/example_branch_operator.py
[2025-01-30T09:21:17.902+0000] {processor.py:830} INFO - Processing file /home/airflow/.local/lib/python3.12/site-packages/airflow/example_dags/example_branch_operator.py for tasks to queue
[2025-01-30T09:21:17.905+0000] {logging_mixin.py:188} INFO - [2025-01-30T09:21:17.904+0000] {dagbag.py:545} INFO - Filling up the DagBag from /home/airflow/.local/lib/python3.12/site-packages/airflow/example_dags/example_branch_operator.py
[2025-01-30T09:21:17.925+0000] {processor.py:840} INFO - DAG(s) 'example_branch_operator' retrieved from /home/airflow/.local/lib/python3.12/site-packages/airflow/example_dags/example_branch_operator.py
[2025-01-30T09:21:17.961+0000] {logging_mixin.py:188} INFO - [2025-01-30T09:21:17.960+0000] {dag.py:3096} INFO - Sync 1 DAGs
[2025-01-30T09:21:17.987+0000] {logging_mixin.py:188} INFO - [2025-01-30T09:21:17.987+0000] {dag.py:3954} INFO - Setting next_dagrun for example_branch_operator to 2025-01-29 00:00:00+00:00, run_after=2025-01-30 00:00:00+00:00
[2025-01-30T09:21:18.016+0000] {processor.py:183} INFO - Processing /home/airflow/.local/lib/python3.12/site-packages/airflow/example_dags/example_branch_operator.py took 0.119 seconds
[2025-01-30T09:21:48.293+0000] {processor.py:161} INFO - Started process (PID=268) to work on /home/airflow/.local/lib/python3.12/site-packages/airflow/example_dags/example_branch_operator.py
[2025-01-30T09:21:48.294+0000] {processor.py:830} INFO - Processing file /home/airflow/.local/lib/python3.12/site-packages/airflow/example_dags/example_branch_operator.py for tasks to queue
[2025-01-30T09:21:48.296+0000] {logging_mixin.py:188} INFO - [2025-01-30T09:21:48.295+0000] {dagbag.py:545} INFO - Filling up the DagBag from /home/airflow/.local/lib/python3.12/site-packages/airflow/example_dags/example_branch_operator.py
[2025-01-30T09:21:48.313+0000] {processor.py:840} INFO - DAG(s) 'example_branch_operator' retrieved from /home/airflow/.local/lib/python3.12/site-packages/airflow/example_dags/example_branch_operator.py
[2025-01-30T09:21:48.346+0000] {logging_mixin.py:188} INFO - [2025-01-30T09:21:48.345+0000] {dag.py:3096} INFO - Sync 1 DAGs
[2025-01-30T09:21:48.374+0000] {logging_mixin.py:188} INFO - [2025-01-30T09:21:48.374+0000] {dag.py:3954} INFO - Setting next_dagrun for example_branch_operator to 2025-01-29 00:00:00+00:00, run_after=2025-01-30 00:00:00+00:00
[2025-01-30T09:21:48.406+0000] {processor.py:183} INFO - Processing /home/airflow/.local/lib/python3.12/site-packages/airflow/example_dags/example_branch_operator.py took 0.119 seconds
[2025-01-30T09:22:18.536+0000] {processor.py:161} INFO - Started process (PID=327) to work on /home/airflow/.local/lib/python3.12/site-packages/airflow/example_dags/example_branch_operator.py
[2025-01-30T09:22:18.537+0000] {processor.py:830} INFO - Processing file /home/airflow/.local/lib/python3.12/site-packages/airflow/example_dags/example_branch_operator.py for tasks to queue
[2025-01-30T09:22:18.539+0000] {logging_mixin.py:188} INFO - [2025-01-30T09:22:18.538+0000] {dagbag.py:545} INFO - Filling up the DagBag from /home/airflow/.local/lib/python3.12/site-packages/airflow/example_dags/example_branch_operator.py
[2025-01-30T09:22:18.556+0000] {processor.py:840} INFO - DAG(s) 'example_branch_operator' retrieved from /home/airflow/.local/lib/python3.12/site-packages/airflow/example_dags/example_branch_operator.py
[2025-01-30T09:22:18.588+0000] {logging_mixin.py:188} INFO - [2025-01-30T09:22:18.588+0000] {dag.py:3096} INFO - Sync 1 DAGs
[2025-01-30T09:22:18.613+0000] {logging_mixin.py:188} INFO - [2025-01-30T09:22:18.613+0000] {dag.py:3954} INFO - Setting next_dagrun for example_branch_operator to 2025-01-29 00:00:00+00:00, run_after=2025-01-30 00:00:00+00:00
[2025-01-30T09:22:18.644+0000] {processor.py:183} INFO - Processing /home/airflow/.local/lib/python3.12/site-packages/airflow/example_dags/example_branch_operator.py took 0.113 seconds
[2025-01-30T09:22:49.291+0000] {processor.py:161} INFO - Started process (PID=385) to work on /home/airflow/.local/lib/python3.12/site-packages/airflow/example_dags/example_branch_operator.py
[2025-01-30T09:22:49.292+0000] {processor.py:830} INFO - Processing file /home/airflow/.local/lib/python3.12/site-packages/airflow/example_dags/example_branch_operator.py for tasks to queue
[2025-01-30T09:22:49.294+0000] {logging_mixin.py:188} INFO - [2025-01-30T09:22:49.293+0000] {dagbag.py:545} INFO - Filling up the DagBag from /home/airflow/.local/lib/python3.12/site-packages/airflow/example_dags/example_branch_operator.py
[2025-01-30T09:22:49.311+0000] {processor.py:840} INFO - DAG(s) 'example_branch_operator' retrieved from /home/airflow/.local/lib/python3.12/site-packages/airflow/example_dags/example_branch_operator.py
[2025-01-30T09:22:49.343+0000] {logging_mixin.py:188} INFO - [2025-01-30T09:22:49.342+0000] {dag.py:3096} INFO - Sync 1 DAGs
[2025-01-30T09:22:49.372+0000] {logging_mixin.py:188} INFO - [2025-01-30T09:22:49.372+0000] {dag.py:3954} INFO - Setting next_dagrun for example_branch_operator to 2025-01-29 00:00:00+00:00, run_after=2025-01-30 00:00:00+00:00
[2025-01-30T09:22:49.394+0000] {processor.py:183} INFO - Processing /home/airflow/.local/lib/python3.12/site-packages/airflow/example_dags/example_branch_operator.py took 0.108 seconds
[2025-01-30T09:23:19.857+0000] {processor.py:161} INFO - Started process (PID=443) to work on /home/airflow/.local/lib/python3.12/site-packages/airflow/example_dags/example_branch_operator.py
[2025-01-30T09:23:19.859+0000] {processor.py:830} INFO - Processing file /home/airflow/.local/lib/python3.12/site-packages/airflow/example_dags/example_branch_operator.py for tasks to queue
[2025-01-30T09:23:19.861+0000] {logging_mixin.py:188} INFO - [2025-01-30T09:23:19.861+0000] {dagbag.py:545} INFO - Filling up the DagBag from /home/airflow/.local/lib/python3.12/site-packages/airflow/example_dags/example_branch_operator.py
[2025-01-30T09:23:19.890+0000] {processor.py:840} INFO - DAG(s) 'example_branch_operator' retrieved from /home/airflow/.local/lib/python3.12/site-packages/airflow/example_dags/example_branch_operator.py
[2025-01-30T09:23:19.924+0000] {logging_mixin.py:188} INFO - [2025-01-30T09:23:19.924+0000] {dag.py:3096} INFO - Sync 1 DAGs
[2025-01-30T09:23:19.947+0000] {logging_mixin.py:188} INFO - [2025-01-30T09:23:19.947+0000] {dag.py:3954} INFO - Setting next_dagrun for example_branch_operator to 2025-01-29 00:00:00+00:00, run_after=2025-01-30 00:00:00+00:00
[2025-01-30T09:23:19.974+0000] {processor.py:183} INFO - Processing /home/airflow/.local/lib/python3.12/site-packages/airflow/example_dags/example_branch_operator.py took 0.126 seconds
[2025-01-30T09:23:50.255+0000] {processor.py:161} INFO - Started process (PID=500) to work on /home/airflow/.local/lib/python3.12/site-packages/airflow/example_dags/example_branch_operator.py
[2025-01-30T09:23:50.266+0000] {processor.py:830} INFO - Processing file /home/airflow/.local/lib/python3.12/site-packages/airflow/example_dags/example_branch_operator.py for tasks to queue
[2025-01-30T09:23:50.268+0000] {logging_mixin.py:188} INFO - [2025-01-30T09:23:50.268+0000] {dagbag.py:545} INFO - Filling up the DagBag from /home/airflow/.local/lib/python3.12/site-packages/airflow/example_dags/example_branch_operator.py
[2025-01-30T09:23:50.287+0000] {processor.py:840} INFO - DAG(s) 'example_branch_operator' retrieved from /home/airflow/.local/lib/python3.12/site-packages/airflow/example_dags/example_branch_operator.py
[2025-01-30T09:23:50.319+0000] {logging_mixin.py:188} INFO - [2025-01-30T09:23:50.319+0000] {dag.py:3096} INFO - Sync 1 DAGs
[2025-01-30T09:23:50.345+0000] {logging_mixin.py:188} INFO - [2025-01-30T09:23:50.345+0000] {dag.py:3954} INFO - Setting next_dagrun for example_branch_operator to 2025-01-29 00:00:00+00:00, run_after=2025-01-30 00:00:00+00:00
[2025-01-30T09:23:50.374+0000] {processor.py:183} INFO - Processing /home/airflow/.local/lib/python3.12/site-packages/airflow/example_dags/example_branch_operator.py took 0.128 seconds
[2025-01-30T09:24:20.802+0000] {processor.py:161} INFO - Started process (PID=559) to work on /home/airflow/.local/lib/python3.12/site-packages/airflow/example_dags/example_branch_operator.py
[2025-01-30T09:24:20.803+0000] {processor.py:830} INFO - Processing file /home/airflow/.local/lib/python3.12/site-packages/airflow/example_dags/example_branch_operator.py for tasks to queue
[2025-01-30T09:24:20.806+0000] {logging_mixin.py:188} INFO - [2025-01-30T09:24:20.805+0000] {dagbag.py:545} INFO - Filling up the DagBag from /home/airflow/.local/lib/python3.12/site-packages/airflow/example_dags/example_branch_operator.py
[2025-01-30T09:24:20.825+0000] {processor.py:840} INFO - DAG(s) 'example_branch_operator' retrieved from /home/airflow/.local/lib/python3.12/site-packages/airflow/example_dags/example_branch_operator.py
[2025-01-30T09:24:20.854+0000] {logging_mixin.py:188} INFO - [2025-01-30T09:24:20.854+0000] {dag.py:3096} INFO - Sync 1 DAGs
[2025-01-30T09:24:20.880+0000] {logging_mixin.py:188} INFO - [2025-01-30T09:24:20.879+0000] {dag.py:3954} INFO - Setting next_dagrun for example_branch_operator to 2025-01-29 00:00:00+00:00, run_after=2025-01-30 00:00:00+00:00
[2025-01-30T09:24:20.911+0000] {processor.py:183} INFO - Processing /home/airflow/.local/lib/python3.12/site-packages/airflow/example_dags/example_branch_operator.py took 0.114 seconds
[2025-01-30T09:24:51.077+0000] {processor.py:161} INFO - Started process (PID=617) to work on /home/airflow/.local/lib/python3.12/site-packages/airflow/example_dags/example_branch_operator.py
[2025-01-30T09:24:51.078+0000] {processor.py:830} INFO - Processing file /home/airflow/.local/lib/python3.12/site-packages/airflow/example_dags/example_branch_operator.py for tasks to queue
[2025-01-30T09:24:51.080+0000] {logging_mixin.py:188} INFO - [2025-01-30T09:24:51.080+0000] {dagbag.py:545} INFO - Filling up the DagBag from /home/airflow/.local/lib/python3.12/site-packages/airflow/example_dags/example_branch_operator.py
[2025-01-30T09:24:51.099+0000] {processor.py:840} INFO - DAG(s) 'example_branch_operator' retrieved from /home/airflow/.local/lib/python3.12/site-packages/airflow/example_dags/example_branch_operator.py
[2025-01-30T09:24:51.130+0000] {logging_mixin.py:188} INFO - [2025-01-30T09:24:51.130+0000] {dag.py:3096} INFO - Sync 1 DAGs
[2025-01-30T09:24:51.157+0000] {logging_mixin.py:188} INFO - [2025-01-30T09:24:51.157+0000] {dag.py:3954} INFO - Setting next_dagrun for example_branch_operator to 2025-01-29 00:00:00+00:00, run_after=2025-01-30 00:00:00+00:00
[2025-01-30T09:24:51.185+0000] {processor.py:183} INFO - Processing /home/airflow/.local/lib/python3.12/site-packages/airflow/example_dags/example_branch_operator.py took 0.112 seconds
[2025-01-30T09:25:21.311+0000] {processor.py:161} INFO - Started process (PID=674) to work on /home/airflow/.local/lib/python3.12/site-packages/airflow/example_dags/example_branch_operator.py
[2025-01-30T09:25:21.312+0000] {processor.py:830} INFO - Processing file /home/airflow/.local/lib/python3.12/site-packages/airflow/example_dags/example_branch_operator.py for tasks to queue
[2025-01-30T09:25:21.314+0000] {logging_mixin.py:188} INFO - [2025-01-30T09:25:21.314+0000] {dagbag.py:545} INFO - Filling up the DagBag from /home/airflow/.local/lib/python3.12/site-packages/airflow/example_dags/example_branch_operator.py
[2025-01-30T09:25:21.331+0000] {processor.py:840} INFO - DAG(s) 'example_branch_operator' retrieved from /home/airflow/.local/lib/python3.12/site-packages/airflow/example_dags/example_branch_operator.py
[2025-01-30T09:25:21.360+0000] {logging_mixin.py:188} INFO - [2025-01-30T09:25:21.360+0000] {dag.py:3096} INFO - Sync 1 DAGs
[2025-01-30T09:25:21.383+0000] {logging_mixin.py:188} INFO - [2025-01-30T09:25:21.382+0000] {dag.py:3954} INFO - Setting next_dagrun for example_branch_operator to 2025-01-29 00:00:00+00:00, run_after=2025-01-30 00:00:00+00:00
[2025-01-30T09:25:21.406+0000] {processor.py:183} INFO - Processing /home/airflow/.local/lib/python3.12/site-packages/airflow/example_dags/example_branch_operator.py took 0.099 seconds
