[2025-01-30T08:43:51.412+0000] {processor.py:161} INFO - Started process (PID=75) to work on /home/airflow/.local/lib/python3.12/site-packages/airflow/example_dags/example_bash_operator.py
[2025-01-30T08:43:51.414+0000] {processor.py:830} INFO - Processing file /home/airflow/.local/lib/python3.12/site-packages/airflow/example_dags/example_bash_operator.py for tasks to queue
[2025-01-30T08:43:51.416+0000] {logging_mixin.py:188} INFO - [2025-01-30T08:43:51.415+0000] {dagbag.py:545} INFO - Filling up the DagBag from /home/airflow/.local/lib/python3.12/site-packages/airflow/example_dags/example_bash_operator.py
[2025-01-30T08:43:51.437+0000] {processor.py:840} INFO - DAG(s) 'example_bash_operator' retrieved from /home/airflow/.local/lib/python3.12/site-packages/airflow/example_dags/example_bash_operator.py
[2025-01-30T08:43:51.687+0000] {logging_mixin.py:188} INFO - [2025-01-30T08:43:51.686+0000] {dag.py:3096} INFO - Sync 1 DAGs
[2025-01-30T08:43:51.710+0000] {logging_mixin.py:188} INFO - [2025-01-30T08:43:51.709+0000] {dag.py:3954} INFO - Setting next_dagrun for example_bash_operator to 2025-01-29 00:00:00+00:00, run_after=2025-01-30 00:00:00+00:00
[2025-01-30T08:43:51.738+0000] {processor.py:183} INFO - Processing /home/airflow/.local/lib/python3.12/site-packages/airflow/example_dags/example_bash_operator.py took 0.332 seconds
[2025-01-30T08:44:21.780+0000] {processor.py:161} INFO - Started process (PID=133) to work on /home/airflow/.local/lib/python3.12/site-packages/airflow/example_dags/example_bash_operator.py
[2025-01-30T08:44:21.782+0000] {processor.py:830} INFO - Processing file /home/airflow/.local/lib/python3.12/site-packages/airflow/example_dags/example_bash_operator.py for tasks to queue
[2025-01-30T08:44:21.786+0000] {logging_mixin.py:188} INFO - [2025-01-30T08:44:21.785+0000] {dagbag.py:545} INFO - Filling up the DagBag from /home/airflow/.local/lib/python3.12/site-packages/airflow/example_dags/example_bash_operator.py
[2025-01-30T08:44:21.798+0000] {processor.py:840} INFO - DAG(s) 'example_bash_operator' retrieved from /home/airflow/.local/lib/python3.12/site-packages/airflow/example_dags/example_bash_operator.py
[2025-01-30T08:44:21.838+0000] {logging_mixin.py:188} INFO - [2025-01-30T08:44:21.838+0000] {dag.py:3096} INFO - Sync 1 DAGs
[2025-01-30T08:44:21.870+0000] {logging_mixin.py:188} INFO - [2025-01-30T08:44:21.869+0000] {dag.py:3954} INFO - Setting next_dagrun for example_bash_operator to 2025-01-29 00:00:00+00:00, run_after=2025-01-30 00:00:00+00:00
[2025-01-30T08:44:21.901+0000] {processor.py:183} INFO - Processing /home/airflow/.local/lib/python3.12/site-packages/airflow/example_dags/example_bash_operator.py took 0.126 seconds
[2025-01-30T08:44:52.002+0000] {processor.py:161} INFO - Started process (PID=191) to work on /home/airflow/.local/lib/python3.12/site-packages/airflow/example_dags/example_bash_operator.py
[2025-01-30T08:44:52.003+0000] {processor.py:830} INFO - Processing file /home/airflow/.local/lib/python3.12/site-packages/airflow/example_dags/example_bash_operator.py for tasks to queue
[2025-01-30T08:44:52.006+0000] {logging_mixin.py:188} INFO - [2025-01-30T08:44:52.006+0000] {dagbag.py:545} INFO - Filling up the DagBag from /home/airflow/.local/lib/python3.12/site-packages/airflow/example_dags/example_bash_operator.py
[2025-01-30T08:44:52.019+0000] {processor.py:840} INFO - DAG(s) 'example_bash_operator' retrieved from /home/airflow/.local/lib/python3.12/site-packages/airflow/example_dags/example_bash_operator.py
[2025-01-30T08:44:52.049+0000] {logging_mixin.py:188} INFO - [2025-01-30T08:44:52.049+0000] {dag.py:3096} INFO - Sync 1 DAGs
[2025-01-30T08:44:52.075+0000] {logging_mixin.py:188} INFO - [2025-01-30T08:44:52.075+0000] {dag.py:3954} INFO - Setting next_dagrun for example_bash_operator to 2025-01-29 00:00:00+00:00, run_after=2025-01-30 00:00:00+00:00
[2025-01-30T08:44:52.098+0000] {processor.py:183} INFO - Processing /home/airflow/.local/lib/python3.12/site-packages/airflow/example_dags/example_bash_operator.py took 0.102 seconds
[2025-01-30T08:45:22.156+0000] {processor.py:161} INFO - Started process (PID=249) to work on /home/airflow/.local/lib/python3.12/site-packages/airflow/example_dags/example_bash_operator.py
[2025-01-30T08:45:22.157+0000] {processor.py:830} INFO - Processing file /home/airflow/.local/lib/python3.12/site-packages/airflow/example_dags/example_bash_operator.py for tasks to queue
[2025-01-30T08:45:22.160+0000] {logging_mixin.py:188} INFO - [2025-01-30T08:45:22.160+0000] {dagbag.py:545} INFO - Filling up the DagBag from /home/airflow/.local/lib/python3.12/site-packages/airflow/example_dags/example_bash_operator.py
[2025-01-30T08:45:22.175+0000] {processor.py:840} INFO - DAG(s) 'example_bash_operator' retrieved from /home/airflow/.local/lib/python3.12/site-packages/airflow/example_dags/example_bash_operator.py
[2025-01-30T08:45:22.211+0000] {logging_mixin.py:188} INFO - [2025-01-30T08:45:22.210+0000] {dag.py:3096} INFO - Sync 1 DAGs
[2025-01-30T08:45:22.237+0000] {logging_mixin.py:188} INFO - [2025-01-30T08:45:22.237+0000] {dag.py:3954} INFO - Setting next_dagrun for example_bash_operator to 2025-01-29 00:00:00+00:00, run_after=2025-01-30 00:00:00+00:00
[2025-01-30T08:45:22.259+0000] {processor.py:183} INFO - Processing /home/airflow/.local/lib/python3.12/site-packages/airflow/example_dags/example_bash_operator.py took 0.109 seconds
[2025-01-30T08:45:52.374+0000] {processor.py:161} INFO - Started process (PID=313) to work on /home/airflow/.local/lib/python3.12/site-packages/airflow/example_dags/example_bash_operator.py
[2025-01-30T08:45:52.375+0000] {processor.py:830} INFO - Processing file /home/airflow/.local/lib/python3.12/site-packages/airflow/example_dags/example_bash_operator.py for tasks to queue
[2025-01-30T08:45:52.377+0000] {logging_mixin.py:188} INFO - [2025-01-30T08:45:52.377+0000] {dagbag.py:545} INFO - Filling up the DagBag from /home/airflow/.local/lib/python3.12/site-packages/airflow/example_dags/example_bash_operator.py
[2025-01-30T08:45:52.388+0000] {processor.py:840} INFO - DAG(s) 'example_bash_operator' retrieved from /home/airflow/.local/lib/python3.12/site-packages/airflow/example_dags/example_bash_operator.py
[2025-01-30T08:45:52.420+0000] {logging_mixin.py:188} INFO - [2025-01-30T08:45:52.420+0000] {dag.py:3096} INFO - Sync 1 DAGs
[2025-01-30T08:45:52.443+0000] {logging_mixin.py:188} INFO - [2025-01-30T08:45:52.443+0000] {dag.py:3954} INFO - Setting next_dagrun for example_bash_operator to 2025-01-29 00:00:00+00:00, run_after=2025-01-30 00:00:00+00:00
[2025-01-30T08:45:52.469+0000] {processor.py:183} INFO - Processing /home/airflow/.local/lib/python3.12/site-packages/airflow/example_dags/example_bash_operator.py took 0.100 seconds
[2025-01-30T08:46:22.874+0000] {processor.py:161} INFO - Started process (PID=370) to work on /home/airflow/.local/lib/python3.12/site-packages/airflow/example_dags/example_bash_operator.py
[2025-01-30T08:46:22.875+0000] {processor.py:830} INFO - Processing file /home/airflow/.local/lib/python3.12/site-packages/airflow/example_dags/example_bash_operator.py for tasks to queue
[2025-01-30T08:46:22.878+0000] {logging_mixin.py:188} INFO - [2025-01-30T08:46:22.877+0000] {dagbag.py:545} INFO - Filling up the DagBag from /home/airflow/.local/lib/python3.12/site-packages/airflow/example_dags/example_bash_operator.py
[2025-01-30T08:46:22.889+0000] {processor.py:840} INFO - DAG(s) 'example_bash_operator' retrieved from /home/airflow/.local/lib/python3.12/site-packages/airflow/example_dags/example_bash_operator.py
[2025-01-30T08:46:22.919+0000] {logging_mixin.py:188} INFO - [2025-01-30T08:46:22.919+0000] {dag.py:3096} INFO - Sync 1 DAGs
[2025-01-30T08:46:22.944+0000] {logging_mixin.py:188} INFO - [2025-01-30T08:46:22.944+0000] {dag.py:3954} INFO - Setting next_dagrun for example_bash_operator to 2025-01-29 00:00:00+00:00, run_after=2025-01-30 00:00:00+00:00
[2025-01-30T08:46:22.969+0000] {processor.py:183} INFO - Processing /home/airflow/.local/lib/python3.12/site-packages/airflow/example_dags/example_bash_operator.py took 0.102 seconds
[2025-01-30T08:46:53.342+0000] {processor.py:161} INFO - Started process (PID=428) to work on /home/airflow/.local/lib/python3.12/site-packages/airflow/example_dags/example_bash_operator.py
[2025-01-30T08:46:53.343+0000] {processor.py:830} INFO - Processing file /home/airflow/.local/lib/python3.12/site-packages/airflow/example_dags/example_bash_operator.py for tasks to queue
[2025-01-30T08:46:53.345+0000] {logging_mixin.py:188} INFO - [2025-01-30T08:46:53.345+0000] {dagbag.py:545} INFO - Filling up the DagBag from /home/airflow/.local/lib/python3.12/site-packages/airflow/example_dags/example_bash_operator.py
[2025-01-30T08:46:53.356+0000] {processor.py:840} INFO - DAG(s) 'example_bash_operator' retrieved from /home/airflow/.local/lib/python3.12/site-packages/airflow/example_dags/example_bash_operator.py
[2025-01-30T08:46:53.384+0000] {logging_mixin.py:188} INFO - [2025-01-30T08:46:53.383+0000] {dag.py:3096} INFO - Sync 1 DAGs
[2025-01-30T08:46:53.409+0000] {logging_mixin.py:188} INFO - [2025-01-30T08:46:53.408+0000] {dag.py:3954} INFO - Setting next_dagrun for example_bash_operator to 2025-01-29 00:00:00+00:00, run_after=2025-01-30 00:00:00+00:00
[2025-01-30T08:46:53.432+0000] {processor.py:183} INFO - Processing /home/airflow/.local/lib/python3.12/site-packages/airflow/example_dags/example_bash_operator.py took 0.095 seconds
[2025-01-30T08:47:23.855+0000] {processor.py:161} INFO - Started process (PID=486) to work on /home/airflow/.local/lib/python3.12/site-packages/airflow/example_dags/example_bash_operator.py
[2025-01-30T08:47:23.856+0000] {processor.py:830} INFO - Processing file /home/airflow/.local/lib/python3.12/site-packages/airflow/example_dags/example_bash_operator.py for tasks to queue
[2025-01-30T08:47:23.858+0000] {logging_mixin.py:188} INFO - [2025-01-30T08:47:23.858+0000] {dagbag.py:545} INFO - Filling up the DagBag from /home/airflow/.local/lib/python3.12/site-packages/airflow/example_dags/example_bash_operator.py
[2025-01-30T08:47:23.868+0000] {processor.py:840} INFO - DAG(s) 'example_bash_operator' retrieved from /home/airflow/.local/lib/python3.12/site-packages/airflow/example_dags/example_bash_operator.py
[2025-01-30T08:47:23.898+0000] {logging_mixin.py:188} INFO - [2025-01-30T08:47:23.898+0000] {dag.py:3096} INFO - Sync 1 DAGs
[2025-01-30T08:47:23.921+0000] {logging_mixin.py:188} INFO - [2025-01-30T08:47:23.921+0000] {dag.py:3954} INFO - Setting next_dagrun for example_bash_operator to 2025-01-29 00:00:00+00:00, run_after=2025-01-30 00:00:00+00:00
[2025-01-30T08:47:23.945+0000] {processor.py:183} INFO - Processing /home/airflow/.local/lib/python3.12/site-packages/airflow/example_dags/example_bash_operator.py took 0.095 seconds
[2025-01-30T08:47:54.044+0000] {processor.py:161} INFO - Started process (PID=544) to work on /home/airflow/.local/lib/python3.12/site-packages/airflow/example_dags/example_bash_operator.py
[2025-01-30T08:47:54.045+0000] {processor.py:830} INFO - Processing file /home/airflow/.local/lib/python3.12/site-packages/airflow/example_dags/example_bash_operator.py for tasks to queue
[2025-01-30T08:47:54.052+0000] {logging_mixin.py:188} INFO - [2025-01-30T08:47:54.051+0000] {dagbag.py:545} INFO - Filling up the DagBag from /home/airflow/.local/lib/python3.12/site-packages/airflow/example_dags/example_bash_operator.py
[2025-01-30T08:47:54.070+0000] {processor.py:840} INFO - DAG(s) 'example_bash_operator' retrieved from /home/airflow/.local/lib/python3.12/site-packages/airflow/example_dags/example_bash_operator.py
[2025-01-30T08:47:54.118+0000] {logging_mixin.py:188} INFO - [2025-01-30T08:47:54.117+0000] {dag.py:3096} INFO - Sync 1 DAGs
[2025-01-30T08:47:54.188+0000] {logging_mixin.py:188} INFO - [2025-01-30T08:47:54.187+0000] {dag.py:3954} INFO - Setting next_dagrun for example_bash_operator to 2025-01-29 00:00:00+00:00, run_after=2025-01-30 00:00:00+00:00
[2025-01-30T08:47:54.249+0000] {processor.py:183} INFO - Processing /home/airflow/.local/lib/python3.12/site-packages/airflow/example_dags/example_bash_operator.py took 0.215 seconds
[2025-01-30T08:48:24.549+0000] {processor.py:161} INFO - Started process (PID=602) to work on /home/airflow/.local/lib/python3.12/site-packages/airflow/example_dags/example_bash_operator.py
[2025-01-30T08:48:24.551+0000] {processor.py:830} INFO - Processing file /home/airflow/.local/lib/python3.12/site-packages/airflow/example_dags/example_bash_operator.py for tasks to queue
[2025-01-30T08:48:24.553+0000] {logging_mixin.py:188} INFO - [2025-01-30T08:48:24.552+0000] {dagbag.py:545} INFO - Filling up the DagBag from /home/airflow/.local/lib/python3.12/site-packages/airflow/example_dags/example_bash_operator.py
[2025-01-30T08:48:24.562+0000] {processor.py:840} INFO - DAG(s) 'example_bash_operator' retrieved from /home/airflow/.local/lib/python3.12/site-packages/airflow/example_dags/example_bash_operator.py
[2025-01-30T08:48:24.592+0000] {logging_mixin.py:188} INFO - [2025-01-30T08:48:24.592+0000] {dag.py:3096} INFO - Sync 1 DAGs
[2025-01-30T08:48:24.618+0000] {logging_mixin.py:188} INFO - [2025-01-30T08:48:24.618+0000] {dag.py:3954} INFO - Setting next_dagrun for example_bash_operator to 2025-01-29 00:00:00+00:00, run_after=2025-01-30 00:00:00+00:00
[2025-01-30T08:48:24.642+0000] {processor.py:183} INFO - Processing /home/airflow/.local/lib/python3.12/site-packages/airflow/example_dags/example_bash_operator.py took 0.098 seconds
[2025-01-30T08:48:54.743+0000] {processor.py:161} INFO - Started process (PID=660) to work on /home/airflow/.local/lib/python3.12/site-packages/airflow/example_dags/example_bash_operator.py
[2025-01-30T08:48:54.744+0000] {processor.py:830} INFO - Processing file /home/airflow/.local/lib/python3.12/site-packages/airflow/example_dags/example_bash_operator.py for tasks to queue
[2025-01-30T08:48:54.746+0000] {logging_mixin.py:188} INFO - [2025-01-30T08:48:54.746+0000] {dagbag.py:545} INFO - Filling up the DagBag from /home/airflow/.local/lib/python3.12/site-packages/airflow/example_dags/example_bash_operator.py
[2025-01-30T08:48:54.759+0000] {processor.py:840} INFO - DAG(s) 'example_bash_operator' retrieved from /home/airflow/.local/lib/python3.12/site-packages/airflow/example_dags/example_bash_operator.py
[2025-01-30T08:48:54.790+0000] {logging_mixin.py:188} INFO - [2025-01-30T08:48:54.789+0000] {dag.py:3096} INFO - Sync 1 DAGs
[2025-01-30T08:48:54.815+0000] {logging_mixin.py:188} INFO - [2025-01-30T08:48:54.815+0000] {dag.py:3954} INFO - Setting next_dagrun for example_bash_operator to 2025-01-29 00:00:00+00:00, run_after=2025-01-30 00:00:00+00:00
[2025-01-30T08:48:54.838+0000] {processor.py:183} INFO - Processing /home/airflow/.local/lib/python3.12/site-packages/airflow/example_dags/example_bash_operator.py took 0.102 seconds
[2025-01-30T08:49:25.220+0000] {processor.py:161} INFO - Started process (PID=718) to work on /home/airflow/.local/lib/python3.12/site-packages/airflow/example_dags/example_bash_operator.py
[2025-01-30T08:49:25.222+0000] {processor.py:830} INFO - Processing file /home/airflow/.local/lib/python3.12/site-packages/airflow/example_dags/example_bash_operator.py for tasks to queue
[2025-01-30T08:49:25.225+0000] {logging_mixin.py:188} INFO - [2025-01-30T08:49:25.224+0000] {dagbag.py:545} INFO - Filling up the DagBag from /home/airflow/.local/lib/python3.12/site-packages/airflow/example_dags/example_bash_operator.py
[2025-01-30T08:49:25.235+0000] {processor.py:840} INFO - DAG(s) 'example_bash_operator' retrieved from /home/airflow/.local/lib/python3.12/site-packages/airflow/example_dags/example_bash_operator.py
[2025-01-30T08:49:25.266+0000] {logging_mixin.py:188} INFO - [2025-01-30T08:49:25.265+0000] {dag.py:3096} INFO - Sync 1 DAGs
[2025-01-30T08:49:25.294+0000] {logging_mixin.py:188} INFO - [2025-01-30T08:49:25.294+0000] {dag.py:3954} INFO - Setting next_dagrun for example_bash_operator to 2025-01-29 00:00:00+00:00, run_after=2025-01-30 00:00:00+00:00
[2025-01-30T08:49:25.317+0000] {processor.py:183} INFO - Processing /home/airflow/.local/lib/python3.12/site-packages/airflow/example_dags/example_bash_operator.py took 0.101 seconds
[2025-01-30T08:49:55.518+0000] {processor.py:161} INFO - Started process (PID=776) to work on /home/airflow/.local/lib/python3.12/site-packages/airflow/example_dags/example_bash_operator.py
[2025-01-30T08:49:55.519+0000] {processor.py:830} INFO - Processing file /home/airflow/.local/lib/python3.12/site-packages/airflow/example_dags/example_bash_operator.py for tasks to queue
[2025-01-30T08:49:55.522+0000] {logging_mixin.py:188} INFO - [2025-01-30T08:49:55.521+0000] {dagbag.py:545} INFO - Filling up the DagBag from /home/airflow/.local/lib/python3.12/site-packages/airflow/example_dags/example_bash_operator.py
[2025-01-30T08:49:55.533+0000] {processor.py:840} INFO - DAG(s) 'example_bash_operator' retrieved from /home/airflow/.local/lib/python3.12/site-packages/airflow/example_dags/example_bash_operator.py
[2025-01-30T08:49:55.565+0000] {logging_mixin.py:188} INFO - [2025-01-30T08:49:55.565+0000] {dag.py:3096} INFO - Sync 1 DAGs
[2025-01-30T08:49:55.592+0000] {logging_mixin.py:188} INFO - [2025-01-30T08:49:55.592+0000] {dag.py:3954} INFO - Setting next_dagrun for example_bash_operator to 2025-01-29 00:00:00+00:00, run_after=2025-01-30 00:00:00+00:00
[2025-01-30T08:49:55.619+0000] {processor.py:183} INFO - Processing /home/airflow/.local/lib/python3.12/site-packages/airflow/example_dags/example_bash_operator.py took 0.107 seconds
[2025-01-30T08:50:26.021+0000] {processor.py:161} INFO - Started process (PID=834) to work on /home/airflow/.local/lib/python3.12/site-packages/airflow/example_dags/example_bash_operator.py
[2025-01-30T08:50:26.022+0000] {processor.py:830} INFO - Processing file /home/airflow/.local/lib/python3.12/site-packages/airflow/example_dags/example_bash_operator.py for tasks to queue
[2025-01-30T08:50:26.025+0000] {logging_mixin.py:188} INFO - [2025-01-30T08:50:26.025+0000] {dagbag.py:545} INFO - Filling up the DagBag from /home/airflow/.local/lib/python3.12/site-packages/airflow/example_dags/example_bash_operator.py
[2025-01-30T08:50:26.035+0000] {processor.py:840} INFO - DAG(s) 'example_bash_operator' retrieved from /home/airflow/.local/lib/python3.12/site-packages/airflow/example_dags/example_bash_operator.py
[2025-01-30T08:50:26.064+0000] {logging_mixin.py:188} INFO - [2025-01-30T08:50:26.064+0000] {dag.py:3096} INFO - Sync 1 DAGs
[2025-01-30T08:50:26.090+0000] {logging_mixin.py:188} INFO - [2025-01-30T08:50:26.090+0000] {dag.py:3954} INFO - Setting next_dagrun for example_bash_operator to 2025-01-29 00:00:00+00:00, run_after=2025-01-30 00:00:00+00:00
[2025-01-30T08:50:26.114+0000] {processor.py:183} INFO - Processing /home/airflow/.local/lib/python3.12/site-packages/airflow/example_dags/example_bash_operator.py took 0.098 seconds
[2025-01-30T08:50:56.549+0000] {processor.py:161} INFO - Started process (PID=892) to work on /home/airflow/.local/lib/python3.12/site-packages/airflow/example_dags/example_bash_operator.py
[2025-01-30T08:50:56.550+0000] {processor.py:830} INFO - Processing file /home/airflow/.local/lib/python3.12/site-packages/airflow/example_dags/example_bash_operator.py for tasks to queue
[2025-01-30T08:50:56.552+0000] {logging_mixin.py:188} INFO - [2025-01-30T08:50:56.552+0000] {dagbag.py:545} INFO - Filling up the DagBag from /home/airflow/.local/lib/python3.12/site-packages/airflow/example_dags/example_bash_operator.py
[2025-01-30T08:50:56.563+0000] {processor.py:840} INFO - DAG(s) 'example_bash_operator' retrieved from /home/airflow/.local/lib/python3.12/site-packages/airflow/example_dags/example_bash_operator.py
[2025-01-30T08:50:56.594+0000] {logging_mixin.py:188} INFO - [2025-01-30T08:50:56.594+0000] {dag.py:3096} INFO - Sync 1 DAGs
[2025-01-30T08:50:56.619+0000] {logging_mixin.py:188} INFO - [2025-01-30T08:50:56.619+0000] {dag.py:3954} INFO - Setting next_dagrun for example_bash_operator to 2025-01-29 00:00:00+00:00, run_after=2025-01-30 00:00:00+00:00
[2025-01-30T08:50:56.642+0000] {processor.py:183} INFO - Processing /home/airflow/.local/lib/python3.12/site-packages/airflow/example_dags/example_bash_operator.py took 0.098 seconds
[2025-01-30T08:51:26.787+0000] {processor.py:161} INFO - Started process (PID=950) to work on /home/airflow/.local/lib/python3.12/site-packages/airflow/example_dags/example_bash_operator.py
[2025-01-30T08:51:26.788+0000] {processor.py:830} INFO - Processing file /home/airflow/.local/lib/python3.12/site-packages/airflow/example_dags/example_bash_operator.py for tasks to queue
[2025-01-30T08:51:26.790+0000] {logging_mixin.py:188} INFO - [2025-01-30T08:51:26.790+0000] {dagbag.py:545} INFO - Filling up the DagBag from /home/airflow/.local/lib/python3.12/site-packages/airflow/example_dags/example_bash_operator.py
[2025-01-30T08:51:26.801+0000] {processor.py:840} INFO - DAG(s) 'example_bash_operator' retrieved from /home/airflow/.local/lib/python3.12/site-packages/airflow/example_dags/example_bash_operator.py
[2025-01-30T08:51:26.834+0000] {logging_mixin.py:188} INFO - [2025-01-30T08:51:26.833+0000] {dag.py:3096} INFO - Sync 1 DAGs
[2025-01-30T08:51:26.863+0000] {logging_mixin.py:188} INFO - [2025-01-30T08:51:26.863+0000] {dag.py:3954} INFO - Setting next_dagrun for example_bash_operator to 2025-01-29 00:00:00+00:00, run_after=2025-01-30 00:00:00+00:00
[2025-01-30T08:51:26.893+0000] {processor.py:183} INFO - Processing /home/airflow/.local/lib/python3.12/site-packages/airflow/example_dags/example_bash_operator.py took 0.112 seconds
[2025-01-30T08:51:57.162+0000] {processor.py:161} INFO - Started process (PID=1008) to work on /home/airflow/.local/lib/python3.12/site-packages/airflow/example_dags/example_bash_operator.py
[2025-01-30T08:51:57.163+0000] {processor.py:830} INFO - Processing file /home/airflow/.local/lib/python3.12/site-packages/airflow/example_dags/example_bash_operator.py for tasks to queue
[2025-01-30T08:51:57.165+0000] {logging_mixin.py:188} INFO - [2025-01-30T08:51:57.164+0000] {dagbag.py:545} INFO - Filling up the DagBag from /home/airflow/.local/lib/python3.12/site-packages/airflow/example_dags/example_bash_operator.py
[2025-01-30T08:51:57.177+0000] {processor.py:840} INFO - DAG(s) 'example_bash_operator' retrieved from /home/airflow/.local/lib/python3.12/site-packages/airflow/example_dags/example_bash_operator.py
[2025-01-30T08:51:57.205+0000] {logging_mixin.py:188} INFO - [2025-01-30T08:51:57.205+0000] {dag.py:3096} INFO - Sync 1 DAGs
[2025-01-30T08:51:57.230+0000] {logging_mixin.py:188} INFO - [2025-01-30T08:51:57.230+0000] {dag.py:3954} INFO - Setting next_dagrun for example_bash_operator to 2025-01-29 00:00:00+00:00, run_after=2025-01-30 00:00:00+00:00
[2025-01-30T08:51:57.254+0000] {processor.py:183} INFO - Processing /home/airflow/.local/lib/python3.12/site-packages/airflow/example_dags/example_bash_operator.py took 0.097 seconds
[2025-01-30T08:52:27.597+0000] {processor.py:161} INFO - Started process (PID=1066) to work on /home/airflow/.local/lib/python3.12/site-packages/airflow/example_dags/example_bash_operator.py
[2025-01-30T08:52:27.598+0000] {processor.py:830} INFO - Processing file /home/airflow/.local/lib/python3.12/site-packages/airflow/example_dags/example_bash_operator.py for tasks to queue
[2025-01-30T08:52:27.600+0000] {logging_mixin.py:188} INFO - [2025-01-30T08:52:27.600+0000] {dagbag.py:545} INFO - Filling up the DagBag from /home/airflow/.local/lib/python3.12/site-packages/airflow/example_dags/example_bash_operator.py
[2025-01-30T08:52:27.612+0000] {processor.py:840} INFO - DAG(s) 'example_bash_operator' retrieved from /home/airflow/.local/lib/python3.12/site-packages/airflow/example_dags/example_bash_operator.py
[2025-01-30T08:52:27.640+0000] {logging_mixin.py:188} INFO - [2025-01-30T08:52:27.640+0000] {dag.py:3096} INFO - Sync 1 DAGs
[2025-01-30T08:52:27.666+0000] {logging_mixin.py:188} INFO - [2025-01-30T08:52:27.666+0000] {dag.py:3954} INFO - Setting next_dagrun for example_bash_operator to 2025-01-29 00:00:00+00:00, run_after=2025-01-30 00:00:00+00:00
[2025-01-30T08:52:27.689+0000] {processor.py:183} INFO - Processing /home/airflow/.local/lib/python3.12/site-packages/airflow/example_dags/example_bash_operator.py took 0.097 seconds
[2025-01-30T08:52:58.094+0000] {processor.py:161} INFO - Started process (PID=1124) to work on /home/airflow/.local/lib/python3.12/site-packages/airflow/example_dags/example_bash_operator.py
[2025-01-30T08:52:58.095+0000] {processor.py:830} INFO - Processing file /home/airflow/.local/lib/python3.12/site-packages/airflow/example_dags/example_bash_operator.py for tasks to queue
[2025-01-30T08:52:58.098+0000] {logging_mixin.py:188} INFO - [2025-01-30T08:52:58.097+0000] {dagbag.py:545} INFO - Filling up the DagBag from /home/airflow/.local/lib/python3.12/site-packages/airflow/example_dags/example_bash_operator.py
[2025-01-30T08:52:58.109+0000] {processor.py:840} INFO - DAG(s) 'example_bash_operator' retrieved from /home/airflow/.local/lib/python3.12/site-packages/airflow/example_dags/example_bash_operator.py
[2025-01-30T08:52:58.141+0000] {logging_mixin.py:188} INFO - [2025-01-30T08:52:58.141+0000] {dag.py:3096} INFO - Sync 1 DAGs
[2025-01-30T08:52:58.165+0000] {logging_mixin.py:188} INFO - [2025-01-30T08:52:58.165+0000] {dag.py:3954} INFO - Setting next_dagrun for example_bash_operator to 2025-01-29 00:00:00+00:00, run_after=2025-01-30 00:00:00+00:00
[2025-01-30T08:52:58.189+0000] {processor.py:183} INFO - Processing /home/airflow/.local/lib/python3.12/site-packages/airflow/example_dags/example_bash_operator.py took 0.100 seconds
[2025-01-30T08:53:28.293+0000] {processor.py:161} INFO - Started process (PID=1182) to work on /home/airflow/.local/lib/python3.12/site-packages/airflow/example_dags/example_bash_operator.py
[2025-01-30T08:53:28.294+0000] {processor.py:830} INFO - Processing file /home/airflow/.local/lib/python3.12/site-packages/airflow/example_dags/example_bash_operator.py for tasks to queue
[2025-01-30T08:53:28.297+0000] {logging_mixin.py:188} INFO - [2025-01-30T08:53:28.296+0000] {dagbag.py:545} INFO - Filling up the DagBag from /home/airflow/.local/lib/python3.12/site-packages/airflow/example_dags/example_bash_operator.py
[2025-01-30T08:53:28.307+0000] {processor.py:840} INFO - DAG(s) 'example_bash_operator' retrieved from /home/airflow/.local/lib/python3.12/site-packages/airflow/example_dags/example_bash_operator.py
[2025-01-30T08:53:28.337+0000] {logging_mixin.py:188} INFO - [2025-01-30T08:53:28.336+0000] {dag.py:3096} INFO - Sync 1 DAGs
[2025-01-30T08:53:28.361+0000] {logging_mixin.py:188} INFO - [2025-01-30T08:53:28.361+0000] {dag.py:3954} INFO - Setting next_dagrun for example_bash_operator to 2025-01-29 00:00:00+00:00, run_after=2025-01-30 00:00:00+00:00
[2025-01-30T08:53:28.384+0000] {processor.py:183} INFO - Processing /home/airflow/.local/lib/python3.12/site-packages/airflow/example_dags/example_bash_operator.py took 0.097 seconds
[2025-01-30T08:53:58.636+0000] {processor.py:161} INFO - Started process (PID=1240) to work on /home/airflow/.local/lib/python3.12/site-packages/airflow/example_dags/example_bash_operator.py
[2025-01-30T08:53:58.637+0000] {processor.py:830} INFO - Processing file /home/airflow/.local/lib/python3.12/site-packages/airflow/example_dags/example_bash_operator.py for tasks to queue
[2025-01-30T08:53:58.639+0000] {logging_mixin.py:188} INFO - [2025-01-30T08:53:58.638+0000] {dagbag.py:545} INFO - Filling up the DagBag from /home/airflow/.local/lib/python3.12/site-packages/airflow/example_dags/example_bash_operator.py
[2025-01-30T08:53:58.649+0000] {processor.py:840} INFO - DAG(s) 'example_bash_operator' retrieved from /home/airflow/.local/lib/python3.12/site-packages/airflow/example_dags/example_bash_operator.py
[2025-01-30T08:53:58.684+0000] {logging_mixin.py:188} INFO - [2025-01-30T08:53:58.683+0000] {dag.py:3096} INFO - Sync 1 DAGs
[2025-01-30T08:53:58.710+0000] {logging_mixin.py:188} INFO - [2025-01-30T08:53:58.710+0000] {dag.py:3954} INFO - Setting next_dagrun for example_bash_operator to 2025-01-29 00:00:00+00:00, run_after=2025-01-30 00:00:00+00:00
[2025-01-30T08:53:58.733+0000] {processor.py:183} INFO - Processing /home/airflow/.local/lib/python3.12/site-packages/airflow/example_dags/example_bash_operator.py took 0.102 seconds
[2025-01-30T08:54:29.045+0000] {processor.py:161} INFO - Started process (PID=1298) to work on /home/airflow/.local/lib/python3.12/site-packages/airflow/example_dags/example_bash_operator.py
[2025-01-30T08:54:29.047+0000] {processor.py:830} INFO - Processing file /home/airflow/.local/lib/python3.12/site-packages/airflow/example_dags/example_bash_operator.py for tasks to queue
[2025-01-30T08:54:29.058+0000] {logging_mixin.py:188} INFO - [2025-01-30T08:54:29.058+0000] {dagbag.py:545} INFO - Filling up the DagBag from /home/airflow/.local/lib/python3.12/site-packages/airflow/example_dags/example_bash_operator.py
[2025-01-30T08:54:29.077+0000] {processor.py:840} INFO - DAG(s) 'example_bash_operator' retrieved from /home/airflow/.local/lib/python3.12/site-packages/airflow/example_dags/example_bash_operator.py
[2025-01-30T08:54:29.125+0000] {logging_mixin.py:188} INFO - [2025-01-30T08:54:29.125+0000] {dag.py:3096} INFO - Sync 1 DAGs
[2025-01-30T08:54:29.188+0000] {logging_mixin.py:188} INFO - [2025-01-30T08:54:29.187+0000] {dag.py:3954} INFO - Setting next_dagrun for example_bash_operator to 2025-01-29 00:00:00+00:00, run_after=2025-01-30 00:00:00+00:00
[2025-01-30T08:54:29.221+0000] {processor.py:183} INFO - Processing /home/airflow/.local/lib/python3.12/site-packages/airflow/example_dags/example_bash_operator.py took 0.182 seconds
[2025-01-30T08:54:59.339+0000] {processor.py:161} INFO - Started process (PID=1356) to work on /home/airflow/.local/lib/python3.12/site-packages/airflow/example_dags/example_bash_operator.py
[2025-01-30T08:54:59.340+0000] {processor.py:830} INFO - Processing file /home/airflow/.local/lib/python3.12/site-packages/airflow/example_dags/example_bash_operator.py for tasks to queue
[2025-01-30T08:54:59.343+0000] {logging_mixin.py:188} INFO - [2025-01-30T08:54:59.342+0000] {dagbag.py:545} INFO - Filling up the DagBag from /home/airflow/.local/lib/python3.12/site-packages/airflow/example_dags/example_bash_operator.py
[2025-01-30T08:54:59.352+0000] {processor.py:840} INFO - DAG(s) 'example_bash_operator' retrieved from /home/airflow/.local/lib/python3.12/site-packages/airflow/example_dags/example_bash_operator.py
[2025-01-30T08:54:59.381+0000] {logging_mixin.py:188} INFO - [2025-01-30T08:54:59.381+0000] {dag.py:3096} INFO - Sync 1 DAGs
[2025-01-30T08:54:59.407+0000] {logging_mixin.py:188} INFO - [2025-01-30T08:54:59.406+0000] {dag.py:3954} INFO - Setting next_dagrun for example_bash_operator to 2025-01-29 00:00:00+00:00, run_after=2025-01-30 00:00:00+00:00
[2025-01-30T08:54:59.431+0000] {processor.py:183} INFO - Processing /home/airflow/.local/lib/python3.12/site-packages/airflow/example_dags/example_bash_operator.py took 0.097 seconds
[2025-01-30T08:55:29.530+0000] {processor.py:161} INFO - Started process (PID=1414) to work on /home/airflow/.local/lib/python3.12/site-packages/airflow/example_dags/example_bash_operator.py
[2025-01-30T08:55:29.531+0000] {processor.py:830} INFO - Processing file /home/airflow/.local/lib/python3.12/site-packages/airflow/example_dags/example_bash_operator.py for tasks to queue
[2025-01-30T08:55:29.534+0000] {logging_mixin.py:188} INFO - [2025-01-30T08:55:29.534+0000] {dagbag.py:545} INFO - Filling up the DagBag from /home/airflow/.local/lib/python3.12/site-packages/airflow/example_dags/example_bash_operator.py
[2025-01-30T08:55:29.545+0000] {processor.py:840} INFO - DAG(s) 'example_bash_operator' retrieved from /home/airflow/.local/lib/python3.12/site-packages/airflow/example_dags/example_bash_operator.py
[2025-01-30T08:55:29.576+0000] {logging_mixin.py:188} INFO - [2025-01-30T08:55:29.576+0000] {dag.py:3096} INFO - Sync 1 DAGs
[2025-01-30T08:55:29.601+0000] {logging_mixin.py:188} INFO - [2025-01-30T08:55:29.600+0000] {dag.py:3954} INFO - Setting next_dagrun for example_bash_operator to 2025-01-29 00:00:00+00:00, run_after=2025-01-30 00:00:00+00:00
[2025-01-30T08:55:29.627+0000] {processor.py:183} INFO - Processing /home/airflow/.local/lib/python3.12/site-packages/airflow/example_dags/example_bash_operator.py took 0.102 seconds
[2025-01-30T08:55:59.684+0000] {processor.py:161} INFO - Started process (PID=1472) to work on /home/airflow/.local/lib/python3.12/site-packages/airflow/example_dags/example_bash_operator.py
[2025-01-30T08:55:59.686+0000] {processor.py:830} INFO - Processing file /home/airflow/.local/lib/python3.12/site-packages/airflow/example_dags/example_bash_operator.py for tasks to queue
[2025-01-30T08:55:59.688+0000] {logging_mixin.py:188} INFO - [2025-01-30T08:55:59.687+0000] {dagbag.py:545} INFO - Filling up the DagBag from /home/airflow/.local/lib/python3.12/site-packages/airflow/example_dags/example_bash_operator.py
[2025-01-30T08:55:59.699+0000] {processor.py:840} INFO - DAG(s) 'example_bash_operator' retrieved from /home/airflow/.local/lib/python3.12/site-packages/airflow/example_dags/example_bash_operator.py
[2025-01-30T08:55:59.729+0000] {logging_mixin.py:188} INFO - [2025-01-30T08:55:59.728+0000] {dag.py:3096} INFO - Sync 1 DAGs
[2025-01-30T08:55:59.751+0000] {logging_mixin.py:188} INFO - [2025-01-30T08:55:59.751+0000] {dag.py:3954} INFO - Setting next_dagrun for example_bash_operator to 2025-01-29 00:00:00+00:00, run_after=2025-01-30 00:00:00+00:00
[2025-01-30T08:55:59.775+0000] {processor.py:183} INFO - Processing /home/airflow/.local/lib/python3.12/site-packages/airflow/example_dags/example_bash_operator.py took 0.095 seconds
[2025-01-30T08:56:29.892+0000] {processor.py:161} INFO - Started process (PID=1530) to work on /home/airflow/.local/lib/python3.12/site-packages/airflow/example_dags/example_bash_operator.py
[2025-01-30T08:56:29.893+0000] {processor.py:830} INFO - Processing file /home/airflow/.local/lib/python3.12/site-packages/airflow/example_dags/example_bash_operator.py for tasks to queue
[2025-01-30T08:56:29.895+0000] {logging_mixin.py:188} INFO - [2025-01-30T08:56:29.895+0000] {dagbag.py:545} INFO - Filling up the DagBag from /home/airflow/.local/lib/python3.12/site-packages/airflow/example_dags/example_bash_operator.py
[2025-01-30T08:56:29.905+0000] {processor.py:840} INFO - DAG(s) 'example_bash_operator' retrieved from /home/airflow/.local/lib/python3.12/site-packages/airflow/example_dags/example_bash_operator.py
[2025-01-30T08:56:29.934+0000] {logging_mixin.py:188} INFO - [2025-01-30T08:56:29.934+0000] {dag.py:3096} INFO - Sync 1 DAGs
[2025-01-30T08:56:29.958+0000] {logging_mixin.py:188} INFO - [2025-01-30T08:56:29.958+0000] {dag.py:3954} INFO - Setting next_dagrun for example_bash_operator to 2025-01-29 00:00:00+00:00, run_after=2025-01-30 00:00:00+00:00
[2025-01-30T08:56:29.982+0000] {processor.py:183} INFO - Processing /home/airflow/.local/lib/python3.12/site-packages/airflow/example_dags/example_bash_operator.py took 0.095 seconds
[2025-01-30T08:57:00.130+0000] {processor.py:161} INFO - Started process (PID=1588) to work on /home/airflow/.local/lib/python3.12/site-packages/airflow/example_dags/example_bash_operator.py
[2025-01-30T08:57:00.131+0000] {processor.py:830} INFO - Processing file /home/airflow/.local/lib/python3.12/site-packages/airflow/example_dags/example_bash_operator.py for tasks to queue
[2025-01-30T08:57:00.134+0000] {logging_mixin.py:188} INFO - [2025-01-30T08:57:00.134+0000] {dagbag.py:545} INFO - Filling up the DagBag from /home/airflow/.local/lib/python3.12/site-packages/airflow/example_dags/example_bash_operator.py
[2025-01-30T08:57:00.147+0000] {processor.py:840} INFO - DAG(s) 'example_bash_operator' retrieved from /home/airflow/.local/lib/python3.12/site-packages/airflow/example_dags/example_bash_operator.py
[2025-01-30T08:57:00.181+0000] {logging_mixin.py:188} INFO - [2025-01-30T08:57:00.181+0000] {dag.py:3096} INFO - Sync 1 DAGs
[2025-01-30T08:57:00.206+0000] {logging_mixin.py:188} INFO - [2025-01-30T08:57:00.206+0000] {dag.py:3954} INFO - Setting next_dagrun for example_bash_operator to 2025-01-29 00:00:00+00:00, run_after=2025-01-30 00:00:00+00:00
[2025-01-30T08:57:00.232+0000] {processor.py:183} INFO - Processing /home/airflow/.local/lib/python3.12/site-packages/airflow/example_dags/example_bash_operator.py took 0.107 seconds
[2025-01-30T08:57:30.330+0000] {processor.py:161} INFO - Started process (PID=1646) to work on /home/airflow/.local/lib/python3.12/site-packages/airflow/example_dags/example_bash_operator.py
[2025-01-30T08:57:30.333+0000] {processor.py:830} INFO - Processing file /home/airflow/.local/lib/python3.12/site-packages/airflow/example_dags/example_bash_operator.py for tasks to queue
[2025-01-30T08:57:30.337+0000] {logging_mixin.py:188} INFO - [2025-01-30T08:57:30.336+0000] {dagbag.py:545} INFO - Filling up the DagBag from /home/airflow/.local/lib/python3.12/site-packages/airflow/example_dags/example_bash_operator.py
[2025-01-30T08:57:30.357+0000] {processor.py:840} INFO - DAG(s) 'example_bash_operator' retrieved from /home/airflow/.local/lib/python3.12/site-packages/airflow/example_dags/example_bash_operator.py
[2025-01-30T08:57:30.392+0000] {logging_mixin.py:188} INFO - [2025-01-30T08:57:30.392+0000] {dag.py:3096} INFO - Sync 1 DAGs
[2025-01-30T08:57:30.419+0000] {logging_mixin.py:188} INFO - [2025-01-30T08:57:30.419+0000] {dag.py:3954} INFO - Setting next_dagrun for example_bash_operator to 2025-01-29 00:00:00+00:00, run_after=2025-01-30 00:00:00+00:00
[2025-01-30T08:57:30.446+0000] {processor.py:183} INFO - Processing /home/airflow/.local/lib/python3.12/site-packages/airflow/example_dags/example_bash_operator.py took 0.122 seconds
[2025-01-30T08:58:00.735+0000] {processor.py:161} INFO - Started process (PID=1705) to work on /home/airflow/.local/lib/python3.12/site-packages/airflow/example_dags/example_bash_operator.py
[2025-01-30T08:58:00.737+0000] {processor.py:830} INFO - Processing file /home/airflow/.local/lib/python3.12/site-packages/airflow/example_dags/example_bash_operator.py for tasks to queue
[2025-01-30T08:58:00.748+0000] {logging_mixin.py:188} INFO - [2025-01-30T08:58:00.747+0000] {dagbag.py:545} INFO - Filling up the DagBag from /home/airflow/.local/lib/python3.12/site-packages/airflow/example_dags/example_bash_operator.py
[2025-01-30T08:58:00.767+0000] {processor.py:840} INFO - DAG(s) 'example_bash_operator' retrieved from /home/airflow/.local/lib/python3.12/site-packages/airflow/example_dags/example_bash_operator.py
[2025-01-30T08:58:00.808+0000] {logging_mixin.py:188} INFO - [2025-01-30T08:58:00.808+0000] {dag.py:3096} INFO - Sync 1 DAGs
[2025-01-30T08:58:00.838+0000] {logging_mixin.py:188} INFO - [2025-01-30T08:58:00.838+0000] {dag.py:3954} INFO - Setting next_dagrun for example_bash_operator to 2025-01-29 00:00:00+00:00, run_after=2025-01-30 00:00:00+00:00
[2025-01-30T08:58:00.868+0000] {processor.py:183} INFO - Processing /home/airflow/.local/lib/python3.12/site-packages/airflow/example_dags/example_bash_operator.py took 0.139 seconds
[2025-01-30T08:58:30.980+0000] {processor.py:161} INFO - Started process (PID=1763) to work on /home/airflow/.local/lib/python3.12/site-packages/airflow/example_dags/example_bash_operator.py
[2025-01-30T08:58:30.981+0000] {processor.py:830} INFO - Processing file /home/airflow/.local/lib/python3.12/site-packages/airflow/example_dags/example_bash_operator.py for tasks to queue
[2025-01-30T08:58:30.983+0000] {logging_mixin.py:188} INFO - [2025-01-30T08:58:30.982+0000] {dagbag.py:545} INFO - Filling up the DagBag from /home/airflow/.local/lib/python3.12/site-packages/airflow/example_dags/example_bash_operator.py
[2025-01-30T08:58:30.992+0000] {processor.py:840} INFO - DAG(s) 'example_bash_operator' retrieved from /home/airflow/.local/lib/python3.12/site-packages/airflow/example_dags/example_bash_operator.py
[2025-01-30T08:58:31.023+0000] {logging_mixin.py:188} INFO - [2025-01-30T08:58:31.023+0000] {dag.py:3096} INFO - Sync 1 DAGs
[2025-01-30T08:58:31.049+0000] {logging_mixin.py:188} INFO - [2025-01-30T08:58:31.049+0000] {dag.py:3954} INFO - Setting next_dagrun for example_bash_operator to 2025-01-29 00:00:00+00:00, run_after=2025-01-30 00:00:00+00:00
[2025-01-30T08:58:31.072+0000] {processor.py:183} INFO - Processing /home/airflow/.local/lib/python3.12/site-packages/airflow/example_dags/example_bash_operator.py took 0.097 seconds
[2025-01-30T09:01:47.777+0000] {processor.py:161} INFO - Started process (PID=81) to work on /home/airflow/.local/lib/python3.12/site-packages/airflow/example_dags/example_bash_operator.py
[2025-01-30T09:01:47.778+0000] {processor.py:830} INFO - Processing file /home/airflow/.local/lib/python3.12/site-packages/airflow/example_dags/example_bash_operator.py for tasks to queue
[2025-01-30T09:01:47.780+0000] {logging_mixin.py:188} INFO - [2025-01-30T09:01:47.780+0000] {dagbag.py:545} INFO - Filling up the DagBag from /home/airflow/.local/lib/python3.12/site-packages/airflow/example_dags/example_bash_operator.py
[2025-01-30T09:01:47.805+0000] {processor.py:840} INFO - DAG(s) 'example_bash_operator' retrieved from /home/airflow/.local/lib/python3.12/site-packages/airflow/example_dags/example_bash_operator.py
[2025-01-30T09:01:48.077+0000] {logging_mixin.py:188} INFO - [2025-01-30T09:01:48.076+0000] {dag.py:3096} INFO - Sync 1 DAGs
[2025-01-30T09:01:48.103+0000] {logging_mixin.py:188} INFO - [2025-01-30T09:01:48.102+0000] {dag.py:3954} INFO - Setting next_dagrun for example_bash_operator to 2025-01-29 00:00:00+00:00, run_after=2025-01-30 00:00:00+00:00
[2025-01-30T09:01:48.132+0000] {processor.py:183} INFO - Processing /home/airflow/.local/lib/python3.12/site-packages/airflow/example_dags/example_bash_operator.py took 0.362 seconds
[2025-01-30T09:02:18.232+0000] {processor.py:161} INFO - Started process (PID=139) to work on /home/airflow/.local/lib/python3.12/site-packages/airflow/example_dags/example_bash_operator.py
[2025-01-30T09:02:18.233+0000] {processor.py:830} INFO - Processing file /home/airflow/.local/lib/python3.12/site-packages/airflow/example_dags/example_bash_operator.py for tasks to queue
[2025-01-30T09:02:18.236+0000] {logging_mixin.py:188} INFO - [2025-01-30T09:02:18.236+0000] {dagbag.py:545} INFO - Filling up the DagBag from /home/airflow/.local/lib/python3.12/site-packages/airflow/example_dags/example_bash_operator.py
[2025-01-30T09:02:18.253+0000] {processor.py:840} INFO - DAG(s) 'example_bash_operator' retrieved from /home/airflow/.local/lib/python3.12/site-packages/airflow/example_dags/example_bash_operator.py
[2025-01-30T09:02:18.286+0000] {logging_mixin.py:188} INFO - [2025-01-30T09:02:18.285+0000] {dag.py:3096} INFO - Sync 1 DAGs
[2025-01-30T09:02:18.313+0000] {logging_mixin.py:188} INFO - [2025-01-30T09:02:18.312+0000] {dag.py:3954} INFO - Setting next_dagrun for example_bash_operator to 2025-01-29 00:00:00+00:00, run_after=2025-01-30 00:00:00+00:00
[2025-01-30T09:02:19.369+0000] {processor.py:183} INFO - Processing /home/airflow/.local/lib/python3.12/site-packages/airflow/example_dags/example_bash_operator.py took 1.144 seconds
[2025-01-30T09:02:49.856+0000] {processor.py:161} INFO - Started process (PID=197) to work on /home/airflow/.local/lib/python3.12/site-packages/airflow/example_dags/example_bash_operator.py
[2025-01-30T09:02:49.857+0000] {processor.py:830} INFO - Processing file /home/airflow/.local/lib/python3.12/site-packages/airflow/example_dags/example_bash_operator.py for tasks to queue
[2025-01-30T09:02:49.860+0000] {logging_mixin.py:188} INFO - [2025-01-30T09:02:49.859+0000] {dagbag.py:545} INFO - Filling up the DagBag from /home/airflow/.local/lib/python3.12/site-packages/airflow/example_dags/example_bash_operator.py
[2025-01-30T09:02:49.873+0000] {processor.py:840} INFO - DAG(s) 'example_bash_operator' retrieved from /home/airflow/.local/lib/python3.12/site-packages/airflow/example_dags/example_bash_operator.py
[2025-01-30T09:02:49.902+0000] {logging_mixin.py:188} INFO - [2025-01-30T09:02:49.902+0000] {dag.py:3096} INFO - Sync 1 DAGs
[2025-01-30T09:02:49.927+0000] {logging_mixin.py:188} INFO - [2025-01-30T09:02:49.927+0000] {dag.py:3954} INFO - Setting next_dagrun for example_bash_operator to 2025-01-29 00:00:00+00:00, run_after=2025-01-30 00:00:00+00:00
[2025-01-30T09:02:49.954+0000] {processor.py:183} INFO - Processing /home/airflow/.local/lib/python3.12/site-packages/airflow/example_dags/example_bash_operator.py took 0.107 seconds
[2025-01-30T09:03:20.077+0000] {processor.py:161} INFO - Started process (PID=255) to work on /home/airflow/.local/lib/python3.12/site-packages/airflow/example_dags/example_bash_operator.py
[2025-01-30T09:03:20.079+0000] {processor.py:830} INFO - Processing file /home/airflow/.local/lib/python3.12/site-packages/airflow/example_dags/example_bash_operator.py for tasks to queue
[2025-01-30T09:03:20.081+0000] {logging_mixin.py:188} INFO - [2025-01-30T09:03:20.081+0000] {dagbag.py:545} INFO - Filling up the DagBag from /home/airflow/.local/lib/python3.12/site-packages/airflow/example_dags/example_bash_operator.py
[2025-01-30T09:03:20.098+0000] {processor.py:840} INFO - DAG(s) 'example_bash_operator' retrieved from /home/airflow/.local/lib/python3.12/site-packages/airflow/example_dags/example_bash_operator.py
[2025-01-30T09:03:20.136+0000] {logging_mixin.py:188} INFO - [2025-01-30T09:03:20.135+0000] {dag.py:3096} INFO - Sync 1 DAGs
[2025-01-30T09:03:20.164+0000] {logging_mixin.py:188} INFO - [2025-01-30T09:03:20.164+0000] {dag.py:3954} INFO - Setting next_dagrun for example_bash_operator to 2025-01-29 00:00:00+00:00, run_after=2025-01-30 00:00:00+00:00
[2025-01-30T09:03:20.195+0000] {processor.py:183} INFO - Processing /home/airflow/.local/lib/python3.12/site-packages/airflow/example_dags/example_bash_operator.py took 0.126 seconds
[2025-01-30T09:05:19.011+0000] {processor.py:161} INFO - Started process (PID=73) to work on /home/airflow/.local/lib/python3.12/site-packages/airflow/example_dags/example_bash_operator.py
[2025-01-30T09:05:19.013+0000] {processor.py:830} INFO - Processing file /home/airflow/.local/lib/python3.12/site-packages/airflow/example_dags/example_bash_operator.py for tasks to queue
[2025-01-30T09:05:19.015+0000] {logging_mixin.py:188} INFO - [2025-01-30T09:05:19.015+0000] {dagbag.py:545} INFO - Filling up the DagBag from /home/airflow/.local/lib/python3.12/site-packages/airflow/example_dags/example_bash_operator.py
[2025-01-30T09:05:19.055+0000] {processor.py:840} INFO - DAG(s) 'example_bash_operator' retrieved from /home/airflow/.local/lib/python3.12/site-packages/airflow/example_dags/example_bash_operator.py
[2025-01-30T09:05:19.387+0000] {logging_mixin.py:188} INFO - [2025-01-30T09:05:19.386+0000] {dag.py:3096} INFO - Sync 1 DAGs
[2025-01-30T09:05:19.414+0000] {logging_mixin.py:188} INFO - [2025-01-30T09:05:19.413+0000] {dag.py:3954} INFO - Setting next_dagrun for example_bash_operator to 2025-01-29 00:00:00+00:00, run_after=2025-01-30 00:00:00+00:00
[2025-01-30T09:05:19.465+0000] {processor.py:183} INFO - Processing /home/airflow/.local/lib/python3.12/site-packages/airflow/example_dags/example_bash_operator.py took 0.460 seconds
[2025-01-30T09:05:50.344+0000] {processor.py:161} INFO - Started process (PID=137) to work on /home/airflow/.local/lib/python3.12/site-packages/airflow/example_dags/example_bash_operator.py
[2025-01-30T09:05:50.346+0000] {processor.py:830} INFO - Processing file /home/airflow/.local/lib/python3.12/site-packages/airflow/example_dags/example_bash_operator.py for tasks to queue
[2025-01-30T09:05:50.348+0000] {logging_mixin.py:188} INFO - [2025-01-30T09:05:50.348+0000] {dagbag.py:545} INFO - Filling up the DagBag from /home/airflow/.local/lib/python3.12/site-packages/airflow/example_dags/example_bash_operator.py
[2025-01-30T09:05:50.358+0000] {processor.py:840} INFO - DAG(s) 'example_bash_operator' retrieved from /home/airflow/.local/lib/python3.12/site-packages/airflow/example_dags/example_bash_operator.py
[2025-01-30T09:05:50.390+0000] {logging_mixin.py:188} INFO - [2025-01-30T09:05:50.390+0000] {dag.py:3096} INFO - Sync 1 DAGs
[2025-01-30T09:05:50.418+0000] {logging_mixin.py:188} INFO - [2025-01-30T09:05:50.418+0000] {dag.py:3954} INFO - Setting next_dagrun for example_bash_operator to 2025-01-29 00:00:00+00:00, run_after=2025-01-30 00:00:00+00:00
[2025-01-30T09:05:50.444+0000] {processor.py:183} INFO - Processing /home/airflow/.local/lib/python3.12/site-packages/airflow/example_dags/example_bash_operator.py took 0.104 seconds
[2025-01-30T09:10:49.533+0000] {processor.py:161} INFO - Started process (PID=82) to work on /home/airflow/.local/lib/python3.12/site-packages/airflow/example_dags/example_bash_operator.py
[2025-01-30T09:10:49.535+0000] {processor.py:830} INFO - Processing file /home/airflow/.local/lib/python3.12/site-packages/airflow/example_dags/example_bash_operator.py for tasks to queue
[2025-01-30T09:10:49.537+0000] {logging_mixin.py:188} INFO - [2025-01-30T09:10:49.537+0000] {dagbag.py:545} INFO - Filling up the DagBag from /home/airflow/.local/lib/python3.12/site-packages/airflow/example_dags/example_bash_operator.py
[2025-01-30T09:10:49.564+0000] {processor.py:840} INFO - DAG(s) 'example_bash_operator' retrieved from /home/airflow/.local/lib/python3.12/site-packages/airflow/example_dags/example_bash_operator.py
[2025-01-30T09:10:49.840+0000] {logging_mixin.py:188} INFO - [2025-01-30T09:10:49.840+0000] {dag.py:3096} INFO - Sync 1 DAGs
[2025-01-30T09:10:49.862+0000] {logging_mixin.py:188} INFO - [2025-01-30T09:10:49.862+0000] {dag.py:3954} INFO - Setting next_dagrun for example_bash_operator to 2025-01-29 00:00:00+00:00, run_after=2025-01-30 00:00:00+00:00
[2025-01-30T09:10:49.885+0000] {processor.py:183} INFO - Processing /home/airflow/.local/lib/python3.12/site-packages/airflow/example_dags/example_bash_operator.py took 0.358 seconds
[2025-01-30T09:11:20.570+0000] {processor.py:161} INFO - Started process (PID=141) to work on /home/airflow/.local/lib/python3.12/site-packages/airflow/example_dags/example_bash_operator.py
[2025-01-30T09:11:20.571+0000] {processor.py:830} INFO - Processing file /home/airflow/.local/lib/python3.12/site-packages/airflow/example_dags/example_bash_operator.py for tasks to queue
[2025-01-30T09:11:20.573+0000] {logging_mixin.py:188} INFO - [2025-01-30T09:11:20.573+0000] {dagbag.py:545} INFO - Filling up the DagBag from /home/airflow/.local/lib/python3.12/site-packages/airflow/example_dags/example_bash_operator.py
[2025-01-30T09:11:20.583+0000] {processor.py:840} INFO - DAG(s) 'example_bash_operator' retrieved from /home/airflow/.local/lib/python3.12/site-packages/airflow/example_dags/example_bash_operator.py
[2025-01-30T09:11:20.609+0000] {logging_mixin.py:188} INFO - [2025-01-30T09:11:20.609+0000] {dag.py:3096} INFO - Sync 1 DAGs
[2025-01-30T09:11:20.632+0000] {logging_mixin.py:188} INFO - [2025-01-30T09:11:20.632+0000] {dag.py:3954} INFO - Setting next_dagrun for example_bash_operator to 2025-01-29 00:00:00+00:00, run_after=2025-01-30 00:00:00+00:00
[2025-01-30T09:11:20.654+0000] {processor.py:183} INFO - Processing /home/airflow/.local/lib/python3.12/site-packages/airflow/example_dags/example_bash_operator.py took 0.088 seconds
[2025-01-30T09:11:51.167+0000] {processor.py:161} INFO - Started process (PID=199) to work on /home/airflow/.local/lib/python3.12/site-packages/airflow/example_dags/example_bash_operator.py
[2025-01-30T09:11:51.169+0000] {processor.py:830} INFO - Processing file /home/airflow/.local/lib/python3.12/site-packages/airflow/example_dags/example_bash_operator.py for tasks to queue
[2025-01-30T09:11:51.171+0000] {logging_mixin.py:188} INFO - [2025-01-30T09:11:51.170+0000] {dagbag.py:545} INFO - Filling up the DagBag from /home/airflow/.local/lib/python3.12/site-packages/airflow/example_dags/example_bash_operator.py
[2025-01-30T09:11:51.181+0000] {processor.py:840} INFO - DAG(s) 'example_bash_operator' retrieved from /home/airflow/.local/lib/python3.12/site-packages/airflow/example_dags/example_bash_operator.py
[2025-01-30T09:11:51.208+0000] {logging_mixin.py:188} INFO - [2025-01-30T09:11:51.208+0000] {dag.py:3096} INFO - Sync 1 DAGs
[2025-01-30T09:11:51.233+0000] {logging_mixin.py:188} INFO - [2025-01-30T09:11:51.233+0000] {dag.py:3954} INFO - Setting next_dagrun for example_bash_operator to 2025-01-29 00:00:00+00:00, run_after=2025-01-30 00:00:00+00:00
[2025-01-30T09:11:51.257+0000] {processor.py:183} INFO - Processing /home/airflow/.local/lib/python3.12/site-packages/airflow/example_dags/example_bash_operator.py took 0.094 seconds
[2025-01-30T09:12:21.479+0000] {processor.py:161} INFO - Started process (PID=257) to work on /home/airflow/.local/lib/python3.12/site-packages/airflow/example_dags/example_bash_operator.py
[2025-01-30T09:12:21.480+0000] {processor.py:830} INFO - Processing file /home/airflow/.local/lib/python3.12/site-packages/airflow/example_dags/example_bash_operator.py for tasks to queue
[2025-01-30T09:12:21.482+0000] {logging_mixin.py:188} INFO - [2025-01-30T09:12:21.482+0000] {dagbag.py:545} INFO - Filling up the DagBag from /home/airflow/.local/lib/python3.12/site-packages/airflow/example_dags/example_bash_operator.py
[2025-01-30T09:12:21.492+0000] {processor.py:840} INFO - DAG(s) 'example_bash_operator' retrieved from /home/airflow/.local/lib/python3.12/site-packages/airflow/example_dags/example_bash_operator.py
[2025-01-30T09:12:21.521+0000] {logging_mixin.py:188} INFO - [2025-01-30T09:12:21.520+0000] {dag.py:3096} INFO - Sync 1 DAGs
[2025-01-30T09:12:21.545+0000] {logging_mixin.py:188} INFO - [2025-01-30T09:12:21.545+0000] {dag.py:3954} INFO - Setting next_dagrun for example_bash_operator to 2025-01-29 00:00:00+00:00, run_after=2025-01-30 00:00:00+00:00
[2025-01-30T09:12:21.574+0000] {processor.py:183} INFO - Processing /home/airflow/.local/lib/python3.12/site-packages/airflow/example_dags/example_bash_operator.py took 0.102 seconds
[2025-01-30T09:12:52.126+0000] {processor.py:161} INFO - Started process (PID=315) to work on /home/airflow/.local/lib/python3.12/site-packages/airflow/example_dags/example_bash_operator.py
[2025-01-30T09:12:52.128+0000] {processor.py:830} INFO - Processing file /home/airflow/.local/lib/python3.12/site-packages/airflow/example_dags/example_bash_operator.py for tasks to queue
[2025-01-30T09:12:52.131+0000] {logging_mixin.py:188} INFO - [2025-01-30T09:12:52.131+0000] {dagbag.py:545} INFO - Filling up the DagBag from /home/airflow/.local/lib/python3.12/site-packages/airflow/example_dags/example_bash_operator.py
[2025-01-30T09:12:52.142+0000] {processor.py:840} INFO - DAG(s) 'example_bash_operator' retrieved from /home/airflow/.local/lib/python3.12/site-packages/airflow/example_dags/example_bash_operator.py
[2025-01-30T09:12:52.171+0000] {logging_mixin.py:188} INFO - [2025-01-30T09:12:52.171+0000] {dag.py:3096} INFO - Sync 1 DAGs
[2025-01-30T09:12:52.194+0000] {logging_mixin.py:188} INFO - [2025-01-30T09:12:52.194+0000] {dag.py:3954} INFO - Setting next_dagrun for example_bash_operator to 2025-01-29 00:00:00+00:00, run_after=2025-01-30 00:00:00+00:00
[2025-01-30T09:12:52.216+0000] {processor.py:183} INFO - Processing /home/airflow/.local/lib/python3.12/site-packages/airflow/example_dags/example_bash_operator.py took 0.094 seconds
[2025-01-30T09:13:22.386+0000] {processor.py:161} INFO - Started process (PID=373) to work on /home/airflow/.local/lib/python3.12/site-packages/airflow/example_dags/example_bash_operator.py
[2025-01-30T09:13:22.387+0000] {processor.py:830} INFO - Processing file /home/airflow/.local/lib/python3.12/site-packages/airflow/example_dags/example_bash_operator.py for tasks to queue
[2025-01-30T09:13:22.390+0000] {logging_mixin.py:188} INFO - [2025-01-30T09:13:22.389+0000] {dagbag.py:545} INFO - Filling up the DagBag from /home/airflow/.local/lib/python3.12/site-packages/airflow/example_dags/example_bash_operator.py
[2025-01-30T09:13:22.401+0000] {processor.py:840} INFO - DAG(s) 'example_bash_operator' retrieved from /home/airflow/.local/lib/python3.12/site-packages/airflow/example_dags/example_bash_operator.py
[2025-01-30T09:13:22.432+0000] {logging_mixin.py:188} INFO - [2025-01-30T09:13:22.431+0000] {dag.py:3096} INFO - Sync 1 DAGs
[2025-01-30T09:13:22.458+0000] {logging_mixin.py:188} INFO - [2025-01-30T09:13:22.457+0000] {dag.py:3954} INFO - Setting next_dagrun for example_bash_operator to 2025-01-29 00:00:00+00:00, run_after=2025-01-30 00:00:00+00:00
[2025-01-30T09:13:22.483+0000] {processor.py:183} INFO - Processing /home/airflow/.local/lib/python3.12/site-packages/airflow/example_dags/example_bash_operator.py took 0.101 seconds
[2025-01-30T09:13:52.518+0000] {processor.py:161} INFO - Started process (PID=431) to work on /home/airflow/.local/lib/python3.12/site-packages/airflow/example_dags/example_bash_operator.py
[2025-01-30T09:13:52.519+0000] {processor.py:830} INFO - Processing file /home/airflow/.local/lib/python3.12/site-packages/airflow/example_dags/example_bash_operator.py for tasks to queue
[2025-01-30T09:13:52.521+0000] {logging_mixin.py:188} INFO - [2025-01-30T09:13:52.521+0000] {dagbag.py:545} INFO - Filling up the DagBag from /home/airflow/.local/lib/python3.12/site-packages/airflow/example_dags/example_bash_operator.py
[2025-01-30T09:13:52.532+0000] {processor.py:840} INFO - DAG(s) 'example_bash_operator' retrieved from /home/airflow/.local/lib/python3.12/site-packages/airflow/example_dags/example_bash_operator.py
[2025-01-30T09:13:52.577+0000] {logging_mixin.py:188} INFO - [2025-01-30T09:13:52.577+0000] {dag.py:3096} INFO - Sync 1 DAGs
[2025-01-30T09:13:52.605+0000] {logging_mixin.py:188} INFO - [2025-01-30T09:13:52.605+0000] {dag.py:3954} INFO - Setting next_dagrun for example_bash_operator to 2025-01-29 00:00:00+00:00, run_after=2025-01-30 00:00:00+00:00
[2025-01-30T09:13:52.630+0000] {processor.py:183} INFO - Processing /home/airflow/.local/lib/python3.12/site-packages/airflow/example_dags/example_bash_operator.py took 0.118 seconds
[2025-01-30T09:14:22.784+0000] {processor.py:161} INFO - Started process (PID=489) to work on /home/airflow/.local/lib/python3.12/site-packages/airflow/example_dags/example_bash_operator.py
[2025-01-30T09:14:22.785+0000] {processor.py:830} INFO - Processing file /home/airflow/.local/lib/python3.12/site-packages/airflow/example_dags/example_bash_operator.py for tasks to queue
[2025-01-30T09:14:22.787+0000] {logging_mixin.py:188} INFO - [2025-01-30T09:14:22.787+0000] {dagbag.py:545} INFO - Filling up the DagBag from /home/airflow/.local/lib/python3.12/site-packages/airflow/example_dags/example_bash_operator.py
[2025-01-30T09:14:22.800+0000] {processor.py:840} INFO - DAG(s) 'example_bash_operator' retrieved from /home/airflow/.local/lib/python3.12/site-packages/airflow/example_dags/example_bash_operator.py
[2025-01-30T09:14:22.830+0000] {logging_mixin.py:188} INFO - [2025-01-30T09:14:22.829+0000] {dag.py:3096} INFO - Sync 1 DAGs
[2025-01-30T09:14:22.855+0000] {logging_mixin.py:188} INFO - [2025-01-30T09:14:22.855+0000] {dag.py:3954} INFO - Setting next_dagrun for example_bash_operator to 2025-01-29 00:00:00+00:00, run_after=2025-01-30 00:00:00+00:00
[2025-01-30T09:14:22.878+0000] {processor.py:183} INFO - Processing /home/airflow/.local/lib/python3.12/site-packages/airflow/example_dags/example_bash_operator.py took 0.100 seconds
[2025-01-30T09:14:53.328+0000] {processor.py:161} INFO - Started process (PID=547) to work on /home/airflow/.local/lib/python3.12/site-packages/airflow/example_dags/example_bash_operator.py
[2025-01-30T09:14:53.329+0000] {processor.py:830} INFO - Processing file /home/airflow/.local/lib/python3.12/site-packages/airflow/example_dags/example_bash_operator.py for tasks to queue
[2025-01-30T09:14:53.331+0000] {logging_mixin.py:188} INFO - [2025-01-30T09:14:53.331+0000] {dagbag.py:545} INFO - Filling up the DagBag from /home/airflow/.local/lib/python3.12/site-packages/airflow/example_dags/example_bash_operator.py
[2025-01-30T09:14:53.345+0000] {processor.py:840} INFO - DAG(s) 'example_bash_operator' retrieved from /home/airflow/.local/lib/python3.12/site-packages/airflow/example_dags/example_bash_operator.py
[2025-01-30T09:14:53.375+0000] {logging_mixin.py:188} INFO - [2025-01-30T09:14:53.374+0000] {dag.py:3096} INFO - Sync 1 DAGs
[2025-01-30T09:14:53.399+0000] {logging_mixin.py:188} INFO - [2025-01-30T09:14:53.398+0000] {dag.py:3954} INFO - Setting next_dagrun for example_bash_operator to 2025-01-29 00:00:00+00:00, run_after=2025-01-30 00:00:00+00:00
[2025-01-30T09:14:53.425+0000] {processor.py:183} INFO - Processing /home/airflow/.local/lib/python3.12/site-packages/airflow/example_dags/example_bash_operator.py took 0.103 seconds
[2025-01-30T09:15:23.477+0000] {processor.py:161} INFO - Started process (PID=604) to work on /home/airflow/.local/lib/python3.12/site-packages/airflow/example_dags/example_bash_operator.py
[2025-01-30T09:15:23.478+0000] {processor.py:830} INFO - Processing file /home/airflow/.local/lib/python3.12/site-packages/airflow/example_dags/example_bash_operator.py for tasks to queue
[2025-01-30T09:15:23.480+0000] {logging_mixin.py:188} INFO - [2025-01-30T09:15:23.480+0000] {dagbag.py:545} INFO - Filling up the DagBag from /home/airflow/.local/lib/python3.12/site-packages/airflow/example_dags/example_bash_operator.py
[2025-01-30T09:15:23.492+0000] {processor.py:840} INFO - DAG(s) 'example_bash_operator' retrieved from /home/airflow/.local/lib/python3.12/site-packages/airflow/example_dags/example_bash_operator.py
[2025-01-30T09:15:23.522+0000] {logging_mixin.py:188} INFO - [2025-01-30T09:15:23.522+0000] {dag.py:3096} INFO - Sync 1 DAGs
[2025-01-30T09:15:23.548+0000] {logging_mixin.py:188} INFO - [2025-01-30T09:15:23.548+0000] {dag.py:3954} INFO - Setting next_dagrun for example_bash_operator to 2025-01-29 00:00:00+00:00, run_after=2025-01-30 00:00:00+00:00
[2025-01-30T09:15:23.578+0000] {processor.py:183} INFO - Processing /home/airflow/.local/lib/python3.12/site-packages/airflow/example_dags/example_bash_operator.py took 0.107 seconds
[2025-01-30T09:15:53.618+0000] {processor.py:161} INFO - Started process (PID=662) to work on /home/airflow/.local/lib/python3.12/site-packages/airflow/example_dags/example_bash_operator.py
[2025-01-30T09:15:53.619+0000] {processor.py:830} INFO - Processing file /home/airflow/.local/lib/python3.12/site-packages/airflow/example_dags/example_bash_operator.py for tasks to queue
[2025-01-30T09:15:53.621+0000] {logging_mixin.py:188} INFO - [2025-01-30T09:15:53.621+0000] {dagbag.py:545} INFO - Filling up the DagBag from /home/airflow/.local/lib/python3.12/site-packages/airflow/example_dags/example_bash_operator.py
[2025-01-30T09:15:53.632+0000] {processor.py:840} INFO - DAG(s) 'example_bash_operator' retrieved from /home/airflow/.local/lib/python3.12/site-packages/airflow/example_dags/example_bash_operator.py
[2025-01-30T09:15:53.664+0000] {logging_mixin.py:188} INFO - [2025-01-30T09:15:53.663+0000] {dag.py:3096} INFO - Sync 1 DAGs
[2025-01-30T09:15:53.689+0000] {logging_mixin.py:188} INFO - [2025-01-30T09:15:53.689+0000] {dag.py:3954} INFO - Setting next_dagrun for example_bash_operator to 2025-01-29 00:00:00+00:00, run_after=2025-01-30 00:00:00+00:00
[2025-01-30T09:15:53.714+0000] {processor.py:183} INFO - Processing /home/airflow/.local/lib/python3.12/site-packages/airflow/example_dags/example_bash_operator.py took 0.101 seconds
[2025-01-30T09:16:24.148+0000] {processor.py:161} INFO - Started process (PID=720) to work on /home/airflow/.local/lib/python3.12/site-packages/airflow/example_dags/example_bash_operator.py
[2025-01-30T09:16:24.150+0000] {processor.py:830} INFO - Processing file /home/airflow/.local/lib/python3.12/site-packages/airflow/example_dags/example_bash_operator.py for tasks to queue
[2025-01-30T09:16:24.151+0000] {logging_mixin.py:188} INFO - [2025-01-30T09:16:24.151+0000] {dagbag.py:545} INFO - Filling up the DagBag from /home/airflow/.local/lib/python3.12/site-packages/airflow/example_dags/example_bash_operator.py
[2025-01-30T09:16:24.163+0000] {processor.py:840} INFO - DAG(s) 'example_bash_operator' retrieved from /home/airflow/.local/lib/python3.12/site-packages/airflow/example_dags/example_bash_operator.py
[2025-01-30T09:16:24.193+0000] {logging_mixin.py:188} INFO - [2025-01-30T09:16:24.193+0000] {dag.py:3096} INFO - Sync 1 DAGs
[2025-01-30T09:16:24.219+0000] {logging_mixin.py:188} INFO - [2025-01-30T09:16:24.219+0000] {dag.py:3954} INFO - Setting next_dagrun for example_bash_operator to 2025-01-29 00:00:00+00:00, run_after=2025-01-30 00:00:00+00:00
[2025-01-30T09:16:24.257+0000] {processor.py:183} INFO - Processing /home/airflow/.local/lib/python3.12/site-packages/airflow/example_dags/example_bash_operator.py took 0.114 seconds
[2025-01-30T09:16:54.339+0000] {processor.py:161} INFO - Started process (PID=778) to work on /home/airflow/.local/lib/python3.12/site-packages/airflow/example_dags/example_bash_operator.py
[2025-01-30T09:16:54.341+0000] {processor.py:830} INFO - Processing file /home/airflow/.local/lib/python3.12/site-packages/airflow/example_dags/example_bash_operator.py for tasks to queue
[2025-01-30T09:16:54.343+0000] {logging_mixin.py:188} INFO - [2025-01-30T09:16:54.342+0000] {dagbag.py:545} INFO - Filling up the DagBag from /home/airflow/.local/lib/python3.12/site-packages/airflow/example_dags/example_bash_operator.py
[2025-01-30T09:16:54.353+0000] {processor.py:840} INFO - DAG(s) 'example_bash_operator' retrieved from /home/airflow/.local/lib/python3.12/site-packages/airflow/example_dags/example_bash_operator.py
[2025-01-30T09:16:54.383+0000] {logging_mixin.py:188} INFO - [2025-01-30T09:16:54.383+0000] {dag.py:3096} INFO - Sync 1 DAGs
[2025-01-30T09:16:54.408+0000] {logging_mixin.py:188} INFO - [2025-01-30T09:16:54.408+0000] {dag.py:3954} INFO - Setting next_dagrun for example_bash_operator to 2025-01-29 00:00:00+00:00, run_after=2025-01-30 00:00:00+00:00
[2025-01-30T09:16:54.434+0000] {processor.py:183} INFO - Processing /home/airflow/.local/lib/python3.12/site-packages/airflow/example_dags/example_bash_operator.py took 0.099 seconds
[2025-01-30T09:17:24.809+0000] {processor.py:161} INFO - Started process (PID=836) to work on /home/airflow/.local/lib/python3.12/site-packages/airflow/example_dags/example_bash_operator.py
[2025-01-30T09:17:24.810+0000] {processor.py:830} INFO - Processing file /home/airflow/.local/lib/python3.12/site-packages/airflow/example_dags/example_bash_operator.py for tasks to queue
[2025-01-30T09:17:24.812+0000] {logging_mixin.py:188} INFO - [2025-01-30T09:17:24.812+0000] {dagbag.py:545} INFO - Filling up the DagBag from /home/airflow/.local/lib/python3.12/site-packages/airflow/example_dags/example_bash_operator.py
[2025-01-30T09:17:24.823+0000] {processor.py:840} INFO - DAG(s) 'example_bash_operator' retrieved from /home/airflow/.local/lib/python3.12/site-packages/airflow/example_dags/example_bash_operator.py
[2025-01-30T09:17:24.855+0000] {logging_mixin.py:188} INFO - [2025-01-30T09:17:24.854+0000] {dag.py:3096} INFO - Sync 1 DAGs
[2025-01-30T09:17:24.878+0000] {logging_mixin.py:188} INFO - [2025-01-30T09:17:24.878+0000] {dag.py:3954} INFO - Setting next_dagrun for example_bash_operator to 2025-01-29 00:00:00+00:00, run_after=2025-01-30 00:00:00+00:00
[2025-01-30T09:17:24.903+0000] {processor.py:183} INFO - Processing /home/airflow/.local/lib/python3.12/site-packages/airflow/example_dags/example_bash_operator.py took 0.099 seconds
[2025-01-30T09:17:55.029+0000] {processor.py:161} INFO - Started process (PID=895) to work on /home/airflow/.local/lib/python3.12/site-packages/airflow/example_dags/example_bash_operator.py
[2025-01-30T09:17:55.030+0000] {processor.py:830} INFO - Processing file /home/airflow/.local/lib/python3.12/site-packages/airflow/example_dags/example_bash_operator.py for tasks to queue
[2025-01-30T09:17:55.032+0000] {logging_mixin.py:188} INFO - [2025-01-30T09:17:55.031+0000] {dagbag.py:545} INFO - Filling up the DagBag from /home/airflow/.local/lib/python3.12/site-packages/airflow/example_dags/example_bash_operator.py
[2025-01-30T09:17:55.042+0000] {processor.py:840} INFO - DAG(s) 'example_bash_operator' retrieved from /home/airflow/.local/lib/python3.12/site-packages/airflow/example_dags/example_bash_operator.py
[2025-01-30T09:17:55.069+0000] {logging_mixin.py:188} INFO - [2025-01-30T09:17:55.069+0000] {dag.py:3096} INFO - Sync 1 DAGs
[2025-01-30T09:17:55.093+0000] {logging_mixin.py:188} INFO - [2025-01-30T09:17:55.092+0000] {dag.py:3954} INFO - Setting next_dagrun for example_bash_operator to 2025-01-29 00:00:00+00:00, run_after=2025-01-30 00:00:00+00:00
[2025-01-30T09:17:55.116+0000] {processor.py:183} INFO - Processing /home/airflow/.local/lib/python3.12/site-packages/airflow/example_dags/example_bash_operator.py took 0.092 seconds
[2025-01-30T09:18:25.571+0000] {processor.py:161} INFO - Started process (PID=954) to work on /home/airflow/.local/lib/python3.12/site-packages/airflow/example_dags/example_bash_operator.py
[2025-01-30T09:18:25.572+0000] {processor.py:830} INFO - Processing file /home/airflow/.local/lib/python3.12/site-packages/airflow/example_dags/example_bash_operator.py for tasks to queue
[2025-01-30T09:18:25.574+0000] {logging_mixin.py:188} INFO - [2025-01-30T09:18:25.574+0000] {dagbag.py:545} INFO - Filling up the DagBag from /home/airflow/.local/lib/python3.12/site-packages/airflow/example_dags/example_bash_operator.py
[2025-01-30T09:18:25.586+0000] {processor.py:840} INFO - DAG(s) 'example_bash_operator' retrieved from /home/airflow/.local/lib/python3.12/site-packages/airflow/example_dags/example_bash_operator.py
[2025-01-30T09:18:25.620+0000] {logging_mixin.py:188} INFO - [2025-01-30T09:18:25.619+0000] {dag.py:3096} INFO - Sync 1 DAGs
[2025-01-30T09:18:25.646+0000] {logging_mixin.py:188} INFO - [2025-01-30T09:18:25.645+0000] {dag.py:3954} INFO - Setting next_dagrun for example_bash_operator to 2025-01-29 00:00:00+00:00, run_after=2025-01-30 00:00:00+00:00
[2025-01-30T09:18:25.680+0000] {processor.py:183} INFO - Processing /home/airflow/.local/lib/python3.12/site-packages/airflow/example_dags/example_bash_operator.py took 0.114 seconds
[2025-01-30T09:20:15.185+0000] {processor.py:161} INFO - Started process (PID=79) to work on /home/airflow/.local/lib/python3.12/site-packages/airflow/example_dags/example_bash_operator.py
[2025-01-30T09:20:15.187+0000] {processor.py:830} INFO - Processing file /home/airflow/.local/lib/python3.12/site-packages/airflow/example_dags/example_bash_operator.py for tasks to queue
[2025-01-30T09:20:15.189+0000] {logging_mixin.py:188} INFO - [2025-01-30T09:20:15.188+0000] {dagbag.py:545} INFO - Filling up the DagBag from /home/airflow/.local/lib/python3.12/site-packages/airflow/example_dags/example_bash_operator.py
[2025-01-30T09:20:15.209+0000] {processor.py:840} INFO - DAG(s) 'example_bash_operator' retrieved from /home/airflow/.local/lib/python3.12/site-packages/airflow/example_dags/example_bash_operator.py
[2025-01-30T09:20:15.449+0000] {logging_mixin.py:188} INFO - [2025-01-30T09:20:15.448+0000] {dag.py:3096} INFO - Sync 1 DAGs
[2025-01-30T09:20:15.469+0000] {logging_mixin.py:188} INFO - [2025-01-30T09:20:15.468+0000] {dag.py:3954} INFO - Setting next_dagrun for example_bash_operator to 2025-01-29 00:00:00+00:00, run_after=2025-01-30 00:00:00+00:00
[2025-01-30T09:20:15.495+0000] {processor.py:183} INFO - Processing /home/airflow/.local/lib/python3.12/site-packages/airflow/example_dags/example_bash_operator.py took 0.317 seconds
[2025-01-30T09:20:45.615+0000] {processor.py:161} INFO - Started process (PID=137) to work on /home/airflow/.local/lib/python3.12/site-packages/airflow/example_dags/example_bash_operator.py
[2025-01-30T09:20:45.616+0000] {processor.py:830} INFO - Processing file /home/airflow/.local/lib/python3.12/site-packages/airflow/example_dags/example_bash_operator.py for tasks to queue
[2025-01-30T09:20:45.619+0000] {logging_mixin.py:188} INFO - [2025-01-30T09:20:45.618+0000] {dagbag.py:545} INFO - Filling up the DagBag from /home/airflow/.local/lib/python3.12/site-packages/airflow/example_dags/example_bash_operator.py
[2025-01-30T09:20:45.633+0000] {processor.py:840} INFO - DAG(s) 'example_bash_operator' retrieved from /home/airflow/.local/lib/python3.12/site-packages/airflow/example_dags/example_bash_operator.py
[2025-01-30T09:20:45.669+0000] {logging_mixin.py:188} INFO - [2025-01-30T09:20:45.669+0000] {dag.py:3096} INFO - Sync 1 DAGs
[2025-01-30T09:20:45.699+0000] {logging_mixin.py:188} INFO - [2025-01-30T09:20:45.699+0000] {dag.py:3954} INFO - Setting next_dagrun for example_bash_operator to 2025-01-29 00:00:00+00:00, run_after=2025-01-30 00:00:00+00:00
[2025-01-30T09:20:45.727+0000] {processor.py:183} INFO - Processing /home/airflow/.local/lib/python3.12/site-packages/airflow/example_dags/example_bash_operator.py took 0.117 seconds
[2025-01-30T09:21:15.914+0000] {processor.py:161} INFO - Started process (PID=195) to work on /home/airflow/.local/lib/python3.12/site-packages/airflow/example_dags/example_bash_operator.py
[2025-01-30T09:21:15.915+0000] {processor.py:830} INFO - Processing file /home/airflow/.local/lib/python3.12/site-packages/airflow/example_dags/example_bash_operator.py for tasks to queue
[2025-01-30T09:21:15.917+0000] {logging_mixin.py:188} INFO - [2025-01-30T09:21:15.917+0000] {dagbag.py:545} INFO - Filling up the DagBag from /home/airflow/.local/lib/python3.12/site-packages/airflow/example_dags/example_bash_operator.py
[2025-01-30T09:21:15.928+0000] {processor.py:840} INFO - DAG(s) 'example_bash_operator' retrieved from /home/airflow/.local/lib/python3.12/site-packages/airflow/example_dags/example_bash_operator.py
[2025-01-30T09:21:15.957+0000] {logging_mixin.py:188} INFO - [2025-01-30T09:21:15.956+0000] {dag.py:3096} INFO - Sync 1 DAGs
[2025-01-30T09:21:15.984+0000] {logging_mixin.py:188} INFO - [2025-01-30T09:21:15.983+0000] {dag.py:3954} INFO - Setting next_dagrun for example_bash_operator to 2025-01-29 00:00:00+00:00, run_after=2025-01-30 00:00:00+00:00
[2025-01-30T09:21:16.008+0000] {processor.py:183} INFO - Processing /home/airflow/.local/lib/python3.12/site-packages/airflow/example_dags/example_bash_operator.py took 0.100 seconds
[2025-01-30T09:21:46.245+0000] {processor.py:161} INFO - Started process (PID=253) to work on /home/airflow/.local/lib/python3.12/site-packages/airflow/example_dags/example_bash_operator.py
[2025-01-30T09:21:46.247+0000] {processor.py:830} INFO - Processing file /home/airflow/.local/lib/python3.12/site-packages/airflow/example_dags/example_bash_operator.py for tasks to queue
[2025-01-30T09:21:46.250+0000] {logging_mixin.py:188} INFO - [2025-01-30T09:21:46.250+0000] {dagbag.py:545} INFO - Filling up the DagBag from /home/airflow/.local/lib/python3.12/site-packages/airflow/example_dags/example_bash_operator.py
[2025-01-30T09:21:46.261+0000] {processor.py:840} INFO - DAG(s) 'example_bash_operator' retrieved from /home/airflow/.local/lib/python3.12/site-packages/airflow/example_dags/example_bash_operator.py
[2025-01-30T09:21:46.293+0000] {logging_mixin.py:188} INFO - [2025-01-30T09:21:46.292+0000] {dag.py:3096} INFO - Sync 1 DAGs
[2025-01-30T09:21:46.318+0000] {logging_mixin.py:188} INFO - [2025-01-30T09:21:46.318+0000] {dag.py:3954} INFO - Setting next_dagrun for example_bash_operator to 2025-01-29 00:00:00+00:00, run_after=2025-01-30 00:00:00+00:00
[2025-01-30T09:21:46.345+0000] {processor.py:183} INFO - Processing /home/airflow/.local/lib/python3.12/site-packages/airflow/example_dags/example_bash_operator.py took 0.105 seconds
[2025-01-30T09:22:16.477+0000] {processor.py:161} INFO - Started process (PID=312) to work on /home/airflow/.local/lib/python3.12/site-packages/airflow/example_dags/example_bash_operator.py
[2025-01-30T09:22:16.479+0000] {processor.py:830} INFO - Processing file /home/airflow/.local/lib/python3.12/site-packages/airflow/example_dags/example_bash_operator.py for tasks to queue
[2025-01-30T09:22:16.481+0000] {logging_mixin.py:188} INFO - [2025-01-30T09:22:16.481+0000] {dagbag.py:545} INFO - Filling up the DagBag from /home/airflow/.local/lib/python3.12/site-packages/airflow/example_dags/example_bash_operator.py
[2025-01-30T09:22:16.494+0000] {processor.py:840} INFO - DAG(s) 'example_bash_operator' retrieved from /home/airflow/.local/lib/python3.12/site-packages/airflow/example_dags/example_bash_operator.py
[2025-01-30T09:22:16.527+0000] {logging_mixin.py:188} INFO - [2025-01-30T09:22:16.526+0000] {dag.py:3096} INFO - Sync 1 DAGs
[2025-01-30T09:22:16.551+0000] {logging_mixin.py:188} INFO - [2025-01-30T09:22:16.551+0000] {dag.py:3954} INFO - Setting next_dagrun for example_bash_operator to 2025-01-29 00:00:00+00:00, run_after=2025-01-30 00:00:00+00:00
[2025-01-30T09:22:16.575+0000] {processor.py:183} INFO - Processing /home/airflow/.local/lib/python3.12/site-packages/airflow/example_dags/example_bash_operator.py took 0.103 seconds
[2025-01-30T09:22:46.636+0000] {processor.py:161} INFO - Started process (PID=370) to work on /home/airflow/.local/lib/python3.12/site-packages/airflow/example_dags/example_bash_operator.py
[2025-01-30T09:22:46.637+0000] {processor.py:830} INFO - Processing file /home/airflow/.local/lib/python3.12/site-packages/airflow/example_dags/example_bash_operator.py for tasks to queue
[2025-01-30T09:22:46.639+0000] {logging_mixin.py:188} INFO - [2025-01-30T09:22:46.639+0000] {dagbag.py:545} INFO - Filling up the DagBag from /home/airflow/.local/lib/python3.12/site-packages/airflow/example_dags/example_bash_operator.py
[2025-01-30T09:22:46.652+0000] {processor.py:840} INFO - DAG(s) 'example_bash_operator' retrieved from /home/airflow/.local/lib/python3.12/site-packages/airflow/example_dags/example_bash_operator.py
[2025-01-30T09:22:46.686+0000] {logging_mixin.py:188} INFO - [2025-01-30T09:22:46.686+0000] {dag.py:3096} INFO - Sync 1 DAGs
[2025-01-30T09:22:46.713+0000] {logging_mixin.py:188} INFO - [2025-01-30T09:22:46.712+0000] {dag.py:3954} INFO - Setting next_dagrun for example_bash_operator to 2025-01-29 00:00:00+00:00, run_after=2025-01-30 00:00:00+00:00
[2025-01-30T09:22:46.743+0000] {processor.py:183} INFO - Processing /home/airflow/.local/lib/python3.12/site-packages/airflow/example_dags/example_bash_operator.py took 0.112 seconds
[2025-01-30T09:23:16.787+0000] {processor.py:161} INFO - Started process (PID=428) to work on /home/airflow/.local/lib/python3.12/site-packages/airflow/example_dags/example_bash_operator.py
[2025-01-30T09:23:16.788+0000] {processor.py:830} INFO - Processing file /home/airflow/.local/lib/python3.12/site-packages/airflow/example_dags/example_bash_operator.py for tasks to queue
[2025-01-30T09:23:16.790+0000] {logging_mixin.py:188} INFO - [2025-01-30T09:23:16.790+0000] {dagbag.py:545} INFO - Filling up the DagBag from /home/airflow/.local/lib/python3.12/site-packages/airflow/example_dags/example_bash_operator.py
[2025-01-30T09:23:16.801+0000] {processor.py:840} INFO - DAG(s) 'example_bash_operator' retrieved from /home/airflow/.local/lib/python3.12/site-packages/airflow/example_dags/example_bash_operator.py
[2025-01-30T09:23:16.832+0000] {logging_mixin.py:188} INFO - [2025-01-30T09:23:16.832+0000] {dag.py:3096} INFO - Sync 1 DAGs
[2025-01-30T09:23:16.860+0000] {logging_mixin.py:188} INFO - [2025-01-30T09:23:16.859+0000] {dag.py:3954} INFO - Setting next_dagrun for example_bash_operator to 2025-01-29 00:00:00+00:00, run_after=2025-01-30 00:00:00+00:00
[2025-01-30T09:23:16.887+0000] {processor.py:183} INFO - Processing /home/airflow/.local/lib/python3.12/site-packages/airflow/example_dags/example_bash_operator.py took 0.106 seconds
[2025-01-30T09:23:47.152+0000] {processor.py:161} INFO - Started process (PID=486) to work on /home/airflow/.local/lib/python3.12/site-packages/airflow/example_dags/example_bash_operator.py
[2025-01-30T09:23:47.154+0000] {processor.py:830} INFO - Processing file /home/airflow/.local/lib/python3.12/site-packages/airflow/example_dags/example_bash_operator.py for tasks to queue
[2025-01-30T09:23:47.156+0000] {logging_mixin.py:188} INFO - [2025-01-30T09:23:47.155+0000] {dagbag.py:545} INFO - Filling up the DagBag from /home/airflow/.local/lib/python3.12/site-packages/airflow/example_dags/example_bash_operator.py
[2025-01-30T09:23:47.168+0000] {processor.py:840} INFO - DAG(s) 'example_bash_operator' retrieved from /home/airflow/.local/lib/python3.12/site-packages/airflow/example_dags/example_bash_operator.py
[2025-01-30T09:23:47.203+0000] {logging_mixin.py:188} INFO - [2025-01-30T09:23:47.203+0000] {dag.py:3096} INFO - Sync 1 DAGs
[2025-01-30T09:23:47.231+0000] {logging_mixin.py:188} INFO - [2025-01-30T09:23:47.231+0000] {dag.py:3954} INFO - Setting next_dagrun for example_bash_operator to 2025-01-29 00:00:00+00:00, run_after=2025-01-30 00:00:00+00:00
[2025-01-30T09:23:47.257+0000] {processor.py:183} INFO - Processing /home/airflow/.local/lib/python3.12/site-packages/airflow/example_dags/example_bash_operator.py took 0.114 seconds
[2025-01-30T09:24:17.552+0000] {processor.py:161} INFO - Started process (PID=544) to work on /home/airflow/.local/lib/python3.12/site-packages/airflow/example_dags/example_bash_operator.py
[2025-01-30T09:24:17.553+0000] {processor.py:830} INFO - Processing file /home/airflow/.local/lib/python3.12/site-packages/airflow/example_dags/example_bash_operator.py for tasks to queue
[2025-01-30T09:24:17.555+0000] {logging_mixin.py:188} INFO - [2025-01-30T09:24:17.555+0000] {dagbag.py:545} INFO - Filling up the DagBag from /home/airflow/.local/lib/python3.12/site-packages/airflow/example_dags/example_bash_operator.py
[2025-01-30T09:24:17.566+0000] {processor.py:840} INFO - DAG(s) 'example_bash_operator' retrieved from /home/airflow/.local/lib/python3.12/site-packages/airflow/example_dags/example_bash_operator.py
[2025-01-30T09:24:17.598+0000] {logging_mixin.py:188} INFO - [2025-01-30T09:24:17.597+0000] {dag.py:3096} INFO - Sync 1 DAGs
[2025-01-30T09:24:17.625+0000] {logging_mixin.py:188} INFO - [2025-01-30T09:24:17.624+0000] {dag.py:3954} INFO - Setting next_dagrun for example_bash_operator to 2025-01-29 00:00:00+00:00, run_after=2025-01-30 00:00:00+00:00
[2025-01-30T09:24:17.657+0000] {processor.py:183} INFO - Processing /home/airflow/.local/lib/python3.12/site-packages/airflow/example_dags/example_bash_operator.py took 0.110 seconds
[2025-01-30T09:24:47.903+0000] {processor.py:161} INFO - Started process (PID=602) to work on /home/airflow/.local/lib/python3.12/site-packages/airflow/example_dags/example_bash_operator.py
[2025-01-30T09:24:47.905+0000] {processor.py:830} INFO - Processing file /home/airflow/.local/lib/python3.12/site-packages/airflow/example_dags/example_bash_operator.py for tasks to queue
[2025-01-30T09:24:47.908+0000] {logging_mixin.py:188} INFO - [2025-01-30T09:24:47.907+0000] {dagbag.py:545} INFO - Filling up the DagBag from /home/airflow/.local/lib/python3.12/site-packages/airflow/example_dags/example_bash_operator.py
[2025-01-30T09:24:47.920+0000] {processor.py:840} INFO - DAG(s) 'example_bash_operator' retrieved from /home/airflow/.local/lib/python3.12/site-packages/airflow/example_dags/example_bash_operator.py
[2025-01-30T09:24:47.954+0000] {logging_mixin.py:188} INFO - [2025-01-30T09:24:47.954+0000] {dag.py:3096} INFO - Sync 1 DAGs
[2025-01-30T09:24:47.981+0000] {logging_mixin.py:188} INFO - [2025-01-30T09:24:47.980+0000] {dag.py:3954} INFO - Setting next_dagrun for example_bash_operator to 2025-01-29 00:00:00+00:00, run_after=2025-01-30 00:00:00+00:00
[2025-01-30T09:24:48.009+0000] {processor.py:183} INFO - Processing /home/airflow/.local/lib/python3.12/site-packages/airflow/example_dags/example_bash_operator.py took 0.110 seconds
[2025-01-30T09:25:18.204+0000] {processor.py:161} INFO - Started process (PID=660) to work on /home/airflow/.local/lib/python3.12/site-packages/airflow/example_dags/example_bash_operator.py
[2025-01-30T09:25:18.205+0000] {processor.py:830} INFO - Processing file /home/airflow/.local/lib/python3.12/site-packages/airflow/example_dags/example_bash_operator.py for tasks to queue
[2025-01-30T09:25:18.207+0000] {logging_mixin.py:188} INFO - [2025-01-30T09:25:18.207+0000] {dagbag.py:545} INFO - Filling up the DagBag from /home/airflow/.local/lib/python3.12/site-packages/airflow/example_dags/example_bash_operator.py
[2025-01-30T09:25:18.217+0000] {processor.py:840} INFO - DAG(s) 'example_bash_operator' retrieved from /home/airflow/.local/lib/python3.12/site-packages/airflow/example_dags/example_bash_operator.py
[2025-01-30T09:25:18.248+0000] {logging_mixin.py:188} INFO - [2025-01-30T09:25:18.247+0000] {dag.py:3096} INFO - Sync 1 DAGs
[2025-01-30T09:25:18.275+0000] {logging_mixin.py:188} INFO - [2025-01-30T09:25:18.273+0000] {dag.py:3954} INFO - Setting next_dagrun for example_bash_operator to 2025-01-29 00:00:00+00:00, run_after=2025-01-30 00:00:00+00:00
[2025-01-30T09:25:18.302+0000] {processor.py:183} INFO - Processing /home/airflow/.local/lib/python3.12/site-packages/airflow/example_dags/example_bash_operator.py took 0.103 seconds
