[2025-01-30T08:43:51.414+0000] {processor.py:161} INFO - Started process (PID=76) to work on /home/airflow/.local/lib/python3.12/site-packages/airflow/example_dags/example_latest_only_with_trigger.py
[2025-01-30T08:43:51.415+0000] {processor.py:830} INFO - Processing file /home/airflow/.local/lib/python3.12/site-packages/airflow/example_dags/example_latest_only_with_trigger.py for tasks to queue
[2025-01-30T08:43:51.417+0000] {logging_mixin.py:188} INFO - [2025-01-30T08:43:51.417+0000] {dagbag.py:545} INFO - Filling up the DagBag from /home/airflow/.local/lib/python3.12/site-packages/airflow/example_dags/example_latest_only_with_trigger.py
[2025-01-30T08:43:51.436+0000] {processor.py:840} INFO - DAG(s) 'latest_only_with_trigger' retrieved from /home/airflow/.local/lib/python3.12/site-packages/airflow/example_dags/example_latest_only_with_trigger.py
[2025-01-30T08:43:51.688+0000] {logging_mixin.py:188} INFO - [2025-01-30T08:43:51.688+0000] {dag.py:3096} INFO - Sync 1 DAGs
[2025-01-30T08:43:51.709+0000] {logging_mixin.py:188} INFO - [2025-01-30T08:43:51.708+0000] {dag.py:3954} INFO - Setting next_dagrun for latest_only_with_trigger to 2025-01-30 04:00:00+00:00, run_after=2025-01-30 08:00:00+00:00
[2025-01-30T08:43:51.738+0000] {processor.py:183} INFO - Processing /home/airflow/.local/lib/python3.12/site-packages/airflow/example_dags/example_latest_only_with_trigger.py took 0.330 seconds
[2025-01-30T08:44:21.780+0000] {processor.py:161} INFO - Started process (PID=134) to work on /home/airflow/.local/lib/python3.12/site-packages/airflow/example_dags/example_latest_only_with_trigger.py
[2025-01-30T08:44:21.782+0000] {processor.py:830} INFO - Processing file /home/airflow/.local/lib/python3.12/site-packages/airflow/example_dags/example_latest_only_with_trigger.py for tasks to queue
[2025-01-30T08:44:21.786+0000] {logging_mixin.py:188} INFO - [2025-01-30T08:44:21.786+0000] {dagbag.py:545} INFO - Filling up the DagBag from /home/airflow/.local/lib/python3.12/site-packages/airflow/example_dags/example_latest_only_with_trigger.py
[2025-01-30T08:44:21.792+0000] {processor.py:840} INFO - DAG(s) 'latest_only_with_trigger' retrieved from /home/airflow/.local/lib/python3.12/site-packages/airflow/example_dags/example_latest_only_with_trigger.py
[2025-01-30T08:44:21.820+0000] {logging_mixin.py:188} INFO - [2025-01-30T08:44:21.820+0000] {dag.py:3096} INFO - Sync 1 DAGs
[2025-01-30T08:44:21.847+0000] {logging_mixin.py:188} INFO - [2025-01-30T08:44:21.847+0000] {dag.py:3954} INFO - Setting next_dagrun for latest_only_with_trigger to 2025-01-30 04:00:00+00:00, run_after=2025-01-30 08:00:00+00:00
[2025-01-30T08:44:21.877+0000] {processor.py:183} INFO - Processing /home/airflow/.local/lib/python3.12/site-packages/airflow/example_dags/example_latest_only_with_trigger.py took 0.102 seconds
[2025-01-30T08:44:52.002+0000] {processor.py:161} INFO - Started process (PID=192) to work on /home/airflow/.local/lib/python3.12/site-packages/airflow/example_dags/example_latest_only_with_trigger.py
[2025-01-30T08:44:52.003+0000] {processor.py:830} INFO - Processing file /home/airflow/.local/lib/python3.12/site-packages/airflow/example_dags/example_latest_only_with_trigger.py for tasks to queue
[2025-01-30T08:44:52.006+0000] {logging_mixin.py:188} INFO - [2025-01-30T08:44:52.006+0000] {dagbag.py:545} INFO - Filling up the DagBag from /home/airflow/.local/lib/python3.12/site-packages/airflow/example_dags/example_latest_only_with_trigger.py
[2025-01-30T08:44:52.011+0000] {processor.py:840} INFO - DAG(s) 'latest_only_with_trigger' retrieved from /home/airflow/.local/lib/python3.12/site-packages/airflow/example_dags/example_latest_only_with_trigger.py
[2025-01-30T08:44:52.034+0000] {logging_mixin.py:188} INFO - [2025-01-30T08:44:52.034+0000] {dag.py:3096} INFO - Sync 1 DAGs
[2025-01-30T08:44:52.059+0000] {logging_mixin.py:188} INFO - [2025-01-30T08:44:52.058+0000] {dag.py:3954} INFO - Setting next_dagrun for latest_only_with_trigger to 2025-01-30 04:00:00+00:00, run_after=2025-01-30 08:00:00+00:00
[2025-01-30T08:44:52.087+0000] {processor.py:183} INFO - Processing /home/airflow/.local/lib/python3.12/site-packages/airflow/example_dags/example_latest_only_with_trigger.py took 0.091 seconds
[2025-01-30T08:45:22.156+0000] {processor.py:161} INFO - Started process (PID=250) to work on /home/airflow/.local/lib/python3.12/site-packages/airflow/example_dags/example_latest_only_with_trigger.py
[2025-01-30T08:45:22.157+0000] {processor.py:830} INFO - Processing file /home/airflow/.local/lib/python3.12/site-packages/airflow/example_dags/example_latest_only_with_trigger.py for tasks to queue
[2025-01-30T08:45:22.160+0000] {logging_mixin.py:188} INFO - [2025-01-30T08:45:22.160+0000] {dagbag.py:545} INFO - Filling up the DagBag from /home/airflow/.local/lib/python3.12/site-packages/airflow/example_dags/example_latest_only_with_trigger.py
[2025-01-30T08:45:22.166+0000] {processor.py:840} INFO - DAG(s) 'latest_only_with_trigger' retrieved from /home/airflow/.local/lib/python3.12/site-packages/airflow/example_dags/example_latest_only_with_trigger.py
[2025-01-30T08:45:22.198+0000] {logging_mixin.py:188} INFO - [2025-01-30T08:45:22.198+0000] {dag.py:3096} INFO - Sync 1 DAGs
[2025-01-30T08:45:22.224+0000] {logging_mixin.py:188} INFO - [2025-01-30T08:45:22.223+0000] {dag.py:3954} INFO - Setting next_dagrun for latest_only_with_trigger to 2025-01-30 04:00:00+00:00, run_after=2025-01-30 08:00:00+00:00
[2025-01-30T08:45:22.246+0000] {processor.py:183} INFO - Processing /home/airflow/.local/lib/python3.12/site-packages/airflow/example_dags/example_latest_only_with_trigger.py took 0.096 seconds
[2025-01-30T08:45:52.374+0000] {processor.py:161} INFO - Started process (PID=314) to work on /home/airflow/.local/lib/python3.12/site-packages/airflow/example_dags/example_latest_only_with_trigger.py
[2025-01-30T08:45:52.375+0000] {processor.py:830} INFO - Processing file /home/airflow/.local/lib/python3.12/site-packages/airflow/example_dags/example_latest_only_with_trigger.py for tasks to queue
[2025-01-30T08:45:52.377+0000] {logging_mixin.py:188} INFO - [2025-01-30T08:45:52.377+0000] {dagbag.py:545} INFO - Filling up the DagBag from /home/airflow/.local/lib/python3.12/site-packages/airflow/example_dags/example_latest_only_with_trigger.py
[2025-01-30T08:45:52.384+0000] {processor.py:840} INFO - DAG(s) 'latest_only_with_trigger' retrieved from /home/airflow/.local/lib/python3.12/site-packages/airflow/example_dags/example_latest_only_with_trigger.py
[2025-01-30T08:45:52.407+0000] {logging_mixin.py:188} INFO - [2025-01-30T08:45:52.407+0000] {dag.py:3096} INFO - Sync 1 DAGs
[2025-01-30T08:45:52.434+0000] {logging_mixin.py:188} INFO - [2025-01-30T08:45:52.434+0000] {dag.py:3954} INFO - Setting next_dagrun for latest_only_with_trigger to 2025-01-30 04:00:00+00:00, run_after=2025-01-30 08:00:00+00:00
[2025-01-30T08:45:52.458+0000] {processor.py:183} INFO - Processing /home/airflow/.local/lib/python3.12/site-packages/airflow/example_dags/example_latest_only_with_trigger.py took 0.089 seconds
[2025-01-30T08:46:22.874+0000] {processor.py:161} INFO - Started process (PID=371) to work on /home/airflow/.local/lib/python3.12/site-packages/airflow/example_dags/example_latest_only_with_trigger.py
[2025-01-30T08:46:22.876+0000] {processor.py:830} INFO - Processing file /home/airflow/.local/lib/python3.12/site-packages/airflow/example_dags/example_latest_only_with_trigger.py for tasks to queue
[2025-01-30T08:46:22.878+0000] {logging_mixin.py:188} INFO - [2025-01-30T08:46:22.877+0000] {dagbag.py:545} INFO - Filling up the DagBag from /home/airflow/.local/lib/python3.12/site-packages/airflow/example_dags/example_latest_only_with_trigger.py
[2025-01-30T08:46:22.883+0000] {processor.py:840} INFO - DAG(s) 'latest_only_with_trigger' retrieved from /home/airflow/.local/lib/python3.12/site-packages/airflow/example_dags/example_latest_only_with_trigger.py
[2025-01-30T08:46:22.907+0000] {logging_mixin.py:188} INFO - [2025-01-30T08:46:22.907+0000] {dag.py:3096} INFO - Sync 1 DAGs
[2025-01-30T08:46:22.932+0000] {logging_mixin.py:188} INFO - [2025-01-30T08:46:22.932+0000] {dag.py:3954} INFO - Setting next_dagrun for latest_only_with_trigger to 2025-01-30 04:00:00+00:00, run_after=2025-01-30 08:00:00+00:00
[2025-01-30T08:46:22.960+0000] {processor.py:183} INFO - Processing /home/airflow/.local/lib/python3.12/site-packages/airflow/example_dags/example_latest_only_with_trigger.py took 0.093 seconds
[2025-01-30T08:46:53.342+0000] {processor.py:161} INFO - Started process (PID=429) to work on /home/airflow/.local/lib/python3.12/site-packages/airflow/example_dags/example_latest_only_with_trigger.py
[2025-01-30T08:46:53.343+0000] {processor.py:830} INFO - Processing file /home/airflow/.local/lib/python3.12/site-packages/airflow/example_dags/example_latest_only_with_trigger.py for tasks to queue
[2025-01-30T08:46:53.345+0000] {logging_mixin.py:188} INFO - [2025-01-30T08:46:53.345+0000] {dagbag.py:545} INFO - Filling up the DagBag from /home/airflow/.local/lib/python3.12/site-packages/airflow/example_dags/example_latest_only_with_trigger.py
[2025-01-30T08:46:53.351+0000] {processor.py:840} INFO - DAG(s) 'latest_only_with_trigger' retrieved from /home/airflow/.local/lib/python3.12/site-packages/airflow/example_dags/example_latest_only_with_trigger.py
[2025-01-30T08:46:53.373+0000] {logging_mixin.py:188} INFO - [2025-01-30T08:46:53.373+0000] {dag.py:3096} INFO - Sync 1 DAGs
[2025-01-30T08:46:53.397+0000] {logging_mixin.py:188} INFO - [2025-01-30T08:46:53.396+0000] {dag.py:3954} INFO - Setting next_dagrun for latest_only_with_trigger to 2025-01-30 04:00:00+00:00, run_after=2025-01-30 08:00:00+00:00
[2025-01-30T08:46:53.423+0000] {processor.py:183} INFO - Processing /home/airflow/.local/lib/python3.12/site-packages/airflow/example_dags/example_latest_only_with_trigger.py took 0.086 seconds
[2025-01-30T08:47:23.855+0000] {processor.py:161} INFO - Started process (PID=487) to work on /home/airflow/.local/lib/python3.12/site-packages/airflow/example_dags/example_latest_only_with_trigger.py
[2025-01-30T08:47:23.856+0000] {processor.py:830} INFO - Processing file /home/airflow/.local/lib/python3.12/site-packages/airflow/example_dags/example_latest_only_with_trigger.py for tasks to queue
[2025-01-30T08:47:23.858+0000] {logging_mixin.py:188} INFO - [2025-01-30T08:47:23.858+0000] {dagbag.py:545} INFO - Filling up the DagBag from /home/airflow/.local/lib/python3.12/site-packages/airflow/example_dags/example_latest_only_with_trigger.py
[2025-01-30T08:47:23.863+0000] {processor.py:840} INFO - DAG(s) 'latest_only_with_trigger' retrieved from /home/airflow/.local/lib/python3.12/site-packages/airflow/example_dags/example_latest_only_with_trigger.py
[2025-01-30T08:47:23.886+0000] {logging_mixin.py:188} INFO - [2025-01-30T08:47:23.886+0000] {dag.py:3096} INFO - Sync 1 DAGs
[2025-01-30T08:47:23.910+0000] {logging_mixin.py:188} INFO - [2025-01-30T08:47:23.910+0000] {dag.py:3954} INFO - Setting next_dagrun for latest_only_with_trigger to 2025-01-30 04:00:00+00:00, run_after=2025-01-30 08:00:00+00:00
[2025-01-30T08:47:23.935+0000] {processor.py:183} INFO - Processing /home/airflow/.local/lib/python3.12/site-packages/airflow/example_dags/example_latest_only_with_trigger.py took 0.084 seconds
[2025-01-30T08:47:54.048+0000] {processor.py:161} INFO - Started process (PID=545) to work on /home/airflow/.local/lib/python3.12/site-packages/airflow/example_dags/example_latest_only_with_trigger.py
[2025-01-30T08:47:54.051+0000] {processor.py:830} INFO - Processing file /home/airflow/.local/lib/python3.12/site-packages/airflow/example_dags/example_latest_only_with_trigger.py for tasks to queue
[2025-01-30T08:47:54.054+0000] {logging_mixin.py:188} INFO - [2025-01-30T08:47:54.053+0000] {dagbag.py:545} INFO - Filling up the DagBag from /home/airflow/.local/lib/python3.12/site-packages/airflow/example_dags/example_latest_only_with_trigger.py
[2025-01-30T08:47:54.063+0000] {processor.py:840} INFO - DAG(s) 'latest_only_with_trigger' retrieved from /home/airflow/.local/lib/python3.12/site-packages/airflow/example_dags/example_latest_only_with_trigger.py
[2025-01-30T08:47:54.096+0000] {logging_mixin.py:188} INFO - [2025-01-30T08:47:54.096+0000] {dag.py:3096} INFO - Sync 1 DAGs
[2025-01-30T08:47:54.135+0000] {logging_mixin.py:188} INFO - [2025-01-30T08:47:54.134+0000] {dag.py:3954} INFO - Setting next_dagrun for latest_only_with_trigger to 2025-01-30 04:00:00+00:00, run_after=2025-01-30 08:00:00+00:00
[2025-01-30T08:47:54.190+0000] {processor.py:183} INFO - Processing /home/airflow/.local/lib/python3.12/site-packages/airflow/example_dags/example_latest_only_with_trigger.py took 0.153 seconds
[2025-01-30T08:48:24.549+0000] {processor.py:161} INFO - Started process (PID=603) to work on /home/airflow/.local/lib/python3.12/site-packages/airflow/example_dags/example_latest_only_with_trigger.py
[2025-01-30T08:48:24.551+0000] {processor.py:830} INFO - Processing file /home/airflow/.local/lib/python3.12/site-packages/airflow/example_dags/example_latest_only_with_trigger.py for tasks to queue
[2025-01-30T08:48:24.553+0000] {logging_mixin.py:188} INFO - [2025-01-30T08:48:24.552+0000] {dagbag.py:545} INFO - Filling up the DagBag from /home/airflow/.local/lib/python3.12/site-packages/airflow/example_dags/example_latest_only_with_trigger.py
[2025-01-30T08:48:24.557+0000] {processor.py:840} INFO - DAG(s) 'latest_only_with_trigger' retrieved from /home/airflow/.local/lib/python3.12/site-packages/airflow/example_dags/example_latest_only_with_trigger.py
[2025-01-30T08:48:24.579+0000] {logging_mixin.py:188} INFO - [2025-01-30T08:48:24.579+0000] {dag.py:3096} INFO - Sync 1 DAGs
[2025-01-30T08:48:24.603+0000] {logging_mixin.py:188} INFO - [2025-01-30T08:48:24.603+0000] {dag.py:3954} INFO - Setting next_dagrun for latest_only_with_trigger to 2025-01-30 04:00:00+00:00, run_after=2025-01-30 08:00:00+00:00
[2025-01-30T08:48:24.626+0000] {processor.py:183} INFO - Processing /home/airflow/.local/lib/python3.12/site-packages/airflow/example_dags/example_latest_only_with_trigger.py took 0.082 seconds
[2025-01-30T08:48:54.744+0000] {processor.py:161} INFO - Started process (PID=661) to work on /home/airflow/.local/lib/python3.12/site-packages/airflow/example_dags/example_latest_only_with_trigger.py
[2025-01-30T08:48:54.745+0000] {processor.py:830} INFO - Processing file /home/airflow/.local/lib/python3.12/site-packages/airflow/example_dags/example_latest_only_with_trigger.py for tasks to queue
[2025-01-30T08:48:54.747+0000] {logging_mixin.py:188} INFO - [2025-01-30T08:48:54.747+0000] {dagbag.py:545} INFO - Filling up the DagBag from /home/airflow/.local/lib/python3.12/site-packages/airflow/example_dags/example_latest_only_with_trigger.py
[2025-01-30T08:48:54.752+0000] {processor.py:840} INFO - DAG(s) 'latest_only_with_trigger' retrieved from /home/airflow/.local/lib/python3.12/site-packages/airflow/example_dags/example_latest_only_with_trigger.py
[2025-01-30T08:48:54.777+0000] {logging_mixin.py:188} INFO - [2025-01-30T08:48:54.777+0000] {dag.py:3096} INFO - Sync 1 DAGs
[2025-01-30T08:48:54.803+0000] {logging_mixin.py:188} INFO - [2025-01-30T08:48:54.803+0000] {dag.py:3954} INFO - Setting next_dagrun for latest_only_with_trigger to 2025-01-30 04:00:00+00:00, run_after=2025-01-30 08:00:00+00:00
[2025-01-30T08:48:54.828+0000] {processor.py:183} INFO - Processing /home/airflow/.local/lib/python3.12/site-packages/airflow/example_dags/example_latest_only_with_trigger.py took 0.091 seconds
[2025-01-30T08:49:25.220+0000] {processor.py:161} INFO - Started process (PID=719) to work on /home/airflow/.local/lib/python3.12/site-packages/airflow/example_dags/example_latest_only_with_trigger.py
[2025-01-30T08:49:25.222+0000] {processor.py:830} INFO - Processing file /home/airflow/.local/lib/python3.12/site-packages/airflow/example_dags/example_latest_only_with_trigger.py for tasks to queue
[2025-01-30T08:49:25.225+0000] {logging_mixin.py:188} INFO - [2025-01-30T08:49:25.224+0000] {dagbag.py:545} INFO - Filling up the DagBag from /home/airflow/.local/lib/python3.12/site-packages/airflow/example_dags/example_latest_only_with_trigger.py
[2025-01-30T08:49:25.230+0000] {processor.py:840} INFO - DAG(s) 'latest_only_with_trigger' retrieved from /home/airflow/.local/lib/python3.12/site-packages/airflow/example_dags/example_latest_only_with_trigger.py
[2025-01-30T08:49:25.254+0000] {logging_mixin.py:188} INFO - [2025-01-30T08:49:25.253+0000] {dag.py:3096} INFO - Sync 1 DAGs
[2025-01-30T08:49:25.279+0000] {logging_mixin.py:188} INFO - [2025-01-30T08:49:25.278+0000] {dag.py:3954} INFO - Setting next_dagrun for latest_only_with_trigger to 2025-01-30 04:00:00+00:00, run_after=2025-01-30 08:00:00+00:00
[2025-01-30T08:49:25.301+0000] {processor.py:183} INFO - Processing /home/airflow/.local/lib/python3.12/site-packages/airflow/example_dags/example_latest_only_with_trigger.py took 0.085 seconds
[2025-01-30T08:49:55.518+0000] {processor.py:161} INFO - Started process (PID=777) to work on /home/airflow/.local/lib/python3.12/site-packages/airflow/example_dags/example_latest_only_with_trigger.py
[2025-01-30T08:49:55.519+0000] {processor.py:830} INFO - Processing file /home/airflow/.local/lib/python3.12/site-packages/airflow/example_dags/example_latest_only_with_trigger.py for tasks to queue
[2025-01-30T08:49:55.521+0000] {logging_mixin.py:188} INFO - [2025-01-30T08:49:55.521+0000] {dagbag.py:545} INFO - Filling up the DagBag from /home/airflow/.local/lib/python3.12/site-packages/airflow/example_dags/example_latest_only_with_trigger.py
[2025-01-30T08:49:55.527+0000] {processor.py:840} INFO - DAG(s) 'latest_only_with_trigger' retrieved from /home/airflow/.local/lib/python3.12/site-packages/airflow/example_dags/example_latest_only_with_trigger.py
[2025-01-30T08:49:55.549+0000] {logging_mixin.py:188} INFO - [2025-01-30T08:49:55.549+0000] {dag.py:3096} INFO - Sync 1 DAGs
[2025-01-30T08:49:55.571+0000] {logging_mixin.py:188} INFO - [2025-01-30T08:49:55.571+0000] {dag.py:3954} INFO - Setting next_dagrun for latest_only_with_trigger to 2025-01-30 04:00:00+00:00, run_after=2025-01-30 08:00:00+00:00
[2025-01-30T08:49:55.599+0000] {processor.py:183} INFO - Processing /home/airflow/.local/lib/python3.12/site-packages/airflow/example_dags/example_latest_only_with_trigger.py took 0.087 seconds
[2025-01-30T08:50:26.021+0000] {processor.py:161} INFO - Started process (PID=835) to work on /home/airflow/.local/lib/python3.12/site-packages/airflow/example_dags/example_latest_only_with_trigger.py
[2025-01-30T08:50:26.022+0000] {processor.py:830} INFO - Processing file /home/airflow/.local/lib/python3.12/site-packages/airflow/example_dags/example_latest_only_with_trigger.py for tasks to queue
[2025-01-30T08:50:26.024+0000] {logging_mixin.py:188} INFO - [2025-01-30T08:50:26.024+0000] {dagbag.py:545} INFO - Filling up the DagBag from /home/airflow/.local/lib/python3.12/site-packages/airflow/example_dags/example_latest_only_with_trigger.py
[2025-01-30T08:50:26.030+0000] {processor.py:840} INFO - DAG(s) 'latest_only_with_trigger' retrieved from /home/airflow/.local/lib/python3.12/site-packages/airflow/example_dags/example_latest_only_with_trigger.py
[2025-01-30T08:50:26.053+0000] {logging_mixin.py:188} INFO - [2025-01-30T08:50:26.052+0000] {dag.py:3096} INFO - Sync 1 DAGs
[2025-01-30T08:50:26.077+0000] {logging_mixin.py:188} INFO - [2025-01-30T08:50:26.077+0000] {dag.py:3954} INFO - Setting next_dagrun for latest_only_with_trigger to 2025-01-30 04:00:00+00:00, run_after=2025-01-30 08:00:00+00:00
[2025-01-30T08:50:26.101+0000] {processor.py:183} INFO - Processing /home/airflow/.local/lib/python3.12/site-packages/airflow/example_dags/example_latest_only_with_trigger.py took 0.085 seconds
[2025-01-30T08:50:56.549+0000] {processor.py:161} INFO - Started process (PID=893) to work on /home/airflow/.local/lib/python3.12/site-packages/airflow/example_dags/example_latest_only_with_trigger.py
[2025-01-30T08:50:56.550+0000] {processor.py:830} INFO - Processing file /home/airflow/.local/lib/python3.12/site-packages/airflow/example_dags/example_latest_only_with_trigger.py for tasks to queue
[2025-01-30T08:50:56.553+0000] {logging_mixin.py:188} INFO - [2025-01-30T08:50:56.552+0000] {dagbag.py:545} INFO - Filling up the DagBag from /home/airflow/.local/lib/python3.12/site-packages/airflow/example_dags/example_latest_only_with_trigger.py
[2025-01-30T08:50:56.558+0000] {processor.py:840} INFO - DAG(s) 'latest_only_with_trigger' retrieved from /home/airflow/.local/lib/python3.12/site-packages/airflow/example_dags/example_latest_only_with_trigger.py
[2025-01-30T08:50:56.582+0000] {logging_mixin.py:188} INFO - [2025-01-30T08:50:56.581+0000] {dag.py:3096} INFO - Sync 1 DAGs
[2025-01-30T08:50:56.606+0000] {logging_mixin.py:188} INFO - [2025-01-30T08:50:56.606+0000] {dag.py:3954} INFO - Setting next_dagrun for latest_only_with_trigger to 2025-01-30 04:00:00+00:00, run_after=2025-01-30 08:00:00+00:00
[2025-01-30T08:50:56.632+0000] {processor.py:183} INFO - Processing /home/airflow/.local/lib/python3.12/site-packages/airflow/example_dags/example_latest_only_with_trigger.py took 0.088 seconds
[2025-01-30T08:51:26.788+0000] {processor.py:161} INFO - Started process (PID=951) to work on /home/airflow/.local/lib/python3.12/site-packages/airflow/example_dags/example_latest_only_with_trigger.py
[2025-01-30T08:51:26.789+0000] {processor.py:830} INFO - Processing file /home/airflow/.local/lib/python3.12/site-packages/airflow/example_dags/example_latest_only_with_trigger.py for tasks to queue
[2025-01-30T08:51:26.791+0000] {logging_mixin.py:188} INFO - [2025-01-30T08:51:26.791+0000] {dagbag.py:545} INFO - Filling up the DagBag from /home/airflow/.local/lib/python3.12/site-packages/airflow/example_dags/example_latest_only_with_trigger.py
[2025-01-30T08:51:26.796+0000] {processor.py:840} INFO - DAG(s) 'latest_only_with_trigger' retrieved from /home/airflow/.local/lib/python3.12/site-packages/airflow/example_dags/example_latest_only_with_trigger.py
[2025-01-30T08:51:26.824+0000] {logging_mixin.py:188} INFO - [2025-01-30T08:51:26.824+0000] {dag.py:3096} INFO - Sync 1 DAGs
[2025-01-30T08:51:26.851+0000] {logging_mixin.py:188} INFO - [2025-01-30T08:51:26.850+0000] {dag.py:3954} INFO - Setting next_dagrun for latest_only_with_trigger to 2025-01-30 04:00:00+00:00, run_after=2025-01-30 08:00:00+00:00
[2025-01-30T08:51:26.879+0000] {processor.py:183} INFO - Processing /home/airflow/.local/lib/python3.12/site-packages/airflow/example_dags/example_latest_only_with_trigger.py took 0.096 seconds
[2025-01-30T08:51:57.162+0000] {processor.py:161} INFO - Started process (PID=1009) to work on /home/airflow/.local/lib/python3.12/site-packages/airflow/example_dags/example_latest_only_with_trigger.py
[2025-01-30T08:51:57.163+0000] {processor.py:830} INFO - Processing file /home/airflow/.local/lib/python3.12/site-packages/airflow/example_dags/example_latest_only_with_trigger.py for tasks to queue
[2025-01-30T08:51:57.165+0000] {logging_mixin.py:188} INFO - [2025-01-30T08:51:57.165+0000] {dagbag.py:545} INFO - Filling up the DagBag from /home/airflow/.local/lib/python3.12/site-packages/airflow/example_dags/example_latest_only_with_trigger.py
[2025-01-30T08:51:57.169+0000] {processor.py:840} INFO - DAG(s) 'latest_only_with_trigger' retrieved from /home/airflow/.local/lib/python3.12/site-packages/airflow/example_dags/example_latest_only_with_trigger.py
[2025-01-30T08:51:57.193+0000] {logging_mixin.py:188} INFO - [2025-01-30T08:51:57.193+0000] {dag.py:3096} INFO - Sync 1 DAGs
[2025-01-30T08:51:57.218+0000] {logging_mixin.py:188} INFO - [2025-01-30T08:51:57.218+0000] {dag.py:3954} INFO - Setting next_dagrun for latest_only_with_trigger to 2025-01-30 04:00:00+00:00, run_after=2025-01-30 08:00:00+00:00
[2025-01-30T08:51:57.243+0000] {processor.py:183} INFO - Processing /home/airflow/.local/lib/python3.12/site-packages/airflow/example_dags/example_latest_only_with_trigger.py took 0.086 seconds
[2025-01-30T08:52:27.597+0000] {processor.py:161} INFO - Started process (PID=1067) to work on /home/airflow/.local/lib/python3.12/site-packages/airflow/example_dags/example_latest_only_with_trigger.py
[2025-01-30T08:52:27.599+0000] {processor.py:830} INFO - Processing file /home/airflow/.local/lib/python3.12/site-packages/airflow/example_dags/example_latest_only_with_trigger.py for tasks to queue
[2025-01-30T08:52:27.601+0000] {logging_mixin.py:188} INFO - [2025-01-30T08:52:27.601+0000] {dagbag.py:545} INFO - Filling up the DagBag from /home/airflow/.local/lib/python3.12/site-packages/airflow/example_dags/example_latest_only_with_trigger.py
[2025-01-30T08:52:27.606+0000] {processor.py:840} INFO - DAG(s) 'latest_only_with_trigger' retrieved from /home/airflow/.local/lib/python3.12/site-packages/airflow/example_dags/example_latest_only_with_trigger.py
[2025-01-30T08:52:27.629+0000] {logging_mixin.py:188} INFO - [2025-01-30T08:52:27.629+0000] {dag.py:3096} INFO - Sync 1 DAGs
[2025-01-30T08:52:27.652+0000] {logging_mixin.py:188} INFO - [2025-01-30T08:52:27.652+0000] {dag.py:3954} INFO - Setting next_dagrun for latest_only_with_trigger to 2025-01-30 04:00:00+00:00, run_after=2025-01-30 08:00:00+00:00
[2025-01-30T08:52:27.678+0000] {processor.py:183} INFO - Processing /home/airflow/.local/lib/python3.12/site-packages/airflow/example_dags/example_latest_only_with_trigger.py took 0.085 seconds
[2025-01-30T08:52:58.094+0000] {processor.py:161} INFO - Started process (PID=1125) to work on /home/airflow/.local/lib/python3.12/site-packages/airflow/example_dags/example_latest_only_with_trigger.py
[2025-01-30T08:52:58.095+0000] {processor.py:830} INFO - Processing file /home/airflow/.local/lib/python3.12/site-packages/airflow/example_dags/example_latest_only_with_trigger.py for tasks to queue
[2025-01-30T08:52:58.099+0000] {logging_mixin.py:188} INFO - [2025-01-30T08:52:58.099+0000] {dagbag.py:545} INFO - Filling up the DagBag from /home/airflow/.local/lib/python3.12/site-packages/airflow/example_dags/example_latest_only_with_trigger.py
[2025-01-30T08:52:58.105+0000] {processor.py:840} INFO - DAG(s) 'latest_only_with_trigger' retrieved from /home/airflow/.local/lib/python3.12/site-packages/airflow/example_dags/example_latest_only_with_trigger.py
[2025-01-30T08:52:58.130+0000] {logging_mixin.py:188} INFO - [2025-01-30T08:52:58.130+0000] {dag.py:3096} INFO - Sync 1 DAGs
[2025-01-30T08:52:58.153+0000] {logging_mixin.py:188} INFO - [2025-01-30T08:52:58.153+0000] {dag.py:3954} INFO - Setting next_dagrun for latest_only_with_trigger to 2025-01-30 04:00:00+00:00, run_after=2025-01-30 08:00:00+00:00
[2025-01-30T08:52:58.176+0000] {processor.py:183} INFO - Processing /home/airflow/.local/lib/python3.12/site-packages/airflow/example_dags/example_latest_only_with_trigger.py took 0.088 seconds
[2025-01-30T08:53:28.293+0000] {processor.py:161} INFO - Started process (PID=1183) to work on /home/airflow/.local/lib/python3.12/site-packages/airflow/example_dags/example_latest_only_with_trigger.py
[2025-01-30T08:53:28.294+0000] {processor.py:830} INFO - Processing file /home/airflow/.local/lib/python3.12/site-packages/airflow/example_dags/example_latest_only_with_trigger.py for tasks to queue
[2025-01-30T08:53:28.296+0000] {logging_mixin.py:188} INFO - [2025-01-30T08:53:28.296+0000] {dagbag.py:545} INFO - Filling up the DagBag from /home/airflow/.local/lib/python3.12/site-packages/airflow/example_dags/example_latest_only_with_trigger.py
[2025-01-30T08:53:28.301+0000] {processor.py:840} INFO - DAG(s) 'latest_only_with_trigger' retrieved from /home/airflow/.local/lib/python3.12/site-packages/airflow/example_dags/example_latest_only_with_trigger.py
[2025-01-30T08:53:28.323+0000] {logging_mixin.py:188} INFO - [2025-01-30T08:53:28.323+0000] {dag.py:3096} INFO - Sync 1 DAGs
[2025-01-30T08:53:28.348+0000] {logging_mixin.py:188} INFO - [2025-01-30T08:53:28.348+0000] {dag.py:3954} INFO - Setting next_dagrun for latest_only_with_trigger to 2025-01-30 04:00:00+00:00, run_after=2025-01-30 08:00:00+00:00
[2025-01-30T08:53:28.371+0000] {processor.py:183} INFO - Processing /home/airflow/.local/lib/python3.12/site-packages/airflow/example_dags/example_latest_only_with_trigger.py took 0.084 seconds
[2025-01-30T08:53:58.636+0000] {processor.py:161} INFO - Started process (PID=1241) to work on /home/airflow/.local/lib/python3.12/site-packages/airflow/example_dags/example_latest_only_with_trigger.py
[2025-01-30T08:53:58.637+0000] {processor.py:830} INFO - Processing file /home/airflow/.local/lib/python3.12/site-packages/airflow/example_dags/example_latest_only_with_trigger.py for tasks to queue
[2025-01-30T08:53:58.639+0000] {logging_mixin.py:188} INFO - [2025-01-30T08:53:58.639+0000] {dagbag.py:545} INFO - Filling up the DagBag from /home/airflow/.local/lib/python3.12/site-packages/airflow/example_dags/example_latest_only_with_trigger.py
[2025-01-30T08:53:58.644+0000] {processor.py:840} INFO - DAG(s) 'latest_only_with_trigger' retrieved from /home/airflow/.local/lib/python3.12/site-packages/airflow/example_dags/example_latest_only_with_trigger.py
[2025-01-30T08:53:58.668+0000] {logging_mixin.py:188} INFO - [2025-01-30T08:53:58.667+0000] {dag.py:3096} INFO - Sync 1 DAGs
[2025-01-30T08:53:58.697+0000] {logging_mixin.py:188} INFO - [2025-01-30T08:53:58.697+0000] {dag.py:3954} INFO - Setting next_dagrun for latest_only_with_trigger to 2025-01-30 04:00:00+00:00, run_after=2025-01-30 08:00:00+00:00
[2025-01-30T08:53:58.720+0000] {processor.py:183} INFO - Processing /home/airflow/.local/lib/python3.12/site-packages/airflow/example_dags/example_latest_only_with_trigger.py took 0.089 seconds
[2025-01-30T08:54:29.046+0000] {processor.py:161} INFO - Started process (PID=1299) to work on /home/airflow/.local/lib/python3.12/site-packages/airflow/example_dags/example_latest_only_with_trigger.py
[2025-01-30T08:54:29.048+0000] {processor.py:830} INFO - Processing file /home/airflow/.local/lib/python3.12/site-packages/airflow/example_dags/example_latest_only_with_trigger.py for tasks to queue
[2025-01-30T08:54:29.059+0000] {logging_mixin.py:188} INFO - [2025-01-30T08:54:29.058+0000] {dagbag.py:545} INFO - Filling up the DagBag from /home/airflow/.local/lib/python3.12/site-packages/airflow/example_dags/example_latest_only_with_trigger.py
[2025-01-30T08:54:29.066+0000] {processor.py:840} INFO - DAG(s) 'latest_only_with_trigger' retrieved from /home/airflow/.local/lib/python3.12/site-packages/airflow/example_dags/example_latest_only_with_trigger.py
[2025-01-30T08:54:29.098+0000] {logging_mixin.py:188} INFO - [2025-01-30T08:54:29.098+0000] {dag.py:3096} INFO - Sync 1 DAGs
[2025-01-30T08:54:29.148+0000] {logging_mixin.py:188} INFO - [2025-01-30T08:54:29.147+0000] {dag.py:3954} INFO - Setting next_dagrun for latest_only_with_trigger to 2025-01-30 04:00:00+00:00, run_after=2025-01-30 08:00:00+00:00
[2025-01-30T08:54:29.199+0000] {processor.py:183} INFO - Processing /home/airflow/.local/lib/python3.12/site-packages/airflow/example_dags/example_latest_only_with_trigger.py took 0.159 seconds
[2025-01-30T08:54:59.339+0000] {processor.py:161} INFO - Started process (PID=1357) to work on /home/airflow/.local/lib/python3.12/site-packages/airflow/example_dags/example_latest_only_with_trigger.py
[2025-01-30T08:54:59.340+0000] {processor.py:830} INFO - Processing file /home/airflow/.local/lib/python3.12/site-packages/airflow/example_dags/example_latest_only_with_trigger.py for tasks to queue
[2025-01-30T08:54:59.343+0000] {logging_mixin.py:188} INFO - [2025-01-30T08:54:59.343+0000] {dagbag.py:545} INFO - Filling up the DagBag from /home/airflow/.local/lib/python3.12/site-packages/airflow/example_dags/example_latest_only_with_trigger.py
[2025-01-30T08:54:59.348+0000] {processor.py:840} INFO - DAG(s) 'latest_only_with_trigger' retrieved from /home/airflow/.local/lib/python3.12/site-packages/airflow/example_dags/example_latest_only_with_trigger.py
[2025-01-30T08:54:59.373+0000] {logging_mixin.py:188} INFO - [2025-01-30T08:54:59.373+0000] {dag.py:3096} INFO - Sync 1 DAGs
[2025-01-30T08:54:59.396+0000] {logging_mixin.py:188} INFO - [2025-01-30T08:54:59.395+0000] {dag.py:3954} INFO - Setting next_dagrun for latest_only_with_trigger to 2025-01-30 04:00:00+00:00, run_after=2025-01-30 08:00:00+00:00
[2025-01-30T08:54:59.420+0000] {processor.py:183} INFO - Processing /home/airflow/.local/lib/python3.12/site-packages/airflow/example_dags/example_latest_only_with_trigger.py took 0.085 seconds
[2025-01-30T08:55:29.530+0000] {processor.py:161} INFO - Started process (PID=1415) to work on /home/airflow/.local/lib/python3.12/site-packages/airflow/example_dags/example_latest_only_with_trigger.py
[2025-01-30T08:55:29.531+0000] {processor.py:830} INFO - Processing file /home/airflow/.local/lib/python3.12/site-packages/airflow/example_dags/example_latest_only_with_trigger.py for tasks to queue
[2025-01-30T08:55:29.533+0000] {logging_mixin.py:188} INFO - [2025-01-30T08:55:29.533+0000] {dagbag.py:545} INFO - Filling up the DagBag from /home/airflow/.local/lib/python3.12/site-packages/airflow/example_dags/example_latest_only_with_trigger.py
[2025-01-30T08:55:29.538+0000] {processor.py:840} INFO - DAG(s) 'latest_only_with_trigger' retrieved from /home/airflow/.local/lib/python3.12/site-packages/airflow/example_dags/example_latest_only_with_trigger.py
[2025-01-30T08:55:29.561+0000] {logging_mixin.py:188} INFO - [2025-01-30T08:55:29.561+0000] {dag.py:3096} INFO - Sync 1 DAGs
[2025-01-30T08:55:29.587+0000] {logging_mixin.py:188} INFO - [2025-01-30T08:55:29.587+0000] {dag.py:3954} INFO - Setting next_dagrun for latest_only_with_trigger to 2025-01-30 04:00:00+00:00, run_after=2025-01-30 08:00:00+00:00
[2025-01-30T08:55:29.611+0000] {processor.py:183} INFO - Processing /home/airflow/.local/lib/python3.12/site-packages/airflow/example_dags/example_latest_only_with_trigger.py took 0.085 seconds
[2025-01-30T08:55:59.686+0000] {processor.py:161} INFO - Started process (PID=1473) to work on /home/airflow/.local/lib/python3.12/site-packages/airflow/example_dags/example_latest_only_with_trigger.py
[2025-01-30T08:55:59.687+0000] {processor.py:830} INFO - Processing file /home/airflow/.local/lib/python3.12/site-packages/airflow/example_dags/example_latest_only_with_trigger.py for tasks to queue
[2025-01-30T08:55:59.689+0000] {logging_mixin.py:188} INFO - [2025-01-30T08:55:59.689+0000] {dagbag.py:545} INFO - Filling up the DagBag from /home/airflow/.local/lib/python3.12/site-packages/airflow/example_dags/example_latest_only_with_trigger.py
[2025-01-30T08:55:59.695+0000] {processor.py:840} INFO - DAG(s) 'latest_only_with_trigger' retrieved from /home/airflow/.local/lib/python3.12/site-packages/airflow/example_dags/example_latest_only_with_trigger.py
[2025-01-30T08:55:59.716+0000] {logging_mixin.py:188} INFO - [2025-01-30T08:55:59.716+0000] {dag.py:3096} INFO - Sync 1 DAGs
[2025-01-30T08:55:59.739+0000] {logging_mixin.py:188} INFO - [2025-01-30T08:55:59.739+0000] {dag.py:3954} INFO - Setting next_dagrun for latest_only_with_trigger to 2025-01-30 04:00:00+00:00, run_after=2025-01-30 08:00:00+00:00
[2025-01-30T08:55:59.763+0000] {processor.py:183} INFO - Processing /home/airflow/.local/lib/python3.12/site-packages/airflow/example_dags/example_latest_only_with_trigger.py took 0.082 seconds
[2025-01-30T08:56:29.892+0000] {processor.py:161} INFO - Started process (PID=1531) to work on /home/airflow/.local/lib/python3.12/site-packages/airflow/example_dags/example_latest_only_with_trigger.py
[2025-01-30T08:56:29.893+0000] {processor.py:830} INFO - Processing file /home/airflow/.local/lib/python3.12/site-packages/airflow/example_dags/example_latest_only_with_trigger.py for tasks to queue
[2025-01-30T08:56:29.895+0000] {logging_mixin.py:188} INFO - [2025-01-30T08:56:29.895+0000] {dagbag.py:545} INFO - Filling up the DagBag from /home/airflow/.local/lib/python3.12/site-packages/airflow/example_dags/example_latest_only_with_trigger.py
[2025-01-30T08:56:29.900+0000] {processor.py:840} INFO - DAG(s) 'latest_only_with_trigger' retrieved from /home/airflow/.local/lib/python3.12/site-packages/airflow/example_dags/example_latest_only_with_trigger.py
[2025-01-30T08:56:29.923+0000] {logging_mixin.py:188} INFO - [2025-01-30T08:56:29.922+0000] {dag.py:3096} INFO - Sync 1 DAGs
[2025-01-30T08:56:29.946+0000] {logging_mixin.py:188} INFO - [2025-01-30T08:56:29.946+0000] {dag.py:3954} INFO - Setting next_dagrun for latest_only_with_trigger to 2025-01-30 04:00:00+00:00, run_after=2025-01-30 08:00:00+00:00
[2025-01-30T08:56:29.969+0000] {processor.py:183} INFO - Processing /home/airflow/.local/lib/python3.12/site-packages/airflow/example_dags/example_latest_only_with_trigger.py took 0.082 seconds
[2025-01-30T08:57:00.130+0000] {processor.py:161} INFO - Started process (PID=1589) to work on /home/airflow/.local/lib/python3.12/site-packages/airflow/example_dags/example_latest_only_with_trigger.py
[2025-01-30T08:57:00.132+0000] {processor.py:830} INFO - Processing file /home/airflow/.local/lib/python3.12/site-packages/airflow/example_dags/example_latest_only_with_trigger.py for tasks to queue
[2025-01-30T08:57:00.134+0000] {logging_mixin.py:188} INFO - [2025-01-30T08:57:00.134+0000] {dagbag.py:545} INFO - Filling up the DagBag from /home/airflow/.local/lib/python3.12/site-packages/airflow/example_dags/example_latest_only_with_trigger.py
[2025-01-30T08:57:00.140+0000] {processor.py:840} INFO - DAG(s) 'latest_only_with_trigger' retrieved from /home/airflow/.local/lib/python3.12/site-packages/airflow/example_dags/example_latest_only_with_trigger.py
[2025-01-30T08:57:00.165+0000] {logging_mixin.py:188} INFO - [2025-01-30T08:57:00.165+0000] {dag.py:3096} INFO - Sync 1 DAGs
[2025-01-30T08:57:00.190+0000] {logging_mixin.py:188} INFO - [2025-01-30T08:57:00.190+0000] {dag.py:3954} INFO - Setting next_dagrun for latest_only_with_trigger to 2025-01-30 04:00:00+00:00, run_after=2025-01-30 08:00:00+00:00
[2025-01-30T08:57:00.216+0000] {processor.py:183} INFO - Processing /home/airflow/.local/lib/python3.12/site-packages/airflow/example_dags/example_latest_only_with_trigger.py took 0.091 seconds
[2025-01-30T08:57:30.330+0000] {processor.py:161} INFO - Started process (PID=1647) to work on /home/airflow/.local/lib/python3.12/site-packages/airflow/example_dags/example_latest_only_with_trigger.py
[2025-01-30T08:57:30.333+0000] {processor.py:830} INFO - Processing file /home/airflow/.local/lib/python3.12/site-packages/airflow/example_dags/example_latest_only_with_trigger.py for tasks to queue
[2025-01-30T08:57:30.336+0000] {logging_mixin.py:188} INFO - [2025-01-30T08:57:30.335+0000] {dagbag.py:545} INFO - Filling up the DagBag from /home/airflow/.local/lib/python3.12/site-packages/airflow/example_dags/example_latest_only_with_trigger.py
[2025-01-30T08:57:30.345+0000] {processor.py:840} INFO - DAG(s) 'latest_only_with_trigger' retrieved from /home/airflow/.local/lib/python3.12/site-packages/airflow/example_dags/example_latest_only_with_trigger.py
[2025-01-30T08:57:30.374+0000] {logging_mixin.py:188} INFO - [2025-01-30T08:57:30.374+0000] {dag.py:3096} INFO - Sync 1 DAGs
[2025-01-30T08:57:30.404+0000] {logging_mixin.py:188} INFO - [2025-01-30T08:57:30.404+0000] {dag.py:3954} INFO - Setting next_dagrun for latest_only_with_trigger to 2025-01-30 04:00:00+00:00, run_after=2025-01-30 08:00:00+00:00
[2025-01-30T08:57:30.431+0000] {processor.py:183} INFO - Processing /home/airflow/.local/lib/python3.12/site-packages/airflow/example_dags/example_latest_only_with_trigger.py took 0.107 seconds
[2025-01-30T08:58:00.535+0000] {processor.py:161} INFO - Started process (PID=1704) to work on /home/airflow/.local/lib/python3.12/site-packages/airflow/example_dags/example_latest_only_with_trigger.py
[2025-01-30T08:58:00.536+0000] {processor.py:830} INFO - Processing file /home/airflow/.local/lib/python3.12/site-packages/airflow/example_dags/example_latest_only_with_trigger.py for tasks to queue
[2025-01-30T08:58:00.538+0000] {logging_mixin.py:188} INFO - [2025-01-30T08:58:00.538+0000] {dagbag.py:545} INFO - Filling up the DagBag from /home/airflow/.local/lib/python3.12/site-packages/airflow/example_dags/example_latest_only_with_trigger.py
[2025-01-30T08:58:00.546+0000] {processor.py:840} INFO - DAG(s) 'latest_only_with_trigger' retrieved from /home/airflow/.local/lib/python3.12/site-packages/airflow/example_dags/example_latest_only_with_trigger.py
[2025-01-30T08:58:00.568+0000] {logging_mixin.py:188} INFO - [2025-01-30T08:58:00.568+0000] {dag.py:3096} INFO - Sync 1 DAGs
[2025-01-30T08:58:00.601+0000] {logging_mixin.py:188} INFO - [2025-01-30T08:58:00.601+0000] {dag.py:3954} INFO - Setting next_dagrun for latest_only_with_trigger to 2025-01-30 04:00:00+00:00, run_after=2025-01-30 08:00:00+00:00
[2025-01-30T08:58:00.642+0000] {processor.py:183} INFO - Processing /home/airflow/.local/lib/python3.12/site-packages/airflow/example_dags/example_latest_only_with_trigger.py took 0.112 seconds
[2025-01-30T08:58:30.863+0000] {processor.py:161} INFO - Started process (PID=1762) to work on /home/airflow/.local/lib/python3.12/site-packages/airflow/example_dags/example_latest_only_with_trigger.py
[2025-01-30T08:58:30.864+0000] {processor.py:830} INFO - Processing file /home/airflow/.local/lib/python3.12/site-packages/airflow/example_dags/example_latest_only_with_trigger.py for tasks to queue
[2025-01-30T08:58:30.866+0000] {logging_mixin.py:188} INFO - [2025-01-30T08:58:30.865+0000] {dagbag.py:545} INFO - Filling up the DagBag from /home/airflow/.local/lib/python3.12/site-packages/airflow/example_dags/example_latest_only_with_trigger.py
[2025-01-30T08:58:30.871+0000] {processor.py:840} INFO - DAG(s) 'latest_only_with_trigger' retrieved from /home/airflow/.local/lib/python3.12/site-packages/airflow/example_dags/example_latest_only_with_trigger.py
[2025-01-30T08:58:30.892+0000] {logging_mixin.py:188} INFO - [2025-01-30T08:58:30.892+0000] {dag.py:3096} INFO - Sync 1 DAGs
[2025-01-30T08:58:30.916+0000] {logging_mixin.py:188} INFO - [2025-01-30T08:58:30.916+0000] {dag.py:3954} INFO - Setting next_dagrun for latest_only_with_trigger to 2025-01-30 04:00:00+00:00, run_after=2025-01-30 08:00:00+00:00
[2025-01-30T08:58:30.940+0000] {processor.py:183} INFO - Processing /home/airflow/.local/lib/python3.12/site-packages/airflow/example_dags/example_latest_only_with_trigger.py took 0.083 seconds
[2025-01-30T09:01:47.781+0000] {processor.py:161} INFO - Started process (PID=82) to work on /home/airflow/.local/lib/python3.12/site-packages/airflow/example_dags/example_latest_only_with_trigger.py
[2025-01-30T09:01:47.782+0000] {processor.py:830} INFO - Processing file /home/airflow/.local/lib/python3.12/site-packages/airflow/example_dags/example_latest_only_with_trigger.py for tasks to queue
[2025-01-30T09:01:47.785+0000] {logging_mixin.py:188} INFO - [2025-01-30T09:01:47.784+0000] {dagbag.py:545} INFO - Filling up the DagBag from /home/airflow/.local/lib/python3.12/site-packages/airflow/example_dags/example_latest_only_with_trigger.py
[2025-01-30T09:01:47.804+0000] {processor.py:840} INFO - DAG(s) 'latest_only_with_trigger' retrieved from /home/airflow/.local/lib/python3.12/site-packages/airflow/example_dags/example_latest_only_with_trigger.py
[2025-01-30T09:01:48.073+0000] {logging_mixin.py:188} INFO - [2025-01-30T09:01:48.073+0000] {dag.py:3096} INFO - Sync 1 DAGs
[2025-01-30T09:01:48.098+0000] {logging_mixin.py:188} INFO - [2025-01-30T09:01:48.098+0000] {dag.py:3954} INFO - Setting next_dagrun for latest_only_with_trigger to 2025-01-30 04:00:00+00:00, run_after=2025-01-30 08:00:00+00:00
[2025-01-30T09:01:48.127+0000] {processor.py:183} INFO - Processing /home/airflow/.local/lib/python3.12/site-packages/airflow/example_dags/example_latest_only_with_trigger.py took 0.353 seconds
[2025-01-30T09:02:18.232+0000] {processor.py:161} INFO - Started process (PID=140) to work on /home/airflow/.local/lib/python3.12/site-packages/airflow/example_dags/example_latest_only_with_trigger.py
[2025-01-30T09:02:18.233+0000] {processor.py:830} INFO - Processing file /home/airflow/.local/lib/python3.12/site-packages/airflow/example_dags/example_latest_only_with_trigger.py for tasks to queue
[2025-01-30T09:02:18.237+0000] {logging_mixin.py:188} INFO - [2025-01-30T09:02:18.236+0000] {dagbag.py:545} INFO - Filling up the DagBag from /home/airflow/.local/lib/python3.12/site-packages/airflow/example_dags/example_latest_only_with_trigger.py
[2025-01-30T09:02:18.244+0000] {processor.py:840} INFO - DAG(s) 'latest_only_with_trigger' retrieved from /home/airflow/.local/lib/python3.12/site-packages/airflow/example_dags/example_latest_only_with_trigger.py
[2025-01-30T09:02:18.276+0000] {logging_mixin.py:188} INFO - [2025-01-30T09:02:18.276+0000] {dag.py:3096} INFO - Sync 1 DAGs
[2025-01-30T09:02:18.305+0000] {logging_mixin.py:188} INFO - [2025-01-30T09:02:18.304+0000] {dag.py:3954} INFO - Setting next_dagrun for latest_only_with_trigger to 2025-01-30 04:00:00+00:00, run_after=2025-01-30 08:00:00+00:00
[2025-01-30T09:02:19.371+0000] {processor.py:183} INFO - Processing /home/airflow/.local/lib/python3.12/site-packages/airflow/example_dags/example_latest_only_with_trigger.py took 1.146 seconds
[2025-01-30T09:02:49.856+0000] {processor.py:161} INFO - Started process (PID=198) to work on /home/airflow/.local/lib/python3.12/site-packages/airflow/example_dags/example_latest_only_with_trigger.py
[2025-01-30T09:02:49.857+0000] {processor.py:830} INFO - Processing file /home/airflow/.local/lib/python3.12/site-packages/airflow/example_dags/example_latest_only_with_trigger.py for tasks to queue
[2025-01-30T09:02:49.860+0000] {logging_mixin.py:188} INFO - [2025-01-30T09:02:49.859+0000] {dagbag.py:545} INFO - Filling up the DagBag from /home/airflow/.local/lib/python3.12/site-packages/airflow/example_dags/example_latest_only_with_trigger.py
[2025-01-30T09:02:49.866+0000] {processor.py:840} INFO - DAG(s) 'latest_only_with_trigger' retrieved from /home/airflow/.local/lib/python3.12/site-packages/airflow/example_dags/example_latest_only_with_trigger.py
[2025-01-30T09:02:49.893+0000] {logging_mixin.py:188} INFO - [2025-01-30T09:02:49.892+0000] {dag.py:3096} INFO - Sync 1 DAGs
[2025-01-30T09:02:49.917+0000] {logging_mixin.py:188} INFO - [2025-01-30T09:02:49.916+0000] {dag.py:3954} INFO - Setting next_dagrun for latest_only_with_trigger to 2025-01-30 04:00:00+00:00, run_after=2025-01-30 08:00:00+00:00
[2025-01-30T09:02:49.944+0000] {processor.py:183} INFO - Processing /home/airflow/.local/lib/python3.12/site-packages/airflow/example_dags/example_latest_only_with_trigger.py took 0.097 seconds
[2025-01-30T09:03:20.074+0000] {processor.py:161} INFO - Started process (PID=256) to work on /home/airflow/.local/lib/python3.12/site-packages/airflow/example_dags/example_latest_only_with_trigger.py
[2025-01-30T09:03:20.075+0000] {processor.py:830} INFO - Processing file /home/airflow/.local/lib/python3.12/site-packages/airflow/example_dags/example_latest_only_with_trigger.py for tasks to queue
[2025-01-30T09:03:20.077+0000] {logging_mixin.py:188} INFO - [2025-01-30T09:03:20.077+0000] {dagbag.py:545} INFO - Filling up the DagBag from /home/airflow/.local/lib/python3.12/site-packages/airflow/example_dags/example_latest_only_with_trigger.py
[2025-01-30T09:03:20.085+0000] {processor.py:840} INFO - DAG(s) 'latest_only_with_trigger' retrieved from /home/airflow/.local/lib/python3.12/site-packages/airflow/example_dags/example_latest_only_with_trigger.py
[2025-01-30T09:03:20.114+0000] {logging_mixin.py:188} INFO - [2025-01-30T09:03:20.113+0000] {dag.py:3096} INFO - Sync 1 DAGs
[2025-01-30T09:03:20.146+0000] {logging_mixin.py:188} INFO - [2025-01-30T09:03:20.145+0000] {dag.py:3954} INFO - Setting next_dagrun for latest_only_with_trigger to 2025-01-30 04:00:00+00:00, run_after=2025-01-30 08:00:00+00:00
[2025-01-30T09:03:20.177+0000] {processor.py:183} INFO - Processing /home/airflow/.local/lib/python3.12/site-packages/airflow/example_dags/example_latest_only_with_trigger.py took 0.108 seconds
[2025-01-30T09:05:19.038+0000] {processor.py:161} INFO - Started process (PID=77) to work on /home/airflow/.local/lib/python3.12/site-packages/airflow/example_dags/example_latest_only_with_trigger.py
[2025-01-30T09:05:19.040+0000] {processor.py:830} INFO - Processing file /home/airflow/.local/lib/python3.12/site-packages/airflow/example_dags/example_latest_only_with_trigger.py for tasks to queue
[2025-01-30T09:05:19.045+0000] {logging_mixin.py:188} INFO - [2025-01-30T09:05:19.045+0000] {dagbag.py:545} INFO - Filling up the DagBag from /home/airflow/.local/lib/python3.12/site-packages/airflow/example_dags/example_latest_only_with_trigger.py
[2025-01-30T09:05:19.068+0000] {processor.py:840} INFO - DAG(s) 'latest_only_with_trigger' retrieved from /home/airflow/.local/lib/python3.12/site-packages/airflow/example_dags/example_latest_only_with_trigger.py
[2025-01-30T09:05:19.384+0000] {logging_mixin.py:188} INFO - [2025-01-30T09:05:19.383+0000] {dag.py:3096} INFO - Sync 1 DAGs
[2025-01-30T09:05:19.409+0000] {logging_mixin.py:188} INFO - [2025-01-30T09:05:19.409+0000] {dag.py:3954} INFO - Setting next_dagrun for latest_only_with_trigger to 2025-01-30 04:00:00+00:00, run_after=2025-01-30 08:00:00+00:00
[2025-01-30T09:05:19.461+0000] {processor.py:183} INFO - Processing /home/airflow/.local/lib/python3.12/site-packages/airflow/example_dags/example_latest_only_with_trigger.py took 0.442 seconds
[2025-01-30T09:05:50.344+0000] {processor.py:161} INFO - Started process (PID=138) to work on /home/airflow/.local/lib/python3.12/site-packages/airflow/example_dags/example_latest_only_with_trigger.py
[2025-01-30T09:05:50.346+0000] {processor.py:830} INFO - Processing file /home/airflow/.local/lib/python3.12/site-packages/airflow/example_dags/example_latest_only_with_trigger.py for tasks to queue
[2025-01-30T09:05:50.348+0000] {logging_mixin.py:188} INFO - [2025-01-30T09:05:50.348+0000] {dagbag.py:545} INFO - Filling up the DagBag from /home/airflow/.local/lib/python3.12/site-packages/airflow/example_dags/example_latest_only_with_trigger.py
[2025-01-30T09:05:50.353+0000] {processor.py:840} INFO - DAG(s) 'latest_only_with_trigger' retrieved from /home/airflow/.local/lib/python3.12/site-packages/airflow/example_dags/example_latest_only_with_trigger.py
[2025-01-30T09:05:50.379+0000] {logging_mixin.py:188} INFO - [2025-01-30T09:05:50.378+0000] {dag.py:3096} INFO - Sync 1 DAGs
[2025-01-30T09:05:50.405+0000] {logging_mixin.py:188} INFO - [2025-01-30T09:05:50.405+0000] {dag.py:3954} INFO - Setting next_dagrun for latest_only_with_trigger to 2025-01-30 04:00:00+00:00, run_after=2025-01-30 08:00:00+00:00
[2025-01-30T09:05:50.430+0000] {processor.py:183} INFO - Processing /home/airflow/.local/lib/python3.12/site-packages/airflow/example_dags/example_latest_only_with_trigger.py took 0.090 seconds
[2025-01-30T09:10:49.534+0000] {processor.py:161} INFO - Started process (PID=83) to work on /home/airflow/.local/lib/python3.12/site-packages/airflow/example_dags/example_latest_only_with_trigger.py
[2025-01-30T09:10:49.536+0000] {processor.py:830} INFO - Processing file /home/airflow/.local/lib/python3.12/site-packages/airflow/example_dags/example_latest_only_with_trigger.py for tasks to queue
[2025-01-30T09:10:49.539+0000] {logging_mixin.py:188} INFO - [2025-01-30T09:10:49.538+0000] {dagbag.py:545} INFO - Filling up the DagBag from /home/airflow/.local/lib/python3.12/site-packages/airflow/example_dags/example_latest_only_with_trigger.py
[2025-01-30T09:10:49.564+0000] {processor.py:840} INFO - DAG(s) 'latest_only_with_trigger' retrieved from /home/airflow/.local/lib/python3.12/site-packages/airflow/example_dags/example_latest_only_with_trigger.py
[2025-01-30T09:10:49.844+0000] {logging_mixin.py:188} INFO - [2025-01-30T09:10:49.843+0000] {dag.py:3096} INFO - Sync 1 DAGs
[2025-01-30T09:10:49.867+0000] {logging_mixin.py:188} INFO - [2025-01-30T09:10:49.867+0000] {dag.py:3954} INFO - Setting next_dagrun for latest_only_with_trigger to 2025-01-30 04:00:00+00:00, run_after=2025-01-30 08:00:00+00:00
[2025-01-30T09:10:49.894+0000] {processor.py:183} INFO - Processing /home/airflow/.local/lib/python3.12/site-packages/airflow/example_dags/example_latest_only_with_trigger.py took 0.366 seconds
[2025-01-30T09:11:20.570+0000] {processor.py:161} INFO - Started process (PID=142) to work on /home/airflow/.local/lib/python3.12/site-packages/airflow/example_dags/example_latest_only_with_trigger.py
[2025-01-30T09:11:20.571+0000] {processor.py:830} INFO - Processing file /home/airflow/.local/lib/python3.12/site-packages/airflow/example_dags/example_latest_only_with_trigger.py for tasks to queue
[2025-01-30T09:11:20.573+0000] {logging_mixin.py:188} INFO - [2025-01-30T09:11:20.573+0000] {dagbag.py:545} INFO - Filling up the DagBag from /home/airflow/.local/lib/python3.12/site-packages/airflow/example_dags/example_latest_only_with_trigger.py
[2025-01-30T09:11:20.578+0000] {processor.py:840} INFO - DAG(s) 'latest_only_with_trigger' retrieved from /home/airflow/.local/lib/python3.12/site-packages/airflow/example_dags/example_latest_only_with_trigger.py
[2025-01-30T09:11:20.599+0000] {logging_mixin.py:188} INFO - [2025-01-30T09:11:20.599+0000] {dag.py:3096} INFO - Sync 1 DAGs
[2025-01-30T09:11:20.621+0000] {logging_mixin.py:188} INFO - [2025-01-30T09:11:20.621+0000] {dag.py:3954} INFO - Setting next_dagrun for latest_only_with_trigger to 2025-01-30 04:00:00+00:00, run_after=2025-01-30 08:00:00+00:00
[2025-01-30T09:11:20.641+0000] {processor.py:183} INFO - Processing /home/airflow/.local/lib/python3.12/site-packages/airflow/example_dags/example_latest_only_with_trigger.py took 0.076 seconds
[2025-01-30T09:11:51.168+0000] {processor.py:161} INFO - Started process (PID=200) to work on /home/airflow/.local/lib/python3.12/site-packages/airflow/example_dags/example_latest_only_with_trigger.py
[2025-01-30T09:11:51.169+0000] {processor.py:830} INFO - Processing file /home/airflow/.local/lib/python3.12/site-packages/airflow/example_dags/example_latest_only_with_trigger.py for tasks to queue
[2025-01-30T09:11:51.171+0000] {logging_mixin.py:188} INFO - [2025-01-30T09:11:51.170+0000] {dagbag.py:545} INFO - Filling up the DagBag from /home/airflow/.local/lib/python3.12/site-packages/airflow/example_dags/example_latest_only_with_trigger.py
[2025-01-30T09:11:51.175+0000] {processor.py:840} INFO - DAG(s) 'latest_only_with_trigger' retrieved from /home/airflow/.local/lib/python3.12/site-packages/airflow/example_dags/example_latest_only_with_trigger.py
[2025-01-30T09:11:51.197+0000] {logging_mixin.py:188} INFO - [2025-01-30T09:11:51.197+0000] {dag.py:3096} INFO - Sync 1 DAGs
[2025-01-30T09:11:51.221+0000] {logging_mixin.py:188} INFO - [2025-01-30T09:11:51.221+0000] {dag.py:3954} INFO - Setting next_dagrun for latest_only_with_trigger to 2025-01-30 04:00:00+00:00, run_after=2025-01-30 08:00:00+00:00
[2025-01-30T09:11:51.246+0000] {processor.py:183} INFO - Processing /home/airflow/.local/lib/python3.12/site-packages/airflow/example_dags/example_latest_only_with_trigger.py took 0.083 seconds
[2025-01-30T09:12:21.485+0000] {processor.py:161} INFO - Started process (PID=258) to work on /home/airflow/.local/lib/python3.12/site-packages/airflow/example_dags/example_latest_only_with_trigger.py
[2025-01-30T09:12:21.486+0000] {processor.py:830} INFO - Processing file /home/airflow/.local/lib/python3.12/site-packages/airflow/example_dags/example_latest_only_with_trigger.py for tasks to queue
[2025-01-30T09:12:21.489+0000] {logging_mixin.py:188} INFO - [2025-01-30T09:12:21.488+0000] {dagbag.py:545} INFO - Filling up the DagBag from /home/airflow/.local/lib/python3.12/site-packages/airflow/example_dags/example_latest_only_with_trigger.py
[2025-01-30T09:12:21.493+0000] {processor.py:840} INFO - DAG(s) 'latest_only_with_trigger' retrieved from /home/airflow/.local/lib/python3.12/site-packages/airflow/example_dags/example_latest_only_with_trigger.py
[2025-01-30T09:12:21.513+0000] {logging_mixin.py:188} INFO - [2025-01-30T09:12:21.513+0000] {dag.py:3096} INFO - Sync 1 DAGs
[2025-01-30T09:12:21.536+0000] {logging_mixin.py:188} INFO - [2025-01-30T09:12:21.536+0000] {dag.py:3954} INFO - Setting next_dagrun for latest_only_with_trigger to 2025-01-30 04:00:00+00:00, run_after=2025-01-30 08:00:00+00:00
[2025-01-30T09:12:21.562+0000] {processor.py:183} INFO - Processing /home/airflow/.local/lib/python3.12/site-packages/airflow/example_dags/example_latest_only_with_trigger.py took 0.082 seconds
[2025-01-30T09:12:52.127+0000] {processor.py:161} INFO - Started process (PID=316) to work on /home/airflow/.local/lib/python3.12/site-packages/airflow/example_dags/example_latest_only_with_trigger.py
[2025-01-30T09:12:52.128+0000] {processor.py:830} INFO - Processing file /home/airflow/.local/lib/python3.12/site-packages/airflow/example_dags/example_latest_only_with_trigger.py for tasks to queue
[2025-01-30T09:12:52.130+0000] {logging_mixin.py:188} INFO - [2025-01-30T09:12:52.130+0000] {dagbag.py:545} INFO - Filling up the DagBag from /home/airflow/.local/lib/python3.12/site-packages/airflow/example_dags/example_latest_only_with_trigger.py
[2025-01-30T09:12:52.135+0000] {processor.py:840} INFO - DAG(s) 'latest_only_with_trigger' retrieved from /home/airflow/.local/lib/python3.12/site-packages/airflow/example_dags/example_latest_only_with_trigger.py
[2025-01-30T09:12:52.156+0000] {logging_mixin.py:188} INFO - [2025-01-30T09:12:52.156+0000] {dag.py:3096} INFO - Sync 1 DAGs
[2025-01-30T09:12:52.180+0000] {logging_mixin.py:188} INFO - [2025-01-30T09:12:52.180+0000] {dag.py:3954} INFO - Setting next_dagrun for latest_only_with_trigger to 2025-01-30 04:00:00+00:00, run_after=2025-01-30 08:00:00+00:00
[2025-01-30T09:12:52.201+0000] {processor.py:183} INFO - Processing /home/airflow/.local/lib/python3.12/site-packages/airflow/example_dags/example_latest_only_with_trigger.py took 0.079 seconds
[2025-01-30T09:13:22.386+0000] {processor.py:161} INFO - Started process (PID=374) to work on /home/airflow/.local/lib/python3.12/site-packages/airflow/example_dags/example_latest_only_with_trigger.py
[2025-01-30T09:13:22.387+0000] {processor.py:830} INFO - Processing file /home/airflow/.local/lib/python3.12/site-packages/airflow/example_dags/example_latest_only_with_trigger.py for tasks to queue
[2025-01-30T09:13:22.389+0000] {logging_mixin.py:188} INFO - [2025-01-30T09:13:22.389+0000] {dagbag.py:545} INFO - Filling up the DagBag from /home/airflow/.local/lib/python3.12/site-packages/airflow/example_dags/example_latest_only_with_trigger.py
[2025-01-30T09:13:22.394+0000] {processor.py:840} INFO - DAG(s) 'latest_only_with_trigger' retrieved from /home/airflow/.local/lib/python3.12/site-packages/airflow/example_dags/example_latest_only_with_trigger.py
[2025-01-30T09:13:22.417+0000] {logging_mixin.py:188} INFO - [2025-01-30T09:13:22.416+0000] {dag.py:3096} INFO - Sync 1 DAGs
[2025-01-30T09:13:22.440+0000] {logging_mixin.py:188} INFO - [2025-01-30T09:13:22.439+0000] {dag.py:3954} INFO - Setting next_dagrun for latest_only_with_trigger to 2025-01-30 04:00:00+00:00, run_after=2025-01-30 08:00:00+00:00
[2025-01-30T09:13:22.465+0000] {processor.py:183} INFO - Processing /home/airflow/.local/lib/python3.12/site-packages/airflow/example_dags/example_latest_only_with_trigger.py took 0.083 seconds
[2025-01-30T09:13:52.518+0000] {processor.py:161} INFO - Started process (PID=432) to work on /home/airflow/.local/lib/python3.12/site-packages/airflow/example_dags/example_latest_only_with_trigger.py
[2025-01-30T09:13:52.519+0000] {processor.py:830} INFO - Processing file /home/airflow/.local/lib/python3.12/site-packages/airflow/example_dags/example_latest_only_with_trigger.py for tasks to queue
[2025-01-30T09:13:52.521+0000] {logging_mixin.py:188} INFO - [2025-01-30T09:13:52.521+0000] {dagbag.py:545} INFO - Filling up the DagBag from /home/airflow/.local/lib/python3.12/site-packages/airflow/example_dags/example_latest_only_with_trigger.py
[2025-01-30T09:13:52.526+0000] {processor.py:840} INFO - DAG(s) 'latest_only_with_trigger' retrieved from /home/airflow/.local/lib/python3.12/site-packages/airflow/example_dags/example_latest_only_with_trigger.py
[2025-01-30T09:13:52.549+0000] {logging_mixin.py:188} INFO - [2025-01-30T09:13:52.549+0000] {dag.py:3096} INFO - Sync 1 DAGs
[2025-01-30T09:13:52.585+0000] {logging_mixin.py:188} INFO - [2025-01-30T09:13:52.585+0000] {dag.py:3954} INFO - Setting next_dagrun for latest_only_with_trigger to 2025-01-30 04:00:00+00:00, run_after=2025-01-30 08:00:00+00:00
[2025-01-30T09:13:52.609+0000] {processor.py:183} INFO - Processing /home/airflow/.local/lib/python3.12/site-packages/airflow/example_dags/example_latest_only_with_trigger.py took 0.096 seconds
[2025-01-30T09:14:22.783+0000] {processor.py:161} INFO - Started process (PID=490) to work on /home/airflow/.local/lib/python3.12/site-packages/airflow/example_dags/example_latest_only_with_trigger.py
[2025-01-30T09:14:22.784+0000] {processor.py:830} INFO - Processing file /home/airflow/.local/lib/python3.12/site-packages/airflow/example_dags/example_latest_only_with_trigger.py for tasks to queue
[2025-01-30T09:14:22.786+0000] {logging_mixin.py:188} INFO - [2025-01-30T09:14:22.785+0000] {dagbag.py:545} INFO - Filling up the DagBag from /home/airflow/.local/lib/python3.12/site-packages/airflow/example_dags/example_latest_only_with_trigger.py
[2025-01-30T09:14:22.791+0000] {processor.py:840} INFO - DAG(s) 'latest_only_with_trigger' retrieved from /home/airflow/.local/lib/python3.12/site-packages/airflow/example_dags/example_latest_only_with_trigger.py
[2025-01-30T09:14:22.812+0000] {logging_mixin.py:188} INFO - [2025-01-30T09:14:22.812+0000] {dag.py:3096} INFO - Sync 1 DAGs
[2025-01-30T09:14:22.840+0000] {logging_mixin.py:188} INFO - [2025-01-30T09:14:22.839+0000] {dag.py:3954} INFO - Setting next_dagrun for latest_only_with_trigger to 2025-01-30 04:00:00+00:00, run_after=2025-01-30 08:00:00+00:00
[2025-01-30T09:14:22.867+0000] {processor.py:183} INFO - Processing /home/airflow/.local/lib/python3.12/site-packages/airflow/example_dags/example_latest_only_with_trigger.py took 0.089 seconds
[2025-01-30T09:14:53.328+0000] {processor.py:161} INFO - Started process (PID=548) to work on /home/airflow/.local/lib/python3.12/site-packages/airflow/example_dags/example_latest_only_with_trigger.py
[2025-01-30T09:14:53.329+0000] {processor.py:830} INFO - Processing file /home/airflow/.local/lib/python3.12/site-packages/airflow/example_dags/example_latest_only_with_trigger.py for tasks to queue
[2025-01-30T09:14:53.331+0000] {logging_mixin.py:188} INFO - [2025-01-30T09:14:53.331+0000] {dagbag.py:545} INFO - Filling up the DagBag from /home/airflow/.local/lib/python3.12/site-packages/airflow/example_dags/example_latest_only_with_trigger.py
[2025-01-30T09:14:53.337+0000] {processor.py:840} INFO - DAG(s) 'latest_only_with_trigger' retrieved from /home/airflow/.local/lib/python3.12/site-packages/airflow/example_dags/example_latest_only_with_trigger.py
[2025-01-30T09:14:53.362+0000] {logging_mixin.py:188} INFO - [2025-01-30T09:14:53.362+0000] {dag.py:3096} INFO - Sync 1 DAGs
[2025-01-30T09:14:53.385+0000] {logging_mixin.py:188} INFO - [2025-01-30T09:14:53.385+0000] {dag.py:3954} INFO - Setting next_dagrun for latest_only_with_trigger to 2025-01-30 04:00:00+00:00, run_after=2025-01-30 08:00:00+00:00
[2025-01-30T09:14:53.411+0000] {processor.py:183} INFO - Processing /home/airflow/.local/lib/python3.12/site-packages/airflow/example_dags/example_latest_only_with_trigger.py took 0.089 seconds
[2025-01-30T09:15:23.477+0000] {processor.py:161} INFO - Started process (PID=605) to work on /home/airflow/.local/lib/python3.12/site-packages/airflow/example_dags/example_latest_only_with_trigger.py
[2025-01-30T09:15:23.479+0000] {processor.py:830} INFO - Processing file /home/airflow/.local/lib/python3.12/site-packages/airflow/example_dags/example_latest_only_with_trigger.py for tasks to queue
[2025-01-30T09:15:23.481+0000] {logging_mixin.py:188} INFO - [2025-01-30T09:15:23.480+0000] {dagbag.py:545} INFO - Filling up the DagBag from /home/airflow/.local/lib/python3.12/site-packages/airflow/example_dags/example_latest_only_with_trigger.py
[2025-01-30T09:15:23.485+0000] {processor.py:840} INFO - DAG(s) 'latest_only_with_trigger' retrieved from /home/airflow/.local/lib/python3.12/site-packages/airflow/example_dags/example_latest_only_with_trigger.py
[2025-01-30T09:15:23.511+0000] {logging_mixin.py:188} INFO - [2025-01-30T09:15:23.511+0000] {dag.py:3096} INFO - Sync 1 DAGs
[2025-01-30T09:15:23.535+0000] {logging_mixin.py:188} INFO - [2025-01-30T09:15:23.534+0000] {dag.py:3954} INFO - Setting next_dagrun for latest_only_with_trigger to 2025-01-30 04:00:00+00:00, run_after=2025-01-30 08:00:00+00:00
[2025-01-30T09:15:23.566+0000] {processor.py:183} INFO - Processing /home/airflow/.local/lib/python3.12/site-packages/airflow/example_dags/example_latest_only_with_trigger.py took 0.095 seconds
[2025-01-30T09:15:53.620+0000] {processor.py:161} INFO - Started process (PID=663) to work on /home/airflow/.local/lib/python3.12/site-packages/airflow/example_dags/example_latest_only_with_trigger.py
[2025-01-30T09:15:53.621+0000] {processor.py:830} INFO - Processing file /home/airflow/.local/lib/python3.12/site-packages/airflow/example_dags/example_latest_only_with_trigger.py for tasks to queue
[2025-01-30T09:15:53.623+0000] {logging_mixin.py:188} INFO - [2025-01-30T09:15:53.622+0000] {dagbag.py:545} INFO - Filling up the DagBag from /home/airflow/.local/lib/python3.12/site-packages/airflow/example_dags/example_latest_only_with_trigger.py
[2025-01-30T09:15:53.630+0000] {processor.py:840} INFO - DAG(s) 'latest_only_with_trigger' retrieved from /home/airflow/.local/lib/python3.12/site-packages/airflow/example_dags/example_latest_only_with_trigger.py
[2025-01-30T09:15:53.653+0000] {logging_mixin.py:188} INFO - [2025-01-30T09:15:53.653+0000] {dag.py:3096} INFO - Sync 1 DAGs
[2025-01-30T09:15:53.676+0000] {logging_mixin.py:188} INFO - [2025-01-30T09:15:53.676+0000] {dag.py:3954} INFO - Setting next_dagrun for latest_only_with_trigger to 2025-01-30 04:00:00+00:00, run_after=2025-01-30 08:00:00+00:00
[2025-01-30T09:15:53.702+0000] {processor.py:183} INFO - Processing /home/airflow/.local/lib/python3.12/site-packages/airflow/example_dags/example_latest_only_with_trigger.py took 0.087 seconds
[2025-01-30T09:16:24.149+0000] {processor.py:161} INFO - Started process (PID=721) to work on /home/airflow/.local/lib/python3.12/site-packages/airflow/example_dags/example_latest_only_with_trigger.py
[2025-01-30T09:16:24.150+0000] {processor.py:830} INFO - Processing file /home/airflow/.local/lib/python3.12/site-packages/airflow/example_dags/example_latest_only_with_trigger.py for tasks to queue
[2025-01-30T09:16:24.151+0000] {logging_mixin.py:188} INFO - [2025-01-30T09:16:24.151+0000] {dagbag.py:545} INFO - Filling up the DagBag from /home/airflow/.local/lib/python3.12/site-packages/airflow/example_dags/example_latest_only_with_trigger.py
[2025-01-30T09:16:24.157+0000] {processor.py:840} INFO - DAG(s) 'latest_only_with_trigger' retrieved from /home/airflow/.local/lib/python3.12/site-packages/airflow/example_dags/example_latest_only_with_trigger.py
[2025-01-30T09:16:24.182+0000] {logging_mixin.py:188} INFO - [2025-01-30T09:16:24.182+0000] {dag.py:3096} INFO - Sync 1 DAGs
[2025-01-30T09:16:24.205+0000] {logging_mixin.py:188} INFO - [2025-01-30T09:16:24.205+0000] {dag.py:3954} INFO - Setting next_dagrun for latest_only_with_trigger to 2025-01-30 04:00:00+00:00, run_after=2025-01-30 08:00:00+00:00
[2025-01-30T09:16:24.239+0000] {processor.py:183} INFO - Processing /home/airflow/.local/lib/python3.12/site-packages/airflow/example_dags/example_latest_only_with_trigger.py took 0.096 seconds
[2025-01-30T09:16:54.339+0000] {processor.py:161} INFO - Started process (PID=779) to work on /home/airflow/.local/lib/python3.12/site-packages/airflow/example_dags/example_latest_only_with_trigger.py
[2025-01-30T09:16:54.341+0000] {processor.py:830} INFO - Processing file /home/airflow/.local/lib/python3.12/site-packages/airflow/example_dags/example_latest_only_with_trigger.py for tasks to queue
[2025-01-30T09:16:54.343+0000] {logging_mixin.py:188} INFO - [2025-01-30T09:16:54.342+0000] {dagbag.py:545} INFO - Filling up the DagBag from /home/airflow/.local/lib/python3.12/site-packages/airflow/example_dags/example_latest_only_with_trigger.py
[2025-01-30T09:16:54.349+0000] {processor.py:840} INFO - DAG(s) 'latest_only_with_trigger' retrieved from /home/airflow/.local/lib/python3.12/site-packages/airflow/example_dags/example_latest_only_with_trigger.py
[2025-01-30T09:16:54.372+0000] {logging_mixin.py:188} INFO - [2025-01-30T09:16:54.372+0000] {dag.py:3096} INFO - Sync 1 DAGs
[2025-01-30T09:16:54.397+0000] {logging_mixin.py:188} INFO - [2025-01-30T09:16:54.397+0000] {dag.py:3954} INFO - Setting next_dagrun for latest_only_with_trigger to 2025-01-30 04:00:00+00:00, run_after=2025-01-30 08:00:00+00:00
[2025-01-30T09:16:54.422+0000] {processor.py:183} INFO - Processing /home/airflow/.local/lib/python3.12/site-packages/airflow/example_dags/example_latest_only_with_trigger.py took 0.088 seconds
[2025-01-30T09:17:24.809+0000] {processor.py:161} INFO - Started process (PID=837) to work on /home/airflow/.local/lib/python3.12/site-packages/airflow/example_dags/example_latest_only_with_trigger.py
[2025-01-30T09:17:24.810+0000] {processor.py:830} INFO - Processing file /home/airflow/.local/lib/python3.12/site-packages/airflow/example_dags/example_latest_only_with_trigger.py for tasks to queue
[2025-01-30T09:17:24.812+0000] {logging_mixin.py:188} INFO - [2025-01-30T09:17:24.812+0000] {dagbag.py:545} INFO - Filling up the DagBag from /home/airflow/.local/lib/python3.12/site-packages/airflow/example_dags/example_latest_only_with_trigger.py
[2025-01-30T09:17:24.817+0000] {processor.py:840} INFO - DAG(s) 'latest_only_with_trigger' retrieved from /home/airflow/.local/lib/python3.12/site-packages/airflow/example_dags/example_latest_only_with_trigger.py
[2025-01-30T09:17:24.843+0000] {logging_mixin.py:188} INFO - [2025-01-30T09:17:24.843+0000] {dag.py:3096} INFO - Sync 1 DAGs
[2025-01-30T09:17:24.868+0000] {logging_mixin.py:188} INFO - [2025-01-30T09:17:24.867+0000] {dag.py:3954} INFO - Setting next_dagrun for latest_only_with_trigger to 2025-01-30 04:00:00+00:00, run_after=2025-01-30 08:00:00+00:00
[2025-01-30T09:17:24.893+0000] {processor.py:183} INFO - Processing /home/airflow/.local/lib/python3.12/site-packages/airflow/example_dags/example_latest_only_with_trigger.py took 0.089 seconds
[2025-01-30T09:17:55.029+0000] {processor.py:161} INFO - Started process (PID=896) to work on /home/airflow/.local/lib/python3.12/site-packages/airflow/example_dags/example_latest_only_with_trigger.py
[2025-01-30T09:17:55.030+0000] {processor.py:830} INFO - Processing file /home/airflow/.local/lib/python3.12/site-packages/airflow/example_dags/example_latest_only_with_trigger.py for tasks to queue
[2025-01-30T09:17:55.032+0000] {logging_mixin.py:188} INFO - [2025-01-30T09:17:55.031+0000] {dagbag.py:545} INFO - Filling up the DagBag from /home/airflow/.local/lib/python3.12/site-packages/airflow/example_dags/example_latest_only_with_trigger.py
[2025-01-30T09:17:55.037+0000] {processor.py:840} INFO - DAG(s) 'latest_only_with_trigger' retrieved from /home/airflow/.local/lib/python3.12/site-packages/airflow/example_dags/example_latest_only_with_trigger.py
[2025-01-30T09:17:55.058+0000] {logging_mixin.py:188} INFO - [2025-01-30T09:17:55.058+0000] {dag.py:3096} INFO - Sync 1 DAGs
[2025-01-30T09:17:55.080+0000] {logging_mixin.py:188} INFO - [2025-01-30T09:17:55.080+0000] {dag.py:3954} INFO - Setting next_dagrun for latest_only_with_trigger to 2025-01-30 04:00:00+00:00, run_after=2025-01-30 08:00:00+00:00
[2025-01-30T09:17:55.106+0000] {processor.py:183} INFO - Processing /home/airflow/.local/lib/python3.12/site-packages/airflow/example_dags/example_latest_only_with_trigger.py took 0.082 seconds
[2025-01-30T09:18:25.571+0000] {processor.py:161} INFO - Started process (PID=955) to work on /home/airflow/.local/lib/python3.12/site-packages/airflow/example_dags/example_latest_only_with_trigger.py
[2025-01-30T09:18:25.572+0000] {processor.py:830} INFO - Processing file /home/airflow/.local/lib/python3.12/site-packages/airflow/example_dags/example_latest_only_with_trigger.py for tasks to queue
[2025-01-30T09:18:25.574+0000] {logging_mixin.py:188} INFO - [2025-01-30T09:18:25.574+0000] {dagbag.py:545} INFO - Filling up the DagBag from /home/airflow/.local/lib/python3.12/site-packages/airflow/example_dags/example_latest_only_with_trigger.py
[2025-01-30T09:18:25.580+0000] {processor.py:840} INFO - DAG(s) 'latest_only_with_trigger' retrieved from /home/airflow/.local/lib/python3.12/site-packages/airflow/example_dags/example_latest_only_with_trigger.py
[2025-01-30T09:18:25.603+0000] {logging_mixin.py:188} INFO - [2025-01-30T09:18:25.603+0000] {dag.py:3096} INFO - Sync 1 DAGs
[2025-01-30T09:18:25.626+0000] {logging_mixin.py:188} INFO - [2025-01-30T09:18:25.625+0000] {dag.py:3954} INFO - Setting next_dagrun for latest_only_with_trigger to 2025-01-30 04:00:00+00:00, run_after=2025-01-30 08:00:00+00:00
[2025-01-30T09:18:25.651+0000] {processor.py:183} INFO - Processing /home/airflow/.local/lib/python3.12/site-packages/airflow/example_dags/example_latest_only_with_trigger.py took 0.084 seconds
[2025-01-30T09:20:15.185+0000] {processor.py:161} INFO - Started process (PID=80) to work on /home/airflow/.local/lib/python3.12/site-packages/airflow/example_dags/example_latest_only_with_trigger.py
[2025-01-30T09:20:15.187+0000] {processor.py:830} INFO - Processing file /home/airflow/.local/lib/python3.12/site-packages/airflow/example_dags/example_latest_only_with_trigger.py for tasks to queue
[2025-01-30T09:20:15.189+0000] {logging_mixin.py:188} INFO - [2025-01-30T09:20:15.188+0000] {dagbag.py:545} INFO - Filling up the DagBag from /home/airflow/.local/lib/python3.12/site-packages/airflow/example_dags/example_latest_only_with_trigger.py
[2025-01-30T09:20:15.208+0000] {processor.py:840} INFO - DAG(s) 'latest_only_with_trigger' retrieved from /home/airflow/.local/lib/python3.12/site-packages/airflow/example_dags/example_latest_only_with_trigger.py
[2025-01-30T09:20:15.447+0000] {logging_mixin.py:188} INFO - [2025-01-30T09:20:15.447+0000] {dag.py:3096} INFO - Sync 1 DAGs
[2025-01-30T09:20:15.468+0000] {logging_mixin.py:188} INFO - [2025-01-30T09:20:15.468+0000] {dag.py:3954} INFO - Setting next_dagrun for latest_only_with_trigger to 2025-01-30 04:00:00+00:00, run_after=2025-01-30 08:00:00+00:00
[2025-01-30T09:20:15.494+0000] {processor.py:183} INFO - Processing /home/airflow/.local/lib/python3.12/site-packages/airflow/example_dags/example_latest_only_with_trigger.py took 0.314 seconds
[2025-01-30T09:20:45.614+0000] {processor.py:161} INFO - Started process (PID=138) to work on /home/airflow/.local/lib/python3.12/site-packages/airflow/example_dags/example_latest_only_with_trigger.py
[2025-01-30T09:20:45.616+0000] {processor.py:830} INFO - Processing file /home/airflow/.local/lib/python3.12/site-packages/airflow/example_dags/example_latest_only_with_trigger.py for tasks to queue
[2025-01-30T09:20:45.620+0000] {logging_mixin.py:188} INFO - [2025-01-30T09:20:45.619+0000] {dagbag.py:545} INFO - Filling up the DagBag from /home/airflow/.local/lib/python3.12/site-packages/airflow/example_dags/example_latest_only_with_trigger.py
[2025-01-30T09:20:45.626+0000] {processor.py:840} INFO - DAG(s) 'latest_only_with_trigger' retrieved from /home/airflow/.local/lib/python3.12/site-packages/airflow/example_dags/example_latest_only_with_trigger.py
[2025-01-30T09:20:45.653+0000] {logging_mixin.py:188} INFO - [2025-01-30T09:20:45.653+0000] {dag.py:3096} INFO - Sync 1 DAGs
[2025-01-30T09:20:45.682+0000] {logging_mixin.py:188} INFO - [2025-01-30T09:20:45.682+0000] {dag.py:3954} INFO - Setting next_dagrun for latest_only_with_trigger to 2025-01-30 04:00:00+00:00, run_after=2025-01-30 08:00:00+00:00
[2025-01-30T09:20:45.713+0000] {processor.py:183} INFO - Processing /home/airflow/.local/lib/python3.12/site-packages/airflow/example_dags/example_latest_only_with_trigger.py took 0.104 seconds
[2025-01-30T09:21:15.915+0000] {processor.py:161} INFO - Started process (PID=196) to work on /home/airflow/.local/lib/python3.12/site-packages/airflow/example_dags/example_latest_only_with_trigger.py
[2025-01-30T09:21:15.916+0000] {processor.py:830} INFO - Processing file /home/airflow/.local/lib/python3.12/site-packages/airflow/example_dags/example_latest_only_with_trigger.py for tasks to queue
[2025-01-30T09:21:15.918+0000] {logging_mixin.py:188} INFO - [2025-01-30T09:21:15.917+0000] {dagbag.py:545} INFO - Filling up the DagBag from /home/airflow/.local/lib/python3.12/site-packages/airflow/example_dags/example_latest_only_with_trigger.py
[2025-01-30T09:21:15.923+0000] {processor.py:840} INFO - DAG(s) 'latest_only_with_trigger' retrieved from /home/airflow/.local/lib/python3.12/site-packages/airflow/example_dags/example_latest_only_with_trigger.py
[2025-01-30T09:21:15.945+0000] {logging_mixin.py:188} INFO - [2025-01-30T09:21:15.945+0000] {dag.py:3096} INFO - Sync 1 DAGs
[2025-01-30T09:21:15.970+0000] {logging_mixin.py:188} INFO - [2025-01-30T09:21:15.969+0000] {dag.py:3954} INFO - Setting next_dagrun for latest_only_with_trigger to 2025-01-30 04:00:00+00:00, run_after=2025-01-30 08:00:00+00:00
[2025-01-30T09:21:15.997+0000] {processor.py:183} INFO - Processing /home/airflow/.local/lib/python3.12/site-packages/airflow/example_dags/example_latest_only_with_trigger.py took 0.088 seconds
[2025-01-30T09:21:46.245+0000] {processor.py:161} INFO - Started process (PID=254) to work on /home/airflow/.local/lib/python3.12/site-packages/airflow/example_dags/example_latest_only_with_trigger.py
[2025-01-30T09:21:46.246+0000] {processor.py:830} INFO - Processing file /home/airflow/.local/lib/python3.12/site-packages/airflow/example_dags/example_latest_only_with_trigger.py for tasks to queue
[2025-01-30T09:21:46.249+0000] {logging_mixin.py:188} INFO - [2025-01-30T09:21:46.249+0000] {dagbag.py:545} INFO - Filling up the DagBag from /home/airflow/.local/lib/python3.12/site-packages/airflow/example_dags/example_latest_only_with_trigger.py
[2025-01-30T09:21:46.255+0000] {processor.py:840} INFO - DAG(s) 'latest_only_with_trigger' retrieved from /home/airflow/.local/lib/python3.12/site-packages/airflow/example_dags/example_latest_only_with_trigger.py
[2025-01-30T09:21:46.279+0000] {logging_mixin.py:188} INFO - [2025-01-30T09:21:46.279+0000] {dag.py:3096} INFO - Sync 1 DAGs
[2025-01-30T09:21:46.305+0000] {logging_mixin.py:188} INFO - [2025-01-30T09:21:46.305+0000] {dag.py:3954} INFO - Setting next_dagrun for latest_only_with_trigger to 2025-01-30 04:00:00+00:00, run_after=2025-01-30 08:00:00+00:00
[2025-01-30T09:21:46.330+0000] {processor.py:183} INFO - Processing /home/airflow/.local/lib/python3.12/site-packages/airflow/example_dags/example_latest_only_with_trigger.py took 0.090 seconds
[2025-01-30T09:22:16.477+0000] {processor.py:161} INFO - Started process (PID=313) to work on /home/airflow/.local/lib/python3.12/site-packages/airflow/example_dags/example_latest_only_with_trigger.py
[2025-01-30T09:22:16.479+0000] {processor.py:830} INFO - Processing file /home/airflow/.local/lib/python3.12/site-packages/airflow/example_dags/example_latest_only_with_trigger.py for tasks to queue
[2025-01-30T09:22:16.482+0000] {logging_mixin.py:188} INFO - [2025-01-30T09:22:16.482+0000] {dagbag.py:545} INFO - Filling up the DagBag from /home/airflow/.local/lib/python3.12/site-packages/airflow/example_dags/example_latest_only_with_trigger.py
[2025-01-30T09:22:16.487+0000] {processor.py:840} INFO - DAG(s) 'latest_only_with_trigger' retrieved from /home/airflow/.local/lib/python3.12/site-packages/airflow/example_dags/example_latest_only_with_trigger.py
[2025-01-30T09:22:16.516+0000] {logging_mixin.py:188} INFO - [2025-01-30T09:22:16.516+0000] {dag.py:3096} INFO - Sync 1 DAGs
[2025-01-30T09:22:16.543+0000] {logging_mixin.py:188} INFO - [2025-01-30T09:22:16.542+0000] {dag.py:3954} INFO - Setting next_dagrun for latest_only_with_trigger to 2025-01-30 04:00:00+00:00, run_after=2025-01-30 08:00:00+00:00
[2025-01-30T09:22:16.567+0000] {processor.py:183} INFO - Processing /home/airflow/.local/lib/python3.12/site-packages/airflow/example_dags/example_latest_only_with_trigger.py took 0.095 seconds
[2025-01-30T09:22:46.637+0000] {processor.py:161} INFO - Started process (PID=371) to work on /home/airflow/.local/lib/python3.12/site-packages/airflow/example_dags/example_latest_only_with_trigger.py
[2025-01-30T09:22:46.638+0000] {processor.py:830} INFO - Processing file /home/airflow/.local/lib/python3.12/site-packages/airflow/example_dags/example_latest_only_with_trigger.py for tasks to queue
[2025-01-30T09:22:46.641+0000] {logging_mixin.py:188} INFO - [2025-01-30T09:22:46.640+0000] {dagbag.py:545} INFO - Filling up the DagBag from /home/airflow/.local/lib/python3.12/site-packages/airflow/example_dags/example_latest_only_with_trigger.py
[2025-01-30T09:22:46.647+0000] {processor.py:840} INFO - DAG(s) 'latest_only_with_trigger' retrieved from /home/airflow/.local/lib/python3.12/site-packages/airflow/example_dags/example_latest_only_with_trigger.py
[2025-01-30T09:22:46.671+0000] {logging_mixin.py:188} INFO - [2025-01-30T09:22:46.671+0000] {dag.py:3096} INFO - Sync 1 DAGs
[2025-01-30T09:22:46.698+0000] {logging_mixin.py:188} INFO - [2025-01-30T09:22:46.698+0000] {dag.py:3954} INFO - Setting next_dagrun for latest_only_with_trigger to 2025-01-30 04:00:00+00:00, run_after=2025-01-30 08:00:00+00:00
[2025-01-30T09:22:46.728+0000] {processor.py:183} INFO - Processing /home/airflow/.local/lib/python3.12/site-packages/airflow/example_dags/example_latest_only_with_trigger.py took 0.095 seconds
[2025-01-30T09:23:16.787+0000] {processor.py:161} INFO - Started process (PID=429) to work on /home/airflow/.local/lib/python3.12/site-packages/airflow/example_dags/example_latest_only_with_trigger.py
[2025-01-30T09:23:16.788+0000] {processor.py:830} INFO - Processing file /home/airflow/.local/lib/python3.12/site-packages/airflow/example_dags/example_latest_only_with_trigger.py for tasks to queue
[2025-01-30T09:23:16.789+0000] {logging_mixin.py:188} INFO - [2025-01-30T09:23:16.789+0000] {dagbag.py:545} INFO - Filling up the DagBag from /home/airflow/.local/lib/python3.12/site-packages/airflow/example_dags/example_latest_only_with_trigger.py
[2025-01-30T09:23:16.794+0000] {processor.py:840} INFO - DAG(s) 'latest_only_with_trigger' retrieved from /home/airflow/.local/lib/python3.12/site-packages/airflow/example_dags/example_latest_only_with_trigger.py
[2025-01-30T09:23:16.817+0000] {logging_mixin.py:188} INFO - [2025-01-30T09:23:16.817+0000] {dag.py:3096} INFO - Sync 1 DAGs
[2025-01-30T09:23:16.841+0000] {logging_mixin.py:188} INFO - [2025-01-30T09:23:16.841+0000] {dag.py:3954} INFO - Setting next_dagrun for latest_only_with_trigger to 2025-01-30 04:00:00+00:00, run_after=2025-01-30 08:00:00+00:00
[2025-01-30T09:23:16.868+0000] {processor.py:183} INFO - Processing /home/airflow/.local/lib/python3.12/site-packages/airflow/example_dags/example_latest_only_with_trigger.py took 0.086 seconds
[2025-01-30T09:23:47.151+0000] {processor.py:161} INFO - Started process (PID=487) to work on /home/airflow/.local/lib/python3.12/site-packages/airflow/example_dags/example_latest_only_with_trigger.py
[2025-01-30T09:23:47.152+0000] {processor.py:830} INFO - Processing file /home/airflow/.local/lib/python3.12/site-packages/airflow/example_dags/example_latest_only_with_trigger.py for tasks to queue
[2025-01-30T09:23:47.155+0000] {logging_mixin.py:188} INFO - [2025-01-30T09:23:47.154+0000] {dagbag.py:545} INFO - Filling up the DagBag from /home/airflow/.local/lib/python3.12/site-packages/airflow/example_dags/example_latest_only_with_trigger.py
[2025-01-30T09:23:47.161+0000] {processor.py:840} INFO - DAG(s) 'latest_only_with_trigger' retrieved from /home/airflow/.local/lib/python3.12/site-packages/airflow/example_dags/example_latest_only_with_trigger.py
[2025-01-30T09:23:47.189+0000] {logging_mixin.py:188} INFO - [2025-01-30T09:23:47.189+0000] {dag.py:3096} INFO - Sync 1 DAGs
[2025-01-30T09:23:47.221+0000] {logging_mixin.py:188} INFO - [2025-01-30T09:23:47.221+0000] {dag.py:3954} INFO - Setting next_dagrun for latest_only_with_trigger to 2025-01-30 04:00:00+00:00, run_after=2025-01-30 08:00:00+00:00
[2025-01-30T09:23:47.247+0000] {processor.py:183} INFO - Processing /home/airflow/.local/lib/python3.12/site-packages/airflow/example_dags/example_latest_only_with_trigger.py took 0.103 seconds
[2025-01-30T09:24:17.553+0000] {processor.py:161} INFO - Started process (PID=545) to work on /home/airflow/.local/lib/python3.12/site-packages/airflow/example_dags/example_latest_only_with_trigger.py
[2025-01-30T09:24:17.555+0000] {processor.py:830} INFO - Processing file /home/airflow/.local/lib/python3.12/site-packages/airflow/example_dags/example_latest_only_with_trigger.py for tasks to queue
[2025-01-30T09:24:17.557+0000] {logging_mixin.py:188} INFO - [2025-01-30T09:24:17.556+0000] {dagbag.py:545} INFO - Filling up the DagBag from /home/airflow/.local/lib/python3.12/site-packages/airflow/example_dags/example_latest_only_with_trigger.py
[2025-01-30T09:24:17.562+0000] {processor.py:840} INFO - DAG(s) 'latest_only_with_trigger' retrieved from /home/airflow/.local/lib/python3.12/site-packages/airflow/example_dags/example_latest_only_with_trigger.py
[2025-01-30T09:24:17.586+0000] {logging_mixin.py:188} INFO - [2025-01-30T09:24:17.586+0000] {dag.py:3096} INFO - Sync 1 DAGs
[2025-01-30T09:24:17.611+0000] {logging_mixin.py:188} INFO - [2025-01-30T09:24:17.610+0000] {dag.py:3954} INFO - Setting next_dagrun for latest_only_with_trigger to 2025-01-30 04:00:00+00:00, run_after=2025-01-30 08:00:00+00:00
[2025-01-30T09:24:17.640+0000] {processor.py:183} INFO - Processing /home/airflow/.local/lib/python3.12/site-packages/airflow/example_dags/example_latest_only_with_trigger.py took 0.092 seconds
[2025-01-30T09:24:47.903+0000] {processor.py:161} INFO - Started process (PID=603) to work on /home/airflow/.local/lib/python3.12/site-packages/airflow/example_dags/example_latest_only_with_trigger.py
[2025-01-30T09:24:47.905+0000] {processor.py:830} INFO - Processing file /home/airflow/.local/lib/python3.12/site-packages/airflow/example_dags/example_latest_only_with_trigger.py for tasks to queue
[2025-01-30T09:24:47.907+0000] {logging_mixin.py:188} INFO - [2025-01-30T09:24:47.906+0000] {dagbag.py:545} INFO - Filling up the DagBag from /home/airflow/.local/lib/python3.12/site-packages/airflow/example_dags/example_latest_only_with_trigger.py
[2025-01-30T09:24:47.913+0000] {processor.py:840} INFO - DAG(s) 'latest_only_with_trigger' retrieved from /home/airflow/.local/lib/python3.12/site-packages/airflow/example_dags/example_latest_only_with_trigger.py
[2025-01-30T09:24:47.938+0000] {logging_mixin.py:188} INFO - [2025-01-30T09:24:47.937+0000] {dag.py:3096} INFO - Sync 1 DAGs
[2025-01-30T09:24:47.963+0000] {logging_mixin.py:188} INFO - [2025-01-30T09:24:47.963+0000] {dag.py:3954} INFO - Setting next_dagrun for latest_only_with_trigger to 2025-01-30 04:00:00+00:00, run_after=2025-01-30 08:00:00+00:00
[2025-01-30T09:24:47.988+0000] {processor.py:183} INFO - Processing /home/airflow/.local/lib/python3.12/site-packages/airflow/example_dags/example_latest_only_with_trigger.py took 0.090 seconds
[2025-01-30T09:25:18.204+0000] {processor.py:161} INFO - Started process (PID=661) to work on /home/airflow/.local/lib/python3.12/site-packages/airflow/example_dags/example_latest_only_with_trigger.py
[2025-01-30T09:25:18.205+0000] {processor.py:830} INFO - Processing file /home/airflow/.local/lib/python3.12/site-packages/airflow/example_dags/example_latest_only_with_trigger.py for tasks to queue
[2025-01-30T09:25:18.207+0000] {logging_mixin.py:188} INFO - [2025-01-30T09:25:18.207+0000] {dagbag.py:545} INFO - Filling up the DagBag from /home/airflow/.local/lib/python3.12/site-packages/airflow/example_dags/example_latest_only_with_trigger.py
[2025-01-30T09:25:18.212+0000] {processor.py:840} INFO - DAG(s) 'latest_only_with_trigger' retrieved from /home/airflow/.local/lib/python3.12/site-packages/airflow/example_dags/example_latest_only_with_trigger.py
[2025-01-30T09:25:18.234+0000] {logging_mixin.py:188} INFO - [2025-01-30T09:25:18.234+0000] {dag.py:3096} INFO - Sync 1 DAGs
[2025-01-30T09:25:18.259+0000] {logging_mixin.py:188} INFO - [2025-01-30T09:25:18.259+0000] {dag.py:3954} INFO - Setting next_dagrun for latest_only_with_trigger to 2025-01-30 04:00:00+00:00, run_after=2025-01-30 08:00:00+00:00
[2025-01-30T09:25:18.288+0000] {processor.py:183} INFO - Processing /home/airflow/.local/lib/python3.12/site-packages/airflow/example_dags/example_latest_only_with_trigger.py took 0.090 seconds
