[2025-01-30T08:43:54.109+0000] {processor.py:161} INFO - Started process (PID=101) to work on /home/airflow/.local/lib/python3.12/site-packages/airflow/example_dags/example_sla_dag.py
[2025-01-30T08:43:54.110+0000] {processor.py:830} INFO - Processing file /home/airflow/.local/lib/python3.12/site-packages/airflow/example_dags/example_sla_dag.py for tasks to queue
[2025-01-30T08:43:54.113+0000] {logging_mixin.py:188} INFO - [2025-01-30T08:43:54.113+0000] {dagbag.py:545} INFO - Filling up the DagBag from /home/airflow/.local/lib/python3.12/site-packages/airflow/example_dags/example_sla_dag.py
[2025-01-30T08:43:54.124+0000] {processor.py:840} INFO - DAG(s) 'example_sla_dag' retrieved from /home/airflow/.local/lib/python3.12/site-packages/airflow/example_dags/example_sla_dag.py
[2025-01-30T08:43:54.239+0000] {logging_mixin.py:188} INFO - [2025-01-30T08:43:54.239+0000] {dag.py:3096} INFO - Sync 1 DAGs
[2025-01-30T08:43:54.263+0000] {logging_mixin.py:188} INFO - [2025-01-30T08:43:54.263+0000] {dag.py:3954} INFO - Setting next_dagrun for example_sla_dag to 2025-01-30 08:40:00+00:00, run_after=2025-01-30 08:42:00+00:00
[2025-01-30T08:43:54.287+0000] {processor.py:183} INFO - Processing /home/airflow/.local/lib/python3.12/site-packages/airflow/example_dags/example_sla_dag.py took 0.184 seconds
[2025-01-30T08:44:24.349+0000] {processor.py:161} INFO - Started process (PID=159) to work on /home/airflow/.local/lib/python3.12/site-packages/airflow/example_dags/example_sla_dag.py
[2025-01-30T08:44:24.351+0000] {processor.py:830} INFO - Processing file /home/airflow/.local/lib/python3.12/site-packages/airflow/example_dags/example_sla_dag.py for tasks to queue
[2025-01-30T08:44:24.353+0000] {logging_mixin.py:188} INFO - [2025-01-30T08:44:24.352+0000] {dagbag.py:545} INFO - Filling up the DagBag from /home/airflow/.local/lib/python3.12/site-packages/airflow/example_dags/example_sla_dag.py
[2025-01-30T08:44:24.362+0000] {processor.py:840} INFO - DAG(s) 'example_sla_dag' retrieved from /home/airflow/.local/lib/python3.12/site-packages/airflow/example_dags/example_sla_dag.py
[2025-01-30T08:44:24.385+0000] {logging_mixin.py:188} INFO - [2025-01-30T08:44:24.384+0000] {dag.py:3096} INFO - Sync 1 DAGs
[2025-01-30T08:44:24.414+0000] {logging_mixin.py:188} INFO - [2025-01-30T08:44:24.414+0000] {dag.py:3954} INFO - Setting next_dagrun for example_sla_dag to 2025-01-30 08:42:00+00:00, run_after=2025-01-30 08:44:00+00:00
[2025-01-30T08:44:24.437+0000] {processor.py:183} INFO - Processing /home/airflow/.local/lib/python3.12/site-packages/airflow/example_dags/example_sla_dag.py took 0.093 seconds
[2025-01-30T08:44:54.667+0000] {processor.py:161} INFO - Started process (PID=217) to work on /home/airflow/.local/lib/python3.12/site-packages/airflow/example_dags/example_sla_dag.py
[2025-01-30T08:44:54.668+0000] {processor.py:830} INFO - Processing file /home/airflow/.local/lib/python3.12/site-packages/airflow/example_dags/example_sla_dag.py for tasks to queue
[2025-01-30T08:44:54.670+0000] {logging_mixin.py:188} INFO - [2025-01-30T08:44:54.669+0000] {dagbag.py:545} INFO - Filling up the DagBag from /home/airflow/.local/lib/python3.12/site-packages/airflow/example_dags/example_sla_dag.py
[2025-01-30T08:44:54.677+0000] {processor.py:840} INFO - DAG(s) 'example_sla_dag' retrieved from /home/airflow/.local/lib/python3.12/site-packages/airflow/example_dags/example_sla_dag.py
[2025-01-30T08:44:54.695+0000] {logging_mixin.py:188} INFO - [2025-01-30T08:44:54.695+0000] {dag.py:3096} INFO - Sync 1 DAGs
[2025-01-30T08:44:54.719+0000] {logging_mixin.py:188} INFO - [2025-01-30T08:44:54.718+0000] {dag.py:3954} INFO - Setting next_dagrun for example_sla_dag to 2025-01-30 08:42:00+00:00, run_after=2025-01-30 08:44:00+00:00
[2025-01-30T08:44:54.743+0000] {processor.py:183} INFO - Processing /home/airflow/.local/lib/python3.12/site-packages/airflow/example_dags/example_sla_dag.py took 0.082 seconds
[2025-01-30T08:45:24.940+0000] {processor.py:161} INFO - Started process (PID=275) to work on /home/airflow/.local/lib/python3.12/site-packages/airflow/example_dags/example_sla_dag.py
[2025-01-30T08:45:24.941+0000] {processor.py:830} INFO - Processing file /home/airflow/.local/lib/python3.12/site-packages/airflow/example_dags/example_sla_dag.py for tasks to queue
[2025-01-30T08:45:24.944+0000] {logging_mixin.py:188} INFO - [2025-01-30T08:45:24.943+0000] {dagbag.py:545} INFO - Filling up the DagBag from /home/airflow/.local/lib/python3.12/site-packages/airflow/example_dags/example_sla_dag.py
[2025-01-30T08:45:24.952+0000] {processor.py:840} INFO - DAG(s) 'example_sla_dag' retrieved from /home/airflow/.local/lib/python3.12/site-packages/airflow/example_dags/example_sla_dag.py
[2025-01-30T08:45:24.975+0000] {logging_mixin.py:188} INFO - [2025-01-30T08:45:24.975+0000] {dag.py:3096} INFO - Sync 1 DAGs
[2025-01-30T08:45:25.001+0000] {logging_mixin.py:188} INFO - [2025-01-30T08:45:25.001+0000] {dag.py:3954} INFO - Setting next_dagrun for example_sla_dag to 2025-01-30 08:42:00+00:00, run_after=2025-01-30 08:44:00+00:00
[2025-01-30T08:45:25.027+0000] {processor.py:183} INFO - Processing /home/airflow/.local/lib/python3.12/site-packages/airflow/example_dags/example_sla_dag.py took 0.093 seconds
[2025-01-30T08:45:55.684+0000] {processor.py:161} INFO - Started process (PID=333) to work on /home/airflow/.local/lib/python3.12/site-packages/airflow/example_dags/example_sla_dag.py
[2025-01-30T08:45:55.685+0000] {processor.py:830} INFO - Processing file /home/airflow/.local/lib/python3.12/site-packages/airflow/example_dags/example_sla_dag.py for tasks to queue
[2025-01-30T08:45:55.687+0000] {logging_mixin.py:188} INFO - [2025-01-30T08:45:55.687+0000] {dagbag.py:545} INFO - Filling up the DagBag from /home/airflow/.local/lib/python3.12/site-packages/airflow/example_dags/example_sla_dag.py
[2025-01-30T08:45:55.695+0000] {processor.py:840} INFO - DAG(s) 'example_sla_dag' retrieved from /home/airflow/.local/lib/python3.12/site-packages/airflow/example_dags/example_sla_dag.py
[2025-01-30T08:45:55.715+0000] {logging_mixin.py:188} INFO - [2025-01-30T08:45:55.715+0000] {dag.py:3096} INFO - Sync 1 DAGs
[2025-01-30T08:45:55.739+0000] {logging_mixin.py:188} INFO - [2025-01-30T08:45:55.739+0000] {dag.py:3954} INFO - Setting next_dagrun for example_sla_dag to 2025-01-30 08:42:00+00:00, run_after=2025-01-30 08:44:00+00:00
[2025-01-30T08:45:55.761+0000] {processor.py:183} INFO - Processing /home/airflow/.local/lib/python3.12/site-packages/airflow/example_dags/example_sla_dag.py took 0.083 seconds
[2025-01-30T08:46:26.459+0000] {processor.py:161} INFO - Started process (PID=390) to work on /home/airflow/.local/lib/python3.12/site-packages/airflow/example_dags/example_sla_dag.py
[2025-01-30T08:46:26.460+0000] {processor.py:830} INFO - Processing file /home/airflow/.local/lib/python3.12/site-packages/airflow/example_dags/example_sla_dag.py for tasks to queue
[2025-01-30T08:46:26.462+0000] {logging_mixin.py:188} INFO - [2025-01-30T08:46:26.461+0000] {dagbag.py:545} INFO - Filling up the DagBag from /home/airflow/.local/lib/python3.12/site-packages/airflow/example_dags/example_sla_dag.py
[2025-01-30T08:46:26.472+0000] {processor.py:840} INFO - DAG(s) 'example_sla_dag' retrieved from /home/airflow/.local/lib/python3.12/site-packages/airflow/example_dags/example_sla_dag.py
[2025-01-30T08:46:26.492+0000] {logging_mixin.py:188} INFO - [2025-01-30T08:46:26.492+0000] {dag.py:3096} INFO - Sync 1 DAGs
[2025-01-30T08:46:26.519+0000] {logging_mixin.py:188} INFO - [2025-01-30T08:46:26.519+0000] {dag.py:3954} INFO - Setting next_dagrun for example_sla_dag to 2025-01-30 08:44:00+00:00, run_after=2025-01-30 08:46:00+00:00
[2025-01-30T08:46:26.545+0000] {processor.py:183} INFO - Processing /home/airflow/.local/lib/python3.12/site-packages/airflow/example_dags/example_sla_dag.py took 0.092 seconds
[2025-01-30T08:46:56.673+0000] {processor.py:161} INFO - Started process (PID=448) to work on /home/airflow/.local/lib/python3.12/site-packages/airflow/example_dags/example_sla_dag.py
[2025-01-30T08:46:56.675+0000] {processor.py:830} INFO - Processing file /home/airflow/.local/lib/python3.12/site-packages/airflow/example_dags/example_sla_dag.py for tasks to queue
[2025-01-30T08:46:56.677+0000] {logging_mixin.py:188} INFO - [2025-01-30T08:46:56.676+0000] {dagbag.py:545} INFO - Filling up the DagBag from /home/airflow/.local/lib/python3.12/site-packages/airflow/example_dags/example_sla_dag.py
[2025-01-30T08:46:56.686+0000] {processor.py:840} INFO - DAG(s) 'example_sla_dag' retrieved from /home/airflow/.local/lib/python3.12/site-packages/airflow/example_dags/example_sla_dag.py
[2025-01-30T08:46:56.708+0000] {logging_mixin.py:188} INFO - [2025-01-30T08:46:56.707+0000] {dag.py:3096} INFO - Sync 1 DAGs
[2025-01-30T08:46:56.734+0000] {logging_mixin.py:188} INFO - [2025-01-30T08:46:56.733+0000] {dag.py:3954} INFO - Setting next_dagrun for example_sla_dag to 2025-01-30 08:44:00+00:00, run_after=2025-01-30 08:46:00+00:00
[2025-01-30T08:46:56.758+0000] {processor.py:183} INFO - Processing /home/airflow/.local/lib/python3.12/site-packages/airflow/example_dags/example_sla_dag.py took 0.090 seconds
[2025-01-30T08:47:27.291+0000] {processor.py:161} INFO - Started process (PID=506) to work on /home/airflow/.local/lib/python3.12/site-packages/airflow/example_dags/example_sla_dag.py
[2025-01-30T08:47:27.292+0000] {processor.py:830} INFO - Processing file /home/airflow/.local/lib/python3.12/site-packages/airflow/example_dags/example_sla_dag.py for tasks to queue
[2025-01-30T08:47:27.294+0000] {logging_mixin.py:188} INFO - [2025-01-30T08:47:27.294+0000] {dagbag.py:545} INFO - Filling up the DagBag from /home/airflow/.local/lib/python3.12/site-packages/airflow/example_dags/example_sla_dag.py
[2025-01-30T08:47:27.302+0000] {processor.py:840} INFO - DAG(s) 'example_sla_dag' retrieved from /home/airflow/.local/lib/python3.12/site-packages/airflow/example_dags/example_sla_dag.py
[2025-01-30T08:47:27.321+0000] {logging_mixin.py:188} INFO - [2025-01-30T08:47:27.321+0000] {dag.py:3096} INFO - Sync 1 DAGs
[2025-01-30T08:47:27.347+0000] {logging_mixin.py:188} INFO - [2025-01-30T08:47:27.347+0000] {dag.py:3954} INFO - Setting next_dagrun for example_sla_dag to 2025-01-30 08:44:00+00:00, run_after=2025-01-30 08:46:00+00:00
[2025-01-30T08:47:27.372+0000] {processor.py:183} INFO - Processing /home/airflow/.local/lib/python3.12/site-packages/airflow/example_dags/example_sla_dag.py took 0.086 seconds
[2025-01-30T08:47:57.710+0000] {processor.py:161} INFO - Started process (PID=564) to work on /home/airflow/.local/lib/python3.12/site-packages/airflow/example_dags/example_sla_dag.py
[2025-01-30T08:47:57.711+0000] {processor.py:830} INFO - Processing file /home/airflow/.local/lib/python3.12/site-packages/airflow/example_dags/example_sla_dag.py for tasks to queue
[2025-01-30T08:47:57.713+0000] {logging_mixin.py:188} INFO - [2025-01-30T08:47:57.712+0000] {dagbag.py:545} INFO - Filling up the DagBag from /home/airflow/.local/lib/python3.12/site-packages/airflow/example_dags/example_sla_dag.py
[2025-01-30T08:47:57.720+0000] {processor.py:840} INFO - DAG(s) 'example_sla_dag' retrieved from /home/airflow/.local/lib/python3.12/site-packages/airflow/example_dags/example_sla_dag.py
[2025-01-30T08:47:57.743+0000] {logging_mixin.py:188} INFO - [2025-01-30T08:47:57.742+0000] {dag.py:3096} INFO - Sync 1 DAGs
[2025-01-30T08:47:57.772+0000] {logging_mixin.py:188} INFO - [2025-01-30T08:47:57.772+0000] {dag.py:3954} INFO - Setting next_dagrun for example_sla_dag to 2025-01-30 08:44:00+00:00, run_after=2025-01-30 08:46:00+00:00
[2025-01-30T08:47:57.800+0000] {processor.py:183} INFO - Processing /home/airflow/.local/lib/python3.12/site-packages/airflow/example_dags/example_sla_dag.py took 0.096 seconds
[2025-01-30T08:48:27.950+0000] {processor.py:161} INFO - Started process (PID=622) to work on /home/airflow/.local/lib/python3.12/site-packages/airflow/example_dags/example_sla_dag.py
[2025-01-30T08:48:27.951+0000] {processor.py:830} INFO - Processing file /home/airflow/.local/lib/python3.12/site-packages/airflow/example_dags/example_sla_dag.py for tasks to queue
[2025-01-30T08:48:27.954+0000] {logging_mixin.py:188} INFO - [2025-01-30T08:48:27.953+0000] {dagbag.py:545} INFO - Filling up the DagBag from /home/airflow/.local/lib/python3.12/site-packages/airflow/example_dags/example_sla_dag.py
[2025-01-30T08:48:27.963+0000] {processor.py:840} INFO - DAG(s) 'example_sla_dag' retrieved from /home/airflow/.local/lib/python3.12/site-packages/airflow/example_dags/example_sla_dag.py
[2025-01-30T08:48:27.984+0000] {logging_mixin.py:188} INFO - [2025-01-30T08:48:27.984+0000] {dag.py:3096} INFO - Sync 1 DAGs
[2025-01-30T08:48:28.009+0000] {logging_mixin.py:188} INFO - [2025-01-30T08:48:28.008+0000] {dag.py:3954} INFO - Setting next_dagrun for example_sla_dag to 2025-01-30 08:46:00+00:00, run_after=2025-01-30 08:48:00+00:00
[2025-01-30T08:48:28.032+0000] {processor.py:183} INFO - Processing /home/airflow/.local/lib/python3.12/site-packages/airflow/example_dags/example_sla_dag.py took 0.088 seconds
[2025-01-30T08:48:58.210+0000] {processor.py:161} INFO - Started process (PID=680) to work on /home/airflow/.local/lib/python3.12/site-packages/airflow/example_dags/example_sla_dag.py
[2025-01-30T08:48:58.211+0000] {processor.py:830} INFO - Processing file /home/airflow/.local/lib/python3.12/site-packages/airflow/example_dags/example_sla_dag.py for tasks to queue
[2025-01-30T08:48:58.213+0000] {logging_mixin.py:188} INFO - [2025-01-30T08:48:58.212+0000] {dagbag.py:545} INFO - Filling up the DagBag from /home/airflow/.local/lib/python3.12/site-packages/airflow/example_dags/example_sla_dag.py
[2025-01-30T08:48:58.220+0000] {processor.py:840} INFO - DAG(s) 'example_sla_dag' retrieved from /home/airflow/.local/lib/python3.12/site-packages/airflow/example_dags/example_sla_dag.py
[2025-01-30T08:48:58.240+0000] {logging_mixin.py:188} INFO - [2025-01-30T08:48:58.240+0000] {dag.py:3096} INFO - Sync 1 DAGs
[2025-01-30T08:48:58.264+0000] {logging_mixin.py:188} INFO - [2025-01-30T08:48:58.264+0000] {dag.py:3954} INFO - Setting next_dagrun for example_sla_dag to 2025-01-30 08:46:00+00:00, run_after=2025-01-30 08:48:00+00:00
[2025-01-30T08:48:58.288+0000] {processor.py:183} INFO - Processing /home/airflow/.local/lib/python3.12/site-packages/airflow/example_dags/example_sla_dag.py took 0.083 seconds
[2025-01-30T08:49:28.713+0000] {processor.py:161} INFO - Started process (PID=738) to work on /home/airflow/.local/lib/python3.12/site-packages/airflow/example_dags/example_sla_dag.py
[2025-01-30T08:49:28.714+0000] {processor.py:830} INFO - Processing file /home/airflow/.local/lib/python3.12/site-packages/airflow/example_dags/example_sla_dag.py for tasks to queue
[2025-01-30T08:49:28.716+0000] {logging_mixin.py:188} INFO - [2025-01-30T08:49:28.716+0000] {dagbag.py:545} INFO - Filling up the DagBag from /home/airflow/.local/lib/python3.12/site-packages/airflow/example_dags/example_sla_dag.py
[2025-01-30T08:49:28.724+0000] {processor.py:840} INFO - DAG(s) 'example_sla_dag' retrieved from /home/airflow/.local/lib/python3.12/site-packages/airflow/example_dags/example_sla_dag.py
[2025-01-30T08:49:28.744+0000] {logging_mixin.py:188} INFO - [2025-01-30T08:49:28.743+0000] {dag.py:3096} INFO - Sync 1 DAGs
[2025-01-30T08:49:28.769+0000] {logging_mixin.py:188} INFO - [2025-01-30T08:49:28.769+0000] {dag.py:3954} INFO - Setting next_dagrun for example_sla_dag to 2025-01-30 08:46:00+00:00, run_after=2025-01-30 08:48:00+00:00
[2025-01-30T08:49:28.796+0000] {processor.py:183} INFO - Processing /home/airflow/.local/lib/python3.12/site-packages/airflow/example_dags/example_sla_dag.py took 0.088 seconds
[2025-01-30T08:49:59.078+0000] {processor.py:161} INFO - Started process (PID=796) to work on /home/airflow/.local/lib/python3.12/site-packages/airflow/example_dags/example_sla_dag.py
[2025-01-30T08:49:59.080+0000] {processor.py:830} INFO - Processing file /home/airflow/.local/lib/python3.12/site-packages/airflow/example_dags/example_sla_dag.py for tasks to queue
[2025-01-30T08:49:59.081+0000] {logging_mixin.py:188} INFO - [2025-01-30T08:49:59.081+0000] {dagbag.py:545} INFO - Filling up the DagBag from /home/airflow/.local/lib/python3.12/site-packages/airflow/example_dags/example_sla_dag.py
[2025-01-30T08:49:59.089+0000] {processor.py:840} INFO - DAG(s) 'example_sla_dag' retrieved from /home/airflow/.local/lib/python3.12/site-packages/airflow/example_dags/example_sla_dag.py
[2025-01-30T08:49:59.109+0000] {logging_mixin.py:188} INFO - [2025-01-30T08:49:59.109+0000] {dag.py:3096} INFO - Sync 1 DAGs
[2025-01-30T08:49:59.136+0000] {logging_mixin.py:188} INFO - [2025-01-30T08:49:59.135+0000] {dag.py:3954} INFO - Setting next_dagrun for example_sla_dag to 2025-01-30 08:46:00+00:00, run_after=2025-01-30 08:48:00+00:00
[2025-01-30T08:49:59.160+0000] {processor.py:183} INFO - Processing /home/airflow/.local/lib/python3.12/site-packages/airflow/example_dags/example_sla_dag.py took 0.086 seconds
[2025-01-30T08:50:29.412+0000] {processor.py:161} INFO - Started process (PID=854) to work on /home/airflow/.local/lib/python3.12/site-packages/airflow/example_dags/example_sla_dag.py
[2025-01-30T08:50:29.413+0000] {processor.py:830} INFO - Processing file /home/airflow/.local/lib/python3.12/site-packages/airflow/example_dags/example_sla_dag.py for tasks to queue
[2025-01-30T08:50:29.415+0000] {logging_mixin.py:188} INFO - [2025-01-30T08:50:29.415+0000] {dagbag.py:545} INFO - Filling up the DagBag from /home/airflow/.local/lib/python3.12/site-packages/airflow/example_dags/example_sla_dag.py
[2025-01-30T08:50:29.423+0000] {processor.py:840} INFO - DAG(s) 'example_sla_dag' retrieved from /home/airflow/.local/lib/python3.12/site-packages/airflow/example_dags/example_sla_dag.py
[2025-01-30T08:50:29.445+0000] {logging_mixin.py:188} INFO - [2025-01-30T08:50:29.444+0000] {dag.py:3096} INFO - Sync 1 DAGs
[2025-01-30T08:50:29.471+0000] {logging_mixin.py:188} INFO - [2025-01-30T08:50:29.471+0000] {dag.py:3954} INFO - Setting next_dagrun for example_sla_dag to 2025-01-30 08:48:00+00:00, run_after=2025-01-30 08:50:00+00:00
[2025-01-30T08:50:29.499+0000] {processor.py:183} INFO - Processing /home/airflow/.local/lib/python3.12/site-packages/airflow/example_dags/example_sla_dag.py took 0.092 seconds
[2025-01-30T08:50:59.884+0000] {processor.py:161} INFO - Started process (PID=912) to work on /home/airflow/.local/lib/python3.12/site-packages/airflow/example_dags/example_sla_dag.py
[2025-01-30T08:50:59.885+0000] {processor.py:830} INFO - Processing file /home/airflow/.local/lib/python3.12/site-packages/airflow/example_dags/example_sla_dag.py for tasks to queue
[2025-01-30T08:50:59.887+0000] {logging_mixin.py:188} INFO - [2025-01-30T08:50:59.886+0000] {dagbag.py:545} INFO - Filling up the DagBag from /home/airflow/.local/lib/python3.12/site-packages/airflow/example_dags/example_sla_dag.py
[2025-01-30T08:50:59.894+0000] {processor.py:840} INFO - DAG(s) 'example_sla_dag' retrieved from /home/airflow/.local/lib/python3.12/site-packages/airflow/example_dags/example_sla_dag.py
[2025-01-30T08:50:59.914+0000] {logging_mixin.py:188} INFO - [2025-01-30T08:50:59.913+0000] {dag.py:3096} INFO - Sync 1 DAGs
[2025-01-30T08:50:59.939+0000] {logging_mixin.py:188} INFO - [2025-01-30T08:50:59.939+0000] {dag.py:3954} INFO - Setting next_dagrun for example_sla_dag to 2025-01-30 08:48:00+00:00, run_after=2025-01-30 08:50:00+00:00
[2025-01-30T08:50:59.964+0000] {processor.py:183} INFO - Processing /home/airflow/.local/lib/python3.12/site-packages/airflow/example_dags/example_sla_dag.py took 0.085 seconds
[2025-01-30T08:51:30.411+0000] {processor.py:161} INFO - Started process (PID=970) to work on /home/airflow/.local/lib/python3.12/site-packages/airflow/example_dags/example_sla_dag.py
[2025-01-30T08:51:30.412+0000] {processor.py:830} INFO - Processing file /home/airflow/.local/lib/python3.12/site-packages/airflow/example_dags/example_sla_dag.py for tasks to queue
[2025-01-30T08:51:30.414+0000] {logging_mixin.py:188} INFO - [2025-01-30T08:51:30.414+0000] {dagbag.py:545} INFO - Filling up the DagBag from /home/airflow/.local/lib/python3.12/site-packages/airflow/example_dags/example_sla_dag.py
[2025-01-30T08:51:30.422+0000] {processor.py:840} INFO - DAG(s) 'example_sla_dag' retrieved from /home/airflow/.local/lib/python3.12/site-packages/airflow/example_dags/example_sla_dag.py
[2025-01-30T08:51:30.442+0000] {logging_mixin.py:188} INFO - [2025-01-30T08:51:30.442+0000] {dag.py:3096} INFO - Sync 1 DAGs
[2025-01-30T08:51:30.468+0000] {logging_mixin.py:188} INFO - [2025-01-30T08:51:30.468+0000] {dag.py:3954} INFO - Setting next_dagrun for example_sla_dag to 2025-01-30 08:48:00+00:00, run_after=2025-01-30 08:50:00+00:00
[2025-01-30T08:51:30.492+0000] {processor.py:183} INFO - Processing /home/airflow/.local/lib/python3.12/site-packages/airflow/example_dags/example_sla_dag.py took 0.086 seconds
[2025-01-30T08:52:00.773+0000] {processor.py:161} INFO - Started process (PID=1028) to work on /home/airflow/.local/lib/python3.12/site-packages/airflow/example_dags/example_sla_dag.py
[2025-01-30T08:52:00.774+0000] {processor.py:830} INFO - Processing file /home/airflow/.local/lib/python3.12/site-packages/airflow/example_dags/example_sla_dag.py for tasks to queue
[2025-01-30T08:52:00.776+0000] {logging_mixin.py:188} INFO - [2025-01-30T08:52:00.776+0000] {dagbag.py:545} INFO - Filling up the DagBag from /home/airflow/.local/lib/python3.12/site-packages/airflow/example_dags/example_sla_dag.py
[2025-01-30T08:52:00.786+0000] {processor.py:840} INFO - DAG(s) 'example_sla_dag' retrieved from /home/airflow/.local/lib/python3.12/site-packages/airflow/example_dags/example_sla_dag.py
[2025-01-30T08:52:00.808+0000] {logging_mixin.py:188} INFO - [2025-01-30T08:52:00.807+0000] {dag.py:3096} INFO - Sync 1 DAGs
[2025-01-30T08:52:00.840+0000] {logging_mixin.py:188} INFO - [2025-01-30T08:52:00.839+0000] {dag.py:3954} INFO - Setting next_dagrun for example_sla_dag to 2025-01-30 08:50:00+00:00, run_after=2025-01-30 08:52:00+00:00
[2025-01-30T08:52:00.867+0000] {processor.py:183} INFO - Processing /home/airflow/.local/lib/python3.12/site-packages/airflow/example_dags/example_sla_dag.py took 0.102 seconds
[2025-01-30T08:52:31.021+0000] {processor.py:161} INFO - Started process (PID=1086) to work on /home/airflow/.local/lib/python3.12/site-packages/airflow/example_dags/example_sla_dag.py
[2025-01-30T08:52:31.022+0000] {processor.py:830} INFO - Processing file /home/airflow/.local/lib/python3.12/site-packages/airflow/example_dags/example_sla_dag.py for tasks to queue
[2025-01-30T08:52:31.024+0000] {logging_mixin.py:188} INFO - [2025-01-30T08:52:31.024+0000] {dagbag.py:545} INFO - Filling up the DagBag from /home/airflow/.local/lib/python3.12/site-packages/airflow/example_dags/example_sla_dag.py
[2025-01-30T08:52:31.032+0000] {processor.py:840} INFO - DAG(s) 'example_sla_dag' retrieved from /home/airflow/.local/lib/python3.12/site-packages/airflow/example_dags/example_sla_dag.py
[2025-01-30T08:52:31.055+0000] {logging_mixin.py:188} INFO - [2025-01-30T08:52:31.054+0000] {dag.py:3096} INFO - Sync 1 DAGs
[2025-01-30T08:52:31.082+0000] {logging_mixin.py:188} INFO - [2025-01-30T08:52:31.082+0000] {dag.py:3954} INFO - Setting next_dagrun for example_sla_dag to 2025-01-30 08:50:00+00:00, run_after=2025-01-30 08:52:00+00:00
[2025-01-30T08:52:31.115+0000] {processor.py:183} INFO - Processing /home/airflow/.local/lib/python3.12/site-packages/airflow/example_dags/example_sla_dag.py took 0.100 seconds
[2025-01-30T08:53:01.389+0000] {processor.py:161} INFO - Started process (PID=1144) to work on /home/airflow/.local/lib/python3.12/site-packages/airflow/example_dags/example_sla_dag.py
[2025-01-30T08:53:01.390+0000] {processor.py:830} INFO - Processing file /home/airflow/.local/lib/python3.12/site-packages/airflow/example_dags/example_sla_dag.py for tasks to queue
[2025-01-30T08:53:01.392+0000] {logging_mixin.py:188} INFO - [2025-01-30T08:53:01.392+0000] {dagbag.py:545} INFO - Filling up the DagBag from /home/airflow/.local/lib/python3.12/site-packages/airflow/example_dags/example_sla_dag.py
[2025-01-30T08:53:01.399+0000] {processor.py:840} INFO - DAG(s) 'example_sla_dag' retrieved from /home/airflow/.local/lib/python3.12/site-packages/airflow/example_dags/example_sla_dag.py
[2025-01-30T08:53:01.418+0000] {logging_mixin.py:188} INFO - [2025-01-30T08:53:01.417+0000] {dag.py:3096} INFO - Sync 1 DAGs
[2025-01-30T08:53:01.443+0000] {logging_mixin.py:188} INFO - [2025-01-30T08:53:01.443+0000] {dag.py:3954} INFO - Setting next_dagrun for example_sla_dag to 2025-01-30 08:50:00+00:00, run_after=2025-01-30 08:52:00+00:00
[2025-01-30T08:53:01.465+0000] {processor.py:183} INFO - Processing /home/airflow/.local/lib/python3.12/site-packages/airflow/example_dags/example_sla_dag.py took 0.081 seconds
[2025-01-30T08:53:31.555+0000] {processor.py:161} INFO - Started process (PID=1201) to work on /home/airflow/.local/lib/python3.12/site-packages/airflow/example_dags/example_sla_dag.py
[2025-01-30T08:53:31.557+0000] {processor.py:830} INFO - Processing file /home/airflow/.local/lib/python3.12/site-packages/airflow/example_dags/example_sla_dag.py for tasks to queue
[2025-01-30T08:53:31.558+0000] {logging_mixin.py:188} INFO - [2025-01-30T08:53:31.558+0000] {dagbag.py:545} INFO - Filling up the DagBag from /home/airflow/.local/lib/python3.12/site-packages/airflow/example_dags/example_sla_dag.py
[2025-01-30T08:53:31.565+0000] {processor.py:840} INFO - DAG(s) 'example_sla_dag' retrieved from /home/airflow/.local/lib/python3.12/site-packages/airflow/example_dags/example_sla_dag.py
[2025-01-30T08:53:31.588+0000] {logging_mixin.py:188} INFO - [2025-01-30T08:53:31.588+0000] {dag.py:3096} INFO - Sync 1 DAGs
[2025-01-30T08:53:31.615+0000] {logging_mixin.py:188} INFO - [2025-01-30T08:53:31.615+0000] {dag.py:3954} INFO - Setting next_dagrun for example_sla_dag to 2025-01-30 08:50:00+00:00, run_after=2025-01-30 08:52:00+00:00
[2025-01-30T08:53:31.640+0000] {processor.py:183} INFO - Processing /home/airflow/.local/lib/python3.12/site-packages/airflow/example_dags/example_sla_dag.py took 0.089 seconds
[2025-01-30T08:54:01.989+0000] {processor.py:161} INFO - Started process (PID=1259) to work on /home/airflow/.local/lib/python3.12/site-packages/airflow/example_dags/example_sla_dag.py
[2025-01-30T08:54:01.991+0000] {processor.py:830} INFO - Processing file /home/airflow/.local/lib/python3.12/site-packages/airflow/example_dags/example_sla_dag.py for tasks to queue
[2025-01-30T08:54:01.993+0000] {logging_mixin.py:188} INFO - [2025-01-30T08:54:01.992+0000] {dagbag.py:545} INFO - Filling up the DagBag from /home/airflow/.local/lib/python3.12/site-packages/airflow/example_dags/example_sla_dag.py
[2025-01-30T08:54:02.001+0000] {processor.py:840} INFO - DAG(s) 'example_sla_dag' retrieved from /home/airflow/.local/lib/python3.12/site-packages/airflow/example_dags/example_sla_dag.py
[2025-01-30T08:54:02.022+0000] {logging_mixin.py:188} INFO - [2025-01-30T08:54:02.022+0000] {dag.py:3096} INFO - Sync 1 DAGs
[2025-01-30T08:54:02.050+0000] {logging_mixin.py:188} INFO - [2025-01-30T08:54:02.050+0000] {dag.py:3954} INFO - Setting next_dagrun for example_sla_dag to 2025-01-30 08:52:00+00:00, run_after=2025-01-30 08:54:00+00:00
[2025-01-30T08:54:02.073+0000] {processor.py:183} INFO - Processing /home/airflow/.local/lib/python3.12/site-packages/airflow/example_dags/example_sla_dag.py took 0.090 seconds
[2025-01-30T08:54:32.589+0000] {processor.py:161} INFO - Started process (PID=1317) to work on /home/airflow/.local/lib/python3.12/site-packages/airflow/example_dags/example_sla_dag.py
[2025-01-30T08:54:32.591+0000] {processor.py:830} INFO - Processing file /home/airflow/.local/lib/python3.12/site-packages/airflow/example_dags/example_sla_dag.py for tasks to queue
[2025-01-30T08:54:32.592+0000] {logging_mixin.py:188} INFO - [2025-01-30T08:54:32.592+0000] {dagbag.py:545} INFO - Filling up the DagBag from /home/airflow/.local/lib/python3.12/site-packages/airflow/example_dags/example_sla_dag.py
[2025-01-30T08:54:32.600+0000] {processor.py:840} INFO - DAG(s) 'example_sla_dag' retrieved from /home/airflow/.local/lib/python3.12/site-packages/airflow/example_dags/example_sla_dag.py
[2025-01-30T08:54:32.622+0000] {logging_mixin.py:188} INFO - [2025-01-30T08:54:32.622+0000] {dag.py:3096} INFO - Sync 1 DAGs
[2025-01-30T08:54:32.649+0000] {logging_mixin.py:188} INFO - [2025-01-30T08:54:32.649+0000] {dag.py:3954} INFO - Setting next_dagrun for example_sla_dag to 2025-01-30 08:52:00+00:00, run_after=2025-01-30 08:54:00+00:00
[2025-01-30T08:54:32.672+0000] {processor.py:183} INFO - Processing /home/airflow/.local/lib/python3.12/site-packages/airflow/example_dags/example_sla_dag.py took 0.088 seconds
[2025-01-30T08:55:03.640+0000] {processor.py:161} INFO - Started process (PID=1375) to work on /home/airflow/.local/lib/python3.12/site-packages/airflow/example_dags/example_sla_dag.py
[2025-01-30T08:55:03.641+0000] {processor.py:830} INFO - Processing file /home/airflow/.local/lib/python3.12/site-packages/airflow/example_dags/example_sla_dag.py for tasks to queue
[2025-01-30T08:55:03.643+0000] {logging_mixin.py:188} INFO - [2025-01-30T08:55:03.642+0000] {dagbag.py:545} INFO - Filling up the DagBag from /home/airflow/.local/lib/python3.12/site-packages/airflow/example_dags/example_sla_dag.py
[2025-01-30T08:55:03.650+0000] {processor.py:840} INFO - DAG(s) 'example_sla_dag' retrieved from /home/airflow/.local/lib/python3.12/site-packages/airflow/example_dags/example_sla_dag.py
[2025-01-30T08:55:03.672+0000] {logging_mixin.py:188} INFO - [2025-01-30T08:55:03.672+0000] {dag.py:3096} INFO - Sync 1 DAGs
[2025-01-30T08:55:03.702+0000] {logging_mixin.py:188} INFO - [2025-01-30T08:55:03.702+0000] {dag.py:3954} INFO - Setting next_dagrun for example_sla_dag to 2025-01-30 08:52:00+00:00, run_after=2025-01-30 08:54:00+00:00
[2025-01-30T08:55:03.727+0000] {processor.py:183} INFO - Processing /home/airflow/.local/lib/python3.12/site-packages/airflow/example_dags/example_sla_dag.py took 0.093 seconds
[2025-01-30T08:55:33.775+0000] {processor.py:161} INFO - Started process (PID=1433) to work on /home/airflow/.local/lib/python3.12/site-packages/airflow/example_dags/example_sla_dag.py
[2025-01-30T08:55:33.776+0000] {processor.py:830} INFO - Processing file /home/airflow/.local/lib/python3.12/site-packages/airflow/example_dags/example_sla_dag.py for tasks to queue
[2025-01-30T08:55:33.779+0000] {logging_mixin.py:188} INFO - [2025-01-30T08:55:33.778+0000] {dagbag.py:545} INFO - Filling up the DagBag from /home/airflow/.local/lib/python3.12/site-packages/airflow/example_dags/example_sla_dag.py
[2025-01-30T08:55:33.786+0000] {processor.py:840} INFO - DAG(s) 'example_sla_dag' retrieved from /home/airflow/.local/lib/python3.12/site-packages/airflow/example_dags/example_sla_dag.py
[2025-01-30T08:55:33.807+0000] {logging_mixin.py:188} INFO - [2025-01-30T08:55:33.806+0000] {dag.py:3096} INFO - Sync 1 DAGs
[2025-01-30T08:55:33.833+0000] {logging_mixin.py:188} INFO - [2025-01-30T08:55:33.832+0000] {dag.py:3954} INFO - Setting next_dagrun for example_sla_dag to 2025-01-30 08:52:00+00:00, run_after=2025-01-30 08:54:00+00:00
[2025-01-30T08:55:33.856+0000] {processor.py:183} INFO - Processing /home/airflow/.local/lib/python3.12/site-packages/airflow/example_dags/example_sla_dag.py took 0.086 seconds
[2025-01-30T08:56:04.006+0000] {processor.py:161} INFO - Started process (PID=1491) to work on /home/airflow/.local/lib/python3.12/site-packages/airflow/example_dags/example_sla_dag.py
[2025-01-30T08:56:04.008+0000] {processor.py:830} INFO - Processing file /home/airflow/.local/lib/python3.12/site-packages/airflow/example_dags/example_sla_dag.py for tasks to queue
[2025-01-30T08:56:04.010+0000] {logging_mixin.py:188} INFO - [2025-01-30T08:56:04.009+0000] {dagbag.py:545} INFO - Filling up the DagBag from /home/airflow/.local/lib/python3.12/site-packages/airflow/example_dags/example_sla_dag.py
[2025-01-30T08:56:04.017+0000] {processor.py:840} INFO - DAG(s) 'example_sla_dag' retrieved from /home/airflow/.local/lib/python3.12/site-packages/airflow/example_dags/example_sla_dag.py
[2025-01-30T08:56:04.039+0000] {logging_mixin.py:188} INFO - [2025-01-30T08:56:04.039+0000] {dag.py:3096} INFO - Sync 1 DAGs
[2025-01-30T08:56:04.064+0000] {logging_mixin.py:188} INFO - [2025-01-30T08:56:04.063+0000] {dag.py:3954} INFO - Setting next_dagrun for example_sla_dag to 2025-01-30 08:54:00+00:00, run_after=2025-01-30 08:56:00+00:00
[2025-01-30T08:56:04.088+0000] {processor.py:183} INFO - Processing /home/airflow/.local/lib/python3.12/site-packages/airflow/example_dags/example_sla_dag.py took 0.086 seconds
[2025-01-30T08:56:34.190+0000] {processor.py:161} INFO - Started process (PID=1549) to work on /home/airflow/.local/lib/python3.12/site-packages/airflow/example_dags/example_sla_dag.py
[2025-01-30T08:56:34.191+0000] {processor.py:830} INFO - Processing file /home/airflow/.local/lib/python3.12/site-packages/airflow/example_dags/example_sla_dag.py for tasks to queue
[2025-01-30T08:56:34.194+0000] {logging_mixin.py:188} INFO - [2025-01-30T08:56:34.193+0000] {dagbag.py:545} INFO - Filling up the DagBag from /home/airflow/.local/lib/python3.12/site-packages/airflow/example_dags/example_sla_dag.py
[2025-01-30T08:56:34.203+0000] {processor.py:840} INFO - DAG(s) 'example_sla_dag' retrieved from /home/airflow/.local/lib/python3.12/site-packages/airflow/example_dags/example_sla_dag.py
[2025-01-30T08:56:34.226+0000] {logging_mixin.py:188} INFO - [2025-01-30T08:56:34.226+0000] {dag.py:3096} INFO - Sync 1 DAGs
[2025-01-30T08:56:34.254+0000] {logging_mixin.py:188} INFO - [2025-01-30T08:56:34.254+0000] {dag.py:3954} INFO - Setting next_dagrun for example_sla_dag to 2025-01-30 08:54:00+00:00, run_after=2025-01-30 08:56:00+00:00
[2025-01-30T08:56:34.277+0000] {processor.py:183} INFO - Processing /home/airflow/.local/lib/python3.12/site-packages/airflow/example_dags/example_sla_dag.py took 0.093 seconds
[2025-01-30T08:57:05.194+0000] {processor.py:161} INFO - Started process (PID=1607) to work on /home/airflow/.local/lib/python3.12/site-packages/airflow/example_dags/example_sla_dag.py
[2025-01-30T08:57:05.195+0000] {processor.py:830} INFO - Processing file /home/airflow/.local/lib/python3.12/site-packages/airflow/example_dags/example_sla_dag.py for tasks to queue
[2025-01-30T08:57:05.197+0000] {logging_mixin.py:188} INFO - [2025-01-30T08:57:05.196+0000] {dagbag.py:545} INFO - Filling up the DagBag from /home/airflow/.local/lib/python3.12/site-packages/airflow/example_dags/example_sla_dag.py
[2025-01-30T08:57:05.205+0000] {processor.py:840} INFO - DAG(s) 'example_sla_dag' retrieved from /home/airflow/.local/lib/python3.12/site-packages/airflow/example_dags/example_sla_dag.py
[2025-01-30T08:57:05.228+0000] {logging_mixin.py:188} INFO - [2025-01-30T08:57:05.228+0000] {dag.py:3096} INFO - Sync 1 DAGs
[2025-01-30T08:57:05.256+0000] {logging_mixin.py:188} INFO - [2025-01-30T08:57:05.255+0000] {dag.py:3954} INFO - Setting next_dagrun for example_sla_dag to 2025-01-30 08:54:00+00:00, run_after=2025-01-30 08:56:00+00:00
[2025-01-30T08:57:05.278+0000] {processor.py:183} INFO - Processing /home/airflow/.local/lib/python3.12/site-packages/airflow/example_dags/example_sla_dag.py took 0.090 seconds
[2025-01-30T08:57:35.515+0000] {processor.py:161} INFO - Started process (PID=1665) to work on /home/airflow/.local/lib/python3.12/site-packages/airflow/example_dags/example_sla_dag.py
[2025-01-30T08:57:35.516+0000] {processor.py:830} INFO - Processing file /home/airflow/.local/lib/python3.12/site-packages/airflow/example_dags/example_sla_dag.py for tasks to queue
[2025-01-30T08:57:35.518+0000] {logging_mixin.py:188} INFO - [2025-01-30T08:57:35.517+0000] {dagbag.py:545} INFO - Filling up the DagBag from /home/airflow/.local/lib/python3.12/site-packages/airflow/example_dags/example_sla_dag.py
[2025-01-30T08:57:35.525+0000] {processor.py:840} INFO - DAG(s) 'example_sla_dag' retrieved from /home/airflow/.local/lib/python3.12/site-packages/airflow/example_dags/example_sla_dag.py
[2025-01-30T08:57:35.545+0000] {logging_mixin.py:188} INFO - [2025-01-30T08:57:35.545+0000] {dag.py:3096} INFO - Sync 1 DAGs
[2025-01-30T08:57:35.571+0000] {logging_mixin.py:188} INFO - [2025-01-30T08:57:35.571+0000] {dag.py:3954} INFO - Setting next_dagrun for example_sla_dag to 2025-01-30 08:54:00+00:00, run_after=2025-01-30 08:56:00+00:00
[2025-01-30T08:57:35.599+0000] {processor.py:183} INFO - Processing /home/airflow/.local/lib/python3.12/site-packages/airflow/example_dags/example_sla_dag.py took 0.089 seconds
[2025-01-30T08:58:05.732+0000] {processor.py:161} INFO - Started process (PID=1723) to work on /home/airflow/.local/lib/python3.12/site-packages/airflow/example_dags/example_sla_dag.py
[2025-01-30T08:58:05.733+0000] {processor.py:830} INFO - Processing file /home/airflow/.local/lib/python3.12/site-packages/airflow/example_dags/example_sla_dag.py for tasks to queue
[2025-01-30T08:58:05.735+0000] {logging_mixin.py:188} INFO - [2025-01-30T08:58:05.734+0000] {dagbag.py:545} INFO - Filling up the DagBag from /home/airflow/.local/lib/python3.12/site-packages/airflow/example_dags/example_sla_dag.py
[2025-01-30T08:58:05.743+0000] {processor.py:840} INFO - DAG(s) 'example_sla_dag' retrieved from /home/airflow/.local/lib/python3.12/site-packages/airflow/example_dags/example_sla_dag.py
[2025-01-30T08:58:05.764+0000] {logging_mixin.py:188} INFO - [2025-01-30T08:58:05.764+0000] {dag.py:3096} INFO - Sync 1 DAGs
[2025-01-30T08:58:05.791+0000] {logging_mixin.py:188} INFO - [2025-01-30T08:58:05.791+0000] {dag.py:3954} INFO - Setting next_dagrun for example_sla_dag to 2025-01-30 08:56:00+00:00, run_after=2025-01-30 08:58:00+00:00
[2025-01-30T08:58:05.815+0000] {processor.py:183} INFO - Processing /home/airflow/.local/lib/python3.12/site-packages/airflow/example_dags/example_sla_dag.py took 0.089 seconds
[2025-01-30T08:58:36.009+0000] {processor.py:161} INFO - Started process (PID=1781) to work on /home/airflow/.local/lib/python3.12/site-packages/airflow/example_dags/example_sla_dag.py
[2025-01-30T08:58:36.010+0000] {processor.py:830} INFO - Processing file /home/airflow/.local/lib/python3.12/site-packages/airflow/example_dags/example_sla_dag.py for tasks to queue
[2025-01-30T08:58:36.012+0000] {logging_mixin.py:188} INFO - [2025-01-30T08:58:36.011+0000] {dagbag.py:545} INFO - Filling up the DagBag from /home/airflow/.local/lib/python3.12/site-packages/airflow/example_dags/example_sla_dag.py
[2025-01-30T08:58:36.021+0000] {processor.py:840} INFO - DAG(s) 'example_sla_dag' retrieved from /home/airflow/.local/lib/python3.12/site-packages/airflow/example_dags/example_sla_dag.py
[2025-01-30T08:58:36.044+0000] {logging_mixin.py:188} INFO - [2025-01-30T08:58:36.043+0000] {dag.py:3096} INFO - Sync 1 DAGs
[2025-01-30T08:58:36.073+0000] {logging_mixin.py:188} INFO - [2025-01-30T08:58:36.073+0000] {dag.py:3954} INFO - Setting next_dagrun for example_sla_dag to 2025-01-30 08:56:00+00:00, run_after=2025-01-30 08:58:00+00:00
[2025-01-30T08:58:36.102+0000] {processor.py:183} INFO - Processing /home/airflow/.local/lib/python3.12/site-packages/airflow/example_dags/example_sla_dag.py took 0.098 seconds
[2025-01-30T09:01:51.422+0000] {processor.py:161} INFO - Started process (PID=101) to work on /home/airflow/.local/lib/python3.12/site-packages/airflow/example_dags/example_sla_dag.py
[2025-01-30T09:01:51.424+0000] {processor.py:830} INFO - Processing file /home/airflow/.local/lib/python3.12/site-packages/airflow/example_dags/example_sla_dag.py for tasks to queue
[2025-01-30T09:01:51.427+0000] {logging_mixin.py:188} INFO - [2025-01-30T09:01:51.426+0000] {dagbag.py:545} INFO - Filling up the DagBag from /home/airflow/.local/lib/python3.12/site-packages/airflow/example_dags/example_sla_dag.py
[2025-01-30T09:01:51.441+0000] {processor.py:840} INFO - DAG(s) 'example_sla_dag' retrieved from /home/airflow/.local/lib/python3.12/site-packages/airflow/example_dags/example_sla_dag.py
[2025-01-30T09:01:51.573+0000] {logging_mixin.py:188} INFO - [2025-01-30T09:01:51.572+0000] {dag.py:3096} INFO - Sync 1 DAGs
[2025-01-30T09:01:51.600+0000] {logging_mixin.py:188} INFO - [2025-01-30T09:01:51.599+0000] {dag.py:3954} INFO - Setting next_dagrun for example_sla_dag to 2025-01-30 08:58:00+00:00, run_after=2025-01-30 09:00:00+00:00
[2025-01-30T09:01:51.630+0000] {processor.py:183} INFO - Processing /home/airflow/.local/lib/python3.12/site-packages/airflow/example_dags/example_sla_dag.py took 0.214 seconds
[2025-01-30T09:02:21.948+0000] {processor.py:161} INFO - Started process (PID=159) to work on /home/airflow/.local/lib/python3.12/site-packages/airflow/example_dags/example_sla_dag.py
[2025-01-30T09:02:21.949+0000] {processor.py:830} INFO - Processing file /home/airflow/.local/lib/python3.12/site-packages/airflow/example_dags/example_sla_dag.py for tasks to queue
[2025-01-30T09:02:21.953+0000] {logging_mixin.py:188} INFO - [2025-01-30T09:02:21.953+0000] {dagbag.py:545} INFO - Filling up the DagBag from /home/airflow/.local/lib/python3.12/site-packages/airflow/example_dags/example_sla_dag.py
[2025-01-30T09:02:21.961+0000] {processor.py:840} INFO - DAG(s) 'example_sla_dag' retrieved from /home/airflow/.local/lib/python3.12/site-packages/airflow/example_dags/example_sla_dag.py
[2025-01-30T09:02:21.984+0000] {logging_mixin.py:188} INFO - [2025-01-30T09:02:21.983+0000] {dag.py:3096} INFO - Sync 1 DAGs
[2025-01-30T09:02:22.016+0000] {logging_mixin.py:188} INFO - [2025-01-30T09:02:22.015+0000] {dag.py:3954} INFO - Setting next_dagrun for example_sla_dag to 2025-01-30 09:00:00+00:00, run_after=2025-01-30 09:02:00+00:00
[2025-01-30T09:02:22.042+0000] {processor.py:183} INFO - Processing /home/airflow/.local/lib/python3.12/site-packages/airflow/example_dags/example_sla_dag.py took 0.101 seconds
[2025-01-30T09:02:52.123+0000] {processor.py:161} INFO - Started process (PID=217) to work on /home/airflow/.local/lib/python3.12/site-packages/airflow/example_dags/example_sla_dag.py
[2025-01-30T09:02:52.124+0000] {processor.py:830} INFO - Processing file /home/airflow/.local/lib/python3.12/site-packages/airflow/example_dags/example_sla_dag.py for tasks to queue
[2025-01-30T09:02:52.125+0000] {logging_mixin.py:188} INFO - [2025-01-30T09:02:52.125+0000] {dagbag.py:545} INFO - Filling up the DagBag from /home/airflow/.local/lib/python3.12/site-packages/airflow/example_dags/example_sla_dag.py
[2025-01-30T09:02:52.132+0000] {processor.py:840} INFO - DAG(s) 'example_sla_dag' retrieved from /home/airflow/.local/lib/python3.12/site-packages/airflow/example_dags/example_sla_dag.py
[2025-01-30T09:02:52.152+0000] {logging_mixin.py:188} INFO - [2025-01-30T09:02:52.152+0000] {dag.py:3096} INFO - Sync 1 DAGs
[2025-01-30T09:02:52.181+0000] {logging_mixin.py:188} INFO - [2025-01-30T09:02:52.181+0000] {dag.py:3954} INFO - Setting next_dagrun for example_sla_dag to 2025-01-30 09:00:00+00:00, run_after=2025-01-30 09:02:00+00:00
[2025-01-30T09:02:52.208+0000] {processor.py:183} INFO - Processing /home/airflow/.local/lib/python3.12/site-packages/airflow/example_dags/example_sla_dag.py took 0.091 seconds
[2025-01-30T09:03:22.559+0000] {processor.py:161} INFO - Started process (PID=275) to work on /home/airflow/.local/lib/python3.12/site-packages/airflow/example_dags/example_sla_dag.py
[2025-01-30T09:03:22.560+0000] {processor.py:830} INFO - Processing file /home/airflow/.local/lib/python3.12/site-packages/airflow/example_dags/example_sla_dag.py for tasks to queue
[2025-01-30T09:03:22.563+0000] {logging_mixin.py:188} INFO - [2025-01-30T09:03:22.562+0000] {dagbag.py:545} INFO - Filling up the DagBag from /home/airflow/.local/lib/python3.12/site-packages/airflow/example_dags/example_sla_dag.py
[2025-01-30T09:03:22.577+0000] {processor.py:840} INFO - DAG(s) 'example_sla_dag' retrieved from /home/airflow/.local/lib/python3.12/site-packages/airflow/example_dags/example_sla_dag.py
[2025-01-30T09:03:22.608+0000] {logging_mixin.py:188} INFO - [2025-01-30T09:03:22.607+0000] {dag.py:3096} INFO - Sync 1 DAGs
[2025-01-30T09:03:22.650+0000] {logging_mixin.py:188} INFO - [2025-01-30T09:03:22.650+0000] {dag.py:3954} INFO - Setting next_dagrun for example_sla_dag to 2025-01-30 09:00:00+00:00, run_after=2025-01-30 09:02:00+00:00
[2025-01-30T09:03:22.692+0000] {processor.py:183} INFO - Processing /home/airflow/.local/lib/python3.12/site-packages/airflow/example_dags/example_sla_dag.py took 0.142 seconds
[2025-01-30T09:05:21.877+0000] {processor.py:161} INFO - Started process (PID=99) to work on /home/airflow/.local/lib/python3.12/site-packages/airflow/example_dags/example_sla_dag.py
[2025-01-30T09:05:21.878+0000] {processor.py:830} INFO - Processing file /home/airflow/.local/lib/python3.12/site-packages/airflow/example_dags/example_sla_dag.py for tasks to queue
[2025-01-30T09:05:21.880+0000] {logging_mixin.py:188} INFO - [2025-01-30T09:05:21.879+0000] {dagbag.py:545} INFO - Filling up the DagBag from /home/airflow/.local/lib/python3.12/site-packages/airflow/example_dags/example_sla_dag.py
[2025-01-30T09:05:21.890+0000] {processor.py:840} INFO - DAG(s) 'example_sla_dag' retrieved from /home/airflow/.local/lib/python3.12/site-packages/airflow/example_dags/example_sla_dag.py
[2025-01-30T09:05:22.051+0000] {logging_mixin.py:188} INFO - [2025-01-30T09:05:22.049+0000] {dag.py:3096} INFO - Sync 1 DAGs
[2025-01-30T09:05:22.083+0000] {logging_mixin.py:188} INFO - [2025-01-30T09:05:22.083+0000] {dag.py:3954} INFO - Setting next_dagrun for example_sla_dag to 2025-01-30 09:02:00+00:00, run_after=2025-01-30 09:04:00+00:00
[2025-01-30T09:05:22.111+0000] {processor.py:183} INFO - Processing /home/airflow/.local/lib/python3.12/site-packages/airflow/example_dags/example_sla_dag.py took 0.240 seconds
[2025-01-30T09:05:52.635+0000] {processor.py:161} INFO - Started process (PID=157) to work on /home/airflow/.local/lib/python3.12/site-packages/airflow/example_dags/example_sla_dag.py
[2025-01-30T09:05:52.636+0000] {processor.py:830} INFO - Processing file /home/airflow/.local/lib/python3.12/site-packages/airflow/example_dags/example_sla_dag.py for tasks to queue
[2025-01-30T09:05:52.639+0000] {logging_mixin.py:188} INFO - [2025-01-30T09:05:52.638+0000] {dagbag.py:545} INFO - Filling up the DagBag from /home/airflow/.local/lib/python3.12/site-packages/airflow/example_dags/example_sla_dag.py
[2025-01-30T09:05:52.646+0000] {processor.py:840} INFO - DAG(s) 'example_sla_dag' retrieved from /home/airflow/.local/lib/python3.12/site-packages/airflow/example_dags/example_sla_dag.py
[2025-01-30T09:05:52.667+0000] {logging_mixin.py:188} INFO - [2025-01-30T09:05:52.666+0000] {dag.py:3096} INFO - Sync 1 DAGs
[2025-01-30T09:05:52.694+0000] {logging_mixin.py:188} INFO - [2025-01-30T09:05:52.694+0000] {dag.py:3954} INFO - Setting next_dagrun for example_sla_dag to 2025-01-30 09:02:00+00:00, run_after=2025-01-30 09:04:00+00:00
[2025-01-30T09:05:52.715+0000] {processor.py:183} INFO - Processing /home/airflow/.local/lib/python3.12/site-packages/airflow/example_dags/example_sla_dag.py took 0.085 seconds
[2025-01-30T09:10:52.178+0000] {processor.py:161} INFO - Started process (PID=102) to work on /home/airflow/.local/lib/python3.12/site-packages/airflow/example_dags/example_sla_dag.py
[2025-01-30T09:10:52.179+0000] {processor.py:830} INFO - Processing file /home/airflow/.local/lib/python3.12/site-packages/airflow/example_dags/example_sla_dag.py for tasks to queue
[2025-01-30T09:10:52.180+0000] {logging_mixin.py:188} INFO - [2025-01-30T09:10:52.180+0000] {dagbag.py:545} INFO - Filling up the DagBag from /home/airflow/.local/lib/python3.12/site-packages/airflow/example_dags/example_sla_dag.py
[2025-01-30T09:10:52.191+0000] {processor.py:840} INFO - DAG(s) 'example_sla_dag' retrieved from /home/airflow/.local/lib/python3.12/site-packages/airflow/example_dags/example_sla_dag.py
[2025-01-30T09:10:52.308+0000] {logging_mixin.py:188} INFO - [2025-01-30T09:10:52.308+0000] {dag.py:3096} INFO - Sync 1 DAGs
[2025-01-30T09:10:52.333+0000] {logging_mixin.py:188} INFO - [2025-01-30T09:10:52.333+0000] {dag.py:3954} INFO - Setting next_dagrun for example_sla_dag to 2025-01-30 09:08:00+00:00, run_after=2025-01-30 09:10:00+00:00
[2025-01-30T09:10:52.358+0000] {processor.py:183} INFO - Processing /home/airflow/.local/lib/python3.12/site-packages/airflow/example_dags/example_sla_dag.py took 0.185 seconds
[2025-01-30T09:11:23.144+0000] {processor.py:161} INFO - Started process (PID=161) to work on /home/airflow/.local/lib/python3.12/site-packages/airflow/example_dags/example_sla_dag.py
[2025-01-30T09:11:23.145+0000] {processor.py:830} INFO - Processing file /home/airflow/.local/lib/python3.12/site-packages/airflow/example_dags/example_sla_dag.py for tasks to queue
[2025-01-30T09:11:23.147+0000] {logging_mixin.py:188} INFO - [2025-01-30T09:11:23.146+0000] {dagbag.py:545} INFO - Filling up the DagBag from /home/airflow/.local/lib/python3.12/site-packages/airflow/example_dags/example_sla_dag.py
[2025-01-30T09:11:23.160+0000] {processor.py:840} INFO - DAG(s) 'example_sla_dag' retrieved from /home/airflow/.local/lib/python3.12/site-packages/airflow/example_dags/example_sla_dag.py
[2025-01-30T09:11:23.181+0000] {logging_mixin.py:188} INFO - [2025-01-30T09:11:23.181+0000] {dag.py:3096} INFO - Sync 1 DAGs
[2025-01-30T09:11:23.212+0000] {logging_mixin.py:188} INFO - [2025-01-30T09:11:23.211+0000] {dag.py:3954} INFO - Setting next_dagrun for example_sla_dag to 2025-01-30 09:08:00+00:00, run_after=2025-01-30 09:10:00+00:00
[2025-01-30T09:11:23.238+0000] {processor.py:183} INFO - Processing /home/airflow/.local/lib/python3.12/site-packages/airflow/example_dags/example_sla_dag.py took 0.099 seconds
[2025-01-30T09:11:53.412+0000] {processor.py:161} INFO - Started process (PID=219) to work on /home/airflow/.local/lib/python3.12/site-packages/airflow/example_dags/example_sla_dag.py
[2025-01-30T09:11:53.414+0000] {processor.py:830} INFO - Processing file /home/airflow/.local/lib/python3.12/site-packages/airflow/example_dags/example_sla_dag.py for tasks to queue
[2025-01-30T09:11:53.416+0000] {logging_mixin.py:188} INFO - [2025-01-30T09:11:53.415+0000] {dagbag.py:545} INFO - Filling up the DagBag from /home/airflow/.local/lib/python3.12/site-packages/airflow/example_dags/example_sla_dag.py
[2025-01-30T09:11:53.423+0000] {processor.py:840} INFO - DAG(s) 'example_sla_dag' retrieved from /home/airflow/.local/lib/python3.12/site-packages/airflow/example_dags/example_sla_dag.py
[2025-01-30T09:11:53.442+0000] {logging_mixin.py:188} INFO - [2025-01-30T09:11:53.442+0000] {dag.py:3096} INFO - Sync 1 DAGs
[2025-01-30T09:11:53.467+0000] {logging_mixin.py:188} INFO - [2025-01-30T09:11:53.466+0000] {dag.py:3954} INFO - Setting next_dagrun for example_sla_dag to 2025-01-30 09:08:00+00:00, run_after=2025-01-30 09:10:00+00:00
[2025-01-30T09:11:53.491+0000] {processor.py:183} INFO - Processing /home/airflow/.local/lib/python3.12/site-packages/airflow/example_dags/example_sla_dag.py took 0.083 seconds
[2025-01-30T09:12:23.919+0000] {processor.py:161} INFO - Started process (PID=277) to work on /home/airflow/.local/lib/python3.12/site-packages/airflow/example_dags/example_sla_dag.py
[2025-01-30T09:12:23.919+0000] {processor.py:830} INFO - Processing file /home/airflow/.local/lib/python3.12/site-packages/airflow/example_dags/example_sla_dag.py for tasks to queue
[2025-01-30T09:12:23.921+0000] {logging_mixin.py:188} INFO - [2025-01-30T09:12:23.921+0000] {dagbag.py:545} INFO - Filling up the DagBag from /home/airflow/.local/lib/python3.12/site-packages/airflow/example_dags/example_sla_dag.py
[2025-01-30T09:12:23.929+0000] {processor.py:840} INFO - DAG(s) 'example_sla_dag' retrieved from /home/airflow/.local/lib/python3.12/site-packages/airflow/example_dags/example_sla_dag.py
[2025-01-30T09:12:23.949+0000] {logging_mixin.py:188} INFO - [2025-01-30T09:12:23.949+0000] {dag.py:3096} INFO - Sync 1 DAGs
[2025-01-30T09:12:23.972+0000] {logging_mixin.py:188} INFO - [2025-01-30T09:12:23.972+0000] {dag.py:3954} INFO - Setting next_dagrun for example_sla_dag to 2025-01-30 09:10:00+00:00, run_after=2025-01-30 09:12:00+00:00
[2025-01-30T09:12:24.000+0000] {processor.py:183} INFO - Processing /home/airflow/.local/lib/python3.12/site-packages/airflow/example_dags/example_sla_dag.py took 0.086 seconds
[2025-01-30T09:12:54.371+0000] {processor.py:161} INFO - Started process (PID=335) to work on /home/airflow/.local/lib/python3.12/site-packages/airflow/example_dags/example_sla_dag.py
[2025-01-30T09:12:54.372+0000] {processor.py:830} INFO - Processing file /home/airflow/.local/lib/python3.12/site-packages/airflow/example_dags/example_sla_dag.py for tasks to queue
[2025-01-30T09:12:54.374+0000] {logging_mixin.py:188} INFO - [2025-01-30T09:12:54.373+0000] {dagbag.py:545} INFO - Filling up the DagBag from /home/airflow/.local/lib/python3.12/site-packages/airflow/example_dags/example_sla_dag.py
[2025-01-30T09:12:54.381+0000] {processor.py:840} INFO - DAG(s) 'example_sla_dag' retrieved from /home/airflow/.local/lib/python3.12/site-packages/airflow/example_dags/example_sla_dag.py
[2025-01-30T09:12:54.404+0000] {logging_mixin.py:188} INFO - [2025-01-30T09:12:54.404+0000] {dag.py:3096} INFO - Sync 1 DAGs
[2025-01-30T09:12:54.430+0000] {logging_mixin.py:188} INFO - [2025-01-30T09:12:54.429+0000] {dag.py:3954} INFO - Setting next_dagrun for example_sla_dag to 2025-01-30 09:10:00+00:00, run_after=2025-01-30 09:12:00+00:00
[2025-01-30T09:12:54.451+0000] {processor.py:183} INFO - Processing /home/airflow/.local/lib/python3.12/site-packages/airflow/example_dags/example_sla_dag.py took 0.086 seconds
[2025-01-30T09:13:24.596+0000] {processor.py:161} INFO - Started process (PID=393) to work on /home/airflow/.local/lib/python3.12/site-packages/airflow/example_dags/example_sla_dag.py
[2025-01-30T09:13:24.597+0000] {processor.py:830} INFO - Processing file /home/airflow/.local/lib/python3.12/site-packages/airflow/example_dags/example_sla_dag.py for tasks to queue
[2025-01-30T09:13:24.599+0000] {logging_mixin.py:188} INFO - [2025-01-30T09:13:24.599+0000] {dagbag.py:545} INFO - Filling up the DagBag from /home/airflow/.local/lib/python3.12/site-packages/airflow/example_dags/example_sla_dag.py
[2025-01-30T09:13:24.606+0000] {processor.py:840} INFO - DAG(s) 'example_sla_dag' retrieved from /home/airflow/.local/lib/python3.12/site-packages/airflow/example_dags/example_sla_dag.py
[2025-01-30T09:13:24.625+0000] {logging_mixin.py:188} INFO - [2025-01-30T09:13:24.625+0000] {dag.py:3096} INFO - Sync 1 DAGs
[2025-01-30T09:13:24.648+0000] {logging_mixin.py:188} INFO - [2025-01-30T09:13:24.648+0000] {dag.py:3954} INFO - Setting next_dagrun for example_sla_dag to 2025-01-30 09:10:00+00:00, run_after=2025-01-30 09:12:00+00:00
[2025-01-30T09:13:24.670+0000] {processor.py:183} INFO - Processing /home/airflow/.local/lib/python3.12/site-packages/airflow/example_dags/example_sla_dag.py took 0.078 seconds
[2025-01-30T09:13:54.846+0000] {processor.py:161} INFO - Started process (PID=451) to work on /home/airflow/.local/lib/python3.12/site-packages/airflow/example_dags/example_sla_dag.py
[2025-01-30T09:13:54.847+0000] {processor.py:830} INFO - Processing file /home/airflow/.local/lib/python3.12/site-packages/airflow/example_dags/example_sla_dag.py for tasks to queue
[2025-01-30T09:13:54.849+0000] {logging_mixin.py:188} INFO - [2025-01-30T09:13:54.849+0000] {dagbag.py:545} INFO - Filling up the DagBag from /home/airflow/.local/lib/python3.12/site-packages/airflow/example_dags/example_sla_dag.py
[2025-01-30T09:13:54.856+0000] {processor.py:840} INFO - DAG(s) 'example_sla_dag' retrieved from /home/airflow/.local/lib/python3.12/site-packages/airflow/example_dags/example_sla_dag.py
[2025-01-30T09:13:54.876+0000] {logging_mixin.py:188} INFO - [2025-01-30T09:13:54.876+0000] {dag.py:3096} INFO - Sync 1 DAGs
[2025-01-30T09:13:54.901+0000] {logging_mixin.py:188} INFO - [2025-01-30T09:13:54.901+0000] {dag.py:3954} INFO - Setting next_dagrun for example_sla_dag to 2025-01-30 09:10:00+00:00, run_after=2025-01-30 09:12:00+00:00
[2025-01-30T09:13:54.926+0000] {processor.py:183} INFO - Processing /home/airflow/.local/lib/python3.12/site-packages/airflow/example_dags/example_sla_dag.py took 0.085 seconds
[2025-01-30T09:14:25.101+0000] {processor.py:161} INFO - Started process (PID=509) to work on /home/airflow/.local/lib/python3.12/site-packages/airflow/example_dags/example_sla_dag.py
[2025-01-30T09:14:25.102+0000] {processor.py:830} INFO - Processing file /home/airflow/.local/lib/python3.12/site-packages/airflow/example_dags/example_sla_dag.py for tasks to queue
[2025-01-30T09:14:25.105+0000] {logging_mixin.py:188} INFO - [2025-01-30T09:14:25.104+0000] {dagbag.py:545} INFO - Filling up the DagBag from /home/airflow/.local/lib/python3.12/site-packages/airflow/example_dags/example_sla_dag.py
[2025-01-30T09:14:25.113+0000] {processor.py:840} INFO - DAG(s) 'example_sla_dag' retrieved from /home/airflow/.local/lib/python3.12/site-packages/airflow/example_dags/example_sla_dag.py
[2025-01-30T09:14:25.132+0000] {logging_mixin.py:188} INFO - [2025-01-30T09:14:25.132+0000] {dag.py:3096} INFO - Sync 1 DAGs
[2025-01-30T09:14:25.159+0000] {logging_mixin.py:188} INFO - [2025-01-30T09:14:25.159+0000] {dag.py:3954} INFO - Setting next_dagrun for example_sla_dag to 2025-01-30 09:12:00+00:00, run_after=2025-01-30 09:14:00+00:00
[2025-01-30T09:14:25.184+0000] {processor.py:183} INFO - Processing /home/airflow/.local/lib/python3.12/site-packages/airflow/example_dags/example_sla_dag.py took 0.088 seconds
[2025-01-30T09:14:56.107+0000] {processor.py:161} INFO - Started process (PID=567) to work on /home/airflow/.local/lib/python3.12/site-packages/airflow/example_dags/example_sla_dag.py
[2025-01-30T09:14:56.109+0000] {processor.py:830} INFO - Processing file /home/airflow/.local/lib/python3.12/site-packages/airflow/example_dags/example_sla_dag.py for tasks to queue
[2025-01-30T09:14:56.112+0000] {logging_mixin.py:188} INFO - [2025-01-30T09:14:56.111+0000] {dagbag.py:545} INFO - Filling up the DagBag from /home/airflow/.local/lib/python3.12/site-packages/airflow/example_dags/example_sla_dag.py
[2025-01-30T09:14:56.121+0000] {processor.py:840} INFO - DAG(s) 'example_sla_dag' retrieved from /home/airflow/.local/lib/python3.12/site-packages/airflow/example_dags/example_sla_dag.py
[2025-01-30T09:14:56.148+0000] {logging_mixin.py:188} INFO - [2025-01-30T09:14:56.148+0000] {dag.py:3096} INFO - Sync 1 DAGs
[2025-01-30T09:14:56.184+0000] {logging_mixin.py:188} INFO - [2025-01-30T09:14:56.184+0000] {dag.py:3954} INFO - Setting next_dagrun for example_sla_dag to 2025-01-30 09:12:00+00:00, run_after=2025-01-30 09:14:00+00:00
[2025-01-30T09:14:56.218+0000] {processor.py:183} INFO - Processing /home/airflow/.local/lib/python3.12/site-packages/airflow/example_dags/example_sla_dag.py took 0.116 seconds
[2025-01-30T09:15:26.322+0000] {processor.py:161} INFO - Started process (PID=624) to work on /home/airflow/.local/lib/python3.12/site-packages/airflow/example_dags/example_sla_dag.py
[2025-01-30T09:15:26.323+0000] {processor.py:830} INFO - Processing file /home/airflow/.local/lib/python3.12/site-packages/airflow/example_dags/example_sla_dag.py for tasks to queue
[2025-01-30T09:15:26.325+0000] {logging_mixin.py:188} INFO - [2025-01-30T09:15:26.324+0000] {dagbag.py:545} INFO - Filling up the DagBag from /home/airflow/.local/lib/python3.12/site-packages/airflow/example_dags/example_sla_dag.py
[2025-01-30T09:15:26.335+0000] {processor.py:840} INFO - DAG(s) 'example_sla_dag' retrieved from /home/airflow/.local/lib/python3.12/site-packages/airflow/example_dags/example_sla_dag.py
[2025-01-30T09:15:26.358+0000] {logging_mixin.py:188} INFO - [2025-01-30T09:15:26.358+0000] {dag.py:3096} INFO - Sync 1 DAGs
[2025-01-30T09:15:26.392+0000] {logging_mixin.py:188} INFO - [2025-01-30T09:15:26.392+0000] {dag.py:3954} INFO - Setting next_dagrun for example_sla_dag to 2025-01-30 09:12:00+00:00, run_after=2025-01-30 09:14:00+00:00
[2025-01-30T09:15:26.439+0000] {processor.py:183} INFO - Processing /home/airflow/.local/lib/python3.12/site-packages/airflow/example_dags/example_sla_dag.py took 0.125 seconds
[2025-01-30T09:15:56.858+0000] {processor.py:161} INFO - Started process (PID=682) to work on /home/airflow/.local/lib/python3.12/site-packages/airflow/example_dags/example_sla_dag.py
[2025-01-30T09:15:56.859+0000] {processor.py:830} INFO - Processing file /home/airflow/.local/lib/python3.12/site-packages/airflow/example_dags/example_sla_dag.py for tasks to queue
[2025-01-30T09:15:56.860+0000] {logging_mixin.py:188} INFO - [2025-01-30T09:15:56.860+0000] {dagbag.py:545} INFO - Filling up the DagBag from /home/airflow/.local/lib/python3.12/site-packages/airflow/example_dags/example_sla_dag.py
[2025-01-30T09:15:56.867+0000] {processor.py:840} INFO - DAG(s) 'example_sla_dag' retrieved from /home/airflow/.local/lib/python3.12/site-packages/airflow/example_dags/example_sla_dag.py
[2025-01-30T09:15:56.885+0000] {logging_mixin.py:188} INFO - [2025-01-30T09:15:56.885+0000] {dag.py:3096} INFO - Sync 1 DAGs
[2025-01-30T09:15:56.911+0000] {logging_mixin.py:188} INFO - [2025-01-30T09:15:56.911+0000] {dag.py:3954} INFO - Setting next_dagrun for example_sla_dag to 2025-01-30 09:12:00+00:00, run_after=2025-01-30 09:14:00+00:00
[2025-01-30T09:15:56.934+0000] {processor.py:183} INFO - Processing /home/airflow/.local/lib/python3.12/site-packages/airflow/example_dags/example_sla_dag.py took 0.081 seconds
[2025-01-30T09:16:27.555+0000] {processor.py:161} INFO - Started process (PID=740) to work on /home/airflow/.local/lib/python3.12/site-packages/airflow/example_dags/example_sla_dag.py
[2025-01-30T09:16:27.557+0000] {processor.py:830} INFO - Processing file /home/airflow/.local/lib/python3.12/site-packages/airflow/example_dags/example_sla_dag.py for tasks to queue
[2025-01-30T09:16:27.559+0000] {logging_mixin.py:188} INFO - [2025-01-30T09:16:27.559+0000] {dagbag.py:545} INFO - Filling up the DagBag from /home/airflow/.local/lib/python3.12/site-packages/airflow/example_dags/example_sla_dag.py
[2025-01-30T09:16:27.566+0000] {processor.py:840} INFO - DAG(s) 'example_sla_dag' retrieved from /home/airflow/.local/lib/python3.12/site-packages/airflow/example_dags/example_sla_dag.py
[2025-01-30T09:16:27.588+0000] {logging_mixin.py:188} INFO - [2025-01-30T09:16:27.587+0000] {dag.py:3096} INFO - Sync 1 DAGs
[2025-01-30T09:16:27.615+0000] {logging_mixin.py:188} INFO - [2025-01-30T09:16:27.615+0000] {dag.py:3954} INFO - Setting next_dagrun for example_sla_dag to 2025-01-30 09:14:00+00:00, run_after=2025-01-30 09:16:00+00:00
[2025-01-30T09:16:27.642+0000] {processor.py:183} INFO - Processing /home/airflow/.local/lib/python3.12/site-packages/airflow/example_dags/example_sla_dag.py took 0.092 seconds
[2025-01-30T09:16:57.771+0000] {processor.py:161} INFO - Started process (PID=798) to work on /home/airflow/.local/lib/python3.12/site-packages/airflow/example_dags/example_sla_dag.py
[2025-01-30T09:16:57.772+0000] {processor.py:830} INFO - Processing file /home/airflow/.local/lib/python3.12/site-packages/airflow/example_dags/example_sla_dag.py for tasks to queue
[2025-01-30T09:16:57.774+0000] {logging_mixin.py:188} INFO - [2025-01-30T09:16:57.774+0000] {dagbag.py:545} INFO - Filling up the DagBag from /home/airflow/.local/lib/python3.12/site-packages/airflow/example_dags/example_sla_dag.py
[2025-01-30T09:16:57.782+0000] {processor.py:840} INFO - DAG(s) 'example_sla_dag' retrieved from /home/airflow/.local/lib/python3.12/site-packages/airflow/example_dags/example_sla_dag.py
[2025-01-30T09:16:57.804+0000] {logging_mixin.py:188} INFO - [2025-01-30T09:16:57.803+0000] {dag.py:3096} INFO - Sync 1 DAGs
[2025-01-30T09:16:57.827+0000] {logging_mixin.py:188} INFO - [2025-01-30T09:16:57.826+0000] {dag.py:3954} INFO - Setting next_dagrun for example_sla_dag to 2025-01-30 09:14:00+00:00, run_after=2025-01-30 09:16:00+00:00
[2025-01-30T09:16:57.849+0000] {processor.py:183} INFO - Processing /home/airflow/.local/lib/python3.12/site-packages/airflow/example_dags/example_sla_dag.py took 0.082 seconds
[2025-01-30T09:17:28.259+0000] {processor.py:161} INFO - Started process (PID=856) to work on /home/airflow/.local/lib/python3.12/site-packages/airflow/example_dags/example_sla_dag.py
[2025-01-30T09:17:28.260+0000] {processor.py:830} INFO - Processing file /home/airflow/.local/lib/python3.12/site-packages/airflow/example_dags/example_sla_dag.py for tasks to queue
[2025-01-30T09:17:28.262+0000] {logging_mixin.py:188} INFO - [2025-01-30T09:17:28.261+0000] {dagbag.py:545} INFO - Filling up the DagBag from /home/airflow/.local/lib/python3.12/site-packages/airflow/example_dags/example_sla_dag.py
[2025-01-30T09:17:28.269+0000] {processor.py:840} INFO - DAG(s) 'example_sla_dag' retrieved from /home/airflow/.local/lib/python3.12/site-packages/airflow/example_dags/example_sla_dag.py
[2025-01-30T09:17:28.290+0000] {logging_mixin.py:188} INFO - [2025-01-30T09:17:28.290+0000] {dag.py:3096} INFO - Sync 1 DAGs
[2025-01-30T09:17:28.318+0000] {logging_mixin.py:188} INFO - [2025-01-30T09:17:28.317+0000] {dag.py:3954} INFO - Setting next_dagrun for example_sla_dag to 2025-01-30 09:14:00+00:00, run_after=2025-01-30 09:16:00+00:00
[2025-01-30T09:17:28.342+0000] {processor.py:183} INFO - Processing /home/airflow/.local/lib/python3.12/site-packages/airflow/example_dags/example_sla_dag.py took 0.087 seconds
[2025-01-30T09:17:58.449+0000] {processor.py:161} INFO - Started process (PID=915) to work on /home/airflow/.local/lib/python3.12/site-packages/airflow/example_dags/example_sla_dag.py
[2025-01-30T09:17:58.451+0000] {processor.py:830} INFO - Processing file /home/airflow/.local/lib/python3.12/site-packages/airflow/example_dags/example_sla_dag.py for tasks to queue
[2025-01-30T09:17:58.453+0000] {logging_mixin.py:188} INFO - [2025-01-30T09:17:58.452+0000] {dagbag.py:545} INFO - Filling up the DagBag from /home/airflow/.local/lib/python3.12/site-packages/airflow/example_dags/example_sla_dag.py
[2025-01-30T09:17:58.461+0000] {processor.py:840} INFO - DAG(s) 'example_sla_dag' retrieved from /home/airflow/.local/lib/python3.12/site-packages/airflow/example_dags/example_sla_dag.py
[2025-01-30T09:17:58.485+0000] {logging_mixin.py:188} INFO - [2025-01-30T09:17:58.485+0000] {dag.py:3096} INFO - Sync 1 DAGs
[2025-01-30T09:17:58.510+0000] {logging_mixin.py:188} INFO - [2025-01-30T09:17:58.510+0000] {dag.py:3954} INFO - Setting next_dagrun for example_sla_dag to 2025-01-30 09:14:00+00:00, run_after=2025-01-30 09:16:00+00:00
[2025-01-30T09:17:58.532+0000] {processor.py:183} INFO - Processing /home/airflow/.local/lib/python3.12/site-packages/airflow/example_dags/example_sla_dag.py took 0.088 seconds
[2025-01-30T09:18:28.801+0000] {processor.py:161} INFO - Started process (PID=974) to work on /home/airflow/.local/lib/python3.12/site-packages/airflow/example_dags/example_sla_dag.py
[2025-01-30T09:18:28.803+0000] {processor.py:830} INFO - Processing file /home/airflow/.local/lib/python3.12/site-packages/airflow/example_dags/example_sla_dag.py for tasks to queue
[2025-01-30T09:18:28.805+0000] {logging_mixin.py:188} INFO - [2025-01-30T09:18:28.804+0000] {dagbag.py:545} INFO - Filling up the DagBag from /home/airflow/.local/lib/python3.12/site-packages/airflow/example_dags/example_sla_dag.py
[2025-01-30T09:18:28.814+0000] {processor.py:840} INFO - DAG(s) 'example_sla_dag' retrieved from /home/airflow/.local/lib/python3.12/site-packages/airflow/example_dags/example_sla_dag.py
[2025-01-30T09:18:28.833+0000] {logging_mixin.py:188} INFO - [2025-01-30T09:18:28.833+0000] {dag.py:3096} INFO - Sync 1 DAGs
[2025-01-30T09:18:28.858+0000] {logging_mixin.py:188} INFO - [2025-01-30T09:18:28.858+0000] {dag.py:3954} INFO - Setting next_dagrun for example_sla_dag to 2025-01-30 09:16:00+00:00, run_after=2025-01-30 09:18:00+00:00
[2025-01-30T09:18:28.883+0000] {processor.py:183} INFO - Processing /home/airflow/.local/lib/python3.12/site-packages/airflow/example_dags/example_sla_dag.py took 0.087 seconds
[2025-01-30T09:20:17.755+0000] {processor.py:161} INFO - Started process (PID=99) to work on /home/airflow/.local/lib/python3.12/site-packages/airflow/example_dags/example_sla_dag.py
[2025-01-30T09:20:17.756+0000] {processor.py:830} INFO - Processing file /home/airflow/.local/lib/python3.12/site-packages/airflow/example_dags/example_sla_dag.py for tasks to queue
[2025-01-30T09:20:17.758+0000] {logging_mixin.py:188} INFO - [2025-01-30T09:20:17.758+0000] {dagbag.py:545} INFO - Filling up the DagBag from /home/airflow/.local/lib/python3.12/site-packages/airflow/example_dags/example_sla_dag.py
[2025-01-30T09:20:17.768+0000] {processor.py:840} INFO - DAG(s) 'example_sla_dag' retrieved from /home/airflow/.local/lib/python3.12/site-packages/airflow/example_dags/example_sla_dag.py
[2025-01-30T09:20:17.895+0000] {logging_mixin.py:188} INFO - [2025-01-30T09:20:17.895+0000] {dag.py:3096} INFO - Sync 1 DAGs
[2025-01-30T09:20:17.927+0000] {logging_mixin.py:188} INFO - [2025-01-30T09:20:17.927+0000] {dag.py:3954} INFO - Setting next_dagrun for example_sla_dag to 2025-01-30 09:18:00+00:00, run_after=2025-01-30 09:20:00+00:00
[2025-01-30T09:20:17.958+0000] {processor.py:183} INFO - Processing /home/airflow/.local/lib/python3.12/site-packages/airflow/example_dags/example_sla_dag.py took 0.208 seconds
[2025-01-30T09:20:48.141+0000] {processor.py:161} INFO - Started process (PID=157) to work on /home/airflow/.local/lib/python3.12/site-packages/airflow/example_dags/example_sla_dag.py
[2025-01-30T09:20:48.142+0000] {processor.py:830} INFO - Processing file /home/airflow/.local/lib/python3.12/site-packages/airflow/example_dags/example_sla_dag.py for tasks to queue
[2025-01-30T09:20:48.143+0000] {logging_mixin.py:188} INFO - [2025-01-30T09:20:48.143+0000] {dagbag.py:545} INFO - Filling up the DagBag from /home/airflow/.local/lib/python3.12/site-packages/airflow/example_dags/example_sla_dag.py
[2025-01-30T09:20:48.150+0000] {processor.py:840} INFO - DAG(s) 'example_sla_dag' retrieved from /home/airflow/.local/lib/python3.12/site-packages/airflow/example_dags/example_sla_dag.py
[2025-01-30T09:20:48.171+0000] {logging_mixin.py:188} INFO - [2025-01-30T09:20:48.170+0000] {dag.py:3096} INFO - Sync 1 DAGs
[2025-01-30T09:20:48.198+0000] {logging_mixin.py:188} INFO - [2025-01-30T09:20:48.197+0000] {dag.py:3954} INFO - Setting next_dagrun for example_sla_dag to 2025-01-30 09:18:00+00:00, run_after=2025-01-30 09:20:00+00:00
[2025-01-30T09:20:48.222+0000] {processor.py:183} INFO - Processing /home/airflow/.local/lib/python3.12/site-packages/airflow/example_dags/example_sla_dag.py took 0.086 seconds
[2025-01-30T09:21:18.252+0000] {processor.py:161} INFO - Started process (PID=215) to work on /home/airflow/.local/lib/python3.12/site-packages/airflow/example_dags/example_sla_dag.py
[2025-01-30T09:21:18.253+0000] {processor.py:830} INFO - Processing file /home/airflow/.local/lib/python3.12/site-packages/airflow/example_dags/example_sla_dag.py for tasks to queue
[2025-01-30T09:21:18.255+0000] {logging_mixin.py:188} INFO - [2025-01-30T09:21:18.255+0000] {dagbag.py:545} INFO - Filling up the DagBag from /home/airflow/.local/lib/python3.12/site-packages/airflow/example_dags/example_sla_dag.py
[2025-01-30T09:21:18.263+0000] {processor.py:840} INFO - DAG(s) 'example_sla_dag' retrieved from /home/airflow/.local/lib/python3.12/site-packages/airflow/example_dags/example_sla_dag.py
[2025-01-30T09:21:18.284+0000] {logging_mixin.py:188} INFO - [2025-01-30T09:21:18.284+0000] {dag.py:3096} INFO - Sync 1 DAGs
[2025-01-30T09:21:18.311+0000] {logging_mixin.py:188} INFO - [2025-01-30T09:21:18.310+0000] {dag.py:3954} INFO - Setting next_dagrun for example_sla_dag to 2025-01-30 09:18:00+00:00, run_after=2025-01-30 09:20:00+00:00
[2025-01-30T09:21:18.334+0000] {processor.py:183} INFO - Processing /home/airflow/.local/lib/python3.12/site-packages/airflow/example_dags/example_sla_dag.py took 0.087 seconds
[2025-01-30T09:21:48.670+0000] {processor.py:161} INFO - Started process (PID=273) to work on /home/airflow/.local/lib/python3.12/site-packages/airflow/example_dags/example_sla_dag.py
[2025-01-30T09:21:48.671+0000] {processor.py:830} INFO - Processing file /home/airflow/.local/lib/python3.12/site-packages/airflow/example_dags/example_sla_dag.py for tasks to queue
[2025-01-30T09:21:48.673+0000] {logging_mixin.py:188} INFO - [2025-01-30T09:21:48.672+0000] {dagbag.py:545} INFO - Filling up the DagBag from /home/airflow/.local/lib/python3.12/site-packages/airflow/example_dags/example_sla_dag.py
[2025-01-30T09:21:48.683+0000] {processor.py:840} INFO - DAG(s) 'example_sla_dag' retrieved from /home/airflow/.local/lib/python3.12/site-packages/airflow/example_dags/example_sla_dag.py
[2025-01-30T09:21:48.708+0000] {logging_mixin.py:188} INFO - [2025-01-30T09:21:48.707+0000] {dag.py:3096} INFO - Sync 1 DAGs
[2025-01-30T09:21:48.738+0000] {logging_mixin.py:188} INFO - [2025-01-30T09:21:48.738+0000] {dag.py:3954} INFO - Setting next_dagrun for example_sla_dag to 2025-01-30 09:18:00+00:00, run_after=2025-01-30 09:20:00+00:00
[2025-01-30T09:21:48.759+0000] {processor.py:183} INFO - Processing /home/airflow/.local/lib/python3.12/site-packages/airflow/example_dags/example_sla_dag.py took 0.095 seconds
[2025-01-30T09:22:18.904+0000] {processor.py:161} INFO - Started process (PID=332) to work on /home/airflow/.local/lib/python3.12/site-packages/airflow/example_dags/example_sla_dag.py
[2025-01-30T09:22:18.905+0000] {processor.py:830} INFO - Processing file /home/airflow/.local/lib/python3.12/site-packages/airflow/example_dags/example_sla_dag.py for tasks to queue
[2025-01-30T09:22:18.907+0000] {logging_mixin.py:188} INFO - [2025-01-30T09:22:18.907+0000] {dagbag.py:545} INFO - Filling up the DagBag from /home/airflow/.local/lib/python3.12/site-packages/airflow/example_dags/example_sla_dag.py
[2025-01-30T09:22:18.915+0000] {processor.py:840} INFO - DAG(s) 'example_sla_dag' retrieved from /home/airflow/.local/lib/python3.12/site-packages/airflow/example_dags/example_sla_dag.py
[2025-01-30T09:22:18.936+0000] {logging_mixin.py:188} INFO - [2025-01-30T09:22:18.935+0000] {dag.py:3096} INFO - Sync 1 DAGs
[2025-01-30T09:22:18.960+0000] {logging_mixin.py:188} INFO - [2025-01-30T09:22:18.959+0000] {dag.py:3954} INFO - Setting next_dagrun for example_sla_dag to 2025-01-30 09:20:00+00:00, run_after=2025-01-30 09:22:00+00:00
[2025-01-30T09:22:18.982+0000] {processor.py:183} INFO - Processing /home/airflow/.local/lib/python3.12/site-packages/airflow/example_dags/example_sla_dag.py took 0.083 seconds
[2025-01-30T09:22:49.643+0000] {processor.py:161} INFO - Started process (PID=390) to work on /home/airflow/.local/lib/python3.12/site-packages/airflow/example_dags/example_sla_dag.py
[2025-01-30T09:22:49.644+0000] {processor.py:830} INFO - Processing file /home/airflow/.local/lib/python3.12/site-packages/airflow/example_dags/example_sla_dag.py for tasks to queue
[2025-01-30T09:22:49.646+0000] {logging_mixin.py:188} INFO - [2025-01-30T09:22:49.646+0000] {dagbag.py:545} INFO - Filling up the DagBag from /home/airflow/.local/lib/python3.12/site-packages/airflow/example_dags/example_sla_dag.py
[2025-01-30T09:22:49.654+0000] {processor.py:840} INFO - DAG(s) 'example_sla_dag' retrieved from /home/airflow/.local/lib/python3.12/site-packages/airflow/example_dags/example_sla_dag.py
[2025-01-30T09:22:49.675+0000] {logging_mixin.py:188} INFO - [2025-01-30T09:22:49.675+0000] {dag.py:3096} INFO - Sync 1 DAGs
[2025-01-30T09:22:49.700+0000] {logging_mixin.py:188} INFO - [2025-01-30T09:22:49.700+0000] {dag.py:3954} INFO - Setting next_dagrun for example_sla_dag to 2025-01-30 09:20:00+00:00, run_after=2025-01-30 09:22:00+00:00
[2025-01-30T09:22:49.725+0000] {processor.py:183} INFO - Processing /home/airflow/.local/lib/python3.12/site-packages/airflow/example_dags/example_sla_dag.py took 0.087 seconds
[2025-01-30T09:23:20.218+0000] {processor.py:161} INFO - Started process (PID=448) to work on /home/airflow/.local/lib/python3.12/site-packages/airflow/example_dags/example_sla_dag.py
[2025-01-30T09:23:20.219+0000] {processor.py:830} INFO - Processing file /home/airflow/.local/lib/python3.12/site-packages/airflow/example_dags/example_sla_dag.py for tasks to queue
[2025-01-30T09:23:20.220+0000] {logging_mixin.py:188} INFO - [2025-01-30T09:23:20.220+0000] {dagbag.py:545} INFO - Filling up the DagBag from /home/airflow/.local/lib/python3.12/site-packages/airflow/example_dags/example_sla_dag.py
[2025-01-30T09:23:20.229+0000] {processor.py:840} INFO - DAG(s) 'example_sla_dag' retrieved from /home/airflow/.local/lib/python3.12/site-packages/airflow/example_dags/example_sla_dag.py
[2025-01-30T09:23:20.248+0000] {logging_mixin.py:188} INFO - [2025-01-30T09:23:20.247+0000] {dag.py:3096} INFO - Sync 1 DAGs
[2025-01-30T09:23:20.277+0000] {logging_mixin.py:188} INFO - [2025-01-30T09:23:20.276+0000] {dag.py:3954} INFO - Setting next_dagrun for example_sla_dag to 2025-01-30 09:20:00+00:00, run_after=2025-01-30 09:22:00+00:00
[2025-01-30T09:23:20.299+0000] {processor.py:183} INFO - Processing /home/airflow/.local/lib/python3.12/site-packages/airflow/example_dags/example_sla_dag.py took 0.086 seconds
[2025-01-30T09:23:50.778+0000] {processor.py:161} INFO - Started process (PID=506) to work on /home/airflow/.local/lib/python3.12/site-packages/airflow/example_dags/example_sla_dag.py
[2025-01-30T09:23:50.781+0000] {processor.py:830} INFO - Processing file /home/airflow/.local/lib/python3.12/site-packages/airflow/example_dags/example_sla_dag.py for tasks to queue
[2025-01-30T09:23:50.784+0000] {logging_mixin.py:188} INFO - [2025-01-30T09:23:50.783+0000] {dagbag.py:545} INFO - Filling up the DagBag from /home/airflow/.local/lib/python3.12/site-packages/airflow/example_dags/example_sla_dag.py
[2025-01-30T09:23:50.801+0000] {processor.py:840} INFO - DAG(s) 'example_sla_dag' retrieved from /home/airflow/.local/lib/python3.12/site-packages/airflow/example_dags/example_sla_dag.py
[2025-01-30T09:23:50.823+0000] {logging_mixin.py:188} INFO - [2025-01-30T09:23:50.823+0000] {dag.py:3096} INFO - Sync 1 DAGs
[2025-01-30T09:23:50.853+0000] {logging_mixin.py:188} INFO - [2025-01-30T09:23:50.853+0000] {dag.py:3954} INFO - Setting next_dagrun for example_sla_dag to 2025-01-30 09:20:00+00:00, run_after=2025-01-30 09:22:00+00:00
[2025-01-30T09:23:50.886+0000] {processor.py:183} INFO - Processing /home/airflow/.local/lib/python3.12/site-packages/airflow/example_dags/example_sla_dag.py took 0.129 seconds
[2025-01-30T09:24:21.176+0000] {processor.py:161} INFO - Started process (PID=564) to work on /home/airflow/.local/lib/python3.12/site-packages/airflow/example_dags/example_sla_dag.py
[2025-01-30T09:24:21.177+0000] {processor.py:830} INFO - Processing file /home/airflow/.local/lib/python3.12/site-packages/airflow/example_dags/example_sla_dag.py for tasks to queue
[2025-01-30T09:24:21.179+0000] {logging_mixin.py:188} INFO - [2025-01-30T09:24:21.179+0000] {dagbag.py:545} INFO - Filling up the DagBag from /home/airflow/.local/lib/python3.12/site-packages/airflow/example_dags/example_sla_dag.py
[2025-01-30T09:24:21.190+0000] {processor.py:840} INFO - DAG(s) 'example_sla_dag' retrieved from /home/airflow/.local/lib/python3.12/site-packages/airflow/example_dags/example_sla_dag.py
[2025-01-30T09:24:21.219+0000] {logging_mixin.py:188} INFO - [2025-01-30T09:24:21.218+0000] {dag.py:3096} INFO - Sync 1 DAGs
[2025-01-30T09:24:21.255+0000] {logging_mixin.py:188} INFO - [2025-01-30T09:24:21.255+0000] {dag.py:3954} INFO - Setting next_dagrun for example_sla_dag to 2025-01-30 09:22:00+00:00, run_after=2025-01-30 09:24:00+00:00
[2025-01-30T09:24:21.284+0000] {processor.py:183} INFO - Processing /home/airflow/.local/lib/python3.12/site-packages/airflow/example_dags/example_sla_dag.py took 0.115 seconds
[2025-01-30T09:24:51.469+0000] {processor.py:161} INFO - Started process (PID=622) to work on /home/airflow/.local/lib/python3.12/site-packages/airflow/example_dags/example_sla_dag.py
[2025-01-30T09:24:51.474+0000] {processor.py:830} INFO - Processing file /home/airflow/.local/lib/python3.12/site-packages/airflow/example_dags/example_sla_dag.py for tasks to queue
[2025-01-30T09:24:51.478+0000] {logging_mixin.py:188} INFO - [2025-01-30T09:24:51.477+0000] {dagbag.py:545} INFO - Filling up the DagBag from /home/airflow/.local/lib/python3.12/site-packages/airflow/example_dags/example_sla_dag.py
[2025-01-30T09:24:51.496+0000] {processor.py:840} INFO - DAG(s) 'example_sla_dag' retrieved from /home/airflow/.local/lib/python3.12/site-packages/airflow/example_dags/example_sla_dag.py
[2025-01-30T09:24:51.530+0000] {logging_mixin.py:188} INFO - [2025-01-30T09:24:51.529+0000] {dag.py:3096} INFO - Sync 1 DAGs
[2025-01-30T09:24:51.557+0000] {logging_mixin.py:188} INFO - [2025-01-30T09:24:51.557+0000] {dag.py:3954} INFO - Setting next_dagrun for example_sla_dag to 2025-01-30 09:22:00+00:00, run_after=2025-01-30 09:24:00+00:00
[2025-01-30T09:24:51.584+0000] {processor.py:183} INFO - Processing /home/airflow/.local/lib/python3.12/site-packages/airflow/example_dags/example_sla_dag.py took 0.119 seconds
[2025-01-30T09:25:21.770+0000] {processor.py:161} INFO - Started process (PID=680) to work on /home/airflow/.local/lib/python3.12/site-packages/airflow/example_dags/example_sla_dag.py
[2025-01-30T09:25:21.771+0000] {processor.py:830} INFO - Processing file /home/airflow/.local/lib/python3.12/site-packages/airflow/example_dags/example_sla_dag.py for tasks to queue
[2025-01-30T09:25:21.773+0000] {logging_mixin.py:188} INFO - [2025-01-30T09:25:21.773+0000] {dagbag.py:545} INFO - Filling up the DagBag from /home/airflow/.local/lib/python3.12/site-packages/airflow/example_dags/example_sla_dag.py
[2025-01-30T09:25:21.780+0000] {processor.py:840} INFO - DAG(s) 'example_sla_dag' retrieved from /home/airflow/.local/lib/python3.12/site-packages/airflow/example_dags/example_sla_dag.py
[2025-01-30T09:25:21.801+0000] {logging_mixin.py:188} INFO - [2025-01-30T09:25:21.800+0000] {dag.py:3096} INFO - Sync 1 DAGs
[2025-01-30T09:25:21.827+0000] {logging_mixin.py:188} INFO - [2025-01-30T09:25:21.827+0000] {dag.py:3954} INFO - Setting next_dagrun for example_sla_dag to 2025-01-30 09:22:00+00:00, run_after=2025-01-30 09:24:00+00:00
[2025-01-30T09:25:21.851+0000] {processor.py:183} INFO - Processing /home/airflow/.local/lib/python3.12/site-packages/airflow/example_dags/example_sla_dag.py took 0.086 seconds
