[2025-01-30T08:43:52.995+0000] {processor.py:161} INFO - Started process (PID=92) to work on /home/airflow/.local/lib/python3.12/site-packages/airflow/example_dags/example_short_circuit_decorator.py
[2025-01-30T08:43:52.996+0000] {processor.py:830} INFO - Processing file /home/airflow/.local/lib/python3.12/site-packages/airflow/example_dags/example_short_circuit_decorator.py for tasks to queue
[2025-01-30T08:43:52.998+0000] {logging_mixin.py:188} INFO - [2025-01-30T08:43:52.998+0000] {dagbag.py:545} INFO - Filling up the DagBag from /home/airflow/.local/lib/python3.12/site-packages/airflow/example_dags/example_short_circuit_decorator.py
[2025-01-30T08:43:53.009+0000] {processor.py:840} INFO - DAG(s) 'example_short_circuit_decorator' retrieved from /home/airflow/.local/lib/python3.12/site-packages/airflow/example_dags/example_short_circuit_decorator.py
[2025-01-30T08:43:53.124+0000] {logging_mixin.py:188} INFO - [2025-01-30T08:43:53.124+0000] {dag.py:3096} INFO - Sync 1 DAGs
[2025-01-30T08:43:53.145+0000] {logging_mixin.py:188} INFO - [2025-01-30T08:43:53.145+0000] {dag.py:3954} INFO - Setting next_dagrun for example_short_circuit_decorator to 2025-01-29 00:00:00+00:00, run_after=2025-01-30 00:00:00+00:00
[2025-01-30T08:43:53.171+0000] {processor.py:183} INFO - Processing /home/airflow/.local/lib/python3.12/site-packages/airflow/example_dags/example_short_circuit_decorator.py took 0.181 seconds
[2025-01-30T08:44:23.545+0000] {processor.py:161} INFO - Started process (PID=150) to work on /home/airflow/.local/lib/python3.12/site-packages/airflow/example_dags/example_short_circuit_decorator.py
[2025-01-30T08:44:23.546+0000] {processor.py:830} INFO - Processing file /home/airflow/.local/lib/python3.12/site-packages/airflow/example_dags/example_short_circuit_decorator.py for tasks to queue
[2025-01-30T08:44:23.548+0000] {logging_mixin.py:188} INFO - [2025-01-30T08:44:23.547+0000] {dagbag.py:545} INFO - Filling up the DagBag from /home/airflow/.local/lib/python3.12/site-packages/airflow/example_dags/example_short_circuit_decorator.py
[2025-01-30T08:44:23.557+0000] {processor.py:840} INFO - DAG(s) 'example_short_circuit_decorator' retrieved from /home/airflow/.local/lib/python3.12/site-packages/airflow/example_dags/example_short_circuit_decorator.py
[2025-01-30T08:44:23.584+0000] {logging_mixin.py:188} INFO - [2025-01-30T08:44:23.584+0000] {dag.py:3096} INFO - Sync 1 DAGs
[2025-01-30T08:44:23.607+0000] {logging_mixin.py:188} INFO - [2025-01-30T08:44:23.607+0000] {dag.py:3954} INFO - Setting next_dagrun for example_short_circuit_decorator to 2025-01-29 00:00:00+00:00, run_after=2025-01-30 00:00:00+00:00
[2025-01-30T08:44:23.633+0000] {processor.py:183} INFO - Processing /home/airflow/.local/lib/python3.12/site-packages/airflow/example_dags/example_short_circuit_decorator.py took 0.094 seconds
[2025-01-30T08:44:53.876+0000] {processor.py:161} INFO - Started process (PID=208) to work on /home/airflow/.local/lib/python3.12/site-packages/airflow/example_dags/example_short_circuit_decorator.py
[2025-01-30T08:44:53.877+0000] {processor.py:830} INFO - Processing file /home/airflow/.local/lib/python3.12/site-packages/airflow/example_dags/example_short_circuit_decorator.py for tasks to queue
[2025-01-30T08:44:53.883+0000] {logging_mixin.py:188} INFO - [2025-01-30T08:44:53.883+0000] {dagbag.py:545} INFO - Filling up the DagBag from /home/airflow/.local/lib/python3.12/site-packages/airflow/example_dags/example_short_circuit_decorator.py
[2025-01-30T08:44:53.893+0000] {processor.py:840} INFO - DAG(s) 'example_short_circuit_decorator' retrieved from /home/airflow/.local/lib/python3.12/site-packages/airflow/example_dags/example_short_circuit_decorator.py
[2025-01-30T08:44:53.926+0000] {logging_mixin.py:188} INFO - [2025-01-30T08:44:53.926+0000] {dag.py:3096} INFO - Sync 1 DAGs
[2025-01-30T08:44:53.954+0000] {logging_mixin.py:188} INFO - [2025-01-30T08:44:53.954+0000] {dag.py:3954} INFO - Setting next_dagrun for example_short_circuit_decorator to 2025-01-29 00:00:00+00:00, run_after=2025-01-30 00:00:00+00:00
[2025-01-30T08:44:53.983+0000] {processor.py:183} INFO - Processing /home/airflow/.local/lib/python3.12/site-packages/airflow/example_dags/example_short_circuit_decorator.py took 0.113 seconds
[2025-01-30T08:45:24.166+0000] {processor.py:161} INFO - Started process (PID=266) to work on /home/airflow/.local/lib/python3.12/site-packages/airflow/example_dags/example_short_circuit_decorator.py
[2025-01-30T08:45:24.167+0000] {processor.py:830} INFO - Processing file /home/airflow/.local/lib/python3.12/site-packages/airflow/example_dags/example_short_circuit_decorator.py for tasks to queue
[2025-01-30T08:45:24.169+0000] {logging_mixin.py:188} INFO - [2025-01-30T08:45:24.169+0000] {dagbag.py:545} INFO - Filling up the DagBag from /home/airflow/.local/lib/python3.12/site-packages/airflow/example_dags/example_short_circuit_decorator.py
[2025-01-30T08:45:24.178+0000] {processor.py:840} INFO - DAG(s) 'example_short_circuit_decorator' retrieved from /home/airflow/.local/lib/python3.12/site-packages/airflow/example_dags/example_short_circuit_decorator.py
[2025-01-30T08:45:24.206+0000] {logging_mixin.py:188} INFO - [2025-01-30T08:45:24.206+0000] {dag.py:3096} INFO - Sync 1 DAGs
[2025-01-30T08:45:24.246+0000] {logging_mixin.py:188} INFO - [2025-01-30T08:45:24.245+0000] {dag.py:3954} INFO - Setting next_dagrun for example_short_circuit_decorator to 2025-01-29 00:00:00+00:00, run_after=2025-01-30 00:00:00+00:00
[2025-01-30T08:45:24.275+0000] {processor.py:183} INFO - Processing /home/airflow/.local/lib/python3.12/site-packages/airflow/example_dags/example_short_circuit_decorator.py took 0.115 seconds
[2025-01-30T08:45:55.128+0000] {processor.py:161} INFO - Started process (PID=324) to work on /home/airflow/.local/lib/python3.12/site-packages/airflow/example_dags/example_short_circuit_decorator.py
[2025-01-30T08:45:55.129+0000] {processor.py:830} INFO - Processing file /home/airflow/.local/lib/python3.12/site-packages/airflow/example_dags/example_short_circuit_decorator.py for tasks to queue
[2025-01-30T08:45:55.132+0000] {logging_mixin.py:188} INFO - [2025-01-30T08:45:55.131+0000] {dagbag.py:545} INFO - Filling up the DagBag from /home/airflow/.local/lib/python3.12/site-packages/airflow/example_dags/example_short_circuit_decorator.py
[2025-01-30T08:45:55.141+0000] {processor.py:840} INFO - DAG(s) 'example_short_circuit_decorator' retrieved from /home/airflow/.local/lib/python3.12/site-packages/airflow/example_dags/example_short_circuit_decorator.py
[2025-01-30T08:45:55.163+0000] {logging_mixin.py:188} INFO - [2025-01-30T08:45:55.163+0000] {dag.py:3096} INFO - Sync 1 DAGs
[2025-01-30T08:45:55.187+0000] {logging_mixin.py:188} INFO - [2025-01-30T08:45:55.187+0000] {dag.py:3954} INFO - Setting next_dagrun for example_short_circuit_decorator to 2025-01-29 00:00:00+00:00, run_after=2025-01-30 00:00:00+00:00
[2025-01-30T08:45:55.212+0000] {processor.py:183} INFO - Processing /home/airflow/.local/lib/python3.12/site-packages/airflow/example_dags/example_short_circuit_decorator.py took 0.088 seconds
[2025-01-30T08:46:25.665+0000] {processor.py:161} INFO - Started process (PID=381) to work on /home/airflow/.local/lib/python3.12/site-packages/airflow/example_dags/example_short_circuit_decorator.py
[2025-01-30T08:46:25.666+0000] {processor.py:830} INFO - Processing file /home/airflow/.local/lib/python3.12/site-packages/airflow/example_dags/example_short_circuit_decorator.py for tasks to queue
[2025-01-30T08:46:25.668+0000] {logging_mixin.py:188} INFO - [2025-01-30T08:46:25.668+0000] {dagbag.py:545} INFO - Filling up the DagBag from /home/airflow/.local/lib/python3.12/site-packages/airflow/example_dags/example_short_circuit_decorator.py
[2025-01-30T08:46:25.680+0000] {processor.py:840} INFO - DAG(s) 'example_short_circuit_decorator' retrieved from /home/airflow/.local/lib/python3.12/site-packages/airflow/example_dags/example_short_circuit_decorator.py
[2025-01-30T08:46:25.710+0000] {logging_mixin.py:188} INFO - [2025-01-30T08:46:25.710+0000] {dag.py:3096} INFO - Sync 1 DAGs
[2025-01-30T08:46:25.743+0000] {logging_mixin.py:188} INFO - [2025-01-30T08:46:25.743+0000] {dag.py:3954} INFO - Setting next_dagrun for example_short_circuit_decorator to 2025-01-29 00:00:00+00:00, run_after=2025-01-30 00:00:00+00:00
[2025-01-30T08:46:25.771+0000] {processor.py:183} INFO - Processing /home/airflow/.local/lib/python3.12/site-packages/airflow/example_dags/example_short_circuit_decorator.py took 0.112 seconds
[2025-01-30T08:46:56.082+0000] {processor.py:161} INFO - Started process (PID=439) to work on /home/airflow/.local/lib/python3.12/site-packages/airflow/example_dags/example_short_circuit_decorator.py
[2025-01-30T08:46:56.083+0000] {processor.py:830} INFO - Processing file /home/airflow/.local/lib/python3.12/site-packages/airflow/example_dags/example_short_circuit_decorator.py for tasks to queue
[2025-01-30T08:46:56.085+0000] {logging_mixin.py:188} INFO - [2025-01-30T08:46:56.085+0000] {dagbag.py:545} INFO - Filling up the DagBag from /home/airflow/.local/lib/python3.12/site-packages/airflow/example_dags/example_short_circuit_decorator.py
[2025-01-30T08:46:56.093+0000] {processor.py:840} INFO - DAG(s) 'example_short_circuit_decorator' retrieved from /home/airflow/.local/lib/python3.12/site-packages/airflow/example_dags/example_short_circuit_decorator.py
[2025-01-30T08:46:56.119+0000] {logging_mixin.py:188} INFO - [2025-01-30T08:46:56.119+0000] {dag.py:3096} INFO - Sync 1 DAGs
[2025-01-30T08:46:56.149+0000] {logging_mixin.py:188} INFO - [2025-01-30T08:46:56.149+0000] {dag.py:3954} INFO - Setting next_dagrun for example_short_circuit_decorator to 2025-01-29 00:00:00+00:00, run_after=2025-01-30 00:00:00+00:00
[2025-01-30T08:46:56.176+0000] {processor.py:183} INFO - Processing /home/airflow/.local/lib/python3.12/site-packages/airflow/example_dags/example_short_circuit_decorator.py took 0.099 seconds
[2025-01-30T08:47:26.587+0000] {processor.py:161} INFO - Started process (PID=497) to work on /home/airflow/.local/lib/python3.12/site-packages/airflow/example_dags/example_short_circuit_decorator.py
[2025-01-30T08:47:26.588+0000] {processor.py:830} INFO - Processing file /home/airflow/.local/lib/python3.12/site-packages/airflow/example_dags/example_short_circuit_decorator.py for tasks to queue
[2025-01-30T08:47:26.590+0000] {logging_mixin.py:188} INFO - [2025-01-30T08:47:26.589+0000] {dagbag.py:545} INFO - Filling up the DagBag from /home/airflow/.local/lib/python3.12/site-packages/airflow/example_dags/example_short_circuit_decorator.py
[2025-01-30T08:47:26.601+0000] {processor.py:840} INFO - DAG(s) 'example_short_circuit_decorator' retrieved from /home/airflow/.local/lib/python3.12/site-packages/airflow/example_dags/example_short_circuit_decorator.py
[2025-01-30T08:47:26.627+0000] {logging_mixin.py:188} INFO - [2025-01-30T08:47:26.626+0000] {dag.py:3096} INFO - Sync 1 DAGs
[2025-01-30T08:47:26.653+0000] {logging_mixin.py:188} INFO - [2025-01-30T08:47:26.652+0000] {dag.py:3954} INFO - Setting next_dagrun for example_short_circuit_decorator to 2025-01-29 00:00:00+00:00, run_after=2025-01-30 00:00:00+00:00
[2025-01-30T08:47:26.677+0000] {processor.py:183} INFO - Processing /home/airflow/.local/lib/python3.12/site-packages/airflow/example_dags/example_short_circuit_decorator.py took 0.095 seconds
[2025-01-30T08:47:57.061+0000] {processor.py:161} INFO - Started process (PID=555) to work on /home/airflow/.local/lib/python3.12/site-packages/airflow/example_dags/example_short_circuit_decorator.py
[2025-01-30T08:47:57.062+0000] {processor.py:830} INFO - Processing file /home/airflow/.local/lib/python3.12/site-packages/airflow/example_dags/example_short_circuit_decorator.py for tasks to queue
[2025-01-30T08:47:57.065+0000] {logging_mixin.py:188} INFO - [2025-01-30T08:47:57.064+0000] {dagbag.py:545} INFO - Filling up the DagBag from /home/airflow/.local/lib/python3.12/site-packages/airflow/example_dags/example_short_circuit_decorator.py
[2025-01-30T08:47:57.074+0000] {processor.py:840} INFO - DAG(s) 'example_short_circuit_decorator' retrieved from /home/airflow/.local/lib/python3.12/site-packages/airflow/example_dags/example_short_circuit_decorator.py
[2025-01-30T08:47:57.102+0000] {logging_mixin.py:188} INFO - [2025-01-30T08:47:57.101+0000] {dag.py:3096} INFO - Sync 1 DAGs
[2025-01-30T08:47:57.127+0000] {logging_mixin.py:188} INFO - [2025-01-30T08:47:57.127+0000] {dag.py:3954} INFO - Setting next_dagrun for example_short_circuit_decorator to 2025-01-29 00:00:00+00:00, run_after=2025-01-30 00:00:00+00:00
[2025-01-30T08:47:57.151+0000] {processor.py:183} INFO - Processing /home/airflow/.local/lib/python3.12/site-packages/airflow/example_dags/example_short_circuit_decorator.py took 0.095 seconds
[2025-01-30T08:48:27.193+0000] {processor.py:161} INFO - Started process (PID=613) to work on /home/airflow/.local/lib/python3.12/site-packages/airflow/example_dags/example_short_circuit_decorator.py
[2025-01-30T08:48:27.194+0000] {processor.py:830} INFO - Processing file /home/airflow/.local/lib/python3.12/site-packages/airflow/example_dags/example_short_circuit_decorator.py for tasks to queue
[2025-01-30T08:48:27.196+0000] {logging_mixin.py:188} INFO - [2025-01-30T08:48:27.196+0000] {dagbag.py:545} INFO - Filling up the DagBag from /home/airflow/.local/lib/python3.12/site-packages/airflow/example_dags/example_short_circuit_decorator.py
[2025-01-30T08:48:27.206+0000] {processor.py:840} INFO - DAG(s) 'example_short_circuit_decorator' retrieved from /home/airflow/.local/lib/python3.12/site-packages/airflow/example_dags/example_short_circuit_decorator.py
[2025-01-30T08:48:27.232+0000] {logging_mixin.py:188} INFO - [2025-01-30T08:48:27.231+0000] {dag.py:3096} INFO - Sync 1 DAGs
[2025-01-30T08:48:27.255+0000] {logging_mixin.py:188} INFO - [2025-01-30T08:48:27.255+0000] {dag.py:3954} INFO - Setting next_dagrun for example_short_circuit_decorator to 2025-01-29 00:00:00+00:00, run_after=2025-01-30 00:00:00+00:00
[2025-01-30T08:48:27.277+0000] {processor.py:183} INFO - Processing /home/airflow/.local/lib/python3.12/site-packages/airflow/example_dags/example_short_circuit_decorator.py took 0.090 seconds
[2025-01-30T08:48:57.350+0000] {processor.py:161} INFO - Started process (PID=670) to work on /home/airflow/.local/lib/python3.12/site-packages/airflow/example_dags/example_short_circuit_decorator.py
[2025-01-30T08:48:57.351+0000] {processor.py:830} INFO - Processing file /home/airflow/.local/lib/python3.12/site-packages/airflow/example_dags/example_short_circuit_decorator.py for tasks to queue
[2025-01-30T08:48:57.353+0000] {logging_mixin.py:188} INFO - [2025-01-30T08:48:57.353+0000] {dagbag.py:545} INFO - Filling up the DagBag from /home/airflow/.local/lib/python3.12/site-packages/airflow/example_dags/example_short_circuit_decorator.py
[2025-01-30T08:48:57.361+0000] {processor.py:840} INFO - DAG(s) 'example_short_circuit_decorator' retrieved from /home/airflow/.local/lib/python3.12/site-packages/airflow/example_dags/example_short_circuit_decorator.py
[2025-01-30T08:48:57.386+0000] {logging_mixin.py:188} INFO - [2025-01-30T08:48:57.386+0000] {dag.py:3096} INFO - Sync 1 DAGs
[2025-01-30T08:48:57.410+0000] {logging_mixin.py:188} INFO - [2025-01-30T08:48:57.409+0000] {dag.py:3954} INFO - Setting next_dagrun for example_short_circuit_decorator to 2025-01-29 00:00:00+00:00, run_after=2025-01-30 00:00:00+00:00
[2025-01-30T08:48:57.435+0000] {processor.py:183} INFO - Processing /home/airflow/.local/lib/python3.12/site-packages/airflow/example_dags/example_short_circuit_decorator.py took 0.089 seconds
[2025-01-30T08:49:27.816+0000] {processor.py:161} INFO - Started process (PID=728) to work on /home/airflow/.local/lib/python3.12/site-packages/airflow/example_dags/example_short_circuit_decorator.py
[2025-01-30T08:49:27.817+0000] {processor.py:830} INFO - Processing file /home/airflow/.local/lib/python3.12/site-packages/airflow/example_dags/example_short_circuit_decorator.py for tasks to queue
[2025-01-30T08:49:27.819+0000] {logging_mixin.py:188} INFO - [2025-01-30T08:49:27.819+0000] {dagbag.py:545} INFO - Filling up the DagBag from /home/airflow/.local/lib/python3.12/site-packages/airflow/example_dags/example_short_circuit_decorator.py
[2025-01-30T08:49:27.827+0000] {processor.py:840} INFO - DAG(s) 'example_short_circuit_decorator' retrieved from /home/airflow/.local/lib/python3.12/site-packages/airflow/example_dags/example_short_circuit_decorator.py
[2025-01-30T08:49:27.852+0000] {logging_mixin.py:188} INFO - [2025-01-30T08:49:27.851+0000] {dag.py:3096} INFO - Sync 1 DAGs
[2025-01-30T08:49:27.874+0000] {logging_mixin.py:188} INFO - [2025-01-30T08:49:27.874+0000] {dag.py:3954} INFO - Setting next_dagrun for example_short_circuit_decorator to 2025-01-29 00:00:00+00:00, run_after=2025-01-30 00:00:00+00:00
[2025-01-30T08:49:27.896+0000] {processor.py:183} INFO - Processing /home/airflow/.local/lib/python3.12/site-packages/airflow/example_dags/example_short_circuit_decorator.py took 0.084 seconds
[2025-01-30T08:49:58.121+0000] {processor.py:161} INFO - Started process (PID=786) to work on /home/airflow/.local/lib/python3.12/site-packages/airflow/example_dags/example_short_circuit_decorator.py
[2025-01-30T08:49:58.123+0000] {processor.py:830} INFO - Processing file /home/airflow/.local/lib/python3.12/site-packages/airflow/example_dags/example_short_circuit_decorator.py for tasks to queue
[2025-01-30T08:49:58.125+0000] {logging_mixin.py:188} INFO - [2025-01-30T08:49:58.124+0000] {dagbag.py:545} INFO - Filling up the DagBag from /home/airflow/.local/lib/python3.12/site-packages/airflow/example_dags/example_short_circuit_decorator.py
[2025-01-30T08:49:58.134+0000] {processor.py:840} INFO - DAG(s) 'example_short_circuit_decorator' retrieved from /home/airflow/.local/lib/python3.12/site-packages/airflow/example_dags/example_short_circuit_decorator.py
[2025-01-30T08:49:58.159+0000] {logging_mixin.py:188} INFO - [2025-01-30T08:49:58.159+0000] {dag.py:3096} INFO - Sync 1 DAGs
[2025-01-30T08:49:58.183+0000] {logging_mixin.py:188} INFO - [2025-01-30T08:49:58.183+0000] {dag.py:3954} INFO - Setting next_dagrun for example_short_circuit_decorator to 2025-01-29 00:00:00+00:00, run_after=2025-01-30 00:00:00+00:00
[2025-01-30T08:49:58.207+0000] {processor.py:183} INFO - Processing /home/airflow/.local/lib/python3.12/site-packages/airflow/example_dags/example_short_circuit_decorator.py took 0.091 seconds
[2025-01-30T08:50:28.609+0000] {processor.py:161} INFO - Started process (PID=844) to work on /home/airflow/.local/lib/python3.12/site-packages/airflow/example_dags/example_short_circuit_decorator.py
[2025-01-30T08:50:28.610+0000] {processor.py:830} INFO - Processing file /home/airflow/.local/lib/python3.12/site-packages/airflow/example_dags/example_short_circuit_decorator.py for tasks to queue
[2025-01-30T08:50:28.612+0000] {logging_mixin.py:188} INFO - [2025-01-30T08:50:28.612+0000] {dagbag.py:545} INFO - Filling up the DagBag from /home/airflow/.local/lib/python3.12/site-packages/airflow/example_dags/example_short_circuit_decorator.py
[2025-01-30T08:50:28.621+0000] {processor.py:840} INFO - DAG(s) 'example_short_circuit_decorator' retrieved from /home/airflow/.local/lib/python3.12/site-packages/airflow/example_dags/example_short_circuit_decorator.py
[2025-01-30T08:50:28.653+0000] {logging_mixin.py:188} INFO - [2025-01-30T08:50:28.653+0000] {dag.py:3096} INFO - Sync 1 DAGs
[2025-01-30T08:50:28.679+0000] {logging_mixin.py:188} INFO - [2025-01-30T08:50:28.678+0000] {dag.py:3954} INFO - Setting next_dagrun for example_short_circuit_decorator to 2025-01-29 00:00:00+00:00, run_after=2025-01-30 00:00:00+00:00
[2025-01-30T08:50:28.702+0000] {processor.py:183} INFO - Processing /home/airflow/.local/lib/python3.12/site-packages/airflow/example_dags/example_short_circuit_decorator.py took 0.098 seconds
[2025-01-30T08:50:59.179+0000] {processor.py:161} INFO - Started process (PID=902) to work on /home/airflow/.local/lib/python3.12/site-packages/airflow/example_dags/example_short_circuit_decorator.py
[2025-01-30T08:50:59.180+0000] {processor.py:830} INFO - Processing file /home/airflow/.local/lib/python3.12/site-packages/airflow/example_dags/example_short_circuit_decorator.py for tasks to queue
[2025-01-30T08:50:59.182+0000] {logging_mixin.py:188} INFO - [2025-01-30T08:50:59.182+0000] {dagbag.py:545} INFO - Filling up the DagBag from /home/airflow/.local/lib/python3.12/site-packages/airflow/example_dags/example_short_circuit_decorator.py
[2025-01-30T08:50:59.192+0000] {processor.py:840} INFO - DAG(s) 'example_short_circuit_decorator' retrieved from /home/airflow/.local/lib/python3.12/site-packages/airflow/example_dags/example_short_circuit_decorator.py
[2025-01-30T08:50:59.216+0000] {logging_mixin.py:188} INFO - [2025-01-30T08:50:59.216+0000] {dag.py:3096} INFO - Sync 1 DAGs
[2025-01-30T08:50:59.240+0000] {logging_mixin.py:188} INFO - [2025-01-30T08:50:59.240+0000] {dag.py:3954} INFO - Setting next_dagrun for example_short_circuit_decorator to 2025-01-29 00:00:00+00:00, run_after=2025-01-30 00:00:00+00:00
[2025-01-30T08:50:59.262+0000] {processor.py:183} INFO - Processing /home/airflow/.local/lib/python3.12/site-packages/airflow/example_dags/example_short_circuit_decorator.py took 0.090 seconds
[2025-01-30T08:51:29.450+0000] {processor.py:161} INFO - Started process (PID=960) to work on /home/airflow/.local/lib/python3.12/site-packages/airflow/example_dags/example_short_circuit_decorator.py
[2025-01-30T08:51:29.452+0000] {processor.py:830} INFO - Processing file /home/airflow/.local/lib/python3.12/site-packages/airflow/example_dags/example_short_circuit_decorator.py for tasks to queue
[2025-01-30T08:51:29.454+0000] {logging_mixin.py:188} INFO - [2025-01-30T08:51:29.453+0000] {dagbag.py:545} INFO - Filling up the DagBag from /home/airflow/.local/lib/python3.12/site-packages/airflow/example_dags/example_short_circuit_decorator.py
[2025-01-30T08:51:29.463+0000] {processor.py:840} INFO - DAG(s) 'example_short_circuit_decorator' retrieved from /home/airflow/.local/lib/python3.12/site-packages/airflow/example_dags/example_short_circuit_decorator.py
[2025-01-30T08:51:29.488+0000] {logging_mixin.py:188} INFO - [2025-01-30T08:51:29.488+0000] {dag.py:3096} INFO - Sync 1 DAGs
[2025-01-30T08:51:29.515+0000] {logging_mixin.py:188} INFO - [2025-01-30T08:51:29.515+0000] {dag.py:3954} INFO - Setting next_dagrun for example_short_circuit_decorator to 2025-01-29 00:00:00+00:00, run_after=2025-01-30 00:00:00+00:00
[2025-01-30T08:51:29.540+0000] {processor.py:183} INFO - Processing /home/airflow/.local/lib/python3.12/site-packages/airflow/example_dags/example_short_circuit_decorator.py took 0.096 seconds
[2025-01-30T08:51:59.783+0000] {processor.py:161} INFO - Started process (PID=1018) to work on /home/airflow/.local/lib/python3.12/site-packages/airflow/example_dags/example_short_circuit_decorator.py
[2025-01-30T08:51:59.784+0000] {processor.py:830} INFO - Processing file /home/airflow/.local/lib/python3.12/site-packages/airflow/example_dags/example_short_circuit_decorator.py for tasks to queue
[2025-01-30T08:51:59.786+0000] {logging_mixin.py:188} INFO - [2025-01-30T08:51:59.786+0000] {dagbag.py:545} INFO - Filling up the DagBag from /home/airflow/.local/lib/python3.12/site-packages/airflow/example_dags/example_short_circuit_decorator.py
[2025-01-30T08:51:59.795+0000] {processor.py:840} INFO - DAG(s) 'example_short_circuit_decorator' retrieved from /home/airflow/.local/lib/python3.12/site-packages/airflow/example_dags/example_short_circuit_decorator.py
[2025-01-30T08:51:59.820+0000] {logging_mixin.py:188} INFO - [2025-01-30T08:51:59.820+0000] {dag.py:3096} INFO - Sync 1 DAGs
[2025-01-30T08:51:59.853+0000] {logging_mixin.py:188} INFO - [2025-01-30T08:51:59.852+0000] {dag.py:3954} INFO - Setting next_dagrun for example_short_circuit_decorator to 2025-01-29 00:00:00+00:00, run_after=2025-01-30 00:00:00+00:00
[2025-01-30T08:51:59.879+0000] {processor.py:183} INFO - Processing /home/airflow/.local/lib/python3.12/site-packages/airflow/example_dags/example_short_circuit_decorator.py took 0.102 seconds
[2025-01-30T08:52:30.154+0000] {processor.py:161} INFO - Started process (PID=1076) to work on /home/airflow/.local/lib/python3.12/site-packages/airflow/example_dags/example_short_circuit_decorator.py
[2025-01-30T08:52:30.156+0000] {processor.py:830} INFO - Processing file /home/airflow/.local/lib/python3.12/site-packages/airflow/example_dags/example_short_circuit_decorator.py for tasks to queue
[2025-01-30T08:52:30.158+0000] {logging_mixin.py:188} INFO - [2025-01-30T08:52:30.157+0000] {dagbag.py:545} INFO - Filling up the DagBag from /home/airflow/.local/lib/python3.12/site-packages/airflow/example_dags/example_short_circuit_decorator.py
[2025-01-30T08:52:30.171+0000] {processor.py:840} INFO - DAG(s) 'example_short_circuit_decorator' retrieved from /home/airflow/.local/lib/python3.12/site-packages/airflow/example_dags/example_short_circuit_decorator.py
[2025-01-30T08:52:30.195+0000] {logging_mixin.py:188} INFO - [2025-01-30T08:52:30.195+0000] {dag.py:3096} INFO - Sync 1 DAGs
[2025-01-30T08:52:30.223+0000] {logging_mixin.py:188} INFO - [2025-01-30T08:52:30.223+0000] {dag.py:3954} INFO - Setting next_dagrun for example_short_circuit_decorator to 2025-01-29 00:00:00+00:00, run_after=2025-01-30 00:00:00+00:00
[2025-01-30T08:52:30.247+0000] {processor.py:183} INFO - Processing /home/airflow/.local/lib/python3.12/site-packages/airflow/example_dags/example_short_circuit_decorator.py took 0.102 seconds
[2025-01-30T08:53:00.676+0000] {processor.py:161} INFO - Started process (PID=1134) to work on /home/airflow/.local/lib/python3.12/site-packages/airflow/example_dags/example_short_circuit_decorator.py
[2025-01-30T08:53:00.677+0000] {processor.py:830} INFO - Processing file /home/airflow/.local/lib/python3.12/site-packages/airflow/example_dags/example_short_circuit_decorator.py for tasks to queue
[2025-01-30T08:53:00.679+0000] {logging_mixin.py:188} INFO - [2025-01-30T08:53:00.679+0000] {dagbag.py:545} INFO - Filling up the DagBag from /home/airflow/.local/lib/python3.12/site-packages/airflow/example_dags/example_short_circuit_decorator.py
[2025-01-30T08:53:00.689+0000] {processor.py:840} INFO - DAG(s) 'example_short_circuit_decorator' retrieved from /home/airflow/.local/lib/python3.12/site-packages/airflow/example_dags/example_short_circuit_decorator.py
[2025-01-30T08:53:00.715+0000] {logging_mixin.py:188} INFO - [2025-01-30T08:53:00.715+0000] {dag.py:3096} INFO - Sync 1 DAGs
[2025-01-30T08:53:00.741+0000] {logging_mixin.py:188} INFO - [2025-01-30T08:53:00.740+0000] {dag.py:3954} INFO - Setting next_dagrun for example_short_circuit_decorator to 2025-01-29 00:00:00+00:00, run_after=2025-01-30 00:00:00+00:00
[2025-01-30T08:53:00.764+0000] {processor.py:183} INFO - Processing /home/airflow/.local/lib/python3.12/site-packages/airflow/example_dags/example_short_circuit_decorator.py took 0.092 seconds
[2025-01-30T08:53:30.888+0000] {processor.py:161} INFO - Started process (PID=1192) to work on /home/airflow/.local/lib/python3.12/site-packages/airflow/example_dags/example_short_circuit_decorator.py
[2025-01-30T08:53:30.889+0000] {processor.py:830} INFO - Processing file /home/airflow/.local/lib/python3.12/site-packages/airflow/example_dags/example_short_circuit_decorator.py for tasks to queue
[2025-01-30T08:53:30.891+0000] {logging_mixin.py:188} INFO - [2025-01-30T08:53:30.890+0000] {dagbag.py:545} INFO - Filling up the DagBag from /home/airflow/.local/lib/python3.12/site-packages/airflow/example_dags/example_short_circuit_decorator.py
[2025-01-30T08:53:30.900+0000] {processor.py:840} INFO - DAG(s) 'example_short_circuit_decorator' retrieved from /home/airflow/.local/lib/python3.12/site-packages/airflow/example_dags/example_short_circuit_decorator.py
[2025-01-30T08:53:30.925+0000] {logging_mixin.py:188} INFO - [2025-01-30T08:53:30.924+0000] {dag.py:3096} INFO - Sync 1 DAGs
[2025-01-30T08:53:30.949+0000] {logging_mixin.py:188} INFO - [2025-01-30T08:53:30.948+0000] {dag.py:3954} INFO - Setting next_dagrun for example_short_circuit_decorator to 2025-01-29 00:00:00+00:00, run_after=2025-01-30 00:00:00+00:00
[2025-01-30T08:53:30.975+0000] {processor.py:183} INFO - Processing /home/airflow/.local/lib/python3.12/site-packages/airflow/example_dags/example_short_circuit_decorator.py took 0.092 seconds
[2025-01-30T08:54:01.265+0000] {processor.py:161} INFO - Started process (PID=1250) to work on /home/airflow/.local/lib/python3.12/site-packages/airflow/example_dags/example_short_circuit_decorator.py
[2025-01-30T08:54:01.267+0000] {processor.py:830} INFO - Processing file /home/airflow/.local/lib/python3.12/site-packages/airflow/example_dags/example_short_circuit_decorator.py for tasks to queue
[2025-01-30T08:54:01.268+0000] {logging_mixin.py:188} INFO - [2025-01-30T08:54:01.268+0000] {dagbag.py:545} INFO - Filling up the DagBag from /home/airflow/.local/lib/python3.12/site-packages/airflow/example_dags/example_short_circuit_decorator.py
[2025-01-30T08:54:01.277+0000] {processor.py:840} INFO - DAG(s) 'example_short_circuit_decorator' retrieved from /home/airflow/.local/lib/python3.12/site-packages/airflow/example_dags/example_short_circuit_decorator.py
[2025-01-30T08:54:01.299+0000] {logging_mixin.py:188} INFO - [2025-01-30T08:54:01.298+0000] {dag.py:3096} INFO - Sync 1 DAGs
[2025-01-30T08:54:01.321+0000] {logging_mixin.py:188} INFO - [2025-01-30T08:54:01.321+0000] {dag.py:3954} INFO - Setting next_dagrun for example_short_circuit_decorator to 2025-01-29 00:00:00+00:00, run_after=2025-01-30 00:00:00+00:00
[2025-01-30T08:54:01.344+0000] {processor.py:183} INFO - Processing /home/airflow/.local/lib/python3.12/site-packages/airflow/example_dags/example_short_circuit_decorator.py took 0.084 seconds
[2025-01-30T08:54:31.842+0000] {processor.py:161} INFO - Started process (PID=1308) to work on /home/airflow/.local/lib/python3.12/site-packages/airflow/example_dags/example_short_circuit_decorator.py
[2025-01-30T08:54:31.844+0000] {processor.py:830} INFO - Processing file /home/airflow/.local/lib/python3.12/site-packages/airflow/example_dags/example_short_circuit_decorator.py for tasks to queue
[2025-01-30T08:54:31.846+0000] {logging_mixin.py:188} INFO - [2025-01-30T08:54:31.845+0000] {dagbag.py:545} INFO - Filling up the DagBag from /home/airflow/.local/lib/python3.12/site-packages/airflow/example_dags/example_short_circuit_decorator.py
[2025-01-30T08:54:31.854+0000] {processor.py:840} INFO - DAG(s) 'example_short_circuit_decorator' retrieved from /home/airflow/.local/lib/python3.12/site-packages/airflow/example_dags/example_short_circuit_decorator.py
[2025-01-30T08:54:31.877+0000] {logging_mixin.py:188} INFO - [2025-01-30T08:54:31.877+0000] {dag.py:3096} INFO - Sync 1 DAGs
[2025-01-30T08:54:31.901+0000] {logging_mixin.py:188} INFO - [2025-01-30T08:54:31.900+0000] {dag.py:3954} INFO - Setting next_dagrun for example_short_circuit_decorator to 2025-01-29 00:00:00+00:00, run_after=2025-01-30 00:00:00+00:00
[2025-01-30T08:54:31.923+0000] {processor.py:183} INFO - Processing /home/airflow/.local/lib/python3.12/site-packages/airflow/example_dags/example_short_circuit_decorator.py took 0.086 seconds
[2025-01-30T08:55:02.945+0000] {processor.py:161} INFO - Started process (PID=1366) to work on /home/airflow/.local/lib/python3.12/site-packages/airflow/example_dags/example_short_circuit_decorator.py
[2025-01-30T08:55:02.946+0000] {processor.py:830} INFO - Processing file /home/airflow/.local/lib/python3.12/site-packages/airflow/example_dags/example_short_circuit_decorator.py for tasks to queue
[2025-01-30T08:55:02.948+0000] {logging_mixin.py:188} INFO - [2025-01-30T08:55:02.948+0000] {dagbag.py:545} INFO - Filling up the DagBag from /home/airflow/.local/lib/python3.12/site-packages/airflow/example_dags/example_short_circuit_decorator.py
[2025-01-30T08:55:02.956+0000] {processor.py:840} INFO - DAG(s) 'example_short_circuit_decorator' retrieved from /home/airflow/.local/lib/python3.12/site-packages/airflow/example_dags/example_short_circuit_decorator.py
[2025-01-30T08:55:02.979+0000] {logging_mixin.py:188} INFO - [2025-01-30T08:55:02.978+0000] {dag.py:3096} INFO - Sync 1 DAGs
[2025-01-30T08:55:03.000+0000] {logging_mixin.py:188} INFO - [2025-01-30T08:55:03.999+0000] {dag.py:3954} INFO - Setting next_dagrun for example_short_circuit_decorator to 2025-01-29 00:00:00+00:00, run_after=2025-01-30 00:00:00+00:00
[2025-01-30T08:55:03.021+0000] {processor.py:183} INFO - Processing /home/airflow/.local/lib/python3.12/site-packages/airflow/example_dags/example_short_circuit_decorator.py took 0.081 seconds
[2025-01-30T08:55:33.124+0000] {processor.py:161} INFO - Started process (PID=1424) to work on /home/airflow/.local/lib/python3.12/site-packages/airflow/example_dags/example_short_circuit_decorator.py
[2025-01-30T08:55:33.125+0000] {processor.py:830} INFO - Processing file /home/airflow/.local/lib/python3.12/site-packages/airflow/example_dags/example_short_circuit_decorator.py for tasks to queue
[2025-01-30T08:55:33.127+0000] {logging_mixin.py:188} INFO - [2025-01-30T08:55:33.127+0000] {dagbag.py:545} INFO - Filling up the DagBag from /home/airflow/.local/lib/python3.12/site-packages/airflow/example_dags/example_short_circuit_decorator.py
[2025-01-30T08:55:33.137+0000] {processor.py:840} INFO - DAG(s) 'example_short_circuit_decorator' retrieved from /home/airflow/.local/lib/python3.12/site-packages/airflow/example_dags/example_short_circuit_decorator.py
[2025-01-30T08:55:33.160+0000] {logging_mixin.py:188} INFO - [2025-01-30T08:55:33.160+0000] {dag.py:3096} INFO - Sync 1 DAGs
[2025-01-30T08:55:33.184+0000] {logging_mixin.py:188} INFO - [2025-01-30T08:55:33.183+0000] {dag.py:3954} INFO - Setting next_dagrun for example_short_circuit_decorator to 2025-01-29 00:00:00+00:00, run_after=2025-01-30 00:00:00+00:00
[2025-01-30T08:55:33.207+0000] {processor.py:183} INFO - Processing /home/airflow/.local/lib/python3.12/site-packages/airflow/example_dags/example_short_circuit_decorator.py took 0.087 seconds
[2025-01-30T08:56:03.299+0000] {processor.py:161} INFO - Started process (PID=1482) to work on /home/airflow/.local/lib/python3.12/site-packages/airflow/example_dags/example_short_circuit_decorator.py
[2025-01-30T08:56:03.300+0000] {processor.py:830} INFO - Processing file /home/airflow/.local/lib/python3.12/site-packages/airflow/example_dags/example_short_circuit_decorator.py for tasks to queue
[2025-01-30T08:56:03.302+0000] {logging_mixin.py:188} INFO - [2025-01-30T08:56:03.302+0000] {dagbag.py:545} INFO - Filling up the DagBag from /home/airflow/.local/lib/python3.12/site-packages/airflow/example_dags/example_short_circuit_decorator.py
[2025-01-30T08:56:03.312+0000] {processor.py:840} INFO - DAG(s) 'example_short_circuit_decorator' retrieved from /home/airflow/.local/lib/python3.12/site-packages/airflow/example_dags/example_short_circuit_decorator.py
[2025-01-30T08:56:03.337+0000] {logging_mixin.py:188} INFO - [2025-01-30T08:56:03.336+0000] {dag.py:3096} INFO - Sync 1 DAGs
[2025-01-30T08:56:03.361+0000] {logging_mixin.py:188} INFO - [2025-01-30T08:56:03.360+0000] {dag.py:3954} INFO - Setting next_dagrun for example_short_circuit_decorator to 2025-01-29 00:00:00+00:00, run_after=2025-01-30 00:00:00+00:00
[2025-01-30T08:56:03.387+0000] {processor.py:183} INFO - Processing /home/airflow/.local/lib/python3.12/site-packages/airflow/example_dags/example_short_circuit_decorator.py took 0.093 seconds
[2025-01-30T08:56:33.480+0000] {processor.py:161} INFO - Started process (PID=1540) to work on /home/airflow/.local/lib/python3.12/site-packages/airflow/example_dags/example_short_circuit_decorator.py
[2025-01-30T08:56:33.481+0000] {processor.py:830} INFO - Processing file /home/airflow/.local/lib/python3.12/site-packages/airflow/example_dags/example_short_circuit_decorator.py for tasks to queue
[2025-01-30T08:56:33.484+0000] {logging_mixin.py:188} INFO - [2025-01-30T08:56:33.483+0000] {dagbag.py:545} INFO - Filling up the DagBag from /home/airflow/.local/lib/python3.12/site-packages/airflow/example_dags/example_short_circuit_decorator.py
[2025-01-30T08:56:33.493+0000] {processor.py:840} INFO - DAG(s) 'example_short_circuit_decorator' retrieved from /home/airflow/.local/lib/python3.12/site-packages/airflow/example_dags/example_short_circuit_decorator.py
[2025-01-30T08:56:33.516+0000] {logging_mixin.py:188} INFO - [2025-01-30T08:56:33.516+0000] {dag.py:3096} INFO - Sync 1 DAGs
[2025-01-30T08:56:33.538+0000] {logging_mixin.py:188} INFO - [2025-01-30T08:56:33.537+0000] {dag.py:3954} INFO - Setting next_dagrun for example_short_circuit_decorator to 2025-01-29 00:00:00+00:00, run_after=2025-01-30 00:00:00+00:00
[2025-01-30T08:56:33.560+0000] {processor.py:183} INFO - Processing /home/airflow/.local/lib/python3.12/site-packages/airflow/example_dags/example_short_circuit_decorator.py took 0.084 seconds
[2025-01-30T08:57:03.733+0000] {processor.py:161} INFO - Started process (PID=1598) to work on /home/airflow/.local/lib/python3.12/site-packages/airflow/example_dags/example_short_circuit_decorator.py
[2025-01-30T08:57:03.734+0000] {processor.py:830} INFO - Processing file /home/airflow/.local/lib/python3.12/site-packages/airflow/example_dags/example_short_circuit_decorator.py for tasks to queue
[2025-01-30T08:57:03.736+0000] {logging_mixin.py:188} INFO - [2025-01-30T08:57:03.736+0000] {dagbag.py:545} INFO - Filling up the DagBag from /home/airflow/.local/lib/python3.12/site-packages/airflow/example_dags/example_short_circuit_decorator.py
[2025-01-30T08:57:03.746+0000] {processor.py:840} INFO - DAG(s) 'example_short_circuit_decorator' retrieved from /home/airflow/.local/lib/python3.12/site-packages/airflow/example_dags/example_short_circuit_decorator.py
[2025-01-30T08:57:03.769+0000] {logging_mixin.py:188} INFO - [2025-01-30T08:57:03.769+0000] {dag.py:3096} INFO - Sync 1 DAGs
[2025-01-30T08:57:03.792+0000] {logging_mixin.py:188} INFO - [2025-01-30T08:57:03.791+0000] {dag.py:3954} INFO - Setting next_dagrun for example_short_circuit_decorator to 2025-01-29 00:00:00+00:00, run_after=2025-01-30 00:00:00+00:00
[2025-01-30T08:57:03.817+0000] {processor.py:183} INFO - Processing /home/airflow/.local/lib/python3.12/site-packages/airflow/example_dags/example_short_circuit_decorator.py took 0.089 seconds
[2025-01-30T08:57:33.890+0000] {processor.py:161} INFO - Started process (PID=1656) to work on /home/airflow/.local/lib/python3.12/site-packages/airflow/example_dags/example_short_circuit_decorator.py
[2025-01-30T08:57:33.891+0000] {processor.py:830} INFO - Processing file /home/airflow/.local/lib/python3.12/site-packages/airflow/example_dags/example_short_circuit_decorator.py for tasks to queue
[2025-01-30T08:57:33.893+0000] {logging_mixin.py:188} INFO - [2025-01-30T08:57:33.893+0000] {dagbag.py:545} INFO - Filling up the DagBag from /home/airflow/.local/lib/python3.12/site-packages/airflow/example_dags/example_short_circuit_decorator.py
[2025-01-30T08:57:33.904+0000] {processor.py:840} INFO - DAG(s) 'example_short_circuit_decorator' retrieved from /home/airflow/.local/lib/python3.12/site-packages/airflow/example_dags/example_short_circuit_decorator.py
[2025-01-30T08:57:33.930+0000] {logging_mixin.py:188} INFO - [2025-01-30T08:57:33.930+0000] {dag.py:3096} INFO - Sync 1 DAGs
[2025-01-30T08:57:33.958+0000] {logging_mixin.py:188} INFO - [2025-01-30T08:57:33.957+0000] {dag.py:3954} INFO - Setting next_dagrun for example_short_circuit_decorator to 2025-01-29 00:00:00+00:00, run_after=2025-01-30 00:00:00+00:00
[2025-01-30T08:57:33.885+0000] {processor.py:183} INFO - Processing /home/airflow/.local/lib/python3.12/site-packages/airflow/example_dags/example_short_circuit_decorator.py took 0.103 seconds
[2025-01-30T08:58:04.165+0000] {processor.py:161} INFO - Started process (PID=1714) to work on /home/airflow/.local/lib/python3.12/site-packages/airflow/example_dags/example_short_circuit_decorator.py
[2025-01-30T08:58:04.166+0000] {processor.py:830} INFO - Processing file /home/airflow/.local/lib/python3.12/site-packages/airflow/example_dags/example_short_circuit_decorator.py for tasks to queue
[2025-01-30T08:58:04.168+0000] {logging_mixin.py:188} INFO - [2025-01-30T08:58:04.168+0000] {dagbag.py:545} INFO - Filling up the DagBag from /home/airflow/.local/lib/python3.12/site-packages/airflow/example_dags/example_short_circuit_decorator.py
[2025-01-30T08:58:04.176+0000] {processor.py:840} INFO - DAG(s) 'example_short_circuit_decorator' retrieved from /home/airflow/.local/lib/python3.12/site-packages/airflow/example_dags/example_short_circuit_decorator.py
[2025-01-30T08:58:04.199+0000] {logging_mixin.py:188} INFO - [2025-01-30T08:58:04.199+0000] {dag.py:3096} INFO - Sync 1 DAGs
[2025-01-30T08:58:04.222+0000] {logging_mixin.py:188} INFO - [2025-01-30T08:58:04.222+0000] {dag.py:3954} INFO - Setting next_dagrun for example_short_circuit_decorator to 2025-01-29 00:00:00+00:00, run_after=2025-01-30 00:00:00+00:00
[2025-01-30T08:58:04.245+0000] {processor.py:183} INFO - Processing /home/airflow/.local/lib/python3.12/site-packages/airflow/example_dags/example_short_circuit_decorator.py took 0.084 seconds
[2025-01-30T08:58:34.426+0000] {processor.py:161} INFO - Started process (PID=1772) to work on /home/airflow/.local/lib/python3.12/site-packages/airflow/example_dags/example_short_circuit_decorator.py
[2025-01-30T08:58:34.427+0000] {processor.py:830} INFO - Processing file /home/airflow/.local/lib/python3.12/site-packages/airflow/example_dags/example_short_circuit_decorator.py for tasks to queue
[2025-01-30T08:58:34.429+0000] {logging_mixin.py:188} INFO - [2025-01-30T08:58:34.429+0000] {dagbag.py:545} INFO - Filling up the DagBag from /home/airflow/.local/lib/python3.12/site-packages/airflow/example_dags/example_short_circuit_decorator.py
[2025-01-30T08:58:34.439+0000] {processor.py:840} INFO - DAG(s) 'example_short_circuit_decorator' retrieved from /home/airflow/.local/lib/python3.12/site-packages/airflow/example_dags/example_short_circuit_decorator.py
[2025-01-30T08:58:34.464+0000] {logging_mixin.py:188} INFO - [2025-01-30T08:58:34.464+0000] {dag.py:3096} INFO - Sync 1 DAGs
[2025-01-30T08:58:34.489+0000] {logging_mixin.py:188} INFO - [2025-01-30T08:58:34.489+0000] {dag.py:3954} INFO - Setting next_dagrun for example_short_circuit_decorator to 2025-01-29 00:00:00+00:00, run_after=2025-01-30 00:00:00+00:00
[2025-01-30T08:58:34.512+0000] {processor.py:183} INFO - Processing /home/airflow/.local/lib/python3.12/site-packages/airflow/example_dags/example_short_circuit_decorator.py took 0.090 seconds
[2025-01-30T09:01:49.861+0000] {processor.py:161} INFO - Started process (PID=92) to work on /home/airflow/.local/lib/python3.12/site-packages/airflow/example_dags/example_short_circuit_decorator.py
[2025-01-30T09:01:49.862+0000] {processor.py:830} INFO - Processing file /home/airflow/.local/lib/python3.12/site-packages/airflow/example_dags/example_short_circuit_decorator.py for tasks to queue
[2025-01-30T09:01:49.865+0000] {logging_mixin.py:188} INFO - [2025-01-30T09:01:49.864+0000] {dagbag.py:545} INFO - Filling up the DagBag from /home/airflow/.local/lib/python3.12/site-packages/airflow/example_dags/example_short_circuit_decorator.py
[2025-01-30T09:01:49.881+0000] {processor.py:840} INFO - DAG(s) 'example_short_circuit_decorator' retrieved from /home/airflow/.local/lib/python3.12/site-packages/airflow/example_dags/example_short_circuit_decorator.py
[2025-01-30T09:01:50.043+0000] {logging_mixin.py:188} INFO - [2025-01-30T09:01:50.043+0000] {dag.py:3096} INFO - Sync 1 DAGs
[2025-01-30T09:01:50.118+0000] {logging_mixin.py:188} INFO - [2025-01-30T09:01:50.106+0000] {dag.py:3954} INFO - Setting next_dagrun for example_short_circuit_decorator to 2025-01-29 00:00:00+00:00, run_after=2025-01-30 00:00:00+00:00
[2025-01-30T09:01:50.176+0000] {processor.py:183} INFO - Processing /home/airflow/.local/lib/python3.12/site-packages/airflow/example_dags/example_short_circuit_decorator.py took 0.321 seconds
[2025-01-30T09:02:20.243+0000] {processor.py:161} INFO - Started process (PID=150) to work on /home/airflow/.local/lib/python3.12/site-packages/airflow/example_dags/example_short_circuit_decorator.py
[2025-01-30T09:02:20.244+0000] {processor.py:830} INFO - Processing file /home/airflow/.local/lib/python3.12/site-packages/airflow/example_dags/example_short_circuit_decorator.py for tasks to queue
[2025-01-30T09:02:20.247+0000] {logging_mixin.py:188} INFO - [2025-01-30T09:02:20.246+0000] {dagbag.py:545} INFO - Filling up the DagBag from /home/airflow/.local/lib/python3.12/site-packages/airflow/example_dags/example_short_circuit_decorator.py
[2025-01-30T09:02:20.258+0000] {processor.py:840} INFO - DAG(s) 'example_short_circuit_decorator' retrieved from /home/airflow/.local/lib/python3.12/site-packages/airflow/example_dags/example_short_circuit_decorator.py
[2025-01-30T09:02:20.289+0000] {logging_mixin.py:188} INFO - [2025-01-30T09:02:20.288+0000] {dag.py:3096} INFO - Sync 1 DAGs
[2025-01-30T09:02:20.315+0000] {logging_mixin.py:188} INFO - [2025-01-30T09:02:20.315+0000] {dag.py:3954} INFO - Setting next_dagrun for example_short_circuit_decorator to 2025-01-29 00:00:00+00:00, run_after=2025-01-30 00:00:00+00:00
[2025-01-30T09:02:20.343+0000] {processor.py:183} INFO - Processing /home/airflow/.local/lib/python3.12/site-packages/airflow/example_dags/example_short_circuit_decorator.py took 0.108 seconds
[2025-01-30T09:02:50.584+0000] {processor.py:161} INFO - Started process (PID=208) to work on /home/airflow/.local/lib/python3.12/site-packages/airflow/example_dags/example_short_circuit_decorator.py
[2025-01-30T09:02:50.586+0000] {processor.py:830} INFO - Processing file /home/airflow/.local/lib/python3.12/site-packages/airflow/example_dags/example_short_circuit_decorator.py for tasks to queue
[2025-01-30T09:02:50.587+0000] {logging_mixin.py:188} INFO - [2025-01-30T09:02:50.587+0000] {dagbag.py:545} INFO - Filling up the DagBag from /home/airflow/.local/lib/python3.12/site-packages/airflow/example_dags/example_short_circuit_decorator.py
[2025-01-30T09:02:50.597+0000] {processor.py:840} INFO - DAG(s) 'example_short_circuit_decorator' retrieved from /home/airflow/.local/lib/python3.12/site-packages/airflow/example_dags/example_short_circuit_decorator.py
[2025-01-30T09:02:50.619+0000] {logging_mixin.py:188} INFO - [2025-01-30T09:02:50.619+0000] {dag.py:3096} INFO - Sync 1 DAGs
[2025-01-30T09:02:50.644+0000] {logging_mixin.py:188} INFO - [2025-01-30T09:02:50.644+0000] {dag.py:3954} INFO - Setting next_dagrun for example_short_circuit_decorator to 2025-01-29 00:00:00+00:00, run_after=2025-01-30 00:00:00+00:00
[2025-01-30T09:02:50.668+0000] {processor.py:183} INFO - Processing /home/airflow/.local/lib/python3.12/site-packages/airflow/example_dags/example_short_circuit_decorator.py took 0.088 seconds
[2025-01-30T09:03:20.827+0000] {processor.py:161} INFO - Started process (PID=266) to work on /home/airflow/.local/lib/python3.12/site-packages/airflow/example_dags/example_short_circuit_decorator.py
[2025-01-30T09:03:20.828+0000] {processor.py:830} INFO - Processing file /home/airflow/.local/lib/python3.12/site-packages/airflow/example_dags/example_short_circuit_decorator.py for tasks to queue
[2025-01-30T09:03:20.829+0000] {logging_mixin.py:188} INFO - [2025-01-30T09:03:20.829+0000] {dagbag.py:545} INFO - Filling up the DagBag from /home/airflow/.local/lib/python3.12/site-packages/airflow/example_dags/example_short_circuit_decorator.py
[2025-01-30T09:03:20.837+0000] {processor.py:840} INFO - DAG(s) 'example_short_circuit_decorator' retrieved from /home/airflow/.local/lib/python3.12/site-packages/airflow/example_dags/example_short_circuit_decorator.py
[2025-01-30T09:03:20.861+0000] {logging_mixin.py:188} INFO - [2025-01-30T09:03:20.860+0000] {dag.py:3096} INFO - Sync 1 DAGs
[2025-01-30T09:03:20.887+0000] {logging_mixin.py:188} INFO - [2025-01-30T09:03:20.886+0000] {dag.py:3954} INFO - Setting next_dagrun for example_short_circuit_decorator to 2025-01-29 00:00:00+00:00, run_after=2025-01-30 00:00:00+00:00
[2025-01-30T09:03:20.911+0000] {processor.py:183} INFO - Processing /home/airflow/.local/lib/python3.12/site-packages/airflow/example_dags/example_short_circuit_decorator.py took 0.090 seconds
[2025-01-30T09:05:20.638+0000] {processor.py:161} INFO - Started process (PID=90) to work on /home/airflow/.local/lib/python3.12/site-packages/airflow/example_dags/example_short_circuit_decorator.py
[2025-01-30T09:05:20.639+0000] {processor.py:830} INFO - Processing file /home/airflow/.local/lib/python3.12/site-packages/airflow/example_dags/example_short_circuit_decorator.py for tasks to queue
[2025-01-30T09:05:20.641+0000] {logging_mixin.py:188} INFO - [2025-01-30T09:05:20.641+0000] {dagbag.py:545} INFO - Filling up the DagBag from /home/airflow/.local/lib/python3.12/site-packages/airflow/example_dags/example_short_circuit_decorator.py
[2025-01-30T09:05:20.652+0000] {processor.py:840} INFO - DAG(s) 'example_short_circuit_decorator' retrieved from /home/airflow/.local/lib/python3.12/site-packages/airflow/example_dags/example_short_circuit_decorator.py
[2025-01-30T09:05:20.767+0000] {logging_mixin.py:188} INFO - [2025-01-30T09:05:20.767+0000] {dag.py:3096} INFO - Sync 1 DAGs
[2025-01-30T09:05:20.787+0000] {logging_mixin.py:188} INFO - [2025-01-30T09:05:20.787+0000] {dag.py:3954} INFO - Setting next_dagrun for example_short_circuit_decorator to 2025-01-29 00:00:00+00:00, run_after=2025-01-30 00:00:00+00:00
[2025-01-30T09:05:20.811+0000] {processor.py:183} INFO - Processing /home/airflow/.local/lib/python3.12/site-packages/airflow/example_dags/example_short_circuit_decorator.py took 0.178 seconds
[2025-01-30T09:05:51.074+0000] {processor.py:161} INFO - Started process (PID=148) to work on /home/airflow/.local/lib/python3.12/site-packages/airflow/example_dags/example_short_circuit_decorator.py
[2025-01-30T09:05:51.076+0000] {processor.py:830} INFO - Processing file /home/airflow/.local/lib/python3.12/site-packages/airflow/example_dags/example_short_circuit_decorator.py for tasks to queue
[2025-01-30T09:05:51.078+0000] {logging_mixin.py:188} INFO - [2025-01-30T09:05:51.077+0000] {dagbag.py:545} INFO - Filling up the DagBag from /home/airflow/.local/lib/python3.12/site-packages/airflow/example_dags/example_short_circuit_decorator.py
[2025-01-30T09:05:51.086+0000] {processor.py:840} INFO - DAG(s) 'example_short_circuit_decorator' retrieved from /home/airflow/.local/lib/python3.12/site-packages/airflow/example_dags/example_short_circuit_decorator.py
[2025-01-30T09:05:51.109+0000] {logging_mixin.py:188} INFO - [2025-01-30T09:05:51.108+0000] {dag.py:3096} INFO - Sync 1 DAGs
[2025-01-30T09:05:51.132+0000] {logging_mixin.py:188} INFO - [2025-01-30T09:05:51.132+0000] {dag.py:3954} INFO - Setting next_dagrun for example_short_circuit_decorator to 2025-01-29 00:00:00+00:00, run_after=2025-01-30 00:00:00+00:00
[2025-01-30T09:05:51.156+0000] {processor.py:183} INFO - Processing /home/airflow/.local/lib/python3.12/site-packages/airflow/example_dags/example_short_circuit_decorator.py took 0.087 seconds
[2025-01-30T09:10:51.104+0000] {processor.py:161} INFO - Started process (PID=93) to work on /home/airflow/.local/lib/python3.12/site-packages/airflow/example_dags/example_short_circuit_decorator.py
[2025-01-30T09:10:51.105+0000] {processor.py:830} INFO - Processing file /home/airflow/.local/lib/python3.12/site-packages/airflow/example_dags/example_short_circuit_decorator.py for tasks to queue
[2025-01-30T09:10:51.106+0000] {logging_mixin.py:188} INFO - [2025-01-30T09:10:51.106+0000] {dagbag.py:545} INFO - Filling up the DagBag from /home/airflow/.local/lib/python3.12/site-packages/airflow/example_dags/example_short_circuit_decorator.py
[2025-01-30T09:10:51.117+0000] {processor.py:840} INFO - DAG(s) 'example_short_circuit_decorator' retrieved from /home/airflow/.local/lib/python3.12/site-packages/airflow/example_dags/example_short_circuit_decorator.py
[2025-01-30T09:10:51.237+0000] {logging_mixin.py:188} INFO - [2025-01-30T09:10:51.236+0000] {dag.py:3096} INFO - Sync 1 DAGs
[2025-01-30T09:10:51.259+0000] {logging_mixin.py:188} INFO - [2025-01-30T09:10:51.259+0000] {dag.py:3954} INFO - Setting next_dagrun for example_short_circuit_decorator to 2025-01-29 00:00:00+00:00, run_after=2025-01-30 00:00:00+00:00
[2025-01-30T09:10:51.292+0000] {processor.py:183} INFO - Processing /home/airflow/.local/lib/python3.12/site-packages/airflow/example_dags/example_short_circuit_decorator.py took 0.194 seconds
[2025-01-30T09:11:21.410+0000] {processor.py:161} INFO - Started process (PID=152) to work on /home/airflow/.local/lib/python3.12/site-packages/airflow/example_dags/example_short_circuit_decorator.py
[2025-01-30T09:11:21.412+0000] {processor.py:830} INFO - Processing file /home/airflow/.local/lib/python3.12/site-packages/airflow/example_dags/example_short_circuit_decorator.py for tasks to queue
[2025-01-30T09:11:21.413+0000] {logging_mixin.py:188} INFO - [2025-01-30T09:11:21.413+0000] {dagbag.py:545} INFO - Filling up the DagBag from /home/airflow/.local/lib/python3.12/site-packages/airflow/example_dags/example_short_circuit_decorator.py
[2025-01-30T09:11:21.421+0000] {processor.py:840} INFO - DAG(s) 'example_short_circuit_decorator' retrieved from /home/airflow/.local/lib/python3.12/site-packages/airflow/example_dags/example_short_circuit_decorator.py
[2025-01-30T09:11:21.445+0000] {logging_mixin.py:188} INFO - [2025-01-30T09:11:21.444+0000] {dag.py:3096} INFO - Sync 1 DAGs
[2025-01-30T09:11:21.469+0000] {logging_mixin.py:188} INFO - [2025-01-30T09:11:21.469+0000] {dag.py:3954} INFO - Setting next_dagrun for example_short_circuit_decorator to 2025-01-29 00:00:00+00:00, run_after=2025-01-30 00:00:00+00:00
[2025-01-30T09:11:21.491+0000] {processor.py:183} INFO - Processing /home/airflow/.local/lib/python3.12/site-packages/airflow/example_dags/example_short_circuit_decorator.py took 0.086 seconds
[2025-01-30T09:11:51.849+0000] {processor.py:161} INFO - Started process (PID=210) to work on /home/airflow/.local/lib/python3.12/site-packages/airflow/example_dags/example_short_circuit_decorator.py
[2025-01-30T09:11:51.850+0000] {processor.py:830} INFO - Processing file /home/airflow/.local/lib/python3.12/site-packages/airflow/example_dags/example_short_circuit_decorator.py for tasks to queue
[2025-01-30T09:11:51.852+0000] {logging_mixin.py:188} INFO - [2025-01-30T09:11:51.852+0000] {dagbag.py:545} INFO - Filling up the DagBag from /home/airflow/.local/lib/python3.12/site-packages/airflow/example_dags/example_short_circuit_decorator.py
[2025-01-30T09:11:51.860+0000] {processor.py:840} INFO - DAG(s) 'example_short_circuit_decorator' retrieved from /home/airflow/.local/lib/python3.12/site-packages/airflow/example_dags/example_short_circuit_decorator.py
[2025-01-30T09:11:51.885+0000] {logging_mixin.py:188} INFO - [2025-01-30T09:11:51.884+0000] {dag.py:3096} INFO - Sync 1 DAGs
[2025-01-30T09:11:51.911+0000] {logging_mixin.py:188} INFO - [2025-01-30T09:11:51.911+0000] {dag.py:3954} INFO - Setting next_dagrun for example_short_circuit_decorator to 2025-01-29 00:00:00+00:00, run_after=2025-01-30 00:00:00+00:00
[2025-01-30T09:11:51.938+0000] {processor.py:183} INFO - Processing /home/airflow/.local/lib/python3.12/site-packages/airflow/example_dags/example_short_circuit_decorator.py took 0.094 seconds
[2025-01-30T09:12:22.340+0000] {processor.py:161} INFO - Started process (PID=268) to work on /home/airflow/.local/lib/python3.12/site-packages/airflow/example_dags/example_short_circuit_decorator.py
[2025-01-30T09:12:22.342+0000] {processor.py:830} INFO - Processing file /home/airflow/.local/lib/python3.12/site-packages/airflow/example_dags/example_short_circuit_decorator.py for tasks to queue
[2025-01-30T09:12:22.344+0000] {logging_mixin.py:188} INFO - [2025-01-30T09:12:22.344+0000] {dagbag.py:545} INFO - Filling up the DagBag from /home/airflow/.local/lib/python3.12/site-packages/airflow/example_dags/example_short_circuit_decorator.py
[2025-01-30T09:12:22.353+0000] {processor.py:840} INFO - DAG(s) 'example_short_circuit_decorator' retrieved from /home/airflow/.local/lib/python3.12/site-packages/airflow/example_dags/example_short_circuit_decorator.py
[2025-01-30T09:12:22.388+0000] {logging_mixin.py:188} INFO - [2025-01-30T09:12:22.387+0000] {dag.py:3096} INFO - Sync 1 DAGs
[2025-01-30T09:12:22.419+0000] {logging_mixin.py:188} INFO - [2025-01-30T09:12:22.419+0000] {dag.py:3954} INFO - Setting next_dagrun for example_short_circuit_decorator to 2025-01-29 00:00:00+00:00, run_after=2025-01-30 00:00:00+00:00
[2025-01-30T09:12:22.445+0000] {processor.py:183} INFO - Processing /home/airflow/.local/lib/python3.12/site-packages/airflow/example_dags/example_short_circuit_decorator.py took 0.111 seconds
[2025-01-30T09:12:52.813+0000] {processor.py:161} INFO - Started process (PID=326) to work on /home/airflow/.local/lib/python3.12/site-packages/airflow/example_dags/example_short_circuit_decorator.py
[2025-01-30T09:12:52.814+0000] {processor.py:830} INFO - Processing file /home/airflow/.local/lib/python3.12/site-packages/airflow/example_dags/example_short_circuit_decorator.py for tasks to queue
[2025-01-30T09:12:52.815+0000] {logging_mixin.py:188} INFO - [2025-01-30T09:12:52.815+0000] {dagbag.py:545} INFO - Filling up the DagBag from /home/airflow/.local/lib/python3.12/site-packages/airflow/example_dags/example_short_circuit_decorator.py
[2025-01-30T09:12:52.823+0000] {processor.py:840} INFO - DAG(s) 'example_short_circuit_decorator' retrieved from /home/airflow/.local/lib/python3.12/site-packages/airflow/example_dags/example_short_circuit_decorator.py
[2025-01-30T09:12:52.847+0000] {logging_mixin.py:188} INFO - [2025-01-30T09:12:52.847+0000] {dag.py:3096} INFO - Sync 1 DAGs
[2025-01-30T09:12:52.870+0000] {logging_mixin.py:188} INFO - [2025-01-30T09:12:52.870+0000] {dag.py:3954} INFO - Setting next_dagrun for example_short_circuit_decorator to 2025-01-29 00:00:00+00:00, run_after=2025-01-30 00:00:00+00:00
[2025-01-30T09:12:52.889+0000] {processor.py:183} INFO - Processing /home/airflow/.local/lib/python3.12/site-packages/airflow/example_dags/example_short_circuit_decorator.py took 0.082 seconds
[2025-01-30T09:13:23.041+0000] {processor.py:161} INFO - Started process (PID=384) to work on /home/airflow/.local/lib/python3.12/site-packages/airflow/example_dags/example_short_circuit_decorator.py
[2025-01-30T09:13:23.042+0000] {processor.py:830} INFO - Processing file /home/airflow/.local/lib/python3.12/site-packages/airflow/example_dags/example_short_circuit_decorator.py for tasks to queue
[2025-01-30T09:13:23.044+0000] {logging_mixin.py:188} INFO - [2025-01-30T09:13:23.044+0000] {dagbag.py:545} INFO - Filling up the DagBag from /home/airflow/.local/lib/python3.12/site-packages/airflow/example_dags/example_short_circuit_decorator.py
[2025-01-30T09:13:23.053+0000] {processor.py:840} INFO - DAG(s) 'example_short_circuit_decorator' retrieved from /home/airflow/.local/lib/python3.12/site-packages/airflow/example_dags/example_short_circuit_decorator.py
[2025-01-30T09:13:23.076+0000] {logging_mixin.py:188} INFO - [2025-01-30T09:13:23.076+0000] {dag.py:3096} INFO - Sync 1 DAGs
[2025-01-30T09:13:23.100+0000] {logging_mixin.py:188} INFO - [2025-01-30T09:13:23.099+0000] {dag.py:3954} INFO - Setting next_dagrun for example_short_circuit_decorator to 2025-01-29 00:00:00+00:00, run_after=2025-01-30 00:00:00+00:00
[2025-01-30T09:13:23.123+0000] {processor.py:183} INFO - Processing /home/airflow/.local/lib/python3.12/site-packages/airflow/example_dags/example_short_circuit_decorator.py took 0.087 seconds
[2025-01-30T09:13:53.306+0000] {processor.py:161} INFO - Started process (PID=442) to work on /home/airflow/.local/lib/python3.12/site-packages/airflow/example_dags/example_short_circuit_decorator.py
[2025-01-30T09:13:53.307+0000] {processor.py:830} INFO - Processing file /home/airflow/.local/lib/python3.12/site-packages/airflow/example_dags/example_short_circuit_decorator.py for tasks to queue
[2025-01-30T09:13:53.309+0000] {logging_mixin.py:188} INFO - [2025-01-30T09:13:53.309+0000] {dagbag.py:545} INFO - Filling up the DagBag from /home/airflow/.local/lib/python3.12/site-packages/airflow/example_dags/example_short_circuit_decorator.py
[2025-01-30T09:13:53.317+0000] {processor.py:840} INFO - DAG(s) 'example_short_circuit_decorator' retrieved from /home/airflow/.local/lib/python3.12/site-packages/airflow/example_dags/example_short_circuit_decorator.py
[2025-01-30T09:13:53.341+0000] {logging_mixin.py:188} INFO - [2025-01-30T09:13:53.341+0000] {dag.py:3096} INFO - Sync 1 DAGs
[2025-01-30T09:13:53.366+0000] {logging_mixin.py:188} INFO - [2025-01-30T09:13:53.366+0000] {dag.py:3954} INFO - Setting next_dagrun for example_short_circuit_decorator to 2025-01-29 00:00:00+00:00, run_after=2025-01-30 00:00:00+00:00
[2025-01-30T09:13:53.389+0000] {processor.py:183} INFO - Processing /home/airflow/.local/lib/python3.12/site-packages/airflow/example_dags/example_short_circuit_decorator.py took 0.088 seconds
[2025-01-30T09:14:23.488+0000] {processor.py:161} INFO - Started process (PID=500) to work on /home/airflow/.local/lib/python3.12/site-packages/airflow/example_dags/example_short_circuit_decorator.py
[2025-01-30T09:14:23.489+0000] {processor.py:830} INFO - Processing file /home/airflow/.local/lib/python3.12/site-packages/airflow/example_dags/example_short_circuit_decorator.py for tasks to queue
[2025-01-30T09:14:23.491+0000] {logging_mixin.py:188} INFO - [2025-01-30T09:14:23.490+0000] {dagbag.py:545} INFO - Filling up the DagBag from /home/airflow/.local/lib/python3.12/site-packages/airflow/example_dags/example_short_circuit_decorator.py
[2025-01-30T09:14:23.499+0000] {processor.py:840} INFO - DAG(s) 'example_short_circuit_decorator' retrieved from /home/airflow/.local/lib/python3.12/site-packages/airflow/example_dags/example_short_circuit_decorator.py
[2025-01-30T09:14:23.528+0000] {logging_mixin.py:188} INFO - [2025-01-30T09:14:23.527+0000] {dag.py:3096} INFO - Sync 1 DAGs
[2025-01-30T09:14:23.555+0000] {logging_mixin.py:188} INFO - [2025-01-30T09:14:23.554+0000] {dag.py:3954} INFO - Setting next_dagrun for example_short_circuit_decorator to 2025-01-29 00:00:00+00:00, run_after=2025-01-30 00:00:00+00:00
[2025-01-30T09:14:23.581+0000] {processor.py:183} INFO - Processing /home/airflow/.local/lib/python3.12/site-packages/airflow/example_dags/example_short_circuit_decorator.py took 0.097 seconds
[2025-01-30T09:14:54.349+0000] {processor.py:161} INFO - Started process (PID=558) to work on /home/airflow/.local/lib/python3.12/site-packages/airflow/example_dags/example_short_circuit_decorator.py
[2025-01-30T09:14:54.350+0000] {processor.py:830} INFO - Processing file /home/airflow/.local/lib/python3.12/site-packages/airflow/example_dags/example_short_circuit_decorator.py for tasks to queue
[2025-01-30T09:14:54.352+0000] {logging_mixin.py:188} INFO - [2025-01-30T09:14:54.352+0000] {dagbag.py:545} INFO - Filling up the DagBag from /home/airflow/.local/lib/python3.12/site-packages/airflow/example_dags/example_short_circuit_decorator.py
[2025-01-30T09:14:54.362+0000] {processor.py:840} INFO - DAG(s) 'example_short_circuit_decorator' retrieved from /home/airflow/.local/lib/python3.12/site-packages/airflow/example_dags/example_short_circuit_decorator.py
[2025-01-30T09:14:54.390+0000] {logging_mixin.py:188} INFO - [2025-01-30T09:14:54.390+0000] {dag.py:3096} INFO - Sync 1 DAGs
[2025-01-30T09:14:54.416+0000] {logging_mixin.py:188} INFO - [2025-01-30T09:14:54.416+0000] {dag.py:3954} INFO - Setting next_dagrun for example_short_circuit_decorator to 2025-01-29 00:00:00+00:00, run_after=2025-01-30 00:00:00+00:00
[2025-01-30T09:14:54.447+0000] {processor.py:183} INFO - Processing /home/airflow/.local/lib/python3.12/site-packages/airflow/example_dags/example_short_circuit_decorator.py took 0.103 seconds
[2025-01-30T09:15:24.478+0000] {processor.py:161} INFO - Started process (PID=615) to work on /home/airflow/.local/lib/python3.12/site-packages/airflow/example_dags/example_short_circuit_decorator.py
[2025-01-30T09:15:24.479+0000] {processor.py:830} INFO - Processing file /home/airflow/.local/lib/python3.12/site-packages/airflow/example_dags/example_short_circuit_decorator.py for tasks to queue
[2025-01-30T09:15:24.481+0000] {logging_mixin.py:188} INFO - [2025-01-30T09:15:24.481+0000] {dagbag.py:545} INFO - Filling up the DagBag from /home/airflow/.local/lib/python3.12/site-packages/airflow/example_dags/example_short_circuit_decorator.py
[2025-01-30T09:15:24.491+0000] {processor.py:840} INFO - DAG(s) 'example_short_circuit_decorator' retrieved from /home/airflow/.local/lib/python3.12/site-packages/airflow/example_dags/example_short_circuit_decorator.py
[2025-01-30T09:15:24.522+0000] {logging_mixin.py:188} INFO - [2025-01-30T09:15:24.522+0000] {dag.py:3096} INFO - Sync 1 DAGs
[2025-01-30T09:15:24.546+0000] {logging_mixin.py:188} INFO - [2025-01-30T09:15:24.546+0000] {dag.py:3954} INFO - Setting next_dagrun for example_short_circuit_decorator to 2025-01-29 00:00:00+00:00, run_after=2025-01-30 00:00:00+00:00
[2025-01-30T09:15:24.573+0000] {processor.py:183} INFO - Processing /home/airflow/.local/lib/python3.12/site-packages/airflow/example_dags/example_short_circuit_decorator.py took 0.099 seconds
[2025-01-30T09:15:55.283+0000] {processor.py:161} INFO - Started process (PID=673) to work on /home/airflow/.local/lib/python3.12/site-packages/airflow/example_dags/example_short_circuit_decorator.py
[2025-01-30T09:15:55.285+0000] {processor.py:830} INFO - Processing file /home/airflow/.local/lib/python3.12/site-packages/airflow/example_dags/example_short_circuit_decorator.py for tasks to queue
[2025-01-30T09:15:55.287+0000] {logging_mixin.py:188} INFO - [2025-01-30T09:15:55.286+0000] {dagbag.py:545} INFO - Filling up the DagBag from /home/airflow/.local/lib/python3.12/site-packages/airflow/example_dags/example_short_circuit_decorator.py
[2025-01-30T09:15:55.295+0000] {processor.py:840} INFO - DAG(s) 'example_short_circuit_decorator' retrieved from /home/airflow/.local/lib/python3.12/site-packages/airflow/example_dags/example_short_circuit_decorator.py
[2025-01-30T09:15:55.320+0000] {logging_mixin.py:188} INFO - [2025-01-30T09:15:55.319+0000] {dag.py:3096} INFO - Sync 1 DAGs
[2025-01-30T09:15:55.348+0000] {logging_mixin.py:188} INFO - [2025-01-30T09:15:55.347+0000] {dag.py:3954} INFO - Setting next_dagrun for example_short_circuit_decorator to 2025-01-29 00:00:00+00:00, run_after=2025-01-30 00:00:00+00:00
[2025-01-30T09:15:55.373+0000] {processor.py:183} INFO - Processing /home/airflow/.local/lib/python3.12/site-packages/airflow/example_dags/example_short_circuit_decorator.py took 0.095 seconds
[2025-01-30T09:16:25.890+0000] {processor.py:161} INFO - Started process (PID=731) to work on /home/airflow/.local/lib/python3.12/site-packages/airflow/example_dags/example_short_circuit_decorator.py
[2025-01-30T09:16:25.891+0000] {processor.py:830} INFO - Processing file /home/airflow/.local/lib/python3.12/site-packages/airflow/example_dags/example_short_circuit_decorator.py for tasks to queue
[2025-01-30T09:16:25.894+0000] {logging_mixin.py:188} INFO - [2025-01-30T09:16:25.893+0000] {dagbag.py:545} INFO - Filling up the DagBag from /home/airflow/.local/lib/python3.12/site-packages/airflow/example_dags/example_short_circuit_decorator.py
[2025-01-30T09:16:25.904+0000] {processor.py:840} INFO - DAG(s) 'example_short_circuit_decorator' retrieved from /home/airflow/.local/lib/python3.12/site-packages/airflow/example_dags/example_short_circuit_decorator.py
[2025-01-30T09:16:25.936+0000] {logging_mixin.py:188} INFO - [2025-01-30T09:16:25.936+0000] {dag.py:3096} INFO - Sync 1 DAGs
[2025-01-30T09:16:25.964+0000] {logging_mixin.py:188} INFO - [2025-01-30T09:16:25.964+0000] {dag.py:3954} INFO - Setting next_dagrun for example_short_circuit_decorator to 2025-01-29 00:00:00+00:00, run_after=2025-01-30 00:00:00+00:00
[2025-01-30T09:16:25.996+0000] {processor.py:183} INFO - Processing /home/airflow/.local/lib/python3.12/site-packages/airflow/example_dags/example_short_circuit_decorator.py took 0.112 seconds
[2025-01-30T09:16:56.193+0000] {processor.py:161} INFO - Started process (PID=789) to work on /home/airflow/.local/lib/python3.12/site-packages/airflow/example_dags/example_short_circuit_decorator.py
[2025-01-30T09:16:56.194+0000] {processor.py:830} INFO - Processing file /home/airflow/.local/lib/python3.12/site-packages/airflow/example_dags/example_short_circuit_decorator.py for tasks to queue
[2025-01-30T09:16:56.196+0000] {logging_mixin.py:188} INFO - [2025-01-30T09:16:56.196+0000] {dagbag.py:545} INFO - Filling up the DagBag from /home/airflow/.local/lib/python3.12/site-packages/airflow/example_dags/example_short_circuit_decorator.py
[2025-01-30T09:16:56.206+0000] {processor.py:840} INFO - DAG(s) 'example_short_circuit_decorator' retrieved from /home/airflow/.local/lib/python3.12/site-packages/airflow/example_dags/example_short_circuit_decorator.py
[2025-01-30T09:16:56.233+0000] {logging_mixin.py:188} INFO - [2025-01-30T09:16:56.232+0000] {dag.py:3096} INFO - Sync 1 DAGs
[2025-01-30T09:16:56.258+0000] {logging_mixin.py:188} INFO - [2025-01-30T09:16:56.258+0000] {dag.py:3954} INFO - Setting next_dagrun for example_short_circuit_decorator to 2025-01-29 00:00:00+00:00, run_after=2025-01-30 00:00:00+00:00
[2025-01-30T09:16:56.285+0000] {processor.py:183} INFO - Processing /home/airflow/.local/lib/python3.12/site-packages/airflow/example_dags/example_short_circuit_decorator.py took 0.097 seconds
[2025-01-30T09:17:26.651+0000] {processor.py:161} INFO - Started process (PID=847) to work on /home/airflow/.local/lib/python3.12/site-packages/airflow/example_dags/example_short_circuit_decorator.py
[2025-01-30T09:17:26.654+0000] {processor.py:830} INFO - Processing file /home/airflow/.local/lib/python3.12/site-packages/airflow/example_dags/example_short_circuit_decorator.py for tasks to queue
[2025-01-30T09:17:26.659+0000] {logging_mixin.py:188} INFO - [2025-01-30T09:17:26.659+0000] {dagbag.py:545} INFO - Filling up the DagBag from /home/airflow/.local/lib/python3.12/site-packages/airflow/example_dags/example_short_circuit_decorator.py
[2025-01-30T09:17:26.674+0000] {processor.py:840} INFO - DAG(s) 'example_short_circuit_decorator' retrieved from /home/airflow/.local/lib/python3.12/site-packages/airflow/example_dags/example_short_circuit_decorator.py
[2025-01-30T09:17:26.707+0000] {logging_mixin.py:188} INFO - [2025-01-30T09:17:26.707+0000] {dag.py:3096} INFO - Sync 1 DAGs
[2025-01-30T09:17:26.738+0000] {logging_mixin.py:188} INFO - [2025-01-30T09:17:26.737+0000] {dag.py:3954} INFO - Setting next_dagrun for example_short_circuit_decorator to 2025-01-29 00:00:00+00:00, run_after=2025-01-30 00:00:00+00:00
[2025-01-30T09:17:26.774+0000] {processor.py:183} INFO - Processing /home/airflow/.local/lib/python3.12/site-packages/airflow/example_dags/example_short_circuit_decorator.py took 0.130 seconds
[2025-01-30T09:17:57.821+0000] {processor.py:161} INFO - Started process (PID=906) to work on /home/airflow/.local/lib/python3.12/site-packages/airflow/example_dags/example_short_circuit_decorator.py
[2025-01-30T09:17:57.822+0000] {processor.py:830} INFO - Processing file /home/airflow/.local/lib/python3.12/site-packages/airflow/example_dags/example_short_circuit_decorator.py for tasks to queue
[2025-01-30T09:17:57.824+0000] {logging_mixin.py:188} INFO - [2025-01-30T09:17:57.824+0000] {dagbag.py:545} INFO - Filling up the DagBag from /home/airflow/.local/lib/python3.12/site-packages/airflow/example_dags/example_short_circuit_decorator.py
[2025-01-30T09:17:57.833+0000] {processor.py:840} INFO - DAG(s) 'example_short_circuit_decorator' retrieved from /home/airflow/.local/lib/python3.12/site-packages/airflow/example_dags/example_short_circuit_decorator.py
[2025-01-30T09:17:57.860+0000] {logging_mixin.py:188} INFO - [2025-01-30T09:17:57.859+0000] {dag.py:3096} INFO - Sync 1 DAGs
[2025-01-30T09:17:57.886+0000] {logging_mixin.py:188} INFO - [2025-01-30T09:17:57.886+0000] {dag.py:3954} INFO - Setting next_dagrun for example_short_circuit_decorator to 2025-01-29 00:00:00+00:00, run_after=2025-01-30 00:00:00+00:00
[2025-01-30T09:17:57.914+0000] {processor.py:183} INFO - Processing /home/airflow/.local/lib/python3.12/site-packages/airflow/example_dags/example_short_circuit_decorator.py took 0.097 seconds
[2025-01-30T09:18:28.229+0000] {processor.py:161} INFO - Started process (PID=965) to work on /home/airflow/.local/lib/python3.12/site-packages/airflow/example_dags/example_short_circuit_decorator.py
[2025-01-30T09:18:28.230+0000] {processor.py:830} INFO - Processing file /home/airflow/.local/lib/python3.12/site-packages/airflow/example_dags/example_short_circuit_decorator.py for tasks to queue
[2025-01-30T09:18:28.232+0000] {logging_mixin.py:188} INFO - [2025-01-30T09:18:28.232+0000] {dagbag.py:545} INFO - Filling up the DagBag from /home/airflow/.local/lib/python3.12/site-packages/airflow/example_dags/example_short_circuit_decorator.py
[2025-01-30T09:18:28.243+0000] {processor.py:840} INFO - DAG(s) 'example_short_circuit_decorator' retrieved from /home/airflow/.local/lib/python3.12/site-packages/airflow/example_dags/example_short_circuit_decorator.py
[2025-01-30T09:18:28.270+0000] {logging_mixin.py:188} INFO - [2025-01-30T09:18:28.269+0000] {dag.py:3096} INFO - Sync 1 DAGs
[2025-01-30T09:18:28.295+0000] {logging_mixin.py:188} INFO - [2025-01-30T09:18:28.294+0000] {dag.py:3954} INFO - Setting next_dagrun for example_short_circuit_decorator to 2025-01-29 00:00:00+00:00, run_after=2025-01-30 00:00:00+00:00
[2025-01-30T09:18:28.323+0000] {processor.py:183} INFO - Processing /home/airflow/.local/lib/python3.12/site-packages/airflow/example_dags/example_short_circuit_decorator.py took 0.099 seconds
[2025-01-30T09:20:16.674+0000] {processor.py:161} INFO - Started process (PID=90) to work on /home/airflow/.local/lib/python3.12/site-packages/airflow/example_dags/example_short_circuit_decorator.py
[2025-01-30T09:20:16.675+0000] {processor.py:830} INFO - Processing file /home/airflow/.local/lib/python3.12/site-packages/airflow/example_dags/example_short_circuit_decorator.py for tasks to queue
[2025-01-30T09:20:16.677+0000] {logging_mixin.py:188} INFO - [2025-01-30T09:20:16.677+0000] {dagbag.py:545} INFO - Filling up the DagBag from /home/airflow/.local/lib/python3.12/site-packages/airflow/example_dags/example_short_circuit_decorator.py
[2025-01-30T09:20:16.688+0000] {processor.py:840} INFO - DAG(s) 'example_short_circuit_decorator' retrieved from /home/airflow/.local/lib/python3.12/site-packages/airflow/example_dags/example_short_circuit_decorator.py
[2025-01-30T09:20:16.808+0000] {logging_mixin.py:188} INFO - [2025-01-30T09:20:16.807+0000] {dag.py:3096} INFO - Sync 1 DAGs
[2025-01-30T09:20:16.833+0000] {logging_mixin.py:188} INFO - [2025-01-30T09:20:16.832+0000] {dag.py:3954} INFO - Setting next_dagrun for example_short_circuit_decorator to 2025-01-29 00:00:00+00:00, run_after=2025-01-30 00:00:00+00:00
[2025-01-30T09:20:16.859+0000] {processor.py:183} INFO - Processing /home/airflow/.local/lib/python3.12/site-packages/airflow/example_dags/example_short_circuit_decorator.py took 0.189 seconds
[2025-01-30T09:20:47.381+0000] {processor.py:161} INFO - Started process (PID=148) to work on /home/airflow/.local/lib/python3.12/site-packages/airflow/example_dags/example_short_circuit_decorator.py
[2025-01-30T09:20:47.383+0000] {processor.py:830} INFO - Processing file /home/airflow/.local/lib/python3.12/site-packages/airflow/example_dags/example_short_circuit_decorator.py for tasks to queue
[2025-01-30T09:20:47.385+0000] {logging_mixin.py:188} INFO - [2025-01-30T09:20:47.385+0000] {dagbag.py:545} INFO - Filling up the DagBag from /home/airflow/.local/lib/python3.12/site-packages/airflow/example_dags/example_short_circuit_decorator.py
[2025-01-30T09:20:47.393+0000] {processor.py:840} INFO - DAG(s) 'example_short_circuit_decorator' retrieved from /home/airflow/.local/lib/python3.12/site-packages/airflow/example_dags/example_short_circuit_decorator.py
[2025-01-30T09:20:47.419+0000] {logging_mixin.py:188} INFO - [2025-01-30T09:20:47.419+0000] {dag.py:3096} INFO - Sync 1 DAGs
[2025-01-30T09:20:47.442+0000] {logging_mixin.py:188} INFO - [2025-01-30T09:20:47.441+0000] {dag.py:3954} INFO - Setting next_dagrun for example_short_circuit_decorator to 2025-01-29 00:00:00+00:00, run_after=2025-01-30 00:00:00+00:00
[2025-01-30T09:20:47.465+0000] {processor.py:183} INFO - Processing /home/airflow/.local/lib/python3.12/site-packages/airflow/example_dags/example_short_circuit_decorator.py took 0.089 seconds
[2025-01-30T09:21:17.665+0000] {processor.py:161} INFO - Started process (PID=206) to work on /home/airflow/.local/lib/python3.12/site-packages/airflow/example_dags/example_short_circuit_decorator.py
[2025-01-30T09:21:17.666+0000] {processor.py:830} INFO - Processing file /home/airflow/.local/lib/python3.12/site-packages/airflow/example_dags/example_short_circuit_decorator.py for tasks to queue
[2025-01-30T09:21:17.668+0000] {logging_mixin.py:188} INFO - [2025-01-30T09:21:17.667+0000] {dagbag.py:545} INFO - Filling up the DagBag from /home/airflow/.local/lib/python3.12/site-packages/airflow/example_dags/example_short_circuit_decorator.py
[2025-01-30T09:21:17.676+0000] {processor.py:840} INFO - DAG(s) 'example_short_circuit_decorator' retrieved from /home/airflow/.local/lib/python3.12/site-packages/airflow/example_dags/example_short_circuit_decorator.py
[2025-01-30T09:21:17.700+0000] {logging_mixin.py:188} INFO - [2025-01-30T09:21:17.699+0000] {dag.py:3096} INFO - Sync 1 DAGs
[2025-01-30T09:21:17.725+0000] {logging_mixin.py:188} INFO - [2025-01-30T09:21:17.724+0000] {dag.py:3954} INFO - Setting next_dagrun for example_short_circuit_decorator to 2025-01-29 00:00:00+00:00, run_after=2025-01-30 00:00:00+00:00
[2025-01-30T09:21:17.751+0000] {processor.py:183} INFO - Processing /home/airflow/.local/lib/python3.12/site-packages/airflow/example_dags/example_short_circuit_decorator.py took 0.091 seconds
[2025-01-30T09:21:48.034+0000] {processor.py:161} INFO - Started process (PID=264) to work on /home/airflow/.local/lib/python3.12/site-packages/airflow/example_dags/example_short_circuit_decorator.py
[2025-01-30T09:21:48.036+0000] {processor.py:830} INFO - Processing file /home/airflow/.local/lib/python3.12/site-packages/airflow/example_dags/example_short_circuit_decorator.py for tasks to queue
[2025-01-30T09:21:48.039+0000] {logging_mixin.py:188} INFO - [2025-01-30T09:21:48.038+0000] {dagbag.py:545} INFO - Filling up the DagBag from /home/airflow/.local/lib/python3.12/site-packages/airflow/example_dags/example_short_circuit_decorator.py
[2025-01-30T09:21:48.048+0000] {processor.py:840} INFO - DAG(s) 'example_short_circuit_decorator' retrieved from /home/airflow/.local/lib/python3.12/site-packages/airflow/example_dags/example_short_circuit_decorator.py
[2025-01-30T09:21:48.074+0000] {logging_mixin.py:188} INFO - [2025-01-30T09:21:48.073+0000] {dag.py:3096} INFO - Sync 1 DAGs
[2025-01-30T09:21:48.102+0000] {logging_mixin.py:188} INFO - [2025-01-30T09:21:48.102+0000] {dag.py:3954} INFO - Setting next_dagrun for example_short_circuit_decorator to 2025-01-29 00:00:00+00:00, run_after=2025-01-30 00:00:00+00:00
[2025-01-30T09:21:48.127+0000] {processor.py:183} INFO - Processing /home/airflow/.local/lib/python3.12/site-packages/airflow/example_dags/example_short_circuit_decorator.py took 0.100 seconds
[2025-01-30T09:22:18.302+0000] {processor.py:161} INFO - Started process (PID=323) to work on /home/airflow/.local/lib/python3.12/site-packages/airflow/example_dags/example_short_circuit_decorator.py
[2025-01-30T09:22:18.303+0000] {processor.py:830} INFO - Processing file /home/airflow/.local/lib/python3.12/site-packages/airflow/example_dags/example_short_circuit_decorator.py for tasks to queue
[2025-01-30T09:22:18.305+0000] {logging_mixin.py:188} INFO - [2025-01-30T09:22:18.304+0000] {dagbag.py:545} INFO - Filling up the DagBag from /home/airflow/.local/lib/python3.12/site-packages/airflow/example_dags/example_short_circuit_decorator.py
[2025-01-30T09:22:18.314+0000] {processor.py:840} INFO - DAG(s) 'example_short_circuit_decorator' retrieved from /home/airflow/.local/lib/python3.12/site-packages/airflow/example_dags/example_short_circuit_decorator.py
[2025-01-30T09:22:18.339+0000] {logging_mixin.py:188} INFO - [2025-01-30T09:22:18.338+0000] {dag.py:3096} INFO - Sync 1 DAGs
[2025-01-30T09:22:18.365+0000] {logging_mixin.py:188} INFO - [2025-01-30T09:22:18.365+0000] {dag.py:3954} INFO - Setting next_dagrun for example_short_circuit_decorator to 2025-01-29 00:00:00+00:00, run_after=2025-01-30 00:00:00+00:00
[2025-01-30T09:22:18.391+0000] {processor.py:183} INFO - Processing /home/airflow/.local/lib/python3.12/site-packages/airflow/example_dags/example_short_circuit_decorator.py took 0.094 seconds
[2025-01-30T09:22:49.046+0000] {processor.py:161} INFO - Started process (PID=381) to work on /home/airflow/.local/lib/python3.12/site-packages/airflow/example_dags/example_short_circuit_decorator.py
[2025-01-30T09:22:49.047+0000] {processor.py:830} INFO - Processing file /home/airflow/.local/lib/python3.12/site-packages/airflow/example_dags/example_short_circuit_decorator.py for tasks to queue
[2025-01-30T09:22:49.050+0000] {logging_mixin.py:188} INFO - [2025-01-30T09:22:49.049+0000] {dagbag.py:545} INFO - Filling up the DagBag from /home/airflow/.local/lib/python3.12/site-packages/airflow/example_dags/example_short_circuit_decorator.py
[2025-01-30T09:22:49.058+0000] {processor.py:840} INFO - DAG(s) 'example_short_circuit_decorator' retrieved from /home/airflow/.local/lib/python3.12/site-packages/airflow/example_dags/example_short_circuit_decorator.py
[2025-01-30T09:22:49.083+0000] {logging_mixin.py:188} INFO - [2025-01-30T09:22:49.083+0000] {dag.py:3096} INFO - Sync 1 DAGs
[2025-01-30T09:22:49.108+0000] {logging_mixin.py:188} INFO - [2025-01-30T09:22:49.107+0000] {dag.py:3954} INFO - Setting next_dagrun for example_short_circuit_decorator to 2025-01-29 00:00:00+00:00, run_after=2025-01-30 00:00:00+00:00
[2025-01-30T09:22:49.132+0000] {processor.py:183} INFO - Processing /home/airflow/.local/lib/python3.12/site-packages/airflow/example_dags/example_short_circuit_decorator.py took 0.093 seconds
[2025-01-30T09:23:19.561+0000] {processor.py:161} INFO - Started process (PID=439) to work on /home/airflow/.local/lib/python3.12/site-packages/airflow/example_dags/example_short_circuit_decorator.py
[2025-01-30T09:23:19.563+0000] {processor.py:830} INFO - Processing file /home/airflow/.local/lib/python3.12/site-packages/airflow/example_dags/example_short_circuit_decorator.py for tasks to queue
[2025-01-30T09:23:19.566+0000] {logging_mixin.py:188} INFO - [2025-01-30T09:23:19.565+0000] {dagbag.py:545} INFO - Filling up the DagBag from /home/airflow/.local/lib/python3.12/site-packages/airflow/example_dags/example_short_circuit_decorator.py
[2025-01-30T09:23:19.580+0000] {processor.py:840} INFO - DAG(s) 'example_short_circuit_decorator' retrieved from /home/airflow/.local/lib/python3.12/site-packages/airflow/example_dags/example_short_circuit_decorator.py
[2025-01-30T09:23:19.616+0000] {logging_mixin.py:188} INFO - [2025-01-30T09:23:19.615+0000] {dag.py:3096} INFO - Sync 1 DAGs
[2025-01-30T09:23:19.642+0000] {logging_mixin.py:188} INFO - [2025-01-30T09:23:19.641+0000] {dag.py:3954} INFO - Setting next_dagrun for example_short_circuit_decorator to 2025-01-29 00:00:00+00:00, run_after=2025-01-30 00:00:00+00:00
[2025-01-30T09:23:19.663+0000] {processor.py:183} INFO - Processing /home/airflow/.local/lib/python3.12/site-packages/airflow/example_dags/example_short_circuit_decorator.py took 0.106 seconds
[2025-01-30T09:23:49.998+0000] {processor.py:161} INFO - Started process (PID=497) to work on /home/airflow/.local/lib/python3.12/site-packages/airflow/example_dags/example_short_circuit_decorator.py
[2025-01-30T09:23:49.999+0000] {processor.py:830} INFO - Processing file /home/airflow/.local/lib/python3.12/site-packages/airflow/example_dags/example_short_circuit_decorator.py for tasks to queue
[2025-01-30T09:23:50.001+0000] {logging_mixin.py:188} INFO - [2025-01-30T09:23:50.001+0000] {dagbag.py:545} INFO - Filling up the DagBag from /home/airflow/.local/lib/python3.12/site-packages/airflow/example_dags/example_short_circuit_decorator.py
[2025-01-30T09:23:50.013+0000] {processor.py:840} INFO - DAG(s) 'example_short_circuit_decorator' retrieved from /home/airflow/.local/lib/python3.12/site-packages/airflow/example_dags/example_short_circuit_decorator.py
[2025-01-30T09:23:50.039+0000] {logging_mixin.py:188} INFO - [2025-01-30T09:23:50.039+0000] {dag.py:3096} INFO - Sync 1 DAGs
[2025-01-30T09:23:50.067+0000] {logging_mixin.py:188} INFO - [2025-01-30T09:23:50.067+0000] {dag.py:3954} INFO - Setting next_dagrun for example_short_circuit_decorator to 2025-01-29 00:00:00+00:00, run_after=2025-01-30 00:00:00+00:00
[2025-01-30T09:23:50.097+0000] {processor.py:183} INFO - Processing /home/airflow/.local/lib/python3.12/site-packages/airflow/example_dags/example_short_circuit_decorator.py took 0.104 seconds
[2025-01-30T09:24:20.463+0000] {processor.py:161} INFO - Started process (PID=555) to work on /home/airflow/.local/lib/python3.12/site-packages/airflow/example_dags/example_short_circuit_decorator.py
[2025-01-30T09:24:20.465+0000] {processor.py:830} INFO - Processing file /home/airflow/.local/lib/python3.12/site-packages/airflow/example_dags/example_short_circuit_decorator.py for tasks to queue
[2025-01-30T09:24:20.467+0000] {logging_mixin.py:188} INFO - [2025-01-30T09:24:20.467+0000] {dagbag.py:545} INFO - Filling up the DagBag from /home/airflow/.local/lib/python3.12/site-packages/airflow/example_dags/example_short_circuit_decorator.py
[2025-01-30T09:24:20.477+0000] {processor.py:840} INFO - DAG(s) 'example_short_circuit_decorator' retrieved from /home/airflow/.local/lib/python3.12/site-packages/airflow/example_dags/example_short_circuit_decorator.py
[2025-01-30T09:24:20.522+0000] {logging_mixin.py:188} INFO - [2025-01-30T09:24:20.522+0000] {dag.py:3096} INFO - Sync 1 DAGs
[2025-01-30T09:24:20.580+0000] {logging_mixin.py:188} INFO - [2025-01-30T09:24:20.580+0000] {dag.py:3954} INFO - Setting next_dagrun for example_short_circuit_decorator to 2025-01-29 00:00:00+00:00, run_after=2025-01-30 00:00:00+00:00
[2025-01-30T09:24:20.604+0000] {processor.py:183} INFO - Processing /home/airflow/.local/lib/python3.12/site-packages/airflow/example_dags/example_short_circuit_decorator.py took 0.154 seconds
[2025-01-30T09:24:50.668+0000] {processor.py:161} INFO - Started process (PID=613) to work on /home/airflow/.local/lib/python3.12/site-packages/airflow/example_dags/example_short_circuit_decorator.py
[2025-01-30T09:24:50.669+0000] {processor.py:830} INFO - Processing file /home/airflow/.local/lib/python3.12/site-packages/airflow/example_dags/example_short_circuit_decorator.py for tasks to queue
[2025-01-30T09:24:50.671+0000] {logging_mixin.py:188} INFO - [2025-01-30T09:24:50.671+0000] {dagbag.py:545} INFO - Filling up the DagBag from /home/airflow/.local/lib/python3.12/site-packages/airflow/example_dags/example_short_circuit_decorator.py
[2025-01-30T09:24:50.679+0000] {processor.py:840} INFO - DAG(s) 'example_short_circuit_decorator' retrieved from /home/airflow/.local/lib/python3.12/site-packages/airflow/example_dags/example_short_circuit_decorator.py
[2025-01-30T09:24:50.707+0000] {logging_mixin.py:188} INFO - [2025-01-30T09:24:50.706+0000] {dag.py:3096} INFO - Sync 1 DAGs
[2025-01-30T09:24:50.729+0000] {logging_mixin.py:188} INFO - [2025-01-30T09:24:50.729+0000] {dag.py:3954} INFO - Setting next_dagrun for example_short_circuit_decorator to 2025-01-29 00:00:00+00:00, run_after=2025-01-30 00:00:00+00:00
[2025-01-30T09:24:50.755+0000] {processor.py:183} INFO - Processing /home/airflow/.local/lib/python3.12/site-packages/airflow/example_dags/example_short_circuit_decorator.py took 0.092 seconds
[2025-01-30T09:25:21.159+0000] {processor.py:161} INFO - Started process (PID=671) to work on /home/airflow/.local/lib/python3.12/site-packages/airflow/example_dags/example_short_circuit_decorator.py
[2025-01-30T09:25:21.160+0000] {processor.py:830} INFO - Processing file /home/airflow/.local/lib/python3.12/site-packages/airflow/example_dags/example_short_circuit_decorator.py for tasks to queue
[2025-01-30T09:25:21.164+0000] {logging_mixin.py:188} INFO - [2025-01-30T09:25:21.163+0000] {dagbag.py:545} INFO - Filling up the DagBag from /home/airflow/.local/lib/python3.12/site-packages/airflow/example_dags/example_short_circuit_decorator.py
[2025-01-30T09:25:21.174+0000] {processor.py:840} INFO - DAG(s) 'example_short_circuit_decorator' retrieved from /home/airflow/.local/lib/python3.12/site-packages/airflow/example_dags/example_short_circuit_decorator.py
[2025-01-30T09:25:21.201+0000] {logging_mixin.py:188} INFO - [2025-01-30T09:25:21.200+0000] {dag.py:3096} INFO - Sync 1 DAGs
[2025-01-30T09:25:21.224+0000] {logging_mixin.py:188} INFO - [2025-01-30T09:25:21.224+0000] {dag.py:3954} INFO - Setting next_dagrun for example_short_circuit_decorator to 2025-01-29 00:00:00+00:00, run_after=2025-01-30 00:00:00+00:00
[2025-01-30T09:25:21.250+0000] {processor.py:183} INFO - Processing /home/airflow/.local/lib/python3.12/site-packages/airflow/example_dags/example_short_circuit_decorator.py took 0.103 seconds
