[2025-01-30T08:43:56.005+0000] {processor.py:161} INFO - Started process (PID=116) to work on /home/airflow/.local/lib/python3.12/site-packages/airflow/example_dags/example_branch_python_dop_operator_3.py
[2025-01-30T08:43:56.006+0000] {processor.py:830} INFO - Processing file /home/airflow/.local/lib/python3.12/site-packages/airflow/example_dags/example_branch_python_dop_operator_3.py for tasks to queue
[2025-01-30T08:43:56.009+0000] {logging_mixin.py:188} INFO - [2025-01-30T08:43:56.008+0000] {dagbag.py:545} INFO - Filling up the DagBag from /home/airflow/.local/lib/python3.12/site-packages/airflow/example_dags/example_branch_python_dop_operator_3.py
[2025-01-30T08:43:56.019+0000] {processor.py:840} INFO - DAG(s) 'example_branch_dop_operator_v3' retrieved from /home/airflow/.local/lib/python3.12/site-packages/airflow/example_dags/example_branch_python_dop_operator_3.py
[2025-01-30T08:43:56.133+0000] {logging_mixin.py:188} INFO - [2025-01-30T08:43:56.133+0000] {dag.py:3096} INFO - Sync 1 DAGs
[2025-01-30T08:43:56.159+0000] {logging_mixin.py:188} INFO - [2025-01-30T08:43:56.159+0000] {dag.py:3954} INFO - Setting next_dagrun for example_branch_dop_operator_v3 to 2025-01-30 08:42:00+00:00, run_after=2025-01-30 08:43:00+00:00
[2025-01-30T08:43:56.186+0000] {processor.py:183} INFO - Processing /home/airflow/.local/lib/python3.12/site-packages/airflow/example_dags/example_branch_python_dop_operator_3.py took 0.187 seconds
[2025-01-30T08:44:26.310+0000] {processor.py:161} INFO - Started process (PID=174) to work on /home/airflow/.local/lib/python3.12/site-packages/airflow/example_dags/example_branch_python_dop_operator_3.py
[2025-01-30T08:44:26.311+0000] {processor.py:830} INFO - Processing file /home/airflow/.local/lib/python3.12/site-packages/airflow/example_dags/example_branch_python_dop_operator_3.py for tasks to queue
[2025-01-30T08:44:26.313+0000] {logging_mixin.py:188} INFO - [2025-01-30T08:44:26.313+0000] {dagbag.py:545} INFO - Filling up the DagBag from /home/airflow/.local/lib/python3.12/site-packages/airflow/example_dags/example_branch_python_dop_operator_3.py
[2025-01-30T08:44:26.321+0000] {processor.py:840} INFO - DAG(s) 'example_branch_dop_operator_v3' retrieved from /home/airflow/.local/lib/python3.12/site-packages/airflow/example_dags/example_branch_python_dop_operator_3.py
[2025-01-30T08:44:26.344+0000] {logging_mixin.py:188} INFO - [2025-01-30T08:44:26.344+0000] {dag.py:3096} INFO - Sync 1 DAGs
[2025-01-30T08:44:26.376+0000] {logging_mixin.py:188} INFO - [2025-01-30T08:44:26.375+0000] {dag.py:3954} INFO - Setting next_dagrun for example_branch_dop_operator_v3 to 2025-01-30 08:43:00+00:00, run_after=2025-01-30 08:44:00+00:00
[2025-01-30T08:44:26.398+0000] {processor.py:183} INFO - Processing /home/airflow/.local/lib/python3.12/site-packages/airflow/example_dags/example_branch_python_dop_operator_3.py took 0.093 seconds
[2025-01-30T08:44:56.614+0000] {processor.py:161} INFO - Started process (PID=232) to work on /home/airflow/.local/lib/python3.12/site-packages/airflow/example_dags/example_branch_python_dop_operator_3.py
[2025-01-30T08:44:56.614+0000] {processor.py:830} INFO - Processing file /home/airflow/.local/lib/python3.12/site-packages/airflow/example_dags/example_branch_python_dop_operator_3.py for tasks to queue
[2025-01-30T08:44:56.616+0000] {logging_mixin.py:188} INFO - [2025-01-30T08:44:56.616+0000] {dagbag.py:545} INFO - Filling up the DagBag from /home/airflow/.local/lib/python3.12/site-packages/airflow/example_dags/example_branch_python_dop_operator_3.py
[2025-01-30T08:44:56.626+0000] {processor.py:840} INFO - DAG(s) 'example_branch_dop_operator_v3' retrieved from /home/airflow/.local/lib/python3.12/site-packages/airflow/example_dags/example_branch_python_dop_operator_3.py
[2025-01-30T08:44:56.649+0000] {logging_mixin.py:188} INFO - [2025-01-30T08:44:56.648+0000] {dag.py:3096} INFO - Sync 1 DAGs
[2025-01-30T08:44:56.679+0000] {logging_mixin.py:188} INFO - [2025-01-30T08:44:56.679+0000] {dag.py:3954} INFO - Setting next_dagrun for example_branch_dop_operator_v3 to 2025-01-30 08:43:00+00:00, run_after=2025-01-30 08:44:00+00:00
[2025-01-30T08:44:56.705+0000] {processor.py:183} INFO - Processing /home/airflow/.local/lib/python3.12/site-packages/airflow/example_dags/example_branch_python_dop_operator_3.py took 0.097 seconds
[2025-01-30T08:45:27.017+0000] {processor.py:161} INFO - Started process (PID=290) to work on /home/airflow/.local/lib/python3.12/site-packages/airflow/example_dags/example_branch_python_dop_operator_3.py
[2025-01-30T08:45:27.019+0000] {processor.py:830} INFO - Processing file /home/airflow/.local/lib/python3.12/site-packages/airflow/example_dags/example_branch_python_dop_operator_3.py for tasks to queue
[2025-01-30T08:45:27.024+0000] {logging_mixin.py:188} INFO - [2025-01-30T08:45:27.023+0000] {dagbag.py:545} INFO - Filling up the DagBag from /home/airflow/.local/lib/python3.12/site-packages/airflow/example_dags/example_branch_python_dop_operator_3.py
[2025-01-30T08:45:27.038+0000] {processor.py:840} INFO - DAG(s) 'example_branch_dop_operator_v3' retrieved from /home/airflow/.local/lib/python3.12/site-packages/airflow/example_dags/example_branch_python_dop_operator_3.py
[2025-01-30T08:45:27.061+0000] {logging_mixin.py:188} INFO - [2025-01-30T08:45:27.061+0000] {dag.py:3096} INFO - Sync 1 DAGs
[2025-01-30T08:45:27.094+0000] {logging_mixin.py:188} INFO - [2025-01-30T08:45:27.093+0000] {dag.py:3954} INFO - Setting next_dagrun for example_branch_dop_operator_v3 to 2025-01-30 08:44:00+00:00, run_after=2025-01-30 08:45:00+00:00
[2025-01-30T08:45:27.121+0000] {processor.py:183} INFO - Processing /home/airflow/.local/lib/python3.12/site-packages/airflow/example_dags/example_branch_python_dop_operator_3.py took 0.109 seconds
[2025-01-30T08:45:57.553+0000] {processor.py:161} INFO - Started process (PID=348) to work on /home/airflow/.local/lib/python3.12/site-packages/airflow/example_dags/example_branch_python_dop_operator_3.py
[2025-01-30T08:45:57.554+0000] {processor.py:830} INFO - Processing file /home/airflow/.local/lib/python3.12/site-packages/airflow/example_dags/example_branch_python_dop_operator_3.py for tasks to queue
[2025-01-30T08:45:57.556+0000] {logging_mixin.py:188} INFO - [2025-01-30T08:45:57.555+0000] {dagbag.py:545} INFO - Filling up the DagBag from /home/airflow/.local/lib/python3.12/site-packages/airflow/example_dags/example_branch_python_dop_operator_3.py
[2025-01-30T08:45:57.563+0000] {processor.py:840} INFO - DAG(s) 'example_branch_dop_operator_v3' retrieved from /home/airflow/.local/lib/python3.12/site-packages/airflow/example_dags/example_branch_python_dop_operator_3.py
[2025-01-30T08:45:57.584+0000] {logging_mixin.py:188} INFO - [2025-01-30T08:45:57.584+0000] {dag.py:3096} INFO - Sync 1 DAGs
[2025-01-30T08:45:57.612+0000] {logging_mixin.py:188} INFO - [2025-01-30T08:45:57.612+0000] {dag.py:3954} INFO - Setting next_dagrun for example_branch_dop_operator_v3 to 2025-01-30 08:44:00+00:00, run_after=2025-01-30 08:45:00+00:00
[2025-01-30T08:45:57.637+0000] {processor.py:183} INFO - Processing /home/airflow/.local/lib/python3.12/site-packages/airflow/example_dags/example_branch_python_dop_operator_3.py took 0.090 seconds
[2025-01-30T08:46:28.479+0000] {processor.py:161} INFO - Started process (PID=405) to work on /home/airflow/.local/lib/python3.12/site-packages/airflow/example_dags/example_branch_python_dop_operator_3.py
[2025-01-30T08:46:28.481+0000] {processor.py:830} INFO - Processing file /home/airflow/.local/lib/python3.12/site-packages/airflow/example_dags/example_branch_python_dop_operator_3.py for tasks to queue
[2025-01-30T08:46:28.485+0000] {logging_mixin.py:188} INFO - [2025-01-30T08:46:28.484+0000] {dagbag.py:545} INFO - Filling up the DagBag from /home/airflow/.local/lib/python3.12/site-packages/airflow/example_dags/example_branch_python_dop_operator_3.py
[2025-01-30T08:46:28.493+0000] {processor.py:840} INFO - DAG(s) 'example_branch_dop_operator_v3' retrieved from /home/airflow/.local/lib/python3.12/site-packages/airflow/example_dags/example_branch_python_dop_operator_3.py
[2025-01-30T08:46:28.518+0000] {logging_mixin.py:188} INFO - [2025-01-30T08:46:28.518+0000] {dag.py:3096} INFO - Sync 1 DAGs
[2025-01-30T08:46:28.546+0000] {logging_mixin.py:188} INFO - [2025-01-30T08:46:28.546+0000] {dag.py:3954} INFO - Setting next_dagrun for example_branch_dop_operator_v3 to 2025-01-30 08:45:00+00:00, run_after=2025-01-30 08:46:00+00:00
[2025-01-30T08:46:28.571+0000] {processor.py:183} INFO - Processing /home/airflow/.local/lib/python3.12/site-packages/airflow/example_dags/example_branch_python_dop_operator_3.py took 0.097 seconds
[2025-01-30T08:46:58.812+0000] {processor.py:161} INFO - Started process (PID=463) to work on /home/airflow/.local/lib/python3.12/site-packages/airflow/example_dags/example_branch_python_dop_operator_3.py
[2025-01-30T08:46:58.813+0000] {processor.py:830} INFO - Processing file /home/airflow/.local/lib/python3.12/site-packages/airflow/example_dags/example_branch_python_dop_operator_3.py for tasks to queue
[2025-01-30T08:46:58.815+0000] {logging_mixin.py:188} INFO - [2025-01-30T08:46:58.815+0000] {dagbag.py:545} INFO - Filling up the DagBag from /home/airflow/.local/lib/python3.12/site-packages/airflow/example_dags/example_branch_python_dop_operator_3.py
[2025-01-30T08:46:58.823+0000] {processor.py:840} INFO - DAG(s) 'example_branch_dop_operator_v3' retrieved from /home/airflow/.local/lib/python3.12/site-packages/airflow/example_dags/example_branch_python_dop_operator_3.py
[2025-01-30T08:46:58.845+0000] {logging_mixin.py:188} INFO - [2025-01-30T08:46:58.844+0000] {dag.py:3096} INFO - Sync 1 DAGs
[2025-01-30T08:46:58.873+0000] {logging_mixin.py:188} INFO - [2025-01-30T08:46:58.873+0000] {dag.py:3954} INFO - Setting next_dagrun for example_branch_dop_operator_v3 to 2025-01-30 08:45:00+00:00, run_after=2025-01-30 08:46:00+00:00
[2025-01-30T08:46:58.895+0000] {processor.py:183} INFO - Processing /home/airflow/.local/lib/python3.12/site-packages/airflow/example_dags/example_branch_python_dop_operator_3.py took 0.088 seconds
[2025-01-30T08:47:29.162+0000] {processor.py:161} INFO - Started process (PID=521) to work on /home/airflow/.local/lib/python3.12/site-packages/airflow/example_dags/example_branch_python_dop_operator_3.py
[2025-01-30T08:47:29.163+0000] {processor.py:830} INFO - Processing file /home/airflow/.local/lib/python3.12/site-packages/airflow/example_dags/example_branch_python_dop_operator_3.py for tasks to queue
[2025-01-30T08:47:29.165+0000] {logging_mixin.py:188} INFO - [2025-01-30T08:47:29.165+0000] {dagbag.py:545} INFO - Filling up the DagBag from /home/airflow/.local/lib/python3.12/site-packages/airflow/example_dags/example_branch_python_dop_operator_3.py
[2025-01-30T08:47:29.174+0000] {processor.py:840} INFO - DAG(s) 'example_branch_dop_operator_v3' retrieved from /home/airflow/.local/lib/python3.12/site-packages/airflow/example_dags/example_branch_python_dop_operator_3.py
[2025-01-30T08:47:29.195+0000] {logging_mixin.py:188} INFO - [2025-01-30T08:47:29.195+0000] {dag.py:3096} INFO - Sync 1 DAGs
[2025-01-30T08:47:29.225+0000] {logging_mixin.py:188} INFO - [2025-01-30T08:47:29.224+0000] {dag.py:3954} INFO - Setting next_dagrun for example_branch_dop_operator_v3 to 2025-01-30 08:46:00+00:00, run_after=2025-01-30 08:47:00+00:00
[2025-01-30T08:47:29.248+0000] {processor.py:183} INFO - Processing /home/airflow/.local/lib/python3.12/site-packages/airflow/example_dags/example_branch_python_dop_operator_3.py took 0.091 seconds
[2025-01-30T08:47:59.655+0000] {processor.py:161} INFO - Started process (PID=579) to work on /home/airflow/.local/lib/python3.12/site-packages/airflow/example_dags/example_branch_python_dop_operator_3.py
[2025-01-30T08:47:59.657+0000] {processor.py:830} INFO - Processing file /home/airflow/.local/lib/python3.12/site-packages/airflow/example_dags/example_branch_python_dop_operator_3.py for tasks to queue
[2025-01-30T08:47:59.659+0000] {logging_mixin.py:188} INFO - [2025-01-30T08:47:59.659+0000] {dagbag.py:545} INFO - Filling up the DagBag from /home/airflow/.local/lib/python3.12/site-packages/airflow/example_dags/example_branch_python_dop_operator_3.py
[2025-01-30T08:47:59.667+0000] {processor.py:840} INFO - DAG(s) 'example_branch_dop_operator_v3' retrieved from /home/airflow/.local/lib/python3.12/site-packages/airflow/example_dags/example_branch_python_dop_operator_3.py
[2025-01-30T08:47:59.688+0000] {logging_mixin.py:188} INFO - [2025-01-30T08:47:59.688+0000] {dag.py:3096} INFO - Sync 1 DAGs
[2025-01-30T08:47:59.715+0000] {logging_mixin.py:188} INFO - [2025-01-30T08:47:59.715+0000] {dag.py:3954} INFO - Setting next_dagrun for example_branch_dop_operator_v3 to 2025-01-30 08:46:00+00:00, run_after=2025-01-30 08:47:00+00:00
[2025-01-30T08:47:59.737+0000] {processor.py:183} INFO - Processing /home/airflow/.local/lib/python3.12/site-packages/airflow/example_dags/example_branch_python_dop_operator_3.py took 0.087 seconds
[2025-01-30T08:48:29.838+0000] {processor.py:161} INFO - Started process (PID=637) to work on /home/airflow/.local/lib/python3.12/site-packages/airflow/example_dags/example_branch_python_dop_operator_3.py
[2025-01-30T08:48:29.840+0000] {processor.py:830} INFO - Processing file /home/airflow/.local/lib/python3.12/site-packages/airflow/example_dags/example_branch_python_dop_operator_3.py for tasks to queue
[2025-01-30T08:48:29.842+0000] {logging_mixin.py:188} INFO - [2025-01-30T08:48:29.842+0000] {dagbag.py:545} INFO - Filling up the DagBag from /home/airflow/.local/lib/python3.12/site-packages/airflow/example_dags/example_branch_python_dop_operator_3.py
[2025-01-30T08:48:29.851+0000] {processor.py:840} INFO - DAG(s) 'example_branch_dop_operator_v3' retrieved from /home/airflow/.local/lib/python3.12/site-packages/airflow/example_dags/example_branch_python_dop_operator_3.py
[2025-01-30T08:48:29.871+0000] {logging_mixin.py:188} INFO - [2025-01-30T08:48:29.871+0000] {dag.py:3096} INFO - Sync 1 DAGs
[2025-01-30T08:48:29.896+0000] {logging_mixin.py:188} INFO - [2025-01-30T08:48:29.896+0000] {dag.py:3954} INFO - Setting next_dagrun for example_branch_dop_operator_v3 to 2025-01-30 08:47:00+00:00, run_after=2025-01-30 08:48:00+00:00
[2025-01-30T08:48:29.922+0000] {processor.py:183} INFO - Processing /home/airflow/.local/lib/python3.12/site-packages/airflow/example_dags/example_branch_python_dop_operator_3.py took 0.088 seconds
[2025-01-30T08:49:00.401+0000] {processor.py:161} INFO - Started process (PID=695) to work on /home/airflow/.local/lib/python3.12/site-packages/airflow/example_dags/example_branch_python_dop_operator_3.py
[2025-01-30T08:49:00.402+0000] {processor.py:830} INFO - Processing file /home/airflow/.local/lib/python3.12/site-packages/airflow/example_dags/example_branch_python_dop_operator_3.py for tasks to queue
[2025-01-30T08:49:00.404+0000] {logging_mixin.py:188} INFO - [2025-01-30T08:49:00.403+0000] {dagbag.py:545} INFO - Filling up the DagBag from /home/airflow/.local/lib/python3.12/site-packages/airflow/example_dags/example_branch_python_dop_operator_3.py
[2025-01-30T08:49:00.413+0000] {processor.py:840} INFO - DAG(s) 'example_branch_dop_operator_v3' retrieved from /home/airflow/.local/lib/python3.12/site-packages/airflow/example_dags/example_branch_python_dop_operator_3.py
[2025-01-30T08:49:00.434+0000] {logging_mixin.py:188} INFO - [2025-01-30T08:49:00.434+0000] {dag.py:3096} INFO - Sync 1 DAGs
[2025-01-30T08:49:00.462+0000] {logging_mixin.py:188} INFO - [2025-01-30T08:49:00.462+0000] {dag.py:3954} INFO - Setting next_dagrun for example_branch_dop_operator_v3 to 2025-01-30 08:48:00+00:00, run_after=2025-01-30 08:49:00+00:00
[2025-01-30T08:49:00.486+0000] {processor.py:183} INFO - Processing /home/airflow/.local/lib/python3.12/site-packages/airflow/example_dags/example_branch_python_dop_operator_3.py took 0.091 seconds
[2025-01-30T08:49:30.704+0000] {processor.py:161} INFO - Started process (PID=754) to work on /home/airflow/.local/lib/python3.12/site-packages/airflow/example_dags/example_branch_python_dop_operator_3.py
[2025-01-30T08:49:30.705+0000] {processor.py:830} INFO - Processing file /home/airflow/.local/lib/python3.12/site-packages/airflow/example_dags/example_branch_python_dop_operator_3.py for tasks to queue
[2025-01-30T08:49:30.707+0000] {logging_mixin.py:188} INFO - [2025-01-30T08:49:30.707+0000] {dagbag.py:545} INFO - Filling up the DagBag from /home/airflow/.local/lib/python3.12/site-packages/airflow/example_dags/example_branch_python_dop_operator_3.py
[2025-01-30T08:49:30.715+0000] {processor.py:840} INFO - DAG(s) 'example_branch_dop_operator_v3' retrieved from /home/airflow/.local/lib/python3.12/site-packages/airflow/example_dags/example_branch_python_dop_operator_3.py
[2025-01-30T08:49:30.734+0000] {logging_mixin.py:188} INFO - [2025-01-30T08:49:30.734+0000] {dag.py:3096} INFO - Sync 1 DAGs
[2025-01-30T08:49:30.760+0000] {logging_mixin.py:188} INFO - [2025-01-30T08:49:30.760+0000] {dag.py:3954} INFO - Setting next_dagrun for example_branch_dop_operator_v3 to 2025-01-30 08:48:00+00:00, run_after=2025-01-30 08:49:00+00:00
[2025-01-30T08:49:30.787+0000] {processor.py:183} INFO - Processing /home/airflow/.local/lib/python3.12/site-packages/airflow/example_dags/example_branch_python_dop_operator_3.py took 0.088 seconds
[2025-01-30T08:50:01.085+0000] {processor.py:161} INFO - Started process (PID=811) to work on /home/airflow/.local/lib/python3.12/site-packages/airflow/example_dags/example_branch_python_dop_operator_3.py
[2025-01-30T08:50:01.086+0000] {processor.py:830} INFO - Processing file /home/airflow/.local/lib/python3.12/site-packages/airflow/example_dags/example_branch_python_dop_operator_3.py for tasks to queue
[2025-01-30T08:50:01.088+0000] {logging_mixin.py:188} INFO - [2025-01-30T08:50:01.088+0000] {dagbag.py:545} INFO - Filling up the DagBag from /home/airflow/.local/lib/python3.12/site-packages/airflow/example_dags/example_branch_python_dop_operator_3.py
[2025-01-30T08:50:01.096+0000] {processor.py:840} INFO - DAG(s) 'example_branch_dop_operator_v3' retrieved from /home/airflow/.local/lib/python3.12/site-packages/airflow/example_dags/example_branch_python_dop_operator_3.py
[2025-01-30T08:50:01.117+0000] {logging_mixin.py:188} INFO - [2025-01-30T08:50:01.116+0000] {dag.py:3096} INFO - Sync 1 DAGs
[2025-01-30T08:50:01.143+0000] {logging_mixin.py:188} INFO - [2025-01-30T08:50:01.143+0000] {dag.py:3954} INFO - Setting next_dagrun for example_branch_dop_operator_v3 to 2025-01-30 08:49:00+00:00, run_after=2025-01-30 08:50:00+00:00
[2025-01-30T08:50:01.165+0000] {processor.py:183} INFO - Processing /home/airflow/.local/lib/python3.12/site-packages/airflow/example_dags/example_branch_python_dop_operator_3.py took 0.085 seconds
[2025-01-30T08:50:31.473+0000] {processor.py:161} INFO - Started process (PID=869) to work on /home/airflow/.local/lib/python3.12/site-packages/airflow/example_dags/example_branch_python_dop_operator_3.py
[2025-01-30T08:50:31.475+0000] {processor.py:830} INFO - Processing file /home/airflow/.local/lib/python3.12/site-packages/airflow/example_dags/example_branch_python_dop_operator_3.py for tasks to queue
[2025-01-30T08:50:31.477+0000] {logging_mixin.py:188} INFO - [2025-01-30T08:50:31.476+0000] {dagbag.py:545} INFO - Filling up the DagBag from /home/airflow/.local/lib/python3.12/site-packages/airflow/example_dags/example_branch_python_dop_operator_3.py
[2025-01-30T08:50:31.484+0000] {processor.py:840} INFO - DAG(s) 'example_branch_dop_operator_v3' retrieved from /home/airflow/.local/lib/python3.12/site-packages/airflow/example_dags/example_branch_python_dop_operator_3.py
[2025-01-30T08:50:31.505+0000] {logging_mixin.py:188} INFO - [2025-01-30T08:50:31.504+0000] {dag.py:3096} INFO - Sync 1 DAGs
[2025-01-30T08:50:31.533+0000] {logging_mixin.py:188} INFO - [2025-01-30T08:50:31.533+0000] {dag.py:3954} INFO - Setting next_dagrun for example_branch_dop_operator_v3 to 2025-01-30 08:49:00+00:00, run_after=2025-01-30 08:50:00+00:00
[2025-01-30T08:50:31.557+0000] {processor.py:183} INFO - Processing /home/airflow/.local/lib/python3.12/site-packages/airflow/example_dags/example_branch_python_dop_operator_3.py took 0.088 seconds
[2025-01-30T08:51:01.713+0000] {processor.py:161} INFO - Started process (PID=927) to work on /home/airflow/.local/lib/python3.12/site-packages/airflow/example_dags/example_branch_python_dop_operator_3.py
[2025-01-30T08:51:01.715+0000] {processor.py:830} INFO - Processing file /home/airflow/.local/lib/python3.12/site-packages/airflow/example_dags/example_branch_python_dop_operator_3.py for tasks to queue
[2025-01-30T08:51:01.716+0000] {logging_mixin.py:188} INFO - [2025-01-30T08:51:01.716+0000] {dagbag.py:545} INFO - Filling up the DagBag from /home/airflow/.local/lib/python3.12/site-packages/airflow/example_dags/example_branch_python_dop_operator_3.py
[2025-01-30T08:51:01.723+0000] {processor.py:840} INFO - DAG(s) 'example_branch_dop_operator_v3' retrieved from /home/airflow/.local/lib/python3.12/site-packages/airflow/example_dags/example_branch_python_dop_operator_3.py
[2025-01-30T08:51:01.743+0000] {logging_mixin.py:188} INFO - [2025-01-30T08:51:01.743+0000] {dag.py:3096} INFO - Sync 1 DAGs
[2025-01-30T08:51:01.768+0000] {logging_mixin.py:188} INFO - [2025-01-30T08:51:01.768+0000] {dag.py:3954} INFO - Setting next_dagrun for example_branch_dop_operator_v3 to 2025-01-30 08:50:00+00:00, run_after=2025-01-30 08:51:00+00:00
[2025-01-30T08:51:01.793+0000] {processor.py:183} INFO - Processing /home/airflow/.local/lib/python3.12/site-packages/airflow/example_dags/example_branch_python_dop_operator_3.py took 0.084 seconds
[2025-01-30T08:51:32.328+0000] {processor.py:161} INFO - Started process (PID=985) to work on /home/airflow/.local/lib/python3.12/site-packages/airflow/example_dags/example_branch_python_dop_operator_3.py
[2025-01-30T08:51:32.330+0000] {processor.py:830} INFO - Processing file /home/airflow/.local/lib/python3.12/site-packages/airflow/example_dags/example_branch_python_dop_operator_3.py for tasks to queue
[2025-01-30T08:51:32.333+0000] {logging_mixin.py:188} INFO - [2025-01-30T08:51:32.332+0000] {dagbag.py:545} INFO - Filling up the DagBag from /home/airflow/.local/lib/python3.12/site-packages/airflow/example_dags/example_branch_python_dop_operator_3.py
[2025-01-30T08:51:32.341+0000] {processor.py:840} INFO - DAG(s) 'example_branch_dop_operator_v3' retrieved from /home/airflow/.local/lib/python3.12/site-packages/airflow/example_dags/example_branch_python_dop_operator_3.py
[2025-01-30T08:51:32.362+0000] {logging_mixin.py:188} INFO - [2025-01-30T08:51:32.362+0000] {dag.py:3096} INFO - Sync 1 DAGs
[2025-01-30T08:51:32.389+0000] {logging_mixin.py:188} INFO - [2025-01-30T08:51:32.389+0000] {dag.py:3954} INFO - Setting next_dagrun for example_branch_dop_operator_v3 to 2025-01-30 08:50:00+00:00, run_after=2025-01-30 08:51:00+00:00
[2025-01-30T08:51:32.412+0000] {processor.py:183} INFO - Processing /home/airflow/.local/lib/python3.12/site-packages/airflow/example_dags/example_branch_python_dop_operator_3.py took 0.089 seconds
[2025-01-30T08:52:02.728+0000] {processor.py:161} INFO - Started process (PID=1043) to work on /home/airflow/.local/lib/python3.12/site-packages/airflow/example_dags/example_branch_python_dop_operator_3.py
[2025-01-30T08:52:02.730+0000] {processor.py:830} INFO - Processing file /home/airflow/.local/lib/python3.12/site-packages/airflow/example_dags/example_branch_python_dop_operator_3.py for tasks to queue
[2025-01-30T08:52:02.732+0000] {logging_mixin.py:188} INFO - [2025-01-30T08:52:02.731+0000] {dagbag.py:545} INFO - Filling up the DagBag from /home/airflow/.local/lib/python3.12/site-packages/airflow/example_dags/example_branch_python_dop_operator_3.py
[2025-01-30T08:52:02.741+0000] {processor.py:840} INFO - DAG(s) 'example_branch_dop_operator_v3' retrieved from /home/airflow/.local/lib/python3.12/site-packages/airflow/example_dags/example_branch_python_dop_operator_3.py
[2025-01-30T08:52:02.767+0000] {logging_mixin.py:188} INFO - [2025-01-30T08:52:02.767+0000] {dag.py:3096} INFO - Sync 1 DAGs
[2025-01-30T08:52:02.805+0000] {logging_mixin.py:188} INFO - [2025-01-30T08:52:02.804+0000] {dag.py:3954} INFO - Setting next_dagrun for example_branch_dop_operator_v3 to 2025-01-30 08:51:00+00:00, run_after=2025-01-30 08:52:00+00:00
[2025-01-30T08:52:02.831+0000] {processor.py:183} INFO - Processing /home/airflow/.local/lib/python3.12/site-packages/airflow/example_dags/example_branch_python_dop_operator_3.py took 0.109 seconds
[2025-01-30T08:52:33.020+0000] {processor.py:161} INFO - Started process (PID=1101) to work on /home/airflow/.local/lib/python3.12/site-packages/airflow/example_dags/example_branch_python_dop_operator_3.py
[2025-01-30T08:52:33.024+0000] {processor.py:830} INFO - Processing file /home/airflow/.local/lib/python3.12/site-packages/airflow/example_dags/example_branch_python_dop_operator_3.py for tasks to queue
[2025-01-30T08:52:33.031+0000] {logging_mixin.py:188} INFO - [2025-01-30T08:52:33.030+0000] {dagbag.py:545} INFO - Filling up the DagBag from /home/airflow/.local/lib/python3.12/site-packages/airflow/example_dags/example_branch_python_dop_operator_3.py
[2025-01-30T08:52:33.039+0000] {processor.py:840} INFO - DAG(s) 'example_branch_dop_operator_v3' retrieved from /home/airflow/.local/lib/python3.12/site-packages/airflow/example_dags/example_branch_python_dop_operator_3.py
[2025-01-30T08:52:33.067+0000] {logging_mixin.py:188} INFO - [2025-01-30T08:52:33.066+0000] {dag.py:3096} INFO - Sync 1 DAGs
[2025-01-30T08:52:33.097+0000] {logging_mixin.py:188} INFO - [2025-01-30T08:52:33.097+0000] {dag.py:3954} INFO - Setting next_dagrun for example_branch_dop_operator_v3 to 2025-01-30 08:51:00+00:00, run_after=2025-01-30 08:52:00+00:00
[2025-01-30T08:52:33.131+0000] {processor.py:183} INFO - Processing /home/airflow/.local/lib/python3.12/site-packages/airflow/example_dags/example_branch_python_dop_operator_3.py took 0.117 seconds
[2025-01-30T08:53:03.404+0000] {processor.py:161} INFO - Started process (PID=1159) to work on /home/airflow/.local/lib/python3.12/site-packages/airflow/example_dags/example_branch_python_dop_operator_3.py
[2025-01-30T08:53:03.405+0000] {processor.py:830} INFO - Processing file /home/airflow/.local/lib/python3.12/site-packages/airflow/example_dags/example_branch_python_dop_operator_3.py for tasks to queue
[2025-01-30T08:53:03.407+0000] {logging_mixin.py:188} INFO - [2025-01-30T08:53:03.407+0000] {dagbag.py:545} INFO - Filling up the DagBag from /home/airflow/.local/lib/python3.12/site-packages/airflow/example_dags/example_branch_python_dop_operator_3.py
[2025-01-30T08:53:03.415+0000] {processor.py:840} INFO - DAG(s) 'example_branch_dop_operator_v3' retrieved from /home/airflow/.local/lib/python3.12/site-packages/airflow/example_dags/example_branch_python_dop_operator_3.py
[2025-01-30T08:53:03.438+0000] {logging_mixin.py:188} INFO - [2025-01-30T08:53:03.438+0000] {dag.py:3096} INFO - Sync 1 DAGs
[2025-01-30T08:53:03.465+0000] {logging_mixin.py:188} INFO - [2025-01-30T08:53:03.465+0000] {dag.py:3954} INFO - Setting next_dagrun for example_branch_dop_operator_v3 to 2025-01-30 08:52:00+00:00, run_after=2025-01-30 08:53:00+00:00
[2025-01-30T08:53:03.490+0000] {processor.py:183} INFO - Processing /home/airflow/.local/lib/python3.12/site-packages/airflow/example_dags/example_branch_python_dop_operator_3.py took 0.091 seconds
[2025-01-30T08:53:33.697+0000] {processor.py:161} INFO - Started process (PID=1217) to work on /home/airflow/.local/lib/python3.12/site-packages/airflow/example_dags/example_branch_python_dop_operator_3.py
[2025-01-30T08:53:33.698+0000] {processor.py:830} INFO - Processing file /home/airflow/.local/lib/python3.12/site-packages/airflow/example_dags/example_branch_python_dop_operator_3.py for tasks to queue
[2025-01-30T08:53:33.701+0000] {logging_mixin.py:188} INFO - [2025-01-30T08:53:33.700+0000] {dagbag.py:545} INFO - Filling up the DagBag from /home/airflow/.local/lib/python3.12/site-packages/airflow/example_dags/example_branch_python_dop_operator_3.py
[2025-01-30T08:53:33.708+0000] {processor.py:840} INFO - DAG(s) 'example_branch_dop_operator_v3' retrieved from /home/airflow/.local/lib/python3.12/site-packages/airflow/example_dags/example_branch_python_dop_operator_3.py
[2025-01-30T08:53:33.729+0000] {logging_mixin.py:188} INFO - [2025-01-30T08:53:33.729+0000] {dag.py:3096} INFO - Sync 1 DAGs
[2025-01-30T08:53:33.757+0000] {logging_mixin.py:188} INFO - [2025-01-30T08:53:33.757+0000] {dag.py:3954} INFO - Setting next_dagrun for example_branch_dop_operator_v3 to 2025-01-30 08:52:00+00:00, run_after=2025-01-30 08:53:00+00:00
[2025-01-30T08:53:33.780+0000] {processor.py:183} INFO - Processing /home/airflow/.local/lib/python3.12/site-packages/airflow/example_dags/example_branch_python_dop_operator_3.py took 0.088 seconds
[2025-01-30T08:54:04.207+0000] {processor.py:161} INFO - Started process (PID=1275) to work on /home/airflow/.local/lib/python3.12/site-packages/airflow/example_dags/example_branch_python_dop_operator_3.py
[2025-01-30T08:54:04.208+0000] {processor.py:830} INFO - Processing file /home/airflow/.local/lib/python3.12/site-packages/airflow/example_dags/example_branch_python_dop_operator_3.py for tasks to queue
[2025-01-30T08:54:04.210+0000] {logging_mixin.py:188} INFO - [2025-01-30T08:54:04.210+0000] {dagbag.py:545} INFO - Filling up the DagBag from /home/airflow/.local/lib/python3.12/site-packages/airflow/example_dags/example_branch_python_dop_operator_3.py
[2025-01-30T08:54:04.218+0000] {processor.py:840} INFO - DAG(s) 'example_branch_dop_operator_v3' retrieved from /home/airflow/.local/lib/python3.12/site-packages/airflow/example_dags/example_branch_python_dop_operator_3.py
[2025-01-30T08:54:04.238+0000] {logging_mixin.py:188} INFO - [2025-01-30T08:54:04.237+0000] {dag.py:3096} INFO - Sync 1 DAGs
[2025-01-30T08:54:04.266+0000] {logging_mixin.py:188} INFO - [2025-01-30T08:54:04.266+0000] {dag.py:3954} INFO - Setting next_dagrun for example_branch_dop_operator_v3 to 2025-01-30 08:53:00+00:00, run_after=2025-01-30 08:54:00+00:00
[2025-01-30T08:54:04.290+0000] {processor.py:183} INFO - Processing /home/airflow/.local/lib/python3.12/site-packages/airflow/example_dags/example_branch_python_dop_operator_3.py took 0.088 seconds
[2025-01-30T08:54:34.867+0000] {processor.py:161} INFO - Started process (PID=1333) to work on /home/airflow/.local/lib/python3.12/site-packages/airflow/example_dags/example_branch_python_dop_operator_3.py
[2025-01-30T08:54:34.868+0000] {processor.py:830} INFO - Processing file /home/airflow/.local/lib/python3.12/site-packages/airflow/example_dags/example_branch_python_dop_operator_3.py for tasks to queue
[2025-01-30T08:54:34.871+0000] {logging_mixin.py:188} INFO - [2025-01-30T08:54:34.870+0000] {dagbag.py:545} INFO - Filling up the DagBag from /home/airflow/.local/lib/python3.12/site-packages/airflow/example_dags/example_branch_python_dop_operator_3.py
[2025-01-30T08:54:34.884+0000] {processor.py:840} INFO - DAG(s) 'example_branch_dop_operator_v3' retrieved from /home/airflow/.local/lib/python3.12/site-packages/airflow/example_dags/example_branch_python_dop_operator_3.py
[2025-01-30T08:54:34.913+0000] {logging_mixin.py:188} INFO - [2025-01-30T08:54:34.913+0000] {dag.py:3096} INFO - Sync 1 DAGs
[2025-01-30T08:54:34.948+0000] {logging_mixin.py:188} INFO - [2025-01-30T08:54:34.947+0000] {dag.py:3954} INFO - Setting next_dagrun for example_branch_dop_operator_v3 to 2025-01-30 08:53:00+00:00, run_after=2025-01-30 08:54:00+00:00
[2025-01-30T08:54:34.978+0000] {processor.py:183} INFO - Processing /home/airflow/.local/lib/python3.12/site-packages/airflow/example_dags/example_branch_python_dop_operator_3.py took 0.118 seconds
[2025-01-30T08:55:05.665+0000] {processor.py:161} INFO - Started process (PID=1391) to work on /home/airflow/.local/lib/python3.12/site-packages/airflow/example_dags/example_branch_python_dop_operator_3.py
[2025-01-30T08:55:05.666+0000] {processor.py:830} INFO - Processing file /home/airflow/.local/lib/python3.12/site-packages/airflow/example_dags/example_branch_python_dop_operator_3.py for tasks to queue
[2025-01-30T08:55:05.668+0000] {logging_mixin.py:188} INFO - [2025-01-30T08:55:05.667+0000] {dagbag.py:545} INFO - Filling up the DagBag from /home/airflow/.local/lib/python3.12/site-packages/airflow/example_dags/example_branch_python_dop_operator_3.py
[2025-01-30T08:55:05.676+0000] {processor.py:840} INFO - DAG(s) 'example_branch_dop_operator_v3' retrieved from /home/airflow/.local/lib/python3.12/site-packages/airflow/example_dags/example_branch_python_dop_operator_3.py
[2025-01-30T08:55:05.698+0000] {logging_mixin.py:188} INFO - [2025-01-30T08:55:05.698+0000] {dag.py:3096} INFO - Sync 1 DAGs
[2025-01-30T08:55:05.724+0000] {logging_mixin.py:188} INFO - [2025-01-30T08:55:05.724+0000] {dag.py:3954} INFO - Setting next_dagrun for example_branch_dop_operator_v3 to 2025-01-30 08:54:00+00:00, run_after=2025-01-30 08:55:00+00:00
[2025-01-30T08:55:05.747+0000] {processor.py:183} INFO - Processing /home/airflow/.local/lib/python3.12/site-packages/airflow/example_dags/example_branch_python_dop_operator_3.py took 0.087 seconds
[2025-01-30T08:55:36.670+0000] {processor.py:161} INFO - Started process (PID=1449) to work on /home/airflow/.local/lib/python3.12/site-packages/airflow/example_dags/example_branch_python_dop_operator_3.py
[2025-01-30T08:55:36.671+0000] {processor.py:830} INFO - Processing file /home/airflow/.local/lib/python3.12/site-packages/airflow/example_dags/example_branch_python_dop_operator_3.py for tasks to queue
[2025-01-30T08:55:36.673+0000] {logging_mixin.py:188} INFO - [2025-01-30T08:55:36.673+0000] {dagbag.py:545} INFO - Filling up the DagBag from /home/airflow/.local/lib/python3.12/site-packages/airflow/example_dags/example_branch_python_dop_operator_3.py
[2025-01-30T08:55:36.681+0000] {processor.py:840} INFO - DAG(s) 'example_branch_dop_operator_v3' retrieved from /home/airflow/.local/lib/python3.12/site-packages/airflow/example_dags/example_branch_python_dop_operator_3.py
[2025-01-30T08:55:36.701+0000] {logging_mixin.py:188} INFO - [2025-01-30T08:55:36.701+0000] {dag.py:3096} INFO - Sync 1 DAGs
[2025-01-30T08:55:36.727+0000] {logging_mixin.py:188} INFO - [2025-01-30T08:55:36.727+0000] {dag.py:3954} INFO - Setting next_dagrun for example_branch_dop_operator_v3 to 2025-01-30 08:54:00+00:00, run_after=2025-01-30 08:55:00+00:00
[2025-01-30T08:55:36.750+0000] {processor.py:183} INFO - Processing /home/airflow/.local/lib/python3.12/site-packages/airflow/example_dags/example_branch_python_dop_operator_3.py took 0.085 seconds
[2025-01-30T08:56:06.925+0000] {processor.py:161} INFO - Started process (PID=1507) to work on /home/airflow/.local/lib/python3.12/site-packages/airflow/example_dags/example_branch_python_dop_operator_3.py
[2025-01-30T08:56:06.926+0000] {processor.py:830} INFO - Processing file /home/airflow/.local/lib/python3.12/site-packages/airflow/example_dags/example_branch_python_dop_operator_3.py for tasks to queue
[2025-01-30T08:56:06.928+0000] {logging_mixin.py:188} INFO - [2025-01-30T08:56:06.927+0000] {dagbag.py:545} INFO - Filling up the DagBag from /home/airflow/.local/lib/python3.12/site-packages/airflow/example_dags/example_branch_python_dop_operator_3.py
[2025-01-30T08:56:06.935+0000] {processor.py:840} INFO - DAG(s) 'example_branch_dop_operator_v3' retrieved from /home/airflow/.local/lib/python3.12/site-packages/airflow/example_dags/example_branch_python_dop_operator_3.py
[2025-01-30T08:56:06.953+0000] {logging_mixin.py:188} INFO - [2025-01-30T08:56:06.952+0000] {dag.py:3096} INFO - Sync 1 DAGs
[2025-01-30T08:56:06.978+0000] {logging_mixin.py:188} INFO - [2025-01-30T08:56:06.977+0000] {dag.py:3954} INFO - Setting next_dagrun for example_branch_dop_operator_v3 to 2025-01-30 08:55:00+00:00, run_after=2025-01-30 08:56:00+00:00
[2025-01-30T08:56:06.999+0000] {processor.py:183} INFO - Processing /home/airflow/.local/lib/python3.12/site-packages/airflow/example_dags/example_branch_python_dop_operator_3.py took 0.080 seconds
[2025-01-30T08:56:37.221+0000] {processor.py:161} INFO - Started process (PID=1565) to work on /home/airflow/.local/lib/python3.12/site-packages/airflow/example_dags/example_branch_python_dop_operator_3.py
[2025-01-30T08:56:37.222+0000] {processor.py:830} INFO - Processing file /home/airflow/.local/lib/python3.12/site-packages/airflow/example_dags/example_branch_python_dop_operator_3.py for tasks to queue
[2025-01-30T08:56:37.224+0000] {logging_mixin.py:188} INFO - [2025-01-30T08:56:37.223+0000] {dagbag.py:545} INFO - Filling up the DagBag from /home/airflow/.local/lib/python3.12/site-packages/airflow/example_dags/example_branch_python_dop_operator_3.py
[2025-01-30T08:56:37.231+0000] {processor.py:840} INFO - DAG(s) 'example_branch_dop_operator_v3' retrieved from /home/airflow/.local/lib/python3.12/site-packages/airflow/example_dags/example_branch_python_dop_operator_3.py
[2025-01-30T08:56:37.253+0000] {logging_mixin.py:188} INFO - [2025-01-30T08:56:37.253+0000] {dag.py:3096} INFO - Sync 1 DAGs
[2025-01-30T08:56:37.279+0000] {logging_mixin.py:188} INFO - [2025-01-30T08:56:37.279+0000] {dag.py:3954} INFO - Setting next_dagrun for example_branch_dop_operator_v3 to 2025-01-30 08:55:00+00:00, run_after=2025-01-30 08:56:00+00:00
[2025-01-30T08:56:37.304+0000] {processor.py:183} INFO - Processing /home/airflow/.local/lib/python3.12/site-packages/airflow/example_dags/example_branch_python_dop_operator_3.py took 0.088 seconds
[2025-01-30T08:57:07.547+0000] {processor.py:161} INFO - Started process (PID=1623) to work on /home/airflow/.local/lib/python3.12/site-packages/airflow/example_dags/example_branch_python_dop_operator_3.py
[2025-01-30T08:57:07.549+0000] {processor.py:830} INFO - Processing file /home/airflow/.local/lib/python3.12/site-packages/airflow/example_dags/example_branch_python_dop_operator_3.py for tasks to queue
[2025-01-30T08:57:07.551+0000] {logging_mixin.py:188} INFO - [2025-01-30T08:57:07.550+0000] {dagbag.py:545} INFO - Filling up the DagBag from /home/airflow/.local/lib/python3.12/site-packages/airflow/example_dags/example_branch_python_dop_operator_3.py
[2025-01-30T08:57:07.560+0000] {processor.py:840} INFO - DAG(s) 'example_branch_dop_operator_v3' retrieved from /home/airflow/.local/lib/python3.12/site-packages/airflow/example_dags/example_branch_python_dop_operator_3.py
[2025-01-30T08:57:07.580+0000] {logging_mixin.py:188} INFO - [2025-01-30T08:57:07.580+0000] {dag.py:3096} INFO - Sync 1 DAGs
[2025-01-30T08:57:07.606+0000] {logging_mixin.py:188} INFO - [2025-01-30T08:57:07.605+0000] {dag.py:3954} INFO - Setting next_dagrun for example_branch_dop_operator_v3 to 2025-01-30 08:56:00+00:00, run_after=2025-01-30 08:57:00+00:00
[2025-01-30T08:57:07.629+0000] {processor.py:183} INFO - Processing /home/airflow/.local/lib/python3.12/site-packages/airflow/example_dags/example_branch_python_dop_operator_3.py took 0.086 seconds
[2025-01-30T08:57:37.914+0000] {processor.py:161} INFO - Started process (PID=1681) to work on /home/airflow/.local/lib/python3.12/site-packages/airflow/example_dags/example_branch_python_dop_operator_3.py
[2025-01-30T08:57:37.916+0000] {processor.py:830} INFO - Processing file /home/airflow/.local/lib/python3.12/site-packages/airflow/example_dags/example_branch_python_dop_operator_3.py for tasks to queue
[2025-01-30T08:57:37.918+0000] {logging_mixin.py:188} INFO - [2025-01-30T08:57:37.918+0000] {dagbag.py:545} INFO - Filling up the DagBag from /home/airflow/.local/lib/python3.12/site-packages/airflow/example_dags/example_branch_python_dop_operator_3.py
[2025-01-30T08:57:37.926+0000] {processor.py:840} INFO - DAG(s) 'example_branch_dop_operator_v3' retrieved from /home/airflow/.local/lib/python3.12/site-packages/airflow/example_dags/example_branch_python_dop_operator_3.py
[2025-01-30T08:57:37.947+0000] {logging_mixin.py:188} INFO - [2025-01-30T08:57:37.947+0000] {dag.py:3096} INFO - Sync 1 DAGs
[2025-01-30T08:57:37.974+0000] {logging_mixin.py:188} INFO - [2025-01-30T08:57:37.974+0000] {dag.py:3954} INFO - Setting next_dagrun for example_branch_dop_operator_v3 to 2025-01-30 08:56:00+00:00, run_after=2025-01-30 08:57:00+00:00
[2025-01-30T08:57:38.002+0000] {processor.py:183} INFO - Processing /home/airflow/.local/lib/python3.12/site-packages/airflow/example_dags/example_branch_python_dop_operator_3.py took 0.093 seconds
[2025-01-30T08:58:08.935+0000] {processor.py:161} INFO - Started process (PID=1739) to work on /home/airflow/.local/lib/python3.12/site-packages/airflow/example_dags/example_branch_python_dop_operator_3.py
[2025-01-30T08:58:08.936+0000] {processor.py:830} INFO - Processing file /home/airflow/.local/lib/python3.12/site-packages/airflow/example_dags/example_branch_python_dop_operator_3.py for tasks to queue
[2025-01-30T08:58:08.938+0000] {logging_mixin.py:188} INFO - [2025-01-30T08:58:08.938+0000] {dagbag.py:545} INFO - Filling up the DagBag from /home/airflow/.local/lib/python3.12/site-packages/airflow/example_dags/example_branch_python_dop_operator_3.py
[2025-01-30T08:58:08.946+0000] {processor.py:840} INFO - DAG(s) 'example_branch_dop_operator_v3' retrieved from /home/airflow/.local/lib/python3.12/site-packages/airflow/example_dags/example_branch_python_dop_operator_3.py
[2025-01-30T08:58:08.966+0000] {logging_mixin.py:188} INFO - [2025-01-30T08:58:08.966+0000] {dag.py:3096} INFO - Sync 1 DAGs
[2025-01-30T08:58:09.000+0000] {logging_mixin.py:188} INFO - [2025-01-30T08:58:09.000+0000] {dag.py:3954} INFO - Setting next_dagrun for example_branch_dop_operator_v3 to 2025-01-30 08:57:00+00:00, run_after=2025-01-30 08:58:00+00:00
[2025-01-30T08:58:09.029+0000] {processor.py:183} INFO - Processing /home/airflow/.local/lib/python3.12/site-packages/airflow/example_dags/example_branch_python_dop_operator_3.py took 0.099 seconds
[2025-01-30T08:58:39.515+0000] {processor.py:161} INFO - Started process (PID=1797) to work on /home/airflow/.local/lib/python3.12/site-packages/airflow/example_dags/example_branch_python_dop_operator_3.py
[2025-01-30T08:58:39.516+0000] {processor.py:830} INFO - Processing file /home/airflow/.local/lib/python3.12/site-packages/airflow/example_dags/example_branch_python_dop_operator_3.py for tasks to queue
[2025-01-30T08:58:39.518+0000] {logging_mixin.py:188} INFO - [2025-01-30T08:58:39.518+0000] {dagbag.py:545} INFO - Filling up the DagBag from /home/airflow/.local/lib/python3.12/site-packages/airflow/example_dags/example_branch_python_dop_operator_3.py
[2025-01-30T08:58:39.526+0000] {processor.py:840} INFO - DAG(s) 'example_branch_dop_operator_v3' retrieved from /home/airflow/.local/lib/python3.12/site-packages/airflow/example_dags/example_branch_python_dop_operator_3.py
[2025-01-30T08:58:39.550+0000] {logging_mixin.py:188} INFO - [2025-01-30T08:58:39.550+0000] {dag.py:3096} INFO - Sync 1 DAGs
[2025-01-30T08:58:39.581+0000] {logging_mixin.py:188} INFO - [2025-01-30T08:58:39.581+0000] {dag.py:3954} INFO - Setting next_dagrun for example_branch_dop_operator_v3 to 2025-01-30 08:57:00+00:00, run_after=2025-01-30 08:58:00+00:00
[2025-01-30T08:58:39.608+0000] {processor.py:183} INFO - Processing /home/airflow/.local/lib/python3.12/site-packages/airflow/example_dags/example_branch_python_dop_operator_3.py took 0.098 seconds
[2025-01-30T09:01:53.574+0000] {processor.py:161} INFO - Started process (PID=116) to work on /home/airflow/.local/lib/python3.12/site-packages/airflow/example_dags/example_branch_python_dop_operator_3.py
[2025-01-30T09:01:53.579+0000] {processor.py:830} INFO - Processing file /home/airflow/.local/lib/python3.12/site-packages/airflow/example_dags/example_branch_python_dop_operator_3.py for tasks to queue
[2025-01-30T09:01:53.585+0000] {logging_mixin.py:188} INFO - [2025-01-30T09:01:53.584+0000] {dagbag.py:545} INFO - Filling up the DagBag from /home/airflow/.local/lib/python3.12/site-packages/airflow/example_dags/example_branch_python_dop_operator_3.py
[2025-01-30T09:01:53.594+0000] {processor.py:840} INFO - DAG(s) 'example_branch_dop_operator_v3' retrieved from /home/airflow/.local/lib/python3.12/site-packages/airflow/example_dags/example_branch_python_dop_operator_3.py
[2025-01-30T09:01:53.773+0000] {logging_mixin.py:188} INFO - [2025-01-30T09:01:53.772+0000] {dag.py:3096} INFO - Sync 1 DAGs
[2025-01-30T09:01:53.805+0000] {logging_mixin.py:188} INFO - [2025-01-30T09:01:53.804+0000] {dag.py:3954} INFO - Setting next_dagrun for example_branch_dop_operator_v3 to 2025-01-30 09:00:00+00:00, run_after=2025-01-30 09:01:00+00:00
[2025-01-30T09:01:53.837+0000] {processor.py:183} INFO - Processing /home/airflow/.local/lib/python3.12/site-packages/airflow/example_dags/example_branch_python_dop_operator_3.py took 0.279 seconds
[2025-01-30T09:02:24.003+0000] {processor.py:161} INFO - Started process (PID=174) to work on /home/airflow/.local/lib/python3.12/site-packages/airflow/example_dags/example_branch_python_dop_operator_3.py
[2025-01-30T09:02:24.004+0000] {processor.py:830} INFO - Processing file /home/airflow/.local/lib/python3.12/site-packages/airflow/example_dags/example_branch_python_dop_operator_3.py for tasks to queue
[2025-01-30T09:02:24.006+0000] {logging_mixin.py:188} INFO - [2025-01-30T09:02:24.006+0000] {dagbag.py:545} INFO - Filling up the DagBag from /home/airflow/.local/lib/python3.12/site-packages/airflow/example_dags/example_branch_python_dop_operator_3.py
[2025-01-30T09:02:24.013+0000] {processor.py:840} INFO - DAG(s) 'example_branch_dop_operator_v3' retrieved from /home/airflow/.local/lib/python3.12/site-packages/airflow/example_dags/example_branch_python_dop_operator_3.py
[2025-01-30T09:02:24.034+0000] {logging_mixin.py:188} INFO - [2025-01-30T09:02:24.034+0000] {dag.py:3096} INFO - Sync 1 DAGs
[2025-01-30T09:02:24.063+0000] {logging_mixin.py:188} INFO - [2025-01-30T09:02:24.063+0000] {dag.py:3954} INFO - Setting next_dagrun for example_branch_dop_operator_v3 to 2025-01-30 09:01:00+00:00, run_after=2025-01-30 09:02:00+00:00
[2025-01-30T09:02:24.085+0000] {processor.py:183} INFO - Processing /home/airflow/.local/lib/python3.12/site-packages/airflow/example_dags/example_branch_python_dop_operator_3.py took 0.087 seconds
[2025-01-30T09:02:54.261+0000] {processor.py:161} INFO - Started process (PID=232) to work on /home/airflow/.local/lib/python3.12/site-packages/airflow/example_dags/example_branch_python_dop_operator_3.py
[2025-01-30T09:02:54.262+0000] {processor.py:830} INFO - Processing file /home/airflow/.local/lib/python3.12/site-packages/airflow/example_dags/example_branch_python_dop_operator_3.py for tasks to queue
[2025-01-30T09:02:54.264+0000] {logging_mixin.py:188} INFO - [2025-01-30T09:02:54.264+0000] {dagbag.py:545} INFO - Filling up the DagBag from /home/airflow/.local/lib/python3.12/site-packages/airflow/example_dags/example_branch_python_dop_operator_3.py
[2025-01-30T09:02:54.272+0000] {processor.py:840} INFO - DAG(s) 'example_branch_dop_operator_v3' retrieved from /home/airflow/.local/lib/python3.12/site-packages/airflow/example_dags/example_branch_python_dop_operator_3.py
[2025-01-30T09:02:54.295+0000] {logging_mixin.py:188} INFO - [2025-01-30T09:02:54.295+0000] {dag.py:3096} INFO - Sync 1 DAGs
[2025-01-30T09:02:54.328+0000] {logging_mixin.py:188} INFO - [2025-01-30T09:02:54.328+0000] {dag.py:3954} INFO - Setting next_dagrun for example_branch_dop_operator_v3 to 2025-01-30 09:01:00+00:00, run_after=2025-01-30 09:02:00+00:00
[2025-01-30T09:02:54.352+0000] {processor.py:183} INFO - Processing /home/airflow/.local/lib/python3.12/site-packages/airflow/example_dags/example_branch_python_dop_operator_3.py took 0.096 seconds
[2025-01-30T09:03:25.026+0000] {processor.py:161} INFO - Started process (PID=290) to work on /home/airflow/.local/lib/python3.12/site-packages/airflow/example_dags/example_branch_python_dop_operator_3.py
[2025-01-30T09:03:25.028+0000] {processor.py:830} INFO - Processing file /home/airflow/.local/lib/python3.12/site-packages/airflow/example_dags/example_branch_python_dop_operator_3.py for tasks to queue
[2025-01-30T09:03:25.034+0000] {logging_mixin.py:188} INFO - [2025-01-30T09:03:25.033+0000] {dagbag.py:545} INFO - Filling up the DagBag from /home/airflow/.local/lib/python3.12/site-packages/airflow/example_dags/example_branch_python_dop_operator_3.py
[2025-01-30T09:03:25.047+0000] {processor.py:840} INFO - DAG(s) 'example_branch_dop_operator_v3' retrieved from /home/airflow/.local/lib/python3.12/site-packages/airflow/example_dags/example_branch_python_dop_operator_3.py
[2025-01-30T09:03:25.083+0000] {logging_mixin.py:188} INFO - [2025-01-30T09:03:25.082+0000] {dag.py:3096} INFO - Sync 1 DAGs
[2025-01-30T09:03:25.119+0000] {logging_mixin.py:188} INFO - [2025-01-30T09:03:25.118+0000] {dag.py:3954} INFO - Setting next_dagrun for example_branch_dop_operator_v3 to 2025-01-30 09:02:00+00:00, run_after=2025-01-30 09:03:00+00:00
[2025-01-30T09:03:25.153+0000] {processor.py:183} INFO - Processing /home/airflow/.local/lib/python3.12/site-packages/airflow/example_dags/example_branch_python_dop_operator_3.py took 0.135 seconds
[2025-01-30T09:05:23.787+0000] {processor.py:161} INFO - Started process (PID=114) to work on /home/airflow/.local/lib/python3.12/site-packages/airflow/example_dags/example_branch_python_dop_operator_3.py
[2025-01-30T09:05:23.788+0000] {processor.py:830} INFO - Processing file /home/airflow/.local/lib/python3.12/site-packages/airflow/example_dags/example_branch_python_dop_operator_3.py for tasks to queue
[2025-01-30T09:05:23.790+0000] {logging_mixin.py:188} INFO - [2025-01-30T09:05:23.790+0000] {dagbag.py:545} INFO - Filling up the DagBag from /home/airflow/.local/lib/python3.12/site-packages/airflow/example_dags/example_branch_python_dop_operator_3.py
[2025-01-30T09:05:23.801+0000] {processor.py:840} INFO - DAG(s) 'example_branch_dop_operator_v3' retrieved from /home/airflow/.local/lib/python3.12/site-packages/airflow/example_dags/example_branch_python_dop_operator_3.py
[2025-01-30T09:05:23.918+0000] {logging_mixin.py:188} INFO - [2025-01-30T09:05:23.918+0000] {dag.py:3096} INFO - Sync 1 DAGs
[2025-01-30T09:05:23.945+0000] {logging_mixin.py:188} INFO - [2025-01-30T09:05:23.945+0000] {dag.py:3954} INFO - Setting next_dagrun for example_branch_dop_operator_v3 to 2025-01-30 09:04:00+00:00, run_after=2025-01-30 09:05:00+00:00
[2025-01-30T09:05:23.971+0000] {processor.py:183} INFO - Processing /home/airflow/.local/lib/python3.12/site-packages/airflow/example_dags/example_branch_python_dop_operator_3.py took 0.190 seconds
[2025-01-30T09:05:54.078+0000] {processor.py:161} INFO - Started process (PID=172) to work on /home/airflow/.local/lib/python3.12/site-packages/airflow/example_dags/example_branch_python_dop_operator_3.py
[2025-01-30T09:05:54.079+0000] {processor.py:830} INFO - Processing file /home/airflow/.local/lib/python3.12/site-packages/airflow/example_dags/example_branch_python_dop_operator_3.py for tasks to queue
[2025-01-30T09:05:54.082+0000] {logging_mixin.py:188} INFO - [2025-01-30T09:05:54.081+0000] {dagbag.py:545} INFO - Filling up the DagBag from /home/airflow/.local/lib/python3.12/site-packages/airflow/example_dags/example_branch_python_dop_operator_3.py
[2025-01-30T09:05:54.090+0000] {processor.py:840} INFO - DAG(s) 'example_branch_dop_operator_v3' retrieved from /home/airflow/.local/lib/python3.12/site-packages/airflow/example_dags/example_branch_python_dop_operator_3.py
[2025-01-30T09:05:54.112+0000] {logging_mixin.py:188} INFO - [2025-01-30T09:05:54.111+0000] {dag.py:3096} INFO - Sync 1 DAGs
[2025-01-30T09:05:54.138+0000] {logging_mixin.py:188} INFO - [2025-01-30T09:05:54.138+0000] {dag.py:3954} INFO - Setting next_dagrun for example_branch_dop_operator_v3 to 2025-01-30 09:04:00+00:00, run_after=2025-01-30 09:05:00+00:00
[2025-01-30T09:05:54.160+0000] {processor.py:183} INFO - Processing /home/airflow/.local/lib/python3.12/site-packages/airflow/example_dags/example_branch_python_dop_operator_3.py took 0.087 seconds
[2025-01-30T09:10:54.174+0000] {processor.py:161} INFO - Started process (PID=117) to work on /home/airflow/.local/lib/python3.12/site-packages/airflow/example_dags/example_branch_python_dop_operator_3.py
[2025-01-30T09:10:54.175+0000] {processor.py:830} INFO - Processing file /home/airflow/.local/lib/python3.12/site-packages/airflow/example_dags/example_branch_python_dop_operator_3.py for tasks to queue
[2025-01-30T09:10:54.177+0000] {logging_mixin.py:188} INFO - [2025-01-30T09:10:54.177+0000] {dagbag.py:545} INFO - Filling up the DagBag from /home/airflow/.local/lib/python3.12/site-packages/airflow/example_dags/example_branch_python_dop_operator_3.py
[2025-01-30T09:10:54.184+0000] {processor.py:840} INFO - DAG(s) 'example_branch_dop_operator_v3' retrieved from /home/airflow/.local/lib/python3.12/site-packages/airflow/example_dags/example_branch_python_dop_operator_3.py
[2025-01-30T09:10:54.290+0000] {logging_mixin.py:188} INFO - [2025-01-30T09:10:54.290+0000] {dag.py:3096} INFO - Sync 1 DAGs
[2025-01-30T09:10:54.317+0000] {logging_mixin.py:188} INFO - [2025-01-30T09:10:54.317+0000] {dag.py:3954} INFO - Setting next_dagrun for example_branch_dop_operator_v3 to 2025-01-30 09:09:00+00:00, run_after=2025-01-30 09:10:00+00:00
[2025-01-30T09:10:54.343+0000] {processor.py:183} INFO - Processing /home/airflow/.local/lib/python3.12/site-packages/airflow/example_dags/example_branch_python_dop_operator_3.py took 0.174 seconds
[2025-01-30T09:11:25.004+0000] {processor.py:161} INFO - Started process (PID=176) to work on /home/airflow/.local/lib/python3.12/site-packages/airflow/example_dags/example_branch_python_dop_operator_3.py
[2025-01-30T09:11:25.006+0000] {processor.py:830} INFO - Processing file /home/airflow/.local/lib/python3.12/site-packages/airflow/example_dags/example_branch_python_dop_operator_3.py for tasks to queue
[2025-01-30T09:11:25.008+0000] {logging_mixin.py:188} INFO - [2025-01-30T09:11:25.008+0000] {dagbag.py:545} INFO - Filling up the DagBag from /home/airflow/.local/lib/python3.12/site-packages/airflow/example_dags/example_branch_python_dop_operator_3.py
[2025-01-30T09:11:25.016+0000] {processor.py:840} INFO - DAG(s) 'example_branch_dop_operator_v3' retrieved from /home/airflow/.local/lib/python3.12/site-packages/airflow/example_dags/example_branch_python_dop_operator_3.py
[2025-01-30T09:11:25.039+0000] {logging_mixin.py:188} INFO - [2025-01-30T09:11:25.039+0000] {dag.py:3096} INFO - Sync 1 DAGs
[2025-01-30T09:11:25.069+0000] {logging_mixin.py:188} INFO - [2025-01-30T09:11:25.069+0000] {dag.py:3954} INFO - Setting next_dagrun for example_branch_dop_operator_v3 to 2025-01-30 09:10:00+00:00, run_after=2025-01-30 09:11:00+00:00
[2025-01-30T09:11:25.096+0000] {processor.py:183} INFO - Processing /home/airflow/.local/lib/python3.12/site-packages/airflow/example_dags/example_branch_python_dop_operator_3.py took 0.096 seconds
[2025-01-30T09:11:55.444+0000] {processor.py:161} INFO - Started process (PID=234) to work on /home/airflow/.local/lib/python3.12/site-packages/airflow/example_dags/example_branch_python_dop_operator_3.py
[2025-01-30T09:11:55.445+0000] {processor.py:830} INFO - Processing file /home/airflow/.local/lib/python3.12/site-packages/airflow/example_dags/example_branch_python_dop_operator_3.py for tasks to queue
[2025-01-30T09:11:55.447+0000] {logging_mixin.py:188} INFO - [2025-01-30T09:11:55.447+0000] {dagbag.py:545} INFO - Filling up the DagBag from /home/airflow/.local/lib/python3.12/site-packages/airflow/example_dags/example_branch_python_dop_operator_3.py
[2025-01-30T09:11:55.454+0000] {processor.py:840} INFO - DAG(s) 'example_branch_dop_operator_v3' retrieved from /home/airflow/.local/lib/python3.12/site-packages/airflow/example_dags/example_branch_python_dop_operator_3.py
[2025-01-30T09:11:55.474+0000] {logging_mixin.py:188} INFO - [2025-01-30T09:11:55.474+0000] {dag.py:3096} INFO - Sync 1 DAGs
[2025-01-30T09:11:55.498+0000] {logging_mixin.py:188} INFO - [2025-01-30T09:11:55.498+0000] {dag.py:3954} INFO - Setting next_dagrun for example_branch_dop_operator_v3 to 2025-01-30 09:10:00+00:00, run_after=2025-01-30 09:11:00+00:00
[2025-01-30T09:11:55.525+0000] {processor.py:183} INFO - Processing /home/airflow/.local/lib/python3.12/site-packages/airflow/example_dags/example_branch_python_dop_operator_3.py took 0.088 seconds
[2025-01-30T09:12:26.177+0000] {processor.py:161} INFO - Started process (PID=292) to work on /home/airflow/.local/lib/python3.12/site-packages/airflow/example_dags/example_branch_python_dop_operator_3.py
[2025-01-30T09:12:26.178+0000] {processor.py:830} INFO - Processing file /home/airflow/.local/lib/python3.12/site-packages/airflow/example_dags/example_branch_python_dop_operator_3.py for tasks to queue
[2025-01-30T09:12:26.180+0000] {logging_mixin.py:188} INFO - [2025-01-30T09:12:26.180+0000] {dagbag.py:545} INFO - Filling up the DagBag from /home/airflow/.local/lib/python3.12/site-packages/airflow/example_dags/example_branch_python_dop_operator_3.py
[2025-01-30T09:12:26.188+0000] {processor.py:840} INFO - DAG(s) 'example_branch_dop_operator_v3' retrieved from /home/airflow/.local/lib/python3.12/site-packages/airflow/example_dags/example_branch_python_dop_operator_3.py
[2025-01-30T09:12:26.210+0000] {logging_mixin.py:188} INFO - [2025-01-30T09:12:26.209+0000] {dag.py:3096} INFO - Sync 1 DAGs
[2025-01-30T09:12:26.240+0000] {logging_mixin.py:188} INFO - [2025-01-30T09:12:26.240+0000] {dag.py:3954} INFO - Setting next_dagrun for example_branch_dop_operator_v3 to 2025-01-30 09:11:00+00:00, run_after=2025-01-30 09:12:00+00:00
[2025-01-30T09:12:26.275+0000] {processor.py:183} INFO - Processing /home/airflow/.local/lib/python3.12/site-packages/airflow/example_dags/example_branch_python_dop_operator_3.py took 0.106 seconds
[2025-01-30T09:12:56.351+0000] {processor.py:161} INFO - Started process (PID=350) to work on /home/airflow/.local/lib/python3.12/site-packages/airflow/example_dags/example_branch_python_dop_operator_3.py
[2025-01-30T09:12:56.353+0000] {processor.py:830} INFO - Processing file /home/airflow/.local/lib/python3.12/site-packages/airflow/example_dags/example_branch_python_dop_operator_3.py for tasks to queue
[2025-01-30T09:12:56.356+0000] {logging_mixin.py:188} INFO - [2025-01-30T09:12:56.355+0000] {dagbag.py:545} INFO - Filling up the DagBag from /home/airflow/.local/lib/python3.12/site-packages/airflow/example_dags/example_branch_python_dop_operator_3.py
[2025-01-30T09:12:56.364+0000] {processor.py:840} INFO - DAG(s) 'example_branch_dop_operator_v3' retrieved from /home/airflow/.local/lib/python3.12/site-packages/airflow/example_dags/example_branch_python_dop_operator_3.py
[2025-01-30T09:12:56.391+0000] {logging_mixin.py:188} INFO - [2025-01-30T09:12:56.390+0000] {dag.py:3096} INFO - Sync 1 DAGs
[2025-01-30T09:12:56.423+0000] {logging_mixin.py:188} INFO - [2025-01-30T09:12:56.423+0000] {dag.py:3954} INFO - Setting next_dagrun for example_branch_dop_operator_v3 to 2025-01-30 09:11:00+00:00, run_after=2025-01-30 09:12:00+00:00
[2025-01-30T09:12:56.451+0000] {processor.py:183} INFO - Processing /home/airflow/.local/lib/python3.12/site-packages/airflow/example_dags/example_branch_python_dop_operator_3.py took 0.107 seconds
[2025-01-30T09:13:26.689+0000] {processor.py:161} INFO - Started process (PID=408) to work on /home/airflow/.local/lib/python3.12/site-packages/airflow/example_dags/example_branch_python_dop_operator_3.py
[2025-01-30T09:13:26.690+0000] {processor.py:830} INFO - Processing file /home/airflow/.local/lib/python3.12/site-packages/airflow/example_dags/example_branch_python_dop_operator_3.py for tasks to queue
[2025-01-30T09:13:26.692+0000] {logging_mixin.py:188} INFO - [2025-01-30T09:13:26.691+0000] {dagbag.py:545} INFO - Filling up the DagBag from /home/airflow/.local/lib/python3.12/site-packages/airflow/example_dags/example_branch_python_dop_operator_3.py
[2025-01-30T09:13:26.704+0000] {processor.py:840} INFO - DAG(s) 'example_branch_dop_operator_v3' retrieved from /home/airflow/.local/lib/python3.12/site-packages/airflow/example_dags/example_branch_python_dop_operator_3.py
[2025-01-30T09:13:26.731+0000] {logging_mixin.py:188} INFO - [2025-01-30T09:13:26.730+0000] {dag.py:3096} INFO - Sync 1 DAGs
[2025-01-30T09:13:26.760+0000] {logging_mixin.py:188} INFO - [2025-01-30T09:13:26.759+0000] {dag.py:3954} INFO - Setting next_dagrun for example_branch_dop_operator_v3 to 2025-01-30 09:12:00+00:00, run_after=2025-01-30 09:13:00+00:00
[2025-01-30T09:13:26.784+0000] {processor.py:183} INFO - Processing /home/airflow/.local/lib/python3.12/site-packages/airflow/example_dags/example_branch_python_dop_operator_3.py took 0.099 seconds
[2025-01-30T09:13:56.834+0000] {processor.py:161} INFO - Started process (PID=466) to work on /home/airflow/.local/lib/python3.12/site-packages/airflow/example_dags/example_branch_python_dop_operator_3.py
[2025-01-30T09:13:56.835+0000] {processor.py:830} INFO - Processing file /home/airflow/.local/lib/python3.12/site-packages/airflow/example_dags/example_branch_python_dop_operator_3.py for tasks to queue
[2025-01-30T09:13:56.837+0000] {logging_mixin.py:188} INFO - [2025-01-30T09:13:56.837+0000] {dagbag.py:545} INFO - Filling up the DagBag from /home/airflow/.local/lib/python3.12/site-packages/airflow/example_dags/example_branch_python_dop_operator_3.py
[2025-01-30T09:13:56.844+0000] {processor.py:840} INFO - DAG(s) 'example_branch_dop_operator_v3' retrieved from /home/airflow/.local/lib/python3.12/site-packages/airflow/example_dags/example_branch_python_dop_operator_3.py
[2025-01-30T09:13:56.865+0000] {logging_mixin.py:188} INFO - [2025-01-30T09:13:56.864+0000] {dag.py:3096} INFO - Sync 1 DAGs
[2025-01-30T09:13:56.892+0000] {logging_mixin.py:188} INFO - [2025-01-30T09:13:56.892+0000] {dag.py:3954} INFO - Setting next_dagrun for example_branch_dop_operator_v3 to 2025-01-30 09:12:00+00:00, run_after=2025-01-30 09:13:00+00:00
[2025-01-30T09:13:56.915+0000] {processor.py:183} INFO - Processing /home/airflow/.local/lib/python3.12/site-packages/airflow/example_dags/example_branch_python_dop_operator_3.py took 0.086 seconds
[2025-01-30T09:14:27.342+0000] {processor.py:161} INFO - Started process (PID=524) to work on /home/airflow/.local/lib/python3.12/site-packages/airflow/example_dags/example_branch_python_dop_operator_3.py
[2025-01-30T09:14:27.343+0000] {processor.py:830} INFO - Processing file /home/airflow/.local/lib/python3.12/site-packages/airflow/example_dags/example_branch_python_dop_operator_3.py for tasks to queue
[2025-01-30T09:14:27.346+0000] {logging_mixin.py:188} INFO - [2025-01-30T09:14:27.345+0000] {dagbag.py:545} INFO - Filling up the DagBag from /home/airflow/.local/lib/python3.12/site-packages/airflow/example_dags/example_branch_python_dop_operator_3.py
[2025-01-30T09:14:27.354+0000] {processor.py:840} INFO - DAG(s) 'example_branch_dop_operator_v3' retrieved from /home/airflow/.local/lib/python3.12/site-packages/airflow/example_dags/example_branch_python_dop_operator_3.py
[2025-01-30T09:14:27.375+0000] {logging_mixin.py:188} INFO - [2025-01-30T09:14:27.374+0000] {dag.py:3096} INFO - Sync 1 DAGs
[2025-01-30T09:14:27.402+0000] {logging_mixin.py:188} INFO - [2025-01-30T09:14:27.402+0000] {dag.py:3954} INFO - Setting next_dagrun for example_branch_dop_operator_v3 to 2025-01-30 09:13:00+00:00, run_after=2025-01-30 09:14:00+00:00
[2025-01-30T09:14:27.429+0000] {processor.py:183} INFO - Processing /home/airflow/.local/lib/python3.12/site-packages/airflow/example_dags/example_branch_python_dop_operator_3.py took 0.092 seconds
[2025-01-30T09:14:57.591+0000] {processor.py:161} INFO - Started process (PID=582) to work on /home/airflow/.local/lib/python3.12/site-packages/airflow/example_dags/example_branch_python_dop_operator_3.py
[2025-01-30T09:14:57.592+0000] {processor.py:830} INFO - Processing file /home/airflow/.local/lib/python3.12/site-packages/airflow/example_dags/example_branch_python_dop_operator_3.py for tasks to queue
[2025-01-30T09:14:57.594+0000] {logging_mixin.py:188} INFO - [2025-01-30T09:14:57.594+0000] {dagbag.py:545} INFO - Filling up the DagBag from /home/airflow/.local/lib/python3.12/site-packages/airflow/example_dags/example_branch_python_dop_operator_3.py
[2025-01-30T09:14:57.602+0000] {processor.py:840} INFO - DAG(s) 'example_branch_dop_operator_v3' retrieved from /home/airflow/.local/lib/python3.12/site-packages/airflow/example_dags/example_branch_python_dop_operator_3.py
[2025-01-30T09:14:57.626+0000] {logging_mixin.py:188} INFO - [2025-01-30T09:14:57.625+0000] {dag.py:3096} INFO - Sync 1 DAGs
[2025-01-30T09:14:57.657+0000] {logging_mixin.py:188} INFO - [2025-01-30T09:14:57.657+0000] {dag.py:3954} INFO - Setting next_dagrun for example_branch_dop_operator_v3 to 2025-01-30 09:13:00+00:00, run_after=2025-01-30 09:14:00+00:00
[2025-01-30T09:14:57.684+0000] {processor.py:183} INFO - Processing /home/airflow/.local/lib/python3.12/site-packages/airflow/example_dags/example_branch_python_dop_operator_3.py took 0.099 seconds
[2025-01-30T09:15:28.257+0000] {processor.py:161} INFO - Started process (PID=639) to work on /home/airflow/.local/lib/python3.12/site-packages/airflow/example_dags/example_branch_python_dop_operator_3.py
[2025-01-30T09:15:28.258+0000] {processor.py:830} INFO - Processing file /home/airflow/.local/lib/python3.12/site-packages/airflow/example_dags/example_branch_python_dop_operator_3.py for tasks to queue
[2025-01-30T09:15:28.260+0000] {logging_mixin.py:188} INFO - [2025-01-30T09:15:28.259+0000] {dagbag.py:545} INFO - Filling up the DagBag from /home/airflow/.local/lib/python3.12/site-packages/airflow/example_dags/example_branch_python_dop_operator_3.py
[2025-01-30T09:15:28.267+0000] {processor.py:840} INFO - DAG(s) 'example_branch_dop_operator_v3' retrieved from /home/airflow/.local/lib/python3.12/site-packages/airflow/example_dags/example_branch_python_dop_operator_3.py
[2025-01-30T09:15:28.291+0000] {logging_mixin.py:188} INFO - [2025-01-30T09:15:28.291+0000] {dag.py:3096} INFO - Sync 1 DAGs
[2025-01-30T09:15:28.321+0000] {logging_mixin.py:188} INFO - [2025-01-30T09:15:28.320+0000] {dag.py:3954} INFO - Setting next_dagrun for example_branch_dop_operator_v3 to 2025-01-30 09:14:00+00:00, run_after=2025-01-30 09:15:00+00:00
[2025-01-30T09:15:28.350+0000] {processor.py:183} INFO - Processing /home/airflow/.local/lib/python3.12/site-packages/airflow/example_dags/example_branch_python_dop_operator_3.py took 0.099 seconds
[2025-01-30T09:15:58.630+0000] {processor.py:161} INFO - Started process (PID=697) to work on /home/airflow/.local/lib/python3.12/site-packages/airflow/example_dags/example_branch_python_dop_operator_3.py
[2025-01-30T09:15:58.631+0000] {processor.py:830} INFO - Processing file /home/airflow/.local/lib/python3.12/site-packages/airflow/example_dags/example_branch_python_dop_operator_3.py for tasks to queue
[2025-01-30T09:15:58.633+0000] {logging_mixin.py:188} INFO - [2025-01-30T09:15:58.633+0000] {dagbag.py:545} INFO - Filling up the DagBag from /home/airflow/.local/lib/python3.12/site-packages/airflow/example_dags/example_branch_python_dop_operator_3.py
[2025-01-30T09:15:58.640+0000] {processor.py:840} INFO - DAG(s) 'example_branch_dop_operator_v3' retrieved from /home/airflow/.local/lib/python3.12/site-packages/airflow/example_dags/example_branch_python_dop_operator_3.py
[2025-01-30T09:15:58.660+0000] {logging_mixin.py:188} INFO - [2025-01-30T09:15:58.660+0000] {dag.py:3096} INFO - Sync 1 DAGs
[2025-01-30T09:15:58.687+0000] {logging_mixin.py:188} INFO - [2025-01-30T09:15:58.687+0000] {dag.py:3954} INFO - Setting next_dagrun for example_branch_dop_operator_v3 to 2025-01-30 09:14:00+00:00, run_after=2025-01-30 09:15:00+00:00
[2025-01-30T09:15:58.713+0000] {processor.py:183} INFO - Processing /home/airflow/.local/lib/python3.12/site-packages/airflow/example_dags/example_branch_python_dop_operator_3.py took 0.088 seconds
[2025-01-30T09:16:29.392+0000] {processor.py:161} INFO - Started process (PID=755) to work on /home/airflow/.local/lib/python3.12/site-packages/airflow/example_dags/example_branch_python_dop_operator_3.py
[2025-01-30T09:16:29.393+0000] {processor.py:830} INFO - Processing file /home/airflow/.local/lib/python3.12/site-packages/airflow/example_dags/example_branch_python_dop_operator_3.py for tasks to queue
[2025-01-30T09:16:29.395+0000] {logging_mixin.py:188} INFO - [2025-01-30T09:16:29.395+0000] {dagbag.py:545} INFO - Filling up the DagBag from /home/airflow/.local/lib/python3.12/site-packages/airflow/example_dags/example_branch_python_dop_operator_3.py
[2025-01-30T09:16:29.402+0000] {processor.py:840} INFO - DAG(s) 'example_branch_dop_operator_v3' retrieved from /home/airflow/.local/lib/python3.12/site-packages/airflow/example_dags/example_branch_python_dop_operator_3.py
[2025-01-30T09:16:29.422+0000] {logging_mixin.py:188} INFO - [2025-01-30T09:16:29.422+0000] {dag.py:3096} INFO - Sync 1 DAGs
[2025-01-30T09:16:29.451+0000] {logging_mixin.py:188} INFO - [2025-01-30T09:16:29.450+0000] {dag.py:3954} INFO - Setting next_dagrun for example_branch_dop_operator_v3 to 2025-01-30 09:15:00+00:00, run_after=2025-01-30 09:16:00+00:00
[2025-01-30T09:16:29.473+0000] {processor.py:183} INFO - Processing /home/airflow/.local/lib/python3.12/site-packages/airflow/example_dags/example_branch_python_dop_operator_3.py took 0.087 seconds
[2025-01-30T09:16:59.644+0000] {processor.py:161} INFO - Started process (PID=813) to work on /home/airflow/.local/lib/python3.12/site-packages/airflow/example_dags/example_branch_python_dop_operator_3.py
[2025-01-30T09:16:59.645+0000] {processor.py:830} INFO - Processing file /home/airflow/.local/lib/python3.12/site-packages/airflow/example_dags/example_branch_python_dop_operator_3.py for tasks to queue
[2025-01-30T09:16:59.648+0000] {logging_mixin.py:188} INFO - [2025-01-30T09:16:59.647+0000] {dagbag.py:545} INFO - Filling up the DagBag from /home/airflow/.local/lib/python3.12/site-packages/airflow/example_dags/example_branch_python_dop_operator_3.py
[2025-01-30T09:16:59.656+0000] {processor.py:840} INFO - DAG(s) 'example_branch_dop_operator_v3' retrieved from /home/airflow/.local/lib/python3.12/site-packages/airflow/example_dags/example_branch_python_dop_operator_3.py
[2025-01-30T09:16:59.680+0000] {logging_mixin.py:188} INFO - [2025-01-30T09:16:59.680+0000] {dag.py:3096} INFO - Sync 1 DAGs
[2025-01-30T09:16:59.708+0000] {logging_mixin.py:188} INFO - [2025-01-30T09:16:59.708+0000] {dag.py:3954} INFO - Setting next_dagrun for example_branch_dop_operator_v3 to 2025-01-30 09:15:00+00:00, run_after=2025-01-30 09:16:00+00:00
[2025-01-30T09:16:59.734+0000] {processor.py:183} INFO - Processing /home/airflow/.local/lib/python3.12/site-packages/airflow/example_dags/example_branch_python_dop_operator_3.py took 0.095 seconds
[2025-01-30T09:17:30.108+0000] {processor.py:161} INFO - Started process (PID=871) to work on /home/airflow/.local/lib/python3.12/site-packages/airflow/example_dags/example_branch_python_dop_operator_3.py
[2025-01-30T09:17:30.109+0000] {processor.py:830} INFO - Processing file /home/airflow/.local/lib/python3.12/site-packages/airflow/example_dags/example_branch_python_dop_operator_3.py for tasks to queue
[2025-01-30T09:17:30.111+0000] {logging_mixin.py:188} INFO - [2025-01-30T09:17:30.111+0000] {dagbag.py:545} INFO - Filling up the DagBag from /home/airflow/.local/lib/python3.12/site-packages/airflow/example_dags/example_branch_python_dop_operator_3.py
[2025-01-30T09:17:30.120+0000] {processor.py:840} INFO - DAG(s) 'example_branch_dop_operator_v3' retrieved from /home/airflow/.local/lib/python3.12/site-packages/airflow/example_dags/example_branch_python_dop_operator_3.py
[2025-01-30T09:17:30.141+0000] {logging_mixin.py:188} INFO - [2025-01-30T09:17:30.141+0000] {dag.py:3096} INFO - Sync 1 DAGs
[2025-01-30T09:17:30.169+0000] {logging_mixin.py:188} INFO - [2025-01-30T09:17:30.168+0000] {dag.py:3954} INFO - Setting next_dagrun for example_branch_dop_operator_v3 to 2025-01-30 09:16:00+00:00, run_after=2025-01-30 09:17:00+00:00
[2025-01-30T09:17:30.193+0000] {processor.py:183} INFO - Processing /home/airflow/.local/lib/python3.12/site-packages/airflow/example_dags/example_branch_python_dop_operator_3.py took 0.090 seconds
[2025-01-30T09:18:01.425+0000] {processor.py:161} INFO - Started process (PID=930) to work on /home/airflow/.local/lib/python3.12/site-packages/airflow/example_dags/example_branch_python_dop_operator_3.py
[2025-01-30T09:18:01.426+0000] {processor.py:830} INFO - Processing file /home/airflow/.local/lib/python3.12/site-packages/airflow/example_dags/example_branch_python_dop_operator_3.py for tasks to queue
[2025-01-30T09:18:01.428+0000] {logging_mixin.py:188} INFO - [2025-01-30T09:18:01.428+0000] {dagbag.py:545} INFO - Filling up the DagBag from /home/airflow/.local/lib/python3.12/site-packages/airflow/example_dags/example_branch_python_dop_operator_3.py
[2025-01-30T09:18:01.438+0000] {processor.py:840} INFO - DAG(s) 'example_branch_dop_operator_v3' retrieved from /home/airflow/.local/lib/python3.12/site-packages/airflow/example_dags/example_branch_python_dop_operator_3.py
[2025-01-30T09:18:01.458+0000] {logging_mixin.py:188} INFO - [2025-01-30T09:18:01.458+0000] {dag.py:3096} INFO - Sync 1 DAGs
[2025-01-30T09:18:01.484+0000] {logging_mixin.py:188} INFO - [2025-01-30T09:18:01.484+0000] {dag.py:3954} INFO - Setting next_dagrun for example_branch_dop_operator_v3 to 2025-01-30 09:17:00+00:00, run_after=2025-01-30 09:18:00+00:00
[2025-01-30T09:18:01.509+0000] {processor.py:183} INFO - Processing /home/airflow/.local/lib/python3.12/site-packages/airflow/example_dags/example_branch_python_dop_operator_3.py took 0.088 seconds
[2025-01-30T09:20:19.817+0000] {processor.py:161} INFO - Started process (PID=114) to work on /home/airflow/.local/lib/python3.12/site-packages/airflow/example_dags/example_branch_python_dop_operator_3.py
[2025-01-30T09:20:19.818+0000] {processor.py:830} INFO - Processing file /home/airflow/.local/lib/python3.12/site-packages/airflow/example_dags/example_branch_python_dop_operator_3.py for tasks to queue
[2025-01-30T09:20:19.820+0000] {logging_mixin.py:188} INFO - [2025-01-30T09:20:19.820+0000] {dagbag.py:545} INFO - Filling up the DagBag from /home/airflow/.local/lib/python3.12/site-packages/airflow/example_dags/example_branch_python_dop_operator_3.py
[2025-01-30T09:20:19.828+0000] {processor.py:840} INFO - DAG(s) 'example_branch_dop_operator_v3' retrieved from /home/airflow/.local/lib/python3.12/site-packages/airflow/example_dags/example_branch_python_dop_operator_3.py
[2025-01-30T09:20:19.934+0000] {logging_mixin.py:188} INFO - [2025-01-30T09:20:19.934+0000] {dag.py:3096} INFO - Sync 1 DAGs
[2025-01-30T09:20:19.963+0000] {logging_mixin.py:188} INFO - [2025-01-30T09:20:19.963+0000] {dag.py:3954} INFO - Setting next_dagrun for example_branch_dop_operator_v3 to 2025-01-30 09:19:00+00:00, run_after=2025-01-30 09:20:00+00:00
[2025-01-30T09:20:19.992+0000] {processor.py:183} INFO - Processing /home/airflow/.local/lib/python3.12/site-packages/airflow/example_dags/example_branch_python_dop_operator_3.py took 0.179 seconds
[2025-01-30T09:20:50.137+0000] {processor.py:161} INFO - Started process (PID=172) to work on /home/airflow/.local/lib/python3.12/site-packages/airflow/example_dags/example_branch_python_dop_operator_3.py
[2025-01-30T09:20:50.139+0000] {processor.py:830} INFO - Processing file /home/airflow/.local/lib/python3.12/site-packages/airflow/example_dags/example_branch_python_dop_operator_3.py for tasks to queue
[2025-01-30T09:20:50.141+0000] {logging_mixin.py:188} INFO - [2025-01-30T09:20:50.141+0000] {dagbag.py:545} INFO - Filling up the DagBag from /home/airflow/.local/lib/python3.12/site-packages/airflow/example_dags/example_branch_python_dop_operator_3.py
[2025-01-30T09:20:50.149+0000] {processor.py:840} INFO - DAG(s) 'example_branch_dop_operator_v3' retrieved from /home/airflow/.local/lib/python3.12/site-packages/airflow/example_dags/example_branch_python_dop_operator_3.py
[2025-01-30T09:20:50.169+0000] {logging_mixin.py:188} INFO - [2025-01-30T09:20:50.169+0000] {dag.py:3096} INFO - Sync 1 DAGs
[2025-01-30T09:20:50.198+0000] {logging_mixin.py:188} INFO - [2025-01-30T09:20:50.198+0000] {dag.py:3954} INFO - Setting next_dagrun for example_branch_dop_operator_v3 to 2025-01-30 09:19:00+00:00, run_after=2025-01-30 09:20:00+00:00
[2025-01-30T09:20:50.224+0000] {processor.py:183} INFO - Processing /home/airflow/.local/lib/python3.12/site-packages/airflow/example_dags/example_branch_python_dop_operator_3.py took 0.092 seconds
[2025-01-30T09:21:21.214+0000] {processor.py:161} INFO - Started process (PID=230) to work on /home/airflow/.local/lib/python3.12/site-packages/airflow/example_dags/example_branch_python_dop_operator_3.py
[2025-01-30T09:21:21.216+0000] {processor.py:830} INFO - Processing file /home/airflow/.local/lib/python3.12/site-packages/airflow/example_dags/example_branch_python_dop_operator_3.py for tasks to queue
[2025-01-30T09:21:21.217+0000] {logging_mixin.py:188} INFO - [2025-01-30T09:21:21.217+0000] {dagbag.py:545} INFO - Filling up the DagBag from /home/airflow/.local/lib/python3.12/site-packages/airflow/example_dags/example_branch_python_dop_operator_3.py
[2025-01-30T09:21:21.226+0000] {processor.py:840} INFO - DAG(s) 'example_branch_dop_operator_v3' retrieved from /home/airflow/.local/lib/python3.12/site-packages/airflow/example_dags/example_branch_python_dop_operator_3.py
[2025-01-30T09:21:21.246+0000] {logging_mixin.py:188} INFO - [2025-01-30T09:21:21.245+0000] {dag.py:3096} INFO - Sync 1 DAGs
[2025-01-30T09:21:21.270+0000] {logging_mixin.py:188} INFO - [2025-01-30T09:21:21.270+0000] {dag.py:3954} INFO - Setting next_dagrun for example_branch_dop_operator_v3 to 2025-01-30 09:20:00+00:00, run_after=2025-01-30 09:21:00+00:00
[2025-01-30T09:21:21.296+0000] {processor.py:183} INFO - Processing /home/airflow/.local/lib/python3.12/site-packages/airflow/example_dags/example_branch_python_dop_operator_3.py took 0.086 seconds
[2025-01-30T09:21:51.666+0000] {processor.py:161} INFO - Started process (PID=288) to work on /home/airflow/.local/lib/python3.12/site-packages/airflow/example_dags/example_branch_python_dop_operator_3.py
[2025-01-30T09:21:51.667+0000] {processor.py:830} INFO - Processing file /home/airflow/.local/lib/python3.12/site-packages/airflow/example_dags/example_branch_python_dop_operator_3.py for tasks to queue
[2025-01-30T09:21:51.669+0000] {logging_mixin.py:188} INFO - [2025-01-30T09:21:51.669+0000] {dagbag.py:545} INFO - Filling up the DagBag from /home/airflow/.local/lib/python3.12/site-packages/airflow/example_dags/example_branch_python_dop_operator_3.py
[2025-01-30T09:21:51.677+0000] {processor.py:840} INFO - DAG(s) 'example_branch_dop_operator_v3' retrieved from /home/airflow/.local/lib/python3.12/site-packages/airflow/example_dags/example_branch_python_dop_operator_3.py
[2025-01-30T09:21:51.698+0000] {logging_mixin.py:188} INFO - [2025-01-30T09:21:51.698+0000] {dag.py:3096} INFO - Sync 1 DAGs
[2025-01-30T09:21:51.726+0000] {logging_mixin.py:188} INFO - [2025-01-30T09:21:51.726+0000] {dag.py:3954} INFO - Setting next_dagrun for example_branch_dop_operator_v3 to 2025-01-30 09:20:00+00:00, run_after=2025-01-30 09:21:00+00:00
[2025-01-30T09:21:51.751+0000] {processor.py:183} INFO - Processing /home/airflow/.local/lib/python3.12/site-packages/airflow/example_dags/example_branch_python_dop_operator_3.py took 0.089 seconds
[2025-01-30T09:22:21.797+0000] {processor.py:161} INFO - Started process (PID=347) to work on /home/airflow/.local/lib/python3.12/site-packages/airflow/example_dags/example_branch_python_dop_operator_3.py
[2025-01-30T09:22:21.798+0000] {processor.py:830} INFO - Processing file /home/airflow/.local/lib/python3.12/site-packages/airflow/example_dags/example_branch_python_dop_operator_3.py for tasks to queue
[2025-01-30T09:22:21.800+0000] {logging_mixin.py:188} INFO - [2025-01-30T09:22:21.800+0000] {dagbag.py:545} INFO - Filling up the DagBag from /home/airflow/.local/lib/python3.12/site-packages/airflow/example_dags/example_branch_python_dop_operator_3.py
[2025-01-30T09:22:21.809+0000] {processor.py:840} INFO - DAG(s) 'example_branch_dop_operator_v3' retrieved from /home/airflow/.local/lib/python3.12/site-packages/airflow/example_dags/example_branch_python_dop_operator_3.py
[2025-01-30T09:22:21.830+0000] {logging_mixin.py:188} INFO - [2025-01-30T09:22:21.830+0000] {dag.py:3096} INFO - Sync 1 DAGs
[2025-01-30T09:22:21.857+0000] {logging_mixin.py:188} INFO - [2025-01-30T09:22:21.856+0000] {dag.py:3954} INFO - Setting next_dagrun for example_branch_dop_operator_v3 to 2025-01-30 09:21:00+00:00, run_after=2025-01-30 09:22:00+00:00
[2025-01-30T09:22:21.879+0000] {processor.py:183} INFO - Processing /home/airflow/.local/lib/python3.12/site-packages/airflow/example_dags/example_branch_python_dop_operator_3.py took 0.087 seconds
[2025-01-30T09:22:52.573+0000] {processor.py:161} INFO - Started process (PID=405) to work on /home/airflow/.local/lib/python3.12/site-packages/airflow/example_dags/example_branch_python_dop_operator_3.py
[2025-01-30T09:22:52.574+0000] {processor.py:830} INFO - Processing file /home/airflow/.local/lib/python3.12/site-packages/airflow/example_dags/example_branch_python_dop_operator_3.py for tasks to queue
[2025-01-30T09:22:52.576+0000] {logging_mixin.py:188} INFO - [2025-01-30T09:22:52.576+0000] {dagbag.py:545} INFO - Filling up the DagBag from /home/airflow/.local/lib/python3.12/site-packages/airflow/example_dags/example_branch_python_dop_operator_3.py
[2025-01-30T09:22:52.584+0000] {processor.py:840} INFO - DAG(s) 'example_branch_dop_operator_v3' retrieved from /home/airflow/.local/lib/python3.12/site-packages/airflow/example_dags/example_branch_python_dop_operator_3.py
[2025-01-30T09:22:52.606+0000] {logging_mixin.py:188} INFO - [2025-01-30T09:22:52.606+0000] {dag.py:3096} INFO - Sync 1 DAGs
[2025-01-30T09:22:52.634+0000] {logging_mixin.py:188} INFO - [2025-01-30T09:22:52.634+0000] {dag.py:3954} INFO - Setting next_dagrun for example_branch_dop_operator_v3 to 2025-01-30 09:21:00+00:00, run_after=2025-01-30 09:22:00+00:00
[2025-01-30T09:22:52.658+0000] {processor.py:183} INFO - Processing /home/airflow/.local/lib/python3.12/site-packages/airflow/example_dags/example_branch_python_dop_operator_3.py took 0.090 seconds
[2025-01-30T09:23:23.141+0000] {processor.py:161} INFO - Started process (PID=463) to work on /home/airflow/.local/lib/python3.12/site-packages/airflow/example_dags/example_branch_python_dop_operator_3.py
[2025-01-30T09:23:23.142+0000] {processor.py:830} INFO - Processing file /home/airflow/.local/lib/python3.12/site-packages/airflow/example_dags/example_branch_python_dop_operator_3.py for tasks to queue
[2025-01-30T09:23:23.144+0000] {logging_mixin.py:188} INFO - [2025-01-30T09:23:23.144+0000] {dagbag.py:545} INFO - Filling up the DagBag from /home/airflow/.local/lib/python3.12/site-packages/airflow/example_dags/example_branch_python_dop_operator_3.py
[2025-01-30T09:23:23.151+0000] {processor.py:840} INFO - DAG(s) 'example_branch_dop_operator_v3' retrieved from /home/airflow/.local/lib/python3.12/site-packages/airflow/example_dags/example_branch_python_dop_operator_3.py
[2025-01-30T09:23:23.171+0000] {logging_mixin.py:188} INFO - [2025-01-30T09:23:23.171+0000] {dag.py:3096} INFO - Sync 1 DAGs
[2025-01-30T09:23:23.199+0000] {logging_mixin.py:188} INFO - [2025-01-30T09:23:23.199+0000] {dag.py:3954} INFO - Setting next_dagrun for example_branch_dop_operator_v3 to 2025-01-30 09:22:00+00:00, run_after=2025-01-30 09:23:00+00:00
[2025-01-30T09:23:23.222+0000] {processor.py:183} INFO - Processing /home/airflow/.local/lib/python3.12/site-packages/airflow/example_dags/example_branch_python_dop_operator_3.py took 0.086 seconds
[2025-01-30T09:23:53.867+0000] {processor.py:161} INFO - Started process (PID=521) to work on /home/airflow/.local/lib/python3.12/site-packages/airflow/example_dags/example_branch_python_dop_operator_3.py
[2025-01-30T09:23:53.868+0000] {processor.py:830} INFO - Processing file /home/airflow/.local/lib/python3.12/site-packages/airflow/example_dags/example_branch_python_dop_operator_3.py for tasks to queue
[2025-01-30T09:23:53.871+0000] {logging_mixin.py:188} INFO - [2025-01-30T09:23:53.870+0000] {dagbag.py:545} INFO - Filling up the DagBag from /home/airflow/.local/lib/python3.12/site-packages/airflow/example_dags/example_branch_python_dop_operator_3.py
[2025-01-30T09:23:53.881+0000] {processor.py:840} INFO - DAG(s) 'example_branch_dop_operator_v3' retrieved from /home/airflow/.local/lib/python3.12/site-packages/airflow/example_dags/example_branch_python_dop_operator_3.py
[2025-01-30T09:23:53.914+0000] {logging_mixin.py:188} INFO - [2025-01-30T09:23:53.914+0000] {dag.py:3096} INFO - Sync 1 DAGs
[2025-01-30T09:23:53.952+0000] {logging_mixin.py:188} INFO - [2025-01-30T09:23:53.952+0000] {dag.py:3954} INFO - Setting next_dagrun for example_branch_dop_operator_v3 to 2025-01-30 09:22:00+00:00, run_after=2025-01-30 09:23:00+00:00
[2025-01-30T09:23:53.983+0000] {processor.py:183} INFO - Processing /home/airflow/.local/lib/python3.12/site-packages/airflow/example_dags/example_branch_python_dop_operator_3.py took 0.121 seconds
[2025-01-30T09:24:24.296+0000] {processor.py:161} INFO - Started process (PID=579) to work on /home/airflow/.local/lib/python3.12/site-packages/airflow/example_dags/example_branch_python_dop_operator_3.py
[2025-01-30T09:24:24.297+0000] {processor.py:830} INFO - Processing file /home/airflow/.local/lib/python3.12/site-packages/airflow/example_dags/example_branch_python_dop_operator_3.py for tasks to queue
[2025-01-30T09:24:24.300+0000] {logging_mixin.py:188} INFO - [2025-01-30T09:24:24.299+0000] {dagbag.py:545} INFO - Filling up the DagBag from /home/airflow/.local/lib/python3.12/site-packages/airflow/example_dags/example_branch_python_dop_operator_3.py
[2025-01-30T09:24:24.308+0000] {processor.py:840} INFO - DAG(s) 'example_branch_dop_operator_v3' retrieved from /home/airflow/.local/lib/python3.12/site-packages/airflow/example_dags/example_branch_python_dop_operator_3.py
[2025-01-30T09:24:24.337+0000] {logging_mixin.py:188} INFO - [2025-01-30T09:24:24.336+0000] {dag.py:3096} INFO - Sync 1 DAGs
[2025-01-30T09:24:24.372+0000] {logging_mixin.py:188} INFO - [2025-01-30T09:24:24.372+0000] {dag.py:3954} INFO - Setting next_dagrun for example_branch_dop_operator_v3 to 2025-01-30 09:23:00+00:00, run_after=2025-01-30 09:24:00+00:00
[2025-01-30T09:24:24.400+0000] {processor.py:183} INFO - Processing /home/airflow/.local/lib/python3.12/site-packages/airflow/example_dags/example_branch_python_dop_operator_3.py took 0.110 seconds
[2025-01-30T09:24:54.445+0000] {processor.py:161} INFO - Started process (PID=637) to work on /home/airflow/.local/lib/python3.12/site-packages/airflow/example_dags/example_branch_python_dop_operator_3.py
[2025-01-30T09:24:54.447+0000] {processor.py:830} INFO - Processing file /home/airflow/.local/lib/python3.12/site-packages/airflow/example_dags/example_branch_python_dop_operator_3.py for tasks to queue
[2025-01-30T09:24:54.450+0000] {logging_mixin.py:188} INFO - [2025-01-30T09:24:54.450+0000] {dagbag.py:545} INFO - Filling up the DagBag from /home/airflow/.local/lib/python3.12/site-packages/airflow/example_dags/example_branch_python_dop_operator_3.py
[2025-01-30T09:24:54.458+0000] {processor.py:840} INFO - DAG(s) 'example_branch_dop_operator_v3' retrieved from /home/airflow/.local/lib/python3.12/site-packages/airflow/example_dags/example_branch_python_dop_operator_3.py
[2025-01-30T09:24:54.481+0000] {logging_mixin.py:188} INFO - [2025-01-30T09:24:54.480+0000] {dag.py:3096} INFO - Sync 1 DAGs
[2025-01-30T09:24:54.508+0000] {logging_mixin.py:188} INFO - [2025-01-30T09:24:54.508+0000] {dag.py:3954} INFO - Setting next_dagrun for example_branch_dop_operator_v3 to 2025-01-30 09:23:00+00:00, run_after=2025-01-30 09:24:00+00:00
[2025-01-30T09:24:54.531+0000] {processor.py:183} INFO - Processing /home/airflow/.local/lib/python3.12/site-packages/airflow/example_dags/example_branch_python_dop_operator_3.py took 0.090 seconds
