[2025-01-30T08:43:57.129+0000] {processor.py:161} INFO - Started process (PID=126) to work on /home/airflow/.local/lib/python3.12/site-packages/airflow/example_dags/example_time_delta_sensor_async.py
[2025-01-30T08:43:57.130+0000] {processor.py:830} INFO - Processing file /home/airflow/.local/lib/python3.12/site-packages/airflow/example_dags/example_time_delta_sensor_async.py for tasks to queue
[2025-01-30T08:43:57.132+0000] {logging_mixin.py:188} INFO - [2025-01-30T08:43:57.131+0000] {dagbag.py:545} INFO - Filling up the DagBag from /home/airflow/.local/lib/python3.12/site-packages/airflow/example_dags/example_time_delta_sensor_async.py
[2025-01-30T08:43:57.137+0000] {processor.py:840} INFO - DAG(s) 'example_time_delta_sensor_async' retrieved from /home/airflow/.local/lib/python3.12/site-packages/airflow/example_dags/example_time_delta_sensor_async.py
[2025-01-30T08:43:57.248+0000] {logging_mixin.py:188} INFO - [2025-01-30T08:43:57.248+0000] {dag.py:3096} INFO - Sync 1 DAGs
[2025-01-30T08:43:57.263+0000] {logging_mixin.py:188} INFO - [2025-01-30T08:43:57.263+0000] {dag.py:3954} INFO - Setting next_dagrun for example_time_delta_sensor_async to None, run_after=None
[2025-01-30T08:43:57.289+0000] {processor.py:183} INFO - Processing /home/airflow/.local/lib/python3.12/site-packages/airflow/example_dags/example_time_delta_sensor_async.py took 0.165 seconds
[2025-01-30T08:44:28.240+0000] {processor.py:161} INFO - Started process (PID=184) to work on /home/airflow/.local/lib/python3.12/site-packages/airflow/example_dags/example_time_delta_sensor_async.py
[2025-01-30T08:44:28.241+0000] {processor.py:830} INFO - Processing file /home/airflow/.local/lib/python3.12/site-packages/airflow/example_dags/example_time_delta_sensor_async.py for tasks to queue
[2025-01-30T08:44:28.242+0000] {logging_mixin.py:188} INFO - [2025-01-30T08:44:28.242+0000] {dagbag.py:545} INFO - Filling up the DagBag from /home/airflow/.local/lib/python3.12/site-packages/airflow/example_dags/example_time_delta_sensor_async.py
[2025-01-30T08:44:28.246+0000] {processor.py:840} INFO - DAG(s) 'example_time_delta_sensor_async' retrieved from /home/airflow/.local/lib/python3.12/site-packages/airflow/example_dags/example_time_delta_sensor_async.py
[2025-01-30T08:44:28.269+0000] {logging_mixin.py:188} INFO - [2025-01-30T08:44:28.269+0000] {dag.py:3096} INFO - Sync 1 DAGs
[2025-01-30T08:44:28.283+0000] {logging_mixin.py:188} INFO - [2025-01-30T08:44:28.283+0000] {dag.py:3954} INFO - Setting next_dagrun for example_time_delta_sensor_async to None, run_after=None
[2025-01-30T08:44:28.306+0000] {processor.py:183} INFO - Processing /home/airflow/.local/lib/python3.12/site-packages/airflow/example_dags/example_time_delta_sensor_async.py took 0.071 seconds
[2025-01-30T08:44:58.476+0000] {processor.py:161} INFO - Started process (PID=242) to work on /home/airflow/.local/lib/python3.12/site-packages/airflow/example_dags/example_time_delta_sensor_async.py
[2025-01-30T08:44:58.477+0000] {processor.py:830} INFO - Processing file /home/airflow/.local/lib/python3.12/site-packages/airflow/example_dags/example_time_delta_sensor_async.py for tasks to queue
[2025-01-30T08:44:58.479+0000] {logging_mixin.py:188} INFO - [2025-01-30T08:44:58.479+0000] {dagbag.py:545} INFO - Filling up the DagBag from /home/airflow/.local/lib/python3.12/site-packages/airflow/example_dags/example_time_delta_sensor_async.py
[2025-01-30T08:44:58.482+0000] {processor.py:840} INFO - DAG(s) 'example_time_delta_sensor_async' retrieved from /home/airflow/.local/lib/python3.12/site-packages/airflow/example_dags/example_time_delta_sensor_async.py
[2025-01-30T08:44:58.506+0000] {logging_mixin.py:188} INFO - [2025-01-30T08:44:58.506+0000] {dag.py:3096} INFO - Sync 1 DAGs
[2025-01-30T08:44:58.520+0000] {logging_mixin.py:188} INFO - [2025-01-30T08:44:58.520+0000] {dag.py:3954} INFO - Setting next_dagrun for example_time_delta_sensor_async to None, run_after=None
[2025-01-30T08:44:58.545+0000] {processor.py:183} INFO - Processing /home/airflow/.local/lib/python3.12/site-packages/airflow/example_dags/example_time_delta_sensor_async.py took 0.074 seconds
[2025-01-30T08:45:28.698+0000] {processor.py:161} INFO - Started process (PID=300) to work on /home/airflow/.local/lib/python3.12/site-packages/airflow/example_dags/example_time_delta_sensor_async.py
[2025-01-30T08:45:28.699+0000] {processor.py:830} INFO - Processing file /home/airflow/.local/lib/python3.12/site-packages/airflow/example_dags/example_time_delta_sensor_async.py for tasks to queue
[2025-01-30T08:45:28.703+0000] {logging_mixin.py:188} INFO - [2025-01-30T08:45:28.702+0000] {dagbag.py:545} INFO - Filling up the DagBag from /home/airflow/.local/lib/python3.12/site-packages/airflow/example_dags/example_time_delta_sensor_async.py
[2025-01-30T08:45:28.707+0000] {processor.py:840} INFO - DAG(s) 'example_time_delta_sensor_async' retrieved from /home/airflow/.local/lib/python3.12/site-packages/airflow/example_dags/example_time_delta_sensor_async.py
[2025-01-30T08:45:28.729+0000] {logging_mixin.py:188} INFO - [2025-01-30T08:45:28.729+0000] {dag.py:3096} INFO - Sync 1 DAGs
[2025-01-30T08:45:28.744+0000] {logging_mixin.py:188} INFO - [2025-01-30T08:45:28.744+0000] {dag.py:3954} INFO - Setting next_dagrun for example_time_delta_sensor_async to None, run_after=None
[2025-01-30T08:45:28.780+0000] {processor.py:183} INFO - Processing /home/airflow/.local/lib/python3.12/site-packages/airflow/example_dags/example_time_delta_sensor_async.py took 0.087 seconds
[2025-01-30T08:45:59.175+0000] {processor.py:161} INFO - Started process (PID=358) to work on /home/airflow/.local/lib/python3.12/site-packages/airflow/example_dags/example_time_delta_sensor_async.py
[2025-01-30T08:45:59.177+0000] {processor.py:830} INFO - Processing file /home/airflow/.local/lib/python3.12/site-packages/airflow/example_dags/example_time_delta_sensor_async.py for tasks to queue
[2025-01-30T08:45:59.179+0000] {logging_mixin.py:188} INFO - [2025-01-30T08:45:59.178+0000] {dagbag.py:545} INFO - Filling up the DagBag from /home/airflow/.local/lib/python3.12/site-packages/airflow/example_dags/example_time_delta_sensor_async.py
[2025-01-30T08:45:59.184+0000] {processor.py:840} INFO - DAG(s) 'example_time_delta_sensor_async' retrieved from /home/airflow/.local/lib/python3.12/site-packages/airflow/example_dags/example_time_delta_sensor_async.py
[2025-01-30T08:45:59.208+0000] {logging_mixin.py:188} INFO - [2025-01-30T08:45:59.208+0000] {dag.py:3096} INFO - Sync 1 DAGs
[2025-01-30T08:45:59.221+0000] {logging_mixin.py:188} INFO - [2025-01-30T08:45:59.220+0000] {dag.py:3954} INFO - Setting next_dagrun for example_time_delta_sensor_async to None, run_after=None
[2025-01-30T08:45:59.246+0000] {processor.py:183} INFO - Processing /home/airflow/.local/lib/python3.12/site-packages/airflow/example_dags/example_time_delta_sensor_async.py took 0.076 seconds
[2025-01-30T08:46:30.027+0000] {processor.py:161} INFO - Started process (PID=415) to work on /home/airflow/.local/lib/python3.12/site-packages/airflow/example_dags/example_time_delta_sensor_async.py
[2025-01-30T08:46:30.029+0000] {processor.py:830} INFO - Processing file /home/airflow/.local/lib/python3.12/site-packages/airflow/example_dags/example_time_delta_sensor_async.py for tasks to queue
[2025-01-30T08:46:30.031+0000] {logging_mixin.py:188} INFO - [2025-01-30T08:46:30.031+0000] {dagbag.py:545} INFO - Filling up the DagBag from /home/airflow/.local/lib/python3.12/site-packages/airflow/example_dags/example_time_delta_sensor_async.py
[2025-01-30T08:46:30.036+0000] {processor.py:840} INFO - DAG(s) 'example_time_delta_sensor_async' retrieved from /home/airflow/.local/lib/python3.12/site-packages/airflow/example_dags/example_time_delta_sensor_async.py
[2025-01-30T08:46:30.058+0000] {logging_mixin.py:188} INFO - [2025-01-30T08:46:30.057+0000] {dag.py:3096} INFO - Sync 1 DAGs
[2025-01-30T08:46:30.072+0000] {logging_mixin.py:188} INFO - [2025-01-30T08:46:30.071+0000] {dag.py:3954} INFO - Setting next_dagrun for example_time_delta_sensor_async to None, run_after=None
[2025-01-30T08:46:30.099+0000] {processor.py:183} INFO - Processing /home/airflow/.local/lib/python3.12/site-packages/airflow/example_dags/example_time_delta_sensor_async.py took 0.077 seconds
[2025-01-30T08:47:00.602+0000] {processor.py:161} INFO - Started process (PID=473) to work on /home/airflow/.local/lib/python3.12/site-packages/airflow/example_dags/example_time_delta_sensor_async.py
[2025-01-30T08:47:00.603+0000] {processor.py:830} INFO - Processing file /home/airflow/.local/lib/python3.12/site-packages/airflow/example_dags/example_time_delta_sensor_async.py for tasks to queue
[2025-01-30T08:47:00.606+0000] {logging_mixin.py:188} INFO - [2025-01-30T08:47:00.605+0000] {dagbag.py:545} INFO - Filling up the DagBag from /home/airflow/.local/lib/python3.12/site-packages/airflow/example_dags/example_time_delta_sensor_async.py
[2025-01-30T08:47:00.610+0000] {processor.py:840} INFO - DAG(s) 'example_time_delta_sensor_async' retrieved from /home/airflow/.local/lib/python3.12/site-packages/airflow/example_dags/example_time_delta_sensor_async.py
[2025-01-30T08:47:00.632+0000] {logging_mixin.py:188} INFO - [2025-01-30T08:47:00.632+0000] {dag.py:3096} INFO - Sync 1 DAGs
[2025-01-30T08:47:00.646+0000] {logging_mixin.py:188} INFO - [2025-01-30T08:47:00.645+0000] {dag.py:3954} INFO - Setting next_dagrun for example_time_delta_sensor_async to None, run_after=None
[2025-01-30T08:47:00.671+0000] {processor.py:183} INFO - Processing /home/airflow/.local/lib/python3.12/site-packages/airflow/example_dags/example_time_delta_sensor_async.py took 0.074 seconds
[2025-01-30T08:47:30.759+0000] {processor.py:161} INFO - Started process (PID=531) to work on /home/airflow/.local/lib/python3.12/site-packages/airflow/example_dags/example_time_delta_sensor_async.py
[2025-01-30T08:47:30.760+0000] {processor.py:830} INFO - Processing file /home/airflow/.local/lib/python3.12/site-packages/airflow/example_dags/example_time_delta_sensor_async.py for tasks to queue
[2025-01-30T08:47:30.761+0000] {logging_mixin.py:188} INFO - [2025-01-30T08:47:30.761+0000] {dagbag.py:545} INFO - Filling up the DagBag from /home/airflow/.local/lib/python3.12/site-packages/airflow/example_dags/example_time_delta_sensor_async.py
[2025-01-30T08:47:30.765+0000] {processor.py:840} INFO - DAG(s) 'example_time_delta_sensor_async' retrieved from /home/airflow/.local/lib/python3.12/site-packages/airflow/example_dags/example_time_delta_sensor_async.py
[2025-01-30T08:47:30.785+0000] {logging_mixin.py:188} INFO - [2025-01-30T08:47:30.785+0000] {dag.py:3096} INFO - Sync 1 DAGs
[2025-01-30T08:47:30.799+0000] {logging_mixin.py:188} INFO - [2025-01-30T08:47:30.799+0000] {dag.py:3954} INFO - Setting next_dagrun for example_time_delta_sensor_async to None, run_after=None
[2025-01-30T08:47:30.823+0000] {processor.py:183} INFO - Processing /home/airflow/.local/lib/python3.12/site-packages/airflow/example_dags/example_time_delta_sensor_async.py took 0.069 seconds
[2025-01-30T08:48:01.309+0000] {processor.py:161} INFO - Started process (PID=589) to work on /home/airflow/.local/lib/python3.12/site-packages/airflow/example_dags/example_time_delta_sensor_async.py
[2025-01-30T08:48:01.310+0000] {processor.py:830} INFO - Processing file /home/airflow/.local/lib/python3.12/site-packages/airflow/example_dags/example_time_delta_sensor_async.py for tasks to queue
[2025-01-30T08:48:01.312+0000] {logging_mixin.py:188} INFO - [2025-01-30T08:48:01.312+0000] {dagbag.py:545} INFO - Filling up the DagBag from /home/airflow/.local/lib/python3.12/site-packages/airflow/example_dags/example_time_delta_sensor_async.py
[2025-01-30T08:48:01.317+0000] {processor.py:840} INFO - DAG(s) 'example_time_delta_sensor_async' retrieved from /home/airflow/.local/lib/python3.12/site-packages/airflow/example_dags/example_time_delta_sensor_async.py
[2025-01-30T08:48:01.339+0000] {logging_mixin.py:188} INFO - [2025-01-30T08:48:01.338+0000] {dag.py:3096} INFO - Sync 1 DAGs
[2025-01-30T08:48:01.354+0000] {logging_mixin.py:188} INFO - [2025-01-30T08:48:01.353+0000] {dag.py:3954} INFO - Setting next_dagrun for example_time_delta_sensor_async to None, run_after=None
[2025-01-30T08:48:01.377+0000] {processor.py:183} INFO - Processing /home/airflow/.local/lib/python3.12/site-packages/airflow/example_dags/example_time_delta_sensor_async.py took 0.074 seconds
[2025-01-30T08:48:31.457+0000] {processor.py:161} INFO - Started process (PID=647) to work on /home/airflow/.local/lib/python3.12/site-packages/airflow/example_dags/example_time_delta_sensor_async.py
[2025-01-30T08:48:31.458+0000] {processor.py:830} INFO - Processing file /home/airflow/.local/lib/python3.12/site-packages/airflow/example_dags/example_time_delta_sensor_async.py for tasks to queue
[2025-01-30T08:48:31.460+0000] {logging_mixin.py:188} INFO - [2025-01-30T08:48:31.459+0000] {dagbag.py:545} INFO - Filling up the DagBag from /home/airflow/.local/lib/python3.12/site-packages/airflow/example_dags/example_time_delta_sensor_async.py
[2025-01-30T08:48:31.464+0000] {processor.py:840} INFO - DAG(s) 'example_time_delta_sensor_async' retrieved from /home/airflow/.local/lib/python3.12/site-packages/airflow/example_dags/example_time_delta_sensor_async.py
[2025-01-30T08:48:31.484+0000] {logging_mixin.py:188} INFO - [2025-01-30T08:48:31.484+0000] {dag.py:3096} INFO - Sync 1 DAGs
[2025-01-30T08:48:31.498+0000] {logging_mixin.py:188} INFO - [2025-01-30T08:48:31.498+0000] {dag.py:3954} INFO - Setting next_dagrun for example_time_delta_sensor_async to None, run_after=None
[2025-01-30T08:48:31.522+0000] {processor.py:183} INFO - Processing /home/airflow/.local/lib/python3.12/site-packages/airflow/example_dags/example_time_delta_sensor_async.py took 0.070 seconds
[2025-01-30T08:49:01.991+0000] {processor.py:161} INFO - Started process (PID=705) to work on /home/airflow/.local/lib/python3.12/site-packages/airflow/example_dags/example_time_delta_sensor_async.py
[2025-01-30T08:49:01.992+0000] {processor.py:830} INFO - Processing file /home/airflow/.local/lib/python3.12/site-packages/airflow/example_dags/example_time_delta_sensor_async.py for tasks to queue
[2025-01-30T08:49:01.994+0000] {logging_mixin.py:188} INFO - [2025-01-30T08:49:01.993+0000] {dagbag.py:545} INFO - Filling up the DagBag from /home/airflow/.local/lib/python3.12/site-packages/airflow/example_dags/example_time_delta_sensor_async.py
[2025-01-30T08:49:01.997+0000] {processor.py:840} INFO - DAG(s) 'example_time_delta_sensor_async' retrieved from /home/airflow/.local/lib/python3.12/site-packages/airflow/example_dags/example_time_delta_sensor_async.py
[2025-01-30T08:49:02.018+0000] {logging_mixin.py:188} INFO - [2025-01-30T08:49:02.018+0000] {dag.py:3096} INFO - Sync 1 DAGs
[2025-01-30T08:49:02.032+0000] {logging_mixin.py:188} INFO - [2025-01-30T08:49:02.032+0000] {dag.py:3954} INFO - Setting next_dagrun for example_time_delta_sensor_async to None, run_after=None
[2025-01-30T08:49:02.058+0000] {processor.py:183} INFO - Processing /home/airflow/.local/lib/python3.12/site-packages/airflow/example_dags/example_time_delta_sensor_async.py took 0.072 seconds
[2025-01-30T08:49:32.332+0000] {processor.py:161} INFO - Started process (PID=764) to work on /home/airflow/.local/lib/python3.12/site-packages/airflow/example_dags/example_time_delta_sensor_async.py
[2025-01-30T08:49:32.333+0000] {processor.py:830} INFO - Processing file /home/airflow/.local/lib/python3.12/site-packages/airflow/example_dags/example_time_delta_sensor_async.py for tasks to queue
[2025-01-30T08:49:32.336+0000] {logging_mixin.py:188} INFO - [2025-01-30T08:49:32.335+0000] {dagbag.py:545} INFO - Filling up the DagBag from /home/airflow/.local/lib/python3.12/site-packages/airflow/example_dags/example_time_delta_sensor_async.py
[2025-01-30T08:49:32.339+0000] {processor.py:840} INFO - DAG(s) 'example_time_delta_sensor_async' retrieved from /home/airflow/.local/lib/python3.12/site-packages/airflow/example_dags/example_time_delta_sensor_async.py
[2025-01-30T08:49:32.361+0000] {logging_mixin.py:188} INFO - [2025-01-30T08:49:32.361+0000] {dag.py:3096} INFO - Sync 1 DAGs
[2025-01-30T08:49:32.375+0000] {logging_mixin.py:188} INFO - [2025-01-30T08:49:32.374+0000] {dag.py:3954} INFO - Setting next_dagrun for example_time_delta_sensor_async to None, run_after=None
[2025-01-30T08:49:32.397+0000] {processor.py:183} INFO - Processing /home/airflow/.local/lib/python3.12/site-packages/airflow/example_dags/example_time_delta_sensor_async.py took 0.070 seconds
[2025-01-30T08:50:02.771+0000] {processor.py:161} INFO - Started process (PID=821) to work on /home/airflow/.local/lib/python3.12/site-packages/airflow/example_dags/example_time_delta_sensor_async.py
[2025-01-30T08:50:02.772+0000] {processor.py:830} INFO - Processing file /home/airflow/.local/lib/python3.12/site-packages/airflow/example_dags/example_time_delta_sensor_async.py for tasks to queue
[2025-01-30T08:50:02.774+0000] {logging_mixin.py:188} INFO - [2025-01-30T08:50:02.773+0000] {dagbag.py:545} INFO - Filling up the DagBag from /home/airflow/.local/lib/python3.12/site-packages/airflow/example_dags/example_time_delta_sensor_async.py
[2025-01-30T08:50:02.778+0000] {processor.py:840} INFO - DAG(s) 'example_time_delta_sensor_async' retrieved from /home/airflow/.local/lib/python3.12/site-packages/airflow/example_dags/example_time_delta_sensor_async.py
[2025-01-30T08:50:02.799+0000] {logging_mixin.py:188} INFO - [2025-01-30T08:50:02.799+0000] {dag.py:3096} INFO - Sync 1 DAGs
[2025-01-30T08:50:02.815+0000] {logging_mixin.py:188} INFO - [2025-01-30T08:50:02.815+0000] {dag.py:3954} INFO - Setting next_dagrun for example_time_delta_sensor_async to None, run_after=None
[2025-01-30T08:50:02.842+0000] {processor.py:183} INFO - Processing /home/airflow/.local/lib/python3.12/site-packages/airflow/example_dags/example_time_delta_sensor_async.py took 0.076 seconds
[2025-01-30T08:50:33.218+0000] {processor.py:161} INFO - Started process (PID=879) to work on /home/airflow/.local/lib/python3.12/site-packages/airflow/example_dags/example_time_delta_sensor_async.py
[2025-01-30T08:50:33.219+0000] {processor.py:830} INFO - Processing file /home/airflow/.local/lib/python3.12/site-packages/airflow/example_dags/example_time_delta_sensor_async.py for tasks to queue
[2025-01-30T08:50:33.221+0000] {logging_mixin.py:188} INFO - [2025-01-30T08:50:33.221+0000] {dagbag.py:545} INFO - Filling up the DagBag from /home/airflow/.local/lib/python3.12/site-packages/airflow/example_dags/example_time_delta_sensor_async.py
[2025-01-30T08:50:33.225+0000] {processor.py:840} INFO - DAG(s) 'example_time_delta_sensor_async' retrieved from /home/airflow/.local/lib/python3.12/site-packages/airflow/example_dags/example_time_delta_sensor_async.py
[2025-01-30T08:50:33.247+0000] {logging_mixin.py:188} INFO - [2025-01-30T08:50:33.247+0000] {dag.py:3096} INFO - Sync 1 DAGs
[2025-01-30T08:50:33.262+0000] {logging_mixin.py:188} INFO - [2025-01-30T08:50:33.261+0000] {dag.py:3954} INFO - Setting next_dagrun for example_time_delta_sensor_async to None, run_after=None
[2025-01-30T08:50:33.287+0000] {processor.py:183} INFO - Processing /home/airflow/.local/lib/python3.12/site-packages/airflow/example_dags/example_time_delta_sensor_async.py took 0.074 seconds
[2025-01-30T08:51:03.487+0000] {processor.py:161} INFO - Started process (PID=937) to work on /home/airflow/.local/lib/python3.12/site-packages/airflow/example_dags/example_time_delta_sensor_async.py
[2025-01-30T08:51:03.488+0000] {processor.py:830} INFO - Processing file /home/airflow/.local/lib/python3.12/site-packages/airflow/example_dags/example_time_delta_sensor_async.py for tasks to queue
[2025-01-30T08:51:03.490+0000] {logging_mixin.py:188} INFO - [2025-01-30T08:51:03.490+0000] {dagbag.py:545} INFO - Filling up the DagBag from /home/airflow/.local/lib/python3.12/site-packages/airflow/example_dags/example_time_delta_sensor_async.py
[2025-01-30T08:51:03.494+0000] {processor.py:840} INFO - DAG(s) 'example_time_delta_sensor_async' retrieved from /home/airflow/.local/lib/python3.12/site-packages/airflow/example_dags/example_time_delta_sensor_async.py
[2025-01-30T08:51:03.519+0000] {logging_mixin.py:188} INFO - [2025-01-30T08:51:03.518+0000] {dag.py:3096} INFO - Sync 1 DAGs
[2025-01-30T08:51:03.534+0000] {logging_mixin.py:188} INFO - [2025-01-30T08:51:03.533+0000] {dag.py:3954} INFO - Setting next_dagrun for example_time_delta_sensor_async to None, run_after=None
[2025-01-30T08:51:03.559+0000] {processor.py:183} INFO - Processing /home/airflow/.local/lib/python3.12/site-packages/airflow/example_dags/example_time_delta_sensor_async.py took 0.077 seconds
[2025-01-30T08:51:33.925+0000] {processor.py:161} INFO - Started process (PID=995) to work on /home/airflow/.local/lib/python3.12/site-packages/airflow/example_dags/example_time_delta_sensor_async.py
[2025-01-30T08:51:33.926+0000] {processor.py:830} INFO - Processing file /home/airflow/.local/lib/python3.12/site-packages/airflow/example_dags/example_time_delta_sensor_async.py for tasks to queue
[2025-01-30T08:51:33.928+0000] {logging_mixin.py:188} INFO - [2025-01-30T08:51:33.927+0000] {dagbag.py:545} INFO - Filling up the DagBag from /home/airflow/.local/lib/python3.12/site-packages/airflow/example_dags/example_time_delta_sensor_async.py
[2025-01-30T08:51:33.932+0000] {processor.py:840} INFO - DAG(s) 'example_time_delta_sensor_async' retrieved from /home/airflow/.local/lib/python3.12/site-packages/airflow/example_dags/example_time_delta_sensor_async.py
[2025-01-30T08:51:33.953+0000] {logging_mixin.py:188} INFO - [2025-01-30T08:51:33.953+0000] {dag.py:3096} INFO - Sync 1 DAGs
[2025-01-30T08:51:33.966+0000] {logging_mixin.py:188} INFO - [2025-01-30T08:51:33.966+0000] {dag.py:3954} INFO - Setting next_dagrun for example_time_delta_sensor_async to None, run_after=None
[2025-01-30T08:51:33.991+0000] {processor.py:183} INFO - Processing /home/airflow/.local/lib/python3.12/site-packages/airflow/example_dags/example_time_delta_sensor_async.py took 0.071 seconds
[2025-01-30T08:52:04.353+0000] {processor.py:161} INFO - Started process (PID=1053) to work on /home/airflow/.local/lib/python3.12/site-packages/airflow/example_dags/example_time_delta_sensor_async.py
[2025-01-30T08:52:04.354+0000] {processor.py:830} INFO - Processing file /home/airflow/.local/lib/python3.12/site-packages/airflow/example_dags/example_time_delta_sensor_async.py for tasks to queue
[2025-01-30T08:52:04.356+0000] {logging_mixin.py:188} INFO - [2025-01-30T08:52:04.356+0000] {dagbag.py:545} INFO - Filling up the DagBag from /home/airflow/.local/lib/python3.12/site-packages/airflow/example_dags/example_time_delta_sensor_async.py
[2025-01-30T08:52:04.360+0000] {processor.py:840} INFO - DAG(s) 'example_time_delta_sensor_async' retrieved from /home/airflow/.local/lib/python3.12/site-packages/airflow/example_dags/example_time_delta_sensor_async.py
[2025-01-30T08:52:04.381+0000] {logging_mixin.py:188} INFO - [2025-01-30T08:52:04.381+0000] {dag.py:3096} INFO - Sync 1 DAGs
[2025-01-30T08:52:04.396+0000] {logging_mixin.py:188} INFO - [2025-01-30T08:52:04.395+0000] {dag.py:3954} INFO - Setting next_dagrun for example_time_delta_sensor_async to None, run_after=None
[2025-01-30T08:52:04.418+0000] {processor.py:183} INFO - Processing /home/airflow/.local/lib/python3.12/site-packages/airflow/example_dags/example_time_delta_sensor_async.py took 0.071 seconds
[2025-01-30T08:52:34.854+0000] {processor.py:161} INFO - Started process (PID=1111) to work on /home/airflow/.local/lib/python3.12/site-packages/airflow/example_dags/example_time_delta_sensor_async.py
[2025-01-30T08:52:34.855+0000] {processor.py:830} INFO - Processing file /home/airflow/.local/lib/python3.12/site-packages/airflow/example_dags/example_time_delta_sensor_async.py for tasks to queue
[2025-01-30T08:52:34.857+0000] {logging_mixin.py:188} INFO - [2025-01-30T08:52:34.856+0000] {dagbag.py:545} INFO - Filling up the DagBag from /home/airflow/.local/lib/python3.12/site-packages/airflow/example_dags/example_time_delta_sensor_async.py
[2025-01-30T08:52:34.861+0000] {processor.py:840} INFO - DAG(s) 'example_time_delta_sensor_async' retrieved from /home/airflow/.local/lib/python3.12/site-packages/airflow/example_dags/example_time_delta_sensor_async.py
[2025-01-30T08:52:34.881+0000] {logging_mixin.py:188} INFO - [2025-01-30T08:52:34.881+0000] {dag.py:3096} INFO - Sync 1 DAGs
[2025-01-30T08:52:34.896+0000] {logging_mixin.py:188} INFO - [2025-01-30T08:52:34.895+0000] {dag.py:3954} INFO - Setting next_dagrun for example_time_delta_sensor_async to None, run_after=None
[2025-01-30T08:52:34.921+0000] {processor.py:183} INFO - Processing /home/airflow/.local/lib/python3.12/site-packages/airflow/example_dags/example_time_delta_sensor_async.py took 0.073 seconds
[2025-01-30T08:53:04.968+0000] {processor.py:161} INFO - Started process (PID=1169) to work on /home/airflow/.local/lib/python3.12/site-packages/airflow/example_dags/example_time_delta_sensor_async.py
[2025-01-30T08:53:04.970+0000] {processor.py:830} INFO - Processing file /home/airflow/.local/lib/python3.12/site-packages/airflow/example_dags/example_time_delta_sensor_async.py for tasks to queue
[2025-01-30T08:53:04.972+0000] {logging_mixin.py:188} INFO - [2025-01-30T08:53:04.972+0000] {dagbag.py:545} INFO - Filling up the DagBag from /home/airflow/.local/lib/python3.12/site-packages/airflow/example_dags/example_time_delta_sensor_async.py
[2025-01-30T08:53:04.976+0000] {processor.py:840} INFO - DAG(s) 'example_time_delta_sensor_async' retrieved from /home/airflow/.local/lib/python3.12/site-packages/airflow/example_dags/example_time_delta_sensor_async.py
[2025-01-30T08:53:04.999+0000] {logging_mixin.py:188} INFO - [2025-01-30T08:53:04.998+0000] {dag.py:3096} INFO - Sync 1 DAGs
[2025-01-30T08:53:05.013+0000] {logging_mixin.py:188} INFO - [2025-01-30T08:53:05.012+0000] {dag.py:3954} INFO - Setting next_dagrun for example_time_delta_sensor_async to None, run_after=None
[2025-01-30T08:53:05.036+0000] {processor.py:183} INFO - Processing /home/airflow/.local/lib/python3.12/site-packages/airflow/example_dags/example_time_delta_sensor_async.py took 0.073 seconds
[2025-01-30T08:53:35.302+0000] {processor.py:161} INFO - Started process (PID=1227) to work on /home/airflow/.local/lib/python3.12/site-packages/airflow/example_dags/example_time_delta_sensor_async.py
[2025-01-30T08:53:35.303+0000] {processor.py:830} INFO - Processing file /home/airflow/.local/lib/python3.12/site-packages/airflow/example_dags/example_time_delta_sensor_async.py for tasks to queue
[2025-01-30T08:53:35.305+0000] {logging_mixin.py:188} INFO - [2025-01-30T08:53:35.305+0000] {dagbag.py:545} INFO - Filling up the DagBag from /home/airflow/.local/lib/python3.12/site-packages/airflow/example_dags/example_time_delta_sensor_async.py
[2025-01-30T08:53:35.309+0000] {processor.py:840} INFO - DAG(s) 'example_time_delta_sensor_async' retrieved from /home/airflow/.local/lib/python3.12/site-packages/airflow/example_dags/example_time_delta_sensor_async.py
[2025-01-30T08:53:35.329+0000] {logging_mixin.py:188} INFO - [2025-01-30T08:53:35.329+0000] {dag.py:3096} INFO - Sync 1 DAGs
[2025-01-30T08:53:35.344+0000] {logging_mixin.py:188} INFO - [2025-01-30T08:53:35.344+0000] {dag.py:3954} INFO - Setting next_dagrun for example_time_delta_sensor_async to None, run_after=None
[2025-01-30T08:53:35.370+0000] {processor.py:183} INFO - Processing /home/airflow/.local/lib/python3.12/site-packages/airflow/example_dags/example_time_delta_sensor_async.py took 0.072 seconds
[2025-01-30T08:54:05.707+0000] {processor.py:161} INFO - Started process (PID=1285) to work on /home/airflow/.local/lib/python3.12/site-packages/airflow/example_dags/example_time_delta_sensor_async.py
[2025-01-30T08:54:05.708+0000] {processor.py:830} INFO - Processing file /home/airflow/.local/lib/python3.12/site-packages/airflow/example_dags/example_time_delta_sensor_async.py for tasks to queue
[2025-01-30T08:54:05.710+0000] {logging_mixin.py:188} INFO - [2025-01-30T08:54:05.710+0000] {dagbag.py:545} INFO - Filling up the DagBag from /home/airflow/.local/lib/python3.12/site-packages/airflow/example_dags/example_time_delta_sensor_async.py
[2025-01-30T08:54:05.714+0000] {processor.py:840} INFO - DAG(s) 'example_time_delta_sensor_async' retrieved from /home/airflow/.local/lib/python3.12/site-packages/airflow/example_dags/example_time_delta_sensor_async.py
[2025-01-30T08:54:05.740+0000] {logging_mixin.py:188} INFO - [2025-01-30T08:54:05.740+0000] {dag.py:3096} INFO - Sync 1 DAGs
[2025-01-30T08:54:05.754+0000] {logging_mixin.py:188} INFO - [2025-01-30T08:54:05.754+0000] {dag.py:3954} INFO - Setting next_dagrun for example_time_delta_sensor_async to None, run_after=None
[2025-01-30T08:54:05.776+0000] {processor.py:183} INFO - Processing /home/airflow/.local/lib/python3.12/site-packages/airflow/example_dags/example_time_delta_sensor_async.py took 0.074 seconds
[2025-01-30T08:54:36.571+0000] {processor.py:161} INFO - Started process (PID=1343) to work on /home/airflow/.local/lib/python3.12/site-packages/airflow/example_dags/example_time_delta_sensor_async.py
[2025-01-30T08:54:36.572+0000] {processor.py:830} INFO - Processing file /home/airflow/.local/lib/python3.12/site-packages/airflow/example_dags/example_time_delta_sensor_async.py for tasks to queue
[2025-01-30T08:54:36.575+0000] {logging_mixin.py:188} INFO - [2025-01-30T08:54:36.574+0000] {dagbag.py:545} INFO - Filling up the DagBag from /home/airflow/.local/lib/python3.12/site-packages/airflow/example_dags/example_time_delta_sensor_async.py
[2025-01-30T08:54:36.581+0000] {processor.py:840} INFO - DAG(s) 'example_time_delta_sensor_async' retrieved from /home/airflow/.local/lib/python3.12/site-packages/airflow/example_dags/example_time_delta_sensor_async.py
[2025-01-30T08:54:36.606+0000] {logging_mixin.py:188} INFO - [2025-01-30T08:54:36.605+0000] {dag.py:3096} INFO - Sync 1 DAGs
[2025-01-30T08:54:36.622+0000] {logging_mixin.py:188} INFO - [2025-01-30T08:54:36.620+0000] {dag.py:3954} INFO - Setting next_dagrun for example_time_delta_sensor_async to None, run_after=None
[2025-01-30T08:54:36.649+0000] {processor.py:183} INFO - Processing /home/airflow/.local/lib/python3.12/site-packages/airflow/example_dags/example_time_delta_sensor_async.py took 0.083 seconds
[2025-01-30T08:55:07.248+0000] {processor.py:161} INFO - Started process (PID=1401) to work on /home/airflow/.local/lib/python3.12/site-packages/airflow/example_dags/example_time_delta_sensor_async.py
[2025-01-30T08:55:07.249+0000] {processor.py:830} INFO - Processing file /home/airflow/.local/lib/python3.12/site-packages/airflow/example_dags/example_time_delta_sensor_async.py for tasks to queue
[2025-01-30T08:55:07.251+0000] {logging_mixin.py:188} INFO - [2025-01-30T08:55:07.251+0000] {dagbag.py:545} INFO - Filling up the DagBag from /home/airflow/.local/lib/python3.12/site-packages/airflow/example_dags/example_time_delta_sensor_async.py
[2025-01-30T08:55:07.256+0000] {processor.py:840} INFO - DAG(s) 'example_time_delta_sensor_async' retrieved from /home/airflow/.local/lib/python3.12/site-packages/airflow/example_dags/example_time_delta_sensor_async.py
[2025-01-30T08:55:07.278+0000] {logging_mixin.py:188} INFO - [2025-01-30T08:55:07.278+0000] {dag.py:3096} INFO - Sync 1 DAGs
[2025-01-30T08:55:07.291+0000] {logging_mixin.py:188} INFO - [2025-01-30T08:55:07.290+0000] {dag.py:3954} INFO - Setting next_dagrun for example_time_delta_sensor_async to None, run_after=None
[2025-01-30T08:55:07.315+0000] {processor.py:183} INFO - Processing /home/airflow/.local/lib/python3.12/site-packages/airflow/example_dags/example_time_delta_sensor_async.py took 0.073 seconds
[2025-01-30T08:55:37.371+0000] {processor.py:161} INFO - Started process (PID=1459) to work on /home/airflow/.local/lib/python3.12/site-packages/airflow/example_dags/example_time_delta_sensor_async.py
[2025-01-30T08:55:37.372+0000] {processor.py:830} INFO - Processing file /home/airflow/.local/lib/python3.12/site-packages/airflow/example_dags/example_time_delta_sensor_async.py for tasks to queue
[2025-01-30T08:55:37.374+0000] {logging_mixin.py:188} INFO - [2025-01-30T08:55:37.374+0000] {dagbag.py:545} INFO - Filling up the DagBag from /home/airflow/.local/lib/python3.12/site-packages/airflow/example_dags/example_time_delta_sensor_async.py
[2025-01-30T08:55:37.378+0000] {processor.py:840} INFO - DAG(s) 'example_time_delta_sensor_async' retrieved from /home/airflow/.local/lib/python3.12/site-packages/airflow/example_dags/example_time_delta_sensor_async.py
[2025-01-30T08:55:37.398+0000] {logging_mixin.py:188} INFO - [2025-01-30T08:55:37.398+0000] {dag.py:3096} INFO - Sync 1 DAGs
[2025-01-30T08:55:37.412+0000] {logging_mixin.py:188} INFO - [2025-01-30T08:55:37.412+0000] {dag.py:3954} INFO - Setting next_dagrun for example_time_delta_sensor_async to None, run_after=None
[2025-01-30T08:55:37.435+0000] {processor.py:183} INFO - Processing /home/airflow/.local/lib/python3.12/site-packages/airflow/example_dags/example_time_delta_sensor_async.py took 0.069 seconds
[2025-01-30T08:56:07.609+0000] {processor.py:161} INFO - Started process (PID=1517) to work on /home/airflow/.local/lib/python3.12/site-packages/airflow/example_dags/example_time_delta_sensor_async.py
[2025-01-30T08:56:07.610+0000] {processor.py:830} INFO - Processing file /home/airflow/.local/lib/python3.12/site-packages/airflow/example_dags/example_time_delta_sensor_async.py for tasks to queue
[2025-01-30T08:56:07.612+0000] {logging_mixin.py:188} INFO - [2025-01-30T08:56:07.612+0000] {dagbag.py:545} INFO - Filling up the DagBag from /home/airflow/.local/lib/python3.12/site-packages/airflow/example_dags/example_time_delta_sensor_async.py
[2025-01-30T08:56:07.617+0000] {processor.py:840} INFO - DAG(s) 'example_time_delta_sensor_async' retrieved from /home/airflow/.local/lib/python3.12/site-packages/airflow/example_dags/example_time_delta_sensor_async.py
[2025-01-30T08:56:07.639+0000] {logging_mixin.py:188} INFO - [2025-01-30T08:56:07.639+0000] {dag.py:3096} INFO - Sync 1 DAGs
[2025-01-30T08:56:07.652+0000] {logging_mixin.py:188} INFO - [2025-01-30T08:56:07.652+0000] {dag.py:3954} INFO - Setting next_dagrun for example_time_delta_sensor_async to None, run_after=None
[2025-01-30T08:56:07.677+0000] {processor.py:183} INFO - Processing /home/airflow/.local/lib/python3.12/site-packages/airflow/example_dags/example_time_delta_sensor_async.py took 0.073 seconds
[2025-01-30T08:56:37.852+0000] {processor.py:161} INFO - Started process (PID=1575) to work on /home/airflow/.local/lib/python3.12/site-packages/airflow/example_dags/example_time_delta_sensor_async.py
[2025-01-30T08:56:37.853+0000] {processor.py:830} INFO - Processing file /home/airflow/.local/lib/python3.12/site-packages/airflow/example_dags/example_time_delta_sensor_async.py for tasks to queue
[2025-01-30T08:56:37.854+0000] {logging_mixin.py:188} INFO - [2025-01-30T08:56:37.854+0000] {dagbag.py:545} INFO - Filling up the DagBag from /home/airflow/.local/lib/python3.12/site-packages/airflow/example_dags/example_time_delta_sensor_async.py
[2025-01-30T08:56:37.859+0000] {processor.py:840} INFO - DAG(s) 'example_time_delta_sensor_async' retrieved from /home/airflow/.local/lib/python3.12/site-packages/airflow/example_dags/example_time_delta_sensor_async.py
[2025-01-30T08:56:37.879+0000] {logging_mixin.py:188} INFO - [2025-01-30T08:56:37.878+0000] {dag.py:3096} INFO - Sync 1 DAGs
[2025-01-30T08:56:37.892+0000] {logging_mixin.py:188} INFO - [2025-01-30T08:56:37.891+0000] {dag.py:3954} INFO - Setting next_dagrun for example_time_delta_sensor_async to None, run_after=None
[2025-01-30T08:56:37.917+0000] {processor.py:183} INFO - Processing /home/airflow/.local/lib/python3.12/site-packages/airflow/example_dags/example_time_delta_sensor_async.py took 0.070 seconds
[2025-01-30T08:57:08.476+0000] {processor.py:161} INFO - Started process (PID=1633) to work on /home/airflow/.local/lib/python3.12/site-packages/airflow/example_dags/example_time_delta_sensor_async.py
[2025-01-30T08:57:08.477+0000] {processor.py:830} INFO - Processing file /home/airflow/.local/lib/python3.12/site-packages/airflow/example_dags/example_time_delta_sensor_async.py for tasks to queue
[2025-01-30T08:57:08.480+0000] {logging_mixin.py:188} INFO - [2025-01-30T08:57:08.479+0000] {dagbag.py:545} INFO - Filling up the DagBag from /home/airflow/.local/lib/python3.12/site-packages/airflow/example_dags/example_time_delta_sensor_async.py
[2025-01-30T08:57:08.484+0000] {processor.py:840} INFO - DAG(s) 'example_time_delta_sensor_async' retrieved from /home/airflow/.local/lib/python3.12/site-packages/airflow/example_dags/example_time_delta_sensor_async.py
[2025-01-30T08:57:08.506+0000] {logging_mixin.py:188} INFO - [2025-01-30T08:57:08.505+0000] {dag.py:3096} INFO - Sync 1 DAGs
[2025-01-30T08:57:08.521+0000] {logging_mixin.py:188} INFO - [2025-01-30T08:57:08.521+0000] {dag.py:3954} INFO - Setting next_dagrun for example_time_delta_sensor_async to None, run_after=None
[2025-01-30T08:57:08.547+0000] {processor.py:183} INFO - Processing /home/airflow/.local/lib/python3.12/site-packages/airflow/example_dags/example_time_delta_sensor_async.py took 0.075 seconds
[2025-01-30T08:57:38.739+0000] {processor.py:161} INFO - Started process (PID=1692) to work on /home/airflow/.local/lib/python3.12/site-packages/airflow/example_dags/example_time_delta_sensor_async.py
[2025-01-30T08:57:38.741+0000] {processor.py:830} INFO - Processing file /home/airflow/.local/lib/python3.12/site-packages/airflow/example_dags/example_time_delta_sensor_async.py for tasks to queue
[2025-01-30T08:57:38.744+0000] {logging_mixin.py:188} INFO - [2025-01-30T08:57:38.743+0000] {dagbag.py:545} INFO - Filling up the DagBag from /home/airflow/.local/lib/python3.12/site-packages/airflow/example_dags/example_time_delta_sensor_async.py
[2025-01-30T08:57:38.748+0000] {processor.py:840} INFO - DAG(s) 'example_time_delta_sensor_async' retrieved from /home/airflow/.local/lib/python3.12/site-packages/airflow/example_dags/example_time_delta_sensor_async.py
[2025-01-30T08:57:38.769+0000] {logging_mixin.py:188} INFO - [2025-01-30T08:57:38.769+0000] {dag.py:3096} INFO - Sync 1 DAGs
[2025-01-30T08:57:38.784+0000] {logging_mixin.py:188} INFO - [2025-01-30T08:57:38.784+0000] {dag.py:3954} INFO - Setting next_dagrun for example_time_delta_sensor_async to None, run_after=None
[2025-01-30T08:57:38.813+0000] {processor.py:183} INFO - Processing /home/airflow/.local/lib/python3.12/site-packages/airflow/example_dags/example_time_delta_sensor_async.py took 0.079 seconds
[2025-01-30T08:58:09.577+0000] {processor.py:161} INFO - Started process (PID=1749) to work on /home/airflow/.local/lib/python3.12/site-packages/airflow/example_dags/example_time_delta_sensor_async.py
[2025-01-30T08:58:09.578+0000] {processor.py:830} INFO - Processing file /home/airflow/.local/lib/python3.12/site-packages/airflow/example_dags/example_time_delta_sensor_async.py for tasks to queue
[2025-01-30T08:58:09.581+0000] {logging_mixin.py:188} INFO - [2025-01-30T08:58:09.580+0000] {dagbag.py:545} INFO - Filling up the DagBag from /home/airflow/.local/lib/python3.12/site-packages/airflow/example_dags/example_time_delta_sensor_async.py
[2025-01-30T08:58:09.585+0000] {processor.py:840} INFO - DAG(s) 'example_time_delta_sensor_async' retrieved from /home/airflow/.local/lib/python3.12/site-packages/airflow/example_dags/example_time_delta_sensor_async.py
[2025-01-30T08:58:09.607+0000] {logging_mixin.py:188} INFO - [2025-01-30T08:58:09.606+0000] {dag.py:3096} INFO - Sync 1 DAGs
[2025-01-30T08:58:09.620+0000] {logging_mixin.py:188} INFO - [2025-01-30T08:58:09.619+0000] {dag.py:3954} INFO - Setting next_dagrun for example_time_delta_sensor_async to None, run_after=None
[2025-01-30T08:58:09.644+0000] {processor.py:183} INFO - Processing /home/airflow/.local/lib/python3.12/site-packages/airflow/example_dags/example_time_delta_sensor_async.py took 0.072 seconds
[2025-01-30T08:58:40.279+0000] {processor.py:161} INFO - Started process (PID=1807) to work on /home/airflow/.local/lib/python3.12/site-packages/airflow/example_dags/example_time_delta_sensor_async.py
[2025-01-30T08:58:40.280+0000] {processor.py:830} INFO - Processing file /home/airflow/.local/lib/python3.12/site-packages/airflow/example_dags/example_time_delta_sensor_async.py for tasks to queue
[2025-01-30T08:58:40.282+0000] {logging_mixin.py:188} INFO - [2025-01-30T08:58:40.282+0000] {dagbag.py:545} INFO - Filling up the DagBag from /home/airflow/.local/lib/python3.12/site-packages/airflow/example_dags/example_time_delta_sensor_async.py
[2025-01-30T08:58:40.286+0000] {processor.py:840} INFO - DAG(s) 'example_time_delta_sensor_async' retrieved from /home/airflow/.local/lib/python3.12/site-packages/airflow/example_dags/example_time_delta_sensor_async.py
[2025-01-30T08:58:40.309+0000] {logging_mixin.py:188} INFO - [2025-01-30T08:58:40.309+0000] {dag.py:3096} INFO - Sync 1 DAGs
[2025-01-30T08:58:40.323+0000] {logging_mixin.py:188} INFO - [2025-01-30T08:58:40.322+0000] {dag.py:3954} INFO - Setting next_dagrun for example_time_delta_sensor_async to None, run_after=None
[2025-01-30T08:58:40.348+0000] {processor.py:183} INFO - Processing /home/airflow/.local/lib/python3.12/site-packages/airflow/example_dags/example_time_delta_sensor_async.py took 0.075 seconds
[2025-01-30T09:01:54.846+0000] {processor.py:161} INFO - Started process (PID=126) to work on /home/airflow/.local/lib/python3.12/site-packages/airflow/example_dags/example_time_delta_sensor_async.py
[2025-01-30T09:01:54.847+0000] {processor.py:830} INFO - Processing file /home/airflow/.local/lib/python3.12/site-packages/airflow/example_dags/example_time_delta_sensor_async.py for tasks to queue
[2025-01-30T09:01:54.849+0000] {logging_mixin.py:188} INFO - [2025-01-30T09:01:54.849+0000] {dagbag.py:545} INFO - Filling up the DagBag from /home/airflow/.local/lib/python3.12/site-packages/airflow/example_dags/example_time_delta_sensor_async.py
[2025-01-30T09:01:54.853+0000] {processor.py:840} INFO - DAG(s) 'example_time_delta_sensor_async' retrieved from /home/airflow/.local/lib/python3.12/site-packages/airflow/example_dags/example_time_delta_sensor_async.py
[2025-01-30T09:01:54.965+0000] {logging_mixin.py:188} INFO - [2025-01-30T09:01:54.964+0000] {dag.py:3096} INFO - Sync 1 DAGs
[2025-01-30T09:01:54.977+0000] {logging_mixin.py:188} INFO - [2025-01-30T09:01:54.977+0000] {dag.py:3954} INFO - Setting next_dagrun for example_time_delta_sensor_async to None, run_after=None
[2025-01-30T09:01:55.012+0000] {processor.py:183} INFO - Processing /home/airflow/.local/lib/python3.12/site-packages/airflow/example_dags/example_time_delta_sensor_async.py took 0.171 seconds
[2025-01-30T09:02:25.103+0000] {processor.py:161} INFO - Started process (PID=184) to work on /home/airflow/.local/lib/python3.12/site-packages/airflow/example_dags/example_time_delta_sensor_async.py
[2025-01-30T09:02:25.104+0000] {processor.py:830} INFO - Processing file /home/airflow/.local/lib/python3.12/site-packages/airflow/example_dags/example_time_delta_sensor_async.py for tasks to queue
[2025-01-30T09:02:25.106+0000] {logging_mixin.py:188} INFO - [2025-01-30T09:02:25.105+0000] {dagbag.py:545} INFO - Filling up the DagBag from /home/airflow/.local/lib/python3.12/site-packages/airflow/example_dags/example_time_delta_sensor_async.py
[2025-01-30T09:02:25.110+0000] {processor.py:840} INFO - DAG(s) 'example_time_delta_sensor_async' retrieved from /home/airflow/.local/lib/python3.12/site-packages/airflow/example_dags/example_time_delta_sensor_async.py
[2025-01-30T09:02:25.133+0000] {logging_mixin.py:188} INFO - [2025-01-30T09:02:25.133+0000] {dag.py:3096} INFO - Sync 1 DAGs
[2025-01-30T09:02:25.150+0000] {logging_mixin.py:188} INFO - [2025-01-30T09:02:25.150+0000] {dag.py:3954} INFO - Setting next_dagrun for example_time_delta_sensor_async to None, run_after=None
[2025-01-30T09:02:25.179+0000] {processor.py:183} INFO - Processing /home/airflow/.local/lib/python3.12/site-packages/airflow/example_dags/example_time_delta_sensor_async.py took 0.082 seconds
[2025-01-30T09:02:55.363+0000] {processor.py:161} INFO - Started process (PID=243) to work on /home/airflow/.local/lib/python3.12/site-packages/airflow/example_dags/example_time_delta_sensor_async.py
[2025-01-30T09:02:55.365+0000] {processor.py:830} INFO - Processing file /home/airflow/.local/lib/python3.12/site-packages/airflow/example_dags/example_time_delta_sensor_async.py for tasks to queue
[2025-01-30T09:02:55.367+0000] {logging_mixin.py:188} INFO - [2025-01-30T09:02:55.366+0000] {dagbag.py:545} INFO - Filling up the DagBag from /home/airflow/.local/lib/python3.12/site-packages/airflow/example_dags/example_time_delta_sensor_async.py
[2025-01-30T09:02:55.371+0000] {processor.py:840} INFO - DAG(s) 'example_time_delta_sensor_async' retrieved from /home/airflow/.local/lib/python3.12/site-packages/airflow/example_dags/example_time_delta_sensor_async.py
[2025-01-30T09:02:55.392+0000] {logging_mixin.py:188} INFO - [2025-01-30T09:02:55.392+0000] {dag.py:3096} INFO - Sync 1 DAGs
[2025-01-30T09:02:55.408+0000] {logging_mixin.py:188} INFO - [2025-01-30T09:02:55.408+0000] {dag.py:3954} INFO - Setting next_dagrun for example_time_delta_sensor_async to None, run_after=None
[2025-01-30T09:02:55.434+0000] {processor.py:183} INFO - Processing /home/airflow/.local/lib/python3.12/site-packages/airflow/example_dags/example_time_delta_sensor_async.py took 0.077 seconds
[2025-01-30T09:03:25.805+0000] {processor.py:161} INFO - Started process (PID=300) to work on /home/airflow/.local/lib/python3.12/site-packages/airflow/example_dags/example_time_delta_sensor_async.py
[2025-01-30T09:03:25.806+0000] {processor.py:830} INFO - Processing file /home/airflow/.local/lib/python3.12/site-packages/airflow/example_dags/example_time_delta_sensor_async.py for tasks to queue
[2025-01-30T09:03:25.808+0000] {logging_mixin.py:188} INFO - [2025-01-30T09:03:25.807+0000] {dagbag.py:545} INFO - Filling up the DagBag from /home/airflow/.local/lib/python3.12/site-packages/airflow/example_dags/example_time_delta_sensor_async.py
[2025-01-30T09:03:25.812+0000] {processor.py:840} INFO - DAG(s) 'example_time_delta_sensor_async' retrieved from /home/airflow/.local/lib/python3.12/site-packages/airflow/example_dags/example_time_delta_sensor_async.py
[2025-01-30T09:03:25.842+0000] {logging_mixin.py:188} INFO - [2025-01-30T09:03:25.841+0000] {dag.py:3096} INFO - Sync 1 DAGs
[2025-01-30T09:03:25.862+0000] {logging_mixin.py:188} INFO - [2025-01-30T09:03:25.862+0000] {dag.py:3954} INFO - Setting next_dagrun for example_time_delta_sensor_async to None, run_after=None
[2025-01-30T09:03:25.894+0000] {processor.py:183} INFO - Processing /home/airflow/.local/lib/python3.12/site-packages/airflow/example_dags/example_time_delta_sensor_async.py took 0.095 seconds
[2025-01-30T09:05:24.918+0000] {processor.py:161} INFO - Started process (PID=124) to work on /home/airflow/.local/lib/python3.12/site-packages/airflow/example_dags/example_time_delta_sensor_async.py
[2025-01-30T09:05:24.919+0000] {processor.py:830} INFO - Processing file /home/airflow/.local/lib/python3.12/site-packages/airflow/example_dags/example_time_delta_sensor_async.py for tasks to queue
[2025-01-30T09:05:24.922+0000] {logging_mixin.py:188} INFO - [2025-01-30T09:05:24.921+0000] {dagbag.py:545} INFO - Filling up the DagBag from /home/airflow/.local/lib/python3.12/site-packages/airflow/example_dags/example_time_delta_sensor_async.py
[2025-01-30T09:05:24.926+0000] {processor.py:840} INFO - DAG(s) 'example_time_delta_sensor_async' retrieved from /home/airflow/.local/lib/python3.12/site-packages/airflow/example_dags/example_time_delta_sensor_async.py
[2025-01-30T09:05:25.034+0000] {logging_mixin.py:188} INFO - [2025-01-30T09:05:25.033+0000] {dag.py:3096} INFO - Sync 1 DAGs
[2025-01-30T09:05:25.046+0000] {logging_mixin.py:188} INFO - [2025-01-30T09:05:25.046+0000] {dag.py:3954} INFO - Setting next_dagrun for example_time_delta_sensor_async to None, run_after=None
[2025-01-30T09:05:25.070+0000] {processor.py:183} INFO - Processing /home/airflow/.local/lib/python3.12/site-packages/airflow/example_dags/example_time_delta_sensor_async.py took 0.157 seconds
[2025-01-30T09:05:55.590+0000] {processor.py:161} INFO - Started process (PID=182) to work on /home/airflow/.local/lib/python3.12/site-packages/airflow/example_dags/example_time_delta_sensor_async.py
[2025-01-30T09:05:55.592+0000] {processor.py:830} INFO - Processing file /home/airflow/.local/lib/python3.12/site-packages/airflow/example_dags/example_time_delta_sensor_async.py for tasks to queue
[2025-01-30T09:05:55.594+0000] {logging_mixin.py:188} INFO - [2025-01-30T09:05:55.594+0000] {dagbag.py:545} INFO - Filling up the DagBag from /home/airflow/.local/lib/python3.12/site-packages/airflow/example_dags/example_time_delta_sensor_async.py
[2025-01-30T09:05:55.599+0000] {processor.py:840} INFO - DAG(s) 'example_time_delta_sensor_async' retrieved from /home/airflow/.local/lib/python3.12/site-packages/airflow/example_dags/example_time_delta_sensor_async.py
[2025-01-30T09:05:55.619+0000] {logging_mixin.py:188} INFO - [2025-01-30T09:05:55.618+0000] {dag.py:3096} INFO - Sync 1 DAGs
[2025-01-30T09:05:55.632+0000] {logging_mixin.py:188} INFO - [2025-01-30T09:05:55.632+0000] {dag.py:3954} INFO - Setting next_dagrun for example_time_delta_sensor_async to None, run_after=None
[2025-01-30T09:05:55.658+0000] {processor.py:183} INFO - Processing /home/airflow/.local/lib/python3.12/site-packages/airflow/example_dags/example_time_delta_sensor_async.py took 0.072 seconds
[2025-01-30T09:10:55.201+0000] {processor.py:161} INFO - Started process (PID=127) to work on /home/airflow/.local/lib/python3.12/site-packages/airflow/example_dags/example_time_delta_sensor_async.py
[2025-01-30T09:10:55.202+0000] {processor.py:830} INFO - Processing file /home/airflow/.local/lib/python3.12/site-packages/airflow/example_dags/example_time_delta_sensor_async.py for tasks to queue
[2025-01-30T09:10:55.204+0000] {logging_mixin.py:188} INFO - [2025-01-30T09:10:55.203+0000] {dagbag.py:545} INFO - Filling up the DagBag from /home/airflow/.local/lib/python3.12/site-packages/airflow/example_dags/example_time_delta_sensor_async.py
[2025-01-30T09:10:55.208+0000] {processor.py:840} INFO - DAG(s) 'example_time_delta_sensor_async' retrieved from /home/airflow/.local/lib/python3.12/site-packages/airflow/example_dags/example_time_delta_sensor_async.py
[2025-01-30T09:10:55.320+0000] {logging_mixin.py:188} INFO - [2025-01-30T09:10:55.320+0000] {dag.py:3096} INFO - Sync 1 DAGs
[2025-01-30T09:10:55.331+0000] {logging_mixin.py:188} INFO - [2025-01-30T09:10:55.331+0000] {dag.py:3954} INFO - Setting next_dagrun for example_time_delta_sensor_async to None, run_after=None
[2025-01-30T09:10:55.355+0000] {processor.py:183} INFO - Processing /home/airflow/.local/lib/python3.12/site-packages/airflow/example_dags/example_time_delta_sensor_async.py took 0.160 seconds
[2025-01-30T09:11:25.900+0000] {processor.py:161} INFO - Started process (PID=186) to work on /home/airflow/.local/lib/python3.12/site-packages/airflow/example_dags/example_time_delta_sensor_async.py
[2025-01-30T09:11:25.901+0000] {processor.py:830} INFO - Processing file /home/airflow/.local/lib/python3.12/site-packages/airflow/example_dags/example_time_delta_sensor_async.py for tasks to queue
[2025-01-30T09:11:25.904+0000] {logging_mixin.py:188} INFO - [2025-01-30T09:11:25.903+0000] {dagbag.py:545} INFO - Filling up the DagBag from /home/airflow/.local/lib/python3.12/site-packages/airflow/example_dags/example_time_delta_sensor_async.py
[2025-01-30T09:11:25.908+0000] {processor.py:840} INFO - DAG(s) 'example_time_delta_sensor_async' retrieved from /home/airflow/.local/lib/python3.12/site-packages/airflow/example_dags/example_time_delta_sensor_async.py
[2025-01-30T09:11:25.935+0000] {logging_mixin.py:188} INFO - [2025-01-30T09:11:25.934+0000] {dag.py:3096} INFO - Sync 1 DAGs
[2025-01-30T09:11:25.955+0000] {logging_mixin.py:188} INFO - [2025-01-30T09:11:25.954+0000] {dag.py:3954} INFO - Setting next_dagrun for example_time_delta_sensor_async to None, run_after=None
[2025-01-30T09:11:25.985+0000] {processor.py:183} INFO - Processing /home/airflow/.local/lib/python3.12/site-packages/airflow/example_dags/example_time_delta_sensor_async.py took 0.091 seconds
[2025-01-30T09:11:56.154+0000] {processor.py:161} INFO - Started process (PID=244) to work on /home/airflow/.local/lib/python3.12/site-packages/airflow/example_dags/example_time_delta_sensor_async.py
[2025-01-30T09:11:56.155+0000] {processor.py:830} INFO - Processing file /home/airflow/.local/lib/python3.12/site-packages/airflow/example_dags/example_time_delta_sensor_async.py for tasks to queue
[2025-01-30T09:11:56.158+0000] {logging_mixin.py:188} INFO - [2025-01-30T09:11:56.158+0000] {dagbag.py:545} INFO - Filling up the DagBag from /home/airflow/.local/lib/python3.12/site-packages/airflow/example_dags/example_time_delta_sensor_async.py
[2025-01-30T09:11:56.169+0000] {processor.py:840} INFO - DAG(s) 'example_time_delta_sensor_async' retrieved from /home/airflow/.local/lib/python3.12/site-packages/airflow/example_dags/example_time_delta_sensor_async.py
[2025-01-30T09:11:56.198+0000] {logging_mixin.py:188} INFO - [2025-01-30T09:11:56.198+0000] {dag.py:3096} INFO - Sync 1 DAGs
[2025-01-30T09:11:56.215+0000] {logging_mixin.py:188} INFO - [2025-01-30T09:11:56.215+0000] {dag.py:3954} INFO - Setting next_dagrun for example_time_delta_sensor_async to None, run_after=None
[2025-01-30T09:11:56.250+0000] {processor.py:183} INFO - Processing /home/airflow/.local/lib/python3.12/site-packages/airflow/example_dags/example_time_delta_sensor_async.py took 0.103 seconds
[2025-01-30T09:12:26.896+0000] {processor.py:161} INFO - Started process (PID=302) to work on /home/airflow/.local/lib/python3.12/site-packages/airflow/example_dags/example_time_delta_sensor_async.py
[2025-01-30T09:12:26.897+0000] {processor.py:830} INFO - Processing file /home/airflow/.local/lib/python3.12/site-packages/airflow/example_dags/example_time_delta_sensor_async.py for tasks to queue
[2025-01-30T09:12:26.899+0000] {logging_mixin.py:188} INFO - [2025-01-30T09:12:26.899+0000] {dagbag.py:545} INFO - Filling up the DagBag from /home/airflow/.local/lib/python3.12/site-packages/airflow/example_dags/example_time_delta_sensor_async.py
[2025-01-30T09:12:26.903+0000] {processor.py:840} INFO - DAG(s) 'example_time_delta_sensor_async' retrieved from /home/airflow/.local/lib/python3.12/site-packages/airflow/example_dags/example_time_delta_sensor_async.py
[2025-01-30T09:12:26.924+0000] {logging_mixin.py:188} INFO - [2025-01-30T09:12:26.923+0000] {dag.py:3096} INFO - Sync 1 DAGs
[2025-01-30T09:12:26.940+0000] {logging_mixin.py:188} INFO - [2025-01-30T09:12:26.940+0000] {dag.py:3954} INFO - Setting next_dagrun for example_time_delta_sensor_async to None, run_after=None
[2025-01-30T09:12:26.964+0000] {processor.py:183} INFO - Processing /home/airflow/.local/lib/python3.12/site-packages/airflow/example_dags/example_time_delta_sensor_async.py took 0.072 seconds
[2025-01-30T09:12:57.161+0000] {processor.py:161} INFO - Started process (PID=360) to work on /home/airflow/.local/lib/python3.12/site-packages/airflow/example_dags/example_time_delta_sensor_async.py
[2025-01-30T09:12:57.162+0000] {processor.py:830} INFO - Processing file /home/airflow/.local/lib/python3.12/site-packages/airflow/example_dags/example_time_delta_sensor_async.py for tasks to queue
[2025-01-30T09:12:57.164+0000] {logging_mixin.py:188} INFO - [2025-01-30T09:12:57.163+0000] {dagbag.py:545} INFO - Filling up the DagBag from /home/airflow/.local/lib/python3.12/site-packages/airflow/example_dags/example_time_delta_sensor_async.py
[2025-01-30T09:12:57.168+0000] {processor.py:840} INFO - DAG(s) 'example_time_delta_sensor_async' retrieved from /home/airflow/.local/lib/python3.12/site-packages/airflow/example_dags/example_time_delta_sensor_async.py
[2025-01-30T09:12:57.189+0000] {logging_mixin.py:188} INFO - [2025-01-30T09:12:57.188+0000] {dag.py:3096} INFO - Sync 1 DAGs
[2025-01-30T09:12:57.203+0000] {logging_mixin.py:188} INFO - [2025-01-30T09:12:57.203+0000] {dag.py:3954} INFO - Setting next_dagrun for example_time_delta_sensor_async to None, run_after=None
[2025-01-30T09:12:57.228+0000] {processor.py:183} INFO - Processing /home/airflow/.local/lib/python3.12/site-packages/airflow/example_dags/example_time_delta_sensor_async.py took 0.072 seconds
[2025-01-30T09:13:27.289+0000] {processor.py:161} INFO - Started process (PID=418) to work on /home/airflow/.local/lib/python3.12/site-packages/airflow/example_dags/example_time_delta_sensor_async.py
[2025-01-30T09:13:27.291+0000] {processor.py:830} INFO - Processing file /home/airflow/.local/lib/python3.12/site-packages/airflow/example_dags/example_time_delta_sensor_async.py for tasks to queue
[2025-01-30T09:13:27.292+0000] {logging_mixin.py:188} INFO - [2025-01-30T09:13:27.292+0000] {dagbag.py:545} INFO - Filling up the DagBag from /home/airflow/.local/lib/python3.12/site-packages/airflow/example_dags/example_time_delta_sensor_async.py
[2025-01-30T09:13:27.297+0000] {processor.py:840} INFO - DAG(s) 'example_time_delta_sensor_async' retrieved from /home/airflow/.local/lib/python3.12/site-packages/airflow/example_dags/example_time_delta_sensor_async.py
[2025-01-30T09:13:27.319+0000] {logging_mixin.py:188} INFO - [2025-01-30T09:13:27.318+0000] {dag.py:3096} INFO - Sync 1 DAGs
[2025-01-30T09:13:27.335+0000] {logging_mixin.py:188} INFO - [2025-01-30T09:13:27.334+0000] {dag.py:3954} INFO - Setting next_dagrun for example_time_delta_sensor_async to None, run_after=None
[2025-01-30T09:13:27.359+0000] {processor.py:183} INFO - Processing /home/airflow/.local/lib/python3.12/site-packages/airflow/example_dags/example_time_delta_sensor_async.py took 0.074 seconds
[2025-01-30T09:13:57.499+0000] {processor.py:161} INFO - Started process (PID=476) to work on /home/airflow/.local/lib/python3.12/site-packages/airflow/example_dags/example_time_delta_sensor_async.py
[2025-01-30T09:13:57.500+0000] {processor.py:830} INFO - Processing file /home/airflow/.local/lib/python3.12/site-packages/airflow/example_dags/example_time_delta_sensor_async.py for tasks to queue
[2025-01-30T09:13:57.503+0000] {logging_mixin.py:188} INFO - [2025-01-30T09:13:57.502+0000] {dagbag.py:545} INFO - Filling up the DagBag from /home/airflow/.local/lib/python3.12/site-packages/airflow/example_dags/example_time_delta_sensor_async.py
[2025-01-30T09:13:57.507+0000] {processor.py:840} INFO - DAG(s) 'example_time_delta_sensor_async' retrieved from /home/airflow/.local/lib/python3.12/site-packages/airflow/example_dags/example_time_delta_sensor_async.py
[2025-01-30T09:13:57.528+0000] {logging_mixin.py:188} INFO - [2025-01-30T09:13:57.528+0000] {dag.py:3096} INFO - Sync 1 DAGs
[2025-01-30T09:13:57.541+0000] {logging_mixin.py:188} INFO - [2025-01-30T09:13:57.540+0000] {dag.py:3954} INFO - Setting next_dagrun for example_time_delta_sensor_async to None, run_after=None
[2025-01-30T09:13:57.565+0000] {processor.py:183} INFO - Processing /home/airflow/.local/lib/python3.12/site-packages/airflow/example_dags/example_time_delta_sensor_async.py took 0.071 seconds
[2025-01-30T09:14:27.974+0000] {processor.py:161} INFO - Started process (PID=534) to work on /home/airflow/.local/lib/python3.12/site-packages/airflow/example_dags/example_time_delta_sensor_async.py
[2025-01-30T09:14:27.975+0000] {processor.py:830} INFO - Processing file /home/airflow/.local/lib/python3.12/site-packages/airflow/example_dags/example_time_delta_sensor_async.py for tasks to queue
[2025-01-30T09:14:27.977+0000] {logging_mixin.py:188} INFO - [2025-01-30T09:14:27.976+0000] {dagbag.py:545} INFO - Filling up the DagBag from /home/airflow/.local/lib/python3.12/site-packages/airflow/example_dags/example_time_delta_sensor_async.py
[2025-01-30T09:14:27.981+0000] {processor.py:840} INFO - DAG(s) 'example_time_delta_sensor_async' retrieved from /home/airflow/.local/lib/python3.12/site-packages/airflow/example_dags/example_time_delta_sensor_async.py
[2025-01-30T09:14:28.004+0000] {logging_mixin.py:188} INFO - [2025-01-30T09:14:28.004+0000] {dag.py:3096} INFO - Sync 1 DAGs
[2025-01-30T09:14:28.017+0000] {logging_mixin.py:188} INFO - [2025-01-30T09:14:28.017+0000] {dag.py:3954} INFO - Setting next_dagrun for example_time_delta_sensor_async to None, run_after=None
[2025-01-30T09:14:28.042+0000] {processor.py:183} INFO - Processing /home/airflow/.local/lib/python3.12/site-packages/airflow/example_dags/example_time_delta_sensor_async.py took 0.073 seconds
[2025-01-30T09:14:58.204+0000] {processor.py:161} INFO - Started process (PID=592) to work on /home/airflow/.local/lib/python3.12/site-packages/airflow/example_dags/example_time_delta_sensor_async.py
[2025-01-30T09:14:58.206+0000] {processor.py:830} INFO - Processing file /home/airflow/.local/lib/python3.12/site-packages/airflow/example_dags/example_time_delta_sensor_async.py for tasks to queue
[2025-01-30T09:14:58.207+0000] {logging_mixin.py:188} INFO - [2025-01-30T09:14:58.207+0000] {dagbag.py:545} INFO - Filling up the DagBag from /home/airflow/.local/lib/python3.12/site-packages/airflow/example_dags/example_time_delta_sensor_async.py
[2025-01-30T09:14:58.211+0000] {processor.py:840} INFO - DAG(s) 'example_time_delta_sensor_async' retrieved from /home/airflow/.local/lib/python3.12/site-packages/airflow/example_dags/example_time_delta_sensor_async.py
[2025-01-30T09:14:58.230+0000] {logging_mixin.py:188} INFO - [2025-01-30T09:14:58.230+0000] {dag.py:3096} INFO - Sync 1 DAGs
[2025-01-30T09:14:58.246+0000] {logging_mixin.py:188} INFO - [2025-01-30T09:14:58.246+0000] {dag.py:3954} INFO - Setting next_dagrun for example_time_delta_sensor_async to None, run_after=None
[2025-01-30T09:14:58.272+0000] {processor.py:183} INFO - Processing /home/airflow/.local/lib/python3.12/site-packages/airflow/example_dags/example_time_delta_sensor_async.py took 0.073 seconds
[2025-01-30T09:15:28.870+0000] {processor.py:161} INFO - Started process (PID=649) to work on /home/airflow/.local/lib/python3.12/site-packages/airflow/example_dags/example_time_delta_sensor_async.py
[2025-01-30T09:15:28.871+0000] {processor.py:830} INFO - Processing file /home/airflow/.local/lib/python3.12/site-packages/airflow/example_dags/example_time_delta_sensor_async.py for tasks to queue
[2025-01-30T09:15:28.873+0000] {logging_mixin.py:188} INFO - [2025-01-30T09:15:28.873+0000] {dagbag.py:545} INFO - Filling up the DagBag from /home/airflow/.local/lib/python3.12/site-packages/airflow/example_dags/example_time_delta_sensor_async.py
[2025-01-30T09:15:28.877+0000] {processor.py:840} INFO - DAG(s) 'example_time_delta_sensor_async' retrieved from /home/airflow/.local/lib/python3.12/site-packages/airflow/example_dags/example_time_delta_sensor_async.py
[2025-01-30T09:15:28.896+0000] {logging_mixin.py:188} INFO - [2025-01-30T09:15:28.895+0000] {dag.py:3096} INFO - Sync 1 DAGs
[2025-01-30T09:15:28.910+0000] {logging_mixin.py:188} INFO - [2025-01-30T09:15:28.909+0000] {dag.py:3954} INFO - Setting next_dagrun for example_time_delta_sensor_async to None, run_after=None
[2025-01-30T09:15:28.931+0000] {processor.py:183} INFO - Processing /home/airflow/.local/lib/python3.12/site-packages/airflow/example_dags/example_time_delta_sensor_async.py took 0.066 seconds
[2025-01-30T09:15:59.238+0000] {processor.py:161} INFO - Started process (PID=707) to work on /home/airflow/.local/lib/python3.12/site-packages/airflow/example_dags/example_time_delta_sensor_async.py
[2025-01-30T09:15:59.239+0000] {processor.py:830} INFO - Processing file /home/airflow/.local/lib/python3.12/site-packages/airflow/example_dags/example_time_delta_sensor_async.py for tasks to queue
[2025-01-30T09:15:59.241+0000] {logging_mixin.py:188} INFO - [2025-01-30T09:15:59.241+0000] {dagbag.py:545} INFO - Filling up the DagBag from /home/airflow/.local/lib/python3.12/site-packages/airflow/example_dags/example_time_delta_sensor_async.py
[2025-01-30T09:15:59.245+0000] {processor.py:840} INFO - DAG(s) 'example_time_delta_sensor_async' retrieved from /home/airflow/.local/lib/python3.12/site-packages/airflow/example_dags/example_time_delta_sensor_async.py
[2025-01-30T09:15:59.267+0000] {logging_mixin.py:188} INFO - [2025-01-30T09:15:59.267+0000] {dag.py:3096} INFO - Sync 1 DAGs
[2025-01-30T09:15:59.282+0000] {logging_mixin.py:188} INFO - [2025-01-30T09:15:59.282+0000] {dag.py:3954} INFO - Setting next_dagrun for example_time_delta_sensor_async to None, run_after=None
[2025-01-30T09:15:59.309+0000] {processor.py:183} INFO - Processing /home/airflow/.local/lib/python3.12/site-packages/airflow/example_dags/example_time_delta_sensor_async.py took 0.076 seconds
[2025-01-30T09:16:29.941+0000] {processor.py:161} INFO - Started process (PID=765) to work on /home/airflow/.local/lib/python3.12/site-packages/airflow/example_dags/example_time_delta_sensor_async.py
[2025-01-30T09:16:29.942+0000] {processor.py:830} INFO - Processing file /home/airflow/.local/lib/python3.12/site-packages/airflow/example_dags/example_time_delta_sensor_async.py for tasks to queue
[2025-01-30T09:16:29.944+0000] {logging_mixin.py:188} INFO - [2025-01-30T09:16:29.944+0000] {dagbag.py:545} INFO - Filling up the DagBag from /home/airflow/.local/lib/python3.12/site-packages/airflow/example_dags/example_time_delta_sensor_async.py
[2025-01-30T09:16:29.948+0000] {processor.py:840} INFO - DAG(s) 'example_time_delta_sensor_async' retrieved from /home/airflow/.local/lib/python3.12/site-packages/airflow/example_dags/example_time_delta_sensor_async.py
[2025-01-30T09:16:29.971+0000] {logging_mixin.py:188} INFO - [2025-01-30T09:16:29.970+0000] {dag.py:3096} INFO - Sync 1 DAGs
[2025-01-30T09:16:29.984+0000] {logging_mixin.py:188} INFO - [2025-01-30T09:16:29.983+0000] {dag.py:3954} INFO - Setting next_dagrun for example_time_delta_sensor_async to None, run_after=None
[2025-01-30T09:16:30.009+0000] {processor.py:183} INFO - Processing /home/airflow/.local/lib/python3.12/site-packages/airflow/example_dags/example_time_delta_sensor_async.py took 0.073 seconds
[2025-01-30T09:17:01.083+0000] {processor.py:161} INFO - Started process (PID=823) to work on /home/airflow/.local/lib/python3.12/site-packages/airflow/example_dags/example_time_delta_sensor_async.py
[2025-01-30T09:17:01.084+0000] {processor.py:830} INFO - Processing file /home/airflow/.local/lib/python3.12/site-packages/airflow/example_dags/example_time_delta_sensor_async.py for tasks to queue
[2025-01-30T09:17:01.086+0000] {logging_mixin.py:188} INFO - [2025-01-30T09:17:01.086+0000] {dagbag.py:545} INFO - Filling up the DagBag from /home/airflow/.local/lib/python3.12/site-packages/airflow/example_dags/example_time_delta_sensor_async.py
[2025-01-30T09:17:01.091+0000] {processor.py:840} INFO - DAG(s) 'example_time_delta_sensor_async' retrieved from /home/airflow/.local/lib/python3.12/site-packages/airflow/example_dags/example_time_delta_sensor_async.py
[2025-01-30T09:17:01.111+0000] {logging_mixin.py:188} INFO - [2025-01-30T09:17:01.111+0000] {dag.py:3096} INFO - Sync 1 DAGs
[2025-01-30T09:17:01.124+0000] {logging_mixin.py:188} INFO - [2025-01-30T09:17:01.124+0000] {dag.py:3954} INFO - Setting next_dagrun for example_time_delta_sensor_async to None, run_after=None
[2025-01-30T09:17:01.150+0000] {processor.py:183} INFO - Processing /home/airflow/.local/lib/python3.12/site-packages/airflow/example_dags/example_time_delta_sensor_async.py took 0.071 seconds
[2025-01-30T09:17:31.703+0000] {processor.py:161} INFO - Started process (PID=881) to work on /home/airflow/.local/lib/python3.12/site-packages/airflow/example_dags/example_time_delta_sensor_async.py
[2025-01-30T09:17:31.704+0000] {processor.py:830} INFO - Processing file /home/airflow/.local/lib/python3.12/site-packages/airflow/example_dags/example_time_delta_sensor_async.py for tasks to queue
[2025-01-30T09:17:31.706+0000] {logging_mixin.py:188} INFO - [2025-01-30T09:17:31.706+0000] {dagbag.py:545} INFO - Filling up the DagBag from /home/airflow/.local/lib/python3.12/site-packages/airflow/example_dags/example_time_delta_sensor_async.py
[2025-01-30T09:17:31.710+0000] {processor.py:840} INFO - DAG(s) 'example_time_delta_sensor_async' retrieved from /home/airflow/.local/lib/python3.12/site-packages/airflow/example_dags/example_time_delta_sensor_async.py
[2025-01-30T09:17:31.734+0000] {logging_mixin.py:188} INFO - [2025-01-30T09:17:31.734+0000] {dag.py:3096} INFO - Sync 1 DAGs
[2025-01-30T09:17:31.748+0000] {logging_mixin.py:188} INFO - [2025-01-30T09:17:31.748+0000] {dag.py:3954} INFO - Setting next_dagrun for example_time_delta_sensor_async to None, run_after=None
[2025-01-30T09:17:31.774+0000] {processor.py:183} INFO - Processing /home/airflow/.local/lib/python3.12/site-packages/airflow/example_dags/example_time_delta_sensor_async.py took 0.079 seconds
[2025-01-30T09:18:02.208+0000] {processor.py:161} INFO - Started process (PID=940) to work on /home/airflow/.local/lib/python3.12/site-packages/airflow/example_dags/example_time_delta_sensor_async.py
[2025-01-30T09:18:02.213+0000] {processor.py:830} INFO - Processing file /home/airflow/.local/lib/python3.12/site-packages/airflow/example_dags/example_time_delta_sensor_async.py for tasks to queue
[2025-01-30T09:18:02.217+0000] {logging_mixin.py:188} INFO - [2025-01-30T09:18:02.217+0000] {dagbag.py:545} INFO - Filling up the DagBag from /home/airflow/.local/lib/python3.12/site-packages/airflow/example_dags/example_time_delta_sensor_async.py
[2025-01-30T09:18:02.222+0000] {processor.py:840} INFO - DAG(s) 'example_time_delta_sensor_async' retrieved from /home/airflow/.local/lib/python3.12/site-packages/airflow/example_dags/example_time_delta_sensor_async.py
[2025-01-30T09:18:02.253+0000] {logging_mixin.py:188} INFO - [2025-01-30T09:18:02.253+0000] {dag.py:3096} INFO - Sync 1 DAGs
[2025-01-30T09:18:02.268+0000] {logging_mixin.py:188} INFO - [2025-01-30T09:18:02.267+0000] {dag.py:3954} INFO - Setting next_dagrun for example_time_delta_sensor_async to None, run_after=None
[2025-01-30T09:18:02.312+0000] {processor.py:183} INFO - Processing /home/airflow/.local/lib/python3.12/site-packages/airflow/example_dags/example_time_delta_sensor_async.py took 0.111 seconds
[2025-01-30T09:20:20.874+0000] {processor.py:161} INFO - Started process (PID=124) to work on /home/airflow/.local/lib/python3.12/site-packages/airflow/example_dags/example_time_delta_sensor_async.py
[2025-01-30T09:20:20.875+0000] {processor.py:830} INFO - Processing file /home/airflow/.local/lib/python3.12/site-packages/airflow/example_dags/example_time_delta_sensor_async.py for tasks to queue
[2025-01-30T09:20:20.877+0000] {logging_mixin.py:188} INFO - [2025-01-30T09:20:20.877+0000] {dagbag.py:545} INFO - Filling up the DagBag from /home/airflow/.local/lib/python3.12/site-packages/airflow/example_dags/example_time_delta_sensor_async.py
[2025-01-30T09:20:20.883+0000] {processor.py:840} INFO - DAG(s) 'example_time_delta_sensor_async' retrieved from /home/airflow/.local/lib/python3.12/site-packages/airflow/example_dags/example_time_delta_sensor_async.py
[2025-01-30T09:20:21.007+0000] {logging_mixin.py:188} INFO - [2025-01-30T09:20:21.006+0000] {dag.py:3096} INFO - Sync 1 DAGs
[2025-01-30T09:20:21.022+0000] {logging_mixin.py:188} INFO - [2025-01-30T09:20:21.021+0000] {dag.py:3954} INFO - Setting next_dagrun for example_time_delta_sensor_async to None, run_after=None
[2025-01-30T09:20:21.049+0000] {processor.py:183} INFO - Processing /home/airflow/.local/lib/python3.12/site-packages/airflow/example_dags/example_time_delta_sensor_async.py took 0.180 seconds
[2025-01-30T09:20:51.646+0000] {processor.py:161} INFO - Started process (PID=182) to work on /home/airflow/.local/lib/python3.12/site-packages/airflow/example_dags/example_time_delta_sensor_async.py
[2025-01-30T09:20:51.647+0000] {processor.py:830} INFO - Processing file /home/airflow/.local/lib/python3.12/site-packages/airflow/example_dags/example_time_delta_sensor_async.py for tasks to queue
[2025-01-30T09:20:51.649+0000] {logging_mixin.py:188} INFO - [2025-01-30T09:20:51.649+0000] {dagbag.py:545} INFO - Filling up the DagBag from /home/airflow/.local/lib/python3.12/site-packages/airflow/example_dags/example_time_delta_sensor_async.py
[2025-01-30T09:20:51.653+0000] {processor.py:840} INFO - DAG(s) 'example_time_delta_sensor_async' retrieved from /home/airflow/.local/lib/python3.12/site-packages/airflow/example_dags/example_time_delta_sensor_async.py
[2025-01-30T09:20:51.673+0000] {logging_mixin.py:188} INFO - [2025-01-30T09:20:51.673+0000] {dag.py:3096} INFO - Sync 1 DAGs
[2025-01-30T09:20:51.686+0000] {logging_mixin.py:188} INFO - [2025-01-30T09:20:51.686+0000] {dag.py:3954} INFO - Setting next_dagrun for example_time_delta_sensor_async to None, run_after=None
[2025-01-30T09:20:51.712+0000] {processor.py:183} INFO - Processing /home/airflow/.local/lib/python3.12/site-packages/airflow/example_dags/example_time_delta_sensor_async.py took 0.070 seconds
[2025-01-30T09:21:22.065+0000] {processor.py:161} INFO - Started process (PID=240) to work on /home/airflow/.local/lib/python3.12/site-packages/airflow/example_dags/example_time_delta_sensor_async.py
[2025-01-30T09:21:22.066+0000] {processor.py:830} INFO - Processing file /home/airflow/.local/lib/python3.12/site-packages/airflow/example_dags/example_time_delta_sensor_async.py for tasks to queue
[2025-01-30T09:21:22.068+0000] {logging_mixin.py:188} INFO - [2025-01-30T09:21:22.068+0000] {dagbag.py:545} INFO - Filling up the DagBag from /home/airflow/.local/lib/python3.12/site-packages/airflow/example_dags/example_time_delta_sensor_async.py
[2025-01-30T09:21:22.073+0000] {processor.py:840} INFO - DAG(s) 'example_time_delta_sensor_async' retrieved from /home/airflow/.local/lib/python3.12/site-packages/airflow/example_dags/example_time_delta_sensor_async.py
[2025-01-30T09:21:22.097+0000] {logging_mixin.py:188} INFO - [2025-01-30T09:21:22.097+0000] {dag.py:3096} INFO - Sync 1 DAGs
[2025-01-30T09:21:22.113+0000] {logging_mixin.py:188} INFO - [2025-01-30T09:21:22.113+0000] {dag.py:3954} INFO - Setting next_dagrun for example_time_delta_sensor_async to None, run_after=None
[2025-01-30T09:21:22.139+0000] {processor.py:183} INFO - Processing /home/airflow/.local/lib/python3.12/site-packages/airflow/example_dags/example_time_delta_sensor_async.py took 0.081 seconds
[2025-01-30T09:21:52.252+0000] {processor.py:161} INFO - Started process (PID=298) to work on /home/airflow/.local/lib/python3.12/site-packages/airflow/example_dags/example_time_delta_sensor_async.py
[2025-01-30T09:21:52.253+0000] {processor.py:830} INFO - Processing file /home/airflow/.local/lib/python3.12/site-packages/airflow/example_dags/example_time_delta_sensor_async.py for tasks to queue
[2025-01-30T09:21:52.256+0000] {logging_mixin.py:188} INFO - [2025-01-30T09:21:52.255+0000] {dagbag.py:545} INFO - Filling up the DagBag from /home/airflow/.local/lib/python3.12/site-packages/airflow/example_dags/example_time_delta_sensor_async.py
[2025-01-30T09:21:52.260+0000] {processor.py:840} INFO - DAG(s) 'example_time_delta_sensor_async' retrieved from /home/airflow/.local/lib/python3.12/site-packages/airflow/example_dags/example_time_delta_sensor_async.py
[2025-01-30T09:21:52.281+0000] {logging_mixin.py:188} INFO - [2025-01-30T09:21:52.280+0000] {dag.py:3096} INFO - Sync 1 DAGs
[2025-01-30T09:21:52.295+0000] {logging_mixin.py:188} INFO - [2025-01-30T09:21:52.295+0000] {dag.py:3954} INFO - Setting next_dagrun for example_time_delta_sensor_async to None, run_after=None
[2025-01-30T09:21:52.317+0000] {processor.py:183} INFO - Processing /home/airflow/.local/lib/python3.12/site-packages/airflow/example_dags/example_time_delta_sensor_async.py took 0.070 seconds
[2025-01-30T09:22:22.415+0000] {processor.py:161} INFO - Started process (PID=357) to work on /home/airflow/.local/lib/python3.12/site-packages/airflow/example_dags/example_time_delta_sensor_async.py
[2025-01-30T09:22:22.416+0000] {processor.py:830} INFO - Processing file /home/airflow/.local/lib/python3.12/site-packages/airflow/example_dags/example_time_delta_sensor_async.py for tasks to queue
[2025-01-30T09:22:22.418+0000] {logging_mixin.py:188} INFO - [2025-01-30T09:22:22.418+0000] {dagbag.py:545} INFO - Filling up the DagBag from /home/airflow/.local/lib/python3.12/site-packages/airflow/example_dags/example_time_delta_sensor_async.py
[2025-01-30T09:22:22.422+0000] {processor.py:840} INFO - DAG(s) 'example_time_delta_sensor_async' retrieved from /home/airflow/.local/lib/python3.12/site-packages/airflow/example_dags/example_time_delta_sensor_async.py
[2025-01-30T09:22:22.445+0000] {logging_mixin.py:188} INFO - [2025-01-30T09:22:22.444+0000] {dag.py:3096} INFO - Sync 1 DAGs
[2025-01-30T09:22:22.461+0000] {logging_mixin.py:188} INFO - [2025-01-30T09:22:22.461+0000] {dag.py:3954} INFO - Setting next_dagrun for example_time_delta_sensor_async to None, run_after=None
[2025-01-30T09:22:22.486+0000] {processor.py:183} INFO - Processing /home/airflow/.local/lib/python3.12/site-packages/airflow/example_dags/example_time_delta_sensor_async.py took 0.075 seconds
[2025-01-30T09:22:53.503+0000] {processor.py:161} INFO - Started process (PID=415) to work on /home/airflow/.local/lib/python3.12/site-packages/airflow/example_dags/example_time_delta_sensor_async.py
[2025-01-30T09:22:53.507+0000] {processor.py:830} INFO - Processing file /home/airflow/.local/lib/python3.12/site-packages/airflow/example_dags/example_time_delta_sensor_async.py for tasks to queue
[2025-01-30T09:22:53.513+0000] {logging_mixin.py:188} INFO - [2025-01-30T09:22:53.513+0000] {dagbag.py:545} INFO - Filling up the DagBag from /home/airflow/.local/lib/python3.12/site-packages/airflow/example_dags/example_time_delta_sensor_async.py
[2025-01-30T09:22:53.526+0000] {processor.py:840} INFO - DAG(s) 'example_time_delta_sensor_async' retrieved from /home/airflow/.local/lib/python3.12/site-packages/airflow/example_dags/example_time_delta_sensor_async.py
[2025-01-30T09:22:53.552+0000] {logging_mixin.py:188} INFO - [2025-01-30T09:22:53.552+0000] {dag.py:3096} INFO - Sync 1 DAGs
[2025-01-30T09:22:53.573+0000] {logging_mixin.py:188} INFO - [2025-01-30T09:22:53.572+0000] {dag.py:3954} INFO - Setting next_dagrun for example_time_delta_sensor_async to None, run_after=None
[2025-01-30T09:22:53.606+0000] {processor.py:183} INFO - Processing /home/airflow/.local/lib/python3.12/site-packages/airflow/example_dags/example_time_delta_sensor_async.py took 0.111 seconds
[2025-01-30T09:23:23.841+0000] {processor.py:161} INFO - Started process (PID=473) to work on /home/airflow/.local/lib/python3.12/site-packages/airflow/example_dags/example_time_delta_sensor_async.py
[2025-01-30T09:23:23.842+0000] {processor.py:830} INFO - Processing file /home/airflow/.local/lib/python3.12/site-packages/airflow/example_dags/example_time_delta_sensor_async.py for tasks to queue
[2025-01-30T09:23:23.845+0000] {logging_mixin.py:188} INFO - [2025-01-30T09:23:23.844+0000] {dagbag.py:545} INFO - Filling up the DagBag from /home/airflow/.local/lib/python3.12/site-packages/airflow/example_dags/example_time_delta_sensor_async.py
[2025-01-30T09:23:23.849+0000] {processor.py:840} INFO - DAG(s) 'example_time_delta_sensor_async' retrieved from /home/airflow/.local/lib/python3.12/site-packages/airflow/example_dags/example_time_delta_sensor_async.py
[2025-01-30T09:23:23.883+0000] {logging_mixin.py:188} INFO - [2025-01-30T09:23:23.883+0000] {dag.py:3096} INFO - Sync 1 DAGs
[2025-01-30T09:23:23.903+0000] {logging_mixin.py:188} INFO - [2025-01-30T09:23:23.903+0000] {dag.py:3954} INFO - Setting next_dagrun for example_time_delta_sensor_async to None, run_after=None
[2025-01-30T09:23:23.929+0000] {processor.py:183} INFO - Processing /home/airflow/.local/lib/python3.12/site-packages/airflow/example_dags/example_time_delta_sensor_async.py took 0.099 seconds
[2025-01-30T09:23:54.722+0000] {processor.py:161} INFO - Started process (PID=531) to work on /home/airflow/.local/lib/python3.12/site-packages/airflow/example_dags/example_time_delta_sensor_async.py
[2025-01-30T09:23:54.723+0000] {processor.py:830} INFO - Processing file /home/airflow/.local/lib/python3.12/site-packages/airflow/example_dags/example_time_delta_sensor_async.py for tasks to queue
[2025-01-30T09:23:54.725+0000] {logging_mixin.py:188} INFO - [2025-01-30T09:23:54.725+0000] {dagbag.py:545} INFO - Filling up the DagBag from /home/airflow/.local/lib/python3.12/site-packages/airflow/example_dags/example_time_delta_sensor_async.py
[2025-01-30T09:23:54.730+0000] {processor.py:840} INFO - DAG(s) 'example_time_delta_sensor_async' retrieved from /home/airflow/.local/lib/python3.12/site-packages/airflow/example_dags/example_time_delta_sensor_async.py
[2025-01-30T09:23:54.752+0000] {logging_mixin.py:188} INFO - [2025-01-30T09:23:54.752+0000] {dag.py:3096} INFO - Sync 1 DAGs
[2025-01-30T09:23:54.767+0000] {logging_mixin.py:188} INFO - [2025-01-30T09:23:54.766+0000] {dag.py:3954} INFO - Setting next_dagrun for example_time_delta_sensor_async to None, run_after=None
[2025-01-30T09:23:54.799+0000] {processor.py:183} INFO - Processing /home/airflow/.local/lib/python3.12/site-packages/airflow/example_dags/example_time_delta_sensor_async.py took 0.082 seconds
[2025-01-30T09:24:25.027+0000] {processor.py:161} INFO - Started process (PID=589) to work on /home/airflow/.local/lib/python3.12/site-packages/airflow/example_dags/example_time_delta_sensor_async.py
[2025-01-30T09:24:25.028+0000] {processor.py:830} INFO - Processing file /home/airflow/.local/lib/python3.12/site-packages/airflow/example_dags/example_time_delta_sensor_async.py for tasks to queue
[2025-01-30T09:24:25.030+0000] {logging_mixin.py:188} INFO - [2025-01-30T09:24:25.030+0000] {dagbag.py:545} INFO - Filling up the DagBag from /home/airflow/.local/lib/python3.12/site-packages/airflow/example_dags/example_time_delta_sensor_async.py
[2025-01-30T09:24:25.034+0000] {processor.py:840} INFO - DAG(s) 'example_time_delta_sensor_async' retrieved from /home/airflow/.local/lib/python3.12/site-packages/airflow/example_dags/example_time_delta_sensor_async.py
[2025-01-30T09:24:25.056+0000] {logging_mixin.py:188} INFO - [2025-01-30T09:24:25.056+0000] {dag.py:3096} INFO - Sync 1 DAGs
[2025-01-30T09:24:25.077+0000] {logging_mixin.py:188} INFO - [2025-01-30T09:24:25.076+0000] {dag.py:3954} INFO - Setting next_dagrun for example_time_delta_sensor_async to None, run_after=None
[2025-01-30T09:24:25.107+0000] {processor.py:183} INFO - Processing /home/airflow/.local/lib/python3.12/site-packages/airflow/example_dags/example_time_delta_sensor_async.py took 0.087 seconds
[2025-01-30T09:24:55.950+0000] {processor.py:161} INFO - Started process (PID=647) to work on /home/airflow/.local/lib/python3.12/site-packages/airflow/example_dags/example_time_delta_sensor_async.py
[2025-01-30T09:24:55.951+0000] {processor.py:830} INFO - Processing file /home/airflow/.local/lib/python3.12/site-packages/airflow/example_dags/example_time_delta_sensor_async.py for tasks to queue
[2025-01-30T09:24:55.953+0000] {logging_mixin.py:188} INFO - [2025-01-30T09:24:55.953+0000] {dagbag.py:545} INFO - Filling up the DagBag from /home/airflow/.local/lib/python3.12/site-packages/airflow/example_dags/example_time_delta_sensor_async.py
[2025-01-30T09:24:55.956+0000] {processor.py:840} INFO - DAG(s) 'example_time_delta_sensor_async' retrieved from /home/airflow/.local/lib/python3.12/site-packages/airflow/example_dags/example_time_delta_sensor_async.py
[2025-01-30T09:24:55.977+0000] {logging_mixin.py:188} INFO - [2025-01-30T09:24:55.977+0000] {dag.py:3096} INFO - Sync 1 DAGs
[2025-01-30T09:24:55.990+0000] {logging_mixin.py:188} INFO - [2025-01-30T09:24:55.989+0000] {dag.py:3954} INFO - Setting next_dagrun for example_time_delta_sensor_async to None, run_after=None
[2025-01-30T09:24:56.013+0000] {processor.py:183} INFO - Processing /home/airflow/.local/lib/python3.12/site-packages/airflow/example_dags/example_time_delta_sensor_async.py took 0.067 seconds
