[2025-01-30T08:43:53.204+0000] {processor.py:161} INFO - Started process (PID=94) to work on /home/airflow/.local/lib/python3.12/site-packages/airflow/example_dags/example_nested_branch_dag.py
[2025-01-30T08:43:53.206+0000] {processor.py:830} INFO - Processing file /home/airflow/.local/lib/python3.12/site-packages/airflow/example_dags/example_nested_branch_dag.py for tasks to queue
[2025-01-30T08:43:53.208+0000] {logging_mixin.py:188} INFO - [2025-01-30T08:43:53.208+0000] {dagbag.py:545} INFO - Filling up the DagBag from /home/airflow/.local/lib/python3.12/site-packages/airflow/example_dags/example_nested_branch_dag.py
[2025-01-30T08:43:53.224+0000] {processor.py:840} INFO - DAG(s) 'example_nested_branch_dag' retrieved from /home/airflow/.local/lib/python3.12/site-packages/airflow/example_dags/example_nested_branch_dag.py
[2025-01-30T08:43:53.337+0000] {logging_mixin.py:188} INFO - [2025-01-30T08:43:53.337+0000] {dag.py:3096} INFO - Sync 1 DAGs
[2025-01-30T08:43:53.361+0000] {logging_mixin.py:188} INFO - [2025-01-30T08:43:53.361+0000] {dag.py:3954} INFO - Setting next_dagrun for example_nested_branch_dag to 2025-01-29 00:00:00+00:00, run_after=2025-01-30 00:00:00+00:00
[2025-01-30T08:43:53.386+0000] {processor.py:183} INFO - Processing /home/airflow/.local/lib/python3.12/site-packages/airflow/example_dags/example_nested_branch_dag.py took 0.187 seconds
[2025-01-30T08:44:23.664+0000] {processor.py:161} INFO - Started process (PID=152) to work on /home/airflow/.local/lib/python3.12/site-packages/airflow/example_dags/example_nested_branch_dag.py
[2025-01-30T08:44:23.665+0000] {processor.py:830} INFO - Processing file /home/airflow/.local/lib/python3.12/site-packages/airflow/example_dags/example_nested_branch_dag.py for tasks to queue
[2025-01-30T08:44:23.667+0000] {logging_mixin.py:188} INFO - [2025-01-30T08:44:23.666+0000] {dagbag.py:545} INFO - Filling up the DagBag from /home/airflow/.local/lib/python3.12/site-packages/airflow/example_dags/example_nested_branch_dag.py
[2025-01-30T08:44:23.676+0000] {processor.py:840} INFO - DAG(s) 'example_nested_branch_dag' retrieved from /home/airflow/.local/lib/python3.12/site-packages/airflow/example_dags/example_nested_branch_dag.py
[2025-01-30T08:44:23.700+0000] {logging_mixin.py:188} INFO - [2025-01-30T08:44:23.700+0000] {dag.py:3096} INFO - Sync 1 DAGs
[2025-01-30T08:44:23.725+0000] {logging_mixin.py:188} INFO - [2025-01-30T08:44:23.725+0000] {dag.py:3954} INFO - Setting next_dagrun for example_nested_branch_dag to 2025-01-29 00:00:00+00:00, run_after=2025-01-30 00:00:00+00:00
[2025-01-30T08:44:23.748+0000] {processor.py:183} INFO - Processing /home/airflow/.local/lib/python3.12/site-packages/airflow/example_dags/example_nested_branch_dag.py took 0.089 seconds
[2025-01-30T08:44:54.028+0000] {processor.py:161} INFO - Started process (PID=210) to work on /home/airflow/.local/lib/python3.12/site-packages/airflow/example_dags/example_nested_branch_dag.py
[2025-01-30T08:44:54.030+0000] {processor.py:830} INFO - Processing file /home/airflow/.local/lib/python3.12/site-packages/airflow/example_dags/example_nested_branch_dag.py for tasks to queue
[2025-01-30T08:44:54.033+0000] {logging_mixin.py:188} INFO - [2025-01-30T08:44:54.032+0000] {dagbag.py:545} INFO - Filling up the DagBag from /home/airflow/.local/lib/python3.12/site-packages/airflow/example_dags/example_nested_branch_dag.py
[2025-01-30T08:44:54.045+0000] {processor.py:840} INFO - DAG(s) 'example_nested_branch_dag' retrieved from /home/airflow/.local/lib/python3.12/site-packages/airflow/example_dags/example_nested_branch_dag.py
[2025-01-30T08:44:54.076+0000] {logging_mixin.py:188} INFO - [2025-01-30T08:44:54.076+0000] {dag.py:3096} INFO - Sync 1 DAGs
[2025-01-30T08:44:54.109+0000] {logging_mixin.py:188} INFO - [2025-01-30T08:44:54.109+0000] {dag.py:3954} INFO - Setting next_dagrun for example_nested_branch_dag to 2025-01-29 00:00:00+00:00, run_after=2025-01-30 00:00:00+00:00
[2025-01-30T08:44:54.138+0000] {processor.py:183} INFO - Processing /home/airflow/.local/lib/python3.12/site-packages/airflow/example_dags/example_nested_branch_dag.py took 0.118 seconds
[2025-01-30T08:45:24.309+0000] {processor.py:161} INFO - Started process (PID=268) to work on /home/airflow/.local/lib/python3.12/site-packages/airflow/example_dags/example_nested_branch_dag.py
[2025-01-30T08:45:24.310+0000] {processor.py:830} INFO - Processing file /home/airflow/.local/lib/python3.12/site-packages/airflow/example_dags/example_nested_branch_dag.py for tasks to queue
[2025-01-30T08:45:24.312+0000] {logging_mixin.py:188} INFO - [2025-01-30T08:45:24.312+0000] {dagbag.py:545} INFO - Filling up the DagBag from /home/airflow/.local/lib/python3.12/site-packages/airflow/example_dags/example_nested_branch_dag.py
[2025-01-30T08:45:24.324+0000] {processor.py:840} INFO - DAG(s) 'example_nested_branch_dag' retrieved from /home/airflow/.local/lib/python3.12/site-packages/airflow/example_dags/example_nested_branch_dag.py
[2025-01-30T08:45:24.348+0000] {logging_mixin.py:188} INFO - [2025-01-30T08:45:24.348+0000] {dag.py:3096} INFO - Sync 1 DAGs
[2025-01-30T08:45:24.377+0000] {logging_mixin.py:188} INFO - [2025-01-30T08:45:24.376+0000] {dag.py:3954} INFO - Setting next_dagrun for example_nested_branch_dag to 2025-01-29 00:00:00+00:00, run_after=2025-01-30 00:00:00+00:00
[2025-01-30T08:45:24.401+0000] {processor.py:183} INFO - Processing /home/airflow/.local/lib/python3.12/site-packages/airflow/example_dags/example_nested_branch_dag.py took 0.097 seconds
[2025-01-30T08:45:55.242+0000] {processor.py:161} INFO - Started process (PID=326) to work on /home/airflow/.local/lib/python3.12/site-packages/airflow/example_dags/example_nested_branch_dag.py
[2025-01-30T08:45:55.243+0000] {processor.py:830} INFO - Processing file /home/airflow/.local/lib/python3.12/site-packages/airflow/example_dags/example_nested_branch_dag.py for tasks to queue
[2025-01-30T08:45:55.244+0000] {logging_mixin.py:188} INFO - [2025-01-30T08:45:55.244+0000] {dagbag.py:545} INFO - Filling up the DagBag from /home/airflow/.local/lib/python3.12/site-packages/airflow/example_dags/example_nested_branch_dag.py
[2025-01-30T08:45:55.254+0000] {processor.py:840} INFO - DAG(s) 'example_nested_branch_dag' retrieved from /home/airflow/.local/lib/python3.12/site-packages/airflow/example_dags/example_nested_branch_dag.py
[2025-01-30T08:45:55.276+0000] {logging_mixin.py:188} INFO - [2025-01-30T08:45:55.276+0000] {dag.py:3096} INFO - Sync 1 DAGs
[2025-01-30T08:45:55.301+0000] {logging_mixin.py:188} INFO - [2025-01-30T08:45:55.300+0000] {dag.py:3954} INFO - Setting next_dagrun for example_nested_branch_dag to 2025-01-29 00:00:00+00:00, run_after=2025-01-30 00:00:00+00:00
[2025-01-30T08:45:55.324+0000] {processor.py:183} INFO - Processing /home/airflow/.local/lib/python3.12/site-packages/airflow/example_dags/example_nested_branch_dag.py took 0.087 seconds
[2025-01-30T08:46:25.806+0000] {processor.py:161} INFO - Started process (PID=383) to work on /home/airflow/.local/lib/python3.12/site-packages/airflow/example_dags/example_nested_branch_dag.py
[2025-01-30T08:46:25.807+0000] {processor.py:830} INFO - Processing file /home/airflow/.local/lib/python3.12/site-packages/airflow/example_dags/example_nested_branch_dag.py for tasks to queue
[2025-01-30T08:46:25.810+0000] {logging_mixin.py:188} INFO - [2025-01-30T08:46:25.810+0000] {dagbag.py:545} INFO - Filling up the DagBag from /home/airflow/.local/lib/python3.12/site-packages/airflow/example_dags/example_nested_branch_dag.py
[2025-01-30T08:46:25.820+0000] {processor.py:840} INFO - DAG(s) 'example_nested_branch_dag' retrieved from /home/airflow/.local/lib/python3.12/site-packages/airflow/example_dags/example_nested_branch_dag.py
[2025-01-30T08:46:25.849+0000] {logging_mixin.py:188} INFO - [2025-01-30T08:46:25.849+0000] {dag.py:3096} INFO - Sync 1 DAGs
[2025-01-30T08:46:25.881+0000] {logging_mixin.py:188} INFO - [2025-01-30T08:46:25.880+0000] {dag.py:3954} INFO - Setting next_dagrun for example_nested_branch_dag to 2025-01-29 00:00:00+00:00, run_after=2025-01-30 00:00:00+00:00
[2025-01-30T08:46:25.909+0000] {processor.py:183} INFO - Processing /home/airflow/.local/lib/python3.12/site-packages/airflow/example_dags/example_nested_branch_dag.py took 0.108 seconds
[2025-01-30T08:46:56.206+0000] {processor.py:161} INFO - Started process (PID=441) to work on /home/airflow/.local/lib/python3.12/site-packages/airflow/example_dags/example_nested_branch_dag.py
[2025-01-30T08:46:56.207+0000] {processor.py:830} INFO - Processing file /home/airflow/.local/lib/python3.12/site-packages/airflow/example_dags/example_nested_branch_dag.py for tasks to queue
[2025-01-30T08:46:56.208+0000] {logging_mixin.py:188} INFO - [2025-01-30T08:46:56.208+0000] {dagbag.py:545} INFO - Filling up the DagBag from /home/airflow/.local/lib/python3.12/site-packages/airflow/example_dags/example_nested_branch_dag.py
[2025-01-30T08:46:56.218+0000] {processor.py:840} INFO - DAG(s) 'example_nested_branch_dag' retrieved from /home/airflow/.local/lib/python3.12/site-packages/airflow/example_dags/example_nested_branch_dag.py
[2025-01-30T08:46:56.242+0000] {logging_mixin.py:188} INFO - [2025-01-30T08:46:56.242+0000] {dag.py:3096} INFO - Sync 1 DAGs
[2025-01-30T08:46:56.267+0000] {logging_mixin.py:188} INFO - [2025-01-30T08:46:56.267+0000] {dag.py:3954} INFO - Setting next_dagrun for example_nested_branch_dag to 2025-01-29 00:00:00+00:00, run_after=2025-01-30 00:00:00+00:00
[2025-01-30T08:46:56.290+0000] {processor.py:183} INFO - Processing /home/airflow/.local/lib/python3.12/site-packages/airflow/example_dags/example_nested_branch_dag.py took 0.089 seconds
[2025-01-30T08:47:26.707+0000] {processor.py:161} INFO - Started process (PID=499) to work on /home/airflow/.local/lib/python3.12/site-packages/airflow/example_dags/example_nested_branch_dag.py
[2025-01-30T08:47:26.709+0000] {processor.py:830} INFO - Processing file /home/airflow/.local/lib/python3.12/site-packages/airflow/example_dags/example_nested_branch_dag.py for tasks to queue
[2025-01-30T08:47:26.710+0000] {logging_mixin.py:188} INFO - [2025-01-30T08:47:26.710+0000] {dagbag.py:545} INFO - Filling up the DagBag from /home/airflow/.local/lib/python3.12/site-packages/airflow/example_dags/example_nested_branch_dag.py
[2025-01-30T08:47:26.719+0000] {processor.py:840} INFO - DAG(s) 'example_nested_branch_dag' retrieved from /home/airflow/.local/lib/python3.12/site-packages/airflow/example_dags/example_nested_branch_dag.py
[2025-01-30T08:47:26.745+0000] {logging_mixin.py:188} INFO - [2025-01-30T08:47:26.745+0000] {dag.py:3096} INFO - Sync 1 DAGs
[2025-01-30T08:47:26.771+0000] {logging_mixin.py:188} INFO - [2025-01-30T08:47:26.771+0000] {dag.py:3954} INFO - Setting next_dagrun for example_nested_branch_dag to 2025-01-29 00:00:00+00:00, run_after=2025-01-30 00:00:00+00:00
[2025-01-30T08:47:26.795+0000] {processor.py:183} INFO - Processing /home/airflow/.local/lib/python3.12/site-packages/airflow/example_dags/example_nested_branch_dag.py took 0.092 seconds
[2025-01-30T08:47:57.182+0000] {processor.py:161} INFO - Started process (PID=557) to work on /home/airflow/.local/lib/python3.12/site-packages/airflow/example_dags/example_nested_branch_dag.py
[2025-01-30T08:47:57.183+0000] {processor.py:830} INFO - Processing file /home/airflow/.local/lib/python3.12/site-packages/airflow/example_dags/example_nested_branch_dag.py for tasks to queue
[2025-01-30T08:47:57.185+0000] {logging_mixin.py:188} INFO - [2025-01-30T08:47:57.184+0000] {dagbag.py:545} INFO - Filling up the DagBag from /home/airflow/.local/lib/python3.12/site-packages/airflow/example_dags/example_nested_branch_dag.py
[2025-01-30T08:47:57.194+0000] {processor.py:840} INFO - DAG(s) 'example_nested_branch_dag' retrieved from /home/airflow/.local/lib/python3.12/site-packages/airflow/example_dags/example_nested_branch_dag.py
[2025-01-30T08:47:57.218+0000] {logging_mixin.py:188} INFO - [2025-01-30T08:47:57.218+0000] {dag.py:3096} INFO - Sync 1 DAGs
[2025-01-30T08:47:57.244+0000] {logging_mixin.py:188} INFO - [2025-01-30T08:47:57.244+0000] {dag.py:3954} INFO - Setting next_dagrun for example_nested_branch_dag to 2025-01-29 00:00:00+00:00, run_after=2025-01-30 00:00:00+00:00
[2025-01-30T08:47:57.273+0000] {processor.py:183} INFO - Processing /home/airflow/.local/lib/python3.12/site-packages/airflow/example_dags/example_nested_branch_dag.py took 0.096 seconds
[2025-01-30T08:48:27.412+0000] {processor.py:161} INFO - Started process (PID=615) to work on /home/airflow/.local/lib/python3.12/site-packages/airflow/example_dags/example_nested_branch_dag.py
[2025-01-30T08:48:27.413+0000] {processor.py:830} INFO - Processing file /home/airflow/.local/lib/python3.12/site-packages/airflow/example_dags/example_nested_branch_dag.py for tasks to queue
[2025-01-30T08:48:27.416+0000] {logging_mixin.py:188} INFO - [2025-01-30T08:48:27.415+0000] {dagbag.py:545} INFO - Filling up the DagBag from /home/airflow/.local/lib/python3.12/site-packages/airflow/example_dags/example_nested_branch_dag.py
[2025-01-30T08:48:27.426+0000] {processor.py:840} INFO - DAG(s) 'example_nested_branch_dag' retrieved from /home/airflow/.local/lib/python3.12/site-packages/airflow/example_dags/example_nested_branch_dag.py
[2025-01-30T08:48:27.447+0000] {logging_mixin.py:188} INFO - [2025-01-30T08:48:27.447+0000] {dag.py:3096} INFO - Sync 1 DAGs
[2025-01-30T08:48:27.475+0000] {logging_mixin.py:188} INFO - [2025-01-30T08:48:27.474+0000] {dag.py:3954} INFO - Setting next_dagrun for example_nested_branch_dag to 2025-01-29 00:00:00+00:00, run_after=2025-01-30 00:00:00+00:00
[2025-01-30T08:48:27.498+0000] {processor.py:183} INFO - Processing /home/airflow/.local/lib/python3.12/site-packages/airflow/example_dags/example_nested_branch_dag.py took 0.090 seconds
[2025-01-30T08:48:57.613+0000] {processor.py:161} INFO - Started process (PID=673) to work on /home/airflow/.local/lib/python3.12/site-packages/airflow/example_dags/example_nested_branch_dag.py
[2025-01-30T08:48:57.615+0000] {processor.py:830} INFO - Processing file /home/airflow/.local/lib/python3.12/site-packages/airflow/example_dags/example_nested_branch_dag.py for tasks to queue
[2025-01-30T08:48:57.616+0000] {logging_mixin.py:188} INFO - [2025-01-30T08:48:57.616+0000] {dagbag.py:545} INFO - Filling up the DagBag from /home/airflow/.local/lib/python3.12/site-packages/airflow/example_dags/example_nested_branch_dag.py
[2025-01-30T08:48:57.625+0000] {processor.py:840} INFO - DAG(s) 'example_nested_branch_dag' retrieved from /home/airflow/.local/lib/python3.12/site-packages/airflow/example_dags/example_nested_branch_dag.py
[2025-01-30T08:48:57.648+0000] {logging_mixin.py:188} INFO - [2025-01-30T08:48:57.648+0000] {dag.py:3096} INFO - Sync 1 DAGs
[2025-01-30T08:48:57.673+0000] {logging_mixin.py:188} INFO - [2025-01-30T08:48:57.673+0000] {dag.py:3954} INFO - Setting next_dagrun for example_nested_branch_dag to 2025-01-29 00:00:00+00:00, run_after=2025-01-30 00:00:00+00:00
[2025-01-30T08:48:57.697+0000] {processor.py:183} INFO - Processing /home/airflow/.local/lib/python3.12/site-packages/airflow/example_dags/example_nested_branch_dag.py took 0.089 seconds
[2025-01-30T08:49:28.085+0000] {processor.py:161} INFO - Started process (PID=731) to work on /home/airflow/.local/lib/python3.12/site-packages/airflow/example_dags/example_nested_branch_dag.py
[2025-01-30T08:49:28.086+0000] {processor.py:830} INFO - Processing file /home/airflow/.local/lib/python3.12/site-packages/airflow/example_dags/example_nested_branch_dag.py for tasks to queue
[2025-01-30T08:49:28.087+0000] {logging_mixin.py:188} INFO - [2025-01-30T08:49:28.087+0000] {dagbag.py:545} INFO - Filling up the DagBag from /home/airflow/.local/lib/python3.12/site-packages/airflow/example_dags/example_nested_branch_dag.py
[2025-01-30T08:49:28.096+0000] {processor.py:840} INFO - DAG(s) 'example_nested_branch_dag' retrieved from /home/airflow/.local/lib/python3.12/site-packages/airflow/example_dags/example_nested_branch_dag.py
[2025-01-30T08:49:28.117+0000] {logging_mixin.py:188} INFO - [2025-01-30T08:49:28.117+0000] {dag.py:3096} INFO - Sync 1 DAGs
[2025-01-30T08:49:28.139+0000] {logging_mixin.py:188} INFO - [2025-01-30T08:49:28.139+0000] {dag.py:3954} INFO - Setting next_dagrun for example_nested_branch_dag to 2025-01-29 00:00:00+00:00, run_after=2025-01-30 00:00:00+00:00
[2025-01-30T08:49:28.165+0000] {processor.py:183} INFO - Processing /home/airflow/.local/lib/python3.12/site-packages/airflow/example_dags/example_nested_branch_dag.py took 0.085 seconds
[2025-01-30T08:49:58.241+0000] {processor.py:161} INFO - Started process (PID=788) to work on /home/airflow/.local/lib/python3.12/site-packages/airflow/example_dags/example_nested_branch_dag.py
[2025-01-30T08:49:58.242+0000] {processor.py:830} INFO - Processing file /home/airflow/.local/lib/python3.12/site-packages/airflow/example_dags/example_nested_branch_dag.py for tasks to queue
[2025-01-30T08:49:58.245+0000] {logging_mixin.py:188} INFO - [2025-01-30T08:49:58.244+0000] {dagbag.py:545} INFO - Filling up the DagBag from /home/airflow/.local/lib/python3.12/site-packages/airflow/example_dags/example_nested_branch_dag.py
[2025-01-30T08:49:58.254+0000] {processor.py:840} INFO - DAG(s) 'example_nested_branch_dag' retrieved from /home/airflow/.local/lib/python3.12/site-packages/airflow/example_dags/example_nested_branch_dag.py
[2025-01-30T08:49:58.276+0000] {logging_mixin.py:188} INFO - [2025-01-30T08:49:58.276+0000] {dag.py:3096} INFO - Sync 1 DAGs
[2025-01-30T08:49:58.302+0000] {logging_mixin.py:188} INFO - [2025-01-30T08:49:58.302+0000] {dag.py:3954} INFO - Setting next_dagrun for example_nested_branch_dag to 2025-01-29 00:00:00+00:00, run_after=2025-01-30 00:00:00+00:00
[2025-01-30T08:49:58.324+0000] {processor.py:183} INFO - Processing /home/airflow/.local/lib/python3.12/site-packages/airflow/example_dags/example_nested_branch_dag.py took 0.088 seconds
[2025-01-30T08:50:28.731+0000] {processor.py:161} INFO - Started process (PID=846) to work on /home/airflow/.local/lib/python3.12/site-packages/airflow/example_dags/example_nested_branch_dag.py
[2025-01-30T08:50:28.732+0000] {processor.py:830} INFO - Processing file /home/airflow/.local/lib/python3.12/site-packages/airflow/example_dags/example_nested_branch_dag.py for tasks to queue
[2025-01-30T08:50:28.735+0000] {logging_mixin.py:188} INFO - [2025-01-30T08:50:28.734+0000] {dagbag.py:545} INFO - Filling up the DagBag from /home/airflow/.local/lib/python3.12/site-packages/airflow/example_dags/example_nested_branch_dag.py
[2025-01-30T08:50:28.744+0000] {processor.py:840} INFO - DAG(s) 'example_nested_branch_dag' retrieved from /home/airflow/.local/lib/python3.12/site-packages/airflow/example_dags/example_nested_branch_dag.py
[2025-01-30T08:50:28.765+0000] {logging_mixin.py:188} INFO - [2025-01-30T08:50:28.765+0000] {dag.py:3096} INFO - Sync 1 DAGs
[2025-01-30T08:50:28.788+0000] {logging_mixin.py:188} INFO - [2025-01-30T08:50:28.788+0000] {dag.py:3954} INFO - Setting next_dagrun for example_nested_branch_dag to 2025-01-29 00:00:00+00:00, run_after=2025-01-30 00:00:00+00:00
[2025-01-30T08:50:28.815+0000] {processor.py:183} INFO - Processing /home/airflow/.local/lib/python3.12/site-packages/airflow/example_dags/example_nested_branch_dag.py took 0.089 seconds
[2025-01-30T08:50:59.300+0000] {processor.py:161} INFO - Started process (PID=904) to work on /home/airflow/.local/lib/python3.12/site-packages/airflow/example_dags/example_nested_branch_dag.py
[2025-01-30T08:50:59.301+0000] {processor.py:830} INFO - Processing file /home/airflow/.local/lib/python3.12/site-packages/airflow/example_dags/example_nested_branch_dag.py for tasks to queue
[2025-01-30T08:50:59.304+0000] {logging_mixin.py:188} INFO - [2025-01-30T08:50:59.303+0000] {dagbag.py:545} INFO - Filling up the DagBag from /home/airflow/.local/lib/python3.12/site-packages/airflow/example_dags/example_nested_branch_dag.py
[2025-01-30T08:50:59.312+0000] {processor.py:840} INFO - DAG(s) 'example_nested_branch_dag' retrieved from /home/airflow/.local/lib/python3.12/site-packages/airflow/example_dags/example_nested_branch_dag.py
[2025-01-30T08:50:59.334+0000] {logging_mixin.py:188} INFO - [2025-01-30T08:50:59.334+0000] {dag.py:3096} INFO - Sync 1 DAGs
[2025-01-30T08:50:59.356+0000] {logging_mixin.py:188} INFO - [2025-01-30T08:50:59.356+0000] {dag.py:3954} INFO - Setting next_dagrun for example_nested_branch_dag to 2025-01-29 00:00:00+00:00, run_after=2025-01-30 00:00:00+00:00
[2025-01-30T08:50:59.380+0000] {processor.py:183} INFO - Processing /home/airflow/.local/lib/python3.12/site-packages/airflow/example_dags/example_nested_branch_dag.py took 0.085 seconds
[2025-01-30T08:51:29.573+0000] {processor.py:161} INFO - Started process (PID=962) to work on /home/airflow/.local/lib/python3.12/site-packages/airflow/example_dags/example_nested_branch_dag.py
[2025-01-30T08:51:29.574+0000] {processor.py:830} INFO - Processing file /home/airflow/.local/lib/python3.12/site-packages/airflow/example_dags/example_nested_branch_dag.py for tasks to queue
[2025-01-30T08:51:29.577+0000] {logging_mixin.py:188} INFO - [2025-01-30T08:51:29.577+0000] {dagbag.py:545} INFO - Filling up the DagBag from /home/airflow/.local/lib/python3.12/site-packages/airflow/example_dags/example_nested_branch_dag.py
[2025-01-30T08:51:29.587+0000] {processor.py:840} INFO - DAG(s) 'example_nested_branch_dag' retrieved from /home/airflow/.local/lib/python3.12/site-packages/airflow/example_dags/example_nested_branch_dag.py
[2025-01-30T08:51:29.626+0000] {logging_mixin.py:188} INFO - [2025-01-30T08:51:29.626+0000] {dag.py:3096} INFO - Sync 1 DAGs
[2025-01-30T08:51:29.662+0000] {logging_mixin.py:188} INFO - [2025-01-30T08:51:29.662+0000] {dag.py:3954} INFO - Setting next_dagrun for example_nested_branch_dag to 2025-01-29 00:00:00+00:00, run_after=2025-01-30 00:00:00+00:00
[2025-01-30T08:51:29.689+0000] {processor.py:183} INFO - Processing /home/airflow/.local/lib/python3.12/site-packages/airflow/example_dags/example_nested_branch_dag.py took 0.121 seconds
[2025-01-30T08:51:59.911+0000] {processor.py:161} INFO - Started process (PID=1020) to work on /home/airflow/.local/lib/python3.12/site-packages/airflow/example_dags/example_nested_branch_dag.py
[2025-01-30T08:51:59.912+0000] {processor.py:830} INFO - Processing file /home/airflow/.local/lib/python3.12/site-packages/airflow/example_dags/example_nested_branch_dag.py for tasks to queue
[2025-01-30T08:51:59.915+0000] {logging_mixin.py:188} INFO - [2025-01-30T08:51:59.914+0000] {dagbag.py:545} INFO - Filling up the DagBag from /home/airflow/.local/lib/python3.12/site-packages/airflow/example_dags/example_nested_branch_dag.py
[2025-01-30T08:51:59.925+0000] {processor.py:840} INFO - DAG(s) 'example_nested_branch_dag' retrieved from /home/airflow/.local/lib/python3.12/site-packages/airflow/example_dags/example_nested_branch_dag.py
[2025-01-30T08:51:59.950+0000] {logging_mixin.py:188} INFO - [2025-01-30T08:51:59.949+0000] {dag.py:3096} INFO - Sync 1 DAGs
[2025-01-30T08:51:59.975+0000] {logging_mixin.py:188} INFO - [2025-01-30T08:51:59.974+0000] {dag.py:3954} INFO - Setting next_dagrun for example_nested_branch_dag to 2025-01-29 00:00:00+00:00, run_after=2025-01-30 00:00:00+00:00
[2025-01-30T08:52:00.002+0000] {processor.py:183} INFO - Processing /home/airflow/.local/lib/python3.12/site-packages/airflow/example_dags/example_nested_branch_dag.py took 0.097 seconds
[2025-01-30T08:52:30.282+0000] {processor.py:161} INFO - Started process (PID=1078) to work on /home/airflow/.local/lib/python3.12/site-packages/airflow/example_dags/example_nested_branch_dag.py
[2025-01-30T08:52:30.283+0000] {processor.py:830} INFO - Processing file /home/airflow/.local/lib/python3.12/site-packages/airflow/example_dags/example_nested_branch_dag.py for tasks to queue
[2025-01-30T08:52:30.286+0000] {logging_mixin.py:188} INFO - [2025-01-30T08:52:30.286+0000] {dagbag.py:545} INFO - Filling up the DagBag from /home/airflow/.local/lib/python3.12/site-packages/airflow/example_dags/example_nested_branch_dag.py
[2025-01-30T08:52:30.296+0000] {processor.py:840} INFO - DAG(s) 'example_nested_branch_dag' retrieved from /home/airflow/.local/lib/python3.12/site-packages/airflow/example_dags/example_nested_branch_dag.py
[2025-01-30T08:52:30.321+0000] {logging_mixin.py:188} INFO - [2025-01-30T08:52:30.321+0000] {dag.py:3096} INFO - Sync 1 DAGs
[2025-01-30T08:52:30.348+0000] {logging_mixin.py:188} INFO - [2025-01-30T08:52:30.348+0000] {dag.py:3954} INFO - Setting next_dagrun for example_nested_branch_dag to 2025-01-29 00:00:00+00:00, run_after=2025-01-30 00:00:00+00:00
[2025-01-30T08:52:30.377+0000] {processor.py:183} INFO - Processing /home/airflow/.local/lib/python3.12/site-packages/airflow/example_dags/example_nested_branch_dag.py took 0.100 seconds
[2025-01-30T08:53:00.793+0000] {processor.py:161} INFO - Started process (PID=1136) to work on /home/airflow/.local/lib/python3.12/site-packages/airflow/example_dags/example_nested_branch_dag.py
[2025-01-30T08:53:00.794+0000] {processor.py:830} INFO - Processing file /home/airflow/.local/lib/python3.12/site-packages/airflow/example_dags/example_nested_branch_dag.py for tasks to queue
[2025-01-30T08:53:00.796+0000] {logging_mixin.py:188} INFO - [2025-01-30T08:53:00.795+0000] {dagbag.py:545} INFO - Filling up the DagBag from /home/airflow/.local/lib/python3.12/site-packages/airflow/example_dags/example_nested_branch_dag.py
[2025-01-30T08:53:00.804+0000] {processor.py:840} INFO - DAG(s) 'example_nested_branch_dag' retrieved from /home/airflow/.local/lib/python3.12/site-packages/airflow/example_dags/example_nested_branch_dag.py
[2025-01-30T08:53:00.827+0000] {logging_mixin.py:188} INFO - [2025-01-30T08:53:00.826+0000] {dag.py:3096} INFO - Sync 1 DAGs
[2025-01-30T08:53:00.852+0000] {logging_mixin.py:188} INFO - [2025-01-30T08:53:00.852+0000] {dag.py:3954} INFO - Setting next_dagrun for example_nested_branch_dag to 2025-01-29 00:00:00+00:00, run_after=2025-01-30 00:00:00+00:00
[2025-01-30T08:53:00.875+0000] {processor.py:183} INFO - Processing /home/airflow/.local/lib/python3.12/site-packages/airflow/example_dags/example_nested_branch_dag.py took 0.087 seconds
[2025-01-30T08:53:31.006+0000] {processor.py:161} INFO - Started process (PID=1194) to work on /home/airflow/.local/lib/python3.12/site-packages/airflow/example_dags/example_nested_branch_dag.py
[2025-01-30T08:53:31.007+0000] {processor.py:830} INFO - Processing file /home/airflow/.local/lib/python3.12/site-packages/airflow/example_dags/example_nested_branch_dag.py for tasks to queue
[2025-01-30T08:53:31.009+0000] {logging_mixin.py:188} INFO - [2025-01-30T08:53:31.008+0000] {dagbag.py:545} INFO - Filling up the DagBag from /home/airflow/.local/lib/python3.12/site-packages/airflow/example_dags/example_nested_branch_dag.py
[2025-01-30T08:53:31.017+0000] {processor.py:840} INFO - DAG(s) 'example_nested_branch_dag' retrieved from /home/airflow/.local/lib/python3.12/site-packages/airflow/example_dags/example_nested_branch_dag.py
[2025-01-30T08:53:31.038+0000] {logging_mixin.py:188} INFO - [2025-01-30T08:53:31.038+0000] {dag.py:3096} INFO - Sync 1 DAGs
[2025-01-30T08:53:31.059+0000] {logging_mixin.py:188} INFO - [2025-01-30T08:53:31.059+0000] {dag.py:3954} INFO - Setting next_dagrun for example_nested_branch_dag to 2025-01-29 00:00:00+00:00, run_after=2025-01-30 00:00:00+00:00
[2025-01-30T08:53:31.086+0000] {processor.py:183} INFO - Processing /home/airflow/.local/lib/python3.12/site-packages/airflow/example_dags/example_nested_branch_dag.py took 0.086 seconds
[2025-01-30T08:54:01.377+0000] {processor.py:161} INFO - Started process (PID=1252) to work on /home/airflow/.local/lib/python3.12/site-packages/airflow/example_dags/example_nested_branch_dag.py
[2025-01-30T08:54:01.378+0000] {processor.py:830} INFO - Processing file /home/airflow/.local/lib/python3.12/site-packages/airflow/example_dags/example_nested_branch_dag.py for tasks to queue
[2025-01-30T08:54:01.380+0000] {logging_mixin.py:188} INFO - [2025-01-30T08:54:01.379+0000] {dagbag.py:545} INFO - Filling up the DagBag from /home/airflow/.local/lib/python3.12/site-packages/airflow/example_dags/example_nested_branch_dag.py
[2025-01-30T08:54:01.389+0000] {processor.py:840} INFO - DAG(s) 'example_nested_branch_dag' retrieved from /home/airflow/.local/lib/python3.12/site-packages/airflow/example_dags/example_nested_branch_dag.py
[2025-01-30T08:54:01.414+0000] {logging_mixin.py:188} INFO - [2025-01-30T08:54:01.414+0000] {dag.py:3096} INFO - Sync 1 DAGs
[2025-01-30T08:54:01.440+0000] {logging_mixin.py:188} INFO - [2025-01-30T08:54:01.440+0000] {dag.py:3954} INFO - Setting next_dagrun for example_nested_branch_dag to 2025-01-29 00:00:00+00:00, run_after=2025-01-30 00:00:00+00:00
[2025-01-30T08:54:01.463+0000] {processor.py:183} INFO - Processing /home/airflow/.local/lib/python3.12/site-packages/airflow/example_dags/example_nested_branch_dag.py took 0.092 seconds
[2025-01-30T08:54:31.956+0000] {processor.py:161} INFO - Started process (PID=1310) to work on /home/airflow/.local/lib/python3.12/site-packages/airflow/example_dags/example_nested_branch_dag.py
[2025-01-30T08:54:31.957+0000] {processor.py:830} INFO - Processing file /home/airflow/.local/lib/python3.12/site-packages/airflow/example_dags/example_nested_branch_dag.py for tasks to queue
[2025-01-30T08:54:31.959+0000] {logging_mixin.py:188} INFO - [2025-01-30T08:54:31.959+0000] {dagbag.py:545} INFO - Filling up the DagBag from /home/airflow/.local/lib/python3.12/site-packages/airflow/example_dags/example_nested_branch_dag.py
[2025-01-30T08:54:31.971+0000] {processor.py:840} INFO - DAG(s) 'example_nested_branch_dag' retrieved from /home/airflow/.local/lib/python3.12/site-packages/airflow/example_dags/example_nested_branch_dag.py
[2025-01-30T08:54:31.995+0000] {logging_mixin.py:188} INFO - [2025-01-30T08:54:31.994+0000] {dag.py:3096} INFO - Sync 1 DAGs
[2025-01-30T08:54:32.019+0000] {logging_mixin.py:188} INFO - [2025-01-30T08:54:32.019+0000] {dag.py:3954} INFO - Setting next_dagrun for example_nested_branch_dag to 2025-01-29 00:00:00+00:00, run_after=2025-01-30 00:00:00+00:00
[2025-01-30T08:54:32.045+0000] {processor.py:183} INFO - Processing /home/airflow/.local/lib/python3.12/site-packages/airflow/example_dags/example_nested_branch_dag.py took 0.095 seconds
[2025-01-30T08:55:03.053+0000] {processor.py:161} INFO - Started process (PID=1368) to work on /home/airflow/.local/lib/python3.12/site-packages/airflow/example_dags/example_nested_branch_dag.py
[2025-01-30T08:55:03.054+0000] {processor.py:830} INFO - Processing file /home/airflow/.local/lib/python3.12/site-packages/airflow/example_dags/example_nested_branch_dag.py for tasks to queue
[2025-01-30T08:55:03.057+0000] {logging_mixin.py:188} INFO - [2025-01-30T08:55:03.056+0000] {dagbag.py:545} INFO - Filling up the DagBag from /home/airflow/.local/lib/python3.12/site-packages/airflow/example_dags/example_nested_branch_dag.py
[2025-01-30T08:55:03.066+0000] {processor.py:840} INFO - DAG(s) 'example_nested_branch_dag' retrieved from /home/airflow/.local/lib/python3.12/site-packages/airflow/example_dags/example_nested_branch_dag.py
[2025-01-30T08:55:03.091+0000] {logging_mixin.py:188} INFO - [2025-01-30T08:55:03.091+0000] {dag.py:3096} INFO - Sync 1 DAGs
[2025-01-30T08:55:03.117+0000] {logging_mixin.py:188} INFO - [2025-01-30T08:55:03.117+0000] {dag.py:3954} INFO - Setting next_dagrun for example_nested_branch_dag to 2025-01-29 00:00:00+00:00, run_after=2025-01-30 00:00:00+00:00
[2025-01-30T08:55:03.141+0000] {processor.py:183} INFO - Processing /home/airflow/.local/lib/python3.12/site-packages/airflow/example_dags/example_nested_branch_dag.py took 0.093 seconds
[2025-01-30T08:55:33.238+0000] {processor.py:161} INFO - Started process (PID=1426) to work on /home/airflow/.local/lib/python3.12/site-packages/airflow/example_dags/example_nested_branch_dag.py
[2025-01-30T08:55:33.239+0000] {processor.py:830} INFO - Processing file /home/airflow/.local/lib/python3.12/site-packages/airflow/example_dags/example_nested_branch_dag.py for tasks to queue
[2025-01-30T08:55:33.241+0000] {logging_mixin.py:188} INFO - [2025-01-30T08:55:33.240+0000] {dagbag.py:545} INFO - Filling up the DagBag from /home/airflow/.local/lib/python3.12/site-packages/airflow/example_dags/example_nested_branch_dag.py
[2025-01-30T08:55:33.249+0000] {processor.py:840} INFO - DAG(s) 'example_nested_branch_dag' retrieved from /home/airflow/.local/lib/python3.12/site-packages/airflow/example_dags/example_nested_branch_dag.py
[2025-01-30T08:55:33.274+0000] {logging_mixin.py:188} INFO - [2025-01-30T08:55:33.273+0000] {dag.py:3096} INFO - Sync 1 DAGs
[2025-01-30T08:55:33.297+0000] {logging_mixin.py:188} INFO - [2025-01-30T08:55:33.297+0000] {dag.py:3954} INFO - Setting next_dagrun for example_nested_branch_dag to 2025-01-29 00:00:00+00:00, run_after=2025-01-30 00:00:00+00:00
[2025-01-30T08:55:33.322+0000] {processor.py:183} INFO - Processing /home/airflow/.local/lib/python3.12/site-packages/airflow/example_dags/example_nested_branch_dag.py took 0.089 seconds
[2025-01-30T08:56:03.418+0000] {processor.py:161} INFO - Started process (PID=1484) to work on /home/airflow/.local/lib/python3.12/site-packages/airflow/example_dags/example_nested_branch_dag.py
[2025-01-30T08:56:03.419+0000] {processor.py:830} INFO - Processing file /home/airflow/.local/lib/python3.12/site-packages/airflow/example_dags/example_nested_branch_dag.py for tasks to queue
[2025-01-30T08:56:03.421+0000] {logging_mixin.py:188} INFO - [2025-01-30T08:56:03.421+0000] {dagbag.py:545} INFO - Filling up the DagBag from /home/airflow/.local/lib/python3.12/site-packages/airflow/example_dags/example_nested_branch_dag.py
[2025-01-30T08:56:03.432+0000] {processor.py:840} INFO - DAG(s) 'example_nested_branch_dag' retrieved from /home/airflow/.local/lib/python3.12/site-packages/airflow/example_dags/example_nested_branch_dag.py
[2025-01-30T08:56:03.455+0000] {logging_mixin.py:188} INFO - [2025-01-30T08:56:03.454+0000] {dag.py:3096} INFO - Sync 1 DAGs
[2025-01-30T08:56:03.478+0000] {logging_mixin.py:188} INFO - [2025-01-30T08:56:03.478+0000] {dag.py:3954} INFO - Setting next_dagrun for example_nested_branch_dag to 2025-01-29 00:00:00+00:00, run_after=2025-01-30 00:00:00+00:00
[2025-01-30T08:56:03.503+0000] {processor.py:183} INFO - Processing /home/airflow/.local/lib/python3.12/site-packages/airflow/example_dags/example_nested_branch_dag.py took 0.090 seconds
[2025-01-30T08:56:33.590+0000] {processor.py:161} INFO - Started process (PID=1542) to work on /home/airflow/.local/lib/python3.12/site-packages/airflow/example_dags/example_nested_branch_dag.py
[2025-01-30T08:56:33.591+0000] {processor.py:830} INFO - Processing file /home/airflow/.local/lib/python3.12/site-packages/airflow/example_dags/example_nested_branch_dag.py for tasks to queue
[2025-01-30T08:56:33.593+0000] {logging_mixin.py:188} INFO - [2025-01-30T08:56:33.592+0000] {dagbag.py:545} INFO - Filling up the DagBag from /home/airflow/.local/lib/python3.12/site-packages/airflow/example_dags/example_nested_branch_dag.py
[2025-01-30T08:56:33.601+0000] {processor.py:840} INFO - DAG(s) 'example_nested_branch_dag' retrieved from /home/airflow/.local/lib/python3.12/site-packages/airflow/example_dags/example_nested_branch_dag.py
[2025-01-30T08:56:33.623+0000] {logging_mixin.py:188} INFO - [2025-01-30T08:56:33.623+0000] {dag.py:3096} INFO - Sync 1 DAGs
[2025-01-30T08:56:33.646+0000] {logging_mixin.py:188} INFO - [2025-01-30T08:56:33.646+0000] {dag.py:3954} INFO - Setting next_dagrun for example_nested_branch_dag to 2025-01-29 00:00:00+00:00, run_after=2025-01-30 00:00:00+00:00
[2025-01-30T08:56:33.667+0000] {processor.py:183} INFO - Processing /home/airflow/.local/lib/python3.12/site-packages/airflow/example_dags/example_nested_branch_dag.py took 0.082 seconds
[2025-01-30T08:57:03.849+0000] {processor.py:161} INFO - Started process (PID=1600) to work on /home/airflow/.local/lib/python3.12/site-packages/airflow/example_dags/example_nested_branch_dag.py
[2025-01-30T08:57:03.850+0000] {processor.py:830} INFO - Processing file /home/airflow/.local/lib/python3.12/site-packages/airflow/example_dags/example_nested_branch_dag.py for tasks to queue
[2025-01-30T08:57:03.853+0000] {logging_mixin.py:188} INFO - [2025-01-30T08:57:03.852+0000] {dagbag.py:545} INFO - Filling up the DagBag from /home/airflow/.local/lib/python3.12/site-packages/airflow/example_dags/example_nested_branch_dag.py
[2025-01-30T08:57:03.861+0000] {processor.py:840} INFO - DAG(s) 'example_nested_branch_dag' retrieved from /home/airflow/.local/lib/python3.12/site-packages/airflow/example_dags/example_nested_branch_dag.py
[2025-01-30T08:57:03.886+0000] {logging_mixin.py:188} INFO - [2025-01-30T08:57:03.886+0000] {dag.py:3096} INFO - Sync 1 DAGs
[2025-01-30T08:57:03.912+0000] {logging_mixin.py:188} INFO - [2025-01-30T08:57:03.911+0000] {dag.py:3954} INFO - Setting next_dagrun for example_nested_branch_dag to 2025-01-29 00:00:00+00:00, run_after=2025-01-30 00:00:00+00:00
[2025-01-30T08:57:03.937+0000] {processor.py:183} INFO - Processing /home/airflow/.local/lib/python3.12/site-packages/airflow/example_dags/example_nested_branch_dag.py took 0.094 seconds
[2025-01-30T08:57:34.933+0000] {processor.py:161} INFO - Started process (PID=1658) to work on /home/airflow/.local/lib/python3.12/site-packages/airflow/example_dags/example_nested_branch_dag.py
[2025-01-30T08:57:34.934+0000] {processor.py:830} INFO - Processing file /home/airflow/.local/lib/python3.12/site-packages/airflow/example_dags/example_nested_branch_dag.py for tasks to queue
[2025-01-30T08:57:34.936+0000] {logging_mixin.py:188} INFO - [2025-01-30T08:57:34.935+0000] {dagbag.py:545} INFO - Filling up the DagBag from /home/airflow/.local/lib/python3.12/site-packages/airflow/example_dags/example_nested_branch_dag.py
[2025-01-30T08:57:34.947+0000] {processor.py:840} INFO - DAG(s) 'example_nested_branch_dag' retrieved from /home/airflow/.local/lib/python3.12/site-packages/airflow/example_dags/example_nested_branch_dag.py
[2025-01-30T08:57:34.972+0000] {logging_mixin.py:188} INFO - [2025-01-30T08:57:34.972+0000] {dag.py:3096} INFO - Sync 1 DAGs
[2025-01-30T08:57:34.996+0000] {logging_mixin.py:188} INFO - [2025-01-30T08:57:34.996+0000] {dag.py:3954} INFO - Setting next_dagrun for example_nested_branch_dag to 2025-01-29 00:00:00+00:00, run_after=2025-01-30 00:00:00+00:00
[2025-01-30T08:57:35.023+0000] {processor.py:183} INFO - Processing /home/airflow/.local/lib/python3.12/site-packages/airflow/example_dags/example_nested_branch_dag.py took 0.096 seconds
[2025-01-30T08:58:05.288+0000] {processor.py:161} INFO - Started process (PID=1716) to work on /home/airflow/.local/lib/python3.12/site-packages/airflow/example_dags/example_nested_branch_dag.py
[2025-01-30T08:58:05.289+0000] {processor.py:830} INFO - Processing file /home/airflow/.local/lib/python3.12/site-packages/airflow/example_dags/example_nested_branch_dag.py for tasks to queue
[2025-01-30T08:58:05.292+0000] {logging_mixin.py:188} INFO - [2025-01-30T08:58:05.291+0000] {dagbag.py:545} INFO - Filling up the DagBag from /home/airflow/.local/lib/python3.12/site-packages/airflow/example_dags/example_nested_branch_dag.py
[2025-01-30T08:58:05.300+0000] {processor.py:840} INFO - DAG(s) 'example_nested_branch_dag' retrieved from /home/airflow/.local/lib/python3.12/site-packages/airflow/example_dags/example_nested_branch_dag.py
[2025-01-30T08:58:05.324+0000] {logging_mixin.py:188} INFO - [2025-01-30T08:58:05.323+0000] {dag.py:3096} INFO - Sync 1 DAGs
[2025-01-30T08:58:05.349+0000] {logging_mixin.py:188} INFO - [2025-01-30T08:58:05.348+0000] {dag.py:3954} INFO - Setting next_dagrun for example_nested_branch_dag to 2025-01-29 00:00:00+00:00, run_after=2025-01-30 00:00:00+00:00
[2025-01-30T08:58:05.369+0000] {processor.py:183} INFO - Processing /home/airflow/.local/lib/python3.12/site-packages/airflow/example_dags/example_nested_branch_dag.py took 0.087 seconds
[2025-01-30T08:58:35.557+0000] {processor.py:161} INFO - Started process (PID=1774) to work on /home/airflow/.local/lib/python3.12/site-packages/airflow/example_dags/example_nested_branch_dag.py
[2025-01-30T08:58:35.558+0000] {processor.py:830} INFO - Processing file /home/airflow/.local/lib/python3.12/site-packages/airflow/example_dags/example_nested_branch_dag.py for tasks to queue
[2025-01-30T08:58:35.560+0000] {logging_mixin.py:188} INFO - [2025-01-30T08:58:35.560+0000] {dagbag.py:545} INFO - Filling up the DagBag from /home/airflow/.local/lib/python3.12/site-packages/airflow/example_dags/example_nested_branch_dag.py
[2025-01-30T08:58:35.570+0000] {processor.py:840} INFO - DAG(s) 'example_nested_branch_dag' retrieved from /home/airflow/.local/lib/python3.12/site-packages/airflow/example_dags/example_nested_branch_dag.py
[2025-01-30T08:58:35.598+0000] {logging_mixin.py:188} INFO - [2025-01-30T08:58:35.598+0000] {dag.py:3096} INFO - Sync 1 DAGs
[2025-01-30T08:58:35.623+0000] {logging_mixin.py:188} INFO - [2025-01-30T08:58:35.623+0000] {dag.py:3954} INFO - Setting next_dagrun for example_nested_branch_dag to 2025-01-29 00:00:00+00:00, run_after=2025-01-30 00:00:00+00:00
[2025-01-30T08:58:35.649+0000] {processor.py:183} INFO - Processing /home/airflow/.local/lib/python3.12/site-packages/airflow/example_dags/example_nested_branch_dag.py took 0.097 seconds
[2025-01-30T09:01:50.215+0000] {processor.py:161} INFO - Started process (PID=94) to work on /home/airflow/.local/lib/python3.12/site-packages/airflow/example_dags/example_nested_branch_dag.py
[2025-01-30T09:01:50.217+0000] {processor.py:830} INFO - Processing file /home/airflow/.local/lib/python3.12/site-packages/airflow/example_dags/example_nested_branch_dag.py for tasks to queue
[2025-01-30T09:01:50.219+0000] {logging_mixin.py:188} INFO - [2025-01-30T09:01:50.219+0000] {dagbag.py:545} INFO - Filling up the DagBag from /home/airflow/.local/lib/python3.12/site-packages/airflow/example_dags/example_nested_branch_dag.py
[2025-01-30T09:01:50.241+0000] {processor.py:840} INFO - DAG(s) 'example_nested_branch_dag' retrieved from /home/airflow/.local/lib/python3.12/site-packages/airflow/example_dags/example_nested_branch_dag.py
[2025-01-30T09:01:50.405+0000] {logging_mixin.py:188} INFO - [2025-01-30T09:01:50.405+0000] {dag.py:3096} INFO - Sync 1 DAGs
[2025-01-30T09:01:50.445+0000] {logging_mixin.py:188} INFO - [2025-01-30T09:01:50.445+0000] {dag.py:3954} INFO - Setting next_dagrun for example_nested_branch_dag to 2025-01-29 00:00:00+00:00, run_after=2025-01-30 00:00:00+00:00
[2025-01-30T09:01:50.484+0000] {processor.py:183} INFO - Processing /home/airflow/.local/lib/python3.12/site-packages/airflow/example_dags/example_nested_branch_dag.py took 0.274 seconds
[2025-01-30T09:02:21.398+0000] {processor.py:161} INFO - Started process (PID=152) to work on /home/airflow/.local/lib/python3.12/site-packages/airflow/example_dags/example_nested_branch_dag.py
[2025-01-30T09:02:21.400+0000] {processor.py:830} INFO - Processing file /home/airflow/.local/lib/python3.12/site-packages/airflow/example_dags/example_nested_branch_dag.py for tasks to queue
[2025-01-30T09:02:21.402+0000] {logging_mixin.py:188} INFO - [2025-01-30T09:02:21.402+0000] {dagbag.py:545} INFO - Filling up the DagBag from /home/airflow/.local/lib/python3.12/site-packages/airflow/example_dags/example_nested_branch_dag.py
[2025-01-30T09:02:21.416+0000] {processor.py:840} INFO - DAG(s) 'example_nested_branch_dag' retrieved from /home/airflow/.local/lib/python3.12/site-packages/airflow/example_dags/example_nested_branch_dag.py
[2025-01-30T09:02:21.449+0000] {logging_mixin.py:188} INFO - [2025-01-30T09:02:21.449+0000] {dag.py:3096} INFO - Sync 1 DAGs
[2025-01-30T09:02:21.486+0000] {logging_mixin.py:188} INFO - [2025-01-30T09:02:21.486+0000] {dag.py:3954} INFO - Setting next_dagrun for example_nested_branch_dag to 2025-01-29 00:00:00+00:00, run_after=2025-01-30 00:00:00+00:00
[2025-01-30T09:02:21.520+0000] {processor.py:183} INFO - Processing /home/airflow/.local/lib/python3.12/site-packages/airflow/example_dags/example_nested_branch_dag.py took 0.133 seconds
[2025-01-30T09:02:51.710+0000] {processor.py:161} INFO - Started process (PID=210) to work on /home/airflow/.local/lib/python3.12/site-packages/airflow/example_dags/example_nested_branch_dag.py
[2025-01-30T09:02:51.711+0000] {processor.py:830} INFO - Processing file /home/airflow/.local/lib/python3.12/site-packages/airflow/example_dags/example_nested_branch_dag.py for tasks to queue
[2025-01-30T09:02:51.713+0000] {logging_mixin.py:188} INFO - [2025-01-30T09:02:51.713+0000] {dagbag.py:545} INFO - Filling up the DagBag from /home/airflow/.local/lib/python3.12/site-packages/airflow/example_dags/example_nested_branch_dag.py
[2025-01-30T09:02:51.724+0000] {processor.py:840} INFO - DAG(s) 'example_nested_branch_dag' retrieved from /home/airflow/.local/lib/python3.12/site-packages/airflow/example_dags/example_nested_branch_dag.py
[2025-01-30T09:02:51.750+0000] {logging_mixin.py:188} INFO - [2025-01-30T09:02:51.749+0000] {dag.py:3096} INFO - Sync 1 DAGs
[2025-01-30T09:02:51.774+0000] {logging_mixin.py:188} INFO - [2025-01-30T09:02:51.773+0000] {dag.py:3954} INFO - Setting next_dagrun for example_nested_branch_dag to 2025-01-29 00:00:00+00:00, run_after=2025-01-30 00:00:00+00:00
[2025-01-30T09:02:51.803+0000] {processor.py:183} INFO - Processing /home/airflow/.local/lib/python3.12/site-packages/airflow/example_dags/example_nested_branch_dag.py took 0.098 seconds
[2025-01-30T09:03:21.987+0000] {processor.py:161} INFO - Started process (PID=268) to work on /home/airflow/.local/lib/python3.12/site-packages/airflow/example_dags/example_nested_branch_dag.py
[2025-01-30T09:03:21.988+0000] {processor.py:830} INFO - Processing file /home/airflow/.local/lib/python3.12/site-packages/airflow/example_dags/example_nested_branch_dag.py for tasks to queue
[2025-01-30T09:03:21.992+0000] {logging_mixin.py:188} INFO - [2025-01-30T09:03:21.991+0000] {dagbag.py:545} INFO - Filling up the DagBag from /home/airflow/.local/lib/python3.12/site-packages/airflow/example_dags/example_nested_branch_dag.py
[2025-01-30T09:03:22.009+0000] {processor.py:840} INFO - DAG(s) 'example_nested_branch_dag' retrieved from /home/airflow/.local/lib/python3.12/site-packages/airflow/example_dags/example_nested_branch_dag.py
[2025-01-30T09:03:22.038+0000] {logging_mixin.py:188} INFO - [2025-01-30T09:03:22.038+0000] {dag.py:3096} INFO - Sync 1 DAGs
[2025-01-30T09:03:22.091+0000] {logging_mixin.py:188} INFO - [2025-01-30T09:03:22.091+0000] {dag.py:3954} INFO - Setting next_dagrun for example_nested_branch_dag to 2025-01-29 00:00:00+00:00, run_after=2025-01-30 00:00:00+00:00
[2025-01-30T09:03:22.120+0000] {processor.py:183} INFO - Processing /home/airflow/.local/lib/python3.12/site-packages/airflow/example_dags/example_nested_branch_dag.py took 0.142 seconds
[2025-01-30T09:05:20.841+0000] {processor.py:161} INFO - Started process (PID=92) to work on /home/airflow/.local/lib/python3.12/site-packages/airflow/example_dags/example_nested_branch_dag.py
[2025-01-30T09:05:20.842+0000] {processor.py:830} INFO - Processing file /home/airflow/.local/lib/python3.12/site-packages/airflow/example_dags/example_nested_branch_dag.py for tasks to queue
[2025-01-30T09:05:20.844+0000] {logging_mixin.py:188} INFO - [2025-01-30T09:05:20.844+0000] {dagbag.py:545} INFO - Filling up the DagBag from /home/airflow/.local/lib/python3.12/site-packages/airflow/example_dags/example_nested_branch_dag.py
[2025-01-30T09:05:20.857+0000] {processor.py:840} INFO - DAG(s) 'example_nested_branch_dag' retrieved from /home/airflow/.local/lib/python3.12/site-packages/airflow/example_dags/example_nested_branch_dag.py
[2025-01-30T09:05:20.966+0000] {logging_mixin.py:188} INFO - [2025-01-30T09:05:20.966+0000] {dag.py:3096} INFO - Sync 1 DAGs
[2025-01-30T09:05:20.987+0000] {logging_mixin.py:188} INFO - [2025-01-30T09:05:20.987+0000] {dag.py:3954} INFO - Setting next_dagrun for example_nested_branch_dag to 2025-01-29 00:00:00+00:00, run_after=2025-01-30 00:00:00+00:00
[2025-01-30T09:05:21.017+0000] {processor.py:183} INFO - Processing /home/airflow/.local/lib/python3.12/site-packages/airflow/example_dags/example_nested_branch_dag.py took 0.181 seconds
[2025-01-30T09:05:51.186+0000] {processor.py:161} INFO - Started process (PID=150) to work on /home/airflow/.local/lib/python3.12/site-packages/airflow/example_dags/example_nested_branch_dag.py
[2025-01-30T09:05:51.187+0000] {processor.py:830} INFO - Processing file /home/airflow/.local/lib/python3.12/site-packages/airflow/example_dags/example_nested_branch_dag.py for tasks to queue
[2025-01-30T09:05:51.189+0000] {logging_mixin.py:188} INFO - [2025-01-30T09:05:51.189+0000] {dagbag.py:545} INFO - Filling up the DagBag from /home/airflow/.local/lib/python3.12/site-packages/airflow/example_dags/example_nested_branch_dag.py
[2025-01-30T09:05:51.198+0000] {processor.py:840} INFO - DAG(s) 'example_nested_branch_dag' retrieved from /home/airflow/.local/lib/python3.12/site-packages/airflow/example_dags/example_nested_branch_dag.py
[2025-01-30T09:05:51.221+0000] {logging_mixin.py:188} INFO - [2025-01-30T09:05:51.220+0000] {dag.py:3096} INFO - Sync 1 DAGs
[2025-01-30T09:05:51.243+0000] {logging_mixin.py:188} INFO - [2025-01-30T09:05:51.243+0000] {dag.py:3954} INFO - Setting next_dagrun for example_nested_branch_dag to 2025-01-29 00:00:00+00:00, run_after=2025-01-30 00:00:00+00:00
[2025-01-30T09:05:51.264+0000] {processor.py:183} INFO - Processing /home/airflow/.local/lib/python3.12/site-packages/airflow/example_dags/example_nested_branch_dag.py took 0.083 seconds
[2025-01-30T09:10:51.324+0000] {processor.py:161} INFO - Started process (PID=95) to work on /home/airflow/.local/lib/python3.12/site-packages/airflow/example_dags/example_nested_branch_dag.py
[2025-01-30T09:10:51.325+0000] {processor.py:830} INFO - Processing file /home/airflow/.local/lib/python3.12/site-packages/airflow/example_dags/example_nested_branch_dag.py for tasks to queue
[2025-01-30T09:10:51.327+0000] {logging_mixin.py:188} INFO - [2025-01-30T09:10:51.327+0000] {dagbag.py:545} INFO - Filling up the DagBag from /home/airflow/.local/lib/python3.12/site-packages/airflow/example_dags/example_nested_branch_dag.py
[2025-01-30T09:10:51.341+0000] {processor.py:840} INFO - DAG(s) 'example_nested_branch_dag' retrieved from /home/airflow/.local/lib/python3.12/site-packages/airflow/example_dags/example_nested_branch_dag.py
[2025-01-30T09:10:51.452+0000] {logging_mixin.py:188} INFO - [2025-01-30T09:10:51.452+0000] {dag.py:3096} INFO - Sync 1 DAGs
[2025-01-30T09:10:51.479+0000] {logging_mixin.py:188} INFO - [2025-01-30T09:10:51.479+0000] {dag.py:3954} INFO - Setting next_dagrun for example_nested_branch_dag to 2025-01-29 00:00:00+00:00, run_after=2025-01-30 00:00:00+00:00
[2025-01-30T09:10:51.509+0000] {processor.py:183} INFO - Processing /home/airflow/.local/lib/python3.12/site-packages/airflow/example_dags/example_nested_branch_dag.py took 0.191 seconds
[2025-01-30T09:11:21.665+0000] {processor.py:161} INFO - Started process (PID=154) to work on /home/airflow/.local/lib/python3.12/site-packages/airflow/example_dags/example_nested_branch_dag.py
[2025-01-30T09:11:21.667+0000] {processor.py:830} INFO - Processing file /home/airflow/.local/lib/python3.12/site-packages/airflow/example_dags/example_nested_branch_dag.py for tasks to queue
[2025-01-30T09:11:21.670+0000] {logging_mixin.py:188} INFO - [2025-01-30T09:11:21.669+0000] {dagbag.py:545} INFO - Filling up the DagBag from /home/airflow/.local/lib/python3.12/site-packages/airflow/example_dags/example_nested_branch_dag.py
[2025-01-30T09:11:21.678+0000] {processor.py:840} INFO - DAG(s) 'example_nested_branch_dag' retrieved from /home/airflow/.local/lib/python3.12/site-packages/airflow/example_dags/example_nested_branch_dag.py
[2025-01-30T09:11:21.700+0000] {logging_mixin.py:188} INFO - [2025-01-30T09:11:21.700+0000] {dag.py:3096} INFO - Sync 1 DAGs
[2025-01-30T09:11:21.722+0000] {logging_mixin.py:188} INFO - [2025-01-30T09:11:21.722+0000] {dag.py:3954} INFO - Setting next_dagrun for example_nested_branch_dag to 2025-01-29 00:00:00+00:00, run_after=2025-01-30 00:00:00+00:00
[2025-01-30T09:11:21.745+0000] {processor.py:183} INFO - Processing /home/airflow/.local/lib/python3.12/site-packages/airflow/example_dags/example_nested_branch_dag.py took 0.085 seconds
[2025-01-30T09:11:51.976+0000] {processor.py:161} INFO - Started process (PID=212) to work on /home/airflow/.local/lib/python3.12/site-packages/airflow/example_dags/example_nested_branch_dag.py
[2025-01-30T09:11:51.978+0000] {processor.py:830} INFO - Processing file /home/airflow/.local/lib/python3.12/site-packages/airflow/example_dags/example_nested_branch_dag.py for tasks to queue
[2025-01-30T09:11:51.980+0000] {logging_mixin.py:188} INFO - [2025-01-30T09:11:51.980+0000] {dagbag.py:545} INFO - Filling up the DagBag from /home/airflow/.local/lib/python3.12/site-packages/airflow/example_dags/example_nested_branch_dag.py
[2025-01-30T09:11:51.989+0000] {processor.py:840} INFO - DAG(s) 'example_nested_branch_dag' retrieved from /home/airflow/.local/lib/python3.12/site-packages/airflow/example_dags/example_nested_branch_dag.py
[2025-01-30T09:11:52.017+0000] {logging_mixin.py:188} INFO - [2025-01-30T09:11:52.016+0000] {dag.py:3096} INFO - Sync 1 DAGs
[2025-01-30T09:11:52.040+0000] {logging_mixin.py:188} INFO - [2025-01-30T09:11:52.040+0000] {dag.py:3954} INFO - Setting next_dagrun for example_nested_branch_dag to 2025-01-29 00:00:00+00:00, run_after=2025-01-30 00:00:00+00:00
[2025-01-30T09:11:52.065+0000] {processor.py:183} INFO - Processing /home/airflow/.local/lib/python3.12/site-packages/airflow/example_dags/example_nested_branch_dag.py took 0.100 seconds
[2025-01-30T09:12:22.473+0000] {processor.py:161} INFO - Started process (PID=270) to work on /home/airflow/.local/lib/python3.12/site-packages/airflow/example_dags/example_nested_branch_dag.py
[2025-01-30T09:12:22.474+0000] {processor.py:830} INFO - Processing file /home/airflow/.local/lib/python3.12/site-packages/airflow/example_dags/example_nested_branch_dag.py for tasks to queue
[2025-01-30T09:12:22.476+0000] {logging_mixin.py:188} INFO - [2025-01-30T09:12:22.476+0000] {dagbag.py:545} INFO - Filling up the DagBag from /home/airflow/.local/lib/python3.12/site-packages/airflow/example_dags/example_nested_branch_dag.py
[2025-01-30T09:12:22.485+0000] {processor.py:840} INFO - DAG(s) 'example_nested_branch_dag' retrieved from /home/airflow/.local/lib/python3.12/site-packages/airflow/example_dags/example_nested_branch_dag.py
[2025-01-30T09:12:22.509+0000] {logging_mixin.py:188} INFO - [2025-01-30T09:12:22.509+0000] {dag.py:3096} INFO - Sync 1 DAGs
[2025-01-30T09:12:22.535+0000] {logging_mixin.py:188} INFO - [2025-01-30T09:12:22.534+0000] {dag.py:3954} INFO - Setting next_dagrun for example_nested_branch_dag to 2025-01-29 00:00:00+00:00, run_after=2025-01-30 00:00:00+00:00
[2025-01-30T09:12:22.562+0000] {processor.py:183} INFO - Processing /home/airflow/.local/lib/python3.12/site-packages/airflow/example_dags/example_nested_branch_dag.py took 0.093 seconds
[2025-01-30T09:12:52.923+0000] {processor.py:161} INFO - Started process (PID=328) to work on /home/airflow/.local/lib/python3.12/site-packages/airflow/example_dags/example_nested_branch_dag.py
[2025-01-30T09:12:52.925+0000] {processor.py:830} INFO - Processing file /home/airflow/.local/lib/python3.12/site-packages/airflow/example_dags/example_nested_branch_dag.py for tasks to queue
[2025-01-30T09:12:52.926+0000] {logging_mixin.py:188} INFO - [2025-01-30T09:12:52.926+0000] {dagbag.py:545} INFO - Filling up the DagBag from /home/airflow/.local/lib/python3.12/site-packages/airflow/example_dags/example_nested_branch_dag.py
[2025-01-30T09:12:52.935+0000] {processor.py:840} INFO - DAG(s) 'example_nested_branch_dag' retrieved from /home/airflow/.local/lib/python3.12/site-packages/airflow/example_dags/example_nested_branch_dag.py
[2025-01-30T09:12:52.959+0000] {logging_mixin.py:188} INFO - [2025-01-30T09:12:52.959+0000] {dag.py:3096} INFO - Sync 1 DAGs
[2025-01-30T09:12:52.984+0000] {logging_mixin.py:188} INFO - [2025-01-30T09:12:52.984+0000] {dag.py:3954} INFO - Setting next_dagrun for example_nested_branch_dag to 2025-01-29 00:00:00+00:00, run_after=2025-01-30 00:00:00+00:00
[2025-01-30T09:12:53.011+0000] {processor.py:183} INFO - Processing /home/airflow/.local/lib/python3.12/site-packages/airflow/example_dags/example_nested_branch_dag.py took 0.092 seconds
[2025-01-30T09:13:23.130+0000] {processor.py:161} INFO - Started process (PID=385) to work on /home/airflow/.local/lib/python3.12/site-packages/airflow/example_dags/example_nested_branch_dag.py
[2025-01-30T09:13:23.131+0000] {processor.py:830} INFO - Processing file /home/airflow/.local/lib/python3.12/site-packages/airflow/example_dags/example_nested_branch_dag.py for tasks to queue
[2025-01-30T09:13:23.133+0000] {logging_mixin.py:188} INFO - [2025-01-30T09:13:23.133+0000] {dagbag.py:545} INFO - Filling up the DagBag from /home/airflow/.local/lib/python3.12/site-packages/airflow/example_dags/example_nested_branch_dag.py
[2025-01-30T09:13:23.141+0000] {processor.py:840} INFO - DAG(s) 'example_nested_branch_dag' retrieved from /home/airflow/.local/lib/python3.12/site-packages/airflow/example_dags/example_nested_branch_dag.py
[2025-01-30T09:13:23.162+0000] {logging_mixin.py:188} INFO - [2025-01-30T09:13:23.162+0000] {dag.py:3096} INFO - Sync 1 DAGs
[2025-01-30T09:13:23.187+0000] {logging_mixin.py:188} INFO - [2025-01-30T09:13:23.187+0000] {dag.py:3954} INFO - Setting next_dagrun for example_nested_branch_dag to 2025-01-29 00:00:00+00:00, run_after=2025-01-30 00:00:00+00:00
[2025-01-30T09:13:23.208+0000] {processor.py:183} INFO - Processing /home/airflow/.local/lib/python3.12/site-packages/airflow/example_dags/example_nested_branch_dag.py took 0.082 seconds
[2025-01-30T09:13:53.418+0000] {processor.py:161} INFO - Started process (PID=444) to work on /home/airflow/.local/lib/python3.12/site-packages/airflow/example_dags/example_nested_branch_dag.py
[2025-01-30T09:13:53.419+0000] {processor.py:830} INFO - Processing file /home/airflow/.local/lib/python3.12/site-packages/airflow/example_dags/example_nested_branch_dag.py for tasks to queue
[2025-01-30T09:13:53.420+0000] {logging_mixin.py:188} INFO - [2025-01-30T09:13:53.420+0000] {dagbag.py:545} INFO - Filling up the DagBag from /home/airflow/.local/lib/python3.12/site-packages/airflow/example_dags/example_nested_branch_dag.py
[2025-01-30T09:13:53.429+0000] {processor.py:840} INFO - DAG(s) 'example_nested_branch_dag' retrieved from /home/airflow/.local/lib/python3.12/site-packages/airflow/example_dags/example_nested_branch_dag.py
[2025-01-30T09:13:53.450+0000] {logging_mixin.py:188} INFO - [2025-01-30T09:13:53.450+0000] {dag.py:3096} INFO - Sync 1 DAGs
[2025-01-30T09:13:53.474+0000] {logging_mixin.py:188} INFO - [2025-01-30T09:13:53.474+0000] {dag.py:3954} INFO - Setting next_dagrun for example_nested_branch_dag to 2025-01-29 00:00:00+00:00, run_after=2025-01-30 00:00:00+00:00
[2025-01-30T09:13:53.495+0000] {processor.py:183} INFO - Processing /home/airflow/.local/lib/python3.12/site-packages/airflow/example_dags/example_nested_branch_dag.py took 0.082 seconds
[2025-01-30T09:14:23.653+0000] {processor.py:161} INFO - Started process (PID=502) to work on /home/airflow/.local/lib/python3.12/site-packages/airflow/example_dags/example_nested_branch_dag.py
[2025-01-30T09:14:23.654+0000] {processor.py:830} INFO - Processing file /home/airflow/.local/lib/python3.12/site-packages/airflow/example_dags/example_nested_branch_dag.py for tasks to queue
[2025-01-30T09:14:23.656+0000] {logging_mixin.py:188} INFO - [2025-01-30T09:14:23.656+0000] {dagbag.py:545} INFO - Filling up the DagBag from /home/airflow/.local/lib/python3.12/site-packages/airflow/example_dags/example_nested_branch_dag.py
[2025-01-30T09:14:23.664+0000] {processor.py:840} INFO - DAG(s) 'example_nested_branch_dag' retrieved from /home/airflow/.local/lib/python3.12/site-packages/airflow/example_dags/example_nested_branch_dag.py
[2025-01-30T09:14:23.687+0000] {logging_mixin.py:188} INFO - [2025-01-30T09:14:23.686+0000] {dag.py:3096} INFO - Sync 1 DAGs
[2025-01-30T09:14:23.711+0000] {logging_mixin.py:188} INFO - [2025-01-30T09:14:23.711+0000] {dag.py:3954} INFO - Setting next_dagrun for example_nested_branch_dag to 2025-01-29 00:00:00+00:00, run_after=2025-01-30 00:00:00+00:00
[2025-01-30T09:14:23.735+0000] {processor.py:183} INFO - Processing /home/airflow/.local/lib/python3.12/site-packages/airflow/example_dags/example_nested_branch_dag.py took 0.087 seconds
[2025-01-30T09:14:54.487+0000] {processor.py:161} INFO - Started process (PID=560) to work on /home/airflow/.local/lib/python3.12/site-packages/airflow/example_dags/example_nested_branch_dag.py
[2025-01-30T09:14:54.488+0000] {processor.py:830} INFO - Processing file /home/airflow/.local/lib/python3.12/site-packages/airflow/example_dags/example_nested_branch_dag.py for tasks to queue
[2025-01-30T09:14:54.490+0000] {logging_mixin.py:188} INFO - [2025-01-30T09:14:54.490+0000] {dagbag.py:545} INFO - Filling up the DagBag from /home/airflow/.local/lib/python3.12/site-packages/airflow/example_dags/example_nested_branch_dag.py
[2025-01-30T09:14:54.500+0000] {processor.py:840} INFO - DAG(s) 'example_nested_branch_dag' retrieved from /home/airflow/.local/lib/python3.12/site-packages/airflow/example_dags/example_nested_branch_dag.py
[2025-01-30T09:14:54.527+0000] {logging_mixin.py:188} INFO - [2025-01-30T09:14:54.526+0000] {dag.py:3096} INFO - Sync 1 DAGs
[2025-01-30T09:14:54.556+0000] {logging_mixin.py:188} INFO - [2025-01-30T09:14:54.555+0000] {dag.py:3954} INFO - Setting next_dagrun for example_nested_branch_dag to 2025-01-29 00:00:00+00:00, run_after=2025-01-30 00:00:00+00:00
[2025-01-30T09:14:54.579+0000] {processor.py:183} INFO - Processing /home/airflow/.local/lib/python3.12/site-packages/airflow/example_dags/example_nested_branch_dag.py took 0.097 seconds
[2025-01-30T09:15:24.660+0000] {processor.py:161} INFO - Started process (PID=617) to work on /home/airflow/.local/lib/python3.12/site-packages/airflow/example_dags/example_nested_branch_dag.py
[2025-01-30T09:15:24.662+0000] {processor.py:830} INFO - Processing file /home/airflow/.local/lib/python3.12/site-packages/airflow/example_dags/example_nested_branch_dag.py for tasks to queue
[2025-01-30T09:15:24.664+0000] {logging_mixin.py:188} INFO - [2025-01-30T09:15:24.664+0000] {dagbag.py:545} INFO - Filling up the DagBag from /home/airflow/.local/lib/python3.12/site-packages/airflow/example_dags/example_nested_branch_dag.py
[2025-01-30T09:15:24.673+0000] {processor.py:840} INFO - DAG(s) 'example_nested_branch_dag' retrieved from /home/airflow/.local/lib/python3.12/site-packages/airflow/example_dags/example_nested_branch_dag.py
[2025-01-30T09:15:24.694+0000] {logging_mixin.py:188} INFO - [2025-01-30T09:15:24.694+0000] {dag.py:3096} INFO - Sync 1 DAGs
[2025-01-30T09:15:24.716+0000] {logging_mixin.py:188} INFO - [2025-01-30T09:15:24.716+0000] {dag.py:3954} INFO - Setting next_dagrun for example_nested_branch_dag to 2025-01-29 00:00:00+00:00, run_after=2025-01-30 00:00:00+00:00
[2025-01-30T09:15:24.743+0000] {processor.py:183} INFO - Processing /home/airflow/.local/lib/python3.12/site-packages/airflow/example_dags/example_nested_branch_dag.py took 0.088 seconds
[2025-01-30T09:15:55.403+0000] {processor.py:161} INFO - Started process (PID=675) to work on /home/airflow/.local/lib/python3.12/site-packages/airflow/example_dags/example_nested_branch_dag.py
[2025-01-30T09:15:55.404+0000] {processor.py:830} INFO - Processing file /home/airflow/.local/lib/python3.12/site-packages/airflow/example_dags/example_nested_branch_dag.py for tasks to queue
[2025-01-30T09:15:55.406+0000] {logging_mixin.py:188} INFO - [2025-01-30T09:15:55.405+0000] {dagbag.py:545} INFO - Filling up the DagBag from /home/airflow/.local/lib/python3.12/site-packages/airflow/example_dags/example_nested_branch_dag.py
[2025-01-30T09:15:55.416+0000] {processor.py:840} INFO - DAG(s) 'example_nested_branch_dag' retrieved from /home/airflow/.local/lib/python3.12/site-packages/airflow/example_dags/example_nested_branch_dag.py
[2025-01-30T09:15:55.441+0000] {logging_mixin.py:188} INFO - [2025-01-30T09:15:55.440+0000] {dag.py:3096} INFO - Sync 1 DAGs
[2025-01-30T09:15:55.465+0000] {logging_mixin.py:188} INFO - [2025-01-30T09:15:55.465+0000] {dag.py:3954} INFO - Setting next_dagrun for example_nested_branch_dag to 2025-01-29 00:00:00+00:00, run_after=2025-01-30 00:00:00+00:00
[2025-01-30T09:15:55.486+0000] {processor.py:183} INFO - Processing /home/airflow/.local/lib/python3.12/site-packages/airflow/example_dags/example_nested_branch_dag.py took 0.088 seconds
[2025-01-30T09:16:26.068+0000] {processor.py:161} INFO - Started process (PID=733) to work on /home/airflow/.local/lib/python3.12/site-packages/airflow/example_dags/example_nested_branch_dag.py
[2025-01-30T09:16:26.074+0000] {processor.py:830} INFO - Processing file /home/airflow/.local/lib/python3.12/site-packages/airflow/example_dags/example_nested_branch_dag.py for tasks to queue
[2025-01-30T09:16:26.079+0000] {logging_mixin.py:188} INFO - [2025-01-30T09:16:26.078+0000] {dagbag.py:545} INFO - Filling up the DagBag from /home/airflow/.local/lib/python3.12/site-packages/airflow/example_dags/example_nested_branch_dag.py
[2025-01-30T09:16:26.091+0000] {processor.py:840} INFO - DAG(s) 'example_nested_branch_dag' retrieved from /home/airflow/.local/lib/python3.12/site-packages/airflow/example_dags/example_nested_branch_dag.py
[2025-01-30T09:16:26.119+0000] {logging_mixin.py:188} INFO - [2025-01-30T09:16:26.119+0000] {dag.py:3096} INFO - Sync 1 DAGs
[2025-01-30T09:16:26.156+0000] {logging_mixin.py:188} INFO - [2025-01-30T09:16:26.156+0000] {dag.py:3954} INFO - Setting next_dagrun for example_nested_branch_dag to 2025-01-29 00:00:00+00:00, run_after=2025-01-30 00:00:00+00:00
[2025-01-30T09:16:26.186+0000] {processor.py:183} INFO - Processing /home/airflow/.local/lib/python3.12/site-packages/airflow/example_dags/example_nested_branch_dag.py took 0.130 seconds
[2025-01-30T09:16:56.320+0000] {processor.py:161} INFO - Started process (PID=791) to work on /home/airflow/.local/lib/python3.12/site-packages/airflow/example_dags/example_nested_branch_dag.py
[2025-01-30T09:16:56.321+0000] {processor.py:830} INFO - Processing file /home/airflow/.local/lib/python3.12/site-packages/airflow/example_dags/example_nested_branch_dag.py for tasks to queue
[2025-01-30T09:16:56.323+0000] {logging_mixin.py:188} INFO - [2025-01-30T09:16:56.322+0000] {dagbag.py:545} INFO - Filling up the DagBag from /home/airflow/.local/lib/python3.12/site-packages/airflow/example_dags/example_nested_branch_dag.py
[2025-01-30T09:16:56.333+0000] {processor.py:840} INFO - DAG(s) 'example_nested_branch_dag' retrieved from /home/airflow/.local/lib/python3.12/site-packages/airflow/example_dags/example_nested_branch_dag.py
[2025-01-30T09:16:56.355+0000] {logging_mixin.py:188} INFO - [2025-01-30T09:16:56.354+0000] {dag.py:3096} INFO - Sync 1 DAGs
[2025-01-30T09:16:56.379+0000] {logging_mixin.py:188} INFO - [2025-01-30T09:16:56.378+0000] {dag.py:3954} INFO - Setting next_dagrun for example_nested_branch_dag to 2025-01-29 00:00:00+00:00, run_after=2025-01-30 00:00:00+00:00
[2025-01-30T09:16:56.405+0000] {processor.py:183} INFO - Processing /home/airflow/.local/lib/python3.12/site-packages/airflow/example_dags/example_nested_branch_dag.py took 0.091 seconds
[2025-01-30T09:17:26.814+0000] {processor.py:161} INFO - Started process (PID=849) to work on /home/airflow/.local/lib/python3.12/site-packages/airflow/example_dags/example_nested_branch_dag.py
[2025-01-30T09:17:26.816+0000] {processor.py:830} INFO - Processing file /home/airflow/.local/lib/python3.12/site-packages/airflow/example_dags/example_nested_branch_dag.py for tasks to queue
[2025-01-30T09:17:26.818+0000] {logging_mixin.py:188} INFO - [2025-01-30T09:17:26.818+0000] {dagbag.py:545} INFO - Filling up the DagBag from /home/airflow/.local/lib/python3.12/site-packages/airflow/example_dags/example_nested_branch_dag.py
[2025-01-30T09:17:26.828+0000] {processor.py:840} INFO - DAG(s) 'example_nested_branch_dag' retrieved from /home/airflow/.local/lib/python3.12/site-packages/airflow/example_dags/example_nested_branch_dag.py
[2025-01-30T09:17:26.855+0000] {logging_mixin.py:188} INFO - [2025-01-30T09:17:26.855+0000] {dag.py:3096} INFO - Sync 1 DAGs
[2025-01-30T09:17:26.878+0000] {logging_mixin.py:188} INFO - [2025-01-30T09:17:26.878+0000] {dag.py:3954} INFO - Setting next_dagrun for example_nested_branch_dag to 2025-01-29 00:00:00+00:00, run_after=2025-01-30 00:00:00+00:00
[2025-01-30T09:17:26.905+0000] {processor.py:183} INFO - Processing /home/airflow/.local/lib/python3.12/site-packages/airflow/example_dags/example_nested_branch_dag.py took 0.099 seconds
[2025-01-30T09:17:57.942+0000] {processor.py:161} INFO - Started process (PID=908) to work on /home/airflow/.local/lib/python3.12/site-packages/airflow/example_dags/example_nested_branch_dag.py
[2025-01-30T09:17:57.945+0000] {processor.py:830} INFO - Processing file /home/airflow/.local/lib/python3.12/site-packages/airflow/example_dags/example_nested_branch_dag.py for tasks to queue
[2025-01-30T09:17:57.947+0000] {logging_mixin.py:188} INFO - [2025-01-30T09:17:57.947+0000] {dagbag.py:545} INFO - Filling up the DagBag from /home/airflow/.local/lib/python3.12/site-packages/airflow/example_dags/example_nested_branch_dag.py
[2025-01-30T09:17:57.958+0000] {processor.py:840} INFO - DAG(s) 'example_nested_branch_dag' retrieved from /home/airflow/.local/lib/python3.12/site-packages/airflow/example_dags/example_nested_branch_dag.py
[2025-01-30T09:17:57.985+0000] {logging_mixin.py:188} INFO - [2025-01-30T09:17:57.985+0000] {dag.py:3096} INFO - Sync 1 DAGs
[2025-01-30T09:17:58.027+0000] {logging_mixin.py:188} INFO - [2025-01-30T09:17:58.027+0000] {dag.py:3954} INFO - Setting next_dagrun for example_nested_branch_dag to 2025-01-29 00:00:00+00:00, run_after=2025-01-30 00:00:00+00:00
[2025-01-30T09:17:58.065+0000] {processor.py:183} INFO - Processing /home/airflow/.local/lib/python3.12/site-packages/airflow/example_dags/example_nested_branch_dag.py took 0.128 seconds
[2025-01-30T09:18:28.357+0000] {processor.py:161} INFO - Started process (PID=967) to work on /home/airflow/.local/lib/python3.12/site-packages/airflow/example_dags/example_nested_branch_dag.py
[2025-01-30T09:18:28.359+0000] {processor.py:830} INFO - Processing file /home/airflow/.local/lib/python3.12/site-packages/airflow/example_dags/example_nested_branch_dag.py for tasks to queue
[2025-01-30T09:18:28.362+0000] {logging_mixin.py:188} INFO - [2025-01-30T09:18:28.361+0000] {dagbag.py:545} INFO - Filling up the DagBag from /home/airflow/.local/lib/python3.12/site-packages/airflow/example_dags/example_nested_branch_dag.py
[2025-01-30T09:18:28.377+0000] {processor.py:840} INFO - DAG(s) 'example_nested_branch_dag' retrieved from /home/airflow/.local/lib/python3.12/site-packages/airflow/example_dags/example_nested_branch_dag.py
[2025-01-30T09:18:28.404+0000] {logging_mixin.py:188} INFO - [2025-01-30T09:18:28.404+0000] {dag.py:3096} INFO - Sync 1 DAGs
[2025-01-30T09:18:28.431+0000] {logging_mixin.py:188} INFO - [2025-01-30T09:18:28.431+0000] {dag.py:3954} INFO - Setting next_dagrun for example_nested_branch_dag to 2025-01-29 00:00:00+00:00, run_after=2025-01-30 00:00:00+00:00
[2025-01-30T09:18:28.457+0000] {processor.py:183} INFO - Processing /home/airflow/.local/lib/python3.12/site-packages/airflow/example_dags/example_nested_branch_dag.py took 0.108 seconds
[2025-01-30T09:20:16.891+0000] {processor.py:161} INFO - Started process (PID=92) to work on /home/airflow/.local/lib/python3.12/site-packages/airflow/example_dags/example_nested_branch_dag.py
[2025-01-30T09:20:16.892+0000] {processor.py:830} INFO - Processing file /home/airflow/.local/lib/python3.12/site-packages/airflow/example_dags/example_nested_branch_dag.py for tasks to queue
[2025-01-30T09:20:16.894+0000] {logging_mixin.py:188} INFO - [2025-01-30T09:20:16.894+0000] {dagbag.py:545} INFO - Filling up the DagBag from /home/airflow/.local/lib/python3.12/site-packages/airflow/example_dags/example_nested_branch_dag.py
[2025-01-30T09:20:16.908+0000] {processor.py:840} INFO - DAG(s) 'example_nested_branch_dag' retrieved from /home/airflow/.local/lib/python3.12/site-packages/airflow/example_dags/example_nested_branch_dag.py
[2025-01-30T09:20:17.029+0000] {logging_mixin.py:188} INFO - [2025-01-30T09:20:17.029+0000] {dag.py:3096} INFO - Sync 1 DAGs
[2025-01-30T09:20:17.056+0000] {logging_mixin.py:188} INFO - [2025-01-30T09:20:17.056+0000] {dag.py:3954} INFO - Setting next_dagrun for example_nested_branch_dag to 2025-01-29 00:00:00+00:00, run_after=2025-01-30 00:00:00+00:00
[2025-01-30T09:20:17.082+0000] {processor.py:183} INFO - Processing /home/airflow/.local/lib/python3.12/site-packages/airflow/example_dags/example_nested_branch_dag.py took 0.196 seconds
[2025-01-30T09:20:47.493+0000] {processor.py:161} INFO - Started process (PID=150) to work on /home/airflow/.local/lib/python3.12/site-packages/airflow/example_dags/example_nested_branch_dag.py
[2025-01-30T09:20:47.494+0000] {processor.py:830} INFO - Processing file /home/airflow/.local/lib/python3.12/site-packages/airflow/example_dags/example_nested_branch_dag.py for tasks to queue
[2025-01-30T09:20:47.496+0000] {logging_mixin.py:188} INFO - [2025-01-30T09:20:47.496+0000] {dagbag.py:545} INFO - Filling up the DagBag from /home/airflow/.local/lib/python3.12/site-packages/airflow/example_dags/example_nested_branch_dag.py
[2025-01-30T09:20:47.506+0000] {processor.py:840} INFO - DAG(s) 'example_nested_branch_dag' retrieved from /home/airflow/.local/lib/python3.12/site-packages/airflow/example_dags/example_nested_branch_dag.py
[2025-01-30T09:20:47.531+0000] {logging_mixin.py:188} INFO - [2025-01-30T09:20:47.531+0000] {dag.py:3096} INFO - Sync 1 DAGs
[2025-01-30T09:20:47.555+0000] {logging_mixin.py:188} INFO - [2025-01-30T09:20:47.555+0000] {dag.py:3954} INFO - Setting next_dagrun for example_nested_branch_dag to 2025-01-29 00:00:00+00:00, run_after=2025-01-30 00:00:00+00:00
[2025-01-30T09:20:47.579+0000] {processor.py:183} INFO - Processing /home/airflow/.local/lib/python3.12/site-packages/airflow/example_dags/example_nested_branch_dag.py took 0.090 seconds
[2025-01-30T09:21:17.782+0000] {processor.py:161} INFO - Started process (PID=208) to work on /home/airflow/.local/lib/python3.12/site-packages/airflow/example_dags/example_nested_branch_dag.py
[2025-01-30T09:21:17.783+0000] {processor.py:830} INFO - Processing file /home/airflow/.local/lib/python3.12/site-packages/airflow/example_dags/example_nested_branch_dag.py for tasks to queue
[2025-01-30T09:21:17.786+0000] {logging_mixin.py:188} INFO - [2025-01-30T09:21:17.785+0000] {dagbag.py:545} INFO - Filling up the DagBag from /home/airflow/.local/lib/python3.12/site-packages/airflow/example_dags/example_nested_branch_dag.py
[2025-01-30T09:21:17.795+0000] {processor.py:840} INFO - DAG(s) 'example_nested_branch_dag' retrieved from /home/airflow/.local/lib/python3.12/site-packages/airflow/example_dags/example_nested_branch_dag.py
[2025-01-30T09:21:17.818+0000] {logging_mixin.py:188} INFO - [2025-01-30T09:21:17.817+0000] {dag.py:3096} INFO - Sync 1 DAGs
[2025-01-30T09:21:17.845+0000] {logging_mixin.py:188} INFO - [2025-01-30T09:21:17.844+0000] {dag.py:3954} INFO - Setting next_dagrun for example_nested_branch_dag to 2025-01-29 00:00:00+00:00, run_after=2025-01-30 00:00:00+00:00
[2025-01-30T09:21:17.870+0000] {processor.py:183} INFO - Processing /home/airflow/.local/lib/python3.12/site-packages/airflow/example_dags/example_nested_branch_dag.py took 0.093 seconds
[2025-01-30T09:21:48.161+0000] {processor.py:161} INFO - Started process (PID=266) to work on /home/airflow/.local/lib/python3.12/site-packages/airflow/example_dags/example_nested_branch_dag.py
[2025-01-30T09:21:48.162+0000] {processor.py:830} INFO - Processing file /home/airflow/.local/lib/python3.12/site-packages/airflow/example_dags/example_nested_branch_dag.py for tasks to queue
[2025-01-30T09:21:48.165+0000] {logging_mixin.py:188} INFO - [2025-01-30T09:21:48.164+0000] {dagbag.py:545} INFO - Filling up the DagBag from /home/airflow/.local/lib/python3.12/site-packages/airflow/example_dags/example_nested_branch_dag.py
[2025-01-30T09:21:48.174+0000] {processor.py:840} INFO - DAG(s) 'example_nested_branch_dag' retrieved from /home/airflow/.local/lib/python3.12/site-packages/airflow/example_dags/example_nested_branch_dag.py
[2025-01-30T09:21:48.198+0000] {logging_mixin.py:188} INFO - [2025-01-30T09:21:48.198+0000] {dag.py:3096} INFO - Sync 1 DAGs
[2025-01-30T09:21:48.228+0000] {logging_mixin.py:188} INFO - [2025-01-30T09:21:48.228+0000] {dag.py:3954} INFO - Setting next_dagrun for example_nested_branch_dag to 2025-01-29 00:00:00+00:00, run_after=2025-01-30 00:00:00+00:00
[2025-01-30T09:21:48.255+0000] {processor.py:183} INFO - Processing /home/airflow/.local/lib/python3.12/site-packages/airflow/example_dags/example_nested_branch_dag.py took 0.099 seconds
[2025-01-30T09:22:18.420+0000] {processor.py:161} INFO - Started process (PID=325) to work on /home/airflow/.local/lib/python3.12/site-packages/airflow/example_dags/example_nested_branch_dag.py
[2025-01-30T09:22:18.421+0000] {processor.py:830} INFO - Processing file /home/airflow/.local/lib/python3.12/site-packages/airflow/example_dags/example_nested_branch_dag.py for tasks to queue
[2025-01-30T09:22:18.424+0000] {logging_mixin.py:188} INFO - [2025-01-30T09:22:18.423+0000] {dagbag.py:545} INFO - Filling up the DagBag from /home/airflow/.local/lib/python3.12/site-packages/airflow/example_dags/example_nested_branch_dag.py
[2025-01-30T09:22:18.433+0000] {processor.py:840} INFO - DAG(s) 'example_nested_branch_dag' retrieved from /home/airflow/.local/lib/python3.12/site-packages/airflow/example_dags/example_nested_branch_dag.py
[2025-01-30T09:22:18.456+0000] {logging_mixin.py:188} INFO - [2025-01-30T09:22:18.456+0000] {dag.py:3096} INFO - Sync 1 DAGs
[2025-01-30T09:22:18.481+0000] {logging_mixin.py:188} INFO - [2025-01-30T09:22:18.480+0000] {dag.py:3954} INFO - Setting next_dagrun for example_nested_branch_dag to 2025-01-29 00:00:00+00:00, run_after=2025-01-30 00:00:00+00:00
[2025-01-30T09:22:18.505+0000] {processor.py:183} INFO - Processing /home/airflow/.local/lib/python3.12/site-packages/airflow/example_dags/example_nested_branch_dag.py took 0.089 seconds
[2025-01-30T09:22:49.164+0000] {processor.py:161} INFO - Started process (PID=383) to work on /home/airflow/.local/lib/python3.12/site-packages/airflow/example_dags/example_nested_branch_dag.py
[2025-01-30T09:22:49.165+0000] {processor.py:830} INFO - Processing file /home/airflow/.local/lib/python3.12/site-packages/airflow/example_dags/example_nested_branch_dag.py for tasks to queue
[2025-01-30T09:22:49.167+0000] {logging_mixin.py:188} INFO - [2025-01-30T09:22:49.167+0000] {dagbag.py:545} INFO - Filling up the DagBag from /home/airflow/.local/lib/python3.12/site-packages/airflow/example_dags/example_nested_branch_dag.py
[2025-01-30T09:22:49.178+0000] {processor.py:840} INFO - DAG(s) 'example_nested_branch_dag' retrieved from /home/airflow/.local/lib/python3.12/site-packages/airflow/example_dags/example_nested_branch_dag.py
[2025-01-30T09:22:49.204+0000] {logging_mixin.py:188} INFO - [2025-01-30T09:22:49.203+0000] {dag.py:3096} INFO - Sync 1 DAGs
[2025-01-30T09:22:49.234+0000] {logging_mixin.py:188} INFO - [2025-01-30T09:22:49.234+0000] {dag.py:3954} INFO - Setting next_dagrun for example_nested_branch_dag to 2025-01-29 00:00:00+00:00, run_after=2025-01-30 00:00:00+00:00
[2025-01-30T09:22:49.259+0000] {processor.py:183} INFO - Processing /home/airflow/.local/lib/python3.12/site-packages/airflow/example_dags/example_nested_branch_dag.py took 0.102 seconds
[2025-01-30T09:23:19.701+0000] {processor.py:161} INFO - Started process (PID=441) to work on /home/airflow/.local/lib/python3.12/site-packages/airflow/example_dags/example_nested_branch_dag.py
[2025-01-30T09:23:19.702+0000] {processor.py:830} INFO - Processing file /home/airflow/.local/lib/python3.12/site-packages/airflow/example_dags/example_nested_branch_dag.py for tasks to queue
[2025-01-30T09:23:19.704+0000] {logging_mixin.py:188} INFO - [2025-01-30T09:23:19.704+0000] {dagbag.py:545} INFO - Filling up the DagBag from /home/airflow/.local/lib/python3.12/site-packages/airflow/example_dags/example_nested_branch_dag.py
[2025-01-30T09:23:19.713+0000] {processor.py:840} INFO - DAG(s) 'example_nested_branch_dag' retrieved from /home/airflow/.local/lib/python3.12/site-packages/airflow/example_dags/example_nested_branch_dag.py
[2025-01-30T09:23:19.735+0000] {logging_mixin.py:188} INFO - [2025-01-30T09:23:19.735+0000] {dag.py:3096} INFO - Sync 1 DAGs
[2025-01-30T09:23:19.760+0000] {logging_mixin.py:188} INFO - [2025-01-30T09:23:19.760+0000] {dag.py:3954} INFO - Setting next_dagrun for example_nested_branch_dag to 2025-01-29 00:00:00+00:00, run_after=2025-01-30 00:00:00+00:00
[2025-01-30T09:23:19.784+0000] {processor.py:183} INFO - Processing /home/airflow/.local/lib/python3.12/site-packages/airflow/example_dags/example_nested_branch_dag.py took 0.089 seconds
[2025-01-30T09:23:50.142+0000] {processor.py:161} INFO - Started process (PID=499) to work on /home/airflow/.local/lib/python3.12/site-packages/airflow/example_dags/example_nested_branch_dag.py
[2025-01-30T09:23:50.144+0000] {processor.py:830} INFO - Processing file /home/airflow/.local/lib/python3.12/site-packages/airflow/example_dags/example_nested_branch_dag.py for tasks to queue
[2025-01-30T09:23:50.146+0000] {logging_mixin.py:188} INFO - [2025-01-30T09:23:50.145+0000] {dagbag.py:545} INFO - Filling up the DagBag from /home/airflow/.local/lib/python3.12/site-packages/airflow/example_dags/example_nested_branch_dag.py
[2025-01-30T09:23:50.159+0000] {processor.py:840} INFO - DAG(s) 'example_nested_branch_dag' retrieved from /home/airflow/.local/lib/python3.12/site-packages/airflow/example_dags/example_nested_branch_dag.py
[2025-01-30T09:23:50.193+0000] {logging_mixin.py:188} INFO - [2025-01-30T09:23:50.193+0000] {dag.py:3096} INFO - Sync 1 DAGs
[2025-01-30T09:23:50.259+0000] {logging_mixin.py:188} INFO - [2025-01-30T09:23:50.259+0000] {dag.py:3954} INFO - Setting next_dagrun for example_nested_branch_dag to 2025-01-29 00:00:00+00:00, run_after=2025-01-30 00:00:00+00:00
[2025-01-30T09:23:50.293+0000] {processor.py:183} INFO - Processing /home/airflow/.local/lib/python3.12/site-packages/airflow/example_dags/example_nested_branch_dag.py took 0.158 seconds
[2025-01-30T09:24:20.635+0000] {processor.py:161} INFO - Started process (PID=557) to work on /home/airflow/.local/lib/python3.12/site-packages/airflow/example_dags/example_nested_branch_dag.py
[2025-01-30T09:24:20.636+0000] {processor.py:830} INFO - Processing file /home/airflow/.local/lib/python3.12/site-packages/airflow/example_dags/example_nested_branch_dag.py for tasks to queue
[2025-01-30T09:24:20.637+0000] {logging_mixin.py:188} INFO - [2025-01-30T09:24:20.637+0000] {dagbag.py:545} INFO - Filling up the DagBag from /home/airflow/.local/lib/python3.12/site-packages/airflow/example_dags/example_nested_branch_dag.py
[2025-01-30T09:24:20.649+0000] {processor.py:840} INFO - DAG(s) 'example_nested_branch_dag' retrieved from /home/airflow/.local/lib/python3.12/site-packages/airflow/example_dags/example_nested_branch_dag.py
[2025-01-30T09:24:20.676+0000] {logging_mixin.py:188} INFO - [2025-01-30T09:24:20.676+0000] {dag.py:3096} INFO - Sync 1 DAGs
[2025-01-30T09:24:20.701+0000] {logging_mixin.py:188} INFO - [2025-01-30T09:24:20.701+0000] {dag.py:3954} INFO - Setting next_dagrun for example_nested_branch_dag to 2025-01-29 00:00:00+00:00, run_after=2025-01-30 00:00:00+00:00
[2025-01-30T09:24:20.733+0000] {processor.py:183} INFO - Processing /home/airflow/.local/lib/python3.12/site-packages/airflow/example_dags/example_nested_branch_dag.py took 0.103 seconds
[2025-01-30T09:24:50.791+0000] {processor.py:161} INFO - Started process (PID=614) to work on /home/airflow/.local/lib/python3.12/site-packages/airflow/example_dags/example_nested_branch_dag.py
[2025-01-30T09:24:50.792+0000] {processor.py:830} INFO - Processing file /home/airflow/.local/lib/python3.12/site-packages/airflow/example_dags/example_nested_branch_dag.py for tasks to queue
[2025-01-30T09:24:50.794+0000] {logging_mixin.py:188} INFO - [2025-01-30T09:24:50.794+0000] {dagbag.py:545} INFO - Filling up the DagBag from /home/airflow/.local/lib/python3.12/site-packages/airflow/example_dags/example_nested_branch_dag.py
[2025-01-30T09:24:50.805+0000] {processor.py:840} INFO - DAG(s) 'example_nested_branch_dag' retrieved from /home/airflow/.local/lib/python3.12/site-packages/airflow/example_dags/example_nested_branch_dag.py
[2025-01-30T09:24:50.830+0000] {logging_mixin.py:188} INFO - [2025-01-30T09:24:50.829+0000] {dag.py:3096} INFO - Sync 1 DAGs
[2025-01-30T09:24:50.855+0000] {logging_mixin.py:188} INFO - [2025-01-30T09:24:50.855+0000] {dag.py:3954} INFO - Setting next_dagrun for example_nested_branch_dag to 2025-01-29 00:00:00+00:00, run_after=2025-01-30 00:00:00+00:00
[2025-01-30T09:24:50.883+0000] {processor.py:183} INFO - Processing /home/airflow/.local/lib/python3.12/site-packages/airflow/example_dags/example_nested_branch_dag.py took 0.096 seconds
[2025-01-30T09:25:21.192+0000] {processor.py:161} INFO - Started process (PID=672) to work on /home/airflow/.local/lib/python3.12/site-packages/airflow/example_dags/example_nested_branch_dag.py
[2025-01-30T09:25:21.193+0000] {processor.py:830} INFO - Processing file /home/airflow/.local/lib/python3.12/site-packages/airflow/example_dags/example_nested_branch_dag.py for tasks to queue
[2025-01-30T09:25:21.196+0000] {logging_mixin.py:188} INFO - [2025-01-30T09:25:21.196+0000] {dagbag.py:545} INFO - Filling up the DagBag from /home/airflow/.local/lib/python3.12/site-packages/airflow/example_dags/example_nested_branch_dag.py
[2025-01-30T09:25:21.205+0000] {processor.py:840} INFO - DAG(s) 'example_nested_branch_dag' retrieved from /home/airflow/.local/lib/python3.12/site-packages/airflow/example_dags/example_nested_branch_dag.py
[2025-01-30T09:25:21.230+0000] {logging_mixin.py:188} INFO - [2025-01-30T09:25:21.230+0000] {dag.py:3096} INFO - Sync 1 DAGs
[2025-01-30T09:25:21.257+0000] {logging_mixin.py:188} INFO - [2025-01-30T09:25:21.256+0000] {dag.py:3954} INFO - Setting next_dagrun for example_nested_branch_dag to 2025-01-29 00:00:00+00:00, run_after=2025-01-30 00:00:00+00:00
[2025-01-30T09:25:21.280+0000] {processor.py:183} INFO - Processing /home/airflow/.local/lib/python3.12/site-packages/airflow/example_dags/example_nested_branch_dag.py took 0.093 seconds
