[2025-01-30T08:43:56.196+0000] {processor.py:161} INFO - Started process (PID=117) to work on /home/airflow/.local/lib/python3.12/site-packages/airflow/example_dags/example_latest_only.py
[2025-01-30T08:43:56.197+0000] {processor.py:830} INFO - Processing file /home/airflow/.local/lib/python3.12/site-packages/airflow/example_dags/example_latest_only.py for tasks to queue
[2025-01-30T08:43:56.199+0000] {logging_mixin.py:188} INFO - [2025-01-30T08:43:56.198+0000] {dagbag.py:545} INFO - Filling up the DagBag from /home/airflow/.local/lib/python3.12/site-packages/airflow/example_dags/example_latest_only.py
[2025-01-30T08:43:56.204+0000] {processor.py:840} INFO - DAG(s) 'latest_only' retrieved from /home/airflow/.local/lib/python3.12/site-packages/airflow/example_dags/example_latest_only.py
[2025-01-30T08:43:56.321+0000] {logging_mixin.py:188} INFO - [2025-01-30T08:43:56.321+0000] {dag.py:3096} INFO - Sync 1 DAGs
[2025-01-30T08:43:56.348+0000] {logging_mixin.py:188} INFO - [2025-01-30T08:43:56.347+0000] {dag.py:3954} INFO - Setting next_dagrun for latest_only to 2025-01-30 04:00:00+00:00, run_after=2025-01-30 08:00:00+00:00
[2025-01-30T08:43:56.381+0000] {processor.py:183} INFO - Processing /home/airflow/.local/lib/python3.12/site-packages/airflow/example_dags/example_latest_only.py took 0.191 seconds
[2025-01-30T08:44:26.430+0000] {processor.py:161} INFO - Started process (PID=175) to work on /home/airflow/.local/lib/python3.12/site-packages/airflow/example_dags/example_latest_only.py
[2025-01-30T08:44:26.430+0000] {processor.py:830} INFO - Processing file /home/airflow/.local/lib/python3.12/site-packages/airflow/example_dags/example_latest_only.py for tasks to queue
[2025-01-30T08:44:26.433+0000] {logging_mixin.py:188} INFO - [2025-01-30T08:44:26.432+0000] {dagbag.py:545} INFO - Filling up the DagBag from /home/airflow/.local/lib/python3.12/site-packages/airflow/example_dags/example_latest_only.py
[2025-01-30T08:44:26.437+0000] {processor.py:840} INFO - DAG(s) 'latest_only' retrieved from /home/airflow/.local/lib/python3.12/site-packages/airflow/example_dags/example_latest_only.py
[2025-01-30T08:44:26.456+0000] {logging_mixin.py:188} INFO - [2025-01-30T08:44:26.456+0000] {dag.py:3096} INFO - Sync 1 DAGs
[2025-01-30T08:44:26.482+0000] {logging_mixin.py:188} INFO - [2025-01-30T08:44:26.481+0000] {dag.py:3954} INFO - Setting next_dagrun for latest_only to 2025-01-30 04:00:00+00:00, run_after=2025-01-30 08:00:00+00:00
[2025-01-30T08:44:26.508+0000] {processor.py:183} INFO - Processing /home/airflow/.local/lib/python3.12/site-packages/airflow/example_dags/example_latest_only.py took 0.083 seconds
[2025-01-30T08:44:56.649+0000] {processor.py:161} INFO - Started process (PID=233) to work on /home/airflow/.local/lib/python3.12/site-packages/airflow/example_dags/example_latest_only.py
[2025-01-30T08:44:56.650+0000] {processor.py:830} INFO - Processing file /home/airflow/.local/lib/python3.12/site-packages/airflow/example_dags/example_latest_only.py for tasks to queue
[2025-01-30T08:44:56.652+0000] {logging_mixin.py:188} INFO - [2025-01-30T08:44:56.651+0000] {dagbag.py:545} INFO - Filling up the DagBag from /home/airflow/.local/lib/python3.12/site-packages/airflow/example_dags/example_latest_only.py
[2025-01-30T08:44:56.657+0000] {processor.py:840} INFO - DAG(s) 'latest_only' retrieved from /home/airflow/.local/lib/python3.12/site-packages/airflow/example_dags/example_latest_only.py
[2025-01-30T08:44:56.678+0000] {logging_mixin.py:188} INFO - [2025-01-30T08:44:56.678+0000] {dag.py:3096} INFO - Sync 1 DAGs
[2025-01-30T08:44:56.702+0000] {logging_mixin.py:188} INFO - [2025-01-30T08:44:56.702+0000] {dag.py:3954} INFO - Setting next_dagrun for latest_only to 2025-01-30 04:00:00+00:00, run_after=2025-01-30 08:00:00+00:00
[2025-01-30T08:44:56.729+0000] {processor.py:183} INFO - Processing /home/airflow/.local/lib/python3.12/site-packages/airflow/example_dags/example_latest_only.py took 0.086 seconds
[2025-01-30T08:45:27.052+0000] {processor.py:161} INFO - Started process (PID=291) to work on /home/airflow/.local/lib/python3.12/site-packages/airflow/example_dags/example_latest_only.py
[2025-01-30T08:45:27.054+0000] {processor.py:830} INFO - Processing file /home/airflow/.local/lib/python3.12/site-packages/airflow/example_dags/example_latest_only.py for tasks to queue
[2025-01-30T08:45:27.057+0000] {logging_mixin.py:188} INFO - [2025-01-30T08:45:27.056+0000] {dagbag.py:545} INFO - Filling up the DagBag from /home/airflow/.local/lib/python3.12/site-packages/airflow/example_dags/example_latest_only.py
[2025-01-30T08:45:27.062+0000] {processor.py:840} INFO - DAG(s) 'latest_only' retrieved from /home/airflow/.local/lib/python3.12/site-packages/airflow/example_dags/example_latest_only.py
[2025-01-30T08:45:27.086+0000] {logging_mixin.py:188} INFO - [2025-01-30T08:45:27.086+0000] {dag.py:3096} INFO - Sync 1 DAGs
[2025-01-30T08:45:27.117+0000] {logging_mixin.py:188} INFO - [2025-01-30T08:45:27.117+0000] {dag.py:3954} INFO - Setting next_dagrun for latest_only to 2025-01-30 04:00:00+00:00, run_after=2025-01-30 08:00:00+00:00
[2025-01-30T08:45:27.147+0000] {processor.py:183} INFO - Processing /home/airflow/.local/lib/python3.12/site-packages/airflow/example_dags/example_latest_only.py took 0.101 seconds
[2025-01-30T08:45:57.580+0000] {processor.py:161} INFO - Started process (PID=349) to work on /home/airflow/.local/lib/python3.12/site-packages/airflow/example_dags/example_latest_only.py
[2025-01-30T08:45:57.581+0000] {processor.py:830} INFO - Processing file /home/airflow/.local/lib/python3.12/site-packages/airflow/example_dags/example_latest_only.py for tasks to queue
[2025-01-30T08:45:57.584+0000] {logging_mixin.py:188} INFO - [2025-01-30T08:45:57.583+0000] {dagbag.py:545} INFO - Filling up the DagBag from /home/airflow/.local/lib/python3.12/site-packages/airflow/example_dags/example_latest_only.py
[2025-01-30T08:45:57.588+0000] {processor.py:840} INFO - DAG(s) 'latest_only' retrieved from /home/airflow/.local/lib/python3.12/site-packages/airflow/example_dags/example_latest_only.py
[2025-01-30T08:45:57.609+0000] {logging_mixin.py:188} INFO - [2025-01-30T08:45:57.608+0000] {dag.py:3096} INFO - Sync 1 DAGs
[2025-01-30T08:45:57.630+0000] {logging_mixin.py:188} INFO - [2025-01-30T08:45:57.630+0000] {dag.py:3954} INFO - Setting next_dagrun for latest_only to 2025-01-30 04:00:00+00:00, run_after=2025-01-30 08:00:00+00:00
[2025-01-30T08:45:57.655+0000] {processor.py:183} INFO - Processing /home/airflow/.local/lib/python3.12/site-packages/airflow/example_dags/example_latest_only.py took 0.079 seconds
[2025-01-30T08:46:28.518+0000] {processor.py:161} INFO - Started process (PID=406) to work on /home/airflow/.local/lib/python3.12/site-packages/airflow/example_dags/example_latest_only.py
[2025-01-30T08:46:28.519+0000] {processor.py:830} INFO - Processing file /home/airflow/.local/lib/python3.12/site-packages/airflow/example_dags/example_latest_only.py for tasks to queue
[2025-01-30T08:46:28.521+0000] {logging_mixin.py:188} INFO - [2025-01-30T08:46:28.520+0000] {dagbag.py:545} INFO - Filling up the DagBag from /home/airflow/.local/lib/python3.12/site-packages/airflow/example_dags/example_latest_only.py
[2025-01-30T08:46:28.525+0000] {processor.py:840} INFO - DAG(s) 'latest_only' retrieved from /home/airflow/.local/lib/python3.12/site-packages/airflow/example_dags/example_latest_only.py
[2025-01-30T08:46:28.547+0000] {logging_mixin.py:188} INFO - [2025-01-30T08:46:28.546+0000] {dag.py:3096} INFO - Sync 1 DAGs
[2025-01-30T08:46:28.570+0000] {logging_mixin.py:188} INFO - [2025-01-30T08:46:28.570+0000] {dag.py:3954} INFO - Setting next_dagrun for latest_only to 2025-01-30 04:00:00+00:00, run_after=2025-01-30 08:00:00+00:00
[2025-01-30T08:46:28.596+0000] {processor.py:183} INFO - Processing /home/airflow/.local/lib/python3.12/site-packages/airflow/example_dags/example_latest_only.py took 0.085 seconds
[2025-01-30T08:46:58.812+0000] {processor.py:161} INFO - Started process (PID=464) to work on /home/airflow/.local/lib/python3.12/site-packages/airflow/example_dags/example_latest_only.py
[2025-01-30T08:46:58.813+0000] {processor.py:830} INFO - Processing file /home/airflow/.local/lib/python3.12/site-packages/airflow/example_dags/example_latest_only.py for tasks to queue
[2025-01-30T08:46:58.815+0000] {logging_mixin.py:188} INFO - [2025-01-30T08:46:58.815+0000] {dagbag.py:545} INFO - Filling up the DagBag from /home/airflow/.local/lib/python3.12/site-packages/airflow/example_dags/example_latest_only.py
[2025-01-30T08:46:58.820+0000] {processor.py:840} INFO - DAG(s) 'latest_only' retrieved from /home/airflow/.local/lib/python3.12/site-packages/airflow/example_dags/example_latest_only.py
[2025-01-30T08:46:58.842+0000] {logging_mixin.py:188} INFO - [2025-01-30T08:46:58.842+0000] {dag.py:3096} INFO - Sync 1 DAGs
[2025-01-30T08:46:58.867+0000] {logging_mixin.py:188} INFO - [2025-01-30T08:46:58.867+0000] {dag.py:3954} INFO - Setting next_dagrun for latest_only to 2025-01-30 04:00:00+00:00, run_after=2025-01-30 08:00:00+00:00
[2025-01-30T08:46:58.892+0000] {processor.py:183} INFO - Processing /home/airflow/.local/lib/python3.12/site-packages/airflow/example_dags/example_latest_only.py took 0.085 seconds
[2025-01-30T08:47:29.196+0000] {processor.py:161} INFO - Started process (PID=522) to work on /home/airflow/.local/lib/python3.12/site-packages/airflow/example_dags/example_latest_only.py
[2025-01-30T08:47:29.197+0000] {processor.py:830} INFO - Processing file /home/airflow/.local/lib/python3.12/site-packages/airflow/example_dags/example_latest_only.py for tasks to queue
[2025-01-30T08:47:29.199+0000] {logging_mixin.py:188} INFO - [2025-01-30T08:47:29.199+0000] {dagbag.py:545} INFO - Filling up the DagBag from /home/airflow/.local/lib/python3.12/site-packages/airflow/example_dags/example_latest_only.py
[2025-01-30T08:47:29.203+0000] {processor.py:840} INFO - DAG(s) 'latest_only' retrieved from /home/airflow/.local/lib/python3.12/site-packages/airflow/example_dags/example_latest_only.py
[2025-01-30T08:47:29.224+0000] {logging_mixin.py:188} INFO - [2025-01-30T08:47:29.223+0000] {dag.py:3096} INFO - Sync 1 DAGs
[2025-01-30T08:47:29.246+0000] {logging_mixin.py:188} INFO - [2025-01-30T08:47:29.245+0000] {dag.py:3954} INFO - Setting next_dagrun for latest_only to 2025-01-30 04:00:00+00:00, run_after=2025-01-30 08:00:00+00:00
[2025-01-30T08:47:29.270+0000] {processor.py:183} INFO - Processing /home/airflow/.local/lib/python3.12/site-packages/airflow/example_dags/example_latest_only.py took 0.078 seconds
[2025-01-30T08:47:59.728+0000] {processor.py:161} INFO - Started process (PID=580) to work on /home/airflow/.local/lib/python3.12/site-packages/airflow/example_dags/example_latest_only.py
[2025-01-30T08:47:59.729+0000] {processor.py:830} INFO - Processing file /home/airflow/.local/lib/python3.12/site-packages/airflow/example_dags/example_latest_only.py for tasks to queue
[2025-01-30T08:47:59.731+0000] {logging_mixin.py:188} INFO - [2025-01-30T08:47:59.731+0000] {dagbag.py:545} INFO - Filling up the DagBag from /home/airflow/.local/lib/python3.12/site-packages/airflow/example_dags/example_latest_only.py
[2025-01-30T08:47:59.736+0000] {processor.py:840} INFO - DAG(s) 'latest_only' retrieved from /home/airflow/.local/lib/python3.12/site-packages/airflow/example_dags/example_latest_only.py
[2025-01-30T08:47:59.756+0000] {logging_mixin.py:188} INFO - [2025-01-30T08:47:59.756+0000] {dag.py:3096} INFO - Sync 1 DAGs
[2025-01-30T08:47:59.782+0000] {logging_mixin.py:188} INFO - [2025-01-30T08:47:59.782+0000] {dag.py:3954} INFO - Setting next_dagrun for latest_only to 2025-01-30 04:00:00+00:00, run_after=2025-01-30 08:00:00+00:00
[2025-01-30T08:47:59.805+0000] {processor.py:183} INFO - Processing /home/airflow/.local/lib/python3.12/site-packages/airflow/example_dags/example_latest_only.py took 0.081 seconds
[2025-01-30T08:48:29.874+0000] {processor.py:161} INFO - Started process (PID=638) to work on /home/airflow/.local/lib/python3.12/site-packages/airflow/example_dags/example_latest_only.py
[2025-01-30T08:48:29.875+0000] {processor.py:830} INFO - Processing file /home/airflow/.local/lib/python3.12/site-packages/airflow/example_dags/example_latest_only.py for tasks to queue
[2025-01-30T08:48:29.877+0000] {logging_mixin.py:188} INFO - [2025-01-30T08:48:29.877+0000] {dagbag.py:545} INFO - Filling up the DagBag from /home/airflow/.local/lib/python3.12/site-packages/airflow/example_dags/example_latest_only.py
[2025-01-30T08:48:29.881+0000] {processor.py:840} INFO - DAG(s) 'latest_only' retrieved from /home/airflow/.local/lib/python3.12/site-packages/airflow/example_dags/example_latest_only.py
[2025-01-30T08:48:29.902+0000] {logging_mixin.py:188} INFO - [2025-01-30T08:48:29.901+0000] {dag.py:3096} INFO - Sync 1 DAGs
[2025-01-30T08:48:29.926+0000] {logging_mixin.py:188} INFO - [2025-01-30T08:48:29.926+0000] {dag.py:3954} INFO - Setting next_dagrun for latest_only to 2025-01-30 04:00:00+00:00, run_after=2025-01-30 08:00:00+00:00
[2025-01-30T08:48:29.953+0000] {processor.py:183} INFO - Processing /home/airflow/.local/lib/python3.12/site-packages/airflow/example_dags/example_latest_only.py took 0.084 seconds
[2025-01-30T08:49:00.401+0000] {processor.py:161} INFO - Started process (PID=696) to work on /home/airflow/.local/lib/python3.12/site-packages/airflow/example_dags/example_latest_only.py
[2025-01-30T08:49:00.402+0000] {processor.py:830} INFO - Processing file /home/airflow/.local/lib/python3.12/site-packages/airflow/example_dags/example_latest_only.py for tasks to queue
[2025-01-30T08:49:00.404+0000] {logging_mixin.py:188} INFO - [2025-01-30T08:49:00.403+0000] {dagbag.py:545} INFO - Filling up the DagBag from /home/airflow/.local/lib/python3.12/site-packages/airflow/example_dags/example_latest_only.py
[2025-01-30T08:49:00.409+0000] {processor.py:840} INFO - DAG(s) 'latest_only' retrieved from /home/airflow/.local/lib/python3.12/site-packages/airflow/example_dags/example_latest_only.py
[2025-01-30T08:49:00.430+0000] {logging_mixin.py:188} INFO - [2025-01-30T08:49:00.429+0000] {dag.py:3096} INFO - Sync 1 DAGs
[2025-01-30T08:49:00.451+0000] {logging_mixin.py:188} INFO - [2025-01-30T08:49:00.451+0000] {dag.py:3954} INFO - Setting next_dagrun for latest_only to 2025-01-30 04:00:00+00:00, run_after=2025-01-30 08:00:00+00:00
[2025-01-30T08:49:00.474+0000] {processor.py:183} INFO - Processing /home/airflow/.local/lib/python3.12/site-packages/airflow/example_dags/example_latest_only.py took 0.079 seconds
[2025-01-30T08:49:30.622+0000] {processor.py:161} INFO - Started process (PID=753) to work on /home/airflow/.local/lib/python3.12/site-packages/airflow/example_dags/example_latest_only.py
[2025-01-30T08:49:30.623+0000] {processor.py:830} INFO - Processing file /home/airflow/.local/lib/python3.12/site-packages/airflow/example_dags/example_latest_only.py for tasks to queue
[2025-01-30T08:49:30.625+0000] {logging_mixin.py:188} INFO - [2025-01-30T08:49:30.625+0000] {dagbag.py:545} INFO - Filling up the DagBag from /home/airflow/.local/lib/python3.12/site-packages/airflow/example_dags/example_latest_only.py
[2025-01-30T08:49:30.629+0000] {processor.py:840} INFO - DAG(s) 'latest_only' retrieved from /home/airflow/.local/lib/python3.12/site-packages/airflow/example_dags/example_latest_only.py
[2025-01-30T08:49:30.650+0000] {logging_mixin.py:188} INFO - [2025-01-30T08:49:30.650+0000] {dag.py:3096} INFO - Sync 1 DAGs
[2025-01-30T08:49:30.673+0000] {logging_mixin.py:188} INFO - [2025-01-30T08:49:30.672+0000] {dag.py:3954} INFO - Setting next_dagrun for latest_only to 2025-01-30 04:00:00+00:00, run_after=2025-01-30 08:00:00+00:00
[2025-01-30T08:49:30.694+0000] {processor.py:183} INFO - Processing /home/airflow/.local/lib/python3.12/site-packages/airflow/example_dags/example_latest_only.py took 0.078 seconds
[2025-01-30T08:50:01.085+0000] {processor.py:161} INFO - Started process (PID=812) to work on /home/airflow/.local/lib/python3.12/site-packages/airflow/example_dags/example_latest_only.py
[2025-01-30T08:50:01.086+0000] {processor.py:830} INFO - Processing file /home/airflow/.local/lib/python3.12/site-packages/airflow/example_dags/example_latest_only.py for tasks to queue
[2025-01-30T08:50:01.088+0000] {logging_mixin.py:188} INFO - [2025-01-30T08:50:01.088+0000] {dagbag.py:545} INFO - Filling up the DagBag from /home/airflow/.local/lib/python3.12/site-packages/airflow/example_dags/example_latest_only.py
[2025-01-30T08:50:01.093+0000] {processor.py:840} INFO - DAG(s) 'latest_only' retrieved from /home/airflow/.local/lib/python3.12/site-packages/airflow/example_dags/example_latest_only.py
[2025-01-30T08:50:01.114+0000] {logging_mixin.py:188} INFO - [2025-01-30T08:50:01.114+0000] {dag.py:3096} INFO - Sync 1 DAGs
[2025-01-30T08:50:01.137+0000] {logging_mixin.py:188} INFO - [2025-01-30T08:50:01.137+0000] {dag.py:3954} INFO - Setting next_dagrun for latest_only to 2025-01-30 04:00:00+00:00, run_after=2025-01-30 08:00:00+00:00
[2025-01-30T08:50:01.163+0000] {processor.py:183} INFO - Processing /home/airflow/.local/lib/python3.12/site-packages/airflow/example_dags/example_latest_only.py took 0.083 seconds
[2025-01-30T08:50:31.591+0000] {processor.py:161} INFO - Started process (PID=870) to work on /home/airflow/.local/lib/python3.12/site-packages/airflow/example_dags/example_latest_only.py
[2025-01-30T08:50:31.592+0000] {processor.py:830} INFO - Processing file /home/airflow/.local/lib/python3.12/site-packages/airflow/example_dags/example_latest_only.py for tasks to queue
[2025-01-30T08:50:31.594+0000] {logging_mixin.py:188} INFO - [2025-01-30T08:50:31.594+0000] {dagbag.py:545} INFO - Filling up the DagBag from /home/airflow/.local/lib/python3.12/site-packages/airflow/example_dags/example_latest_only.py
[2025-01-30T08:50:31.599+0000] {processor.py:840} INFO - DAG(s) 'latest_only' retrieved from /home/airflow/.local/lib/python3.12/site-packages/airflow/example_dags/example_latest_only.py
[2025-01-30T08:50:31.619+0000] {logging_mixin.py:188} INFO - [2025-01-30T08:50:31.619+0000] {dag.py:3096} INFO - Sync 1 DAGs
[2025-01-30T08:50:31.645+0000] {logging_mixin.py:188} INFO - [2025-01-30T08:50:31.644+0000] {dag.py:3954} INFO - Setting next_dagrun for latest_only to 2025-01-30 04:00:00+00:00, run_after=2025-01-30 08:00:00+00:00
[2025-01-30T08:50:31.669+0000] {processor.py:183} INFO - Processing /home/airflow/.local/lib/python3.12/site-packages/airflow/example_dags/example_latest_only.py took 0.082 seconds
[2025-01-30T08:51:01.775+0000] {processor.py:161} INFO - Started process (PID=928) to work on /home/airflow/.local/lib/python3.12/site-packages/airflow/example_dags/example_latest_only.py
[2025-01-30T08:51:01.776+0000] {processor.py:830} INFO - Processing file /home/airflow/.local/lib/python3.12/site-packages/airflow/example_dags/example_latest_only.py for tasks to queue
[2025-01-30T08:51:01.778+0000] {logging_mixin.py:188} INFO - [2025-01-30T08:51:01.778+0000] {dagbag.py:545} INFO - Filling up the DagBag from /home/airflow/.local/lib/python3.12/site-packages/airflow/example_dags/example_latest_only.py
[2025-01-30T08:51:01.783+0000] {processor.py:840} INFO - DAG(s) 'latest_only' retrieved from /home/airflow/.local/lib/python3.12/site-packages/airflow/example_dags/example_latest_only.py
[2025-01-30T08:51:01.809+0000] {logging_mixin.py:188} INFO - [2025-01-30T08:51:01.809+0000] {dag.py:3096} INFO - Sync 1 DAGs
[2025-01-30T08:51:01.838+0000] {logging_mixin.py:188} INFO - [2025-01-30T08:51:01.838+0000] {dag.py:3954} INFO - Setting next_dagrun for latest_only to 2025-01-30 04:00:00+00:00, run_after=2025-01-30 08:00:00+00:00
[2025-01-30T08:51:01.861+0000] {processor.py:183} INFO - Processing /home/airflow/.local/lib/python3.12/site-packages/airflow/example_dags/example_latest_only.py took 0.092 seconds
[2025-01-30T08:51:32.358+0000] {processor.py:161} INFO - Started process (PID=986) to work on /home/airflow/.local/lib/python3.12/site-packages/airflow/example_dags/example_latest_only.py
[2025-01-30T08:51:32.360+0000] {processor.py:830} INFO - Processing file /home/airflow/.local/lib/python3.12/site-packages/airflow/example_dags/example_latest_only.py for tasks to queue
[2025-01-30T08:51:32.362+0000] {logging_mixin.py:188} INFO - [2025-01-30T08:51:32.361+0000] {dagbag.py:545} INFO - Filling up the DagBag from /home/airflow/.local/lib/python3.12/site-packages/airflow/example_dags/example_latest_only.py
[2025-01-30T08:51:32.366+0000] {processor.py:840} INFO - DAG(s) 'latest_only' retrieved from /home/airflow/.local/lib/python3.12/site-packages/airflow/example_dags/example_latest_only.py
[2025-01-30T08:51:32.388+0000] {logging_mixin.py:188} INFO - [2025-01-30T08:51:32.387+0000] {dag.py:3096} INFO - Sync 1 DAGs
[2025-01-30T08:51:32.410+0000] {logging_mixin.py:188} INFO - [2025-01-30T08:51:32.410+0000] {dag.py:3954} INFO - Setting next_dagrun for latest_only to 2025-01-30 04:00:00+00:00, run_after=2025-01-30 08:00:00+00:00
[2025-01-30T08:51:32.435+0000] {processor.py:183} INFO - Processing /home/airflow/.local/lib/python3.12/site-packages/airflow/example_dags/example_latest_only.py took 0.082 seconds
[2025-01-30T08:52:02.765+0000] {processor.py:161} INFO - Started process (PID=1044) to work on /home/airflow/.local/lib/python3.12/site-packages/airflow/example_dags/example_latest_only.py
[2025-01-30T08:52:02.766+0000] {processor.py:830} INFO - Processing file /home/airflow/.local/lib/python3.12/site-packages/airflow/example_dags/example_latest_only.py for tasks to queue
[2025-01-30T08:52:02.768+0000] {logging_mixin.py:188} INFO - [2025-01-30T08:52:02.768+0000] {dagbag.py:545} INFO - Filling up the DagBag from /home/airflow/.local/lib/python3.12/site-packages/airflow/example_dags/example_latest_only.py
[2025-01-30T08:52:02.775+0000] {processor.py:840} INFO - DAG(s) 'latest_only' retrieved from /home/airflow/.local/lib/python3.12/site-packages/airflow/example_dags/example_latest_only.py
[2025-01-30T08:52:02.803+0000] {logging_mixin.py:188} INFO - [2025-01-30T08:52:02.803+0000] {dag.py:3096} INFO - Sync 1 DAGs
[2025-01-30T08:52:02.832+0000] {logging_mixin.py:188} INFO - [2025-01-30T08:52:02.831+0000] {dag.py:3954} INFO - Setting next_dagrun for latest_only to 2025-01-30 04:00:00+00:00, run_after=2025-01-30 08:00:00+00:00
[2025-01-30T08:52:02.860+0000] {processor.py:183} INFO - Processing /home/airflow/.local/lib/python3.12/site-packages/airflow/example_dags/example_latest_only.py took 0.101 seconds
[2025-01-30T08:52:33.130+0000] {processor.py:161} INFO - Started process (PID=1102) to work on /home/airflow/.local/lib/python3.12/site-packages/airflow/example_dags/example_latest_only.py
[2025-01-30T08:52:33.132+0000] {processor.py:830} INFO - Processing file /home/airflow/.local/lib/python3.12/site-packages/airflow/example_dags/example_latest_only.py for tasks to queue
[2025-01-30T08:52:33.134+0000] {logging_mixin.py:188} INFO - [2025-01-30T08:52:33.134+0000] {dagbag.py:545} INFO - Filling up the DagBag from /home/airflow/.local/lib/python3.12/site-packages/airflow/example_dags/example_latest_only.py
[2025-01-30T08:52:33.139+0000] {processor.py:840} INFO - DAG(s) 'latest_only' retrieved from /home/airflow/.local/lib/python3.12/site-packages/airflow/example_dags/example_latest_only.py
[2025-01-30T08:52:33.170+0000] {logging_mixin.py:188} INFO - [2025-01-30T08:52:33.170+0000] {dag.py:3096} INFO - Sync 1 DAGs
[2025-01-30T08:52:33.198+0000] {logging_mixin.py:188} INFO - [2025-01-30T08:52:33.198+0000] {dag.py:3954} INFO - Setting next_dagrun for latest_only to 2025-01-30 04:00:00+00:00, run_after=2025-01-30 08:00:00+00:00
[2025-01-30T08:52:33.232+0000] {processor.py:183} INFO - Processing /home/airflow/.local/lib/python3.12/site-packages/airflow/example_dags/example_latest_only.py took 0.109 seconds
[2025-01-30T08:53:03.490+0000] {processor.py:161} INFO - Started process (PID=1160) to work on /home/airflow/.local/lib/python3.12/site-packages/airflow/example_dags/example_latest_only.py
[2025-01-30T08:53:03.491+0000] {processor.py:830} INFO - Processing file /home/airflow/.local/lib/python3.12/site-packages/airflow/example_dags/example_latest_only.py for tasks to queue
[2025-01-30T08:53:03.494+0000] {logging_mixin.py:188} INFO - [2025-01-30T08:53:03.494+0000] {dagbag.py:545} INFO - Filling up the DagBag from /home/airflow/.local/lib/python3.12/site-packages/airflow/example_dags/example_latest_only.py
[2025-01-30T08:53:03.499+0000] {processor.py:840} INFO - DAG(s) 'latest_only' retrieved from /home/airflow/.local/lib/python3.12/site-packages/airflow/example_dags/example_latest_only.py
[2025-01-30T08:53:03.519+0000] {logging_mixin.py:188} INFO - [2025-01-30T08:53:03.519+0000] {dag.py:3096} INFO - Sync 1 DAGs
[2025-01-30T08:53:03.548+0000] {logging_mixin.py:188} INFO - [2025-01-30T08:53:03.548+0000] {dag.py:3954} INFO - Setting next_dagrun for latest_only to 2025-01-30 04:00:00+00:00, run_after=2025-01-30 08:00:00+00:00
[2025-01-30T08:53:03.574+0000] {processor.py:183} INFO - Processing /home/airflow/.local/lib/python3.12/site-packages/airflow/example_dags/example_latest_only.py took 0.089 seconds
[2025-01-30T08:53:33.721+0000] {processor.py:161} INFO - Started process (PID=1218) to work on /home/airflow/.local/lib/python3.12/site-packages/airflow/example_dags/example_latest_only.py
[2025-01-30T08:53:33.722+0000] {processor.py:830} INFO - Processing file /home/airflow/.local/lib/python3.12/site-packages/airflow/example_dags/example_latest_only.py for tasks to queue
[2025-01-30T08:53:33.724+0000] {logging_mixin.py:188} INFO - [2025-01-30T08:53:33.723+0000] {dagbag.py:545} INFO - Filling up the DagBag from /home/airflow/.local/lib/python3.12/site-packages/airflow/example_dags/example_latest_only.py
[2025-01-30T08:53:33.728+0000] {processor.py:840} INFO - DAG(s) 'latest_only' retrieved from /home/airflow/.local/lib/python3.12/site-packages/airflow/example_dags/example_latest_only.py
[2025-01-30T08:53:33.747+0000] {logging_mixin.py:188} INFO - [2025-01-30T08:53:33.747+0000] {dag.py:3096} INFO - Sync 1 DAGs
[2025-01-30T08:53:33.769+0000] {logging_mixin.py:188} INFO - [2025-01-30T08:53:33.769+0000] {dag.py:3954} INFO - Setting next_dagrun for latest_only to 2025-01-30 04:00:00+00:00, run_after=2025-01-30 08:00:00+00:00
[2025-01-30T08:53:33.790+0000] {processor.py:183} INFO - Processing /home/airflow/.local/lib/python3.12/site-packages/airflow/example_dags/example_latest_only.py took 0.075 seconds
[2025-01-30T08:54:04.235+0000] {processor.py:161} INFO - Started process (PID=1276) to work on /home/airflow/.local/lib/python3.12/site-packages/airflow/example_dags/example_latest_only.py
[2025-01-30T08:54:04.236+0000] {processor.py:830} INFO - Processing file /home/airflow/.local/lib/python3.12/site-packages/airflow/example_dags/example_latest_only.py for tasks to queue
[2025-01-30T08:54:04.239+0000] {logging_mixin.py:188} INFO - [2025-01-30T08:54:04.238+0000] {dagbag.py:545} INFO - Filling up the DagBag from /home/airflow/.local/lib/python3.12/site-packages/airflow/example_dags/example_latest_only.py
[2025-01-30T08:54:04.243+0000] {processor.py:840} INFO - DAG(s) 'latest_only' retrieved from /home/airflow/.local/lib/python3.12/site-packages/airflow/example_dags/example_latest_only.py
[2025-01-30T08:54:04.262+0000] {logging_mixin.py:188} INFO - [2025-01-30T08:54:04.262+0000] {dag.py:3096} INFO - Sync 1 DAGs
[2025-01-30T08:54:04.288+0000] {logging_mixin.py:188} INFO - [2025-01-30T08:54:04.288+0000] {dag.py:3954} INFO - Setting next_dagrun for latest_only to 2025-01-30 04:00:00+00:00, run_after=2025-01-30 08:00:00+00:00
[2025-01-30T08:54:04.311+0000] {processor.py:183} INFO - Processing /home/airflow/.local/lib/python3.12/site-packages/airflow/example_dags/example_latest_only.py took 0.081 seconds
[2025-01-30T08:54:34.951+0000] {processor.py:161} INFO - Started process (PID=1334) to work on /home/airflow/.local/lib/python3.12/site-packages/airflow/example_dags/example_latest_only.py
[2025-01-30T08:54:34.952+0000] {processor.py:830} INFO - Processing file /home/airflow/.local/lib/python3.12/site-packages/airflow/example_dags/example_latest_only.py for tasks to queue
[2025-01-30T08:54:34.954+0000] {logging_mixin.py:188} INFO - [2025-01-30T08:54:34.954+0000] {dagbag.py:545} INFO - Filling up the DagBag from /home/airflow/.local/lib/python3.12/site-packages/airflow/example_dags/example_latest_only.py
[2025-01-30T08:54:34.960+0000] {processor.py:840} INFO - DAG(s) 'latest_only' retrieved from /home/airflow/.local/lib/python3.12/site-packages/airflow/example_dags/example_latest_only.py
[2025-01-30T08:54:34.985+0000] {logging_mixin.py:188} INFO - [2025-01-30T08:54:34.985+0000] {dag.py:3096} INFO - Sync 1 DAGs
[2025-01-30T08:54:35.015+0000] {logging_mixin.py:188} INFO - [2025-01-30T08:54:35.015+0000] {dag.py:3954} INFO - Setting next_dagrun for latest_only to 2025-01-30 04:00:00+00:00, run_after=2025-01-30 08:00:00+00:00
[2025-01-30T08:54:35.041+0000] {processor.py:183} INFO - Processing /home/airflow/.local/lib/python3.12/site-packages/airflow/example_dags/example_latest_only.py took 0.096 seconds
[2025-01-30T08:55:05.700+0000] {processor.py:161} INFO - Started process (PID=1392) to work on /home/airflow/.local/lib/python3.12/site-packages/airflow/example_dags/example_latest_only.py
[2025-01-30T08:55:05.701+0000] {processor.py:830} INFO - Processing file /home/airflow/.local/lib/python3.12/site-packages/airflow/example_dags/example_latest_only.py for tasks to queue
[2025-01-30T08:55:05.704+0000] {logging_mixin.py:188} INFO - [2025-01-30T08:55:05.703+0000] {dagbag.py:545} INFO - Filling up the DagBag from /home/airflow/.local/lib/python3.12/site-packages/airflow/example_dags/example_latest_only.py
[2025-01-30T08:55:05.708+0000] {processor.py:840} INFO - DAG(s) 'latest_only' retrieved from /home/airflow/.local/lib/python3.12/site-packages/airflow/example_dags/example_latest_only.py
[2025-01-30T08:55:05.727+0000] {logging_mixin.py:188} INFO - [2025-01-30T08:55:05.727+0000] {dag.py:3096} INFO - Sync 1 DAGs
[2025-01-30T08:55:05.751+0000] {logging_mixin.py:188} INFO - [2025-01-30T08:55:05.750+0000] {dag.py:3954} INFO - Setting next_dagrun for latest_only to 2025-01-30 04:00:00+00:00, run_after=2025-01-30 08:00:00+00:00
[2025-01-30T08:55:05.774+0000] {processor.py:183} INFO - Processing /home/airflow/.local/lib/python3.12/site-packages/airflow/example_dags/example_latest_only.py took 0.079 seconds
[2025-01-30T08:55:36.701+0000] {processor.py:161} INFO - Started process (PID=1450) to work on /home/airflow/.local/lib/python3.12/site-packages/airflow/example_dags/example_latest_only.py
[2025-01-30T08:55:36.702+0000] {processor.py:830} INFO - Processing file /home/airflow/.local/lib/python3.12/site-packages/airflow/example_dags/example_latest_only.py for tasks to queue
[2025-01-30T08:55:36.704+0000] {logging_mixin.py:188} INFO - [2025-01-30T08:55:36.704+0000] {dagbag.py:545} INFO - Filling up the DagBag from /home/airflow/.local/lib/python3.12/site-packages/airflow/example_dags/example_latest_only.py
[2025-01-30T08:55:36.708+0000] {processor.py:840} INFO - DAG(s) 'latest_only' retrieved from /home/airflow/.local/lib/python3.12/site-packages/airflow/example_dags/example_latest_only.py
[2025-01-30T08:55:36.729+0000] {logging_mixin.py:188} INFO - [2025-01-30T08:55:36.729+0000] {dag.py:3096} INFO - Sync 1 DAGs
[2025-01-30T08:55:36.751+0000] {logging_mixin.py:188} INFO - [2025-01-30T08:55:36.751+0000] {dag.py:3954} INFO - Setting next_dagrun for latest_only to 2025-01-30 04:00:00+00:00, run_after=2025-01-30 08:00:00+00:00
[2025-01-30T08:55:36.774+0000] {processor.py:183} INFO - Processing /home/airflow/.local/lib/python3.12/site-packages/airflow/example_dags/example_latest_only.py took 0.078 seconds
[2025-01-30T08:56:06.926+0000] {processor.py:161} INFO - Started process (PID=1508) to work on /home/airflow/.local/lib/python3.12/site-packages/airflow/example_dags/example_latest_only.py
[2025-01-30T08:56:06.927+0000] {processor.py:830} INFO - Processing file /home/airflow/.local/lib/python3.12/site-packages/airflow/example_dags/example_latest_only.py for tasks to queue
[2025-01-30T08:56:06.928+0000] {logging_mixin.py:188} INFO - [2025-01-30T08:56:06.928+0000] {dagbag.py:545} INFO - Filling up the DagBag from /home/airflow/.local/lib/python3.12/site-packages/airflow/example_dags/example_latest_only.py
[2025-01-30T08:56:06.933+0000] {processor.py:840} INFO - DAG(s) 'latest_only' retrieved from /home/airflow/.local/lib/python3.12/site-packages/airflow/example_dags/example_latest_only.py
[2025-01-30T08:56:06.953+0000] {logging_mixin.py:188} INFO - [2025-01-30T08:56:06.952+0000] {dag.py:3096} INFO - Sync 1 DAGs
[2025-01-30T08:56:06.975+0000] {logging_mixin.py:188} INFO - [2025-01-30T08:56:06.974+0000] {dag.py:3954} INFO - Setting next_dagrun for latest_only to 2025-01-30 04:00:00+00:00, run_after=2025-01-30 08:00:00+00:00
[2025-01-30T08:56:06.997+0000] {processor.py:183} INFO - Processing /home/airflow/.local/lib/python3.12/site-packages/airflow/example_dags/example_latest_only.py took 0.076 seconds
[2025-01-30T08:56:37.293+0000] {processor.py:161} INFO - Started process (PID=1566) to work on /home/airflow/.local/lib/python3.12/site-packages/airflow/example_dags/example_latest_only.py
[2025-01-30T08:56:37.294+0000] {processor.py:830} INFO - Processing file /home/airflow/.local/lib/python3.12/site-packages/airflow/example_dags/example_latest_only.py for tasks to queue
[2025-01-30T08:56:37.296+0000] {logging_mixin.py:188} INFO - [2025-01-30T08:56:37.296+0000] {dagbag.py:545} INFO - Filling up the DagBag from /home/airflow/.local/lib/python3.12/site-packages/airflow/example_dags/example_latest_only.py
[2025-01-30T08:56:37.300+0000] {processor.py:840} INFO - DAG(s) 'latest_only' retrieved from /home/airflow/.local/lib/python3.12/site-packages/airflow/example_dags/example_latest_only.py
[2025-01-30T08:56:37.321+0000] {logging_mixin.py:188} INFO - [2025-01-30T08:56:37.321+0000] {dag.py:3096} INFO - Sync 1 DAGs
[2025-01-30T08:56:37.346+0000] {logging_mixin.py:188} INFO - [2025-01-30T08:56:37.345+0000] {dag.py:3954} INFO - Setting next_dagrun for latest_only to 2025-01-30 04:00:00+00:00, run_after=2025-01-30 08:00:00+00:00
[2025-01-30T08:56:37.371+0000] {processor.py:183} INFO - Processing /home/airflow/.local/lib/python3.12/site-packages/airflow/example_dags/example_latest_only.py took 0.084 seconds
[2025-01-30T08:57:07.669+0000] {processor.py:161} INFO - Started process (PID=1624) to work on /home/airflow/.local/lib/python3.12/site-packages/airflow/example_dags/example_latest_only.py
[2025-01-30T08:57:07.670+0000] {processor.py:830} INFO - Processing file /home/airflow/.local/lib/python3.12/site-packages/airflow/example_dags/example_latest_only.py for tasks to queue
[2025-01-30T08:57:07.672+0000] {logging_mixin.py:188} INFO - [2025-01-30T08:57:07.672+0000] {dagbag.py:545} INFO - Filling up the DagBag from /home/airflow/.local/lib/python3.12/site-packages/airflow/example_dags/example_latest_only.py
[2025-01-30T08:57:07.677+0000] {processor.py:840} INFO - DAG(s) 'latest_only' retrieved from /home/airflow/.local/lib/python3.12/site-packages/airflow/example_dags/example_latest_only.py
[2025-01-30T08:57:07.700+0000] {logging_mixin.py:188} INFO - [2025-01-30T08:57:07.700+0000] {dag.py:3096} INFO - Sync 1 DAGs
[2025-01-30T08:57:07.729+0000] {logging_mixin.py:188} INFO - [2025-01-30T08:57:07.729+0000] {dag.py:3954} INFO - Setting next_dagrun for latest_only to 2025-01-30 04:00:00+00:00, run_after=2025-01-30 08:00:00+00:00
[2025-01-30T08:57:07.761+0000] {processor.py:183} INFO - Processing /home/airflow/.local/lib/python3.12/site-packages/airflow/example_dags/example_latest_only.py took 0.097 seconds
[2025-01-30T08:57:38.043+0000] {processor.py:161} INFO - Started process (PID=1682) to work on /home/airflow/.local/lib/python3.12/site-packages/airflow/example_dags/example_latest_only.py
[2025-01-30T08:57:38.045+0000] {processor.py:830} INFO - Processing file /home/airflow/.local/lib/python3.12/site-packages/airflow/example_dags/example_latest_only.py for tasks to queue
[2025-01-30T08:57:38.047+0000] {logging_mixin.py:188} INFO - [2025-01-30T08:57:38.046+0000] {dagbag.py:545} INFO - Filling up the DagBag from /home/airflow/.local/lib/python3.12/site-packages/airflow/example_dags/example_latest_only.py
[2025-01-30T08:57:38.053+0000] {processor.py:840} INFO - DAG(s) 'latest_only' retrieved from /home/airflow/.local/lib/python3.12/site-packages/airflow/example_dags/example_latest_only.py
[2025-01-30T08:57:38.075+0000] {logging_mixin.py:188} INFO - [2025-01-30T08:57:38.075+0000] {dag.py:3096} INFO - Sync 1 DAGs
[2025-01-30T08:57:38.102+0000] {logging_mixin.py:188} INFO - [2025-01-30T08:57:38.102+0000] {dag.py:3954} INFO - Setting next_dagrun for latest_only to 2025-01-30 04:00:00+00:00, run_after=2025-01-30 08:00:00+00:00
[2025-01-30T08:57:38.134+0000] {processor.py:183} INFO - Processing /home/airflow/.local/lib/python3.12/site-packages/airflow/example_dags/example_latest_only.py took 0.095 seconds
[2025-01-30T08:58:09.033+0000] {processor.py:161} INFO - Started process (PID=1740) to work on /home/airflow/.local/lib/python3.12/site-packages/airflow/example_dags/example_latest_only.py
[2025-01-30T08:58:09.034+0000] {processor.py:830} INFO - Processing file /home/airflow/.local/lib/python3.12/site-packages/airflow/example_dags/example_latest_only.py for tasks to queue
[2025-01-30T08:58:09.037+0000] {logging_mixin.py:188} INFO - [2025-01-30T08:58:09.036+0000] {dagbag.py:545} INFO - Filling up the DagBag from /home/airflow/.local/lib/python3.12/site-packages/airflow/example_dags/example_latest_only.py
[2025-01-30T08:58:09.042+0000] {processor.py:840} INFO - DAG(s) 'latest_only' retrieved from /home/airflow/.local/lib/python3.12/site-packages/airflow/example_dags/example_latest_only.py
[2025-01-30T08:58:09.067+0000] {logging_mixin.py:188} INFO - [2025-01-30T08:58:09.067+0000] {dag.py:3096} INFO - Sync 1 DAGs
[2025-01-30T08:58:09.094+0000] {logging_mixin.py:188} INFO - [2025-01-30T08:58:09.094+0000] {dag.py:3954} INFO - Setting next_dagrun for latest_only to 2025-01-30 04:00:00+00:00, run_after=2025-01-30 08:00:00+00:00
[2025-01-30T08:58:09.117+0000] {processor.py:183} INFO - Processing /home/airflow/.local/lib/python3.12/site-packages/airflow/example_dags/example_latest_only.py took 0.092 seconds
[2025-01-30T08:58:39.643+0000] {processor.py:161} INFO - Started process (PID=1798) to work on /home/airflow/.local/lib/python3.12/site-packages/airflow/example_dags/example_latest_only.py
[2025-01-30T08:58:39.644+0000] {processor.py:830} INFO - Processing file /home/airflow/.local/lib/python3.12/site-packages/airflow/example_dags/example_latest_only.py for tasks to queue
[2025-01-30T08:58:39.645+0000] {logging_mixin.py:188} INFO - [2025-01-30T08:58:39.645+0000] {dagbag.py:545} INFO - Filling up the DagBag from /home/airflow/.local/lib/python3.12/site-packages/airflow/example_dags/example_latest_only.py
[2025-01-30T08:58:39.649+0000] {processor.py:840} INFO - DAG(s) 'latest_only' retrieved from /home/airflow/.local/lib/python3.12/site-packages/airflow/example_dags/example_latest_only.py
[2025-01-30T08:58:39.671+0000] {logging_mixin.py:188} INFO - [2025-01-30T08:58:39.671+0000] {dag.py:3096} INFO - Sync 1 DAGs
[2025-01-30T08:58:39.696+0000] {logging_mixin.py:188} INFO - [2025-01-30T08:58:39.696+0000] {dag.py:3954} INFO - Setting next_dagrun for latest_only to 2025-01-30 04:00:00+00:00, run_after=2025-01-30 08:00:00+00:00
[2025-01-30T08:58:39.721+0000] {processor.py:183} INFO - Processing /home/airflow/.local/lib/python3.12/site-packages/airflow/example_dags/example_latest_only.py took 0.084 seconds
[2025-01-30T09:01:53.817+0000] {processor.py:161} INFO - Started process (PID=117) to work on /home/airflow/.local/lib/python3.12/site-packages/airflow/example_dags/example_latest_only.py
[2025-01-30T09:01:53.818+0000] {processor.py:830} INFO - Processing file /home/airflow/.local/lib/python3.12/site-packages/airflow/example_dags/example_latest_only.py for tasks to queue
[2025-01-30T09:01:53.821+0000] {logging_mixin.py:188} INFO - [2025-01-30T09:01:53.820+0000] {dagbag.py:545} INFO - Filling up the DagBag from /home/airflow/.local/lib/python3.12/site-packages/airflow/example_dags/example_latest_only.py
[2025-01-30T09:01:53.829+0000] {processor.py:840} INFO - DAG(s) 'latest_only' retrieved from /home/airflow/.local/lib/python3.12/site-packages/airflow/example_dags/example_latest_only.py
[2025-01-30T09:01:53.970+0000] {logging_mixin.py:188} INFO - [2025-01-30T09:01:53.970+0000] {dag.py:3096} INFO - Sync 1 DAGs
[2025-01-30T09:01:53.999+0000] {logging_mixin.py:188} INFO - [2025-01-30T09:01:53.999+0000] {dag.py:3954} INFO - Setting next_dagrun for latest_only to 2025-01-30 04:00:00+00:00, run_after=2025-01-30 08:00:00+00:00
[2025-01-30T09:01:54.033+0000] {processor.py:183} INFO - Processing /home/airflow/.local/lib/python3.12/site-packages/airflow/example_dags/example_latest_only.py took 0.222 seconds
[2025-01-30T09:02:24.122+0000] {processor.py:161} INFO - Started process (PID=175) to work on /home/airflow/.local/lib/python3.12/site-packages/airflow/example_dags/example_latest_only.py
[2025-01-30T09:02:24.123+0000] {processor.py:830} INFO - Processing file /home/airflow/.local/lib/python3.12/site-packages/airflow/example_dags/example_latest_only.py for tasks to queue
[2025-01-30T09:02:24.124+0000] {logging_mixin.py:188} INFO - [2025-01-30T09:02:24.124+0000] {dagbag.py:545} INFO - Filling up the DagBag from /home/airflow/.local/lib/python3.12/site-packages/airflow/example_dags/example_latest_only.py
[2025-01-30T09:02:24.128+0000] {processor.py:840} INFO - DAG(s) 'latest_only' retrieved from /home/airflow/.local/lib/python3.12/site-packages/airflow/example_dags/example_latest_only.py
[2025-01-30T09:02:24.150+0000] {logging_mixin.py:188} INFO - [2025-01-30T09:02:24.149+0000] {dag.py:3096} INFO - Sync 1 DAGs
[2025-01-30T09:02:24.174+0000] {logging_mixin.py:188} INFO - [2025-01-30T09:02:24.174+0000] {dag.py:3954} INFO - Setting next_dagrun for latest_only to 2025-01-30 04:00:00+00:00, run_after=2025-01-30 08:00:00+00:00
[2025-01-30T09:02:24.196+0000] {processor.py:183} INFO - Processing /home/airflow/.local/lib/python3.12/site-packages/airflow/example_dags/example_latest_only.py took 0.079 seconds
[2025-01-30T09:02:54.391+0000] {processor.py:161} INFO - Started process (PID=233) to work on /home/airflow/.local/lib/python3.12/site-packages/airflow/example_dags/example_latest_only.py
[2025-01-30T09:02:54.393+0000] {processor.py:830} INFO - Processing file /home/airflow/.local/lib/python3.12/site-packages/airflow/example_dags/example_latest_only.py for tasks to queue
[2025-01-30T09:02:54.395+0000] {logging_mixin.py:188} INFO - [2025-01-30T09:02:54.394+0000] {dagbag.py:545} INFO - Filling up the DagBag from /home/airflow/.local/lib/python3.12/site-packages/airflow/example_dags/example_latest_only.py
[2025-01-30T09:02:54.399+0000] {processor.py:840} INFO - DAG(s) 'latest_only' retrieved from /home/airflow/.local/lib/python3.12/site-packages/airflow/example_dags/example_latest_only.py
[2025-01-30T09:02:54.431+0000] {logging_mixin.py:188} INFO - [2025-01-30T09:02:54.430+0000] {dag.py:3096} INFO - Sync 1 DAGs
[2025-01-30T09:02:54.465+0000] {logging_mixin.py:188} INFO - [2025-01-30T09:02:54.465+0000] {dag.py:3954} INFO - Setting next_dagrun for latest_only to 2025-01-30 04:00:00+00:00, run_after=2025-01-30 08:00:00+00:00
[2025-01-30T09:02:54.498+0000] {processor.py:183} INFO - Processing /home/airflow/.local/lib/python3.12/site-packages/airflow/example_dags/example_latest_only.py took 0.112 seconds
[2025-01-30T09:03:25.063+0000] {processor.py:161} INFO - Started process (PID=291) to work on /home/airflow/.local/lib/python3.12/site-packages/airflow/example_dags/example_latest_only.py
[2025-01-30T09:03:25.065+0000] {processor.py:830} INFO - Processing file /home/airflow/.local/lib/python3.12/site-packages/airflow/example_dags/example_latest_only.py for tasks to queue
[2025-01-30T09:03:25.068+0000] {logging_mixin.py:188} INFO - [2025-01-30T09:03:25.067+0000] {dagbag.py:545} INFO - Filling up the DagBag from /home/airflow/.local/lib/python3.12/site-packages/airflow/example_dags/example_latest_only.py
[2025-01-30T09:03:25.077+0000] {processor.py:840} INFO - DAG(s) 'latest_only' retrieved from /home/airflow/.local/lib/python3.12/site-packages/airflow/example_dags/example_latest_only.py
[2025-01-30T09:03:25.102+0000] {logging_mixin.py:188} INFO - [2025-01-30T09:03:25.102+0000] {dag.py:3096} INFO - Sync 1 DAGs
[2025-01-30T09:03:25.132+0000] {logging_mixin.py:188} INFO - [2025-01-30T09:03:25.131+0000] {dag.py:3954} INFO - Setting next_dagrun for latest_only to 2025-01-30 04:00:00+00:00, run_after=2025-01-30 08:00:00+00:00
[2025-01-30T09:03:25.172+0000] {processor.py:183} INFO - Processing /home/airflow/.local/lib/python3.12/site-packages/airflow/example_dags/example_latest_only.py took 0.117 seconds
[2025-01-30T09:05:23.814+0000] {processor.py:161} INFO - Started process (PID=115) to work on /home/airflow/.local/lib/python3.12/site-packages/airflow/example_dags/example_latest_only.py
[2025-01-30T09:05:23.815+0000] {processor.py:830} INFO - Processing file /home/airflow/.local/lib/python3.12/site-packages/airflow/example_dags/example_latest_only.py for tasks to queue
[2025-01-30T09:05:23.818+0000] {logging_mixin.py:188} INFO - [2025-01-30T09:05:23.817+0000] {dagbag.py:545} INFO - Filling up the DagBag from /home/airflow/.local/lib/python3.12/site-packages/airflow/example_dags/example_latest_only.py
[2025-01-30T09:05:23.824+0000] {processor.py:840} INFO - DAG(s) 'latest_only' retrieved from /home/airflow/.local/lib/python3.12/site-packages/airflow/example_dags/example_latest_only.py
[2025-01-30T09:05:23.944+0000] {logging_mixin.py:188} INFO - [2025-01-30T09:05:23.944+0000] {dag.py:3096} INFO - Sync 1 DAGs
[2025-01-30T09:05:23.967+0000] {logging_mixin.py:188} INFO - [2025-01-30T09:05:23.967+0000] {dag.py:3954} INFO - Setting next_dagrun for latest_only to 2025-01-30 04:00:00+00:00, run_after=2025-01-30 08:00:00+00:00
[2025-01-30T09:05:23.995+0000] {processor.py:183} INFO - Processing /home/airflow/.local/lib/python3.12/site-packages/airflow/example_dags/example_latest_only.py took 0.186 seconds
[2025-01-30T09:05:54.080+0000] {processor.py:161} INFO - Started process (PID=173) to work on /home/airflow/.local/lib/python3.12/site-packages/airflow/example_dags/example_latest_only.py
[2025-01-30T09:05:54.081+0000] {processor.py:830} INFO - Processing file /home/airflow/.local/lib/python3.12/site-packages/airflow/example_dags/example_latest_only.py for tasks to queue
[2025-01-30T09:05:54.083+0000] {logging_mixin.py:188} INFO - [2025-01-30T09:05:54.082+0000] {dagbag.py:545} INFO - Filling up the DagBag from /home/airflow/.local/lib/python3.12/site-packages/airflow/example_dags/example_latest_only.py
[2025-01-30T09:05:54.089+0000] {processor.py:840} INFO - DAG(s) 'latest_only' retrieved from /home/airflow/.local/lib/python3.12/site-packages/airflow/example_dags/example_latest_only.py
[2025-01-30T09:05:54.111+0000] {logging_mixin.py:188} INFO - [2025-01-30T09:05:54.111+0000] {dag.py:3096} INFO - Sync 1 DAGs
[2025-01-30T09:05:54.136+0000] {logging_mixin.py:188} INFO - [2025-01-30T09:05:54.136+0000] {dag.py:3954} INFO - Setting next_dagrun for latest_only to 2025-01-30 04:00:00+00:00, run_after=2025-01-30 08:00:00+00:00
[2025-01-30T09:05:54.160+0000] {processor.py:183} INFO - Processing /home/airflow/.local/lib/python3.12/site-packages/airflow/example_dags/example_latest_only.py took 0.085 seconds
[2025-01-30T09:10:54.337+0000] {processor.py:161} INFO - Started process (PID=118) to work on /home/airflow/.local/lib/python3.12/site-packages/airflow/example_dags/example_latest_only.py
[2025-01-30T09:10:54.338+0000] {processor.py:830} INFO - Processing file /home/airflow/.local/lib/python3.12/site-packages/airflow/example_dags/example_latest_only.py for tasks to queue
[2025-01-30T09:10:54.340+0000] {logging_mixin.py:188} INFO - [2025-01-30T09:10:54.340+0000] {dagbag.py:545} INFO - Filling up the DagBag from /home/airflow/.local/lib/python3.12/site-packages/airflow/example_dags/example_latest_only.py
[2025-01-30T09:10:54.346+0000] {processor.py:840} INFO - DAG(s) 'latest_only' retrieved from /home/airflow/.local/lib/python3.12/site-packages/airflow/example_dags/example_latest_only.py
[2025-01-30T09:10:54.462+0000] {logging_mixin.py:188} INFO - [2025-01-30T09:10:54.461+0000] {dag.py:3096} INFO - Sync 1 DAGs
[2025-01-30T09:10:54.484+0000] {logging_mixin.py:188} INFO - [2025-01-30T09:10:54.484+0000] {dag.py:3954} INFO - Setting next_dagrun for latest_only to 2025-01-30 04:00:00+00:00, run_after=2025-01-30 08:00:00+00:00
[2025-01-30T09:10:54.510+0000] {processor.py:183} INFO - Processing /home/airflow/.local/lib/python3.12/site-packages/airflow/example_dags/example_latest_only.py took 0.177 seconds
[2025-01-30T09:11:25.020+0000] {processor.py:161} INFO - Started process (PID=177) to work on /home/airflow/.local/lib/python3.12/site-packages/airflow/example_dags/example_latest_only.py
[2025-01-30T09:11:25.021+0000] {processor.py:830} INFO - Processing file /home/airflow/.local/lib/python3.12/site-packages/airflow/example_dags/example_latest_only.py for tasks to queue
[2025-01-30T09:11:25.023+0000] {logging_mixin.py:188} INFO - [2025-01-30T09:11:25.023+0000] {dagbag.py:545} INFO - Filling up the DagBag from /home/airflow/.local/lib/python3.12/site-packages/airflow/example_dags/example_latest_only.py
[2025-01-30T09:11:25.028+0000] {processor.py:840} INFO - DAG(s) 'latest_only' retrieved from /home/airflow/.local/lib/python3.12/site-packages/airflow/example_dags/example_latest_only.py
[2025-01-30T09:11:25.051+0000] {logging_mixin.py:188} INFO - [2025-01-30T09:11:25.051+0000] {dag.py:3096} INFO - Sync 1 DAGs
[2025-01-30T09:11:25.083+0000] {logging_mixin.py:188} INFO - [2025-01-30T09:11:25.083+0000] {dag.py:3954} INFO - Setting next_dagrun for latest_only to 2025-01-30 04:00:00+00:00, run_after=2025-01-30 08:00:00+00:00
[2025-01-30T09:11:25.110+0000] {processor.py:183} INFO - Processing /home/airflow/.local/lib/python3.12/site-packages/airflow/example_dags/example_latest_only.py took 0.095 seconds
[2025-01-30T09:11:55.448+0000] {processor.py:161} INFO - Started process (PID=235) to work on /home/airflow/.local/lib/python3.12/site-packages/airflow/example_dags/example_latest_only.py
[2025-01-30T09:11:55.449+0000] {processor.py:830} INFO - Processing file /home/airflow/.local/lib/python3.12/site-packages/airflow/example_dags/example_latest_only.py for tasks to queue
[2025-01-30T09:11:55.451+0000] {logging_mixin.py:188} INFO - [2025-01-30T09:11:55.450+0000] {dagbag.py:545} INFO - Filling up the DagBag from /home/airflow/.local/lib/python3.12/site-packages/airflow/example_dags/example_latest_only.py
[2025-01-30T09:11:55.455+0000] {processor.py:840} INFO - DAG(s) 'latest_only' retrieved from /home/airflow/.local/lib/python3.12/site-packages/airflow/example_dags/example_latest_only.py
[2025-01-30T09:11:55.474+0000] {logging_mixin.py:188} INFO - [2025-01-30T09:11:55.474+0000] {dag.py:3096} INFO - Sync 1 DAGs
[2025-01-30T09:11:55.496+0000] {logging_mixin.py:188} INFO - [2025-01-30T09:11:55.496+0000] {dag.py:3954} INFO - Setting next_dagrun for latest_only to 2025-01-30 04:00:00+00:00, run_after=2025-01-30 08:00:00+00:00
[2025-01-30T09:11:55.524+0000] {processor.py:183} INFO - Processing /home/airflow/.local/lib/python3.12/site-packages/airflow/example_dags/example_latest_only.py took 0.081 seconds
[2025-01-30T09:12:26.279+0000] {processor.py:161} INFO - Started process (PID=293) to work on /home/airflow/.local/lib/python3.12/site-packages/airflow/example_dags/example_latest_only.py
[2025-01-30T09:12:26.280+0000] {processor.py:830} INFO - Processing file /home/airflow/.local/lib/python3.12/site-packages/airflow/example_dags/example_latest_only.py for tasks to queue
[2025-01-30T09:12:26.283+0000] {logging_mixin.py:188} INFO - [2025-01-30T09:12:26.282+0000] {dagbag.py:545} INFO - Filling up the DagBag from /home/airflow/.local/lib/python3.12/site-packages/airflow/example_dags/example_latest_only.py
[2025-01-30T09:12:26.289+0000] {processor.py:840} INFO - DAG(s) 'latest_only' retrieved from /home/airflow/.local/lib/python3.12/site-packages/airflow/example_dags/example_latest_only.py
[2025-01-30T09:12:26.313+0000] {logging_mixin.py:188} INFO - [2025-01-30T09:12:26.312+0000] {dag.py:3096} INFO - Sync 1 DAGs
[2025-01-30T09:12:26.341+0000] {logging_mixin.py:188} INFO - [2025-01-30T09:12:26.341+0000] {dag.py:3954} INFO - Setting next_dagrun for latest_only to 2025-01-30 04:00:00+00:00, run_after=2025-01-30 08:00:00+00:00
[2025-01-30T09:12:26.379+0000] {processor.py:183} INFO - Processing /home/airflow/.local/lib/python3.12/site-packages/airflow/example_dags/example_latest_only.py took 0.108 seconds
[2025-01-30T09:12:56.500+0000] {processor.py:161} INFO - Started process (PID=351) to work on /home/airflow/.local/lib/python3.12/site-packages/airflow/example_dags/example_latest_only.py
[2025-01-30T09:12:56.501+0000] {processor.py:830} INFO - Processing file /home/airflow/.local/lib/python3.12/site-packages/airflow/example_dags/example_latest_only.py for tasks to queue
[2025-01-30T09:12:56.503+0000] {logging_mixin.py:188} INFO - [2025-01-30T09:12:56.503+0000] {dagbag.py:545} INFO - Filling up the DagBag from /home/airflow/.local/lib/python3.12/site-packages/airflow/example_dags/example_latest_only.py
[2025-01-30T09:12:56.508+0000] {processor.py:840} INFO - DAG(s) 'latest_only' retrieved from /home/airflow/.local/lib/python3.12/site-packages/airflow/example_dags/example_latest_only.py
[2025-01-30T09:12:56.534+0000] {logging_mixin.py:188} INFO - [2025-01-30T09:12:56.534+0000] {dag.py:3096} INFO - Sync 1 DAGs
[2025-01-30T09:12:56.560+0000] {logging_mixin.py:188} INFO - [2025-01-30T09:12:56.559+0000] {dag.py:3954} INFO - Setting next_dagrun for latest_only to 2025-01-30 04:00:00+00:00, run_after=2025-01-30 08:00:00+00:00
[2025-01-30T09:12:56.599+0000] {processor.py:183} INFO - Processing /home/airflow/.local/lib/python3.12/site-packages/airflow/example_dags/example_latest_only.py took 0.104 seconds
[2025-01-30T09:13:26.809+0000] {processor.py:161} INFO - Started process (PID=409) to work on /home/airflow/.local/lib/python3.12/site-packages/airflow/example_dags/example_latest_only.py
[2025-01-30T09:13:26.810+0000] {processor.py:830} INFO - Processing file /home/airflow/.local/lib/python3.12/site-packages/airflow/example_dags/example_latest_only.py for tasks to queue
[2025-01-30T09:13:26.812+0000] {logging_mixin.py:188} INFO - [2025-01-30T09:13:26.812+0000] {dagbag.py:545} INFO - Filling up the DagBag from /home/airflow/.local/lib/python3.12/site-packages/airflow/example_dags/example_latest_only.py
[2025-01-30T09:13:26.823+0000] {processor.py:840} INFO - DAG(s) 'latest_only' retrieved from /home/airflow/.local/lib/python3.12/site-packages/airflow/example_dags/example_latest_only.py
[2025-01-30T09:13:26.842+0000] {logging_mixin.py:188} INFO - [2025-01-30T09:13:26.842+0000] {dag.py:3096} INFO - Sync 1 DAGs
[2025-01-30T09:13:26.865+0000] {logging_mixin.py:188} INFO - [2025-01-30T09:13:26.864+0000] {dag.py:3954} INFO - Setting next_dagrun for latest_only to 2025-01-30 04:00:00+00:00, run_after=2025-01-30 08:00:00+00:00
[2025-01-30T09:13:26.888+0000] {processor.py:183} INFO - Processing /home/airflow/.local/lib/python3.12/site-packages/airflow/example_dags/example_latest_only.py took 0.085 seconds
[2025-01-30T09:13:56.935+0000] {processor.py:161} INFO - Started process (PID=467) to work on /home/airflow/.local/lib/python3.12/site-packages/airflow/example_dags/example_latest_only.py
[2025-01-30T09:13:56.936+0000] {processor.py:830} INFO - Processing file /home/airflow/.local/lib/python3.12/site-packages/airflow/example_dags/example_latest_only.py for tasks to queue
[2025-01-30T09:13:56.938+0000] {logging_mixin.py:188} INFO - [2025-01-30T09:13:56.937+0000] {dagbag.py:545} INFO - Filling up the DagBag from /home/airflow/.local/lib/python3.12/site-packages/airflow/example_dags/example_latest_only.py
[2025-01-30T09:13:56.942+0000] {processor.py:840} INFO - DAG(s) 'latest_only' retrieved from /home/airflow/.local/lib/python3.12/site-packages/airflow/example_dags/example_latest_only.py
[2025-01-30T09:13:56.960+0000] {logging_mixin.py:188} INFO - [2025-01-30T09:13:56.960+0000] {dag.py:3096} INFO - Sync 1 DAGs
[2025-01-30T09:13:56.983+0000] {logging_mixin.py:188} INFO - [2025-01-30T09:13:56.982+0000] {dag.py:3954} INFO - Setting next_dagrun for latest_only to 2025-01-30 04:00:00+00:00, run_after=2025-01-30 08:00:00+00:00
[2025-01-30T09:13:57.004+0000] {processor.py:183} INFO - Processing /home/airflow/.local/lib/python3.12/site-packages/airflow/example_dags/example_latest_only.py took 0.073 seconds
[2025-01-30T09:14:27.361+0000] {processor.py:161} INFO - Started process (PID=525) to work on /home/airflow/.local/lib/python3.12/site-packages/airflow/example_dags/example_latest_only.py
[2025-01-30T09:14:27.362+0000] {processor.py:830} INFO - Processing file /home/airflow/.local/lib/python3.12/site-packages/airflow/example_dags/example_latest_only.py for tasks to queue
[2025-01-30T09:14:27.364+0000] {logging_mixin.py:188} INFO - [2025-01-30T09:14:27.363+0000] {dagbag.py:545} INFO - Filling up the DagBag from /home/airflow/.local/lib/python3.12/site-packages/airflow/example_dags/example_latest_only.py
[2025-01-30T09:14:27.368+0000] {processor.py:840} INFO - DAG(s) 'latest_only' retrieved from /home/airflow/.local/lib/python3.12/site-packages/airflow/example_dags/example_latest_only.py
[2025-01-30T09:14:27.389+0000] {logging_mixin.py:188} INFO - [2025-01-30T09:14:27.389+0000] {dag.py:3096} INFO - Sync 1 DAGs
[2025-01-30T09:14:27.415+0000] {logging_mixin.py:188} INFO - [2025-01-30T09:14:27.415+0000] {dag.py:3954} INFO - Setting next_dagrun for latest_only to 2025-01-30 04:00:00+00:00, run_after=2025-01-30 08:00:00+00:00
[2025-01-30T09:14:27.441+0000] {processor.py:183} INFO - Processing /home/airflow/.local/lib/python3.12/site-packages/airflow/example_dags/example_latest_only.py took 0.086 seconds
[2025-01-30T09:14:57.640+0000] {processor.py:161} INFO - Started process (PID=583) to work on /home/airflow/.local/lib/python3.12/site-packages/airflow/example_dags/example_latest_only.py
[2025-01-30T09:14:57.642+0000] {processor.py:830} INFO - Processing file /home/airflow/.local/lib/python3.12/site-packages/airflow/example_dags/example_latest_only.py for tasks to queue
[2025-01-30T09:14:57.647+0000] {logging_mixin.py:188} INFO - [2025-01-30T09:14:57.647+0000] {dagbag.py:545} INFO - Filling up the DagBag from /home/airflow/.local/lib/python3.12/site-packages/airflow/example_dags/example_latest_only.py
[2025-01-30T09:14:57.652+0000] {processor.py:840} INFO - DAG(s) 'latest_only' retrieved from /home/airflow/.local/lib/python3.12/site-packages/airflow/example_dags/example_latest_only.py
[2025-01-30T09:14:57.673+0000] {logging_mixin.py:188} INFO - [2025-01-30T09:14:57.673+0000] {dag.py:3096} INFO - Sync 1 DAGs
[2025-01-30T09:14:57.696+0000] {logging_mixin.py:188} INFO - [2025-01-30T09:14:57.695+0000] {dag.py:3954} INFO - Setting next_dagrun for latest_only to 2025-01-30 04:00:00+00:00, run_after=2025-01-30 08:00:00+00:00
[2025-01-30T09:14:57.720+0000] {processor.py:183} INFO - Processing /home/airflow/.local/lib/python3.12/site-packages/airflow/example_dags/example_latest_only.py took 0.085 seconds
[2025-01-30T09:15:28.290+0000] {processor.py:161} INFO - Started process (PID=640) to work on /home/airflow/.local/lib/python3.12/site-packages/airflow/example_dags/example_latest_only.py
[2025-01-30T09:15:28.292+0000] {processor.py:830} INFO - Processing file /home/airflow/.local/lib/python3.12/site-packages/airflow/example_dags/example_latest_only.py for tasks to queue
[2025-01-30T09:15:28.293+0000] {logging_mixin.py:188} INFO - [2025-01-30T09:15:28.293+0000] {dagbag.py:545} INFO - Filling up the DagBag from /home/airflow/.local/lib/python3.12/site-packages/airflow/example_dags/example_latest_only.py
[2025-01-30T09:15:28.297+0000] {processor.py:840} INFO - DAG(s) 'latest_only' retrieved from /home/airflow/.local/lib/python3.12/site-packages/airflow/example_dags/example_latest_only.py
[2025-01-30T09:15:28.318+0000] {logging_mixin.py:188} INFO - [2025-01-30T09:15:28.318+0000] {dag.py:3096} INFO - Sync 1 DAGs
[2025-01-30T09:15:28.347+0000] {logging_mixin.py:188} INFO - [2025-01-30T09:15:28.347+0000] {dag.py:3954} INFO - Setting next_dagrun for latest_only to 2025-01-30 04:00:00+00:00, run_after=2025-01-30 08:00:00+00:00
[2025-01-30T09:15:28.376+0000] {processor.py:183} INFO - Processing /home/airflow/.local/lib/python3.12/site-packages/airflow/example_dags/example_latest_only.py took 0.091 seconds
[2025-01-30T09:15:58.681+0000] {processor.py:161} INFO - Started process (PID=698) to work on /home/airflow/.local/lib/python3.12/site-packages/airflow/example_dags/example_latest_only.py
[2025-01-30T09:15:58.682+0000] {processor.py:830} INFO - Processing file /home/airflow/.local/lib/python3.12/site-packages/airflow/example_dags/example_latest_only.py for tasks to queue
[2025-01-30T09:15:58.685+0000] {logging_mixin.py:188} INFO - [2025-01-30T09:15:58.684+0000] {dagbag.py:545} INFO - Filling up the DagBag from /home/airflow/.local/lib/python3.12/site-packages/airflow/example_dags/example_latest_only.py
[2025-01-30T09:15:58.689+0000] {processor.py:840} INFO - DAG(s) 'latest_only' retrieved from /home/airflow/.local/lib/python3.12/site-packages/airflow/example_dags/example_latest_only.py
[2025-01-30T09:15:58.710+0000] {logging_mixin.py:188} INFO - [2025-01-30T09:15:58.709+0000] {dag.py:3096} INFO - Sync 1 DAGs
[2025-01-30T09:15:58.733+0000] {logging_mixin.py:188} INFO - [2025-01-30T09:15:58.733+0000] {dag.py:3954} INFO - Setting next_dagrun for latest_only to 2025-01-30 04:00:00+00:00, run_after=2025-01-30 08:00:00+00:00
[2025-01-30T09:15:58.757+0000] {processor.py:183} INFO - Processing /home/airflow/.local/lib/python3.12/site-packages/airflow/example_dags/example_latest_only.py took 0.081 seconds
[2025-01-30T09:16:29.427+0000] {processor.py:161} INFO - Started process (PID=756) to work on /home/airflow/.local/lib/python3.12/site-packages/airflow/example_dags/example_latest_only.py
[2025-01-30T09:16:29.428+0000] {processor.py:830} INFO - Processing file /home/airflow/.local/lib/python3.12/site-packages/airflow/example_dags/example_latest_only.py for tasks to queue
[2025-01-30T09:16:29.430+0000] {logging_mixin.py:188} INFO - [2025-01-30T09:16:29.430+0000] {dagbag.py:545} INFO - Filling up the DagBag from /home/airflow/.local/lib/python3.12/site-packages/airflow/example_dags/example_latest_only.py
[2025-01-30T09:16:29.434+0000] {processor.py:840} INFO - DAG(s) 'latest_only' retrieved from /home/airflow/.local/lib/python3.12/site-packages/airflow/example_dags/example_latest_only.py
[2025-01-30T09:16:29.455+0000] {logging_mixin.py:188} INFO - [2025-01-30T09:16:29.454+0000] {dag.py:3096} INFO - Sync 1 DAGs
[2025-01-30T09:16:29.479+0000] {logging_mixin.py:188} INFO - [2025-01-30T09:16:29.479+0000] {dag.py:3954} INFO - Setting next_dagrun for latest_only to 2025-01-30 04:00:00+00:00, run_after=2025-01-30 08:00:00+00:00
[2025-01-30T09:16:29.505+0000] {processor.py:183} INFO - Processing /home/airflow/.local/lib/python3.12/site-packages/airflow/example_dags/example_latest_only.py took 0.085 seconds
[2025-01-30T09:16:59.675+0000] {processor.py:161} INFO - Started process (PID=814) to work on /home/airflow/.local/lib/python3.12/site-packages/airflow/example_dags/example_latest_only.py
[2025-01-30T09:16:59.677+0000] {processor.py:830} INFO - Processing file /home/airflow/.local/lib/python3.12/site-packages/airflow/example_dags/example_latest_only.py for tasks to queue
[2025-01-30T09:16:59.679+0000] {logging_mixin.py:188} INFO - [2025-01-30T09:16:59.679+0000] {dagbag.py:545} INFO - Filling up the DagBag from /home/airflow/.local/lib/python3.12/site-packages/airflow/example_dags/example_latest_only.py
[2025-01-30T09:16:59.684+0000] {processor.py:840} INFO - DAG(s) 'latest_only' retrieved from /home/airflow/.local/lib/python3.12/site-packages/airflow/example_dags/example_latest_only.py
[2025-01-30T09:16:59.706+0000] {logging_mixin.py:188} INFO - [2025-01-30T09:16:59.705+0000] {dag.py:3096} INFO - Sync 1 DAGs
[2025-01-30T09:16:59.730+0000] {logging_mixin.py:188} INFO - [2025-01-30T09:16:59.729+0000] {dag.py:3954} INFO - Setting next_dagrun for latest_only to 2025-01-30 04:00:00+00:00, run_after=2025-01-30 08:00:00+00:00
[2025-01-30T09:16:59.752+0000] {processor.py:183} INFO - Processing /home/airflow/.local/lib/python3.12/site-packages/airflow/example_dags/example_latest_only.py took 0.082 seconds
[2025-01-30T09:17:30.147+0000] {processor.py:161} INFO - Started process (PID=872) to work on /home/airflow/.local/lib/python3.12/site-packages/airflow/example_dags/example_latest_only.py
[2025-01-30T09:17:30.148+0000] {processor.py:830} INFO - Processing file /home/airflow/.local/lib/python3.12/site-packages/airflow/example_dags/example_latest_only.py for tasks to queue
[2025-01-30T09:17:30.150+0000] {logging_mixin.py:188} INFO - [2025-01-30T09:17:30.150+0000] {dagbag.py:545} INFO - Filling up the DagBag from /home/airflow/.local/lib/python3.12/site-packages/airflow/example_dags/example_latest_only.py
[2025-01-30T09:17:30.155+0000] {processor.py:840} INFO - DAG(s) 'latest_only' retrieved from /home/airflow/.local/lib/python3.12/site-packages/airflow/example_dags/example_latest_only.py
[2025-01-30T09:17:30.177+0000] {logging_mixin.py:188} INFO - [2025-01-30T09:17:30.176+0000] {dag.py:3096} INFO - Sync 1 DAGs
[2025-01-30T09:17:30.200+0000] {logging_mixin.py:188} INFO - [2025-01-30T09:17:30.200+0000] {dag.py:3954} INFO - Setting next_dagrun for latest_only to 2025-01-30 04:00:00+00:00, run_after=2025-01-30 08:00:00+00:00
[2025-01-30T09:17:30.225+0000] {processor.py:183} INFO - Processing /home/airflow/.local/lib/python3.12/site-packages/airflow/example_dags/example_latest_only.py took 0.083 seconds
[2025-01-30T09:18:01.543+0000] {processor.py:161} INFO - Started process (PID=931) to work on /home/airflow/.local/lib/python3.12/site-packages/airflow/example_dags/example_latest_only.py
[2025-01-30T09:18:01.544+0000] {processor.py:830} INFO - Processing file /home/airflow/.local/lib/python3.12/site-packages/airflow/example_dags/example_latest_only.py for tasks to queue
[2025-01-30T09:18:01.545+0000] {logging_mixin.py:188} INFO - [2025-01-30T09:18:01.545+0000] {dagbag.py:545} INFO - Filling up the DagBag from /home/airflow/.local/lib/python3.12/site-packages/airflow/example_dags/example_latest_only.py
[2025-01-30T09:18:01.551+0000] {processor.py:840} INFO - DAG(s) 'latest_only' retrieved from /home/airflow/.local/lib/python3.12/site-packages/airflow/example_dags/example_latest_only.py
[2025-01-30T09:18:01.570+0000] {logging_mixin.py:188} INFO - [2025-01-30T09:18:01.570+0000] {dag.py:3096} INFO - Sync 1 DAGs
[2025-01-30T09:18:01.593+0000] {logging_mixin.py:188} INFO - [2025-01-30T09:18:01.593+0000] {dag.py:3954} INFO - Setting next_dagrun for latest_only to 2025-01-30 04:00:00+00:00, run_after=2025-01-30 08:00:00+00:00
[2025-01-30T09:18:01.618+0000] {processor.py:183} INFO - Processing /home/airflow/.local/lib/python3.12/site-packages/airflow/example_dags/example_latest_only.py took 0.080 seconds
[2025-01-30T09:20:19.984+0000] {processor.py:161} INFO - Started process (PID=115) to work on /home/airflow/.local/lib/python3.12/site-packages/airflow/example_dags/example_latest_only.py
[2025-01-30T09:20:19.985+0000] {processor.py:830} INFO - Processing file /home/airflow/.local/lib/python3.12/site-packages/airflow/example_dags/example_latest_only.py for tasks to queue
[2025-01-30T09:20:19.987+0000] {logging_mixin.py:188} INFO - [2025-01-30T09:20:19.987+0000] {dagbag.py:545} INFO - Filling up the DagBag from /home/airflow/.local/lib/python3.12/site-packages/airflow/example_dags/example_latest_only.py
[2025-01-30T09:20:19.993+0000] {processor.py:840} INFO - DAG(s) 'latest_only' retrieved from /home/airflow/.local/lib/python3.12/site-packages/airflow/example_dags/example_latest_only.py
[2025-01-30T09:20:20.122+0000] {logging_mixin.py:188} INFO - [2025-01-30T09:20:20.122+0000] {dag.py:3096} INFO - Sync 1 DAGs
[2025-01-30T09:20:20.146+0000] {logging_mixin.py:188} INFO - [2025-01-30T09:20:20.146+0000] {dag.py:3954} INFO - Setting next_dagrun for latest_only to 2025-01-30 04:00:00+00:00, run_after=2025-01-30 08:00:00+00:00
[2025-01-30T09:20:20.170+0000] {processor.py:183} INFO - Processing /home/airflow/.local/lib/python3.12/site-packages/airflow/example_dags/example_latest_only.py took 0.192 seconds
[2025-01-30T09:20:50.261+0000] {processor.py:161} INFO - Started process (PID=173) to work on /home/airflow/.local/lib/python3.12/site-packages/airflow/example_dags/example_latest_only.py
[2025-01-30T09:20:50.262+0000] {processor.py:830} INFO - Processing file /home/airflow/.local/lib/python3.12/site-packages/airflow/example_dags/example_latest_only.py for tasks to queue
[2025-01-30T09:20:50.263+0000] {logging_mixin.py:188} INFO - [2025-01-30T09:20:50.263+0000] {dagbag.py:545} INFO - Filling up the DagBag from /home/airflow/.local/lib/python3.12/site-packages/airflow/example_dags/example_latest_only.py
[2025-01-30T09:20:50.267+0000] {processor.py:840} INFO - DAG(s) 'latest_only' retrieved from /home/airflow/.local/lib/python3.12/site-packages/airflow/example_dags/example_latest_only.py
[2025-01-30T09:20:50.289+0000] {logging_mixin.py:188} INFO - [2025-01-30T09:20:50.288+0000] {dag.py:3096} INFO - Sync 1 DAGs
[2025-01-30T09:20:50.314+0000] {logging_mixin.py:188} INFO - [2025-01-30T09:20:50.314+0000] {dag.py:3954} INFO - Setting next_dagrun for latest_only to 2025-01-30 04:00:00+00:00, run_after=2025-01-30 08:00:00+00:00
[2025-01-30T09:20:50.339+0000] {processor.py:183} INFO - Processing /home/airflow/.local/lib/python3.12/site-packages/airflow/example_dags/example_latest_only.py took 0.084 seconds
[2025-01-30T09:21:21.214+0000] {processor.py:161} INFO - Started process (PID=231) to work on /home/airflow/.local/lib/python3.12/site-packages/airflow/example_dags/example_latest_only.py
[2025-01-30T09:21:21.216+0000] {processor.py:830} INFO - Processing file /home/airflow/.local/lib/python3.12/site-packages/airflow/example_dags/example_latest_only.py for tasks to queue
[2025-01-30T09:21:21.217+0000] {logging_mixin.py:188} INFO - [2025-01-30T09:21:21.217+0000] {dagbag.py:545} INFO - Filling up the DagBag from /home/airflow/.local/lib/python3.12/site-packages/airflow/example_dags/example_latest_only.py
[2025-01-30T09:21:21.223+0000] {processor.py:840} INFO - DAG(s) 'latest_only' retrieved from /home/airflow/.local/lib/python3.12/site-packages/airflow/example_dags/example_latest_only.py
[2025-01-30T09:21:21.244+0000] {logging_mixin.py:188} INFO - [2025-01-30T09:21:21.244+0000] {dag.py:3096} INFO - Sync 1 DAGs
[2025-01-30T09:21:21.268+0000] {logging_mixin.py:188} INFO - [2025-01-30T09:21:21.267+0000] {dag.py:3954} INFO - Setting next_dagrun for latest_only to 2025-01-30 04:00:00+00:00, run_after=2025-01-30 08:00:00+00:00
[2025-01-30T09:21:21.295+0000] {processor.py:183} INFO - Processing /home/airflow/.local/lib/python3.12/site-packages/airflow/example_dags/example_latest_only.py took 0.085 seconds
[2025-01-30T09:21:51.666+0000] {processor.py:161} INFO - Started process (PID=289) to work on /home/airflow/.local/lib/python3.12/site-packages/airflow/example_dags/example_latest_only.py
[2025-01-30T09:21:51.667+0000] {processor.py:830} INFO - Processing file /home/airflow/.local/lib/python3.12/site-packages/airflow/example_dags/example_latest_only.py for tasks to queue
[2025-01-30T09:21:51.669+0000] {logging_mixin.py:188} INFO - [2025-01-30T09:21:51.669+0000] {dagbag.py:545} INFO - Filling up the DagBag from /home/airflow/.local/lib/python3.12/site-packages/airflow/example_dags/example_latest_only.py
[2025-01-30T09:21:51.673+0000] {processor.py:840} INFO - DAG(s) 'latest_only' retrieved from /home/airflow/.local/lib/python3.12/site-packages/airflow/example_dags/example_latest_only.py
[2025-01-30T09:21:51.694+0000] {logging_mixin.py:188} INFO - [2025-01-30T09:21:51.694+0000] {dag.py:3096} INFO - Sync 1 DAGs
[2025-01-30T09:21:51.719+0000] {logging_mixin.py:188} INFO - [2025-01-30T09:21:51.719+0000] {dag.py:3954} INFO - Setting next_dagrun for latest_only to 2025-01-30 04:00:00+00:00, run_after=2025-01-30 08:00:00+00:00
[2025-01-30T09:21:51.743+0000] {processor.py:183} INFO - Processing /home/airflow/.local/lib/python3.12/site-packages/airflow/example_dags/example_latest_only.py took 0.082 seconds
[2025-01-30T09:22:21.797+0000] {processor.py:161} INFO - Started process (PID=348) to work on /home/airflow/.local/lib/python3.12/site-packages/airflow/example_dags/example_latest_only.py
[2025-01-30T09:22:21.799+0000] {processor.py:830} INFO - Processing file /home/airflow/.local/lib/python3.12/site-packages/airflow/example_dags/example_latest_only.py for tasks to queue
[2025-01-30T09:22:21.800+0000] {logging_mixin.py:188} INFO - [2025-01-30T09:22:21.800+0000] {dagbag.py:545} INFO - Filling up the DagBag from /home/airflow/.local/lib/python3.12/site-packages/airflow/example_dags/example_latest_only.py
[2025-01-30T09:22:21.805+0000] {processor.py:840} INFO - DAG(s) 'latest_only' retrieved from /home/airflow/.local/lib/python3.12/site-packages/airflow/example_dags/example_latest_only.py
[2025-01-30T09:22:21.827+0000] {logging_mixin.py:188} INFO - [2025-01-30T09:22:21.826+0000] {dag.py:3096} INFO - Sync 1 DAGs
[2025-01-30T09:22:21.851+0000] {logging_mixin.py:188} INFO - [2025-01-30T09:22:21.851+0000] {dag.py:3954} INFO - Setting next_dagrun for latest_only to 2025-01-30 04:00:00+00:00, run_after=2025-01-30 08:00:00+00:00
[2025-01-30T09:22:21.878+0000] {processor.py:183} INFO - Processing /home/airflow/.local/lib/python3.12/site-packages/airflow/example_dags/example_latest_only.py took 0.085 seconds
[2025-01-30T09:22:52.573+0000] {processor.py:161} INFO - Started process (PID=406) to work on /home/airflow/.local/lib/python3.12/site-packages/airflow/example_dags/example_latest_only.py
[2025-01-30T09:22:52.574+0000] {processor.py:830} INFO - Processing file /home/airflow/.local/lib/python3.12/site-packages/airflow/example_dags/example_latest_only.py for tasks to queue
[2025-01-30T09:22:52.576+0000] {logging_mixin.py:188} INFO - [2025-01-30T09:22:52.576+0000] {dagbag.py:545} INFO - Filling up the DagBag from /home/airflow/.local/lib/python3.12/site-packages/airflow/example_dags/example_latest_only.py
[2025-01-30T09:22:52.581+0000] {processor.py:840} INFO - DAG(s) 'latest_only' retrieved from /home/airflow/.local/lib/python3.12/site-packages/airflow/example_dags/example_latest_only.py
[2025-01-30T09:22:52.604+0000] {logging_mixin.py:188} INFO - [2025-01-30T09:22:52.604+0000] {dag.py:3096} INFO - Sync 1 DAGs
[2025-01-30T09:22:52.628+0000] {logging_mixin.py:188} INFO - [2025-01-30T09:22:52.628+0000] {dag.py:3954} INFO - Setting next_dagrun for latest_only to 2025-01-30 04:00:00+00:00, run_after=2025-01-30 08:00:00+00:00
[2025-01-30T09:22:52.654+0000] {processor.py:183} INFO - Processing /home/airflow/.local/lib/python3.12/site-packages/airflow/example_dags/example_latest_only.py took 0.086 seconds
[2025-01-30T09:23:23.142+0000] {processor.py:161} INFO - Started process (PID=464) to work on /home/airflow/.local/lib/python3.12/site-packages/airflow/example_dags/example_latest_only.py
[2025-01-30T09:23:23.144+0000] {processor.py:830} INFO - Processing file /home/airflow/.local/lib/python3.12/site-packages/airflow/example_dags/example_latest_only.py for tasks to queue
[2025-01-30T09:23:23.145+0000] {logging_mixin.py:188} INFO - [2025-01-30T09:23:23.145+0000] {dagbag.py:545} INFO - Filling up the DagBag from /home/airflow/.local/lib/python3.12/site-packages/airflow/example_dags/example_latest_only.py
[2025-01-30T09:23:23.149+0000] {processor.py:840} INFO - DAG(s) 'latest_only' retrieved from /home/airflow/.local/lib/python3.12/site-packages/airflow/example_dags/example_latest_only.py
[2025-01-30T09:23:23.170+0000] {logging_mixin.py:188} INFO - [2025-01-30T09:23:23.169+0000] {dag.py:3096} INFO - Sync 1 DAGs
[2025-01-30T09:23:23.193+0000] {logging_mixin.py:188} INFO - [2025-01-30T09:23:23.193+0000] {dag.py:3954} INFO - Setting next_dagrun for latest_only to 2025-01-30 04:00:00+00:00, run_after=2025-01-30 08:00:00+00:00
[2025-01-30T09:23:23.216+0000] {processor.py:183} INFO - Processing /home/airflow/.local/lib/python3.12/site-packages/airflow/example_dags/example_latest_only.py took 0.078 seconds
[2025-01-30T09:23:53.876+0000] {processor.py:161} INFO - Started process (PID=522) to work on /home/airflow/.local/lib/python3.12/site-packages/airflow/example_dags/example_latest_only.py
[2025-01-30T09:23:53.879+0000] {processor.py:830} INFO - Processing file /home/airflow/.local/lib/python3.12/site-packages/airflow/example_dags/example_latest_only.py for tasks to queue
[2025-01-30T09:23:53.881+0000] {logging_mixin.py:188} INFO - [2025-01-30T09:23:53.881+0000] {dagbag.py:545} INFO - Filling up the DagBag from /home/airflow/.local/lib/python3.12/site-packages/airflow/example_dags/example_latest_only.py
[2025-01-30T09:23:53.887+0000] {processor.py:840} INFO - DAG(s) 'latest_only' retrieved from /home/airflow/.local/lib/python3.12/site-packages/airflow/example_dags/example_latest_only.py
[2025-01-30T09:23:53.914+0000] {logging_mixin.py:188} INFO - [2025-01-30T09:23:53.914+0000] {dag.py:3096} INFO - Sync 1 DAGs
[2025-01-30T09:23:53.948+0000] {logging_mixin.py:188} INFO - [2025-01-30T09:23:53.947+0000] {dag.py:3954} INFO - Setting next_dagrun for latest_only to 2025-01-30 04:00:00+00:00, run_after=2025-01-30 08:00:00+00:00
[2025-01-30T09:23:53.982+0000] {processor.py:183} INFO - Processing /home/airflow/.local/lib/python3.12/site-packages/airflow/example_dags/example_latest_only.py took 0.112 seconds
[2025-01-30T09:24:24.297+0000] {processor.py:161} INFO - Started process (PID=580) to work on /home/airflow/.local/lib/python3.12/site-packages/airflow/example_dags/example_latest_only.py
[2025-01-30T09:24:24.298+0000] {processor.py:830} INFO - Processing file /home/airflow/.local/lib/python3.12/site-packages/airflow/example_dags/example_latest_only.py for tasks to queue
[2025-01-30T09:24:24.300+0000] {logging_mixin.py:188} INFO - [2025-01-30T09:24:24.299+0000] {dagbag.py:545} INFO - Filling up the DagBag from /home/airflow/.local/lib/python3.12/site-packages/airflow/example_dags/example_latest_only.py
[2025-01-30T09:24:24.304+0000] {processor.py:840} INFO - DAG(s) 'latest_only' retrieved from /home/airflow/.local/lib/python3.12/site-packages/airflow/example_dags/example_latest_only.py
[2025-01-30T09:24:24.329+0000] {logging_mixin.py:188} INFO - [2025-01-30T09:24:24.329+0000] {dag.py:3096} INFO - Sync 1 DAGs
[2025-01-30T09:24:24.357+0000] {logging_mixin.py:188} INFO - [2025-01-30T09:24:24.357+0000] {dag.py:3954} INFO - Setting next_dagrun for latest_only to 2025-01-30 04:00:00+00:00, run_after=2025-01-30 08:00:00+00:00
[2025-01-30T09:24:24.391+0000] {processor.py:183} INFO - Processing /home/airflow/.local/lib/python3.12/site-packages/airflow/example_dags/example_latest_only.py took 0.101 seconds
[2025-01-30T09:24:54.445+0000] {processor.py:161} INFO - Started process (PID=638) to work on /home/airflow/.local/lib/python3.12/site-packages/airflow/example_dags/example_latest_only.py
[2025-01-30T09:24:54.447+0000] {processor.py:830} INFO - Processing file /home/airflow/.local/lib/python3.12/site-packages/airflow/example_dags/example_latest_only.py for tasks to queue
[2025-01-30T09:24:54.450+0000] {logging_mixin.py:188} INFO - [2025-01-30T09:24:54.449+0000] {dagbag.py:545} INFO - Filling up the DagBag from /home/airflow/.local/lib/python3.12/site-packages/airflow/example_dags/example_latest_only.py
[2025-01-30T09:24:54.454+0000] {processor.py:840} INFO - DAG(s) 'latest_only' retrieved from /home/airflow/.local/lib/python3.12/site-packages/airflow/example_dags/example_latest_only.py
[2025-01-30T09:24:54.477+0000] {logging_mixin.py:188} INFO - [2025-01-30T09:24:54.476+0000] {dag.py:3096} INFO - Sync 1 DAGs
[2025-01-30T09:24:54.502+0000] {logging_mixin.py:188} INFO - [2025-01-30T09:24:54.502+0000] {dag.py:3954} INFO - Setting next_dagrun for latest_only to 2025-01-30 04:00:00+00:00, run_after=2025-01-30 08:00:00+00:00
[2025-01-30T09:24:54.526+0000] {processor.py:183} INFO - Processing /home/airflow/.local/lib/python3.12/site-packages/airflow/example_dags/example_latest_only.py took 0.086 seconds
