[2025-01-30T08:43:52.098+0000] {processor.py:161} INFO - Started process (PID=79) to work on /home/airflow/.local/lib/python3.12/site-packages/airflow/example_dags/example_branch_labels.py
[2025-01-30T08:43:52.099+0000] {processor.py:830} INFO - Processing file /home/airflow/.local/lib/python3.12/site-packages/airflow/example_dags/example_branch_labels.py for tasks to queue
[2025-01-30T08:43:52.101+0000] {logging_mixin.py:188} INFO - [2025-01-30T08:43:52.101+0000] {dagbag.py:545} INFO - Filling up the DagBag from /home/airflow/.local/lib/python3.12/site-packages/airflow/example_dags/example_branch_labels.py
[2025-01-30T08:43:52.112+0000] {processor.py:840} INFO - DAG(s) 'example_branch_labels' retrieved from /home/airflow/.local/lib/python3.12/site-packages/airflow/example_dags/example_branch_labels.py
[2025-01-30T08:43:52.249+0000] {logging_mixin.py:188} INFO - [2025-01-30T08:43:52.248+0000] {dag.py:3096} INFO - Sync 1 DAGs
[2025-01-30T08:43:52.272+0000] {logging_mixin.py:188} INFO - [2025-01-30T08:43:52.271+0000] {dag.py:3954} INFO - Setting next_dagrun for example_branch_labels to 2025-01-29 00:00:00+00:00, run_after=2025-01-30 00:00:00+00:00
[2025-01-30T08:43:52.295+0000] {processor.py:183} INFO - Processing /home/airflow/.local/lib/python3.12/site-packages/airflow/example_dags/example_branch_labels.py took 0.202 seconds
[2025-01-30T08:44:23.059+0000] {processor.py:161} INFO - Started process (PID=143) to work on /home/airflow/.local/lib/python3.12/site-packages/airflow/example_dags/example_branch_labels.py
[2025-01-30T08:44:23.061+0000] {processor.py:830} INFO - Processing file /home/airflow/.local/lib/python3.12/site-packages/airflow/example_dags/example_branch_labels.py for tasks to queue
[2025-01-30T08:44:23.063+0000] {logging_mixin.py:188} INFO - [2025-01-30T08:44:23.062+0000] {dagbag.py:545} INFO - Filling up the DagBag from /home/airflow/.local/lib/python3.12/site-packages/airflow/example_dags/example_branch_labels.py
[2025-01-30T08:44:23.071+0000] {processor.py:840} INFO - DAG(s) 'example_branch_labels' retrieved from /home/airflow/.local/lib/python3.12/site-packages/airflow/example_dags/example_branch_labels.py
[2025-01-30T08:44:23.098+0000] {logging_mixin.py:188} INFO - [2025-01-30T08:44:23.097+0000] {dag.py:3096} INFO - Sync 1 DAGs
[2025-01-30T08:44:23.125+0000] {logging_mixin.py:188} INFO - [2025-01-30T08:44:23.124+0000] {dag.py:3954} INFO - Setting next_dagrun for example_branch_labels to 2025-01-29 00:00:00+00:00, run_after=2025-01-30 00:00:00+00:00
[2025-01-30T08:44:23.151+0000] {processor.py:183} INFO - Processing /home/airflow/.local/lib/python3.12/site-packages/airflow/example_dags/example_branch_labels.py took 0.098 seconds
[2025-01-30T08:44:53.285+0000] {processor.py:161} INFO - Started process (PID=201) to work on /home/airflow/.local/lib/python3.12/site-packages/airflow/example_dags/example_branch_labels.py
[2025-01-30T08:44:53.286+0000] {processor.py:830} INFO - Processing file /home/airflow/.local/lib/python3.12/site-packages/airflow/example_dags/example_branch_labels.py for tasks to queue
[2025-01-30T08:44:53.288+0000] {logging_mixin.py:188} INFO - [2025-01-30T08:44:53.288+0000] {dagbag.py:545} INFO - Filling up the DagBag from /home/airflow/.local/lib/python3.12/site-packages/airflow/example_dags/example_branch_labels.py
[2025-01-30T08:44:53.299+0000] {processor.py:840} INFO - DAG(s) 'example_branch_labels' retrieved from /home/airflow/.local/lib/python3.12/site-packages/airflow/example_dags/example_branch_labels.py
[2025-01-30T08:44:53.325+0000] {logging_mixin.py:188} INFO - [2025-01-30T08:44:53.323+0000] {dag.py:3096} INFO - Sync 1 DAGs
[2025-01-30T08:44:53.352+0000] {logging_mixin.py:188} INFO - [2025-01-30T08:44:53.351+0000] {dag.py:3954} INFO - Setting next_dagrun for example_branch_labels to 2025-01-29 00:00:00+00:00, run_after=2025-01-30 00:00:00+00:00
[2025-01-30T08:44:53.377+0000] {processor.py:183} INFO - Processing /home/airflow/.local/lib/python3.12/site-packages/airflow/example_dags/example_branch_labels.py took 0.098 seconds
[2025-01-30T08:45:23.412+0000] {processor.py:161} INFO - Started process (PID=259) to work on /home/airflow/.local/lib/python3.12/site-packages/airflow/example_dags/example_branch_labels.py
[2025-01-30T08:45:23.413+0000] {processor.py:830} INFO - Processing file /home/airflow/.local/lib/python3.12/site-packages/airflow/example_dags/example_branch_labels.py for tasks to queue
[2025-01-30T08:45:23.415+0000] {logging_mixin.py:188} INFO - [2025-01-30T08:45:23.414+0000] {dagbag.py:545} INFO - Filling up the DagBag from /home/airflow/.local/lib/python3.12/site-packages/airflow/example_dags/example_branch_labels.py
[2025-01-30T08:45:23.421+0000] {processor.py:840} INFO - DAG(s) 'example_branch_labels' retrieved from /home/airflow/.local/lib/python3.12/site-packages/airflow/example_dags/example_branch_labels.py
[2025-01-30T08:45:23.445+0000] {logging_mixin.py:188} INFO - [2025-01-30T08:45:23.444+0000] {dag.py:3096} INFO - Sync 1 DAGs
[2025-01-30T08:45:23.469+0000] {logging_mixin.py:188} INFO - [2025-01-30T08:45:23.468+0000] {dag.py:3954} INFO - Setting next_dagrun for example_branch_labels to 2025-01-29 00:00:00+00:00, run_after=2025-01-30 00:00:00+00:00
[2025-01-30T08:45:23.491+0000] {processor.py:183} INFO - Processing /home/airflow/.local/lib/python3.12/site-packages/airflow/example_dags/example_branch_labels.py took 0.084 seconds
[2025-01-30T08:45:53.622+0000] {processor.py:161} INFO - Started process (PID=317) to work on /home/airflow/.local/lib/python3.12/site-packages/airflow/example_dags/example_branch_labels.py
[2025-01-30T08:45:53.623+0000] {processor.py:830} INFO - Processing file /home/airflow/.local/lib/python3.12/site-packages/airflow/example_dags/example_branch_labels.py for tasks to queue
[2025-01-30T08:45:53.625+0000] {logging_mixin.py:188} INFO - [2025-01-30T08:45:53.625+0000] {dagbag.py:545} INFO - Filling up the DagBag from /home/airflow/.local/lib/python3.12/site-packages/airflow/example_dags/example_branch_labels.py
[2025-01-30T08:45:53.632+0000] {processor.py:840} INFO - DAG(s) 'example_branch_labels' retrieved from /home/airflow/.local/lib/python3.12/site-packages/airflow/example_dags/example_branch_labels.py
[2025-01-30T08:45:53.654+0000] {logging_mixin.py:188} INFO - [2025-01-30T08:45:53.654+0000] {dag.py:3096} INFO - Sync 1 DAGs
[2025-01-30T08:45:53.682+0000] {logging_mixin.py:188} INFO - [2025-01-30T08:45:53.682+0000] {dag.py:3954} INFO - Setting next_dagrun for example_branch_labels to 2025-01-29 00:00:00+00:00, run_after=2025-01-30 00:00:00+00:00
[2025-01-30T08:45:53.705+0000] {processor.py:183} INFO - Processing /home/airflow/.local/lib/python3.12/site-packages/airflow/example_dags/example_branch_labels.py took 0.088 seconds
[2025-01-30T08:46:24.138+0000] {processor.py:161} INFO - Started process (PID=374) to work on /home/airflow/.local/lib/python3.12/site-packages/airflow/example_dags/example_branch_labels.py
[2025-01-30T08:46:24.139+0000] {processor.py:830} INFO - Processing file /home/airflow/.local/lib/python3.12/site-packages/airflow/example_dags/example_branch_labels.py for tasks to queue
[2025-01-30T08:46:24.142+0000] {logging_mixin.py:188} INFO - [2025-01-30T08:46:24.141+0000] {dagbag.py:545} INFO - Filling up the DagBag from /home/airflow/.local/lib/python3.12/site-packages/airflow/example_dags/example_branch_labels.py
[2025-01-30T08:46:24.151+0000] {processor.py:840} INFO - DAG(s) 'example_branch_labels' retrieved from /home/airflow/.local/lib/python3.12/site-packages/airflow/example_dags/example_branch_labels.py
[2025-01-30T08:46:24.174+0000] {logging_mixin.py:188} INFO - [2025-01-30T08:46:24.174+0000] {dag.py:3096} INFO - Sync 1 DAGs
[2025-01-30T08:46:24.200+0000] {logging_mixin.py:188} INFO - [2025-01-30T08:46:24.200+0000] {dag.py:3954} INFO - Setting next_dagrun for example_branch_labels to 2025-01-29 00:00:00+00:00, run_after=2025-01-30 00:00:00+00:00
[2025-01-30T08:46:24.224+0000] {processor.py:183} INFO - Processing /home/airflow/.local/lib/python3.12/site-packages/airflow/example_dags/example_branch_labels.py took 0.091 seconds
[2025-01-30T08:46:54.584+0000] {processor.py:161} INFO - Started process (PID=432) to work on /home/airflow/.local/lib/python3.12/site-packages/airflow/example_dags/example_branch_labels.py
[2025-01-30T08:46:54.585+0000] {processor.py:830} INFO - Processing file /home/airflow/.local/lib/python3.12/site-packages/airflow/example_dags/example_branch_labels.py for tasks to queue
[2025-01-30T08:46:54.587+0000] {logging_mixin.py:188} INFO - [2025-01-30T08:46:54.587+0000] {dagbag.py:545} INFO - Filling up the DagBag from /home/airflow/.local/lib/python3.12/site-packages/airflow/example_dags/example_branch_labels.py
[2025-01-30T08:46:54.594+0000] {processor.py:840} INFO - DAG(s) 'example_branch_labels' retrieved from /home/airflow/.local/lib/python3.12/site-packages/airflow/example_dags/example_branch_labels.py
[2025-01-30T08:46:54.616+0000] {logging_mixin.py:188} INFO - [2025-01-30T08:46:54.616+0000] {dag.py:3096} INFO - Sync 1 DAGs
[2025-01-30T08:46:54.640+0000] {logging_mixin.py:188} INFO - [2025-01-30T08:46:54.640+0000] {dag.py:3954} INFO - Setting next_dagrun for example_branch_labels to 2025-01-29 00:00:00+00:00, run_after=2025-01-30 00:00:00+00:00
[2025-01-30T08:46:54.663+0000] {processor.py:183} INFO - Processing /home/airflow/.local/lib/python3.12/site-packages/airflow/example_dags/example_branch_labels.py took 0.085 seconds
[2025-01-30T08:47:25.092+0000] {processor.py:161} INFO - Started process (PID=490) to work on /home/airflow/.local/lib/python3.12/site-packages/airflow/example_dags/example_branch_labels.py
[2025-01-30T08:47:25.093+0000] {processor.py:830} INFO - Processing file /home/airflow/.local/lib/python3.12/site-packages/airflow/example_dags/example_branch_labels.py for tasks to queue
[2025-01-30T08:47:25.097+0000] {logging_mixin.py:188} INFO - [2025-01-30T08:47:25.096+0000] {dagbag.py:545} INFO - Filling up the DagBag from /home/airflow/.local/lib/python3.12/site-packages/airflow/example_dags/example_branch_labels.py
[2025-01-30T08:47:25.105+0000] {processor.py:840} INFO - DAG(s) 'example_branch_labels' retrieved from /home/airflow/.local/lib/python3.12/site-packages/airflow/example_dags/example_branch_labels.py
[2025-01-30T08:47:25.126+0000] {logging_mixin.py:188} INFO - [2025-01-30T08:47:25.126+0000] {dag.py:3096} INFO - Sync 1 DAGs
[2025-01-30T08:47:25.149+0000] {logging_mixin.py:188} INFO - [2025-01-30T08:47:25.149+0000] {dag.py:3954} INFO - Setting next_dagrun for example_branch_labels to 2025-01-29 00:00:00+00:00, run_after=2025-01-30 00:00:00+00:00
[2025-01-30T08:47:25.173+0000] {processor.py:183} INFO - Processing /home/airflow/.local/lib/python3.12/site-packages/airflow/example_dags/example_branch_labels.py took 0.088 seconds
[2025-01-30T08:47:55.397+0000] {processor.py:161} INFO - Started process (PID=548) to work on /home/airflow/.local/lib/python3.12/site-packages/airflow/example_dags/example_branch_labels.py
[2025-01-30T08:47:55.398+0000] {processor.py:830} INFO - Processing file /home/airflow/.local/lib/python3.12/site-packages/airflow/example_dags/example_branch_labels.py for tasks to queue
[2025-01-30T08:47:55.401+0000] {logging_mixin.py:188} INFO - [2025-01-30T08:47:55.400+0000] {dagbag.py:545} INFO - Filling up the DagBag from /home/airflow/.local/lib/python3.12/site-packages/airflow/example_dags/example_branch_labels.py
[2025-01-30T08:47:55.409+0000] {processor.py:840} INFO - DAG(s) 'example_branch_labels' retrieved from /home/airflow/.local/lib/python3.12/site-packages/airflow/example_dags/example_branch_labels.py
[2025-01-30T08:47:55.432+0000] {logging_mixin.py:188} INFO - [2025-01-30T08:47:55.432+0000] {dag.py:3096} INFO - Sync 1 DAGs
[2025-01-30T08:47:55.463+0000] {logging_mixin.py:188} INFO - [2025-01-30T08:47:55.462+0000] {dag.py:3954} INFO - Setting next_dagrun for example_branch_labels to 2025-01-29 00:00:00+00:00, run_after=2025-01-30 00:00:00+00:00
[2025-01-30T08:47:55.501+0000] {processor.py:183} INFO - Processing /home/airflow/.local/lib/python3.12/site-packages/airflow/example_dags/example_branch_labels.py took 0.109 seconds
[2025-01-30T08:48:25.830+0000] {processor.py:161} INFO - Started process (PID=606) to work on /home/airflow/.local/lib/python3.12/site-packages/airflow/example_dags/example_branch_labels.py
[2025-01-30T08:48:25.831+0000] {processor.py:830} INFO - Processing file /home/airflow/.local/lib/python3.12/site-packages/airflow/example_dags/example_branch_labels.py for tasks to queue
[2025-01-30T08:48:25.834+0000] {logging_mixin.py:188} INFO - [2025-01-30T08:48:25.833+0000] {dagbag.py:545} INFO - Filling up the DagBag from /home/airflow/.local/lib/python3.12/site-packages/airflow/example_dags/example_branch_labels.py
[2025-01-30T08:48:25.844+0000] {processor.py:840} INFO - DAG(s) 'example_branch_labels' retrieved from /home/airflow/.local/lib/python3.12/site-packages/airflow/example_dags/example_branch_labels.py
[2025-01-30T08:48:25.866+0000] {logging_mixin.py:188} INFO - [2025-01-30T08:48:25.866+0000] {dag.py:3096} INFO - Sync 1 DAGs
[2025-01-30T08:48:25.897+0000] {logging_mixin.py:188} INFO - [2025-01-30T08:48:25.897+0000] {dag.py:3954} INFO - Setting next_dagrun for example_branch_labels to 2025-01-29 00:00:00+00:00, run_after=2025-01-30 00:00:00+00:00
[2025-01-30T08:48:25.919+0000] {processor.py:183} INFO - Processing /home/airflow/.local/lib/python3.12/site-packages/airflow/example_dags/example_branch_labels.py took 0.093 seconds
[2025-01-30T08:48:55.989+0000] {processor.py:161} INFO - Started process (PID=664) to work on /home/airflow/.local/lib/python3.12/site-packages/airflow/example_dags/example_branch_labels.py
[2025-01-30T08:48:55.990+0000] {processor.py:830} INFO - Processing file /home/airflow/.local/lib/python3.12/site-packages/airflow/example_dags/example_branch_labels.py for tasks to queue
[2025-01-30T08:48:55.992+0000] {logging_mixin.py:188} INFO - [2025-01-30T08:48:55.991+0000] {dagbag.py:545} INFO - Filling up the DagBag from /home/airflow/.local/lib/python3.12/site-packages/airflow/example_dags/example_branch_labels.py
[2025-01-30T08:48:56.001+0000] {processor.py:840} INFO - DAG(s) 'example_branch_labels' retrieved from /home/airflow/.local/lib/python3.12/site-packages/airflow/example_dags/example_branch_labels.py
[2025-01-30T08:48:56.026+0000] {logging_mixin.py:188} INFO - [2025-01-30T08:48:56.026+0000] {dag.py:3096} INFO - Sync 1 DAGs
[2025-01-30T08:48:56.051+0000] {logging_mixin.py:188} INFO - [2025-01-30T08:48:56.051+0000] {dag.py:3954} INFO - Setting next_dagrun for example_branch_labels to 2025-01-29 00:00:00+00:00, run_after=2025-01-30 00:00:00+00:00
[2025-01-30T08:48:56.075+0000] {processor.py:183} INFO - Processing /home/airflow/.local/lib/python3.12/site-packages/airflow/example_dags/example_branch_labels.py took 0.092 seconds
[2025-01-30T08:49:26.458+0000] {processor.py:161} INFO - Started process (PID=722) to work on /home/airflow/.local/lib/python3.12/site-packages/airflow/example_dags/example_branch_labels.py
[2025-01-30T08:49:26.459+0000] {processor.py:830} INFO - Processing file /home/airflow/.local/lib/python3.12/site-packages/airflow/example_dags/example_branch_labels.py for tasks to queue
[2025-01-30T08:49:26.461+0000] {logging_mixin.py:188} INFO - [2025-01-30T08:49:26.461+0000] {dagbag.py:545} INFO - Filling up the DagBag from /home/airflow/.local/lib/python3.12/site-packages/airflow/example_dags/example_branch_labels.py
[2025-01-30T08:49:26.470+0000] {processor.py:840} INFO - DAG(s) 'example_branch_labels' retrieved from /home/airflow/.local/lib/python3.12/site-packages/airflow/example_dags/example_branch_labels.py
[2025-01-30T08:49:26.490+0000] {logging_mixin.py:188} INFO - [2025-01-30T08:49:26.490+0000] {dag.py:3096} INFO - Sync 1 DAGs
[2025-01-30T08:49:26.513+0000] {logging_mixin.py:188} INFO - [2025-01-30T08:49:26.513+0000] {dag.py:3954} INFO - Setting next_dagrun for example_branch_labels to 2025-01-29 00:00:00+00:00, run_after=2025-01-30 00:00:00+00:00
[2025-01-30T08:49:26.537+0000] {processor.py:183} INFO - Processing /home/airflow/.local/lib/python3.12/site-packages/airflow/example_dags/example_branch_labels.py took 0.084 seconds
[2025-01-30T08:49:56.769+0000] {processor.py:161} INFO - Started process (PID=780) to work on /home/airflow/.local/lib/python3.12/site-packages/airflow/example_dags/example_branch_labels.py
[2025-01-30T08:49:56.769+0000] {processor.py:830} INFO - Processing file /home/airflow/.local/lib/python3.12/site-packages/airflow/example_dags/example_branch_labels.py for tasks to queue
[2025-01-30T08:49:56.772+0000] {logging_mixin.py:188} INFO - [2025-01-30T08:49:56.771+0000] {dagbag.py:545} INFO - Filling up the DagBag from /home/airflow/.local/lib/python3.12/site-packages/airflow/example_dags/example_branch_labels.py
[2025-01-30T08:49:56.780+0000] {processor.py:840} INFO - DAG(s) 'example_branch_labels' retrieved from /home/airflow/.local/lib/python3.12/site-packages/airflow/example_dags/example_branch_labels.py
[2025-01-30T08:49:56.801+0000] {logging_mixin.py:188} INFO - [2025-01-30T08:49:56.801+0000] {dag.py:3096} INFO - Sync 1 DAGs
[2025-01-30T08:49:56.829+0000] {logging_mixin.py:188} INFO - [2025-01-30T08:49:56.829+0000] {dag.py:3954} INFO - Setting next_dagrun for example_branch_labels to 2025-01-29 00:00:00+00:00, run_after=2025-01-30 00:00:00+00:00
[2025-01-30T08:49:56.854+0000] {processor.py:183} INFO - Processing /home/airflow/.local/lib/python3.12/site-packages/airflow/example_dags/example_branch_labels.py took 0.091 seconds
[2025-01-30T08:50:27.255+0000] {processor.py:161} INFO - Started process (PID=838) to work on /home/airflow/.local/lib/python3.12/site-packages/airflow/example_dags/example_branch_labels.py
[2025-01-30T08:50:27.256+0000] {processor.py:830} INFO - Processing file /home/airflow/.local/lib/python3.12/site-packages/airflow/example_dags/example_branch_labels.py for tasks to queue
[2025-01-30T08:50:27.258+0000] {logging_mixin.py:188} INFO - [2025-01-30T08:50:27.258+0000] {dagbag.py:545} INFO - Filling up the DagBag from /home/airflow/.local/lib/python3.12/site-packages/airflow/example_dags/example_branch_labels.py
[2025-01-30T08:50:27.266+0000] {processor.py:840} INFO - DAG(s) 'example_branch_labels' retrieved from /home/airflow/.local/lib/python3.12/site-packages/airflow/example_dags/example_branch_labels.py
[2025-01-30T08:50:27.288+0000] {logging_mixin.py:188} INFO - [2025-01-30T08:50:27.288+0000] {dag.py:3096} INFO - Sync 1 DAGs
[2025-01-30T08:50:27.313+0000] {logging_mixin.py:188} INFO - [2025-01-30T08:50:27.312+0000] {dag.py:3954} INFO - Setting next_dagrun for example_branch_labels to 2025-01-29 00:00:00+00:00, run_after=2025-01-30 00:00:00+00:00
[2025-01-30T08:50:27.334+0000] {processor.py:183} INFO - Processing /home/airflow/.local/lib/python3.12/site-packages/airflow/example_dags/example_branch_labels.py took 0.085 seconds
[2025-01-30T08:50:57.808+0000] {processor.py:161} INFO - Started process (PID=896) to work on /home/airflow/.local/lib/python3.12/site-packages/airflow/example_dags/example_branch_labels.py
[2025-01-30T08:50:57.809+0000] {processor.py:830} INFO - Processing file /home/airflow/.local/lib/python3.12/site-packages/airflow/example_dags/example_branch_labels.py for tasks to queue
[2025-01-30T08:50:57.811+0000] {logging_mixin.py:188} INFO - [2025-01-30T08:50:57.811+0000] {dagbag.py:545} INFO - Filling up the DagBag from /home/airflow/.local/lib/python3.12/site-packages/airflow/example_dags/example_branch_labels.py
[2025-01-30T08:50:57.818+0000] {processor.py:840} INFO - DAG(s) 'example_branch_labels' retrieved from /home/airflow/.local/lib/python3.12/site-packages/airflow/example_dags/example_branch_labels.py
[2025-01-30T08:50:57.839+0000] {logging_mixin.py:188} INFO - [2025-01-30T08:50:57.838+0000] {dag.py:3096} INFO - Sync 1 DAGs
[2025-01-30T08:50:57.862+0000] {logging_mixin.py:188} INFO - [2025-01-30T08:50:57.862+0000] {dag.py:3954} INFO - Setting next_dagrun for example_branch_labels to 2025-01-29 00:00:00+00:00, run_after=2025-01-30 00:00:00+00:00
[2025-01-30T08:50:57.888+0000] {processor.py:183} INFO - Processing /home/airflow/.local/lib/python3.12/site-packages/airflow/example_dags/example_branch_labels.py took 0.084 seconds
[2025-01-30T08:51:28.049+0000] {processor.py:161} INFO - Started process (PID=954) to work on /home/airflow/.local/lib/python3.12/site-packages/airflow/example_dags/example_branch_labels.py
[2025-01-30T08:51:28.050+0000] {processor.py:830} INFO - Processing file /home/airflow/.local/lib/python3.12/site-packages/airflow/example_dags/example_branch_labels.py for tasks to queue
[2025-01-30T08:51:28.052+0000] {logging_mixin.py:188} INFO - [2025-01-30T08:51:28.052+0000] {dagbag.py:545} INFO - Filling up the DagBag from /home/airflow/.local/lib/python3.12/site-packages/airflow/example_dags/example_branch_labels.py
[2025-01-30T08:51:28.059+0000] {processor.py:840} INFO - DAG(s) 'example_branch_labels' retrieved from /home/airflow/.local/lib/python3.12/site-packages/airflow/example_dags/example_branch_labels.py
[2025-01-30T08:51:28.084+0000] {logging_mixin.py:188} INFO - [2025-01-30T08:51:28.083+0000] {dag.py:3096} INFO - Sync 1 DAGs
[2025-01-30T08:51:28.109+0000] {logging_mixin.py:188} INFO - [2025-01-30T08:51:28.109+0000] {dag.py:3954} INFO - Setting next_dagrun for example_branch_labels to 2025-01-29 00:00:00+00:00, run_after=2025-01-30 00:00:00+00:00
[2025-01-30T08:51:28.135+0000] {processor.py:183} INFO - Processing /home/airflow/.local/lib/python3.12/site-packages/airflow/example_dags/example_branch_labels.py took 0.092 seconds
[2025-01-30T08:51:58.399+0000] {processor.py:161} INFO - Started process (PID=1012) to work on /home/airflow/.local/lib/python3.12/site-packages/airflow/example_dags/example_branch_labels.py
[2025-01-30T08:51:58.400+0000] {processor.py:830} INFO - Processing file /home/airflow/.local/lib/python3.12/site-packages/airflow/example_dags/example_branch_labels.py for tasks to queue
[2025-01-30T08:51:58.402+0000] {logging_mixin.py:188} INFO - [2025-01-30T08:51:58.401+0000] {dagbag.py:545} INFO - Filling up the DagBag from /home/airflow/.local/lib/python3.12/site-packages/airflow/example_dags/example_branch_labels.py
[2025-01-30T08:51:58.408+0000] {processor.py:840} INFO - DAG(s) 'example_branch_labels' retrieved from /home/airflow/.local/lib/python3.12/site-packages/airflow/example_dags/example_branch_labels.py
[2025-01-30T08:51:58.429+0000] {logging_mixin.py:188} INFO - [2025-01-30T08:51:58.429+0000] {dag.py:3096} INFO - Sync 1 DAGs
[2025-01-30T08:51:58.456+0000] {logging_mixin.py:188} INFO - [2025-01-30T08:51:58.455+0000] {dag.py:3954} INFO - Setting next_dagrun for example_branch_labels to 2025-01-29 00:00:00+00:00, run_after=2025-01-30 00:00:00+00:00
[2025-01-30T08:51:58.477+0000] {processor.py:183} INFO - Processing /home/airflow/.local/lib/python3.12/site-packages/airflow/example_dags/example_branch_labels.py took 0.084 seconds
[2025-01-30T08:52:28.875+0000] {processor.py:161} INFO - Started process (PID=1070) to work on /home/airflow/.local/lib/python3.12/site-packages/airflow/example_dags/example_branch_labels.py
[2025-01-30T08:52:28.876+0000] {processor.py:830} INFO - Processing file /home/airflow/.local/lib/python3.12/site-packages/airflow/example_dags/example_branch_labels.py for tasks to queue
[2025-01-30T08:52:28.878+0000] {logging_mixin.py:188} INFO - [2025-01-30T08:52:28.878+0000] {dagbag.py:545} INFO - Filling up the DagBag from /home/airflow/.local/lib/python3.12/site-packages/airflow/example_dags/example_branch_labels.py
[2025-01-30T08:52:28.884+0000] {processor.py:840} INFO - DAG(s) 'example_branch_labels' retrieved from /home/airflow/.local/lib/python3.12/site-packages/airflow/example_dags/example_branch_labels.py
[2025-01-30T08:52:28.906+0000] {logging_mixin.py:188} INFO - [2025-01-30T08:52:28.905+0000] {dag.py:3096} INFO - Sync 1 DAGs
[2025-01-30T08:52:28.927+0000] {logging_mixin.py:188} INFO - [2025-01-30T08:52:28.927+0000] {dag.py:3954} INFO - Setting next_dagrun for example_branch_labels to 2025-01-29 00:00:00+00:00, run_after=2025-01-30 00:00:00+00:00
[2025-01-30T08:52:28.950+0000] {processor.py:183} INFO - Processing /home/airflow/.local/lib/python3.12/site-packages/airflow/example_dags/example_branch_labels.py took 0.081 seconds
[2025-01-30T08:52:59.333+0000] {processor.py:161} INFO - Started process (PID=1128) to work on /home/airflow/.local/lib/python3.12/site-packages/airflow/example_dags/example_branch_labels.py
[2025-01-30T08:52:59.334+0000] {processor.py:830} INFO - Processing file /home/airflow/.local/lib/python3.12/site-packages/airflow/example_dags/example_branch_labels.py for tasks to queue
[2025-01-30T08:52:59.336+0000] {logging_mixin.py:188} INFO - [2025-01-30T08:52:59.336+0000] {dagbag.py:545} INFO - Filling up the DagBag from /home/airflow/.local/lib/python3.12/site-packages/airflow/example_dags/example_branch_labels.py
[2025-01-30T08:52:59.343+0000] {processor.py:840} INFO - DAG(s) 'example_branch_labels' retrieved from /home/airflow/.local/lib/python3.12/site-packages/airflow/example_dags/example_branch_labels.py
[2025-01-30T08:52:59.369+0000] {logging_mixin.py:188} INFO - [2025-01-30T08:52:59.368+0000] {dag.py:3096} INFO - Sync 1 DAGs
[2025-01-30T08:52:59.395+0000] {logging_mixin.py:188} INFO - [2025-01-30T08:52:59.395+0000] {dag.py:3954} INFO - Setting next_dagrun for example_branch_labels to 2025-01-29 00:00:00+00:00, run_after=2025-01-30 00:00:00+00:00
[2025-01-30T08:52:59.415+0000] {processor.py:183} INFO - Processing /home/airflow/.local/lib/python3.12/site-packages/airflow/example_dags/example_branch_labels.py took 0.087 seconds
[2025-01-30T08:53:29.528+0000] {processor.py:161} INFO - Started process (PID=1186) to work on /home/airflow/.local/lib/python3.12/site-packages/airflow/example_dags/example_branch_labels.py
[2025-01-30T08:53:29.529+0000] {processor.py:830} INFO - Processing file /home/airflow/.local/lib/python3.12/site-packages/airflow/example_dags/example_branch_labels.py for tasks to queue
[2025-01-30T08:53:29.531+0000] {logging_mixin.py:188} INFO - [2025-01-30T08:53:29.531+0000] {dagbag.py:545} INFO - Filling up the DagBag from /home/airflow/.local/lib/python3.12/site-packages/airflow/example_dags/example_branch_labels.py
[2025-01-30T08:53:29.538+0000] {processor.py:840} INFO - DAG(s) 'example_branch_labels' retrieved from /home/airflow/.local/lib/python3.12/site-packages/airflow/example_dags/example_branch_labels.py
[2025-01-30T08:53:29.560+0000] {logging_mixin.py:188} INFO - [2025-01-30T08:53:29.560+0000] {dag.py:3096} INFO - Sync 1 DAGs
[2025-01-30T08:53:29.584+0000] {logging_mixin.py:188} INFO - [2025-01-30T08:53:29.584+0000] {dag.py:3954} INFO - Setting next_dagrun for example_branch_labels to 2025-01-29 00:00:00+00:00, run_after=2025-01-30 00:00:00+00:00
[2025-01-30T08:53:29.607+0000] {processor.py:183} INFO - Processing /home/airflow/.local/lib/python3.12/site-packages/airflow/example_dags/example_branch_labels.py took 0.084 seconds
[2025-01-30T08:53:59.888+0000] {processor.py:161} INFO - Started process (PID=1244) to work on /home/airflow/.local/lib/python3.12/site-packages/airflow/example_dags/example_branch_labels.py
[2025-01-30T08:53:59.889+0000] {processor.py:830} INFO - Processing file /home/airflow/.local/lib/python3.12/site-packages/airflow/example_dags/example_branch_labels.py for tasks to queue
[2025-01-30T08:53:59.891+0000] {logging_mixin.py:188} INFO - [2025-01-30T08:53:59.890+0000] {dagbag.py:545} INFO - Filling up the DagBag from /home/airflow/.local/lib/python3.12/site-packages/airflow/example_dags/example_branch_labels.py
[2025-01-30T08:53:59.897+0000] {processor.py:840} INFO - DAG(s) 'example_branch_labels' retrieved from /home/airflow/.local/lib/python3.12/site-packages/airflow/example_dags/example_branch_labels.py
[2025-01-30T08:53:59.918+0000] {logging_mixin.py:188} INFO - [2025-01-30T08:53:59.917+0000] {dag.py:3096} INFO - Sync 1 DAGs
[2025-01-30T08:53:59.944+0000] {logging_mixin.py:188} INFO - [2025-01-30T08:53:59.943+0000] {dag.py:3954} INFO - Setting next_dagrun for example_branch_labels to 2025-01-29 00:00:00+00:00, run_after=2025-01-30 00:00:00+00:00
[2025-01-30T08:53:59.971+0000] {processor.py:183} INFO - Processing /home/airflow/.local/lib/python3.12/site-packages/airflow/example_dags/example_branch_labels.py took 0.088 seconds
[2025-01-30T08:54:30.369+0000] {processor.py:161} INFO - Started process (PID=1302) to work on /home/airflow/.local/lib/python3.12/site-packages/airflow/example_dags/example_branch_labels.py
[2025-01-30T08:54:30.370+0000] {processor.py:830} INFO - Processing file /home/airflow/.local/lib/python3.12/site-packages/airflow/example_dags/example_branch_labels.py for tasks to queue
[2025-01-30T08:54:30.371+0000] {logging_mixin.py:188} INFO - [2025-01-30T08:54:30.371+0000] {dagbag.py:545} INFO - Filling up the DagBag from /home/airflow/.local/lib/python3.12/site-packages/airflow/example_dags/example_branch_labels.py
[2025-01-30T08:54:30.378+0000] {processor.py:840} INFO - DAG(s) 'example_branch_labels' retrieved from /home/airflow/.local/lib/python3.12/site-packages/airflow/example_dags/example_branch_labels.py
[2025-01-30T08:54:30.401+0000] {logging_mixin.py:188} INFO - [2025-01-30T08:54:30.400+0000] {dag.py:3096} INFO - Sync 1 DAGs
[2025-01-30T08:54:30.424+0000] {logging_mixin.py:188} INFO - [2025-01-30T08:54:30.424+0000] {dag.py:3954} INFO - Setting next_dagrun for example_branch_labels to 2025-01-29 00:00:00+00:00, run_after=2025-01-30 00:00:00+00:00
[2025-01-30T08:54:30.446+0000] {processor.py:183} INFO - Processing /home/airflow/.local/lib/python3.12/site-packages/airflow/example_dags/example_branch_labels.py took 0.082 seconds
[2025-01-30T08:55:00.580+0000] {processor.py:161} INFO - Started process (PID=1360) to work on /home/airflow/.local/lib/python3.12/site-packages/airflow/example_dags/example_branch_labels.py
[2025-01-30T08:55:00.581+0000] {processor.py:830} INFO - Processing file /home/airflow/.local/lib/python3.12/site-packages/airflow/example_dags/example_branch_labels.py for tasks to queue
[2025-01-30T08:55:00.583+0000] {logging_mixin.py:188} INFO - [2025-01-30T08:55:00.583+0000] {dagbag.py:545} INFO - Filling up the DagBag from /home/airflow/.local/lib/python3.12/site-packages/airflow/example_dags/example_branch_labels.py
[2025-01-30T08:55:00.590+0000] {processor.py:840} INFO - DAG(s) 'example_branch_labels' retrieved from /home/airflow/.local/lib/python3.12/site-packages/airflow/example_dags/example_branch_labels.py
[2025-01-30T08:55:00.614+0000] {logging_mixin.py:188} INFO - [2025-01-30T08:55:00.614+0000] {dag.py:3096} INFO - Sync 1 DAGs
[2025-01-30T08:55:00.639+0000] {logging_mixin.py:188} INFO - [2025-01-30T08:55:00.639+0000] {dag.py:3954} INFO - Setting next_dagrun for example_branch_labels to 2025-01-29 00:00:00+00:00, run_after=2025-01-30 00:00:00+00:00
[2025-01-30T08:55:00.660+0000] {processor.py:183} INFO - Processing /home/airflow/.local/lib/python3.12/site-packages/airflow/example_dags/example_branch_labels.py took 0.085 seconds
[2025-01-30T08:55:30.767+0000] {processor.py:161} INFO - Started process (PID=1418) to work on /home/airflow/.local/lib/python3.12/site-packages/airflow/example_dags/example_branch_labels.py
[2025-01-30T08:55:30.768+0000] {processor.py:830} INFO - Processing file /home/airflow/.local/lib/python3.12/site-packages/airflow/example_dags/example_branch_labels.py for tasks to queue
[2025-01-30T08:55:30.770+0000] {logging_mixin.py:188} INFO - [2025-01-30T08:55:30.769+0000] {dagbag.py:545} INFO - Filling up the DagBag from /home/airflow/.local/lib/python3.12/site-packages/airflow/example_dags/example_branch_labels.py
[2025-01-30T08:55:30.777+0000] {processor.py:840} INFO - DAG(s) 'example_branch_labels' retrieved from /home/airflow/.local/lib/python3.12/site-packages/airflow/example_dags/example_branch_labels.py
[2025-01-30T08:55:30.798+0000] {logging_mixin.py:188} INFO - [2025-01-30T08:55:30.798+0000] {dag.py:3096} INFO - Sync 1 DAGs
[2025-01-30T08:55:30.824+0000] {logging_mixin.py:188} INFO - [2025-01-30T08:55:30.823+0000] {dag.py:3954} INFO - Setting next_dagrun for example_branch_labels to 2025-01-29 00:00:00+00:00, run_after=2025-01-30 00:00:00+00:00
[2025-01-30T08:55:30.852+0000] {processor.py:183} INFO - Processing /home/airflow/.local/lib/python3.12/site-packages/airflow/example_dags/example_branch_labels.py took 0.091 seconds
[2025-01-30T08:56:00.921+0000] {processor.py:161} INFO - Started process (PID=1476) to work on /home/airflow/.local/lib/python3.12/site-packages/airflow/example_dags/example_branch_labels.py
[2025-01-30T08:56:00.922+0000] {processor.py:830} INFO - Processing file /home/airflow/.local/lib/python3.12/site-packages/airflow/example_dags/example_branch_labels.py for tasks to queue
[2025-01-30T08:56:00.924+0000] {logging_mixin.py:188} INFO - [2025-01-30T08:56:00.924+0000] {dagbag.py:545} INFO - Filling up the DagBag from /home/airflow/.local/lib/python3.12/site-packages/airflow/example_dags/example_branch_labels.py
[2025-01-30T08:56:00.933+0000] {processor.py:840} INFO - DAG(s) 'example_branch_labels' retrieved from /home/airflow/.local/lib/python3.12/site-packages/airflow/example_dags/example_branch_labels.py
[2025-01-30T08:56:00.954+0000] {logging_mixin.py:188} INFO - [2025-01-30T08:56:00.953+0000] {dag.py:3096} INFO - Sync 1 DAGs
[2025-01-30T08:56:00.978+0000] {logging_mixin.py:188} INFO - [2025-01-30T08:56:00.977+0000] {dag.py:3954} INFO - Setting next_dagrun for example_branch_labels to 2025-01-29 00:00:00+00:00, run_after=2025-01-30 00:00:00+00:00
[2025-01-30T08:56:01.000+0000] {processor.py:183} INFO - Processing /home/airflow/.local/lib/python3.12/site-packages/airflow/example_dags/example_branch_labels.py took 0.084 seconds
[2025-01-30T08:56:31.123+0000] {processor.py:161} INFO - Started process (PID=1534) to work on /home/airflow/.local/lib/python3.12/site-packages/airflow/example_dags/example_branch_labels.py
[2025-01-30T08:56:31.124+0000] {processor.py:830} INFO - Processing file /home/airflow/.local/lib/python3.12/site-packages/airflow/example_dags/example_branch_labels.py for tasks to queue
[2025-01-30T08:56:31.127+0000] {logging_mixin.py:188} INFO - [2025-01-30T08:56:31.126+0000] {dagbag.py:545} INFO - Filling up the DagBag from /home/airflow/.local/lib/python3.12/site-packages/airflow/example_dags/example_branch_labels.py
[2025-01-30T08:56:31.133+0000] {processor.py:840} INFO - DAG(s) 'example_branch_labels' retrieved from /home/airflow/.local/lib/python3.12/site-packages/airflow/example_dags/example_branch_labels.py
[2025-01-30T08:56:31.156+0000] {logging_mixin.py:188} INFO - [2025-01-30T08:56:31.155+0000] {dag.py:3096} INFO - Sync 1 DAGs
[2025-01-30T08:56:31.180+0000] {logging_mixin.py:188} INFO - [2025-01-30T08:56:31.180+0000] {dag.py:3954} INFO - Setting next_dagrun for example_branch_labels to 2025-01-29 00:00:00+00:00, run_after=2025-01-30 00:00:00+00:00
[2025-01-30T08:56:31.204+0000] {processor.py:183} INFO - Processing /home/airflow/.local/lib/python3.12/site-packages/airflow/example_dags/example_branch_labels.py took 0.087 seconds
[2025-01-30T08:57:01.374+0000] {processor.py:161} INFO - Started process (PID=1592) to work on /home/airflow/.local/lib/python3.12/site-packages/airflow/example_dags/example_branch_labels.py
[2025-01-30T08:57:01.375+0000] {processor.py:830} INFO - Processing file /home/airflow/.local/lib/python3.12/site-packages/airflow/example_dags/example_branch_labels.py for tasks to queue
[2025-01-30T08:57:01.377+0000] {logging_mixin.py:188} INFO - [2025-01-30T08:57:01.377+0000] {dagbag.py:545} INFO - Filling up the DagBag from /home/airflow/.local/lib/python3.12/site-packages/airflow/example_dags/example_branch_labels.py
[2025-01-30T08:57:01.385+0000] {processor.py:840} INFO - DAG(s) 'example_branch_labels' retrieved from /home/airflow/.local/lib/python3.12/site-packages/airflow/example_dags/example_branch_labels.py
[2025-01-30T08:57:01.407+0000] {logging_mixin.py:188} INFO - [2025-01-30T08:57:01.407+0000] {dag.py:3096} INFO - Sync 1 DAGs
[2025-01-30T08:57:01.431+0000] {logging_mixin.py:188} INFO - [2025-01-30T08:57:01.431+0000] {dag.py:3954} INFO - Setting next_dagrun for example_branch_labels to 2025-01-29 00:00:00+00:00, run_after=2025-01-30 00:00:00+00:00
[2025-01-30T08:57:01.454+0000] {processor.py:183} INFO - Processing /home/airflow/.local/lib/python3.12/site-packages/airflow/example_dags/example_branch_labels.py took 0.085 seconds
[2025-01-30T08:57:31.597+0000] {processor.py:161} INFO - Started process (PID=1650) to work on /home/airflow/.local/lib/python3.12/site-packages/airflow/example_dags/example_branch_labels.py
[2025-01-30T08:57:31.599+0000] {processor.py:830} INFO - Processing file /home/airflow/.local/lib/python3.12/site-packages/airflow/example_dags/example_branch_labels.py for tasks to queue
[2025-01-30T08:57:31.603+0000] {logging_mixin.py:188} INFO - [2025-01-30T08:57:31.602+0000] {dagbag.py:545} INFO - Filling up the DagBag from /home/airflow/.local/lib/python3.12/site-packages/airflow/example_dags/example_branch_labels.py
[2025-01-30T08:57:31.612+0000] {processor.py:840} INFO - DAG(s) 'example_branch_labels' retrieved from /home/airflow/.local/lib/python3.12/site-packages/airflow/example_dags/example_branch_labels.py
[2025-01-30T08:57:31.635+0000] {logging_mixin.py:188} INFO - [2025-01-30T08:57:31.635+0000] {dag.py:3096} INFO - Sync 1 DAGs
[2025-01-30T08:57:31.660+0000] {logging_mixin.py:188} INFO - [2025-01-30T08:57:31.660+0000] {dag.py:3954} INFO - Setting next_dagrun for example_branch_labels to 2025-01-29 00:00:00+00:00, run_after=2025-01-30 00:00:00+00:00
[2025-01-30T08:57:31.685+0000] {processor.py:183} INFO - Processing /home/airflow/.local/lib/python3.12/site-packages/airflow/example_dags/example_branch_labels.py took 0.093 seconds
[2025-01-30T08:58:01.838+0000] {processor.py:161} INFO - Started process (PID=1708) to work on /home/airflow/.local/lib/python3.12/site-packages/airflow/example_dags/example_branch_labels.py
[2025-01-30T08:58:01.839+0000] {processor.py:830} INFO - Processing file /home/airflow/.local/lib/python3.12/site-packages/airflow/example_dags/example_branch_labels.py for tasks to queue
[2025-01-30T08:58:01.841+0000] {logging_mixin.py:188} INFO - [2025-01-30T08:58:01.841+0000] {dagbag.py:545} INFO - Filling up the DagBag from /home/airflow/.local/lib/python3.12/site-packages/airflow/example_dags/example_branch_labels.py
[2025-01-30T08:58:01.849+0000] {processor.py:840} INFO - DAG(s) 'example_branch_labels' retrieved from /home/airflow/.local/lib/python3.12/site-packages/airflow/example_dags/example_branch_labels.py
[2025-01-30T08:58:01.874+0000] {logging_mixin.py:188} INFO - [2025-01-30T08:58:01.873+0000] {dag.py:3096} INFO - Sync 1 DAGs
[2025-01-30T08:58:01.899+0000] {logging_mixin.py:188} INFO - [2025-01-30T08:58:01.899+0000] {dag.py:3954} INFO - Setting next_dagrun for example_branch_labels to 2025-01-29 00:00:00+00:00, run_after=2025-01-30 00:00:00+00:00
[2025-01-30T08:58:01.923+0000] {processor.py:183} INFO - Processing /home/airflow/.local/lib/python3.12/site-packages/airflow/example_dags/example_branch_labels.py took 0.091 seconds
[2025-01-30T08:58:32.142+0000] {processor.py:161} INFO - Started process (PID=1766) to work on /home/airflow/.local/lib/python3.12/site-packages/airflow/example_dags/example_branch_labels.py
[2025-01-30T08:58:32.143+0000] {processor.py:830} INFO - Processing file /home/airflow/.local/lib/python3.12/site-packages/airflow/example_dags/example_branch_labels.py for tasks to queue
[2025-01-30T08:58:32.146+0000] {logging_mixin.py:188} INFO - [2025-01-30T08:58:32.145+0000] {dagbag.py:545} INFO - Filling up the DagBag from /home/airflow/.local/lib/python3.12/site-packages/airflow/example_dags/example_branch_labels.py
[2025-01-30T08:58:32.153+0000] {processor.py:840} INFO - DAG(s) 'example_branch_labels' retrieved from /home/airflow/.local/lib/python3.12/site-packages/airflow/example_dags/example_branch_labels.py
[2025-01-30T08:58:32.177+0000] {logging_mixin.py:188} INFO - [2025-01-30T08:58:32.176+0000] {dag.py:3096} INFO - Sync 1 DAGs
[2025-01-30T08:58:32.203+0000] {logging_mixin.py:188} INFO - [2025-01-30T08:58:32.202+0000] {dag.py:3954} INFO - Setting next_dagrun for example_branch_labels to 2025-01-29 00:00:00+00:00, run_after=2025-01-30 00:00:00+00:00
[2025-01-30T08:58:32.232+0000] {processor.py:183} INFO - Processing /home/airflow/.local/lib/python3.12/site-packages/airflow/example_dags/example_branch_labels.py took 0.096 seconds
[2025-01-30T09:01:48.457+0000] {processor.py:161} INFO - Started process (PID=85) to work on /home/airflow/.local/lib/python3.12/site-packages/airflow/example_dags/example_branch_labels.py
[2025-01-30T09:01:48.458+0000] {processor.py:830} INFO - Processing file /home/airflow/.local/lib/python3.12/site-packages/airflow/example_dags/example_branch_labels.py for tasks to queue
[2025-01-30T09:01:48.459+0000] {logging_mixin.py:188} INFO - [2025-01-30T09:01:48.459+0000] {dagbag.py:545} INFO - Filling up the DagBag from /home/airflow/.local/lib/python3.12/site-packages/airflow/example_dags/example_branch_labels.py
[2025-01-30T09:01:48.470+0000] {processor.py:840} INFO - DAG(s) 'example_branch_labels' retrieved from /home/airflow/.local/lib/python3.12/site-packages/airflow/example_dags/example_branch_labels.py
[2025-01-30T09:01:48.598+0000] {logging_mixin.py:188} INFO - [2025-01-30T09:01:48.598+0000] {dag.py:3096} INFO - Sync 1 DAGs
[2025-01-30T09:01:48.626+0000] {logging_mixin.py:188} INFO - [2025-01-30T09:01:48.625+0000] {dag.py:3954} INFO - Setting next_dagrun for example_branch_labels to 2025-01-29 00:00:00+00:00, run_after=2025-01-30 00:00:00+00:00
[2025-01-30T09:01:48.655+0000] {processor.py:183} INFO - Processing /home/airflow/.local/lib/python3.12/site-packages/airflow/example_dags/example_branch_labels.py took 0.203 seconds
[2025-01-30T09:02:19.613+0000] {processor.py:161} INFO - Started process (PID=143) to work on /home/airflow/.local/lib/python3.12/site-packages/airflow/example_dags/example_branch_labels.py
[2025-01-30T09:02:19.614+0000] {processor.py:830} INFO - Processing file /home/airflow/.local/lib/python3.12/site-packages/airflow/example_dags/example_branch_labels.py for tasks to queue
[2025-01-30T09:02:19.616+0000] {logging_mixin.py:188} INFO - [2025-01-30T09:02:19.616+0000] {dagbag.py:545} INFO - Filling up the DagBag from /home/airflow/.local/lib/python3.12/site-packages/airflow/example_dags/example_branch_labels.py
[2025-01-30T09:02:19.626+0000] {processor.py:840} INFO - DAG(s) 'example_branch_labels' retrieved from /home/airflow/.local/lib/python3.12/site-packages/airflow/example_dags/example_branch_labels.py
[2025-01-30T09:02:19.651+0000] {logging_mixin.py:188} INFO - [2025-01-30T09:02:19.650+0000] {dag.py:3096} INFO - Sync 1 DAGs
[2025-01-30T09:02:19.678+0000] {logging_mixin.py:188} INFO - [2025-01-30T09:02:19.678+0000] {dag.py:3954} INFO - Setting next_dagrun for example_branch_labels to 2025-01-29 00:00:00+00:00, run_after=2025-01-30 00:00:00+00:00
[2025-01-30T09:02:19.704+0000] {processor.py:183} INFO - Processing /home/airflow/.local/lib/python3.12/site-packages/airflow/example_dags/example_branch_labels.py took 0.099 seconds
[2025-01-30T09:02:50.100+0000] {processor.py:161} INFO - Started process (PID=201) to work on /home/airflow/.local/lib/python3.12/site-packages/airflow/example_dags/example_branch_labels.py
[2025-01-30T09:02:50.101+0000] {processor.py:830} INFO - Processing file /home/airflow/.local/lib/python3.12/site-packages/airflow/example_dags/example_branch_labels.py for tasks to queue
[2025-01-30T09:02:50.103+0000] {logging_mixin.py:188} INFO - [2025-01-30T09:02:50.103+0000] {dagbag.py:545} INFO - Filling up the DagBag from /home/airflow/.local/lib/python3.12/site-packages/airflow/example_dags/example_branch_labels.py
[2025-01-30T09:02:50.111+0000] {processor.py:840} INFO - DAG(s) 'example_branch_labels' retrieved from /home/airflow/.local/lib/python3.12/site-packages/airflow/example_dags/example_branch_labels.py
[2025-01-30T09:02:50.133+0000] {logging_mixin.py:188} INFO - [2025-01-30T09:02:50.133+0000] {dag.py:3096} INFO - Sync 1 DAGs
[2025-01-30T09:02:50.161+0000] {logging_mixin.py:188} INFO - [2025-01-30T09:02:50.161+0000] {dag.py:3954} INFO - Setting next_dagrun for example_branch_labels to 2025-01-29 00:00:00+00:00, run_after=2025-01-30 00:00:00+00:00
[2025-01-30T09:02:50.186+0000] {processor.py:183} INFO - Processing /home/airflow/.local/lib/python3.12/site-packages/airflow/example_dags/example_branch_labels.py took 0.090 seconds
[2025-01-30T09:03:20.331+0000] {processor.py:161} INFO - Started process (PID=259) to work on /home/airflow/.local/lib/python3.12/site-packages/airflow/example_dags/example_branch_labels.py
[2025-01-30T09:03:20.332+0000] {processor.py:830} INFO - Processing file /home/airflow/.local/lib/python3.12/site-packages/airflow/example_dags/example_branch_labels.py for tasks to queue
[2025-01-30T09:03:20.333+0000] {logging_mixin.py:188} INFO - [2025-01-30T09:03:20.333+0000] {dagbag.py:545} INFO - Filling up the DagBag from /home/airflow/.local/lib/python3.12/site-packages/airflow/example_dags/example_branch_labels.py
[2025-01-30T09:03:20.341+0000] {processor.py:840} INFO - DAG(s) 'example_branch_labels' retrieved from /home/airflow/.local/lib/python3.12/site-packages/airflow/example_dags/example_branch_labels.py
[2025-01-30T09:03:20.361+0000] {logging_mixin.py:188} INFO - [2025-01-30T09:03:20.360+0000] {dag.py:3096} INFO - Sync 1 DAGs
[2025-01-30T09:03:20.383+0000] {logging_mixin.py:188} INFO - [2025-01-30T09:03:20.382+0000] {dag.py:3954} INFO - Setting next_dagrun for example_branch_labels to 2025-01-29 00:00:00+00:00, run_after=2025-01-30 00:00:00+00:00
[2025-01-30T09:03:20.404+0000] {processor.py:183} INFO - Processing /home/airflow/.local/lib/python3.12/site-packages/airflow/example_dags/example_branch_labels.py took 0.078 seconds
[2025-01-30T09:05:19.761+0000] {processor.py:161} INFO - Started process (PID=83) to work on /home/airflow/.local/lib/python3.12/site-packages/airflow/example_dags/example_branch_labels.py
[2025-01-30T09:05:19.762+0000] {processor.py:830} INFO - Processing file /home/airflow/.local/lib/python3.12/site-packages/airflow/example_dags/example_branch_labels.py for tasks to queue
[2025-01-30T09:05:19.764+0000] {logging_mixin.py:188} INFO - [2025-01-30T09:05:19.764+0000] {dagbag.py:545} INFO - Filling up the DagBag from /home/airflow/.local/lib/python3.12/site-packages/airflow/example_dags/example_branch_labels.py
[2025-01-30T09:05:19.774+0000] {processor.py:840} INFO - DAG(s) 'example_branch_labels' retrieved from /home/airflow/.local/lib/python3.12/site-packages/airflow/example_dags/example_branch_labels.py
[2025-01-30T09:05:19.887+0000] {logging_mixin.py:188} INFO - [2025-01-30T09:05:19.887+0000] {dag.py:3096} INFO - Sync 1 DAGs
[2025-01-30T09:05:19.910+0000] {logging_mixin.py:188} INFO - [2025-01-30T09:05:19.909+0000] {dag.py:3954} INFO - Setting next_dagrun for example_branch_labels to 2025-01-29 00:00:00+00:00, run_after=2025-01-30 00:00:00+00:00
[2025-01-30T09:05:19.936+0000] {processor.py:183} INFO - Processing /home/airflow/.local/lib/python3.12/site-packages/airflow/example_dags/example_branch_labels.py took 0.181 seconds
[2025-01-30T09:05:50.573+0000] {processor.py:161} INFO - Started process (PID=141) to work on /home/airflow/.local/lib/python3.12/site-packages/airflow/example_dags/example_branch_labels.py
[2025-01-30T09:05:50.575+0000] {processor.py:830} INFO - Processing file /home/airflow/.local/lib/python3.12/site-packages/airflow/example_dags/example_branch_labels.py for tasks to queue
[2025-01-30T09:05:50.577+0000] {logging_mixin.py:188} INFO - [2025-01-30T09:05:50.576+0000] {dagbag.py:545} INFO - Filling up the DagBag from /home/airflow/.local/lib/python3.12/site-packages/airflow/example_dags/example_branch_labels.py
[2025-01-30T09:05:50.585+0000] {processor.py:840} INFO - DAG(s) 'example_branch_labels' retrieved from /home/airflow/.local/lib/python3.12/site-packages/airflow/example_dags/example_branch_labels.py
[2025-01-30T09:05:50.610+0000] {logging_mixin.py:188} INFO - [2025-01-30T09:05:50.610+0000] {dag.py:3096} INFO - Sync 1 DAGs
[2025-01-30T09:05:50.635+0000] {logging_mixin.py:188} INFO - [2025-01-30T09:05:50.635+0000] {dag.py:3954} INFO - Setting next_dagrun for example_branch_labels to 2025-01-29 00:00:00+00:00, run_after=2025-01-30 00:00:00+00:00
[2025-01-30T09:05:50.660+0000] {processor.py:183} INFO - Processing /home/airflow/.local/lib/python3.12/site-packages/airflow/example_dags/example_branch_labels.py took 0.093 seconds
[2025-01-30T09:10:50.220+0000] {processor.py:161} INFO - Started process (PID=86) to work on /home/airflow/.local/lib/python3.12/site-packages/airflow/example_dags/example_branch_labels.py
[2025-01-30T09:10:50.221+0000] {processor.py:830} INFO - Processing file /home/airflow/.local/lib/python3.12/site-packages/airflow/example_dags/example_branch_labels.py for tasks to queue
[2025-01-30T09:10:50.223+0000] {logging_mixin.py:188} INFO - [2025-01-30T09:10:50.222+0000] {dagbag.py:545} INFO - Filling up the DagBag from /home/airflow/.local/lib/python3.12/site-packages/airflow/example_dags/example_branch_labels.py
[2025-01-30T09:10:50.233+0000] {processor.py:840} INFO - DAG(s) 'example_branch_labels' retrieved from /home/airflow/.local/lib/python3.12/site-packages/airflow/example_dags/example_branch_labels.py
[2025-01-30T09:10:50.346+0000] {logging_mixin.py:188} INFO - [2025-01-30T09:10:50.346+0000] {dag.py:3096} INFO - Sync 1 DAGs
[2025-01-30T09:10:50.368+0000] {logging_mixin.py:188} INFO - [2025-01-30T09:10:50.367+0000] {dag.py:3954} INFO - Setting next_dagrun for example_branch_labels to 2025-01-29 00:00:00+00:00, run_after=2025-01-30 00:00:00+00:00
[2025-01-30T09:10:50.390+0000] {processor.py:183} INFO - Processing /home/airflow/.local/lib/python3.12/site-packages/airflow/example_dags/example_branch_labels.py took 0.175 seconds
[2025-01-30T09:11:20.775+0000] {processor.py:161} INFO - Started process (PID=145) to work on /home/airflow/.local/lib/python3.12/site-packages/airflow/example_dags/example_branch_labels.py
[2025-01-30T09:11:20.776+0000] {processor.py:830} INFO - Processing file /home/airflow/.local/lib/python3.12/site-packages/airflow/example_dags/example_branch_labels.py for tasks to queue
[2025-01-30T09:11:20.777+0000] {logging_mixin.py:188} INFO - [2025-01-30T09:11:20.777+0000] {dagbag.py:545} INFO - Filling up the DagBag from /home/airflow/.local/lib/python3.12/site-packages/airflow/example_dags/example_branch_labels.py
[2025-01-30T09:11:20.784+0000] {processor.py:840} INFO - DAG(s) 'example_branch_labels' retrieved from /home/airflow/.local/lib/python3.12/site-packages/airflow/example_dags/example_branch_labels.py
[2025-01-30T09:11:20.805+0000] {logging_mixin.py:188} INFO - [2025-01-30T09:11:20.805+0000] {dag.py:3096} INFO - Sync 1 DAGs
[2025-01-30T09:11:20.829+0000] {logging_mixin.py:188} INFO - [2025-01-30T09:11:20.829+0000] {dag.py:3954} INFO - Setting next_dagrun for example_branch_labels to 2025-01-29 00:00:00+00:00, run_after=2025-01-30 00:00:00+00:00
[2025-01-30T09:11:20.850+0000] {processor.py:183} INFO - Processing /home/airflow/.local/lib/python3.12/site-packages/airflow/example_dags/example_branch_labels.py took 0.080 seconds
[2025-01-30T09:11:51.394+0000] {processor.py:161} INFO - Started process (PID=203) to work on /home/airflow/.local/lib/python3.12/site-packages/airflow/example_dags/example_branch_labels.py
[2025-01-30T09:11:51.394+0000] {processor.py:830} INFO - Processing file /home/airflow/.local/lib/python3.12/site-packages/airflow/example_dags/example_branch_labels.py for tasks to queue
[2025-01-30T09:11:51.397+0000] {logging_mixin.py:188} INFO - [2025-01-30T09:11:51.396+0000] {dagbag.py:545} INFO - Filling up the DagBag from /home/airflow/.local/lib/python3.12/site-packages/airflow/example_dags/example_branch_labels.py
[2025-01-30T09:11:51.404+0000] {processor.py:840} INFO - DAG(s) 'example_branch_labels' retrieved from /home/airflow/.local/lib/python3.12/site-packages/airflow/example_dags/example_branch_labels.py
[2025-01-30T09:11:51.426+0000] {logging_mixin.py:188} INFO - [2025-01-30T09:11:51.426+0000] {dag.py:3096} INFO - Sync 1 DAGs
[2025-01-30T09:11:51.451+0000] {logging_mixin.py:188} INFO - [2025-01-30T09:11:51.451+0000] {dag.py:3954} INFO - Setting next_dagrun for example_branch_labels to 2025-01-29 00:00:00+00:00, run_after=2025-01-30 00:00:00+00:00
[2025-01-30T09:11:51.473+0000] {processor.py:183} INFO - Processing /home/airflow/.local/lib/python3.12/site-packages/airflow/example_dags/example_branch_labels.py took 0.085 seconds
[2025-01-30T09:12:21.857+0000] {processor.py:161} INFO - Started process (PID=261) to work on /home/airflow/.local/lib/python3.12/site-packages/airflow/example_dags/example_branch_labels.py
[2025-01-30T09:12:21.858+0000] {processor.py:830} INFO - Processing file /home/airflow/.local/lib/python3.12/site-packages/airflow/example_dags/example_branch_labels.py for tasks to queue
[2025-01-30T09:12:21.860+0000] {logging_mixin.py:188} INFO - [2025-01-30T09:12:21.860+0000] {dagbag.py:545} INFO - Filling up the DagBag from /home/airflow/.local/lib/python3.12/site-packages/airflow/example_dags/example_branch_labels.py
[2025-01-30T09:12:21.867+0000] {processor.py:840} INFO - DAG(s) 'example_branch_labels' retrieved from /home/airflow/.local/lib/python3.12/site-packages/airflow/example_dags/example_branch_labels.py
[2025-01-30T09:12:21.889+0000] {logging_mixin.py:188} INFO - [2025-01-30T09:12:21.889+0000] {dag.py:3096} INFO - Sync 1 DAGs
[2025-01-30T09:12:21.914+0000] {logging_mixin.py:188} INFO - [2025-01-30T09:12:21.914+0000] {dag.py:3954} INFO - Setting next_dagrun for example_branch_labels to 2025-01-29 00:00:00+00:00, run_after=2025-01-30 00:00:00+00:00
[2025-01-30T09:12:21.938+0000] {processor.py:183} INFO - Processing /home/airflow/.local/lib/python3.12/site-packages/airflow/example_dags/example_branch_labels.py took 0.086 seconds
[2025-01-30T09:12:52.336+0000] {processor.py:161} INFO - Started process (PID=319) to work on /home/airflow/.local/lib/python3.12/site-packages/airflow/example_dags/example_branch_labels.py
[2025-01-30T09:12:52.337+0000] {processor.py:830} INFO - Processing file /home/airflow/.local/lib/python3.12/site-packages/airflow/example_dags/example_branch_labels.py for tasks to queue
[2025-01-30T09:12:52.339+0000] {logging_mixin.py:188} INFO - [2025-01-30T09:12:52.339+0000] {dagbag.py:545} INFO - Filling up the DagBag from /home/airflow/.local/lib/python3.12/site-packages/airflow/example_dags/example_branch_labels.py
[2025-01-30T09:12:52.346+0000] {processor.py:840} INFO - DAG(s) 'example_branch_labels' retrieved from /home/airflow/.local/lib/python3.12/site-packages/airflow/example_dags/example_branch_labels.py
[2025-01-30T09:12:52.366+0000] {logging_mixin.py:188} INFO - [2025-01-30T09:12:52.366+0000] {dag.py:3096} INFO - Sync 1 DAGs
[2025-01-30T09:12:52.389+0000] {logging_mixin.py:188} INFO - [2025-01-30T09:12:52.389+0000] {dag.py:3954} INFO - Setting next_dagrun for example_branch_labels to 2025-01-29 00:00:00+00:00, run_after=2025-01-30 00:00:00+00:00
[2025-01-30T09:12:52.409+0000] {processor.py:183} INFO - Processing /home/airflow/.local/lib/python3.12/site-packages/airflow/example_dags/example_branch_labels.py took 0.078 seconds
[2025-01-30T09:13:22.601+0000] {processor.py:161} INFO - Started process (PID=377) to work on /home/airflow/.local/lib/python3.12/site-packages/airflow/example_dags/example_branch_labels.py
[2025-01-30T09:13:22.603+0000] {processor.py:830} INFO - Processing file /home/airflow/.local/lib/python3.12/site-packages/airflow/example_dags/example_branch_labels.py for tasks to queue
[2025-01-30T09:13:22.605+0000] {logging_mixin.py:188} INFO - [2025-01-30T09:13:22.604+0000] {dagbag.py:545} INFO - Filling up the DagBag from /home/airflow/.local/lib/python3.12/site-packages/airflow/example_dags/example_branch_labels.py
[2025-01-30T09:13:22.611+0000] {processor.py:840} INFO - DAG(s) 'example_branch_labels' retrieved from /home/airflow/.local/lib/python3.12/site-packages/airflow/example_dags/example_branch_labels.py
[2025-01-30T09:13:22.634+0000] {logging_mixin.py:188} INFO - [2025-01-30T09:13:22.634+0000] {dag.py:3096} INFO - Sync 1 DAGs
[2025-01-30T09:13:22.660+0000] {logging_mixin.py:188} INFO - [2025-01-30T09:13:22.660+0000] {dag.py:3954} INFO - Setting next_dagrun for example_branch_labels to 2025-01-29 00:00:00+00:00, run_after=2025-01-30 00:00:00+00:00
[2025-01-30T09:13:22.683+0000] {processor.py:183} INFO - Processing /home/airflow/.local/lib/python3.12/site-packages/airflow/example_dags/example_branch_labels.py took 0.086 seconds
[2025-01-30T09:13:52.751+0000] {processor.py:161} INFO - Started process (PID=435) to work on /home/airflow/.local/lib/python3.12/site-packages/airflow/example_dags/example_branch_labels.py
[2025-01-30T09:13:52.752+0000] {processor.py:830} INFO - Processing file /home/airflow/.local/lib/python3.12/site-packages/airflow/example_dags/example_branch_labels.py for tasks to queue
[2025-01-30T09:13:52.754+0000] {logging_mixin.py:188} INFO - [2025-01-30T09:13:52.754+0000] {dagbag.py:545} INFO - Filling up the DagBag from /home/airflow/.local/lib/python3.12/site-packages/airflow/example_dags/example_branch_labels.py
[2025-01-30T09:13:52.761+0000] {processor.py:840} INFO - DAG(s) 'example_branch_labels' retrieved from /home/airflow/.local/lib/python3.12/site-packages/airflow/example_dags/example_branch_labels.py
[2025-01-30T09:13:52.782+0000] {logging_mixin.py:188} INFO - [2025-01-30T09:13:52.781+0000] {dag.py:3096} INFO - Sync 1 DAGs
[2025-01-30T09:13:52.805+0000] {logging_mixin.py:188} INFO - [2025-01-30T09:13:52.805+0000] {dag.py:3954} INFO - Setting next_dagrun for example_branch_labels to 2025-01-29 00:00:00+00:00, run_after=2025-01-30 00:00:00+00:00
[2025-01-30T09:13:52.827+0000] {processor.py:183} INFO - Processing /home/airflow/.local/lib/python3.12/site-packages/airflow/example_dags/example_branch_labels.py took 0.081 seconds
[2025-01-30T09:14:23.015+0000] {processor.py:161} INFO - Started process (PID=493) to work on /home/airflow/.local/lib/python3.12/site-packages/airflow/example_dags/example_branch_labels.py
[2025-01-30T09:14:23.016+0000] {processor.py:830} INFO - Processing file /home/airflow/.local/lib/python3.12/site-packages/airflow/example_dags/example_branch_labels.py for tasks to queue
[2025-01-30T09:14:23.018+0000] {logging_mixin.py:188} INFO - [2025-01-30T09:14:23.018+0000] {dagbag.py:545} INFO - Filling up the DagBag from /home/airflow/.local/lib/python3.12/site-packages/airflow/example_dags/example_branch_labels.py
[2025-01-30T09:14:23.024+0000] {processor.py:840} INFO - DAG(s) 'example_branch_labels' retrieved from /home/airflow/.local/lib/python3.12/site-packages/airflow/example_dags/example_branch_labels.py
[2025-01-30T09:14:23.047+0000] {logging_mixin.py:188} INFO - [2025-01-30T09:14:23.046+0000] {dag.py:3096} INFO - Sync 1 DAGs
[2025-01-30T09:14:23.071+0000] {logging_mixin.py:188} INFO - [2025-01-30T09:14:23.071+0000] {dag.py:3954} INFO - Setting next_dagrun for example_branch_labels to 2025-01-29 00:00:00+00:00, run_after=2025-01-30 00:00:00+00:00
[2025-01-30T09:14:23.095+0000] {processor.py:183} INFO - Processing /home/airflow/.local/lib/python3.12/site-packages/airflow/example_dags/example_branch_labels.py took 0.086 seconds
[2025-01-30T09:14:53.568+0000] {processor.py:161} INFO - Started process (PID=551) to work on /home/airflow/.local/lib/python3.12/site-packages/airflow/example_dags/example_branch_labels.py
[2025-01-30T09:14:53.569+0000] {processor.py:830} INFO - Processing file /home/airflow/.local/lib/python3.12/site-packages/airflow/example_dags/example_branch_labels.py for tasks to queue
[2025-01-30T09:14:53.571+0000] {logging_mixin.py:188} INFO - [2025-01-30T09:14:53.570+0000] {dagbag.py:545} INFO - Filling up the DagBag from /home/airflow/.local/lib/python3.12/site-packages/airflow/example_dags/example_branch_labels.py
[2025-01-30T09:14:53.579+0000] {processor.py:840} INFO - DAG(s) 'example_branch_labels' retrieved from /home/airflow/.local/lib/python3.12/site-packages/airflow/example_dags/example_branch_labels.py
[2025-01-30T09:14:53.602+0000] {logging_mixin.py:188} INFO - [2025-01-30T09:14:53.602+0000] {dag.py:3096} INFO - Sync 1 DAGs
[2025-01-30T09:14:53.629+0000] {logging_mixin.py:188} INFO - [2025-01-30T09:14:53.629+0000] {dag.py:3954} INFO - Setting next_dagrun for example_branch_labels to 2025-01-29 00:00:00+00:00, run_after=2025-01-30 00:00:00+00:00
[2025-01-30T09:14:53.653+0000] {processor.py:183} INFO - Processing /home/airflow/.local/lib/python3.12/site-packages/airflow/example_dags/example_branch_labels.py took 0.090 seconds
[2025-01-30T09:15:23.866+0000] {processor.py:161} INFO - Started process (PID=608) to work on /home/airflow/.local/lib/python3.12/site-packages/airflow/example_dags/example_branch_labels.py
[2025-01-30T09:15:23.867+0000] {processor.py:830} INFO - Processing file /home/airflow/.local/lib/python3.12/site-packages/airflow/example_dags/example_branch_labels.py for tasks to queue
[2025-01-30T09:15:23.868+0000] {logging_mixin.py:188} INFO - [2025-01-30T09:15:23.868+0000] {dagbag.py:545} INFO - Filling up the DagBag from /home/airflow/.local/lib/python3.12/site-packages/airflow/example_dags/example_branch_labels.py
[2025-01-30T09:15:23.875+0000] {processor.py:840} INFO - DAG(s) 'example_branch_labels' retrieved from /home/airflow/.local/lib/python3.12/site-packages/airflow/example_dags/example_branch_labels.py
[2025-01-30T09:15:23.896+0000] {logging_mixin.py:188} INFO - [2025-01-30T09:15:23.895+0000] {dag.py:3096} INFO - Sync 1 DAGs
[2025-01-30T09:15:23.919+0000] {logging_mixin.py:188} INFO - [2025-01-30T09:15:23.918+0000] {dag.py:3954} INFO - Setting next_dagrun for example_branch_labels to 2025-01-29 00:00:00+00:00, run_after=2025-01-30 00:00:00+00:00
[2025-01-30T09:15:23.943+0000] {processor.py:183} INFO - Processing /home/airflow/.local/lib/python3.12/site-packages/airflow/example_dags/example_branch_labels.py took 0.082 seconds
[2025-01-30T09:15:54.756+0000] {processor.py:161} INFO - Started process (PID=666) to work on /home/airflow/.local/lib/python3.12/site-packages/airflow/example_dags/example_branch_labels.py
[2025-01-30T09:15:54.757+0000] {processor.py:830} INFO - Processing file /home/airflow/.local/lib/python3.12/site-packages/airflow/example_dags/example_branch_labels.py for tasks to queue
[2025-01-30T09:15:54.759+0000] {logging_mixin.py:188} INFO - [2025-01-30T09:15:54.758+0000] {dagbag.py:545} INFO - Filling up the DagBag from /home/airflow/.local/lib/python3.12/site-packages/airflow/example_dags/example_branch_labels.py
[2025-01-30T09:15:54.766+0000] {processor.py:840} INFO - DAG(s) 'example_branch_labels' retrieved from /home/airflow/.local/lib/python3.12/site-packages/airflow/example_dags/example_branch_labels.py
[2025-01-30T09:15:54.788+0000] {logging_mixin.py:188} INFO - [2025-01-30T09:15:54.788+0000] {dag.py:3096} INFO - Sync 1 DAGs
[2025-01-30T09:15:54.811+0000] {logging_mixin.py:188} INFO - [2025-01-30T09:15:54.811+0000] {dag.py:3954} INFO - Setting next_dagrun for example_branch_labels to 2025-01-29 00:00:00+00:00, run_after=2025-01-30 00:00:00+00:00
[2025-01-30T09:15:54.834+0000] {processor.py:183} INFO - Processing /home/airflow/.local/lib/python3.12/site-packages/airflow/example_dags/example_branch_labels.py took 0.083 seconds
[2025-01-30T09:16:25.301+0000] {processor.py:161} INFO - Started process (PID=724) to work on /home/airflow/.local/lib/python3.12/site-packages/airflow/example_dags/example_branch_labels.py
[2025-01-30T09:16:25.302+0000] {processor.py:830} INFO - Processing file /home/airflow/.local/lib/python3.12/site-packages/airflow/example_dags/example_branch_labels.py for tasks to queue
[2025-01-30T09:16:25.304+0000] {logging_mixin.py:188} INFO - [2025-01-30T09:16:25.304+0000] {dagbag.py:545} INFO - Filling up the DagBag from /home/airflow/.local/lib/python3.12/site-packages/airflow/example_dags/example_branch_labels.py
[2025-01-30T09:16:25.314+0000] {processor.py:840} INFO - DAG(s) 'example_branch_labels' retrieved from /home/airflow/.local/lib/python3.12/site-packages/airflow/example_dags/example_branch_labels.py
[2025-01-30T09:16:25.341+0000] {logging_mixin.py:188} INFO - [2025-01-30T09:16:25.341+0000] {dag.py:3096} INFO - Sync 1 DAGs
[2025-01-30T09:16:25.364+0000] {logging_mixin.py:188} INFO - [2025-01-30T09:16:25.364+0000] {dag.py:3954} INFO - Setting next_dagrun for example_branch_labels to 2025-01-29 00:00:00+00:00, run_after=2025-01-30 00:00:00+00:00
[2025-01-30T09:16:25.389+0000] {processor.py:183} INFO - Processing /home/airflow/.local/lib/python3.12/site-packages/airflow/example_dags/example_branch_labels.py took 0.093 seconds
[2025-01-30T09:16:55.479+0000] {processor.py:161} INFO - Started process (PID=782) to work on /home/airflow/.local/lib/python3.12/site-packages/airflow/example_dags/example_branch_labels.py
[2025-01-30T09:16:55.481+0000] {processor.py:830} INFO - Processing file /home/airflow/.local/lib/python3.12/site-packages/airflow/example_dags/example_branch_labels.py for tasks to queue
[2025-01-30T09:16:55.482+0000] {logging_mixin.py:188} INFO - [2025-01-30T09:16:55.482+0000] {dagbag.py:545} INFO - Filling up the DagBag from /home/airflow/.local/lib/python3.12/site-packages/airflow/example_dags/example_branch_labels.py
[2025-01-30T09:16:55.489+0000] {processor.py:840} INFO - DAG(s) 'example_branch_labels' retrieved from /home/airflow/.local/lib/python3.12/site-packages/airflow/example_dags/example_branch_labels.py
[2025-01-30T09:16:55.512+0000] {logging_mixin.py:188} INFO - [2025-01-30T09:16:55.511+0000] {dag.py:3096} INFO - Sync 1 DAGs
[2025-01-30T09:16:55.536+0000] {logging_mixin.py:188} INFO - [2025-01-30T09:16:55.536+0000] {dag.py:3954} INFO - Setting next_dagrun for example_branch_labels to 2025-01-29 00:00:00+00:00, run_after=2025-01-30 00:00:00+00:00
[2025-01-30T09:16:55.561+0000] {processor.py:183} INFO - Processing /home/airflow/.local/lib/python3.12/site-packages/airflow/example_dags/example_branch_labels.py took 0.086 seconds
[2025-01-30T09:17:26.005+0000] {processor.py:161} INFO - Started process (PID=840) to work on /home/airflow/.local/lib/python3.12/site-packages/airflow/example_dags/example_branch_labels.py
[2025-01-30T09:17:26.006+0000] {processor.py:830} INFO - Processing file /home/airflow/.local/lib/python3.12/site-packages/airflow/example_dags/example_branch_labels.py for tasks to queue
[2025-01-30T09:17:26.010+0000] {logging_mixin.py:188} INFO - [2025-01-30T09:17:26.009+0000] {dagbag.py:545} INFO - Filling up the DagBag from /home/airflow/.local/lib/python3.12/site-packages/airflow/example_dags/example_branch_labels.py
[2025-01-30T09:17:26.020+0000] {processor.py:840} INFO - DAG(s) 'example_branch_labels' retrieved from /home/airflow/.local/lib/python3.12/site-packages/airflow/example_dags/example_branch_labels.py
[2025-01-30T09:17:26.050+0000] {logging_mixin.py:188} INFO - [2025-01-30T09:17:26.049+0000] {dag.py:3096} INFO - Sync 1 DAGs
[2025-01-30T09:17:26.080+0000] {logging_mixin.py:188} INFO - [2025-01-30T09:17:26.080+0000] {dag.py:3954} INFO - Setting next_dagrun for example_branch_labels to 2025-01-29 00:00:00+00:00, run_after=2025-01-30 00:00:00+00:00
[2025-01-30T09:17:26.118+0000] {processor.py:183} INFO - Processing /home/airflow/.local/lib/python3.12/site-packages/airflow/example_dags/example_branch_labels.py took 0.119 seconds
[2025-01-30T09:17:56.173+0000] {processor.py:161} INFO - Started process (PID=898) to work on /home/airflow/.local/lib/python3.12/site-packages/airflow/example_dags/example_branch_labels.py
[2025-01-30T09:17:56.174+0000] {processor.py:830} INFO - Processing file /home/airflow/.local/lib/python3.12/site-packages/airflow/example_dags/example_branch_labels.py for tasks to queue
[2025-01-30T09:17:56.176+0000] {logging_mixin.py:188} INFO - [2025-01-30T09:17:56.176+0000] {dagbag.py:545} INFO - Filling up the DagBag from /home/airflow/.local/lib/python3.12/site-packages/airflow/example_dags/example_branch_labels.py
[2025-01-30T09:17:56.186+0000] {processor.py:840} INFO - DAG(s) 'example_branch_labels' retrieved from /home/airflow/.local/lib/python3.12/site-packages/airflow/example_dags/example_branch_labels.py
[2025-01-30T09:17:56.210+0000] {logging_mixin.py:188} INFO - [2025-01-30T09:17:56.209+0000] {dag.py:3096} INFO - Sync 1 DAGs
[2025-01-30T09:17:56.240+0000] {logging_mixin.py:188} INFO - [2025-01-30T09:17:56.240+0000] {dag.py:3954} INFO - Setting next_dagrun for example_branch_labels to 2025-01-29 00:00:00+00:00, run_after=2025-01-30 00:00:00+00:00
[2025-01-30T09:17:56.268+0000] {processor.py:183} INFO - Processing /home/airflow/.local/lib/python3.12/site-packages/airflow/example_dags/example_branch_labels.py took 0.100 seconds
[2025-01-30T09:18:26.731+0000] {processor.py:161} INFO - Started process (PID=958) to work on /home/airflow/.local/lib/python3.12/site-packages/airflow/example_dags/example_branch_labels.py
[2025-01-30T09:18:26.732+0000] {processor.py:830} INFO - Processing file /home/airflow/.local/lib/python3.12/site-packages/airflow/example_dags/example_branch_labels.py for tasks to queue
[2025-01-30T09:18:26.734+0000] {logging_mixin.py:188} INFO - [2025-01-30T09:18:26.734+0000] {dagbag.py:545} INFO - Filling up the DagBag from /home/airflow/.local/lib/python3.12/site-packages/airflow/example_dags/example_branch_labels.py
[2025-01-30T09:18:26.743+0000] {processor.py:840} INFO - DAG(s) 'example_branch_labels' retrieved from /home/airflow/.local/lib/python3.12/site-packages/airflow/example_dags/example_branch_labels.py
[2025-01-30T09:18:26.764+0000] {logging_mixin.py:188} INFO - [2025-01-30T09:18:26.764+0000] {dag.py:3096} INFO - Sync 1 DAGs
[2025-01-30T09:18:26.788+0000] {logging_mixin.py:188} INFO - [2025-01-30T09:18:26.788+0000] {dag.py:3954} INFO - Setting next_dagrun for example_branch_labels to 2025-01-29 00:00:00+00:00, run_after=2025-01-30 00:00:00+00:00
[2025-01-30T09:18:26.811+0000] {processor.py:183} INFO - Processing /home/airflow/.local/lib/python3.12/site-packages/airflow/example_dags/example_branch_labels.py took 0.084 seconds
[2025-01-30T09:20:15.778+0000] {processor.py:161} INFO - Started process (PID=83) to work on /home/airflow/.local/lib/python3.12/site-packages/airflow/example_dags/example_branch_labels.py
[2025-01-30T09:20:15.779+0000] {processor.py:830} INFO - Processing file /home/airflow/.local/lib/python3.12/site-packages/airflow/example_dags/example_branch_labels.py for tasks to queue
[2025-01-30T09:20:15.781+0000] {logging_mixin.py:188} INFO - [2025-01-30T09:20:15.781+0000] {dagbag.py:545} INFO - Filling up the DagBag from /home/airflow/.local/lib/python3.12/site-packages/airflow/example_dags/example_branch_labels.py
[2025-01-30T09:20:15.793+0000] {processor.py:840} INFO - DAG(s) 'example_branch_labels' retrieved from /home/airflow/.local/lib/python3.12/site-packages/airflow/example_dags/example_branch_labels.py
[2025-01-30T09:20:15.919+0000] {logging_mixin.py:188} INFO - [2025-01-30T09:20:15.919+0000] {dag.py:3096} INFO - Sync 1 DAGs
[2025-01-30T09:20:15.941+0000] {logging_mixin.py:188} INFO - [2025-01-30T09:20:15.941+0000] {dag.py:3954} INFO - Setting next_dagrun for example_branch_labels to 2025-01-29 00:00:00+00:00, run_after=2025-01-30 00:00:00+00:00
[2025-01-30T09:20:15.966+0000] {processor.py:183} INFO - Processing /home/airflow/.local/lib/python3.12/site-packages/airflow/example_dags/example_branch_labels.py took 0.194 seconds
[2025-01-30T09:20:46.865+0000] {processor.py:161} INFO - Started process (PID=141) to work on /home/airflow/.local/lib/python3.12/site-packages/airflow/example_dags/example_branch_labels.py
[2025-01-30T09:20:46.866+0000] {processor.py:830} INFO - Processing file /home/airflow/.local/lib/python3.12/site-packages/airflow/example_dags/example_branch_labels.py for tasks to queue
[2025-01-30T09:20:46.869+0000] {logging_mixin.py:188} INFO - [2025-01-30T09:20:46.868+0000] {dagbag.py:545} INFO - Filling up the DagBag from /home/airflow/.local/lib/python3.12/site-packages/airflow/example_dags/example_branch_labels.py
[2025-01-30T09:20:46.878+0000] {processor.py:840} INFO - DAG(s) 'example_branch_labels' retrieved from /home/airflow/.local/lib/python3.12/site-packages/airflow/example_dags/example_branch_labels.py
[2025-01-30T09:20:46.901+0000] {logging_mixin.py:188} INFO - [2025-01-30T09:20:46.900+0000] {dag.py:3096} INFO - Sync 1 DAGs
[2025-01-30T09:20:46.925+0000] {logging_mixin.py:188} INFO - [2025-01-30T09:20:46.925+0000] {dag.py:3954} INFO - Setting next_dagrun for example_branch_labels to 2025-01-29 00:00:00+00:00, run_after=2025-01-30 00:00:00+00:00
[2025-01-30T09:20:46.950+0000] {processor.py:183} INFO - Processing /home/airflow/.local/lib/python3.12/site-packages/airflow/example_dags/example_branch_labels.py took 0.090 seconds
[2025-01-30T09:21:17.170+0000] {processor.py:161} INFO - Started process (PID=199) to work on /home/airflow/.local/lib/python3.12/site-packages/airflow/example_dags/example_branch_labels.py
[2025-01-30T09:21:17.171+0000] {processor.py:830} INFO - Processing file /home/airflow/.local/lib/python3.12/site-packages/airflow/example_dags/example_branch_labels.py for tasks to queue
[2025-01-30T09:21:17.174+0000] {logging_mixin.py:188} INFO - [2025-01-30T09:21:17.174+0000] {dagbag.py:545} INFO - Filling up the DagBag from /home/airflow/.local/lib/python3.12/site-packages/airflow/example_dags/example_branch_labels.py
[2025-01-30T09:21:17.181+0000] {processor.py:840} INFO - DAG(s) 'example_branch_labels' retrieved from /home/airflow/.local/lib/python3.12/site-packages/airflow/example_dags/example_branch_labels.py
[2025-01-30T09:21:17.207+0000] {logging_mixin.py:188} INFO - [2025-01-30T09:21:17.207+0000] {dag.py:3096} INFO - Sync 1 DAGs
[2025-01-30T09:21:17.235+0000] {logging_mixin.py:188} INFO - [2025-01-30T09:21:17.234+0000] {dag.py:3954} INFO - Setting next_dagrun for example_branch_labels to 2025-01-29 00:00:00+00:00, run_after=2025-01-30 00:00:00+00:00
[2025-01-30T09:21:17.258+0000] {processor.py:183} INFO - Processing /home/airflow/.local/lib/python3.12/site-packages/airflow/example_dags/example_branch_labels.py took 0.093 seconds
[2025-01-30T09:21:47.498+0000] {processor.py:161} INFO - Started process (PID=257) to work on /home/airflow/.local/lib/python3.12/site-packages/airflow/example_dags/example_branch_labels.py
[2025-01-30T09:21:47.499+0000] {processor.py:830} INFO - Processing file /home/airflow/.local/lib/python3.12/site-packages/airflow/example_dags/example_branch_labels.py for tasks to queue
[2025-01-30T09:21:47.502+0000] {logging_mixin.py:188} INFO - [2025-01-30T09:21:47.501+0000] {dagbag.py:545} INFO - Filling up the DagBag from /home/airflow/.local/lib/python3.12/site-packages/airflow/example_dags/example_branch_labels.py
[2025-01-30T09:21:47.511+0000] {processor.py:840} INFO - DAG(s) 'example_branch_labels' retrieved from /home/airflow/.local/lib/python3.12/site-packages/airflow/example_dags/example_branch_labels.py
[2025-01-30T09:21:47.540+0000] {logging_mixin.py:188} INFO - [2025-01-30T09:21:47.540+0000] {dag.py:3096} INFO - Sync 1 DAGs
[2025-01-30T09:21:47.571+0000] {logging_mixin.py:188} INFO - [2025-01-30T09:21:47.570+0000] {dag.py:3954} INFO - Setting next_dagrun for example_branch_labels to 2025-01-29 00:00:00+00:00, run_after=2025-01-30 00:00:00+00:00
[2025-01-30T09:21:47.596+0000] {processor.py:183} INFO - Processing /home/airflow/.local/lib/python3.12/site-packages/airflow/example_dags/example_branch_labels.py took 0.103 seconds
[2025-01-30T09:22:17.725+0000] {processor.py:161} INFO - Started process (PID=316) to work on /home/airflow/.local/lib/python3.12/site-packages/airflow/example_dags/example_branch_labels.py
[2025-01-30T09:22:17.726+0000] {processor.py:830} INFO - Processing file /home/airflow/.local/lib/python3.12/site-packages/airflow/example_dags/example_branch_labels.py for tasks to queue
[2025-01-30T09:22:17.728+0000] {logging_mixin.py:188} INFO - [2025-01-30T09:22:17.727+0000] {dagbag.py:545} INFO - Filling up the DagBag from /home/airflow/.local/lib/python3.12/site-packages/airflow/example_dags/example_branch_labels.py
[2025-01-30T09:22:17.734+0000] {processor.py:840} INFO - DAG(s) 'example_branch_labels' retrieved from /home/airflow/.local/lib/python3.12/site-packages/airflow/example_dags/example_branch_labels.py
[2025-01-30T09:22:17.755+0000] {logging_mixin.py:188} INFO - [2025-01-30T09:22:17.755+0000] {dag.py:3096} INFO - Sync 1 DAGs
[2025-01-30T09:22:17.780+0000] {logging_mixin.py:188} INFO - [2025-01-30T09:22:17.780+0000] {dag.py:3954} INFO - Setting next_dagrun for example_branch_labels to 2025-01-29 00:00:00+00:00, run_after=2025-01-30 00:00:00+00:00
[2025-01-30T09:22:17.805+0000] {processor.py:183} INFO - Processing /home/airflow/.local/lib/python3.12/site-packages/airflow/example_dags/example_branch_labels.py took 0.085 seconds
[2025-01-30T09:22:47.916+0000] {processor.py:161} INFO - Started process (PID=374) to work on /home/airflow/.local/lib/python3.12/site-packages/airflow/example_dags/example_branch_labels.py
[2025-01-30T09:22:47.917+0000] {processor.py:830} INFO - Processing file /home/airflow/.local/lib/python3.12/site-packages/airflow/example_dags/example_branch_labels.py for tasks to queue
[2025-01-30T09:22:47.920+0000] {logging_mixin.py:188} INFO - [2025-01-30T09:22:47.919+0000] {dagbag.py:545} INFO - Filling up the DagBag from /home/airflow/.local/lib/python3.12/site-packages/airflow/example_dags/example_branch_labels.py
[2025-01-30T09:22:47.926+0000] {processor.py:840} INFO - DAG(s) 'example_branch_labels' retrieved from /home/airflow/.local/lib/python3.12/site-packages/airflow/example_dags/example_branch_labels.py
[2025-01-30T09:22:47.949+0000] {logging_mixin.py:188} INFO - [2025-01-30T09:22:47.948+0000] {dag.py:3096} INFO - Sync 1 DAGs
[2025-01-30T09:22:47.985+0000] {logging_mixin.py:188} INFO - [2025-01-30T09:22:47.985+0000] {dag.py:3954} INFO - Setting next_dagrun for example_branch_labels to 2025-01-29 00:00:00+00:00, run_after=2025-01-30 00:00:00+00:00
[2025-01-30T09:22:48.032+0000] {processor.py:183} INFO - Processing /home/airflow/.local/lib/python3.12/site-packages/airflow/example_dags/example_branch_labels.py took 0.120 seconds
[2025-01-30T09:23:18.101+0000] {processor.py:161} INFO - Started process (PID=432) to work on /home/airflow/.local/lib/python3.12/site-packages/airflow/example_dags/example_branch_labels.py
[2025-01-30T09:23:18.103+0000] {processor.py:830} INFO - Processing file /home/airflow/.local/lib/python3.12/site-packages/airflow/example_dags/example_branch_labels.py for tasks to queue
[2025-01-30T09:23:18.105+0000] {logging_mixin.py:188} INFO - [2025-01-30T09:23:18.105+0000] {dagbag.py:545} INFO - Filling up the DagBag from /home/airflow/.local/lib/python3.12/site-packages/airflow/example_dags/example_branch_labels.py
[2025-01-30T09:23:18.114+0000] {processor.py:840} INFO - DAG(s) 'example_branch_labels' retrieved from /home/airflow/.local/lib/python3.12/site-packages/airflow/example_dags/example_branch_labels.py
[2025-01-30T09:23:18.149+0000] {logging_mixin.py:188} INFO - [2025-01-30T09:23:18.149+0000] {dag.py:3096} INFO - Sync 1 DAGs
[2025-01-30T09:23:18.178+0000] {logging_mixin.py:188} INFO - [2025-01-30T09:23:18.177+0000] {dag.py:3954} INFO - Setting next_dagrun for example_branch_labels to 2025-01-29 00:00:00+00:00, run_after=2025-01-30 00:00:00+00:00
[2025-01-30T09:23:18.213+0000] {processor.py:183} INFO - Processing /home/airflow/.local/lib/python3.12/site-packages/airflow/example_dags/example_branch_labels.py took 0.119 seconds
[2025-01-30T09:23:48.430+0000] {processor.py:161} INFO - Started process (PID=490) to work on /home/airflow/.local/lib/python3.12/site-packages/airflow/example_dags/example_branch_labels.py
[2025-01-30T09:23:48.431+0000] {processor.py:830} INFO - Processing file /home/airflow/.local/lib/python3.12/site-packages/airflow/example_dags/example_branch_labels.py for tasks to queue
[2025-01-30T09:23:48.433+0000] {logging_mixin.py:188} INFO - [2025-01-30T09:23:48.432+0000] {dagbag.py:545} INFO - Filling up the DagBag from /home/airflow/.local/lib/python3.12/site-packages/airflow/example_dags/example_branch_labels.py
[2025-01-30T09:23:48.448+0000] {processor.py:840} INFO - DAG(s) 'example_branch_labels' retrieved from /home/airflow/.local/lib/python3.12/site-packages/airflow/example_dags/example_branch_labels.py
[2025-01-30T09:23:48.472+0000] {logging_mixin.py:188} INFO - [2025-01-30T09:23:48.472+0000] {dag.py:3096} INFO - Sync 1 DAGs
[2025-01-30T09:23:48.502+0000] {logging_mixin.py:188} INFO - [2025-01-30T09:23:48.501+0000] {dag.py:3954} INFO - Setting next_dagrun for example_branch_labels to 2025-01-29 00:00:00+00:00, run_after=2025-01-30 00:00:00+00:00
[2025-01-30T09:23:48.530+0000] {processor.py:183} INFO - Processing /home/airflow/.local/lib/python3.12/site-packages/airflow/example_dags/example_branch_labels.py took 0.105 seconds
[2025-01-30T09:24:18.805+0000] {processor.py:161} INFO - Started process (PID=548) to work on /home/airflow/.local/lib/python3.12/site-packages/airflow/example_dags/example_branch_labels.py
[2025-01-30T09:24:18.806+0000] {processor.py:830} INFO - Processing file /home/airflow/.local/lib/python3.12/site-packages/airflow/example_dags/example_branch_labels.py for tasks to queue
[2025-01-30T09:24:18.808+0000] {logging_mixin.py:188} INFO - [2025-01-30T09:24:18.808+0000] {dagbag.py:545} INFO - Filling up the DagBag from /home/airflow/.local/lib/python3.12/site-packages/airflow/example_dags/example_branch_labels.py
[2025-01-30T09:24:18.817+0000] {processor.py:840} INFO - DAG(s) 'example_branch_labels' retrieved from /home/airflow/.local/lib/python3.12/site-packages/airflow/example_dags/example_branch_labels.py
[2025-01-30T09:24:18.838+0000] {logging_mixin.py:188} INFO - [2025-01-30T09:24:18.837+0000] {dag.py:3096} INFO - Sync 1 DAGs
[2025-01-30T09:24:18.873+0000] {logging_mixin.py:188} INFO - [2025-01-30T09:24:18.873+0000] {dag.py:3954} INFO - Setting next_dagrun for example_branch_labels to 2025-01-29 00:00:00+00:00, run_after=2025-01-30 00:00:00+00:00
[2025-01-30T09:24:18.920+0000] {processor.py:183} INFO - Processing /home/airflow/.local/lib/python3.12/site-packages/airflow/example_dags/example_branch_labels.py took 0.120 seconds
[2025-01-30T09:24:49.188+0000] {processor.py:161} INFO - Started process (PID=606) to work on /home/airflow/.local/lib/python3.12/site-packages/airflow/example_dags/example_branch_labels.py
[2025-01-30T09:24:49.189+0000] {processor.py:830} INFO - Processing file /home/airflow/.local/lib/python3.12/site-packages/airflow/example_dags/example_branch_labels.py for tasks to queue
[2025-01-30T09:24:49.191+0000] {logging_mixin.py:188} INFO - [2025-01-30T09:24:49.191+0000] {dagbag.py:545} INFO - Filling up the DagBag from /home/airflow/.local/lib/python3.12/site-packages/airflow/example_dags/example_branch_labels.py
[2025-01-30T09:24:49.202+0000] {processor.py:840} INFO - DAG(s) 'example_branch_labels' retrieved from /home/airflow/.local/lib/python3.12/site-packages/airflow/example_dags/example_branch_labels.py
[2025-01-30T09:24:49.226+0000] {logging_mixin.py:188} INFO - [2025-01-30T09:24:49.226+0000] {dag.py:3096} INFO - Sync 1 DAGs
[2025-01-30T09:24:49.261+0000] {logging_mixin.py:188} INFO - [2025-01-30T09:24:49.260+0000] {dag.py:3954} INFO - Setting next_dagrun for example_branch_labels to 2025-01-29 00:00:00+00:00, run_after=2025-01-30 00:00:00+00:00
[2025-01-30T09:24:49.294+0000] {processor.py:183} INFO - Processing /home/airflow/.local/lib/python3.12/site-packages/airflow/example_dags/example_branch_labels.py took 0.113 seconds
[2025-01-30T09:25:19.490+0000] {processor.py:161} INFO - Started process (PID=664) to work on /home/airflow/.local/lib/python3.12/site-packages/airflow/example_dags/example_branch_labels.py
[2025-01-30T09:25:19.491+0000] {processor.py:830} INFO - Processing file /home/airflow/.local/lib/python3.12/site-packages/airflow/example_dags/example_branch_labels.py for tasks to queue
[2025-01-30T09:25:19.493+0000] {logging_mixin.py:188} INFO - [2025-01-30T09:25:19.493+0000] {dagbag.py:545} INFO - Filling up the DagBag from /home/airflow/.local/lib/python3.12/site-packages/airflow/example_dags/example_branch_labels.py
[2025-01-30T09:25:19.503+0000] {processor.py:840} INFO - DAG(s) 'example_branch_labels' retrieved from /home/airflow/.local/lib/python3.12/site-packages/airflow/example_dags/example_branch_labels.py
[2025-01-30T09:25:19.527+0000] {logging_mixin.py:188} INFO - [2025-01-30T09:25:19.526+0000] {dag.py:3096} INFO - Sync 1 DAGs
[2025-01-30T09:25:19.558+0000] {logging_mixin.py:188} INFO - [2025-01-30T09:25:19.557+0000] {dag.py:3954} INFO - Setting next_dagrun for example_branch_labels to 2025-01-29 00:00:00+00:00, run_after=2025-01-30 00:00:00+00:00
[2025-01-30T09:25:19.585+0000] {processor.py:183} INFO - Processing /home/airflow/.local/lib/python3.12/site-packages/airflow/example_dags/example_branch_labels.py took 0.101 seconds
