[2025-01-30T08:43:54.594+0000] {processor.py:161} INFO - Started process (PID=106) to work on /home/airflow/.local/lib/python3.12/site-packages/airflow/example_dags/example_short_circuit_operator.py
[2025-01-30T08:43:54.595+0000] {processor.py:830} INFO - Processing file /home/airflow/.local/lib/python3.12/site-packages/airflow/example_dags/example_short_circuit_operator.py for tasks to queue
[2025-01-30T08:43:54.597+0000] {logging_mixin.py:188} INFO - [2025-01-30T08:43:54.597+0000] {dagbag.py:545} INFO - Filling up the DagBag from /home/airflow/.local/lib/python3.12/site-packages/airflow/example_dags/example_short_circuit_operator.py
[2025-01-30T08:43:54.605+0000] {processor.py:840} INFO - DAG(s) 'example_short_circuit_operator' retrieved from /home/airflow/.local/lib/python3.12/site-packages/airflow/example_dags/example_short_circuit_operator.py
[2025-01-30T08:43:54.719+0000] {logging_mixin.py:188} INFO - [2025-01-30T08:43:54.719+0000] {dag.py:3096} INFO - Sync 1 DAGs
[2025-01-30T08:43:54.742+0000] {logging_mixin.py:188} INFO - [2025-01-30T08:43:54.742+0000] {dag.py:3954} INFO - Setting next_dagrun for example_short_circuit_operator to 2025-01-29 00:00:00+00:00, run_after=2025-01-30 00:00:00+00:00
[2025-01-30T08:43:54.771+0000] {processor.py:183} INFO - Processing /home/airflow/.local/lib/python3.12/site-packages/airflow/example_dags/example_short_circuit_operator.py took 0.182 seconds
[2025-01-30T08:44:25.638+0000] {processor.py:161} INFO - Started process (PID=164) to work on /home/airflow/.local/lib/python3.12/site-packages/airflow/example_dags/example_short_circuit_operator.py
[2025-01-30T08:44:25.639+0000] {processor.py:830} INFO - Processing file /home/airflow/.local/lib/python3.12/site-packages/airflow/example_dags/example_short_circuit_operator.py for tasks to queue
[2025-01-30T08:44:25.640+0000] {logging_mixin.py:188} INFO - [2025-01-30T08:44:25.640+0000] {dagbag.py:545} INFO - Filling up the DagBag from /home/airflow/.local/lib/python3.12/site-packages/airflow/example_dags/example_short_circuit_operator.py
[2025-01-30T08:44:25.648+0000] {processor.py:840} INFO - DAG(s) 'example_short_circuit_operator' retrieved from /home/airflow/.local/lib/python3.12/site-packages/airflow/example_dags/example_short_circuit_operator.py
[2025-01-30T08:44:25.673+0000] {logging_mixin.py:188} INFO - [2025-01-30T08:44:25.673+0000] {dag.py:3096} INFO - Sync 1 DAGs
[2025-01-30T08:44:25.702+0000] {logging_mixin.py:188} INFO - [2025-01-30T08:44:25.701+0000] {dag.py:3954} INFO - Setting next_dagrun for example_short_circuit_operator to 2025-01-29 00:00:00+00:00, run_after=2025-01-30 00:00:00+00:00
[2025-01-30T08:44:25.726+0000] {processor.py:183} INFO - Processing /home/airflow/.local/lib/python3.12/site-packages/airflow/example_dags/example_short_circuit_operator.py took 0.093 seconds
[2025-01-30T08:44:55.937+0000] {processor.py:161} INFO - Started process (PID=222) to work on /home/airflow/.local/lib/python3.12/site-packages/airflow/example_dags/example_short_circuit_operator.py
[2025-01-30T08:44:55.939+0000] {processor.py:830} INFO - Processing file /home/airflow/.local/lib/python3.12/site-packages/airflow/example_dags/example_short_circuit_operator.py for tasks to queue
[2025-01-30T08:44:55.941+0000] {logging_mixin.py:188} INFO - [2025-01-30T08:44:55.940+0000] {dagbag.py:545} INFO - Filling up the DagBag from /home/airflow/.local/lib/python3.12/site-packages/airflow/example_dags/example_short_circuit_operator.py
[2025-01-30T08:44:55.948+0000] {processor.py:840} INFO - DAG(s) 'example_short_circuit_operator' retrieved from /home/airflow/.local/lib/python3.12/site-packages/airflow/example_dags/example_short_circuit_operator.py
[2025-01-30T08:44:55.976+0000] {logging_mixin.py:188} INFO - [2025-01-30T08:44:55.975+0000] {dag.py:3096} INFO - Sync 1 DAGs
[2025-01-30T08:44:56.004+0000] {logging_mixin.py:188} INFO - [2025-01-30T08:44:56.003+0000] {dag.py:3954} INFO - Setting next_dagrun for example_short_circuit_operator to 2025-01-29 00:00:00+00:00, run_after=2025-01-30 00:00:00+00:00
[2025-01-30T08:44:56.025+0000] {processor.py:183} INFO - Processing /home/airflow/.local/lib/python3.12/site-packages/airflow/example_dags/example_short_circuit_operator.py took 0.092 seconds
[2025-01-30T08:45:26.257+0000] {processor.py:161} INFO - Started process (PID=280) to work on /home/airflow/.local/lib/python3.12/site-packages/airflow/example_dags/example_short_circuit_operator.py
[2025-01-30T08:45:26.259+0000] {processor.py:830} INFO - Processing file /home/airflow/.local/lib/python3.12/site-packages/airflow/example_dags/example_short_circuit_operator.py for tasks to queue
[2025-01-30T08:45:26.263+0000] {logging_mixin.py:188} INFO - [2025-01-30T08:45:26.262+0000] {dagbag.py:545} INFO - Filling up the DagBag from /home/airflow/.local/lib/python3.12/site-packages/airflow/example_dags/example_short_circuit_operator.py
[2025-01-30T08:45:26.271+0000] {processor.py:840} INFO - DAG(s) 'example_short_circuit_operator' retrieved from /home/airflow/.local/lib/python3.12/site-packages/airflow/example_dags/example_short_circuit_operator.py
[2025-01-30T08:45:26.316+0000] {logging_mixin.py:188} INFO - [2025-01-30T08:45:26.315+0000] {dag.py:3096} INFO - Sync 1 DAGs
[2025-01-30T08:45:26.345+0000] {logging_mixin.py:188} INFO - [2025-01-30T08:45:26.345+0000] {dag.py:3954} INFO - Setting next_dagrun for example_short_circuit_operator to 2025-01-29 00:00:00+00:00, run_after=2025-01-30 00:00:00+00:00
[2025-01-30T08:45:26.372+0000] {processor.py:183} INFO - Processing /home/airflow/.local/lib/python3.12/site-packages/airflow/example_dags/example_short_circuit_operator.py took 0.123 seconds
[2025-01-30T08:45:56.920+0000] {processor.py:161} INFO - Started process (PID=338) to work on /home/airflow/.local/lib/python3.12/site-packages/airflow/example_dags/example_short_circuit_operator.py
[2025-01-30T08:45:56.921+0000] {processor.py:830} INFO - Processing file /home/airflow/.local/lib/python3.12/site-packages/airflow/example_dags/example_short_circuit_operator.py for tasks to queue
[2025-01-30T08:45:56.923+0000] {logging_mixin.py:188} INFO - [2025-01-30T08:45:56.923+0000] {dagbag.py:545} INFO - Filling up the DagBag from /home/airflow/.local/lib/python3.12/site-packages/airflow/example_dags/example_short_circuit_operator.py
[2025-01-30T08:45:56.930+0000] {processor.py:840} INFO - DAG(s) 'example_short_circuit_operator' retrieved from /home/airflow/.local/lib/python3.12/site-packages/airflow/example_dags/example_short_circuit_operator.py
[2025-01-30T08:45:56.954+0000] {logging_mixin.py:188} INFO - [2025-01-30T08:45:56.954+0000] {dag.py:3096} INFO - Sync 1 DAGs
[2025-01-30T08:45:56.978+0000] {logging_mixin.py:188} INFO - [2025-01-30T08:45:56.978+0000] {dag.py:3954} INFO - Setting next_dagrun for example_short_circuit_operator to 2025-01-29 00:00:00+00:00, run_after=2025-01-30 00:00:00+00:00
[2025-01-30T08:45:57.001+0000] {processor.py:183} INFO - Processing /home/airflow/.local/lib/python3.12/site-packages/airflow/example_dags/example_short_circuit_operator.py took 0.086 seconds
[2025-01-30T08:46:27.747+0000] {processor.py:161} INFO - Started process (PID=395) to work on /home/airflow/.local/lib/python3.12/site-packages/airflow/example_dags/example_short_circuit_operator.py
[2025-01-30T08:46:27.748+0000] {processor.py:830} INFO - Processing file /home/airflow/.local/lib/python3.12/site-packages/airflow/example_dags/example_short_circuit_operator.py for tasks to queue
[2025-01-30T08:46:27.751+0000] {logging_mixin.py:188} INFO - [2025-01-30T08:46:27.750+0000] {dagbag.py:545} INFO - Filling up the DagBag from /home/airflow/.local/lib/python3.12/site-packages/airflow/example_dags/example_short_circuit_operator.py
[2025-01-30T08:46:27.759+0000] {processor.py:840} INFO - DAG(s) 'example_short_circuit_operator' retrieved from /home/airflow/.local/lib/python3.12/site-packages/airflow/example_dags/example_short_circuit_operator.py
[2025-01-30T08:46:27.787+0000] {logging_mixin.py:188} INFO - [2025-01-30T08:46:27.787+0000] {dag.py:3096} INFO - Sync 1 DAGs
[2025-01-30T08:46:27.824+0000] {logging_mixin.py:188} INFO - [2025-01-30T08:46:27.823+0000] {dag.py:3954} INFO - Setting next_dagrun for example_short_circuit_operator to 2025-01-29 00:00:00+00:00, run_after=2025-01-30 00:00:00+00:00
[2025-01-30T08:46:27.859+0000] {processor.py:183} INFO - Processing /home/airflow/.local/lib/python3.12/site-packages/airflow/example_dags/example_short_circuit_operator.py took 0.119 seconds
[2025-01-30T08:46:57.928+0000] {processor.py:161} INFO - Started process (PID=453) to work on /home/airflow/.local/lib/python3.12/site-packages/airflow/example_dags/example_short_circuit_operator.py
[2025-01-30T08:46:57.929+0000] {processor.py:830} INFO - Processing file /home/airflow/.local/lib/python3.12/site-packages/airflow/example_dags/example_short_circuit_operator.py for tasks to queue
[2025-01-30T08:46:57.932+0000] {logging_mixin.py:188} INFO - [2025-01-30T08:46:57.932+0000] {dagbag.py:545} INFO - Filling up the DagBag from /home/airflow/.local/lib/python3.12/site-packages/airflow/example_dags/example_short_circuit_operator.py
[2025-01-30T08:46:57.939+0000] {processor.py:840} INFO - DAG(s) 'example_short_circuit_operator' retrieved from /home/airflow/.local/lib/python3.12/site-packages/airflow/example_dags/example_short_circuit_operator.py
[2025-01-30T08:46:57.969+0000] {logging_mixin.py:188} INFO - [2025-01-30T08:46:57.969+0000] {dag.py:3096} INFO - Sync 1 DAGs
[2025-01-30T08:46:57.991+0000] {logging_mixin.py:188} INFO - [2025-01-30T08:46:57.990+0000] {dag.py:3954} INFO - Setting next_dagrun for example_short_circuit_operator to 2025-01-29 00:00:00+00:00, run_after=2025-01-30 00:00:00+00:00
[2025-01-30T08:46:58.014+0000] {processor.py:183} INFO - Processing /home/airflow/.local/lib/python3.12/site-packages/airflow/example_dags/example_short_circuit_operator.py took 0.092 seconds
[2025-01-30T08:47:28.530+0000] {processor.py:161} INFO - Started process (PID=511) to work on /home/airflow/.local/lib/python3.12/site-packages/airflow/example_dags/example_short_circuit_operator.py
[2025-01-30T08:47:28.531+0000] {processor.py:830} INFO - Processing file /home/airflow/.local/lib/python3.12/site-packages/airflow/example_dags/example_short_circuit_operator.py for tasks to queue
[2025-01-30T08:47:28.533+0000] {logging_mixin.py:188} INFO - [2025-01-30T08:47:28.533+0000] {dagbag.py:545} INFO - Filling up the DagBag from /home/airflow/.local/lib/python3.12/site-packages/airflow/example_dags/example_short_circuit_operator.py
[2025-01-30T08:47:28.539+0000] {processor.py:840} INFO - DAG(s) 'example_short_circuit_operator' retrieved from /home/airflow/.local/lib/python3.12/site-packages/airflow/example_dags/example_short_circuit_operator.py
[2025-01-30T08:47:28.563+0000] {logging_mixin.py:188} INFO - [2025-01-30T08:47:28.563+0000] {dag.py:3096} INFO - Sync 1 DAGs
[2025-01-30T08:47:28.585+0000] {logging_mixin.py:188} INFO - [2025-01-30T08:47:28.585+0000] {dag.py:3954} INFO - Setting next_dagrun for example_short_circuit_operator to 2025-01-29 00:00:00+00:00, run_after=2025-01-30 00:00:00+00:00
[2025-01-30T08:47:28.608+0000] {processor.py:183} INFO - Processing /home/airflow/.local/lib/python3.12/site-packages/airflow/example_dags/example_short_circuit_operator.py took 0.084 seconds
[2025-01-30T08:47:58.966+0000] {processor.py:161} INFO - Started process (PID=569) to work on /home/airflow/.local/lib/python3.12/site-packages/airflow/example_dags/example_short_circuit_operator.py
[2025-01-30T08:47:58.968+0000] {processor.py:830} INFO - Processing file /home/airflow/.local/lib/python3.12/site-packages/airflow/example_dags/example_short_circuit_operator.py for tasks to queue
[2025-01-30T08:47:58.970+0000] {logging_mixin.py:188} INFO - [2025-01-30T08:47:58.970+0000] {dagbag.py:545} INFO - Filling up the DagBag from /home/airflow/.local/lib/python3.12/site-packages/airflow/example_dags/example_short_circuit_operator.py
[2025-01-30T08:47:58.976+0000] {processor.py:840} INFO - DAG(s) 'example_short_circuit_operator' retrieved from /home/airflow/.local/lib/python3.12/site-packages/airflow/example_dags/example_short_circuit_operator.py
[2025-01-30T08:47:59.001+0000] {logging_mixin.py:188} INFO - [2025-01-30T08:47:59.000+0000] {dag.py:3096} INFO - Sync 1 DAGs
[2025-01-30T08:47:59.026+0000] {logging_mixin.py:188} INFO - [2025-01-30T08:47:59.025+0000] {dag.py:3954} INFO - Setting next_dagrun for example_short_circuit_operator to 2025-01-29 00:00:00+00:00, run_after=2025-01-30 00:00:00+00:00
[2025-01-30T08:47:59.048+0000] {processor.py:183} INFO - Processing /home/airflow/.local/lib/python3.12/site-packages/airflow/example_dags/example_short_circuit_operator.py took 0.087 seconds
[2025-01-30T08:48:29.196+0000] {processor.py:161} INFO - Started process (PID=627) to work on /home/airflow/.local/lib/python3.12/site-packages/airflow/example_dags/example_short_circuit_operator.py
[2025-01-30T08:48:29.197+0000] {processor.py:830} INFO - Processing file /home/airflow/.local/lib/python3.12/site-packages/airflow/example_dags/example_short_circuit_operator.py for tasks to queue
[2025-01-30T08:48:29.199+0000] {logging_mixin.py:188} INFO - [2025-01-30T08:48:29.198+0000] {dagbag.py:545} INFO - Filling up the DagBag from /home/airflow/.local/lib/python3.12/site-packages/airflow/example_dags/example_short_circuit_operator.py
[2025-01-30T08:48:29.206+0000] {processor.py:840} INFO - DAG(s) 'example_short_circuit_operator' retrieved from /home/airflow/.local/lib/python3.12/site-packages/airflow/example_dags/example_short_circuit_operator.py
[2025-01-30T08:48:29.232+0000] {logging_mixin.py:188} INFO - [2025-01-30T08:48:29.232+0000] {dag.py:3096} INFO - Sync 1 DAGs
[2025-01-30T08:48:29.258+0000] {logging_mixin.py:188} INFO - [2025-01-30T08:48:29.257+0000] {dag.py:3954} INFO - Setting next_dagrun for example_short_circuit_operator to 2025-01-29 00:00:00+00:00, run_after=2025-01-30 00:00:00+00:00
[2025-01-30T08:48:29.288+0000] {processor.py:183} INFO - Processing /home/airflow/.local/lib/python3.12/site-packages/airflow/example_dags/example_short_circuit_operator.py took 0.097 seconds
[2025-01-30T08:48:59.608+0000] {processor.py:161} INFO - Started process (PID=685) to work on /home/airflow/.local/lib/python3.12/site-packages/airflow/example_dags/example_short_circuit_operator.py
[2025-01-30T08:48:59.610+0000] {processor.py:830} INFO - Processing file /home/airflow/.local/lib/python3.12/site-packages/airflow/example_dags/example_short_circuit_operator.py for tasks to queue
[2025-01-30T08:48:59.611+0000] {logging_mixin.py:188} INFO - [2025-01-30T08:48:59.611+0000] {dagbag.py:545} INFO - Filling up the DagBag from /home/airflow/.local/lib/python3.12/site-packages/airflow/example_dags/example_short_circuit_operator.py
[2025-01-30T08:48:59.618+0000] {processor.py:840} INFO - DAG(s) 'example_short_circuit_operator' retrieved from /home/airflow/.local/lib/python3.12/site-packages/airflow/example_dags/example_short_circuit_operator.py
[2025-01-30T08:48:59.644+0000] {logging_mixin.py:188} INFO - [2025-01-30T08:48:59.644+0000] {dag.py:3096} INFO - Sync 1 DAGs
[2025-01-30T08:48:59.669+0000] {logging_mixin.py:188} INFO - [2025-01-30T08:48:59.669+0000] {dag.py:3954} INFO - Setting next_dagrun for example_short_circuit_operator to 2025-01-29 00:00:00+00:00, run_after=2025-01-30 00:00:00+00:00
[2025-01-30T08:48:59.694+0000] {processor.py:183} INFO - Processing /home/airflow/.local/lib/python3.12/site-packages/airflow/example_dags/example_short_circuit_operator.py took 0.091 seconds
[2025-01-30T08:49:29.948+0000] {processor.py:161} INFO - Started process (PID=743) to work on /home/airflow/.local/lib/python3.12/site-packages/airflow/example_dags/example_short_circuit_operator.py
[2025-01-30T08:49:29.949+0000] {processor.py:830} INFO - Processing file /home/airflow/.local/lib/python3.12/site-packages/airflow/example_dags/example_short_circuit_operator.py for tasks to queue
[2025-01-30T08:49:29.951+0000] {logging_mixin.py:188} INFO - [2025-01-30T08:49:29.951+0000] {dagbag.py:545} INFO - Filling up the DagBag from /home/airflow/.local/lib/python3.12/site-packages/airflow/example_dags/example_short_circuit_operator.py
[2025-01-30T08:49:29.958+0000] {processor.py:840} INFO - DAG(s) 'example_short_circuit_operator' retrieved from /home/airflow/.local/lib/python3.12/site-packages/airflow/example_dags/example_short_circuit_operator.py
[2025-01-30T08:49:29.984+0000] {logging_mixin.py:188} INFO - [2025-01-30T08:49:29.984+0000] {dag.py:3096} INFO - Sync 1 DAGs
[2025-01-30T08:49:30.007+0000] {logging_mixin.py:188} INFO - [2025-01-30T08:49:30.007+0000] {dag.py:3954} INFO - Setting next_dagrun for example_short_circuit_operator to 2025-01-29 00:00:00+00:00, run_after=2025-01-30 00:00:00+00:00
[2025-01-30T08:49:30.033+0000] {processor.py:183} INFO - Processing /home/airflow/.local/lib/python3.12/site-packages/airflow/example_dags/example_short_circuit_operator.py took 0.090 seconds
[2025-01-30T08:50:00.321+0000] {processor.py:161} INFO - Started process (PID=801) to work on /home/airflow/.local/lib/python3.12/site-packages/airflow/example_dags/example_short_circuit_operator.py
[2025-01-30T08:50:00.322+0000] {processor.py:830} INFO - Processing file /home/airflow/.local/lib/python3.12/site-packages/airflow/example_dags/example_short_circuit_operator.py for tasks to queue
[2025-01-30T08:50:00.324+0000] {logging_mixin.py:188} INFO - [2025-01-30T08:50:00.324+0000] {dagbag.py:545} INFO - Filling up the DagBag from /home/airflow/.local/lib/python3.12/site-packages/airflow/example_dags/example_short_circuit_operator.py
[2025-01-30T08:50:00.330+0000] {processor.py:840} INFO - DAG(s) 'example_short_circuit_operator' retrieved from /home/airflow/.local/lib/python3.12/site-packages/airflow/example_dags/example_short_circuit_operator.py
[2025-01-30T08:50:00.356+0000] {logging_mixin.py:188} INFO - [2025-01-30T08:50:00.356+0000] {dag.py:3096} INFO - Sync 1 DAGs
[2025-01-30T08:50:00.379+0000] {logging_mixin.py:188} INFO - [2025-01-30T08:50:00.379+0000] {dag.py:3954} INFO - Setting next_dagrun for example_short_circuit_operator to 2025-01-29 00:00:00+00:00, run_after=2025-01-30 00:00:00+00:00
[2025-01-30T08:50:00.403+0000] {processor.py:183} INFO - Processing /home/airflow/.local/lib/python3.12/site-packages/airflow/example_dags/example_short_circuit_operator.py took 0.087 seconds
[2025-01-30T08:50:30.659+0000] {processor.py:161} INFO - Started process (PID=859) to work on /home/airflow/.local/lib/python3.12/site-packages/airflow/example_dags/example_short_circuit_operator.py
[2025-01-30T08:50:30.660+0000] {processor.py:830} INFO - Processing file /home/airflow/.local/lib/python3.12/site-packages/airflow/example_dags/example_short_circuit_operator.py for tasks to queue
[2025-01-30T08:50:30.663+0000] {logging_mixin.py:188} INFO - [2025-01-30T08:50:30.662+0000] {dagbag.py:545} INFO - Filling up the DagBag from /home/airflow/.local/lib/python3.12/site-packages/airflow/example_dags/example_short_circuit_operator.py
[2025-01-30T08:50:30.669+0000] {processor.py:840} INFO - DAG(s) 'example_short_circuit_operator' retrieved from /home/airflow/.local/lib/python3.12/site-packages/airflow/example_dags/example_short_circuit_operator.py
[2025-01-30T08:50:30.697+0000] {logging_mixin.py:188} INFO - [2025-01-30T08:50:30.696+0000] {dag.py:3096} INFO - Sync 1 DAGs
[2025-01-30T08:50:30.723+0000] {logging_mixin.py:188} INFO - [2025-01-30T08:50:30.723+0000] {dag.py:3954} INFO - Setting next_dagrun for example_short_circuit_operator to 2025-01-29 00:00:00+00:00, run_after=2025-01-30 00:00:00+00:00
[2025-01-30T08:50:30.750+0000] {processor.py:183} INFO - Processing /home/airflow/.local/lib/python3.12/site-packages/airflow/example_dags/example_short_circuit_operator.py took 0.096 seconds
[2025-01-30T08:51:01.131+0000] {processor.py:161} INFO - Started process (PID=917) to work on /home/airflow/.local/lib/python3.12/site-packages/airflow/example_dags/example_short_circuit_operator.py
[2025-01-30T08:51:01.132+0000] {processor.py:830} INFO - Processing file /home/airflow/.local/lib/python3.12/site-packages/airflow/example_dags/example_short_circuit_operator.py for tasks to queue
[2025-01-30T08:51:01.134+0000] {logging_mixin.py:188} INFO - [2025-01-30T08:51:01.133+0000] {dagbag.py:545} INFO - Filling up the DagBag from /home/airflow/.local/lib/python3.12/site-packages/airflow/example_dags/example_short_circuit_operator.py
[2025-01-30T08:51:01.141+0000] {processor.py:840} INFO - DAG(s) 'example_short_circuit_operator' retrieved from /home/airflow/.local/lib/python3.12/site-packages/airflow/example_dags/example_short_circuit_operator.py
[2025-01-30T08:51:01.167+0000] {logging_mixin.py:188} INFO - [2025-01-30T08:51:01.167+0000] {dag.py:3096} INFO - Sync 1 DAGs
[2025-01-30T08:51:01.194+0000] {logging_mixin.py:188} INFO - [2025-01-30T08:51:01.194+0000] {dag.py:3954} INFO - Setting next_dagrun for example_short_circuit_operator to 2025-01-29 00:00:00+00:00, run_after=2025-01-30 00:00:00+00:00
[2025-01-30T08:51:01.217+0000] {processor.py:183} INFO - Processing /home/airflow/.local/lib/python3.12/site-packages/airflow/example_dags/example_short_circuit_operator.py took 0.091 seconds
[2025-01-30T08:51:31.652+0000] {processor.py:161} INFO - Started process (PID=975) to work on /home/airflow/.local/lib/python3.12/site-packages/airflow/example_dags/example_short_circuit_operator.py
[2025-01-30T08:51:31.653+0000] {processor.py:830} INFO - Processing file /home/airflow/.local/lib/python3.12/site-packages/airflow/example_dags/example_short_circuit_operator.py for tasks to queue
[2025-01-30T08:51:31.655+0000] {logging_mixin.py:188} INFO - [2025-01-30T08:51:31.655+0000] {dagbag.py:545} INFO - Filling up the DagBag from /home/airflow/.local/lib/python3.12/site-packages/airflow/example_dags/example_short_circuit_operator.py
[2025-01-30T08:51:31.662+0000] {processor.py:840} INFO - DAG(s) 'example_short_circuit_operator' retrieved from /home/airflow/.local/lib/python3.12/site-packages/airflow/example_dags/example_short_circuit_operator.py
[2025-01-30T08:51:31.688+0000] {logging_mixin.py:188} INFO - [2025-01-30T08:51:31.688+0000] {dag.py:3096} INFO - Sync 1 DAGs
[2025-01-30T08:51:31.713+0000] {logging_mixin.py:188} INFO - [2025-01-30T08:51:31.713+0000] {dag.py:3954} INFO - Setting next_dagrun for example_short_circuit_operator to 2025-01-29 00:00:00+00:00, run_after=2025-01-30 00:00:00+00:00
[2025-01-30T08:51:31.737+0000] {processor.py:183} INFO - Processing /home/airflow/.local/lib/python3.12/site-packages/airflow/example_dags/example_short_circuit_operator.py took 0.090 seconds
[2025-01-30T08:52:02.044+0000] {processor.py:161} INFO - Started process (PID=1033) to work on /home/airflow/.local/lib/python3.12/site-packages/airflow/example_dags/example_short_circuit_operator.py
[2025-01-30T08:52:02.045+0000] {processor.py:830} INFO - Processing file /home/airflow/.local/lib/python3.12/site-packages/airflow/example_dags/example_short_circuit_operator.py for tasks to queue
[2025-01-30T08:52:02.048+0000] {logging_mixin.py:188} INFO - [2025-01-30T08:52:02.048+0000] {dagbag.py:545} INFO - Filling up the DagBag from /home/airflow/.local/lib/python3.12/site-packages/airflow/example_dags/example_short_circuit_operator.py
[2025-01-30T08:52:02.055+0000] {processor.py:840} INFO - DAG(s) 'example_short_circuit_operator' retrieved from /home/airflow/.local/lib/python3.12/site-packages/airflow/example_dags/example_short_circuit_operator.py
[2025-01-30T08:52:02.079+0000] {logging_mixin.py:188} INFO - [2025-01-30T08:52:02.079+0000] {dag.py:3096} INFO - Sync 1 DAGs
[2025-01-30T08:52:02.105+0000] {logging_mixin.py:188} INFO - [2025-01-30T08:52:02.105+0000] {dag.py:3954} INFO - Setting next_dagrun for example_short_circuit_operator to 2025-01-29 00:00:00+00:00, run_after=2025-01-30 00:00:00+00:00
[2025-01-30T08:52:02.132+0000] {processor.py:183} INFO - Processing /home/airflow/.local/lib/python3.12/site-packages/airflow/example_dags/example_short_circuit_operator.py took 0.093 seconds
[2025-01-30T08:52:32.358+0000] {processor.py:161} INFO - Started process (PID=1091) to work on /home/airflow/.local/lib/python3.12/site-packages/airflow/example_dags/example_short_circuit_operator.py
[2025-01-30T08:52:32.359+0000] {processor.py:830} INFO - Processing file /home/airflow/.local/lib/python3.12/site-packages/airflow/example_dags/example_short_circuit_operator.py for tasks to queue
[2025-01-30T08:52:32.361+0000] {logging_mixin.py:188} INFO - [2025-01-30T08:52:32.361+0000] {dagbag.py:545} INFO - Filling up the DagBag from /home/airflow/.local/lib/python3.12/site-packages/airflow/example_dags/example_short_circuit_operator.py
[2025-01-30T08:52:32.368+0000] {processor.py:840} INFO - DAG(s) 'example_short_circuit_operator' retrieved from /home/airflow/.local/lib/python3.12/site-packages/airflow/example_dags/example_short_circuit_operator.py
[2025-01-30T08:52:32.397+0000] {logging_mixin.py:188} INFO - [2025-01-30T08:52:32.396+0000] {dag.py:3096} INFO - Sync 1 DAGs
[2025-01-30T08:52:32.422+0000] {logging_mixin.py:188} INFO - [2025-01-30T08:52:32.421+0000] {dag.py:3954} INFO - Setting next_dagrun for example_short_circuit_operator to 2025-01-29 00:00:00+00:00, run_after=2025-01-30 00:00:00+00:00
[2025-01-30T08:52:32.448+0000] {processor.py:183} INFO - Processing /home/airflow/.local/lib/python3.12/site-packages/airflow/example_dags/example_short_circuit_operator.py took 0.096 seconds
[2025-01-30T08:53:02.815+0000] {processor.py:161} INFO - Started process (PID=1149) to work on /home/airflow/.local/lib/python3.12/site-packages/airflow/example_dags/example_short_circuit_operator.py
[2025-01-30T08:53:02.816+0000] {processor.py:830} INFO - Processing file /home/airflow/.local/lib/python3.12/site-packages/airflow/example_dags/example_short_circuit_operator.py for tasks to queue
[2025-01-30T08:53:02.818+0000] {logging_mixin.py:188} INFO - [2025-01-30T08:53:02.818+0000] {dagbag.py:545} INFO - Filling up the DagBag from /home/airflow/.local/lib/python3.12/site-packages/airflow/example_dags/example_short_circuit_operator.py
[2025-01-30T08:53:02.826+0000] {processor.py:840} INFO - DAG(s) 'example_short_circuit_operator' retrieved from /home/airflow/.local/lib/python3.12/site-packages/airflow/example_dags/example_short_circuit_operator.py
[2025-01-30T08:53:02.850+0000] {logging_mixin.py:188} INFO - [2025-01-30T08:53:02.850+0000] {dag.py:3096} INFO - Sync 1 DAGs
[2025-01-30T08:53:02.875+0000] {logging_mixin.py:188} INFO - [2025-01-30T08:53:02.875+0000] {dag.py:3954} INFO - Setting next_dagrun for example_short_circuit_operator to 2025-01-29 00:00:00+00:00, run_after=2025-01-30 00:00:00+00:00
[2025-01-30T08:53:02.903+0000] {processor.py:183} INFO - Processing /home/airflow/.local/lib/python3.12/site-packages/airflow/example_dags/example_short_circuit_operator.py took 0.092 seconds
[2025-01-30T08:53:33.055+0000] {processor.py:161} INFO - Started process (PID=1207) to work on /home/airflow/.local/lib/python3.12/site-packages/airflow/example_dags/example_short_circuit_operator.py
[2025-01-30T08:53:33.056+0000] {processor.py:830} INFO - Processing file /home/airflow/.local/lib/python3.12/site-packages/airflow/example_dags/example_short_circuit_operator.py for tasks to queue
[2025-01-30T08:53:33.058+0000] {logging_mixin.py:188} INFO - [2025-01-30T08:53:33.058+0000] {dagbag.py:545} INFO - Filling up the DagBag from /home/airflow/.local/lib/python3.12/site-packages/airflow/example_dags/example_short_circuit_operator.py
[2025-01-30T08:53:33.065+0000] {processor.py:840} INFO - DAG(s) 'example_short_circuit_operator' retrieved from /home/airflow/.local/lib/python3.12/site-packages/airflow/example_dags/example_short_circuit_operator.py
[2025-01-30T08:53:33.091+0000] {logging_mixin.py:188} INFO - [2025-01-30T08:53:33.090+0000] {dag.py:3096} INFO - Sync 1 DAGs
[2025-01-30T08:53:33.115+0000] {logging_mixin.py:188} INFO - [2025-01-30T08:53:33.115+0000] {dag.py:3954} INFO - Setting next_dagrun for example_short_circuit_operator to 2025-01-29 00:00:00+00:00, run_after=2025-01-30 00:00:00+00:00
[2025-01-30T08:53:33.139+0000] {processor.py:183} INFO - Processing /home/airflow/.local/lib/python3.12/site-packages/airflow/example_dags/example_short_circuit_operator.py took 0.089 seconds
[2025-01-30T08:54:03.490+0000] {processor.py:161} INFO - Started process (PID=1265) to work on /home/airflow/.local/lib/python3.12/site-packages/airflow/example_dags/example_short_circuit_operator.py
[2025-01-30T08:54:03.491+0000] {processor.py:830} INFO - Processing file /home/airflow/.local/lib/python3.12/site-packages/airflow/example_dags/example_short_circuit_operator.py for tasks to queue
[2025-01-30T08:54:03.493+0000] {logging_mixin.py:188} INFO - [2025-01-30T08:54:03.492+0000] {dagbag.py:545} INFO - Filling up the DagBag from /home/airflow/.local/lib/python3.12/site-packages/airflow/example_dags/example_short_circuit_operator.py
[2025-01-30T08:54:03.499+0000] {processor.py:840} INFO - DAG(s) 'example_short_circuit_operator' retrieved from /home/airflow/.local/lib/python3.12/site-packages/airflow/example_dags/example_short_circuit_operator.py
[2025-01-30T08:54:03.524+0000] {logging_mixin.py:188} INFO - [2025-01-30T08:54:03.524+0000] {dag.py:3096} INFO - Sync 1 DAGs
[2025-01-30T08:54:03.552+0000] {logging_mixin.py:188} INFO - [2025-01-30T08:54:03.551+0000] {dag.py:3954} INFO - Setting next_dagrun for example_short_circuit_operator to 2025-01-29 00:00:00+00:00, run_after=2025-01-30 00:00:00+00:00
[2025-01-30T08:54:03.585+0000] {processor.py:183} INFO - Processing /home/airflow/.local/lib/python3.12/site-packages/airflow/example_dags/example_short_circuit_operator.py took 0.100 seconds
[2025-01-30T08:54:34.127+0000] {processor.py:161} INFO - Started process (PID=1323) to work on /home/airflow/.local/lib/python3.12/site-packages/airflow/example_dags/example_short_circuit_operator.py
[2025-01-30T08:54:34.128+0000] {processor.py:830} INFO - Processing file /home/airflow/.local/lib/python3.12/site-packages/airflow/example_dags/example_short_circuit_operator.py for tasks to queue
[2025-01-30T08:54:34.130+0000] {logging_mixin.py:188} INFO - [2025-01-30T08:54:34.130+0000] {dagbag.py:545} INFO - Filling up the DagBag from /home/airflow/.local/lib/python3.12/site-packages/airflow/example_dags/example_short_circuit_operator.py
[2025-01-30T08:54:34.138+0000] {processor.py:840} INFO - DAG(s) 'example_short_circuit_operator' retrieved from /home/airflow/.local/lib/python3.12/site-packages/airflow/example_dags/example_short_circuit_operator.py
[2025-01-30T08:54:34.162+0000] {logging_mixin.py:188} INFO - [2025-01-30T08:54:34.162+0000] {dag.py:3096} INFO - Sync 1 DAGs
[2025-01-30T08:54:34.187+0000] {logging_mixin.py:188} INFO - [2025-01-30T08:54:34.187+0000] {dag.py:3954} INFO - Setting next_dagrun for example_short_circuit_operator to 2025-01-29 00:00:00+00:00, run_after=2025-01-30 00:00:00+00:00
[2025-01-30T08:54:34.214+0000] {processor.py:183} INFO - Processing /home/airflow/.local/lib/python3.12/site-packages/airflow/example_dags/example_short_circuit_operator.py took 0.092 seconds
[2025-01-30T08:55:05.030+0000] {processor.py:161} INFO - Started process (PID=1381) to work on /home/airflow/.local/lib/python3.12/site-packages/airflow/example_dags/example_short_circuit_operator.py
[2025-01-30T08:55:05.031+0000] {processor.py:830} INFO - Processing file /home/airflow/.local/lib/python3.12/site-packages/airflow/example_dags/example_short_circuit_operator.py for tasks to queue
[2025-01-30T08:55:05.033+0000] {logging_mixin.py:188} INFO - [2025-01-30T08:55:05.033+0000] {dagbag.py:545} INFO - Filling up the DagBag from /home/airflow/.local/lib/python3.12/site-packages/airflow/example_dags/example_short_circuit_operator.py
[2025-01-30T08:55:05.039+0000] {processor.py:840} INFO - DAG(s) 'example_short_circuit_operator' retrieved from /home/airflow/.local/lib/python3.12/site-packages/airflow/example_dags/example_short_circuit_operator.py
[2025-01-30T08:55:05.064+0000] {logging_mixin.py:188} INFO - [2025-01-30T08:55:05.064+0000] {dag.py:3096} INFO - Sync 1 DAGs
[2025-01-30T08:55:05.087+0000] {logging_mixin.py:188} INFO - [2025-01-30T08:55:05.087+0000] {dag.py:3954} INFO - Setting next_dagrun for example_short_circuit_operator to 2025-01-29 00:00:00+00:00, run_after=2025-01-30 00:00:00+00:00
[2025-01-30T08:55:05.111+0000] {processor.py:183} INFO - Processing /home/airflow/.local/lib/python3.12/site-packages/airflow/example_dags/example_short_circuit_operator.py took 0.086 seconds
[2025-01-30T08:55:36.059+0000] {processor.py:161} INFO - Started process (PID=1439) to work on /home/airflow/.local/lib/python3.12/site-packages/airflow/example_dags/example_short_circuit_operator.py
[2025-01-30T08:55:36.060+0000] {processor.py:830} INFO - Processing file /home/airflow/.local/lib/python3.12/site-packages/airflow/example_dags/example_short_circuit_operator.py for tasks to queue
[2025-01-30T08:55:36.062+0000] {logging_mixin.py:188} INFO - [2025-01-30T08:55:36.062+0000] {dagbag.py:545} INFO - Filling up the DagBag from /home/airflow/.local/lib/python3.12/site-packages/airflow/example_dags/example_short_circuit_operator.py
[2025-01-30T08:55:36.069+0000] {processor.py:840} INFO - DAG(s) 'example_short_circuit_operator' retrieved from /home/airflow/.local/lib/python3.12/site-packages/airflow/example_dags/example_short_circuit_operator.py
[2025-01-30T08:55:36.095+0000] {logging_mixin.py:188} INFO - [2025-01-30T08:55:36.095+0000] {dag.py:3096} INFO - Sync 1 DAGs
[2025-01-30T08:55:36.116+0000] {logging_mixin.py:188} INFO - [2025-01-30T08:55:36.116+0000] {dag.py:3954} INFO - Setting next_dagrun for example_short_circuit_operator to 2025-01-29 00:00:00+00:00, run_after=2025-01-30 00:00:00+00:00
[2025-01-30T08:55:36.139+0000] {processor.py:183} INFO - Processing /home/airflow/.local/lib/python3.12/site-packages/airflow/example_dags/example_short_circuit_operator.py took 0.085 seconds
[2025-01-30T08:56:06.268+0000] {processor.py:161} INFO - Started process (PID=1497) to work on /home/airflow/.local/lib/python3.12/site-packages/airflow/example_dags/example_short_circuit_operator.py
[2025-01-30T08:56:06.269+0000] {processor.py:830} INFO - Processing file /home/airflow/.local/lib/python3.12/site-packages/airflow/example_dags/example_short_circuit_operator.py for tasks to queue
[2025-01-30T08:56:06.272+0000] {logging_mixin.py:188} INFO - [2025-01-30T08:56:06.272+0000] {dagbag.py:545} INFO - Filling up the DagBag from /home/airflow/.local/lib/python3.12/site-packages/airflow/example_dags/example_short_circuit_operator.py
[2025-01-30T08:56:06.279+0000] {processor.py:840} INFO - DAG(s) 'example_short_circuit_operator' retrieved from /home/airflow/.local/lib/python3.12/site-packages/airflow/example_dags/example_short_circuit_operator.py
[2025-01-30T08:56:06.302+0000] {logging_mixin.py:188} INFO - [2025-01-30T08:56:06.302+0000] {dag.py:3096} INFO - Sync 1 DAGs
[2025-01-30T08:56:06.325+0000] {logging_mixin.py:188} INFO - [2025-01-30T08:56:06.325+0000] {dag.py:3954} INFO - Setting next_dagrun for example_short_circuit_operator to 2025-01-29 00:00:00+00:00, run_after=2025-01-30 00:00:00+00:00
[2025-01-30T08:56:06.349+0000] {processor.py:183} INFO - Processing /home/airflow/.local/lib/python3.12/site-packages/airflow/example_dags/example_short_circuit_operator.py took 0.086 seconds
[2025-01-30T08:56:36.539+0000] {processor.py:161} INFO - Started process (PID=1555) to work on /home/airflow/.local/lib/python3.12/site-packages/airflow/example_dags/example_short_circuit_operator.py
[2025-01-30T08:56:36.540+0000] {processor.py:830} INFO - Processing file /home/airflow/.local/lib/python3.12/site-packages/airflow/example_dags/example_short_circuit_operator.py for tasks to queue
[2025-01-30T08:56:36.542+0000] {logging_mixin.py:188} INFO - [2025-01-30T08:56:36.542+0000] {dagbag.py:545} INFO - Filling up the DagBag from /home/airflow/.local/lib/python3.12/site-packages/airflow/example_dags/example_short_circuit_operator.py
[2025-01-30T08:56:36.548+0000] {processor.py:840} INFO - DAG(s) 'example_short_circuit_operator' retrieved from /home/airflow/.local/lib/python3.12/site-packages/airflow/example_dags/example_short_circuit_operator.py
[2025-01-30T08:56:36.574+0000] {logging_mixin.py:188} INFO - [2025-01-30T08:56:36.574+0000] {dag.py:3096} INFO - Sync 1 DAGs
[2025-01-30T08:56:36.598+0000] {logging_mixin.py:188} INFO - [2025-01-30T08:56:36.598+0000] {dag.py:3954} INFO - Setting next_dagrun for example_short_circuit_operator to 2025-01-29 00:00:00+00:00, run_after=2025-01-30 00:00:00+00:00
[2025-01-30T08:56:36.627+0000] {processor.py:183} INFO - Processing /home/airflow/.local/lib/python3.12/site-packages/airflow/example_dags/example_short_circuit_operator.py took 0.093 seconds
[2025-01-30T08:57:06.678+0000] {processor.py:161} INFO - Started process (PID=1612) to work on /home/airflow/.local/lib/python3.12/site-packages/airflow/example_dags/example_short_circuit_operator.py
[2025-01-30T08:57:06.679+0000] {processor.py:830} INFO - Processing file /home/airflow/.local/lib/python3.12/site-packages/airflow/example_dags/example_short_circuit_operator.py for tasks to queue
[2025-01-30T08:57:06.682+0000] {logging_mixin.py:188} INFO - [2025-01-30T08:57:06.682+0000] {dagbag.py:545} INFO - Filling up the DagBag from /home/airflow/.local/lib/python3.12/site-packages/airflow/example_dags/example_short_circuit_operator.py
[2025-01-30T08:57:06.688+0000] {processor.py:840} INFO - DAG(s) 'example_short_circuit_operator' retrieved from /home/airflow/.local/lib/python3.12/site-packages/airflow/example_dags/example_short_circuit_operator.py
[2025-01-30T08:57:06.711+0000] {logging_mixin.py:188} INFO - [2025-01-30T08:57:06.711+0000] {dag.py:3096} INFO - Sync 1 DAGs
[2025-01-30T08:57:06.733+0000] {logging_mixin.py:188} INFO - [2025-01-30T08:57:06.733+0000] {dag.py:3954} INFO - Setting next_dagrun for example_short_circuit_operator to 2025-01-29 00:00:00+00:00, run_after=2025-01-30 00:00:00+00:00
[2025-01-30T08:57:06.757+0000] {processor.py:183} INFO - Processing /home/airflow/.local/lib/python3.12/site-packages/airflow/example_dags/example_short_circuit_operator.py took 0.083 seconds
[2025-01-30T08:57:36.967+0000] {processor.py:161} INFO - Started process (PID=1670) to work on /home/airflow/.local/lib/python3.12/site-packages/airflow/example_dags/example_short_circuit_operator.py
[2025-01-30T08:57:36.968+0000] {processor.py:830} INFO - Processing file /home/airflow/.local/lib/python3.12/site-packages/airflow/example_dags/example_short_circuit_operator.py for tasks to queue
[2025-01-30T08:57:36.970+0000] {logging_mixin.py:188} INFO - [2025-01-30T08:57:36.970+0000] {dagbag.py:545} INFO - Filling up the DagBag from /home/airflow/.local/lib/python3.12/site-packages/airflow/example_dags/example_short_circuit_operator.py
[2025-01-30T08:57:36.981+0000] {processor.py:840} INFO - DAG(s) 'example_short_circuit_operator' retrieved from /home/airflow/.local/lib/python3.12/site-packages/airflow/example_dags/example_short_circuit_operator.py
[2025-01-30T08:57:37.006+0000] {logging_mixin.py:188} INFO - [2025-01-30T08:57:37.005+0000] {dag.py:3096} INFO - Sync 1 DAGs
[2025-01-30T08:57:37.029+0000] {logging_mixin.py:188} INFO - [2025-01-30T08:57:37.029+0000] {dag.py:3954} INFO - Setting next_dagrun for example_short_circuit_operator to 2025-01-29 00:00:00+00:00, run_after=2025-01-30 00:00:00+00:00
[2025-01-30T08:57:37.052+0000] {processor.py:183} INFO - Processing /home/airflow/.local/lib/python3.12/site-packages/airflow/example_dags/example_short_circuit_operator.py took 0.091 seconds
[2025-01-30T08:58:07.143+0000] {processor.py:161} INFO - Started process (PID=1728) to work on /home/airflow/.local/lib/python3.12/site-packages/airflow/example_dags/example_short_circuit_operator.py
[2025-01-30T08:58:07.145+0000] {processor.py:830} INFO - Processing file /home/airflow/.local/lib/python3.12/site-packages/airflow/example_dags/example_short_circuit_operator.py for tasks to queue
[2025-01-30T08:58:07.147+0000] {logging_mixin.py:188} INFO - [2025-01-30T08:58:07.146+0000] {dagbag.py:545} INFO - Filling up the DagBag from /home/airflow/.local/lib/python3.12/site-packages/airflow/example_dags/example_short_circuit_operator.py
[2025-01-30T08:58:07.154+0000] {processor.py:840} INFO - DAG(s) 'example_short_circuit_operator' retrieved from /home/airflow/.local/lib/python3.12/site-packages/airflow/example_dags/example_short_circuit_operator.py
[2025-01-30T08:58:07.178+0000] {logging_mixin.py:188} INFO - [2025-01-30T08:58:07.178+0000] {dag.py:3096} INFO - Sync 1 DAGs
[2025-01-30T08:58:07.201+0000] {logging_mixin.py:188} INFO - [2025-01-30T08:58:07.201+0000] {dag.py:3954} INFO - Setting next_dagrun for example_short_circuit_operator to 2025-01-29 00:00:00+00:00, run_after=2025-01-30 00:00:00+00:00
[2025-01-30T08:58:07.230+0000] {processor.py:183} INFO - Processing /home/airflow/.local/lib/python3.12/site-packages/airflow/example_dags/example_short_circuit_operator.py took 0.092 seconds
[2025-01-30T08:58:37.269+0000] {processor.py:161} INFO - Started process (PID=1786) to work on /home/airflow/.local/lib/python3.12/site-packages/airflow/example_dags/example_short_circuit_operator.py
[2025-01-30T08:58:37.270+0000] {processor.py:830} INFO - Processing file /home/airflow/.local/lib/python3.12/site-packages/airflow/example_dags/example_short_circuit_operator.py for tasks to queue
[2025-01-30T08:58:37.272+0000] {logging_mixin.py:188} INFO - [2025-01-30T08:58:37.272+0000] {dagbag.py:545} INFO - Filling up the DagBag from /home/airflow/.local/lib/python3.12/site-packages/airflow/example_dags/example_short_circuit_operator.py
[2025-01-30T08:58:37.279+0000] {processor.py:840} INFO - DAG(s) 'example_short_circuit_operator' retrieved from /home/airflow/.local/lib/python3.12/site-packages/airflow/example_dags/example_short_circuit_operator.py
[2025-01-30T08:58:37.306+0000] {logging_mixin.py:188} INFO - [2025-01-30T08:58:37.306+0000] {dag.py:3096} INFO - Sync 1 DAGs
[2025-01-30T08:58:37.330+0000] {logging_mixin.py:188} INFO - [2025-01-30T08:58:37.330+0000] {dag.py:3954} INFO - Setting next_dagrun for example_short_circuit_operator to 2025-01-29 00:00:00+00:00, run_after=2025-01-30 00:00:00+00:00
[2025-01-30T08:58:37.355+0000] {processor.py:183} INFO - Processing /home/airflow/.local/lib/python3.12/site-packages/airflow/example_dags/example_short_circuit_operator.py took 0.091 seconds
[2025-01-30T09:01:52.042+0000] {processor.py:161} INFO - Started process (PID=106) to work on /home/airflow/.local/lib/python3.12/site-packages/airflow/example_dags/example_short_circuit_operator.py
[2025-01-30T09:01:52.043+0000] {processor.py:830} INFO - Processing file /home/airflow/.local/lib/python3.12/site-packages/airflow/example_dags/example_short_circuit_operator.py for tasks to queue
[2025-01-30T09:01:52.045+0000] {logging_mixin.py:188} INFO - [2025-01-30T09:01:52.044+0000] {dagbag.py:545} INFO - Filling up the DagBag from /home/airflow/.local/lib/python3.12/site-packages/airflow/example_dags/example_short_circuit_operator.py
[2025-01-30T09:01:52.053+0000] {processor.py:840} INFO - DAG(s) 'example_short_circuit_operator' retrieved from /home/airflow/.local/lib/python3.12/site-packages/airflow/example_dags/example_short_circuit_operator.py
[2025-01-30T09:01:52.182+0000] {logging_mixin.py:188} INFO - [2025-01-30T09:01:52.181+0000] {dag.py:3096} INFO - Sync 1 DAGs
[2025-01-30T09:01:52.205+0000] {logging_mixin.py:188} INFO - [2025-01-30T09:01:52.205+0000] {dag.py:3954} INFO - Setting next_dagrun for example_short_circuit_operator to 2025-01-29 00:00:00+00:00, run_after=2025-01-30 00:00:00+00:00
[2025-01-30T09:01:52.232+0000] {processor.py:183} INFO - Processing /home/airflow/.local/lib/python3.12/site-packages/airflow/example_dags/example_short_circuit_operator.py took 0.195 seconds
[2025-01-30T09:02:22.430+0000] {processor.py:161} INFO - Started process (PID=164) to work on /home/airflow/.local/lib/python3.12/site-packages/airflow/example_dags/example_short_circuit_operator.py
[2025-01-30T09:02:22.431+0000] {processor.py:830} INFO - Processing file /home/airflow/.local/lib/python3.12/site-packages/airflow/example_dags/example_short_circuit_operator.py for tasks to queue
[2025-01-30T09:02:22.433+0000] {logging_mixin.py:188} INFO - [2025-01-30T09:02:22.433+0000] {dagbag.py:545} INFO - Filling up the DagBag from /home/airflow/.local/lib/python3.12/site-packages/airflow/example_dags/example_short_circuit_operator.py
[2025-01-30T09:02:22.441+0000] {processor.py:840} INFO - DAG(s) 'example_short_circuit_operator' retrieved from /home/airflow/.local/lib/python3.12/site-packages/airflow/example_dags/example_short_circuit_operator.py
[2025-01-30T09:02:22.465+0000] {logging_mixin.py:188} INFO - [2025-01-30T09:02:22.465+0000] {dag.py:3096} INFO - Sync 1 DAGs
[2025-01-30T09:02:22.491+0000] {logging_mixin.py:188} INFO - [2025-01-30T09:02:22.491+0000] {dag.py:3954} INFO - Setting next_dagrun for example_short_circuit_operator to 2025-01-29 00:00:00+00:00, run_after=2025-01-30 00:00:00+00:00
[2025-01-30T09:02:22.517+0000] {processor.py:183} INFO - Processing /home/airflow/.local/lib/python3.12/site-packages/airflow/example_dags/example_short_circuit_operator.py took 0.092 seconds
[2025-01-30T09:02:52.650+0000] {processor.py:161} INFO - Started process (PID=222) to work on /home/airflow/.local/lib/python3.12/site-packages/airflow/example_dags/example_short_circuit_operator.py
[2025-01-30T09:02:52.652+0000] {processor.py:830} INFO - Processing file /home/airflow/.local/lib/python3.12/site-packages/airflow/example_dags/example_short_circuit_operator.py for tasks to queue
[2025-01-30T09:02:52.654+0000] {logging_mixin.py:188} INFO - [2025-01-30T09:02:52.653+0000] {dagbag.py:545} INFO - Filling up the DagBag from /home/airflow/.local/lib/python3.12/site-packages/airflow/example_dags/example_short_circuit_operator.py
[2025-01-30T09:02:52.663+0000] {processor.py:840} INFO - DAG(s) 'example_short_circuit_operator' retrieved from /home/airflow/.local/lib/python3.12/site-packages/airflow/example_dags/example_short_circuit_operator.py
[2025-01-30T09:02:52.687+0000] {logging_mixin.py:188} INFO - [2025-01-30T09:02:52.686+0000] {dag.py:3096} INFO - Sync 1 DAGs
[2025-01-30T09:02:52.713+0000] {logging_mixin.py:188} INFO - [2025-01-30T09:02:52.713+0000] {dag.py:3954} INFO - Setting next_dagrun for example_short_circuit_operator to 2025-01-29 00:00:00+00:00, run_after=2025-01-30 00:00:00+00:00
[2025-01-30T09:02:52.738+0000] {processor.py:183} INFO - Processing /home/airflow/.local/lib/python3.12/site-packages/airflow/example_dags/example_short_circuit_operator.py took 0.093 seconds
[2025-01-30T09:03:23.048+0000] {processor.py:161} INFO - Started process (PID=280) to work on /home/airflow/.local/lib/python3.12/site-packages/airflow/example_dags/example_short_circuit_operator.py
[2025-01-30T09:03:23.049+0000] {processor.py:830} INFO - Processing file /home/airflow/.local/lib/python3.12/site-packages/airflow/example_dags/example_short_circuit_operator.py for tasks to queue
[2025-01-30T09:03:23.052+0000] {logging_mixin.py:188} INFO - [2025-01-30T09:03:23.052+0000] {dagbag.py:545} INFO - Filling up the DagBag from /home/airflow/.local/lib/python3.12/site-packages/airflow/example_dags/example_short_circuit_operator.py
[2025-01-30T09:03:23.067+0000] {processor.py:840} INFO - DAG(s) 'example_short_circuit_operator' retrieved from /home/airflow/.local/lib/python3.12/site-packages/airflow/example_dags/example_short_circuit_operator.py
[2025-01-30T09:03:23.110+0000] {logging_mixin.py:188} INFO - [2025-01-30T09:03:23.109+0000] {dag.py:3096} INFO - Sync 1 DAGs
[2025-01-30T09:03:23.148+0000] {logging_mixin.py:188} INFO - [2025-01-30T09:03:23.148+0000] {dag.py:3954} INFO - Setting next_dagrun for example_short_circuit_operator to 2025-01-29 00:00:00+00:00, run_after=2025-01-30 00:00:00+00:00
[2025-01-30T09:03:23.189+0000] {processor.py:183} INFO - Processing /home/airflow/.local/lib/python3.12/site-packages/airflow/example_dags/example_short_circuit_operator.py took 0.151 seconds
[2025-01-30T09:05:22.387+0000] {processor.py:161} INFO - Started process (PID=104) to work on /home/airflow/.local/lib/python3.12/site-packages/airflow/example_dags/example_short_circuit_operator.py
[2025-01-30T09:05:22.388+0000] {processor.py:830} INFO - Processing file /home/airflow/.local/lib/python3.12/site-packages/airflow/example_dags/example_short_circuit_operator.py for tasks to queue
[2025-01-30T09:05:22.390+0000] {logging_mixin.py:188} INFO - [2025-01-30T09:05:22.390+0000] {dagbag.py:545} INFO - Filling up the DagBag from /home/airflow/.local/lib/python3.12/site-packages/airflow/example_dags/example_short_circuit_operator.py
[2025-01-30T09:05:22.399+0000] {processor.py:840} INFO - DAG(s) 'example_short_circuit_operator' retrieved from /home/airflow/.local/lib/python3.12/site-packages/airflow/example_dags/example_short_circuit_operator.py
[2025-01-30T09:05:22.518+0000] {logging_mixin.py:188} INFO - [2025-01-30T09:05:22.517+0000] {dag.py:3096} INFO - Sync 1 DAGs
[2025-01-30T09:05:22.543+0000] {logging_mixin.py:188} INFO - [2025-01-30T09:05:22.542+0000] {dag.py:3954} INFO - Setting next_dagrun for example_short_circuit_operator to 2025-01-29 00:00:00+00:00, run_after=2025-01-30 00:00:00+00:00
[2025-01-30T09:05:22.571+0000] {processor.py:183} INFO - Processing /home/airflow/.local/lib/python3.12/site-packages/airflow/example_dags/example_short_circuit_operator.py took 0.189 seconds
[2025-01-30T09:05:53.153+0000] {processor.py:161} INFO - Started process (PID=162) to work on /home/airflow/.local/lib/python3.12/site-packages/airflow/example_dags/example_short_circuit_operator.py
[2025-01-30T09:05:53.154+0000] {processor.py:830} INFO - Processing file /home/airflow/.local/lib/python3.12/site-packages/airflow/example_dags/example_short_circuit_operator.py for tasks to queue
[2025-01-30T09:05:53.156+0000] {logging_mixin.py:188} INFO - [2025-01-30T09:05:53.155+0000] {dagbag.py:545} INFO - Filling up the DagBag from /home/airflow/.local/lib/python3.12/site-packages/airflow/example_dags/example_short_circuit_operator.py
[2025-01-30T09:05:53.164+0000] {processor.py:840} INFO - DAG(s) 'example_short_circuit_operator' retrieved from /home/airflow/.local/lib/python3.12/site-packages/airflow/example_dags/example_short_circuit_operator.py
[2025-01-30T09:05:53.188+0000] {logging_mixin.py:188} INFO - [2025-01-30T09:05:53.188+0000] {dag.py:3096} INFO - Sync 1 DAGs
[2025-01-30T09:05:53.213+0000] {logging_mixin.py:188} INFO - [2025-01-30T09:05:53.213+0000] {dag.py:3954} INFO - Setting next_dagrun for example_short_circuit_operator to 2025-01-29 00:00:00+00:00, run_after=2025-01-30 00:00:00+00:00
[2025-01-30T09:05:53.242+0000] {processor.py:183} INFO - Processing /home/airflow/.local/lib/python3.12/site-packages/airflow/example_dags/example_short_circuit_operator.py took 0.094 seconds
[2025-01-30T09:10:52.799+0000] {processor.py:161} INFO - Started process (PID=107) to work on /home/airflow/.local/lib/python3.12/site-packages/airflow/example_dags/example_short_circuit_operator.py
[2025-01-30T09:10:52.801+0000] {processor.py:830} INFO - Processing file /home/airflow/.local/lib/python3.12/site-packages/airflow/example_dags/example_short_circuit_operator.py for tasks to queue
[2025-01-30T09:10:52.802+0000] {logging_mixin.py:188} INFO - [2025-01-30T09:10:52.802+0000] {dagbag.py:545} INFO - Filling up the DagBag from /home/airflow/.local/lib/python3.12/site-packages/airflow/example_dags/example_short_circuit_operator.py
[2025-01-30T09:10:52.810+0000] {processor.py:840} INFO - DAG(s) 'example_short_circuit_operator' retrieved from /home/airflow/.local/lib/python3.12/site-packages/airflow/example_dags/example_short_circuit_operator.py
[2025-01-30T09:10:52.924+0000] {logging_mixin.py:188} INFO - [2025-01-30T09:10:52.924+0000] {dag.py:3096} INFO - Sync 1 DAGs
[2025-01-30T09:10:52.944+0000] {logging_mixin.py:188} INFO - [2025-01-30T09:10:52.944+0000] {dag.py:3954} INFO - Setting next_dagrun for example_short_circuit_operator to 2025-01-29 00:00:00+00:00, run_after=2025-01-30 00:00:00+00:00
[2025-01-30T09:10:52.972+0000] {processor.py:183} INFO - Processing /home/airflow/.local/lib/python3.12/site-packages/airflow/example_dags/example_short_circuit_operator.py took 0.178 seconds
[2025-01-30T09:11:23.427+0000] {processor.py:161} INFO - Started process (PID=166) to work on /home/airflow/.local/lib/python3.12/site-packages/airflow/example_dags/example_short_circuit_operator.py
[2025-01-30T09:11:23.428+0000] {processor.py:830} INFO - Processing file /home/airflow/.local/lib/python3.12/site-packages/airflow/example_dags/example_short_circuit_operator.py for tasks to queue
[2025-01-30T09:11:23.430+0000] {logging_mixin.py:188} INFO - [2025-01-30T09:11:23.429+0000] {dagbag.py:545} INFO - Filling up the DagBag from /home/airflow/.local/lib/python3.12/site-packages/airflow/example_dags/example_short_circuit_operator.py
[2025-01-30T09:11:23.436+0000] {processor.py:840} INFO - DAG(s) 'example_short_circuit_operator' retrieved from /home/airflow/.local/lib/python3.12/site-packages/airflow/example_dags/example_short_circuit_operator.py
[2025-01-30T09:11:23.461+0000] {logging_mixin.py:188} INFO - [2025-01-30T09:11:23.461+0000] {dag.py:3096} INFO - Sync 1 DAGs
[2025-01-30T09:11:23.485+0000] {logging_mixin.py:188} INFO - [2025-01-30T09:11:23.484+0000] {dag.py:3954} INFO - Setting next_dagrun for example_short_circuit_operator to 2025-01-29 00:00:00+00:00, run_after=2025-01-30 00:00:00+00:00
[2025-01-30T09:11:23.510+0000] {processor.py:183} INFO - Processing /home/airflow/.local/lib/python3.12/site-packages/airflow/example_dags/example_short_circuit_operator.py took 0.088 seconds
[2025-01-30T09:11:53.895+0000] {processor.py:161} INFO - Started process (PID=224) to work on /home/airflow/.local/lib/python3.12/site-packages/airflow/example_dags/example_short_circuit_operator.py
[2025-01-30T09:11:53.897+0000] {processor.py:830} INFO - Processing file /home/airflow/.local/lib/python3.12/site-packages/airflow/example_dags/example_short_circuit_operator.py for tasks to queue
[2025-01-30T09:11:53.898+0000] {logging_mixin.py:188} INFO - [2025-01-30T09:11:53.898+0000] {dagbag.py:545} INFO - Filling up the DagBag from /home/airflow/.local/lib/python3.12/site-packages/airflow/example_dags/example_short_circuit_operator.py
[2025-01-30T09:11:53.904+0000] {processor.py:840} INFO - DAG(s) 'example_short_circuit_operator' retrieved from /home/airflow/.local/lib/python3.12/site-packages/airflow/example_dags/example_short_circuit_operator.py
[2025-01-30T09:11:53.929+0000] {logging_mixin.py:188} INFO - [2025-01-30T09:11:53.929+0000] {dag.py:3096} INFO - Sync 1 DAGs
[2025-01-30T09:11:53.954+0000] {logging_mixin.py:188} INFO - [2025-01-30T09:11:53.954+0000] {dag.py:3954} INFO - Setting next_dagrun for example_short_circuit_operator to 2025-01-29 00:00:00+00:00, run_after=2025-01-30 00:00:00+00:00
[2025-01-30T09:11:53.985+0000] {processor.py:183} INFO - Processing /home/airflow/.local/lib/python3.12/site-packages/airflow/example_dags/example_short_circuit_operator.py took 0.094 seconds
[2025-01-30T09:12:24.300+0000] {processor.py:161} INFO - Started process (PID=282) to work on /home/airflow/.local/lib/python3.12/site-packages/airflow/example_dags/example_short_circuit_operator.py
[2025-01-30T09:12:24.301+0000] {processor.py:830} INFO - Processing file /home/airflow/.local/lib/python3.12/site-packages/airflow/example_dags/example_short_circuit_operator.py for tasks to queue
[2025-01-30T09:12:24.302+0000] {logging_mixin.py:188} INFO - [2025-01-30T09:12:24.302+0000] {dagbag.py:545} INFO - Filling up the DagBag from /home/airflow/.local/lib/python3.12/site-packages/airflow/example_dags/example_short_circuit_operator.py
[2025-01-30T09:12:24.308+0000] {processor.py:840} INFO - DAG(s) 'example_short_circuit_operator' retrieved from /home/airflow/.local/lib/python3.12/site-packages/airflow/example_dags/example_short_circuit_operator.py
[2025-01-30T09:12:24.334+0000] {logging_mixin.py:188} INFO - [2025-01-30T09:12:24.334+0000] {dag.py:3096} INFO - Sync 1 DAGs
[2025-01-30T09:12:24.355+0000] {logging_mixin.py:188} INFO - [2025-01-30T09:12:24.355+0000] {dag.py:3954} INFO - Setting next_dagrun for example_short_circuit_operator to 2025-01-29 00:00:00+00:00, run_after=2025-01-30 00:00:00+00:00
[2025-01-30T09:12:24.380+0000] {processor.py:183} INFO - Processing /home/airflow/.local/lib/python3.12/site-packages/airflow/example_dags/example_short_circuit_operator.py took 0.086 seconds
[2025-01-30T09:12:54.640+0000] {processor.py:161} INFO - Started process (PID=340) to work on /home/airflow/.local/lib/python3.12/site-packages/airflow/example_dags/example_short_circuit_operator.py
[2025-01-30T09:12:54.641+0000] {processor.py:830} INFO - Processing file /home/airflow/.local/lib/python3.12/site-packages/airflow/example_dags/example_short_circuit_operator.py for tasks to queue
[2025-01-30T09:12:54.644+0000] {logging_mixin.py:188} INFO - [2025-01-30T09:12:54.643+0000] {dagbag.py:545} INFO - Filling up the DagBag from /home/airflow/.local/lib/python3.12/site-packages/airflow/example_dags/example_short_circuit_operator.py
[2025-01-30T09:12:54.650+0000] {processor.py:840} INFO - DAG(s) 'example_short_circuit_operator' retrieved from /home/airflow/.local/lib/python3.12/site-packages/airflow/example_dags/example_short_circuit_operator.py
[2025-01-30T09:12:54.676+0000] {logging_mixin.py:188} INFO - [2025-01-30T09:12:54.676+0000] {dag.py:3096} INFO - Sync 1 DAGs
[2025-01-30T09:12:54.703+0000] {logging_mixin.py:188} INFO - [2025-01-30T09:12:54.703+0000] {dag.py:3954} INFO - Setting next_dagrun for example_short_circuit_operator to 2025-01-29 00:00:00+00:00, run_after=2025-01-30 00:00:00+00:00
[2025-01-30T09:12:54.727+0000] {processor.py:183} INFO - Processing /home/airflow/.local/lib/python3.12/site-packages/airflow/example_dags/example_short_circuit_operator.py took 0.092 seconds
[2025-01-30T09:13:25.063+0000] {processor.py:161} INFO - Started process (PID=398) to work on /home/airflow/.local/lib/python3.12/site-packages/airflow/example_dags/example_short_circuit_operator.py
[2025-01-30T09:13:25.064+0000] {processor.py:830} INFO - Processing file /home/airflow/.local/lib/python3.12/site-packages/airflow/example_dags/example_short_circuit_operator.py for tasks to queue
[2025-01-30T09:13:25.066+0000] {logging_mixin.py:188} INFO - [2025-01-30T09:13:25.066+0000] {dagbag.py:545} INFO - Filling up the DagBag from /home/airflow/.local/lib/python3.12/site-packages/airflow/example_dags/example_short_circuit_operator.py
[2025-01-30T09:13:25.072+0000] {processor.py:840} INFO - DAG(s) 'example_short_circuit_operator' retrieved from /home/airflow/.local/lib/python3.12/site-packages/airflow/example_dags/example_short_circuit_operator.py
[2025-01-30T09:13:25.096+0000] {logging_mixin.py:188} INFO - [2025-01-30T09:13:25.096+0000] {dag.py:3096} INFO - Sync 1 DAGs
[2025-01-30T09:13:25.119+0000] {logging_mixin.py:188} INFO - [2025-01-30T09:13:25.118+0000] {dag.py:3954} INFO - Setting next_dagrun for example_short_circuit_operator to 2025-01-29 00:00:00+00:00, run_after=2025-01-30 00:00:00+00:00
[2025-01-30T09:13:25.141+0000] {processor.py:183} INFO - Processing /home/airflow/.local/lib/python3.12/site-packages/airflow/example_dags/example_short_circuit_operator.py took 0.083 seconds
[2025-01-30T09:13:55.172+0000] {processor.py:161} INFO - Started process (PID=456) to work on /home/airflow/.local/lib/python3.12/site-packages/airflow/example_dags/example_short_circuit_operator.py
[2025-01-30T09:13:55.173+0000] {processor.py:830} INFO - Processing file /home/airflow/.local/lib/python3.12/site-packages/airflow/example_dags/example_short_circuit_operator.py for tasks to queue
[2025-01-30T09:13:55.175+0000] {logging_mixin.py:188} INFO - [2025-01-30T09:13:55.175+0000] {dagbag.py:545} INFO - Filling up the DagBag from /home/airflow/.local/lib/python3.12/site-packages/airflow/example_dags/example_short_circuit_operator.py
[2025-01-30T09:13:55.182+0000] {processor.py:840} INFO - DAG(s) 'example_short_circuit_operator' retrieved from /home/airflow/.local/lib/python3.12/site-packages/airflow/example_dags/example_short_circuit_operator.py
[2025-01-30T09:13:55.205+0000] {logging_mixin.py:188} INFO - [2025-01-30T09:13:55.205+0000] {dag.py:3096} INFO - Sync 1 DAGs
[2025-01-30T09:13:55.231+0000] {logging_mixin.py:188} INFO - [2025-01-30T09:13:55.231+0000] {dag.py:3954} INFO - Setting next_dagrun for example_short_circuit_operator to 2025-01-29 00:00:00+00:00, run_after=2025-01-30 00:00:00+00:00
[2025-01-30T09:13:55.254+0000] {processor.py:183} INFO - Processing /home/airflow/.local/lib/python3.12/site-packages/airflow/example_dags/example_short_circuit_operator.py took 0.086 seconds
[2025-01-30T09:14:25.518+0000] {processor.py:161} INFO - Started process (PID=514) to work on /home/airflow/.local/lib/python3.12/site-packages/airflow/example_dags/example_short_circuit_operator.py
[2025-01-30T09:14:25.519+0000] {processor.py:830} INFO - Processing file /home/airflow/.local/lib/python3.12/site-packages/airflow/example_dags/example_short_circuit_operator.py for tasks to queue
[2025-01-30T09:14:25.520+0000] {logging_mixin.py:188} INFO - [2025-01-30T09:14:25.520+0000] {dagbag.py:545} INFO - Filling up the DagBag from /home/airflow/.local/lib/python3.12/site-packages/airflow/example_dags/example_short_circuit_operator.py
[2025-01-30T09:14:25.527+0000] {processor.py:840} INFO - DAG(s) 'example_short_circuit_operator' retrieved from /home/airflow/.local/lib/python3.12/site-packages/airflow/example_dags/example_short_circuit_operator.py
[2025-01-30T09:14:25.553+0000] {logging_mixin.py:188} INFO - [2025-01-30T09:14:25.552+0000] {dag.py:3096} INFO - Sync 1 DAGs
[2025-01-30T09:14:25.577+0000] {logging_mixin.py:188} INFO - [2025-01-30T09:14:25.576+0000] {dag.py:3954} INFO - Setting next_dagrun for example_short_circuit_operator to 2025-01-29 00:00:00+00:00, run_after=2025-01-30 00:00:00+00:00
[2025-01-30T09:14:25.601+0000] {processor.py:183} INFO - Processing /home/airflow/.local/lib/python3.12/site-packages/airflow/example_dags/example_short_circuit_operator.py took 0.088 seconds
[2025-01-30T09:14:56.937+0000] {processor.py:161} INFO - Started process (PID=571) to work on /home/airflow/.local/lib/python3.12/site-packages/airflow/example_dags/example_short_circuit_operator.py
[2025-01-30T09:14:56.938+0000] {processor.py:830} INFO - Processing file /home/airflow/.local/lib/python3.12/site-packages/airflow/example_dags/example_short_circuit_operator.py for tasks to queue
[2025-01-30T09:14:56.940+0000] {logging_mixin.py:188} INFO - [2025-01-30T09:14:56.939+0000] {dagbag.py:545} INFO - Filling up the DagBag from /home/airflow/.local/lib/python3.12/site-packages/airflow/example_dags/example_short_circuit_operator.py
[2025-01-30T09:14:56.947+0000] {processor.py:840} INFO - DAG(s) 'example_short_circuit_operator' retrieved from /home/airflow/.local/lib/python3.12/site-packages/airflow/example_dags/example_short_circuit_operator.py
[2025-01-30T09:14:56.970+0000] {logging_mixin.py:188} INFO - [2025-01-30T09:14:56.970+0000] {dag.py:3096} INFO - Sync 1 DAGs
[2025-01-30T09:14:56.997+0000] {logging_mixin.py:188} INFO - [2025-01-30T09:14:56.997+0000] {dag.py:3954} INFO - Setting next_dagrun for example_short_circuit_operator to 2025-01-29 00:00:00+00:00, run_after=2025-01-30 00:00:00+00:00
[2025-01-30T09:14:57.050+0000] {processor.py:183} INFO - Processing /home/airflow/.local/lib/python3.12/site-packages/airflow/example_dags/example_short_circuit_operator.py took 0.119 seconds
[2025-01-30T09:15:27.694+0000] {processor.py:161} INFO - Started process (PID=629) to work on /home/airflow/.local/lib/python3.12/site-packages/airflow/example_dags/example_short_circuit_operator.py
[2025-01-30T09:15:27.696+0000] {processor.py:830} INFO - Processing file /home/airflow/.local/lib/python3.12/site-packages/airflow/example_dags/example_short_circuit_operator.py for tasks to queue
[2025-01-30T09:15:27.699+0000] {logging_mixin.py:188} INFO - [2025-01-30T09:15:27.698+0000] {dagbag.py:545} INFO - Filling up the DagBag from /home/airflow/.local/lib/python3.12/site-packages/airflow/example_dags/example_short_circuit_operator.py
[2025-01-30T09:15:27.706+0000] {processor.py:840} INFO - DAG(s) 'example_short_circuit_operator' retrieved from /home/airflow/.local/lib/python3.12/site-packages/airflow/example_dags/example_short_circuit_operator.py
[2025-01-30T09:15:27.729+0000] {logging_mixin.py:188} INFO - [2025-01-30T09:15:27.729+0000] {dag.py:3096} INFO - Sync 1 DAGs
[2025-01-30T09:15:27.754+0000] {logging_mixin.py:188} INFO - [2025-01-30T09:15:27.754+0000] {dag.py:3954} INFO - Setting next_dagrun for example_short_circuit_operator to 2025-01-29 00:00:00+00:00, run_after=2025-01-30 00:00:00+00:00
[2025-01-30T09:15:27.777+0000] {processor.py:183} INFO - Processing /home/airflow/.local/lib/python3.12/site-packages/airflow/example_dags/example_short_circuit_operator.py took 0.087 seconds
[2025-01-30T09:15:58.085+0000] {processor.py:161} INFO - Started process (PID=687) to work on /home/airflow/.local/lib/python3.12/site-packages/airflow/example_dags/example_short_circuit_operator.py
[2025-01-30T09:15:58.087+0000] {processor.py:830} INFO - Processing file /home/airflow/.local/lib/python3.12/site-packages/airflow/example_dags/example_short_circuit_operator.py for tasks to queue
[2025-01-30T09:15:58.089+0000] {logging_mixin.py:188} INFO - [2025-01-30T09:15:58.089+0000] {dagbag.py:545} INFO - Filling up the DagBag from /home/airflow/.local/lib/python3.12/site-packages/airflow/example_dags/example_short_circuit_operator.py
[2025-01-30T09:15:58.096+0000] {processor.py:840} INFO - DAG(s) 'example_short_circuit_operator' retrieved from /home/airflow/.local/lib/python3.12/site-packages/airflow/example_dags/example_short_circuit_operator.py
[2025-01-30T09:15:58.120+0000] {logging_mixin.py:188} INFO - [2025-01-30T09:15:58.119+0000] {dag.py:3096} INFO - Sync 1 DAGs
[2025-01-30T09:15:58.143+0000] {logging_mixin.py:188} INFO - [2025-01-30T09:15:58.143+0000] {dag.py:3954} INFO - Setting next_dagrun for example_short_circuit_operator to 2025-01-29 00:00:00+00:00, run_after=2025-01-30 00:00:00+00:00
[2025-01-30T09:15:58.168+0000] {processor.py:183} INFO - Processing /home/airflow/.local/lib/python3.12/site-packages/airflow/example_dags/example_short_circuit_operator.py took 0.087 seconds
[2025-01-30T09:16:28.803+0000] {processor.py:161} INFO - Started process (PID=745) to work on /home/airflow/.local/lib/python3.12/site-packages/airflow/example_dags/example_short_circuit_operator.py
[2025-01-30T09:16:28.804+0000] {processor.py:830} INFO - Processing file /home/airflow/.local/lib/python3.12/site-packages/airflow/example_dags/example_short_circuit_operator.py for tasks to queue
[2025-01-30T09:16:28.806+0000] {logging_mixin.py:188} INFO - [2025-01-30T09:16:28.806+0000] {dagbag.py:545} INFO - Filling up the DagBag from /home/airflow/.local/lib/python3.12/site-packages/airflow/example_dags/example_short_circuit_operator.py
[2025-01-30T09:16:28.813+0000] {processor.py:840} INFO - DAG(s) 'example_short_circuit_operator' retrieved from /home/airflow/.local/lib/python3.12/site-packages/airflow/example_dags/example_short_circuit_operator.py
[2025-01-30T09:16:28.838+0000] {logging_mixin.py:188} INFO - [2025-01-30T09:16:28.837+0000] {dag.py:3096} INFO - Sync 1 DAGs
[2025-01-30T09:16:28.859+0000] {logging_mixin.py:188} INFO - [2025-01-30T09:16:28.859+0000] {dag.py:3954} INFO - Setting next_dagrun for example_short_circuit_operator to 2025-01-29 00:00:00+00:00, run_after=2025-01-30 00:00:00+00:00
[2025-01-30T09:16:28.880+0000] {processor.py:183} INFO - Processing /home/airflow/.local/lib/python3.12/site-packages/airflow/example_dags/example_short_circuit_operator.py took 0.082 seconds
[2025-01-30T09:16:59.010+0000] {processor.py:161} INFO - Started process (PID=803) to work on /home/airflow/.local/lib/python3.12/site-packages/airflow/example_dags/example_short_circuit_operator.py
[2025-01-30T09:16:59.011+0000] {processor.py:830} INFO - Processing file /home/airflow/.local/lib/python3.12/site-packages/airflow/example_dags/example_short_circuit_operator.py for tasks to queue
[2025-01-30T09:16:59.014+0000] {logging_mixin.py:188} INFO - [2025-01-30T09:16:59.013+0000] {dagbag.py:545} INFO - Filling up the DagBag from /home/airflow/.local/lib/python3.12/site-packages/airflow/example_dags/example_short_circuit_operator.py
[2025-01-30T09:16:59.020+0000] {processor.py:840} INFO - DAG(s) 'example_short_circuit_operator' retrieved from /home/airflow/.local/lib/python3.12/site-packages/airflow/example_dags/example_short_circuit_operator.py
[2025-01-30T09:16:59.047+0000] {logging_mixin.py:188} INFO - [2025-01-30T09:16:59.046+0000] {dag.py:3096} INFO - Sync 1 DAGs
[2025-01-30T09:16:59.070+0000] {logging_mixin.py:188} INFO - [2025-01-30T09:16:59.070+0000] {dag.py:3954} INFO - Setting next_dagrun for example_short_circuit_operator to 2025-01-29 00:00:00+00:00, run_after=2025-01-30 00:00:00+00:00
[2025-01-30T09:16:59.105+0000] {processor.py:183} INFO - Processing /home/airflow/.local/lib/python3.12/site-packages/airflow/example_dags/example_short_circuit_operator.py took 0.101 seconds
[2025-01-30T09:17:29.670+0000] {processor.py:161} INFO - Started process (PID=861) to work on /home/airflow/.local/lib/python3.12/site-packages/airflow/example_dags/example_short_circuit_operator.py
[2025-01-30T09:17:29.672+0000] {processor.py:830} INFO - Processing file /home/airflow/.local/lib/python3.12/site-packages/airflow/example_dags/example_short_circuit_operator.py for tasks to queue
[2025-01-30T09:17:29.674+0000] {logging_mixin.py:188} INFO - [2025-01-30T09:17:29.674+0000] {dagbag.py:545} INFO - Filling up the DagBag from /home/airflow/.local/lib/python3.12/site-packages/airflow/example_dags/example_short_circuit_operator.py
[2025-01-30T09:17:29.683+0000] {processor.py:840} INFO - DAG(s) 'example_short_circuit_operator' retrieved from /home/airflow/.local/lib/python3.12/site-packages/airflow/example_dags/example_short_circuit_operator.py
[2025-01-30T09:17:29.707+0000] {logging_mixin.py:188} INFO - [2025-01-30T09:17:29.706+0000] {dag.py:3096} INFO - Sync 1 DAGs
[2025-01-30T09:17:29.622+0000] {logging_mixin.py:188} INFO - [2025-01-30T09:17:29.622+0000] {dag.py:3954} INFO - Setting next_dagrun for example_short_circuit_operator to 2025-01-29 00:00:00+00:00, run_after=2025-01-30 00:00:00+00:00
[2025-01-30T09:17:29.647+0000] {processor.py:183} INFO - Processing /home/airflow/.local/lib/python3.12/site-packages/airflow/example_dags/example_short_circuit_operator.py took 0.092 seconds
[2025-01-30T09:18:00.682+0000] {processor.py:161} INFO - Started process (PID=920) to work on /home/airflow/.local/lib/python3.12/site-packages/airflow/example_dags/example_short_circuit_operator.py
[2025-01-30T09:18:00.683+0000] {processor.py:830} INFO - Processing file /home/airflow/.local/lib/python3.12/site-packages/airflow/example_dags/example_short_circuit_operator.py for tasks to queue
[2025-01-30T09:18:00.684+0000] {logging_mixin.py:188} INFO - [2025-01-30T09:18:00.684+0000] {dagbag.py:545} INFO - Filling up the DagBag from /home/airflow/.local/lib/python3.12/site-packages/airflow/example_dags/example_short_circuit_operator.py
[2025-01-30T09:18:00.691+0000] {processor.py:840} INFO - DAG(s) 'example_short_circuit_operator' retrieved from /home/airflow/.local/lib/python3.12/site-packages/airflow/example_dags/example_short_circuit_operator.py
[2025-01-30T09:18:00.714+0000] {logging_mixin.py:188} INFO - [2025-01-30T09:18:00.713+0000] {dag.py:3096} INFO - Sync 1 DAGs
[2025-01-30T09:18:00.737+0000] {logging_mixin.py:188} INFO - [2025-01-30T09:18:00.737+0000] {dag.py:3954} INFO - Setting next_dagrun for example_short_circuit_operator to 2025-01-29 00:00:00+00:00, run_after=2025-01-30 00:00:00+00:00
[2025-01-30T09:18:00.765+0000] {processor.py:183} INFO - Processing /home/airflow/.local/lib/python3.12/site-packages/airflow/example_dags/example_short_circuit_operator.py took 0.089 seconds
[2025-01-30T09:18:31.515+0000] {processor.py:161} INFO - Started process (PID=979) to work on /home/airflow/.local/lib/python3.12/site-packages/airflow/example_dags/example_short_circuit_operator.py
[2025-01-30T09:18:31.516+0000] {processor.py:830} INFO - Processing file /home/airflow/.local/lib/python3.12/site-packages/airflow/example_dags/example_short_circuit_operator.py for tasks to queue
[2025-01-30T09:18:31.522+0000] {logging_mixin.py:188} INFO - [2025-01-30T09:18:31.519+0000] {dagbag.py:545} INFO - Filling up the DagBag from /home/airflow/.local/lib/python3.12/site-packages/airflow/example_dags/example_short_circuit_operator.py
[2025-01-30T09:18:31.536+0000] {processor.py:840} INFO - DAG(s) 'example_short_circuit_operator' retrieved from /home/airflow/.local/lib/python3.12/site-packages/airflow/example_dags/example_short_circuit_operator.py
[2025-01-30T09:18:31.604+0000] {logging_mixin.py:188} INFO - [2025-01-30T09:18:31.604+0000] {dag.py:3096} INFO - Sync 1 DAGs
[2025-01-30T09:18:31.677+0000] {logging_mixin.py:188} INFO - [2025-01-30T09:18:31.676+0000] {dag.py:3954} INFO - Setting next_dagrun for example_short_circuit_operator to 2025-01-29 00:00:00+00:00, run_after=2025-01-30 00:00:00+00:00
[2025-01-30T09:18:32.168+0000] {logging_mixin.py:188} INFO - [2025-01-30T09:18:32.168+0000] {process_utils.py:263} INFO - Waiting up to 5 seconds for processes to exit...
[2025-01-30T09:20:18.411+0000] {processor.py:161} INFO - Started process (PID=104) to work on /home/airflow/.local/lib/python3.12/site-packages/airflow/example_dags/example_short_circuit_operator.py
[2025-01-30T09:20:18.413+0000] {processor.py:830} INFO - Processing file /home/airflow/.local/lib/python3.12/site-packages/airflow/example_dags/example_short_circuit_operator.py for tasks to queue
[2025-01-30T09:20:18.415+0000] {logging_mixin.py:188} INFO - [2025-01-30T09:20:18.414+0000] {dagbag.py:545} INFO - Filling up the DagBag from /home/airflow/.local/lib/python3.12/site-packages/airflow/example_dags/example_short_circuit_operator.py
[2025-01-30T09:20:18.423+0000] {processor.py:840} INFO - DAG(s) 'example_short_circuit_operator' retrieved from /home/airflow/.local/lib/python3.12/site-packages/airflow/example_dags/example_short_circuit_operator.py
[2025-01-30T09:20:18.542+0000] {logging_mixin.py:188} INFO - [2025-01-30T09:20:18.541+0000] {dag.py:3096} INFO - Sync 1 DAGs
[2025-01-30T09:20:18.565+0000] {logging_mixin.py:188} INFO - [2025-01-30T09:20:18.564+0000] {dag.py:3954} INFO - Setting next_dagrun for example_short_circuit_operator to 2025-01-29 00:00:00+00:00, run_after=2025-01-30 00:00:00+00:00
[2025-01-30T09:20:18.589+0000] {processor.py:183} INFO - Processing /home/airflow/.local/lib/python3.12/site-packages/airflow/example_dags/example_short_circuit_operator.py took 0.182 seconds
[2025-01-30T09:20:49.423+0000] {processor.py:161} INFO - Started process (PID=162) to work on /home/airflow/.local/lib/python3.12/site-packages/airflow/example_dags/example_short_circuit_operator.py
[2025-01-30T09:20:49.424+0000] {processor.py:830} INFO - Processing file /home/airflow/.local/lib/python3.12/site-packages/airflow/example_dags/example_short_circuit_operator.py for tasks to queue
[2025-01-30T09:20:49.426+0000] {logging_mixin.py:188} INFO - [2025-01-30T09:20:49.426+0000] {dagbag.py:545} INFO - Filling up the DagBag from /home/airflow/.local/lib/python3.12/site-packages/airflow/example_dags/example_short_circuit_operator.py
[2025-01-30T09:20:49.433+0000] {processor.py:840} INFO - DAG(s) 'example_short_circuit_operator' retrieved from /home/airflow/.local/lib/python3.12/site-packages/airflow/example_dags/example_short_circuit_operator.py
[2025-01-30T09:20:49.457+0000] {logging_mixin.py:188} INFO - [2025-01-30T09:20:49.457+0000] {dag.py:3096} INFO - Sync 1 DAGs
[2025-01-30T09:20:49.481+0000] {logging_mixin.py:188} INFO - [2025-01-30T09:20:49.481+0000] {dag.py:3954} INFO - Setting next_dagrun for example_short_circuit_operator to 2025-01-29 00:00:00+00:00, run_after=2025-01-30 00:00:00+00:00
[2025-01-30T09:20:49.505+0000] {processor.py:183} INFO - Processing /home/airflow/.local/lib/python3.12/site-packages/airflow/example_dags/example_short_circuit_operator.py took 0.088 seconds
[2025-01-30T09:21:19.553+0000] {processor.py:161} INFO - Started process (PID=219) to work on /home/airflow/.local/lib/python3.12/site-packages/airflow/example_dags/example_short_circuit_operator.py
[2025-01-30T09:21:19.555+0000] {processor.py:830} INFO - Processing file /home/airflow/.local/lib/python3.12/site-packages/airflow/example_dags/example_short_circuit_operator.py for tasks to queue
[2025-01-30T09:21:19.557+0000] {logging_mixin.py:188} INFO - [2025-01-30T09:21:19.556+0000] {dagbag.py:545} INFO - Filling up the DagBag from /home/airflow/.local/lib/python3.12/site-packages/airflow/example_dags/example_short_circuit_operator.py
[2025-01-30T09:21:19.564+0000] {processor.py:840} INFO - DAG(s) 'example_short_circuit_operator' retrieved from /home/airflow/.local/lib/python3.12/site-packages/airflow/example_dags/example_short_circuit_operator.py
[2025-01-30T09:21:19.590+0000] {logging_mixin.py:188} INFO - [2025-01-30T09:21:19.590+0000] {dag.py:3096} INFO - Sync 1 DAGs
[2025-01-30T09:21:19.615+0000] {logging_mixin.py:188} INFO - [2025-01-30T09:21:19.615+0000] {dag.py:3954} INFO - Setting next_dagrun for example_short_circuit_operator to 2025-01-29 00:00:00+00:00, run_after=2025-01-30 00:00:00+00:00
[2025-01-30T09:21:19.641+0000] {processor.py:183} INFO - Processing /home/airflow/.local/lib/python3.12/site-packages/airflow/example_dags/example_short_circuit_operator.py took 0.093 seconds
[2025-01-30T09:21:49.880+0000] {processor.py:161} INFO - Started process (PID=277) to work on /home/airflow/.local/lib/python3.12/site-packages/airflow/example_dags/example_short_circuit_operator.py
[2025-01-30T09:21:49.882+0000] {processor.py:830} INFO - Processing file /home/airflow/.local/lib/python3.12/site-packages/airflow/example_dags/example_short_circuit_operator.py for tasks to queue
[2025-01-30T09:21:49.883+0000] {logging_mixin.py:188} INFO - [2025-01-30T09:21:49.883+0000] {dagbag.py:545} INFO - Filling up the DagBag from /home/airflow/.local/lib/python3.12/site-packages/airflow/example_dags/example_short_circuit_operator.py
[2025-01-30T09:21:49.890+0000] {processor.py:840} INFO - DAG(s) 'example_short_circuit_operator' retrieved from /home/airflow/.local/lib/python3.12/site-packages/airflow/example_dags/example_short_circuit_operator.py
[2025-01-30T09:21:49.913+0000] {logging_mixin.py:188} INFO - [2025-01-30T09:21:49.913+0000] {dag.py:3096} INFO - Sync 1 DAGs
[2025-01-30T09:21:49.936+0000] {logging_mixin.py:188} INFO - [2025-01-30T09:21:49.936+0000] {dag.py:3954} INFO - Setting next_dagrun for example_short_circuit_operator to 2025-01-29 00:00:00+00:00, run_after=2025-01-30 00:00:00+00:00
[2025-01-30T09:21:49.958+0000] {processor.py:183} INFO - Processing /home/airflow/.local/lib/python3.12/site-packages/airflow/example_dags/example_short_circuit_operator.py took 0.082 seconds
[2025-01-30T09:22:20.197+0000] {processor.py:161} INFO - Started process (PID=337) to work on /home/airflow/.local/lib/python3.12/site-packages/airflow/example_dags/example_short_circuit_operator.py
[2025-01-30T09:22:20.199+0000] {processor.py:830} INFO - Processing file /home/airflow/.local/lib/python3.12/site-packages/airflow/example_dags/example_short_circuit_operator.py for tasks to queue
[2025-01-30T09:22:20.200+0000] {logging_mixin.py:188} INFO - [2025-01-30T09:22:20.200+0000] {dagbag.py:545} INFO - Filling up the DagBag from /home/airflow/.local/lib/python3.12/site-packages/airflow/example_dags/example_short_circuit_operator.py
[2025-01-30T09:22:20.208+0000] {processor.py:840} INFO - DAG(s) 'example_short_circuit_operator' retrieved from /home/airflow/.local/lib/python3.12/site-packages/airflow/example_dags/example_short_circuit_operator.py
[2025-01-30T09:22:20.234+0000] {logging_mixin.py:188} INFO - [2025-01-30T09:22:20.233+0000] {dag.py:3096} INFO - Sync 1 DAGs
[2025-01-30T09:22:20.257+0000] {logging_mixin.py:188} INFO - [2025-01-30T09:22:20.257+0000] {dag.py:3954} INFO - Setting next_dagrun for example_short_circuit_operator to 2025-01-29 00:00:00+00:00, run_after=2025-01-30 00:00:00+00:00
[2025-01-30T09:22:20.284+0000] {processor.py:183} INFO - Processing /home/airflow/.local/lib/python3.12/site-packages/airflow/example_dags/example_short_circuit_operator.py took 0.092 seconds
[2025-01-30T09:22:50.924+0000] {processor.py:161} INFO - Started process (PID=395) to work on /home/airflow/.local/lib/python3.12/site-packages/airflow/example_dags/example_short_circuit_operator.py
[2025-01-30T09:22:50.925+0000] {processor.py:830} INFO - Processing file /home/airflow/.local/lib/python3.12/site-packages/airflow/example_dags/example_short_circuit_operator.py for tasks to queue
[2025-01-30T09:22:50.932+0000] {logging_mixin.py:188} INFO - [2025-01-30T09:22:50.931+0000] {dagbag.py:545} INFO - Filling up the DagBag from /home/airflow/.local/lib/python3.12/site-packages/airflow/example_dags/example_short_circuit_operator.py
[2025-01-30T09:22:50.942+0000] {processor.py:840} INFO - DAG(s) 'example_short_circuit_operator' retrieved from /home/airflow/.local/lib/python3.12/site-packages/airflow/example_dags/example_short_circuit_operator.py
[2025-01-30T09:22:50.969+0000] {logging_mixin.py:188} INFO - [2025-01-30T09:22:50.968+0000] {dag.py:3096} INFO - Sync 1 DAGs
[2025-01-30T09:22:50.996+0000] {logging_mixin.py:188} INFO - [2025-01-30T09:22:50.995+0000] {dag.py:3954} INFO - Setting next_dagrun for example_short_circuit_operator to 2025-01-29 00:00:00+00:00, run_after=2025-01-30 00:00:00+00:00
[2025-01-30T09:22:51.023+0000] {processor.py:183} INFO - Processing /home/airflow/.local/lib/python3.12/site-packages/airflow/example_dags/example_short_circuit_operator.py took 0.105 seconds
[2025-01-30T09:23:21.522+0000] {processor.py:161} INFO - Started process (PID=453) to work on /home/airflow/.local/lib/python3.12/site-packages/airflow/example_dags/example_short_circuit_operator.py
[2025-01-30T09:23:21.523+0000] {processor.py:830} INFO - Processing file /home/airflow/.local/lib/python3.12/site-packages/airflow/example_dags/example_short_circuit_operator.py for tasks to queue
[2025-01-30T09:23:21.525+0000] {logging_mixin.py:188} INFO - [2025-01-30T09:23:21.525+0000] {dagbag.py:545} INFO - Filling up the DagBag from /home/airflow/.local/lib/python3.12/site-packages/airflow/example_dags/example_short_circuit_operator.py
[2025-01-30T09:23:21.532+0000] {processor.py:840} INFO - DAG(s) 'example_short_circuit_operator' retrieved from /home/airflow/.local/lib/python3.12/site-packages/airflow/example_dags/example_short_circuit_operator.py
[2025-01-30T09:23:21.557+0000] {logging_mixin.py:188} INFO - [2025-01-30T09:23:21.557+0000] {dag.py:3096} INFO - Sync 1 DAGs
[2025-01-30T09:23:21.582+0000] {logging_mixin.py:188} INFO - [2025-01-30T09:23:21.581+0000] {dag.py:3954} INFO - Setting next_dagrun for example_short_circuit_operator to 2025-01-29 00:00:00+00:00, run_after=2025-01-30 00:00:00+00:00
[2025-01-30T09:23:21.608+0000] {processor.py:183} INFO - Processing /home/airflow/.local/lib/python3.12/site-packages/airflow/example_dags/example_short_circuit_operator.py took 0.091 seconds
[2025-01-30T09:23:52.133+0000] {processor.py:161} INFO - Started process (PID=511) to work on /home/airflow/.local/lib/python3.12/site-packages/airflow/example_dags/example_short_circuit_operator.py
[2025-01-30T09:23:52.134+0000] {processor.py:830} INFO - Processing file /home/airflow/.local/lib/python3.12/site-packages/airflow/example_dags/example_short_circuit_operator.py for tasks to queue
[2025-01-30T09:23:52.136+0000] {logging_mixin.py:188} INFO - [2025-01-30T09:23:52.136+0000] {dagbag.py:545} INFO - Filling up the DagBag from /home/airflow/.local/lib/python3.12/site-packages/airflow/example_dags/example_short_circuit_operator.py
[2025-01-30T09:23:52.144+0000] {processor.py:840} INFO - DAG(s) 'example_short_circuit_operator' retrieved from /home/airflow/.local/lib/python3.12/site-packages/airflow/example_dags/example_short_circuit_operator.py
[2025-01-30T09:23:52.170+0000] {logging_mixin.py:188} INFO - [2025-01-30T09:23:52.170+0000] {dag.py:3096} INFO - Sync 1 DAGs
[2025-01-30T09:23:52.196+0000] {logging_mixin.py:188} INFO - [2025-01-30T09:23:52.196+0000] {dag.py:3954} INFO - Setting next_dagrun for example_short_circuit_operator to 2025-01-29 00:00:00+00:00, run_after=2025-01-30 00:00:00+00:00
[2025-01-30T09:23:52.221+0000] {processor.py:183} INFO - Processing /home/airflow/.local/lib/python3.12/site-packages/airflow/example_dags/example_short_circuit_operator.py took 0.093 seconds
[2025-01-30T09:24:22.573+0000] {processor.py:161} INFO - Started process (PID=569) to work on /home/airflow/.local/lib/python3.12/site-packages/airflow/example_dags/example_short_circuit_operator.py
[2025-01-30T09:24:22.574+0000] {processor.py:830} INFO - Processing file /home/airflow/.local/lib/python3.12/site-packages/airflow/example_dags/example_short_circuit_operator.py for tasks to queue
[2025-01-30T09:24:22.577+0000] {logging_mixin.py:188} INFO - [2025-01-30T09:24:22.576+0000] {dagbag.py:545} INFO - Filling up the DagBag from /home/airflow/.local/lib/python3.12/site-packages/airflow/example_dags/example_short_circuit_operator.py
[2025-01-30T09:24:22.584+0000] {processor.py:840} INFO - DAG(s) 'example_short_circuit_operator' retrieved from /home/airflow/.local/lib/python3.12/site-packages/airflow/example_dags/example_short_circuit_operator.py
[2025-01-30T09:24:22.615+0000] {logging_mixin.py:188} INFO - [2025-01-30T09:24:22.614+0000] {dag.py:3096} INFO - Sync 1 DAGs
[2025-01-30T09:24:22.644+0000] {logging_mixin.py:188} INFO - [2025-01-30T09:24:22.643+0000] {dag.py:3954} INFO - Setting next_dagrun for example_short_circuit_operator to 2025-01-29 00:00:00+00:00, run_after=2025-01-30 00:00:00+00:00
[2025-01-30T09:24:22.678+0000] {processor.py:183} INFO - Processing /home/airflow/.local/lib/python3.12/site-packages/airflow/example_dags/example_short_circuit_operator.py took 0.111 seconds
[2025-01-30T09:24:52.823+0000] {processor.py:161} INFO - Started process (PID=627) to work on /home/airflow/.local/lib/python3.12/site-packages/airflow/example_dags/example_short_circuit_operator.py
[2025-01-30T09:24:52.825+0000] {processor.py:830} INFO - Processing file /home/airflow/.local/lib/python3.12/site-packages/airflow/example_dags/example_short_circuit_operator.py for tasks to queue
[2025-01-30T09:24:52.826+0000] {logging_mixin.py:188} INFO - [2025-01-30T09:24:52.826+0000] {dagbag.py:545} INFO - Filling up the DagBag from /home/airflow/.local/lib/python3.12/site-packages/airflow/example_dags/example_short_circuit_operator.py
[2025-01-30T09:24:52.833+0000] {processor.py:840} INFO - DAG(s) 'example_short_circuit_operator' retrieved from /home/airflow/.local/lib/python3.12/site-packages/airflow/example_dags/example_short_circuit_operator.py
[2025-01-30T09:24:52.859+0000] {logging_mixin.py:188} INFO - [2025-01-30T09:24:52.859+0000] {dag.py:3096} INFO - Sync 1 DAGs
[2025-01-30T09:24:52.882+0000] {logging_mixin.py:188} INFO - [2025-01-30T09:24:52.881+0000] {dag.py:3954} INFO - Setting next_dagrun for example_short_circuit_operator to 2025-01-29 00:00:00+00:00, run_after=2025-01-30 00:00:00+00:00
[2025-01-30T09:24:52.907+0000] {processor.py:183} INFO - Processing /home/airflow/.local/lib/python3.12/site-packages/airflow/example_dags/example_short_circuit_operator.py took 0.089 seconds
[2025-01-30T09:25:23.004+0000] {processor.py:161} INFO - Started process (PID=685) to work on /home/airflow/.local/lib/python3.12/site-packages/airflow/example_dags/example_short_circuit_operator.py
[2025-01-30T09:25:23.005+0000] {processor.py:830} INFO - Processing file /home/airflow/.local/lib/python3.12/site-packages/airflow/example_dags/example_short_circuit_operator.py for tasks to queue
[2025-01-30T09:25:23.008+0000] {logging_mixin.py:188} INFO - [2025-01-30T09:25:23.007+0000] {dagbag.py:545} INFO - Filling up the DagBag from /home/airflow/.local/lib/python3.12/site-packages/airflow/example_dags/example_short_circuit_operator.py
[2025-01-30T09:25:23.015+0000] {processor.py:840} INFO - DAG(s) 'example_short_circuit_operator' retrieved from /home/airflow/.local/lib/python3.12/site-packages/airflow/example_dags/example_short_circuit_operator.py
[2025-01-30T09:25:23.039+0000] {logging_mixin.py:188} INFO - [2025-01-30T09:25:23.039+0000] {dag.py:3096} INFO - Sync 1 DAGs
[2025-01-30T09:25:23.064+0000] {logging_mixin.py:188} INFO - [2025-01-30T09:25:23.064+0000] {dag.py:3954} INFO - Setting next_dagrun for example_short_circuit_operator to 2025-01-29 00:00:00+00:00, run_after=2025-01-30 00:00:00+00:00
[2025-01-30T09:25:23.093+0000] {processor.py:183} INFO - Processing /home/airflow/.local/lib/python3.12/site-packages/airflow/example_dags/example_short_circuit_operator.py took 0.093 seconds
