[2025-01-30T08:43:54.322+0000] {processor.py:161} INFO - Started process (PID=103) to work on /home/airflow/.local/lib/python3.12/site-packages/airflow/example_dags/example_setup_teardown.py
[2025-01-30T08:43:54.323+0000] {processor.py:830} INFO - Processing file /home/airflow/.local/lib/python3.12/site-packages/airflow/example_dags/example_setup_teardown.py for tasks to queue
[2025-01-30T08:43:54.325+0000] {logging_mixin.py:188} INFO - [2025-01-30T08:43:54.325+0000] {dagbag.py:545} INFO - Filling up the DagBag from /home/airflow/.local/lib/python3.12/site-packages/airflow/example_dags/example_setup_teardown.py
[2025-01-30T08:43:54.333+0000] {processor.py:840} INFO - DAG(s) 'example_setup_teardown' retrieved from /home/airflow/.local/lib/python3.12/site-packages/airflow/example_dags/example_setup_teardown.py
[2025-01-30T08:43:54.444+0000] {logging_mixin.py:188} INFO - [2025-01-30T08:43:54.444+0000] {dag.py:3096} INFO - Sync 1 DAGs
[2025-01-30T08:43:54.468+0000] {logging_mixin.py:188} INFO - [2025-01-30T08:43:54.468+0000] {dag.py:3954} INFO - Setting next_dagrun for example_setup_teardown to 2025-01-29 00:00:00+00:00, run_after=2025-01-30 00:00:00+00:00
[2025-01-30T08:43:54.494+0000] {processor.py:183} INFO - Processing /home/airflow/.local/lib/python3.12/site-packages/airflow/example_dags/example_setup_teardown.py took 0.176 seconds
[2025-01-30T08:44:24.613+0000] {processor.py:161} INFO - Started process (PID=161) to work on /home/airflow/.local/lib/python3.12/site-packages/airflow/example_dags/example_setup_teardown.py
[2025-01-30T08:44:24.614+0000] {processor.py:830} INFO - Processing file /home/airflow/.local/lib/python3.12/site-packages/airflow/example_dags/example_setup_teardown.py for tasks to queue
[2025-01-30T08:44:24.616+0000] {logging_mixin.py:188} INFO - [2025-01-30T08:44:24.616+0000] {dagbag.py:545} INFO - Filling up the DagBag from /home/airflow/.local/lib/python3.12/site-packages/airflow/example_dags/example_setup_teardown.py
[2025-01-30T08:44:24.623+0000] {processor.py:840} INFO - DAG(s) 'example_setup_teardown' retrieved from /home/airflow/.local/lib/python3.12/site-packages/airflow/example_dags/example_setup_teardown.py
[2025-01-30T08:44:24.644+0000] {logging_mixin.py:188} INFO - [2025-01-30T08:44:24.644+0000] {dag.py:3096} INFO - Sync 1 DAGs
[2025-01-30T08:44:24.668+0000] {logging_mixin.py:188} INFO - [2025-01-30T08:44:24.668+0000] {dag.py:3954} INFO - Setting next_dagrun for example_setup_teardown to 2025-01-29 00:00:00+00:00, run_after=2025-01-30 00:00:00+00:00
[2025-01-30T08:44:24.693+0000] {processor.py:183} INFO - Processing /home/airflow/.local/lib/python3.12/site-packages/airflow/example_dags/example_setup_teardown.py took 0.085 seconds
[2025-01-30T08:44:54.782+0000] {processor.py:161} INFO - Started process (PID=219) to work on /home/airflow/.local/lib/python3.12/site-packages/airflow/example_dags/example_setup_teardown.py
[2025-01-30T08:44:54.783+0000] {processor.py:830} INFO - Processing file /home/airflow/.local/lib/python3.12/site-packages/airflow/example_dags/example_setup_teardown.py for tasks to queue
[2025-01-30T08:44:54.785+0000] {logging_mixin.py:188} INFO - [2025-01-30T08:44:54.784+0000] {dagbag.py:545} INFO - Filling up the DagBag from /home/airflow/.local/lib/python3.12/site-packages/airflow/example_dags/example_setup_teardown.py
[2025-01-30T08:44:54.791+0000] {processor.py:840} INFO - DAG(s) 'example_setup_teardown' retrieved from /home/airflow/.local/lib/python3.12/site-packages/airflow/example_dags/example_setup_teardown.py
[2025-01-30T08:44:54.813+0000] {logging_mixin.py:188} INFO - [2025-01-30T08:44:54.813+0000] {dag.py:3096} INFO - Sync 1 DAGs
[2025-01-30T08:44:54.840+0000] {logging_mixin.py:188} INFO - [2025-01-30T08:44:54.840+0000] {dag.py:3954} INFO - Setting next_dagrun for example_setup_teardown to 2025-01-29 00:00:00+00:00, run_after=2025-01-30 00:00:00+00:00
[2025-01-30T08:44:54.865+0000] {processor.py:183} INFO - Processing /home/airflow/.local/lib/python3.12/site-packages/airflow/example_dags/example_setup_teardown.py took 0.088 seconds
[2025-01-30T08:45:25.077+0000] {processor.py:161} INFO - Started process (PID=277) to work on /home/airflow/.local/lib/python3.12/site-packages/airflow/example_dags/example_setup_teardown.py
[2025-01-30T08:45:25.078+0000] {processor.py:830} INFO - Processing file /home/airflow/.local/lib/python3.12/site-packages/airflow/example_dags/example_setup_teardown.py for tasks to queue
[2025-01-30T08:45:25.080+0000] {logging_mixin.py:188} INFO - [2025-01-30T08:45:25.080+0000] {dagbag.py:545} INFO - Filling up the DagBag from /home/airflow/.local/lib/python3.12/site-packages/airflow/example_dags/example_setup_teardown.py
[2025-01-30T08:45:25.088+0000] {processor.py:840} INFO - DAG(s) 'example_setup_teardown' retrieved from /home/airflow/.local/lib/python3.12/site-packages/airflow/example_dags/example_setup_teardown.py
[2025-01-30T08:45:25.116+0000] {logging_mixin.py:188} INFO - [2025-01-30T08:45:25.116+0000] {dag.py:3096} INFO - Sync 1 DAGs
[2025-01-30T08:45:25.145+0000] {logging_mixin.py:188} INFO - [2025-01-30T08:45:25.145+0000] {dag.py:3954} INFO - Setting next_dagrun for example_setup_teardown to 2025-01-29 00:00:00+00:00, run_after=2025-01-30 00:00:00+00:00
[2025-01-30T08:45:25.171+0000] {processor.py:183} INFO - Processing /home/airflow/.local/lib/python3.12/site-packages/airflow/example_dags/example_setup_teardown.py took 0.100 seconds
[2025-01-30T08:45:55.793+0000] {processor.py:161} INFO - Started process (PID=335) to work on /home/airflow/.local/lib/python3.12/site-packages/airflow/example_dags/example_setup_teardown.py
[2025-01-30T08:45:55.794+0000] {processor.py:830} INFO - Processing file /home/airflow/.local/lib/python3.12/site-packages/airflow/example_dags/example_setup_teardown.py for tasks to queue
[2025-01-30T08:45:55.796+0000] {logging_mixin.py:188} INFO - [2025-01-30T08:45:55.796+0000] {dagbag.py:545} INFO - Filling up the DagBag from /home/airflow/.local/lib/python3.12/site-packages/airflow/example_dags/example_setup_teardown.py
[2025-01-30T08:45:55.803+0000] {processor.py:840} INFO - DAG(s) 'example_setup_teardown' retrieved from /home/airflow/.local/lib/python3.12/site-packages/airflow/example_dags/example_setup_teardown.py
[2025-01-30T08:45:55.824+0000] {logging_mixin.py:188} INFO - [2025-01-30T08:45:55.824+0000] {dag.py:3096} INFO - Sync 1 DAGs
[2025-01-30T08:45:55.848+0000] {logging_mixin.py:188} INFO - [2025-01-30T08:45:55.848+0000] {dag.py:3954} INFO - Setting next_dagrun for example_setup_teardown to 2025-01-29 00:00:00+00:00, run_after=2025-01-30 00:00:00+00:00
[2025-01-30T08:45:55.873+0000] {processor.py:183} INFO - Processing /home/airflow/.local/lib/python3.12/site-packages/airflow/example_dags/example_setup_teardown.py took 0.084 seconds
[2025-01-30T08:46:26.584+0000] {processor.py:161} INFO - Started process (PID=392) to work on /home/airflow/.local/lib/python3.12/site-packages/airflow/example_dags/example_setup_teardown.py
[2025-01-30T08:46:26.584+0000] {processor.py:830} INFO - Processing file /home/airflow/.local/lib/python3.12/site-packages/airflow/example_dags/example_setup_teardown.py for tasks to queue
[2025-01-30T08:46:26.586+0000] {logging_mixin.py:188} INFO - [2025-01-30T08:46:26.586+0000] {dagbag.py:545} INFO - Filling up the DagBag from /home/airflow/.local/lib/python3.12/site-packages/airflow/example_dags/example_setup_teardown.py
[2025-01-30T08:46:26.594+0000] {processor.py:840} INFO - DAG(s) 'example_setup_teardown' retrieved from /home/airflow/.local/lib/python3.12/site-packages/airflow/example_dags/example_setup_teardown.py
[2025-01-30T08:46:26.616+0000] {logging_mixin.py:188} INFO - [2025-01-30T08:46:26.615+0000] {dag.py:3096} INFO - Sync 1 DAGs
[2025-01-30T08:46:26.640+0000] {logging_mixin.py:188} INFO - [2025-01-30T08:46:26.640+0000] {dag.py:3954} INFO - Setting next_dagrun for example_setup_teardown to 2025-01-29 00:00:00+00:00, run_after=2025-01-30 00:00:00+00:00
[2025-01-30T08:46:26.667+0000] {processor.py:183} INFO - Processing /home/airflow/.local/lib/python3.12/site-packages/airflow/example_dags/example_setup_teardown.py took 0.089 seconds
[2025-01-30T08:46:56.792+0000] {processor.py:161} INFO - Started process (PID=450) to work on /home/airflow/.local/lib/python3.12/site-packages/airflow/example_dags/example_setup_teardown.py
[2025-01-30T08:46:56.793+0000] {processor.py:830} INFO - Processing file /home/airflow/.local/lib/python3.12/site-packages/airflow/example_dags/example_setup_teardown.py for tasks to queue
[2025-01-30T08:46:56.795+0000] {logging_mixin.py:188} INFO - [2025-01-30T08:46:56.795+0000] {dagbag.py:545} INFO - Filling up the DagBag from /home/airflow/.local/lib/python3.12/site-packages/airflow/example_dags/example_setup_teardown.py
[2025-01-30T08:46:56.803+0000] {processor.py:840} INFO - DAG(s) 'example_setup_teardown' retrieved from /home/airflow/.local/lib/python3.12/site-packages/airflow/example_dags/example_setup_teardown.py
[2025-01-30T08:46:56.823+0000] {logging_mixin.py:188} INFO - [2025-01-30T08:46:56.823+0000] {dag.py:3096} INFO - Sync 1 DAGs
[2025-01-30T08:46:56.849+0000] {logging_mixin.py:188} INFO - [2025-01-30T08:46:56.849+0000] {dag.py:3954} INFO - Setting next_dagrun for example_setup_teardown to 2025-01-29 00:00:00+00:00, run_after=2025-01-30 00:00:00+00:00
[2025-01-30T08:46:56.874+0000] {processor.py:183} INFO - Processing /home/airflow/.local/lib/python3.12/site-packages/airflow/example_dags/example_setup_teardown.py took 0.087 seconds
[2025-01-30T08:47:27.403+0000] {processor.py:161} INFO - Started process (PID=508) to work on /home/airflow/.local/lib/python3.12/site-packages/airflow/example_dags/example_setup_teardown.py
[2025-01-30T08:47:27.404+0000] {processor.py:830} INFO - Processing file /home/airflow/.local/lib/python3.12/site-packages/airflow/example_dags/example_setup_teardown.py for tasks to queue
[2025-01-30T08:47:27.406+0000] {logging_mixin.py:188} INFO - [2025-01-30T08:47:27.406+0000] {dagbag.py:545} INFO - Filling up the DagBag from /home/airflow/.local/lib/python3.12/site-packages/airflow/example_dags/example_setup_teardown.py
[2025-01-30T08:47:27.413+0000] {processor.py:840} INFO - DAG(s) 'example_setup_teardown' retrieved from /home/airflow/.local/lib/python3.12/site-packages/airflow/example_dags/example_setup_teardown.py
[2025-01-30T08:47:27.437+0000] {logging_mixin.py:188} INFO - [2025-01-30T08:47:27.437+0000] {dag.py:3096} INFO - Sync 1 DAGs
[2025-01-30T08:47:27.460+0000] {logging_mixin.py:188} INFO - [2025-01-30T08:47:27.460+0000] {dag.py:3954} INFO - Setting next_dagrun for example_setup_teardown to 2025-01-29 00:00:00+00:00, run_after=2025-01-30 00:00:00+00:00
[2025-01-30T08:47:27.482+0000] {processor.py:183} INFO - Processing /home/airflow/.local/lib/python3.12/site-packages/airflow/example_dags/example_setup_teardown.py took 0.084 seconds
[2025-01-30T08:47:57.839+0000] {processor.py:161} INFO - Started process (PID=566) to work on /home/airflow/.local/lib/python3.12/site-packages/airflow/example_dags/example_setup_teardown.py
[2025-01-30T08:47:57.841+0000] {processor.py:830} INFO - Processing file /home/airflow/.local/lib/python3.12/site-packages/airflow/example_dags/example_setup_teardown.py for tasks to queue
[2025-01-30T08:47:57.843+0000] {logging_mixin.py:188} INFO - [2025-01-30T08:47:57.843+0000] {dagbag.py:545} INFO - Filling up the DagBag from /home/airflow/.local/lib/python3.12/site-packages/airflow/example_dags/example_setup_teardown.py
[2025-01-30T08:47:57.850+0000] {processor.py:840} INFO - DAG(s) 'example_setup_teardown' retrieved from /home/airflow/.local/lib/python3.12/site-packages/airflow/example_dags/example_setup_teardown.py
[2025-01-30T08:47:57.870+0000] {logging_mixin.py:188} INFO - [2025-01-30T08:47:57.870+0000] {dag.py:3096} INFO - Sync 1 DAGs
[2025-01-30T08:47:57.897+0000] {logging_mixin.py:188} INFO - [2025-01-30T08:47:57.896+0000] {dag.py:3954} INFO - Setting next_dagrun for example_setup_teardown to 2025-01-29 00:00:00+00:00, run_after=2025-01-30 00:00:00+00:00
[2025-01-30T08:47:57.919+0000] {processor.py:183} INFO - Processing /home/airflow/.local/lib/python3.12/site-packages/airflow/example_dags/example_setup_teardown.py took 0.086 seconds
[2025-01-30T08:48:28.065+0000] {processor.py:161} INFO - Started process (PID=624) to work on /home/airflow/.local/lib/python3.12/site-packages/airflow/example_dags/example_setup_teardown.py
[2025-01-30T08:48:28.066+0000] {processor.py:830} INFO - Processing file /home/airflow/.local/lib/python3.12/site-packages/airflow/example_dags/example_setup_teardown.py for tasks to queue
[2025-01-30T08:48:28.068+0000] {logging_mixin.py:188} INFO - [2025-01-30T08:48:28.067+0000] {dagbag.py:545} INFO - Filling up the DagBag from /home/airflow/.local/lib/python3.12/site-packages/airflow/example_dags/example_setup_teardown.py
[2025-01-30T08:48:28.074+0000] {processor.py:840} INFO - DAG(s) 'example_setup_teardown' retrieved from /home/airflow/.local/lib/python3.12/site-packages/airflow/example_dags/example_setup_teardown.py
[2025-01-30T08:48:28.094+0000] {logging_mixin.py:188} INFO - [2025-01-30T08:48:28.094+0000] {dag.py:3096} INFO - Sync 1 DAGs
[2025-01-30T08:48:28.118+0000] {logging_mixin.py:188} INFO - [2025-01-30T08:48:28.118+0000] {dag.py:3954} INFO - Setting next_dagrun for example_setup_teardown to 2025-01-29 00:00:00+00:00, run_after=2025-01-30 00:00:00+00:00
[2025-01-30T08:48:28.142+0000] {processor.py:183} INFO - Processing /home/airflow/.local/lib/python3.12/site-packages/airflow/example_dags/example_setup_teardown.py took 0.082 seconds
[2025-01-30T08:48:58.474+0000] {processor.py:161} INFO - Started process (PID=682) to work on /home/airflow/.local/lib/python3.12/site-packages/airflow/example_dags/example_setup_teardown.py
[2025-01-30T08:48:58.475+0000] {processor.py:830} INFO - Processing file /home/airflow/.local/lib/python3.12/site-packages/airflow/example_dags/example_setup_teardown.py for tasks to queue
[2025-01-30T08:48:58.477+0000] {logging_mixin.py:188} INFO - [2025-01-30T08:48:58.477+0000] {dagbag.py:545} INFO - Filling up the DagBag from /home/airflow/.local/lib/python3.12/site-packages/airflow/example_dags/example_setup_teardown.py
[2025-01-30T08:48:58.483+0000] {processor.py:840} INFO - DAG(s) 'example_setup_teardown' retrieved from /home/airflow/.local/lib/python3.12/site-packages/airflow/example_dags/example_setup_teardown.py
[2025-01-30T08:48:58.504+0000] {logging_mixin.py:188} INFO - [2025-01-30T08:48:58.504+0000] {dag.py:3096} INFO - Sync 1 DAGs
[2025-01-30T08:48:58.528+0000] {logging_mixin.py:188} INFO - [2025-01-30T08:48:58.528+0000] {dag.py:3954} INFO - Setting next_dagrun for example_setup_teardown to 2025-01-29 00:00:00+00:00, run_after=2025-01-30 00:00:00+00:00
[2025-01-30T08:48:58.553+0000] {processor.py:183} INFO - Processing /home/airflow/.local/lib/python3.12/site-packages/airflow/example_dags/example_setup_teardown.py took 0.084 seconds
[2025-01-30T08:49:28.829+0000] {processor.py:161} INFO - Started process (PID=740) to work on /home/airflow/.local/lib/python3.12/site-packages/airflow/example_dags/example_setup_teardown.py
[2025-01-30T08:49:28.830+0000] {processor.py:830} INFO - Processing file /home/airflow/.local/lib/python3.12/site-packages/airflow/example_dags/example_setup_teardown.py for tasks to queue
[2025-01-30T08:49:28.832+0000] {logging_mixin.py:188} INFO - [2025-01-30T08:49:28.832+0000] {dagbag.py:545} INFO - Filling up the DagBag from /home/airflow/.local/lib/python3.12/site-packages/airflow/example_dags/example_setup_teardown.py
[2025-01-30T08:49:28.839+0000] {processor.py:840} INFO - DAG(s) 'example_setup_teardown' retrieved from /home/airflow/.local/lib/python3.12/site-packages/airflow/example_dags/example_setup_teardown.py
[2025-01-30T08:49:28.860+0000] {logging_mixin.py:188} INFO - [2025-01-30T08:49:28.859+0000] {dag.py:3096} INFO - Sync 1 DAGs
[2025-01-30T08:49:28.881+0000] {logging_mixin.py:188} INFO - [2025-01-30T08:49:28.881+0000] {dag.py:3954} INFO - Setting next_dagrun for example_setup_teardown to 2025-01-29 00:00:00+00:00, run_after=2025-01-30 00:00:00+00:00
[2025-01-30T08:49:28.906+0000] {processor.py:183} INFO - Processing /home/airflow/.local/lib/python3.12/site-packages/airflow/example_dags/example_setup_teardown.py took 0.082 seconds
[2025-01-30T08:49:59.193+0000] {processor.py:161} INFO - Started process (PID=798) to work on /home/airflow/.local/lib/python3.12/site-packages/airflow/example_dags/example_setup_teardown.py
[2025-01-30T08:49:59.194+0000] {processor.py:830} INFO - Processing file /home/airflow/.local/lib/python3.12/site-packages/airflow/example_dags/example_setup_teardown.py for tasks to queue
[2025-01-30T08:49:59.196+0000] {logging_mixin.py:188} INFO - [2025-01-30T08:49:59.196+0000] {dagbag.py:545} INFO - Filling up the DagBag from /home/airflow/.local/lib/python3.12/site-packages/airflow/example_dags/example_setup_teardown.py
[2025-01-30T08:49:59.203+0000] {processor.py:840} INFO - DAG(s) 'example_setup_teardown' retrieved from /home/airflow/.local/lib/python3.12/site-packages/airflow/example_dags/example_setup_teardown.py
[2025-01-30T08:49:59.226+0000] {logging_mixin.py:188} INFO - [2025-01-30T08:49:59.226+0000] {dag.py:3096} INFO - Sync 1 DAGs
[2025-01-30T08:49:59.247+0000] {logging_mixin.py:188} INFO - [2025-01-30T08:49:59.247+0000] {dag.py:3954} INFO - Setting next_dagrun for example_setup_teardown to 2025-01-29 00:00:00+00:00, run_after=2025-01-30 00:00:00+00:00
[2025-01-30T08:49:59.273+0000] {processor.py:183} INFO - Processing /home/airflow/.local/lib/python3.12/site-packages/airflow/example_dags/example_setup_teardown.py took 0.086 seconds
[2025-01-30T08:50:29.531+0000] {processor.py:161} INFO - Started process (PID=856) to work on /home/airflow/.local/lib/python3.12/site-packages/airflow/example_dags/example_setup_teardown.py
[2025-01-30T08:50:29.532+0000] {processor.py:830} INFO - Processing file /home/airflow/.local/lib/python3.12/site-packages/airflow/example_dags/example_setup_teardown.py for tasks to queue
[2025-01-30T08:50:29.535+0000] {logging_mixin.py:188} INFO - [2025-01-30T08:50:29.534+0000] {dagbag.py:545} INFO - Filling up the DagBag from /home/airflow/.local/lib/python3.12/site-packages/airflow/example_dags/example_setup_teardown.py
[2025-01-30T08:50:29.542+0000] {processor.py:840} INFO - DAG(s) 'example_setup_teardown' retrieved from /home/airflow/.local/lib/python3.12/site-packages/airflow/example_dags/example_setup_teardown.py
[2025-01-30T08:50:29.562+0000] {logging_mixin.py:188} INFO - [2025-01-30T08:50:29.562+0000] {dag.py:3096} INFO - Sync 1 DAGs
[2025-01-30T08:50:29.585+0000] {logging_mixin.py:188} INFO - [2025-01-30T08:50:29.585+0000] {dag.py:3954} INFO - Setting next_dagrun for example_setup_teardown to 2025-01-29 00:00:00+00:00, run_after=2025-01-30 00:00:00+00:00
[2025-01-30T08:50:29.611+0000] {processor.py:183} INFO - Processing /home/airflow/.local/lib/python3.12/site-packages/airflow/example_dags/example_setup_teardown.py took 0.086 seconds
[2025-01-30T08:50:59.999+0000] {processor.py:161} INFO - Started process (PID=914) to work on /home/airflow/.local/lib/python3.12/site-packages/airflow/example_dags/example_setup_teardown.py
[2025-01-30T08:51:00.001+0000] {processor.py:830} INFO - Processing file /home/airflow/.local/lib/python3.12/site-packages/airflow/example_dags/example_setup_teardown.py for tasks to queue
[2025-01-30T08:51:00.003+0000] {logging_mixin.py:188} INFO - [2025-01-30T08:51:00.002+0000] {dagbag.py:545} INFO - Filling up the DagBag from /home/airflow/.local/lib/python3.12/site-packages/airflow/example_dags/example_setup_teardown.py
[2025-01-30T08:51:00.011+0000] {processor.py:840} INFO - DAG(s) 'example_setup_teardown' retrieved from /home/airflow/.local/lib/python3.12/site-packages/airflow/example_dags/example_setup_teardown.py
[2025-01-30T08:51:00.039+0000] {logging_mixin.py:188} INFO - [2025-01-30T08:51:00.039+0000] {dag.py:3096} INFO - Sync 1 DAGs
[2025-01-30T08:51:00.068+0000] {logging_mixin.py:188} INFO - [2025-01-30T08:51:00.067+0000] {dag.py:3954} INFO - Setting next_dagrun for example_setup_teardown to 2025-01-29 00:00:00+00:00, run_after=2025-01-30 00:00:00+00:00
[2025-01-30T08:51:00.089+0000] {processor.py:183} INFO - Processing /home/airflow/.local/lib/python3.12/site-packages/airflow/example_dags/example_setup_teardown.py took 0.096 seconds
[2025-01-30T08:51:30.526+0000] {processor.py:161} INFO - Started process (PID=972) to work on /home/airflow/.local/lib/python3.12/site-packages/airflow/example_dags/example_setup_teardown.py
[2025-01-30T08:51:30.527+0000] {processor.py:830} INFO - Processing file /home/airflow/.local/lib/python3.12/site-packages/airflow/example_dags/example_setup_teardown.py for tasks to queue
[2025-01-30T08:51:30.529+0000] {logging_mixin.py:188} INFO - [2025-01-30T08:51:30.529+0000] {dagbag.py:545} INFO - Filling up the DagBag from /home/airflow/.local/lib/python3.12/site-packages/airflow/example_dags/example_setup_teardown.py
[2025-01-30T08:51:30.537+0000] {processor.py:840} INFO - DAG(s) 'example_setup_teardown' retrieved from /home/airflow/.local/lib/python3.12/site-packages/airflow/example_dags/example_setup_teardown.py
[2025-01-30T08:51:30.559+0000] {logging_mixin.py:188} INFO - [2025-01-30T08:51:30.559+0000] {dag.py:3096} INFO - Sync 1 DAGs
[2025-01-30T08:51:30.582+0000] {logging_mixin.py:188} INFO - [2025-01-30T08:51:30.582+0000] {dag.py:3954} INFO - Setting next_dagrun for example_setup_teardown to 2025-01-29 00:00:00+00:00, run_after=2025-01-30 00:00:00+00:00
[2025-01-30T08:51:30.608+0000] {processor.py:183} INFO - Processing /home/airflow/.local/lib/python3.12/site-packages/airflow/example_dags/example_setup_teardown.py took 0.087 seconds
[2025-01-30T08:52:00.905+0000] {processor.py:161} INFO - Started process (PID=1030) to work on /home/airflow/.local/lib/python3.12/site-packages/airflow/example_dags/example_setup_teardown.py
[2025-01-30T08:52:00.907+0000] {processor.py:830} INFO - Processing file /home/airflow/.local/lib/python3.12/site-packages/airflow/example_dags/example_setup_teardown.py for tasks to queue
[2025-01-30T08:52:00.909+0000] {logging_mixin.py:188} INFO - [2025-01-30T08:52:00.908+0000] {dagbag.py:545} INFO - Filling up the DagBag from /home/airflow/.local/lib/python3.12/site-packages/airflow/example_dags/example_setup_teardown.py
[2025-01-30T08:52:00.916+0000] {processor.py:840} INFO - DAG(s) 'example_setup_teardown' retrieved from /home/airflow/.local/lib/python3.12/site-packages/airflow/example_dags/example_setup_teardown.py
[2025-01-30T08:52:00.941+0000] {logging_mixin.py:188} INFO - [2025-01-30T08:52:00.940+0000] {dag.py:3096} INFO - Sync 1 DAGs
[2025-01-30T08:52:00.966+0000] {logging_mixin.py:188} INFO - [2025-01-30T08:52:00.966+0000] {dag.py:3954} INFO - Setting next_dagrun for example_setup_teardown to 2025-01-29 00:00:00+00:00, run_after=2025-01-30 00:00:00+00:00
[2025-01-30T08:52:00.993+0000] {processor.py:183} INFO - Processing /home/airflow/.local/lib/python3.12/site-packages/airflow/example_dags/example_setup_teardown.py took 0.093 seconds
[2025-01-30T08:52:31.220+0000] {processor.py:161} INFO - Started process (PID=1088) to work on /home/airflow/.local/lib/python3.12/site-packages/airflow/example_dags/example_setup_teardown.py
[2025-01-30T08:52:31.221+0000] {processor.py:830} INFO - Processing file /home/airflow/.local/lib/python3.12/site-packages/airflow/example_dags/example_setup_teardown.py for tasks to queue
[2025-01-30T08:52:31.223+0000] {logging_mixin.py:188} INFO - [2025-01-30T08:52:31.223+0000] {dagbag.py:545} INFO - Filling up the DagBag from /home/airflow/.local/lib/python3.12/site-packages/airflow/example_dags/example_setup_teardown.py
[2025-01-30T08:52:31.230+0000] {processor.py:840} INFO - DAG(s) 'example_setup_teardown' retrieved from /home/airflow/.local/lib/python3.12/site-packages/airflow/example_dags/example_setup_teardown.py
[2025-01-30T08:52:31.253+0000] {logging_mixin.py:188} INFO - [2025-01-30T08:52:31.253+0000] {dag.py:3096} INFO - Sync 1 DAGs
[2025-01-30T08:52:31.279+0000] {logging_mixin.py:188} INFO - [2025-01-30T08:52:31.279+0000] {dag.py:3954} INFO - Setting next_dagrun for example_setup_teardown to 2025-01-29 00:00:00+00:00, run_after=2025-01-30 00:00:00+00:00
[2025-01-30T08:52:31.302+0000] {processor.py:183} INFO - Processing /home/airflow/.local/lib/python3.12/site-packages/airflow/example_dags/example_setup_teardown.py took 0.087 seconds
[2025-01-30T08:53:01.639+0000] {processor.py:161} INFO - Started process (PID=1146) to work on /home/airflow/.local/lib/python3.12/site-packages/airflow/example_dags/example_setup_teardown.py
[2025-01-30T08:53:01.640+0000] {processor.py:830} INFO - Processing file /home/airflow/.local/lib/python3.12/site-packages/airflow/example_dags/example_setup_teardown.py for tasks to queue
[2025-01-30T08:53:01.643+0000] {logging_mixin.py:188} INFO - [2025-01-30T08:53:01.642+0000] {dagbag.py:545} INFO - Filling up the DagBag from /home/airflow/.local/lib/python3.12/site-packages/airflow/example_dags/example_setup_teardown.py
[2025-01-30T08:53:01.648+0000] {processor.py:840} INFO - DAG(s) 'example_setup_teardown' retrieved from /home/airflow/.local/lib/python3.12/site-packages/airflow/example_dags/example_setup_teardown.py
[2025-01-30T08:53:01.671+0000] {logging_mixin.py:188} INFO - [2025-01-30T08:53:01.670+0000] {dag.py:3096} INFO - Sync 1 DAGs
[2025-01-30T08:53:01.696+0000] {logging_mixin.py:188} INFO - [2025-01-30T08:53:01.695+0000] {dag.py:3954} INFO - Setting next_dagrun for example_setup_teardown to 2025-01-29 00:00:00+00:00, run_after=2025-01-30 00:00:00+00:00
[2025-01-30T08:53:01.720+0000] {processor.py:183} INFO - Processing /home/airflow/.local/lib/python3.12/site-packages/airflow/example_dags/example_setup_teardown.py took 0.087 seconds
[2025-01-30T08:53:31.823+0000] {processor.py:161} INFO - Started process (PID=1204) to work on /home/airflow/.local/lib/python3.12/site-packages/airflow/example_dags/example_setup_teardown.py
[2025-01-30T08:53:31.824+0000] {processor.py:830} INFO - Processing file /home/airflow/.local/lib/python3.12/site-packages/airflow/example_dags/example_setup_teardown.py for tasks to queue
[2025-01-30T08:53:31.826+0000] {logging_mixin.py:188} INFO - [2025-01-30T08:53:31.826+0000] {dagbag.py:545} INFO - Filling up the DagBag from /home/airflow/.local/lib/python3.12/site-packages/airflow/example_dags/example_setup_teardown.py
[2025-01-30T08:53:31.832+0000] {processor.py:840} INFO - DAG(s) 'example_setup_teardown' retrieved from /home/airflow/.local/lib/python3.12/site-packages/airflow/example_dags/example_setup_teardown.py
[2025-01-30T08:53:31.853+0000] {logging_mixin.py:188} INFO - [2025-01-30T08:53:31.853+0000] {dag.py:3096} INFO - Sync 1 DAGs
[2025-01-30T08:53:31.879+0000] {logging_mixin.py:188} INFO - [2025-01-30T08:53:31.879+0000] {dag.py:3954} INFO - Setting next_dagrun for example_setup_teardown to 2025-01-29 00:00:00+00:00, run_after=2025-01-30 00:00:00+00:00
[2025-01-30T08:53:31.907+0000] {processor.py:183} INFO - Processing /home/airflow/.local/lib/python3.12/site-packages/airflow/example_dags/example_setup_teardown.py took 0.089 seconds
[2025-01-30T08:54:02.255+0000] {processor.py:161} INFO - Started process (PID=1262) to work on /home/airflow/.local/lib/python3.12/site-packages/airflow/example_dags/example_setup_teardown.py
[2025-01-30T08:54:02.256+0000] {processor.py:830} INFO - Processing file /home/airflow/.local/lib/python3.12/site-packages/airflow/example_dags/example_setup_teardown.py for tasks to queue
[2025-01-30T08:54:02.258+0000] {logging_mixin.py:188} INFO - [2025-01-30T08:54:02.257+0000] {dagbag.py:545} INFO - Filling up the DagBag from /home/airflow/.local/lib/python3.12/site-packages/airflow/example_dags/example_setup_teardown.py
[2025-01-30T08:54:02.263+0000] {processor.py:840} INFO - DAG(s) 'example_setup_teardown' retrieved from /home/airflow/.local/lib/python3.12/site-packages/airflow/example_dags/example_setup_teardown.py
[2025-01-30T08:54:02.285+0000] {logging_mixin.py:188} INFO - [2025-01-30T08:54:02.285+0000] {dag.py:3096} INFO - Sync 1 DAGs
[2025-01-30T08:54:02.309+0000] {logging_mixin.py:188} INFO - [2025-01-30T08:54:02.308+0000] {dag.py:3954} INFO - Setting next_dagrun for example_setup_teardown to 2025-01-29 00:00:00+00:00, run_after=2025-01-30 00:00:00+00:00
[2025-01-30T08:54:02.335+0000] {processor.py:183} INFO - Processing /home/airflow/.local/lib/python3.12/site-packages/airflow/example_dags/example_setup_teardown.py took 0.085 seconds
[2025-01-30T08:54:32.861+0000] {processor.py:161} INFO - Started process (PID=1320) to work on /home/airflow/.local/lib/python3.12/site-packages/airflow/example_dags/example_setup_teardown.py
[2025-01-30T08:54:32.862+0000] {processor.py:830} INFO - Processing file /home/airflow/.local/lib/python3.12/site-packages/airflow/example_dags/example_setup_teardown.py for tasks to queue
[2025-01-30T08:54:32.865+0000] {logging_mixin.py:188} INFO - [2025-01-30T08:54:32.864+0000] {dagbag.py:545} INFO - Filling up the DagBag from /home/airflow/.local/lib/python3.12/site-packages/airflow/example_dags/example_setup_teardown.py
[2025-01-30T08:54:32.872+0000] {processor.py:840} INFO - DAG(s) 'example_setup_teardown' retrieved from /home/airflow/.local/lib/python3.12/site-packages/airflow/example_dags/example_setup_teardown.py
[2025-01-30T08:54:32.908+0000] {logging_mixin.py:188} INFO - [2025-01-30T08:54:32.907+0000] {dag.py:3096} INFO - Sync 1 DAGs
[2025-01-30T08:54:32.935+0000] {logging_mixin.py:188} INFO - [2025-01-30T08:54:32.934+0000] {dag.py:3954} INFO - Setting next_dagrun for example_setup_teardown to 2025-01-29 00:00:00+00:00, run_after=2025-01-30 00:00:00+00:00
[2025-01-30T08:54:32.961+0000] {processor.py:183} INFO - Processing /home/airflow/.local/lib/python3.12/site-packages/airflow/example_dags/example_setup_teardown.py took 0.109 seconds
[2025-01-30T08:55:03.907+0000] {processor.py:161} INFO - Started process (PID=1378) to work on /home/airflow/.local/lib/python3.12/site-packages/airflow/example_dags/example_setup_teardown.py
[2025-01-30T08:55:03.908+0000] {processor.py:830} INFO - Processing file /home/airflow/.local/lib/python3.12/site-packages/airflow/example_dags/example_setup_teardown.py for tasks to queue
[2025-01-30T08:55:03.910+0000] {logging_mixin.py:188} INFO - [2025-01-30T08:55:03.910+0000] {dagbag.py:545} INFO - Filling up the DagBag from /home/airflow/.local/lib/python3.12/site-packages/airflow/example_dags/example_setup_teardown.py
[2025-01-30T08:55:03.917+0000] {processor.py:840} INFO - DAG(s) 'example_setup_teardown' retrieved from /home/airflow/.local/lib/python3.12/site-packages/airflow/example_dags/example_setup_teardown.py
[2025-01-30T08:55:03.939+0000] {logging_mixin.py:188} INFO - [2025-01-30T08:55:03.939+0000] {dag.py:3096} INFO - Sync 1 DAGs
[2025-01-30T08:55:03.962+0000] {logging_mixin.py:188} INFO - [2025-01-30T08:55:03.962+0000] {dag.py:3954} INFO - Setting next_dagrun for example_setup_teardown to 2025-01-29 00:00:00+00:00, run_after=2025-01-30 00:00:00+00:00
[2025-01-30T08:55:03.986+0000] {processor.py:183} INFO - Processing /home/airflow/.local/lib/python3.12/site-packages/airflow/example_dags/example_setup_teardown.py took 0.084 seconds
[2025-01-30T08:55:34.829+0000] {processor.py:161} INFO - Started process (PID=1436) to work on /home/airflow/.local/lib/python3.12/site-packages/airflow/example_dags/example_setup_teardown.py
[2025-01-30T08:55:34.830+0000] {processor.py:830} INFO - Processing file /home/airflow/.local/lib/python3.12/site-packages/airflow/example_dags/example_setup_teardown.py for tasks to queue
[2025-01-30T08:55:34.832+0000] {logging_mixin.py:188} INFO - [2025-01-30T08:55:34.832+0000] {dagbag.py:545} INFO - Filling up the DagBag from /home/airflow/.local/lib/python3.12/site-packages/airflow/example_dags/example_setup_teardown.py
[2025-01-30T08:55:34.839+0000] {processor.py:840} INFO - DAG(s) 'example_setup_teardown' retrieved from /home/airflow/.local/lib/python3.12/site-packages/airflow/example_dags/example_setup_teardown.py
[2025-01-30T08:55:34.863+0000] {logging_mixin.py:188} INFO - [2025-01-30T08:55:34.863+0000] {dag.py:3096} INFO - Sync 1 DAGs
[2025-01-30T08:55:34.888+0000] {logging_mixin.py:188} INFO - [2025-01-30T08:55:34.887+0000] {dag.py:3954} INFO - Setting next_dagrun for example_setup_teardown to 2025-01-29 00:00:00+00:00, run_after=2025-01-30 00:00:00+00:00
[2025-01-30T08:55:34.913+0000] {processor.py:183} INFO - Processing /home/airflow/.local/lib/python3.12/site-packages/airflow/example_dags/example_setup_teardown.py took 0.089 seconds
[2025-01-30T08:56:05.030+0000] {processor.py:161} INFO - Started process (PID=1493) to work on /home/airflow/.local/lib/python3.12/site-packages/airflow/example_dags/example_setup_teardown.py
[2025-01-30T08:56:05.031+0000] {processor.py:830} INFO - Processing file /home/airflow/.local/lib/python3.12/site-packages/airflow/example_dags/example_setup_teardown.py for tasks to queue
[2025-01-30T08:56:05.033+0000] {logging_mixin.py:188} INFO - [2025-01-30T08:56:05.033+0000] {dagbag.py:545} INFO - Filling up the DagBag from /home/airflow/.local/lib/python3.12/site-packages/airflow/example_dags/example_setup_teardown.py
[2025-01-30T08:56:05.039+0000] {processor.py:840} INFO - DAG(s) 'example_setup_teardown' retrieved from /home/airflow/.local/lib/python3.12/site-packages/airflow/example_dags/example_setup_teardown.py
[2025-01-30T08:56:05.060+0000] {logging_mixin.py:188} INFO - [2025-01-30T08:56:05.059+0000] {dag.py:3096} INFO - Sync 1 DAGs
[2025-01-30T08:56:05.085+0000] {logging_mixin.py:188} INFO - [2025-01-30T08:56:05.084+0000] {dag.py:3954} INFO - Setting next_dagrun for example_setup_teardown to 2025-01-29 00:00:00+00:00, run_after=2025-01-30 00:00:00+00:00
[2025-01-30T08:56:05.111+0000] {processor.py:183} INFO - Processing /home/airflow/.local/lib/python3.12/site-packages/airflow/example_dags/example_setup_teardown.py took 0.086 seconds
[2025-01-30T08:56:35.200+0000] {processor.py:161} INFO - Started process (PID=1551) to work on /home/airflow/.local/lib/python3.12/site-packages/airflow/example_dags/example_setup_teardown.py
[2025-01-30T08:56:35.201+0000] {processor.py:830} INFO - Processing file /home/airflow/.local/lib/python3.12/site-packages/airflow/example_dags/example_setup_teardown.py for tasks to queue
[2025-01-30T08:56:35.203+0000] {logging_mixin.py:188} INFO - [2025-01-30T08:56:35.203+0000] {dagbag.py:545} INFO - Filling up the DagBag from /home/airflow/.local/lib/python3.12/site-packages/airflow/example_dags/example_setup_teardown.py
[2025-01-30T08:56:35.210+0000] {processor.py:840} INFO - DAG(s) 'example_setup_teardown' retrieved from /home/airflow/.local/lib/python3.12/site-packages/airflow/example_dags/example_setup_teardown.py
[2025-01-30T08:56:35.230+0000] {logging_mixin.py:188} INFO - [2025-01-30T08:56:35.230+0000] {dag.py:3096} INFO - Sync 1 DAGs
[2025-01-30T08:56:35.258+0000] {logging_mixin.py:188} INFO - [2025-01-30T08:56:35.258+0000] {dag.py:3954} INFO - Setting next_dagrun for example_setup_teardown to 2025-01-29 00:00:00+00:00, run_after=2025-01-30 00:00:00+00:00
[2025-01-30T08:56:35.282+0000] {processor.py:183} INFO - Processing /home/airflow/.local/lib/python3.12/site-packages/airflow/example_dags/example_setup_teardown.py took 0.088 seconds
[2025-01-30T08:57:05.316+0000] {processor.py:161} INFO - Started process (PID=1608) to work on /home/airflow/.local/lib/python3.12/site-packages/airflow/example_dags/example_setup_teardown.py
[2025-01-30T08:57:05.317+0000] {processor.py:830} INFO - Processing file /home/airflow/.local/lib/python3.12/site-packages/airflow/example_dags/example_setup_teardown.py for tasks to queue
[2025-01-30T08:57:05.319+0000] {logging_mixin.py:188} INFO - [2025-01-30T08:57:05.319+0000] {dagbag.py:545} INFO - Filling up the DagBag from /home/airflow/.local/lib/python3.12/site-packages/airflow/example_dags/example_setup_teardown.py
[2025-01-30T08:57:05.325+0000] {processor.py:840} INFO - DAG(s) 'example_setup_teardown' retrieved from /home/airflow/.local/lib/python3.12/site-packages/airflow/example_dags/example_setup_teardown.py
[2025-01-30T08:57:05.347+0000] {logging_mixin.py:188} INFO - [2025-01-30T08:57:05.347+0000] {dag.py:3096} INFO - Sync 1 DAGs
[2025-01-30T08:57:05.371+0000] {logging_mixin.py:188} INFO - [2025-01-30T08:57:05.371+0000] {dag.py:3954} INFO - Setting next_dagrun for example_setup_teardown to 2025-01-29 00:00:00+00:00, run_after=2025-01-30 00:00:00+00:00
[2025-01-30T08:57:05.394+0000] {processor.py:183} INFO - Processing /home/airflow/.local/lib/python3.12/site-packages/airflow/example_dags/example_setup_teardown.py took 0.084 seconds
[2025-01-30T08:57:35.538+0000] {processor.py:161} INFO - Started process (PID=1666) to work on /home/airflow/.local/lib/python3.12/site-packages/airflow/example_dags/example_setup_teardown.py
[2025-01-30T08:57:35.539+0000] {processor.py:830} INFO - Processing file /home/airflow/.local/lib/python3.12/site-packages/airflow/example_dags/example_setup_teardown.py for tasks to queue
[2025-01-30T08:57:35.541+0000] {logging_mixin.py:188} INFO - [2025-01-30T08:57:35.541+0000] {dagbag.py:545} INFO - Filling up the DagBag from /home/airflow/.local/lib/python3.12/site-packages/airflow/example_dags/example_setup_teardown.py
[2025-01-30T08:57:35.548+0000] {processor.py:840} INFO - DAG(s) 'example_setup_teardown' retrieved from /home/airflow/.local/lib/python3.12/site-packages/airflow/example_dags/example_setup_teardown.py
[2025-01-30T08:57:35.569+0000] {logging_mixin.py:188} INFO - [2025-01-30T08:57:35.569+0000] {dag.py:3096} INFO - Sync 1 DAGs
[2025-01-30T08:57:35.591+0000] {logging_mixin.py:188} INFO - [2025-01-30T08:57:35.591+0000] {dag.py:3954} INFO - Setting next_dagrun for example_setup_teardown to 2025-01-29 00:00:00+00:00, run_after=2025-01-30 00:00:00+00:00
[2025-01-30T08:57:35.617+0000] {processor.py:183} INFO - Processing /home/airflow/.local/lib/python3.12/site-packages/airflow/example_dags/example_setup_teardown.py took 0.084 seconds
[2025-01-30T08:58:05.764+0000] {processor.py:161} INFO - Started process (PID=1724) to work on /home/airflow/.local/lib/python3.12/site-packages/airflow/example_dags/example_setup_teardown.py
[2025-01-30T08:58:05.765+0000] {processor.py:830} INFO - Processing file /home/airflow/.local/lib/python3.12/site-packages/airflow/example_dags/example_setup_teardown.py for tasks to queue
[2025-01-30T08:58:05.768+0000] {logging_mixin.py:188} INFO - [2025-01-30T08:58:05.767+0000] {dagbag.py:545} INFO - Filling up the DagBag from /home/airflow/.local/lib/python3.12/site-packages/airflow/example_dags/example_setup_teardown.py
[2025-01-30T08:58:05.774+0000] {processor.py:840} INFO - DAG(s) 'example_setup_teardown' retrieved from /home/airflow/.local/lib/python3.12/site-packages/airflow/example_dags/example_setup_teardown.py
[2025-01-30T08:58:05.797+0000] {logging_mixin.py:188} INFO - [2025-01-30T08:58:05.797+0000] {dag.py:3096} INFO - Sync 1 DAGs
[2025-01-30T08:58:05.820+0000] {logging_mixin.py:188} INFO - [2025-01-30T08:58:05.820+0000] {dag.py:3954} INFO - Setting next_dagrun for example_setup_teardown to 2025-01-29 00:00:00+00:00, run_after=2025-01-30 00:00:00+00:00
[2025-01-30T08:58:05.846+0000] {processor.py:183} INFO - Processing /home/airflow/.local/lib/python3.12/site-packages/airflow/example_dags/example_setup_teardown.py took 0.087 seconds
[2025-01-30T08:58:36.137+0000] {processor.py:161} INFO - Started process (PID=1783) to work on /home/airflow/.local/lib/python3.12/site-packages/airflow/example_dags/example_setup_teardown.py
[2025-01-30T08:58:36.139+0000] {processor.py:830} INFO - Processing file /home/airflow/.local/lib/python3.12/site-packages/airflow/example_dags/example_setup_teardown.py for tasks to queue
[2025-01-30T08:58:36.140+0000] {logging_mixin.py:188} INFO - [2025-01-30T08:58:36.140+0000] {dagbag.py:545} INFO - Filling up the DagBag from /home/airflow/.local/lib/python3.12/site-packages/airflow/example_dags/example_setup_teardown.py
[2025-01-30T08:58:36.148+0000] {processor.py:840} INFO - DAG(s) 'example_setup_teardown' retrieved from /home/airflow/.local/lib/python3.12/site-packages/airflow/example_dags/example_setup_teardown.py
[2025-01-30T08:58:36.171+0000] {logging_mixin.py:188} INFO - [2025-01-30T08:58:36.170+0000] {dag.py:3096} INFO - Sync 1 DAGs
[2025-01-30T08:58:36.199+0000] {logging_mixin.py:188} INFO - [2025-01-30T08:58:36.199+0000] {dag.py:3954} INFO - Setting next_dagrun for example_setup_teardown to 2025-01-29 00:00:00+00:00, run_after=2025-01-30 00:00:00+00:00
[2025-01-30T08:58:36.225+0000] {processor.py:183} INFO - Processing /home/airflow/.local/lib/python3.12/site-packages/airflow/example_dags/example_setup_teardown.py took 0.093 seconds
[2025-01-30T09:01:51.667+0000] {processor.py:161} INFO - Started process (PID=103) to work on /home/airflow/.local/lib/python3.12/site-packages/airflow/example_dags/example_setup_teardown.py
[2025-01-30T09:01:51.669+0000] {processor.py:830} INFO - Processing file /home/airflow/.local/lib/python3.12/site-packages/airflow/example_dags/example_setup_teardown.py for tasks to queue
[2025-01-30T09:01:51.672+0000] {logging_mixin.py:188} INFO - [2025-01-30T09:01:51.671+0000] {dagbag.py:545} INFO - Filling up the DagBag from /home/airflow/.local/lib/python3.12/site-packages/airflow/example_dags/example_setup_teardown.py
[2025-01-30T09:01:51.685+0000] {processor.py:840} INFO - DAG(s) 'example_setup_teardown' retrieved from /home/airflow/.local/lib/python3.12/site-packages/airflow/example_dags/example_setup_teardown.py
[2025-01-30T09:01:51.815+0000] {logging_mixin.py:188} INFO - [2025-01-30T09:01:51.815+0000] {dag.py:3096} INFO - Sync 1 DAGs
[2025-01-30T09:01:51.842+0000] {logging_mixin.py:188} INFO - [2025-01-30T09:01:51.841+0000] {dag.py:3954} INFO - Setting next_dagrun for example_setup_teardown to 2025-01-29 00:00:00+00:00, run_after=2025-01-30 00:00:00+00:00
[2025-01-30T09:01:51.896+0000] {processor.py:183} INFO - Processing /home/airflow/.local/lib/python3.12/site-packages/airflow/example_dags/example_setup_teardown.py took 0.234 seconds
[2025-01-30T09:02:22.075+0000] {processor.py:161} INFO - Started process (PID=161) to work on /home/airflow/.local/lib/python3.12/site-packages/airflow/example_dags/example_setup_teardown.py
[2025-01-30T09:02:22.076+0000] {processor.py:830} INFO - Processing file /home/airflow/.local/lib/python3.12/site-packages/airflow/example_dags/example_setup_teardown.py for tasks to queue
[2025-01-30T09:02:22.078+0000] {logging_mixin.py:188} INFO - [2025-01-30T09:02:22.078+0000] {dagbag.py:545} INFO - Filling up the DagBag from /home/airflow/.local/lib/python3.12/site-packages/airflow/example_dags/example_setup_teardown.py
[2025-01-30T09:02:22.084+0000] {processor.py:840} INFO - DAG(s) 'example_setup_teardown' retrieved from /home/airflow/.local/lib/python3.12/site-packages/airflow/example_dags/example_setup_teardown.py
[2025-01-30T09:02:22.107+0000] {logging_mixin.py:188} INFO - [2025-01-30T09:02:22.107+0000] {dag.py:3096} INFO - Sync 1 DAGs
[2025-01-30T09:02:22.134+0000] {logging_mixin.py:188} INFO - [2025-01-30T09:02:22.134+0000] {dag.py:3954} INFO - Setting next_dagrun for example_setup_teardown to 2025-01-29 00:00:00+00:00, run_after=2025-01-30 00:00:00+00:00
[2025-01-30T09:02:22.161+0000] {processor.py:183} INFO - Processing /home/airflow/.local/lib/python3.12/site-packages/airflow/example_dags/example_setup_teardown.py took 0.091 seconds
[2025-01-30T09:02:52.244+0000] {processor.py:161} INFO - Started process (PID=219) to work on /home/airflow/.local/lib/python3.12/site-packages/airflow/example_dags/example_setup_teardown.py
[2025-01-30T09:02:52.245+0000] {processor.py:830} INFO - Processing file /home/airflow/.local/lib/python3.12/site-packages/airflow/example_dags/example_setup_teardown.py for tasks to queue
[2025-01-30T09:02:52.246+0000] {logging_mixin.py:188} INFO - [2025-01-30T09:02:52.246+0000] {dagbag.py:545} INFO - Filling up the DagBag from /home/airflow/.local/lib/python3.12/site-packages/airflow/example_dags/example_setup_teardown.py
[2025-01-30T09:02:52.252+0000] {processor.py:840} INFO - DAG(s) 'example_setup_teardown' retrieved from /home/airflow/.local/lib/python3.12/site-packages/airflow/example_dags/example_setup_teardown.py
[2025-01-30T09:02:52.274+0000] {logging_mixin.py:188} INFO - [2025-01-30T09:02:52.274+0000] {dag.py:3096} INFO - Sync 1 DAGs
[2025-01-30T09:02:52.301+0000] {logging_mixin.py:188} INFO - [2025-01-30T09:02:52.301+0000] {dag.py:3954} INFO - Setting next_dagrun for example_setup_teardown to 2025-01-29 00:00:00+00:00, run_after=2025-01-30 00:00:00+00:00
[2025-01-30T09:02:52.332+0000] {processor.py:183} INFO - Processing /home/airflow/.local/lib/python3.12/site-packages/airflow/example_dags/example_setup_teardown.py took 0.095 seconds
[2025-01-30T09:03:22.735+0000] {processor.py:161} INFO - Started process (PID=277) to work on /home/airflow/.local/lib/python3.12/site-packages/airflow/example_dags/example_setup_teardown.py
[2025-01-30T09:03:22.737+0000] {processor.py:830} INFO - Processing file /home/airflow/.local/lib/python3.12/site-packages/airflow/example_dags/example_setup_teardown.py for tasks to queue
[2025-01-30T09:03:22.742+0000] {logging_mixin.py:188} INFO - [2025-01-30T09:03:22.741+0000] {dagbag.py:545} INFO - Filling up the DagBag from /home/airflow/.local/lib/python3.12/site-packages/airflow/example_dags/example_setup_teardown.py
[2025-01-30T09:03:22.750+0000] {processor.py:840} INFO - DAG(s) 'example_setup_teardown' retrieved from /home/airflow/.local/lib/python3.12/site-packages/airflow/example_dags/example_setup_teardown.py
[2025-01-30T09:03:22.785+0000] {logging_mixin.py:188} INFO - [2025-01-30T09:03:22.785+0000] {dag.py:3096} INFO - Sync 1 DAGs
[2025-01-30T09:03:22.828+0000] {logging_mixin.py:188} INFO - [2025-01-30T09:03:22.828+0000] {dag.py:3954} INFO - Setting next_dagrun for example_setup_teardown to 2025-01-29 00:00:00+00:00, run_after=2025-01-30 00:00:00+00:00
[2025-01-30T09:03:22.868+0000] {processor.py:183} INFO - Processing /home/airflow/.local/lib/python3.12/site-packages/airflow/example_dags/example_setup_teardown.py took 0.139 seconds
[2025-01-30T09:05:22.149+0000] {processor.py:161} INFO - Started process (PID=101) to work on /home/airflow/.local/lib/python3.12/site-packages/airflow/example_dags/example_setup_teardown.py
[2025-01-30T09:05:22.150+0000] {processor.py:830} INFO - Processing file /home/airflow/.local/lib/python3.12/site-packages/airflow/example_dags/example_setup_teardown.py for tasks to queue
[2025-01-30T09:05:22.153+0000] {logging_mixin.py:188} INFO - [2025-01-30T09:05:22.152+0000] {dagbag.py:545} INFO - Filling up the DagBag from /home/airflow/.local/lib/python3.12/site-packages/airflow/example_dags/example_setup_teardown.py
[2025-01-30T09:05:22.161+0000] {processor.py:840} INFO - DAG(s) 'example_setup_teardown' retrieved from /home/airflow/.local/lib/python3.12/site-packages/airflow/example_dags/example_setup_teardown.py
[2025-01-30T09:05:22.284+0000] {logging_mixin.py:188} INFO - [2025-01-30T09:05:22.283+0000] {dag.py:3096} INFO - Sync 1 DAGs
[2025-01-30T09:05:22.307+0000] {logging_mixin.py:188} INFO - [2025-01-30T09:05:22.307+0000] {dag.py:3954} INFO - Setting next_dagrun for example_setup_teardown to 2025-01-29 00:00:00+00:00, run_after=2025-01-30 00:00:00+00:00
[2025-01-30T09:05:22.331+0000] {processor.py:183} INFO - Processing /home/airflow/.local/lib/python3.12/site-packages/airflow/example_dags/example_setup_teardown.py took 0.188 seconds
[2025-01-30T09:05:52.899+0000] {processor.py:161} INFO - Started process (PID=159) to work on /home/airflow/.local/lib/python3.12/site-packages/airflow/example_dags/example_setup_teardown.py
[2025-01-30T09:05:52.901+0000] {processor.py:830} INFO - Processing file /home/airflow/.local/lib/python3.12/site-packages/airflow/example_dags/example_setup_teardown.py for tasks to queue
[2025-01-30T09:05:52.902+0000] {logging_mixin.py:188} INFO - [2025-01-30T09:05:52.902+0000] {dagbag.py:545} INFO - Filling up the DagBag from /home/airflow/.local/lib/python3.12/site-packages/airflow/example_dags/example_setup_teardown.py
[2025-01-30T09:05:52.909+0000] {processor.py:840} INFO - DAG(s) 'example_setup_teardown' retrieved from /home/airflow/.local/lib/python3.12/site-packages/airflow/example_dags/example_setup_teardown.py
[2025-01-30T09:05:52.931+0000] {logging_mixin.py:188} INFO - [2025-01-30T09:05:52.931+0000] {dag.py:3096} INFO - Sync 1 DAGs
[2025-01-30T09:05:52.955+0000] {logging_mixin.py:188} INFO - [2025-01-30T09:05:52.955+0000] {dag.py:3954} INFO - Setting next_dagrun for example_setup_teardown to 2025-01-29 00:00:00+00:00, run_after=2025-01-30 00:00:00+00:00
[2025-01-30T09:05:52.980+0000] {processor.py:183} INFO - Processing /home/airflow/.local/lib/python3.12/site-packages/airflow/example_dags/example_setup_teardown.py took 0.085 seconds
[2025-01-30T09:10:52.388+0000] {processor.py:161} INFO - Started process (PID=104) to work on /home/airflow/.local/lib/python3.12/site-packages/airflow/example_dags/example_setup_teardown.py
[2025-01-30T09:10:52.389+0000] {processor.py:830} INFO - Processing file /home/airflow/.local/lib/python3.12/site-packages/airflow/example_dags/example_setup_teardown.py for tasks to queue
[2025-01-30T09:10:52.391+0000] {logging_mixin.py:188} INFO - [2025-01-30T09:10:52.390+0000] {dagbag.py:545} INFO - Filling up the DagBag from /home/airflow/.local/lib/python3.12/site-packages/airflow/example_dags/example_setup_teardown.py
[2025-01-30T09:10:52.398+0000] {processor.py:840} INFO - DAG(s) 'example_setup_teardown' retrieved from /home/airflow/.local/lib/python3.12/site-packages/airflow/example_dags/example_setup_teardown.py
[2025-01-30T09:10:52.510+0000] {logging_mixin.py:188} INFO - [2025-01-30T09:10:52.509+0000] {dag.py:3096} INFO - Sync 1 DAGs
[2025-01-30T09:10:52.532+0000] {logging_mixin.py:188} INFO - [2025-01-30T09:10:52.531+0000] {dag.py:3954} INFO - Setting next_dagrun for example_setup_teardown to 2025-01-29 00:00:00+00:00, run_after=2025-01-30 00:00:00+00:00
[2025-01-30T09:10:52.554+0000] {processor.py:183} INFO - Processing /home/airflow/.local/lib/python3.12/site-packages/airflow/example_dags/example_setup_teardown.py took 0.172 seconds
[2025-01-30T09:11:23.266+0000] {processor.py:161} INFO - Started process (PID=163) to work on /home/airflow/.local/lib/python3.12/site-packages/airflow/example_dags/example_setup_teardown.py
[2025-01-30T09:11:23.267+0000] {processor.py:830} INFO - Processing file /home/airflow/.local/lib/python3.12/site-packages/airflow/example_dags/example_setup_teardown.py for tasks to queue
[2025-01-30T09:11:23.269+0000] {logging_mixin.py:188} INFO - [2025-01-30T09:11:23.268+0000] {dagbag.py:545} INFO - Filling up the DagBag from /home/airflow/.local/lib/python3.12/site-packages/airflow/example_dags/example_setup_teardown.py
[2025-01-30T09:11:23.274+0000] {processor.py:840} INFO - DAG(s) 'example_setup_teardown' retrieved from /home/airflow/.local/lib/python3.12/site-packages/airflow/example_dags/example_setup_teardown.py
[2025-01-30T09:11:23.296+0000] {logging_mixin.py:188} INFO - [2025-01-30T09:11:23.296+0000] {dag.py:3096} INFO - Sync 1 DAGs
[2025-01-30T09:11:23.322+0000] {logging_mixin.py:188} INFO - [2025-01-30T09:11:23.321+0000] {dag.py:3954} INFO - Setting next_dagrun for example_setup_teardown to 2025-01-29 00:00:00+00:00, run_after=2025-01-30 00:00:00+00:00
[2025-01-30T09:11:23.348+0000] {processor.py:183} INFO - Processing /home/airflow/.local/lib/python3.12/site-packages/airflow/example_dags/example_setup_teardown.py took 0.086 seconds
[2025-01-30T09:11:53.660+0000] {processor.py:161} INFO - Started process (PID=221) to work on /home/airflow/.local/lib/python3.12/site-packages/airflow/example_dags/example_setup_teardown.py
[2025-01-30T09:11:53.661+0000] {processor.py:830} INFO - Processing file /home/airflow/.local/lib/python3.12/site-packages/airflow/example_dags/example_setup_teardown.py for tasks to queue
[2025-01-30T09:11:53.663+0000] {logging_mixin.py:188} INFO - [2025-01-30T09:11:53.663+0000] {dagbag.py:545} INFO - Filling up the DagBag from /home/airflow/.local/lib/python3.12/site-packages/airflow/example_dags/example_setup_teardown.py
[2025-01-30T09:11:53.669+0000] {processor.py:840} INFO - DAG(s) 'example_setup_teardown' retrieved from /home/airflow/.local/lib/python3.12/site-packages/airflow/example_dags/example_setup_teardown.py
[2025-01-30T09:11:53.690+0000] {logging_mixin.py:188} INFO - [2025-01-30T09:11:53.690+0000] {dag.py:3096} INFO - Sync 1 DAGs
[2025-01-30T09:11:53.712+0000] {logging_mixin.py:188} INFO - [2025-01-30T09:11:53.712+0000] {dag.py:3954} INFO - Setting next_dagrun for example_setup_teardown to 2025-01-29 00:00:00+00:00, run_after=2025-01-30 00:00:00+00:00
[2025-01-30T09:11:53.735+0000] {processor.py:183} INFO - Processing /home/airflow/.local/lib/python3.12/site-packages/airflow/example_dags/example_setup_teardown.py took 0.079 seconds
[2025-01-30T09:12:24.181+0000] {processor.py:161} INFO - Started process (PID=279) to work on /home/airflow/.local/lib/python3.12/site-packages/airflow/example_dags/example_setup_teardown.py
[2025-01-30T09:12:24.182+0000] {processor.py:830} INFO - Processing file /home/airflow/.local/lib/python3.12/site-packages/airflow/example_dags/example_setup_teardown.py for tasks to queue
[2025-01-30T09:12:24.183+0000] {logging_mixin.py:188} INFO - [2025-01-30T09:12:24.183+0000] {dagbag.py:545} INFO - Filling up the DagBag from /home/airflow/.local/lib/python3.12/site-packages/airflow/example_dags/example_setup_teardown.py
[2025-01-30T09:12:24.189+0000] {processor.py:840} INFO - DAG(s) 'example_setup_teardown' retrieved from /home/airflow/.local/lib/python3.12/site-packages/airflow/example_dags/example_setup_teardown.py
[2025-01-30T09:12:24.211+0000] {logging_mixin.py:188} INFO - [2025-01-30T09:12:24.211+0000] {dag.py:3096} INFO - Sync 1 DAGs
[2025-01-30T09:12:24.235+0000] {logging_mixin.py:188} INFO - [2025-01-30T09:12:24.235+0000] {dag.py:3954} INFO - Setting next_dagrun for example_setup_teardown to 2025-01-29 00:00:00+00:00, run_after=2025-01-30 00:00:00+00:00
[2025-01-30T09:12:24.261+0000] {processor.py:183} INFO - Processing /home/airflow/.local/lib/python3.12/site-packages/airflow/example_dags/example_setup_teardown.py took 0.085 seconds
[2025-01-30T09:12:54.480+0000] {processor.py:161} INFO - Started process (PID=337) to work on /home/airflow/.local/lib/python3.12/site-packages/airflow/example_dags/example_setup_teardown.py
[2025-01-30T09:12:54.481+0000] {processor.py:830} INFO - Processing file /home/airflow/.local/lib/python3.12/site-packages/airflow/example_dags/example_setup_teardown.py for tasks to queue
[2025-01-30T09:12:54.483+0000] {logging_mixin.py:188} INFO - [2025-01-30T09:12:54.483+0000] {dagbag.py:545} INFO - Filling up the DagBag from /home/airflow/.local/lib/python3.12/site-packages/airflow/example_dags/example_setup_teardown.py
[2025-01-30T09:12:54.489+0000] {processor.py:840} INFO - DAG(s) 'example_setup_teardown' retrieved from /home/airflow/.local/lib/python3.12/site-packages/airflow/example_dags/example_setup_teardown.py
[2025-01-30T09:12:54.510+0000] {logging_mixin.py:188} INFO - [2025-01-30T09:12:54.509+0000] {dag.py:3096} INFO - Sync 1 DAGs
[2025-01-30T09:12:54.534+0000] {logging_mixin.py:188} INFO - [2025-01-30T09:12:54.534+0000] {dag.py:3954} INFO - Setting next_dagrun for example_setup_teardown to 2025-01-29 00:00:00+00:00, run_after=2025-01-30 00:00:00+00:00
[2025-01-30T09:12:54.559+0000] {processor.py:183} INFO - Processing /home/airflow/.local/lib/python3.12/site-packages/airflow/example_dags/example_setup_teardown.py took 0.084 seconds
[2025-01-30T09:13:24.838+0000] {processor.py:161} INFO - Started process (PID=395) to work on /home/airflow/.local/lib/python3.12/site-packages/airflow/example_dags/example_setup_teardown.py
[2025-01-30T09:13:24.839+0000] {processor.py:830} INFO - Processing file /home/airflow/.local/lib/python3.12/site-packages/airflow/example_dags/example_setup_teardown.py for tasks to queue
[2025-01-30T09:13:24.841+0000] {logging_mixin.py:188} INFO - [2025-01-30T09:13:24.840+0000] {dagbag.py:545} INFO - Filling up the DagBag from /home/airflow/.local/lib/python3.12/site-packages/airflow/example_dags/example_setup_teardown.py
[2025-01-30T09:13:24.846+0000] {processor.py:840} INFO - DAG(s) 'example_setup_teardown' retrieved from /home/airflow/.local/lib/python3.12/site-packages/airflow/example_dags/example_setup_teardown.py
[2025-01-30T09:13:24.867+0000] {logging_mixin.py:188} INFO - [2025-01-30T09:13:24.866+0000] {dag.py:3096} INFO - Sync 1 DAGs
[2025-01-30T09:13:24.888+0000] {logging_mixin.py:188} INFO - [2025-01-30T09:13:24.888+0000] {dag.py:3954} INFO - Setting next_dagrun for example_setup_teardown to 2025-01-29 00:00:00+00:00, run_after=2025-01-30 00:00:00+00:00
[2025-01-30T09:13:24.912+0000] {processor.py:183} INFO - Processing /home/airflow/.local/lib/python3.12/site-packages/airflow/example_dags/example_setup_teardown.py took 0.079 seconds
[2025-01-30T09:13:54.963+0000] {processor.py:161} INFO - Started process (PID=453) to work on /home/airflow/.local/lib/python3.12/site-packages/airflow/example_dags/example_setup_teardown.py
[2025-01-30T09:13:54.964+0000] {processor.py:830} INFO - Processing file /home/airflow/.local/lib/python3.12/site-packages/airflow/example_dags/example_setup_teardown.py for tasks to queue
[2025-01-30T09:13:54.967+0000] {logging_mixin.py:188} INFO - [2025-01-30T09:13:54.966+0000] {dagbag.py:545} INFO - Filling up the DagBag from /home/airflow/.local/lib/python3.12/site-packages/airflow/example_dags/example_setup_teardown.py
[2025-01-30T09:13:54.973+0000] {processor.py:840} INFO - DAG(s) 'example_setup_teardown' retrieved from /home/airflow/.local/lib/python3.12/site-packages/airflow/example_dags/example_setup_teardown.py
[2025-01-30T09:13:54.996+0000] {logging_mixin.py:188} INFO - [2025-01-30T09:13:54.996+0000] {dag.py:3096} INFO - Sync 1 DAGs
[2025-01-30T09:13:55.017+0000] {logging_mixin.py:188} INFO - [2025-01-30T09:13:55.017+0000] {dag.py:3954} INFO - Setting next_dagrun for example_setup_teardown to 2025-01-29 00:00:00+00:00, run_after=2025-01-30 00:00:00+00:00
[2025-01-30T09:13:55.040+0000] {processor.py:183} INFO - Processing /home/airflow/.local/lib/python3.12/site-packages/airflow/example_dags/example_setup_teardown.py took 0.083 seconds
[2025-01-30T09:14:25.394+0000] {processor.py:161} INFO - Started process (PID=511) to work on /home/airflow/.local/lib/python3.12/site-packages/airflow/example_dags/example_setup_teardown.py
[2025-01-30T09:14:25.396+0000] {processor.py:830} INFO - Processing file /home/airflow/.local/lib/python3.12/site-packages/airflow/example_dags/example_setup_teardown.py for tasks to queue
[2025-01-30T09:14:25.398+0000] {logging_mixin.py:188} INFO - [2025-01-30T09:14:25.398+0000] {dagbag.py:545} INFO - Filling up the DagBag from /home/airflow/.local/lib/python3.12/site-packages/airflow/example_dags/example_setup_teardown.py
[2025-01-30T09:14:25.406+0000] {processor.py:840} INFO - DAG(s) 'example_setup_teardown' retrieved from /home/airflow/.local/lib/python3.12/site-packages/airflow/example_dags/example_setup_teardown.py
[2025-01-30T09:14:25.429+0000] {logging_mixin.py:188} INFO - [2025-01-30T09:14:25.429+0000] {dag.py:3096} INFO - Sync 1 DAGs
[2025-01-30T09:14:25.452+0000] {logging_mixin.py:188} INFO - [2025-01-30T09:14:25.452+0000] {dag.py:3954} INFO - Setting next_dagrun for example_setup_teardown to 2025-01-29 00:00:00+00:00, run_after=2025-01-30 00:00:00+00:00
[2025-01-30T09:14:25.479+0000] {processor.py:183} INFO - Processing /home/airflow/.local/lib/python3.12/site-packages/airflow/example_dags/example_setup_teardown.py took 0.092 seconds
[2025-01-30T09:14:56.629+0000] {processor.py:161} INFO - Started process (PID=569) to work on /home/airflow/.local/lib/python3.12/site-packages/airflow/example_dags/example_setup_teardown.py
[2025-01-30T09:14:56.631+0000] {processor.py:830} INFO - Processing file /home/airflow/.local/lib/python3.12/site-packages/airflow/example_dags/example_setup_teardown.py for tasks to queue
[2025-01-30T09:14:56.634+0000] {logging_mixin.py:188} INFO - [2025-01-30T09:14:56.633+0000] {dagbag.py:545} INFO - Filling up the DagBag from /home/airflow/.local/lib/python3.12/site-packages/airflow/example_dags/example_setup_teardown.py
[2025-01-30T09:14:56.642+0000] {processor.py:840} INFO - DAG(s) 'example_setup_teardown' retrieved from /home/airflow/.local/lib/python3.12/site-packages/airflow/example_dags/example_setup_teardown.py
[2025-01-30T09:14:56.681+0000] {logging_mixin.py:188} INFO - [2025-01-30T09:14:56.680+0000] {dag.py:3096} INFO - Sync 1 DAGs
[2025-01-30T09:14:56.708+0000] {logging_mixin.py:188} INFO - [2025-01-30T09:14:56.708+0000] {dag.py:3954} INFO - Setting next_dagrun for example_setup_teardown to 2025-01-29 00:00:00+00:00, run_after=2025-01-30 00:00:00+00:00
[2025-01-30T09:14:56.924+0000] {processor.py:183} INFO - Processing /home/airflow/.local/lib/python3.12/site-packages/airflow/example_dags/example_setup_teardown.py took 0.302 seconds
[2025-01-30T09:15:27.468+0000] {processor.py:161} INFO - Started process (PID=626) to work on /home/airflow/.local/lib/python3.12/site-packages/airflow/example_dags/example_setup_teardown.py
[2025-01-30T09:15:27.469+0000] {processor.py:830} INFO - Processing file /home/airflow/.local/lib/python3.12/site-packages/airflow/example_dags/example_setup_teardown.py for tasks to queue
[2025-01-30T09:15:27.472+0000] {logging_mixin.py:188} INFO - [2025-01-30T09:15:27.471+0000] {dagbag.py:545} INFO - Filling up the DagBag from /home/airflow/.local/lib/python3.12/site-packages/airflow/example_dags/example_setup_teardown.py
[2025-01-30T09:15:27.478+0000] {processor.py:840} INFO - DAG(s) 'example_setup_teardown' retrieved from /home/airflow/.local/lib/python3.12/site-packages/airflow/example_dags/example_setup_teardown.py
[2025-01-30T09:15:27.497+0000] {logging_mixin.py:188} INFO - [2025-01-30T09:15:27.497+0000] {dag.py:3096} INFO - Sync 1 DAGs
[2025-01-30T09:15:27.520+0000] {logging_mixin.py:188} INFO - [2025-01-30T09:15:27.519+0000] {dag.py:3954} INFO - Setting next_dagrun for example_setup_teardown to 2025-01-29 00:00:00+00:00, run_after=2025-01-30 00:00:00+00:00
[2025-01-30T09:15:27.544+0000] {processor.py:183} INFO - Processing /home/airflow/.local/lib/python3.12/site-packages/airflow/example_dags/example_setup_teardown.py took 0.081 seconds
[2025-01-30T09:15:57.874+0000] {processor.py:161} INFO - Started process (PID=684) to work on /home/airflow/.local/lib/python3.12/site-packages/airflow/example_dags/example_setup_teardown.py
[2025-01-30T09:15:57.875+0000] {processor.py:830} INFO - Processing file /home/airflow/.local/lib/python3.12/site-packages/airflow/example_dags/example_setup_teardown.py for tasks to queue
[2025-01-30T09:15:57.877+0000] {logging_mixin.py:188} INFO - [2025-01-30T09:15:57.877+0000] {dagbag.py:545} INFO - Filling up the DagBag from /home/airflow/.local/lib/python3.12/site-packages/airflow/example_dags/example_setup_teardown.py
[2025-01-30T09:15:57.883+0000] {processor.py:840} INFO - DAG(s) 'example_setup_teardown' retrieved from /home/airflow/.local/lib/python3.12/site-packages/airflow/example_dags/example_setup_teardown.py
[2025-01-30T09:15:57.905+0000] {logging_mixin.py:188} INFO - [2025-01-30T09:15:57.905+0000] {dag.py:3096} INFO - Sync 1 DAGs
[2025-01-30T09:15:57.927+0000] {logging_mixin.py:188} INFO - [2025-01-30T09:15:57.927+0000] {dag.py:3954} INFO - Setting next_dagrun for example_setup_teardown to 2025-01-29 00:00:00+00:00, run_after=2025-01-30 00:00:00+00:00
[2025-01-30T09:15:57.950+0000] {processor.py:183} INFO - Processing /home/airflow/.local/lib/python3.12/site-packages/airflow/example_dags/example_setup_teardown.py took 0.081 seconds
[2025-01-30T09:16:28.579+0000] {processor.py:161} INFO - Started process (PID=742) to work on /home/airflow/.local/lib/python3.12/site-packages/airflow/example_dags/example_setup_teardown.py
[2025-01-30T09:16:28.580+0000] {processor.py:830} INFO - Processing file /home/airflow/.local/lib/python3.12/site-packages/airflow/example_dags/example_setup_teardown.py for tasks to queue
[2025-01-30T09:16:28.582+0000] {logging_mixin.py:188} INFO - [2025-01-30T09:16:28.582+0000] {dagbag.py:545} INFO - Filling up the DagBag from /home/airflow/.local/lib/python3.12/site-packages/airflow/example_dags/example_setup_teardown.py
[2025-01-30T09:16:28.590+0000] {processor.py:840} INFO - DAG(s) 'example_setup_teardown' retrieved from /home/airflow/.local/lib/python3.12/site-packages/airflow/example_dags/example_setup_teardown.py
[2025-01-30T09:16:28.613+0000] {logging_mixin.py:188} INFO - [2025-01-30T09:16:28.613+0000] {dag.py:3096} INFO - Sync 1 DAGs
[2025-01-30T09:16:28.638+0000] {logging_mixin.py:188} INFO - [2025-01-30T09:16:28.638+0000] {dag.py:3954} INFO - Setting next_dagrun for example_setup_teardown to 2025-01-29 00:00:00+00:00, run_after=2025-01-30 00:00:00+00:00
[2025-01-30T09:16:28.662+0000] {processor.py:183} INFO - Processing /home/airflow/.local/lib/python3.12/site-packages/airflow/example_dags/example_setup_teardown.py took 0.089 seconds
[2025-01-30T09:16:58.789+0000] {processor.py:161} INFO - Started process (PID=800) to work on /home/airflow/.local/lib/python3.12/site-packages/airflow/example_dags/example_setup_teardown.py
[2025-01-30T09:16:58.790+0000] {processor.py:830} INFO - Processing file /home/airflow/.local/lib/python3.12/site-packages/airflow/example_dags/example_setup_teardown.py for tasks to queue
[2025-01-30T09:16:58.792+0000] {logging_mixin.py:188} INFO - [2025-01-30T09:16:58.792+0000] {dagbag.py:545} INFO - Filling up the DagBag from /home/airflow/.local/lib/python3.12/site-packages/airflow/example_dags/example_setup_teardown.py
[2025-01-30T09:16:58.798+0000] {processor.py:840} INFO - DAG(s) 'example_setup_teardown' retrieved from /home/airflow/.local/lib/python3.12/site-packages/airflow/example_dags/example_setup_teardown.py
[2025-01-30T09:16:58.820+0000] {logging_mixin.py:188} INFO - [2025-01-30T09:16:58.819+0000] {dag.py:3096} INFO - Sync 1 DAGs
[2025-01-30T09:16:58.843+0000] {logging_mixin.py:188} INFO - [2025-01-30T09:16:58.843+0000] {dag.py:3954} INFO - Setting next_dagrun for example_setup_teardown to 2025-01-29 00:00:00+00:00, run_after=2025-01-30 00:00:00+00:00
[2025-01-30T09:16:58.866+0000] {processor.py:183} INFO - Processing /home/airflow/.local/lib/python3.12/site-packages/airflow/example_dags/example_setup_teardown.py took 0.083 seconds
[2025-01-30T09:17:29.297+0000] {processor.py:161} INFO - Started process (PID=858) to work on /home/airflow/.local/lib/python3.12/site-packages/airflow/example_dags/example_setup_teardown.py
[2025-01-30T09:17:29.299+0000] {processor.py:830} INFO - Processing file /home/airflow/.local/lib/python3.12/site-packages/airflow/example_dags/example_setup_teardown.py for tasks to queue
[2025-01-30T09:17:29.301+0000] {logging_mixin.py:188} INFO - [2025-01-30T09:17:29.300+0000] {dagbag.py:545} INFO - Filling up the DagBag from /home/airflow/.local/lib/python3.12/site-packages/airflow/example_dags/example_setup_teardown.py
[2025-01-30T09:17:29.314+0000] {processor.py:840} INFO - DAG(s) 'example_setup_teardown' retrieved from /home/airflow/.local/lib/python3.12/site-packages/airflow/example_dags/example_setup_teardown.py
[2025-01-30T09:17:29.359+0000] {logging_mixin.py:188} INFO - [2025-01-30T09:17:29.358+0000] {dag.py:3096} INFO - Sync 1 DAGs
[2025-01-30T09:17:29.402+0000] {logging_mixin.py:188} INFO - [2025-01-30T09:17:29.401+0000] {dag.py:3954} INFO - Setting next_dagrun for example_setup_teardown to 2025-01-29 00:00:00+00:00, run_after=2025-01-30 00:00:00+00:00
[2025-01-30T09:17:29.443+0000] {processor.py:183} INFO - Processing /home/airflow/.local/lib/python3.12/site-packages/airflow/example_dags/example_setup_teardown.py took 0.153 seconds
[2025-01-30T09:17:59.550+0000] {processor.py:161} INFO - Started process (PID=917) to work on /home/airflow/.local/lib/python3.12/site-packages/airflow/example_dags/example_setup_teardown.py
[2025-01-30T09:17:59.551+0000] {processor.py:830} INFO - Processing file /home/airflow/.local/lib/python3.12/site-packages/airflow/example_dags/example_setup_teardown.py for tasks to queue
[2025-01-30T09:17:59.553+0000] {logging_mixin.py:188} INFO - [2025-01-30T09:17:59.553+0000] {dagbag.py:545} INFO - Filling up the DagBag from /home/airflow/.local/lib/python3.12/site-packages/airflow/example_dags/example_setup_teardown.py
[2025-01-30T09:17:59.562+0000] {processor.py:840} INFO - DAG(s) 'example_setup_teardown' retrieved from /home/airflow/.local/lib/python3.12/site-packages/airflow/example_dags/example_setup_teardown.py
[2025-01-30T09:17:59.586+0000] {logging_mixin.py:188} INFO - [2025-01-30T09:17:59.585+0000] {dag.py:3096} INFO - Sync 1 DAGs
[2025-01-30T09:17:59.505+0000] {logging_mixin.py:188} INFO - [2025-01-30T09:17:59.505+0000] {dag.py:3954} INFO - Setting next_dagrun for example_setup_teardown to 2025-01-29 00:00:00+00:00, run_after=2025-01-30 00:00:00+00:00
[2025-01-30T09:17:59.531+0000] {processor.py:183} INFO - Processing /home/airflow/.local/lib/python3.12/site-packages/airflow/example_dags/example_setup_teardown.py took 0.098 seconds
[2025-01-30T09:18:29.850+0000] {processor.py:161} INFO - Started process (PID=976) to work on /home/airflow/.local/lib/python3.12/site-packages/airflow/example_dags/example_setup_teardown.py
[2025-01-30T09:18:29.852+0000] {processor.py:830} INFO - Processing file /home/airflow/.local/lib/python3.12/site-packages/airflow/example_dags/example_setup_teardown.py for tasks to queue
[2025-01-30T09:18:29.856+0000] {logging_mixin.py:188} INFO - [2025-01-30T09:18:29.856+0000] {dagbag.py:545} INFO - Filling up the DagBag from /home/airflow/.local/lib/python3.12/site-packages/airflow/example_dags/example_setup_teardown.py
[2025-01-30T09:18:29.864+0000] {processor.py:840} INFO - DAG(s) 'example_setup_teardown' retrieved from /home/airflow/.local/lib/python3.12/site-packages/airflow/example_dags/example_setup_teardown.py
[2025-01-30T09:18:29.893+0000] {logging_mixin.py:188} INFO - [2025-01-30T09:18:29.893+0000] {dag.py:3096} INFO - Sync 1 DAGs
[2025-01-30T09:18:29.929+0000] {logging_mixin.py:188} INFO - [2025-01-30T09:18:29.928+0000] {dag.py:3954} INFO - Setting next_dagrun for example_setup_teardown to 2025-01-29 00:00:00+00:00, run_after=2025-01-30 00:00:00+00:00
[2025-01-30T09:18:29.962+0000] {processor.py:183} INFO - Processing /home/airflow/.local/lib/python3.12/site-packages/airflow/example_dags/example_setup_teardown.py took 0.116 seconds
[2025-01-30T09:20:17.989+0000] {processor.py:161} INFO - Started process (PID=101) to work on /home/airflow/.local/lib/python3.12/site-packages/airflow/example_dags/example_setup_teardown.py
[2025-01-30T09:20:17.991+0000] {processor.py:830} INFO - Processing file /home/airflow/.local/lib/python3.12/site-packages/airflow/example_dags/example_setup_teardown.py for tasks to queue
[2025-01-30T09:20:17.993+0000] {logging_mixin.py:188} INFO - [2025-01-30T09:20:17.993+0000] {dagbag.py:545} INFO - Filling up the DagBag from /home/airflow/.local/lib/python3.12/site-packages/airflow/example_dags/example_setup_teardown.py
[2025-01-30T09:20:17.999+0000] {processor.py:840} INFO - DAG(s) 'example_setup_teardown' retrieved from /home/airflow/.local/lib/python3.12/site-packages/airflow/example_dags/example_setup_teardown.py
[2025-01-30T09:20:18.116+0000] {logging_mixin.py:188} INFO - [2025-01-30T09:20:18.115+0000] {dag.py:3096} INFO - Sync 1 DAGs
[2025-01-30T09:20:18.137+0000] {logging_mixin.py:188} INFO - [2025-01-30T09:20:18.137+0000] {dag.py:3954} INFO - Setting next_dagrun for example_setup_teardown to 2025-01-29 00:00:00+00:00, run_after=2025-01-30 00:00:00+00:00
[2025-01-30T09:20:18.162+0000] {processor.py:183} INFO - Processing /home/airflow/.local/lib/python3.12/site-packages/airflow/example_dags/example_setup_teardown.py took 0.177 seconds
[2025-01-30T09:20:48.265+0000] {processor.py:161} INFO - Started process (PID=159) to work on /home/airflow/.local/lib/python3.12/site-packages/airflow/example_dags/example_setup_teardown.py
[2025-01-30T09:20:48.266+0000] {processor.py:830} INFO - Processing file /home/airflow/.local/lib/python3.12/site-packages/airflow/example_dags/example_setup_teardown.py for tasks to queue
[2025-01-30T09:20:48.268+0000] {logging_mixin.py:188} INFO - [2025-01-30T09:20:48.268+0000] {dagbag.py:545} INFO - Filling up the DagBag from /home/airflow/.local/lib/python3.12/site-packages/airflow/example_dags/example_setup_teardown.py
[2025-01-30T09:20:48.277+0000] {processor.py:840} INFO - DAG(s) 'example_setup_teardown' retrieved from /home/airflow/.local/lib/python3.12/site-packages/airflow/example_dags/example_setup_teardown.py
[2025-01-30T09:20:48.298+0000] {logging_mixin.py:188} INFO - [2025-01-30T09:20:48.297+0000] {dag.py:3096} INFO - Sync 1 DAGs
[2025-01-30T09:20:48.320+0000] {logging_mixin.py:188} INFO - [2025-01-30T09:20:48.320+0000] {dag.py:3954} INFO - Setting next_dagrun for example_setup_teardown to 2025-01-29 00:00:00+00:00, run_after=2025-01-30 00:00:00+00:00
[2025-01-30T09:20:48.347+0000] {processor.py:183} INFO - Processing /home/airflow/.local/lib/python3.12/site-packages/airflow/example_dags/example_setup_teardown.py took 0.087 seconds
[2025-01-30T09:21:19.319+0000] {processor.py:161} INFO - Started process (PID=217) to work on /home/airflow/.local/lib/python3.12/site-packages/airflow/example_dags/example_setup_teardown.py
[2025-01-30T09:21:19.321+0000] {processor.py:830} INFO - Processing file /home/airflow/.local/lib/python3.12/site-packages/airflow/example_dags/example_setup_teardown.py for tasks to queue
[2025-01-30T09:21:19.323+0000] {logging_mixin.py:188} INFO - [2025-01-30T09:21:19.322+0000] {dagbag.py:545} INFO - Filling up the DagBag from /home/airflow/.local/lib/python3.12/site-packages/airflow/example_dags/example_setup_teardown.py
[2025-01-30T09:21:19.328+0000] {processor.py:840} INFO - DAG(s) 'example_setup_teardown' retrieved from /home/airflow/.local/lib/python3.12/site-packages/airflow/example_dags/example_setup_teardown.py
[2025-01-30T09:21:19.350+0000] {logging_mixin.py:188} INFO - [2025-01-30T09:21:19.350+0000] {dag.py:3096} INFO - Sync 1 DAGs
[2025-01-30T09:21:19.376+0000] {logging_mixin.py:188} INFO - [2025-01-30T09:21:19.376+0000] {dag.py:3954} INFO - Setting next_dagrun for example_setup_teardown to 2025-01-29 00:00:00+00:00, run_after=2025-01-30 00:00:00+00:00
[2025-01-30T09:21:19.404+0000] {processor.py:183} INFO - Processing /home/airflow/.local/lib/python3.12/site-packages/airflow/example_dags/example_setup_teardown.py took 0.090 seconds
[2025-01-30T09:21:49.744+0000] {processor.py:161} INFO - Started process (PID=275) to work on /home/airflow/.local/lib/python3.12/site-packages/airflow/example_dags/example_setup_teardown.py
[2025-01-30T09:21:49.746+0000] {processor.py:830} INFO - Processing file /home/airflow/.local/lib/python3.12/site-packages/airflow/example_dags/example_setup_teardown.py for tasks to queue
[2025-01-30T09:21:49.748+0000] {logging_mixin.py:188} INFO - [2025-01-30T09:21:49.748+0000] {dagbag.py:545} INFO - Filling up the DagBag from /home/airflow/.local/lib/python3.12/site-packages/airflow/example_dags/example_setup_teardown.py
[2025-01-30T09:21:49.755+0000] {processor.py:840} INFO - DAG(s) 'example_setup_teardown' retrieved from /home/airflow/.local/lib/python3.12/site-packages/airflow/example_dags/example_setup_teardown.py
[2025-01-30T09:21:49.776+0000] {logging_mixin.py:188} INFO - [2025-01-30T09:21:49.776+0000] {dag.py:3096} INFO - Sync 1 DAGs
[2025-01-30T09:21:49.801+0000] {logging_mixin.py:188} INFO - [2025-01-30T09:21:49.800+0000] {dag.py:3954} INFO - Setting next_dagrun for example_setup_teardown to 2025-01-29 00:00:00+00:00, run_after=2025-01-30 00:00:00+00:00
[2025-01-30T09:21:49.823+0000] {processor.py:183} INFO - Processing /home/airflow/.local/lib/python3.12/site-packages/airflow/example_dags/example_setup_teardown.py took 0.084 seconds
[2025-01-30T09:22:19.973+0000] {processor.py:161} INFO - Started process (PID=334) to work on /home/airflow/.local/lib/python3.12/site-packages/airflow/example_dags/example_setup_teardown.py
[2025-01-30T09:22:19.975+0000] {processor.py:830} INFO - Processing file /home/airflow/.local/lib/python3.12/site-packages/airflow/example_dags/example_setup_teardown.py for tasks to queue
[2025-01-30T09:22:19.976+0000] {logging_mixin.py:188} INFO - [2025-01-30T09:22:19.976+0000] {dagbag.py:545} INFO - Filling up the DagBag from /home/airflow/.local/lib/python3.12/site-packages/airflow/example_dags/example_setup_teardown.py
[2025-01-30T09:22:19.984+0000] {processor.py:840} INFO - DAG(s) 'example_setup_teardown' retrieved from /home/airflow/.local/lib/python3.12/site-packages/airflow/example_dags/example_setup_teardown.py
[2025-01-30T09:22:20.008+0000] {logging_mixin.py:188} INFO - [2025-01-30T09:22:20.008+0000] {dag.py:3096} INFO - Sync 1 DAGs
[2025-01-30T09:22:20.033+0000] {logging_mixin.py:188} INFO - [2025-01-30T09:22:20.033+0000] {dag.py:3954} INFO - Setting next_dagrun for example_setup_teardown to 2025-01-29 00:00:00+00:00, run_after=2025-01-30 00:00:00+00:00
[2025-01-30T09:22:20.058+0000] {processor.py:183} INFO - Processing /home/airflow/.local/lib/python3.12/site-packages/airflow/example_dags/example_setup_teardown.py took 0.091 seconds
[2025-01-30T09:22:50.683+0000] {processor.py:161} INFO - Started process (PID=392) to work on /home/airflow/.local/lib/python3.12/site-packages/airflow/example_dags/example_setup_teardown.py
[2025-01-30T09:22:50.684+0000] {processor.py:830} INFO - Processing file /home/airflow/.local/lib/python3.12/site-packages/airflow/example_dags/example_setup_teardown.py for tasks to queue
[2025-01-30T09:22:50.687+0000] {logging_mixin.py:188} INFO - [2025-01-30T09:22:50.687+0000] {dagbag.py:545} INFO - Filling up the DagBag from /home/airflow/.local/lib/python3.12/site-packages/airflow/example_dags/example_setup_teardown.py
[2025-01-30T09:22:50.694+0000] {processor.py:840} INFO - DAG(s) 'example_setup_teardown' retrieved from /home/airflow/.local/lib/python3.12/site-packages/airflow/example_dags/example_setup_teardown.py
[2025-01-30T09:22:50.716+0000] {logging_mixin.py:188} INFO - [2025-01-30T09:22:50.716+0000] {dag.py:3096} INFO - Sync 1 DAGs
[2025-01-30T09:22:50.740+0000] {logging_mixin.py:188} INFO - [2025-01-30T09:22:50.740+0000] {dag.py:3954} INFO - Setting next_dagrun for example_setup_teardown to 2025-01-29 00:00:00+00:00, run_after=2025-01-30 00:00:00+00:00
[2025-01-30T09:22:50.763+0000] {processor.py:183} INFO - Processing /home/airflow/.local/lib/python3.12/site-packages/airflow/example_dags/example_setup_teardown.py took 0.085 seconds
[2025-01-30T09:23:21.281+0000] {processor.py:161} INFO - Started process (PID=450) to work on /home/airflow/.local/lib/python3.12/site-packages/airflow/example_dags/example_setup_teardown.py
[2025-01-30T09:23:21.283+0000] {processor.py:830} INFO - Processing file /home/airflow/.local/lib/python3.12/site-packages/airflow/example_dags/example_setup_teardown.py for tasks to queue
[2025-01-30T09:23:21.285+0000] {logging_mixin.py:188} INFO - [2025-01-30T09:23:21.285+0000] {dagbag.py:545} INFO - Filling up the DagBag from /home/airflow/.local/lib/python3.12/site-packages/airflow/example_dags/example_setup_teardown.py
[2025-01-30T09:23:21.291+0000] {processor.py:840} INFO - DAG(s) 'example_setup_teardown' retrieved from /home/airflow/.local/lib/python3.12/site-packages/airflow/example_dags/example_setup_teardown.py
[2025-01-30T09:23:21.313+0000] {logging_mixin.py:188} INFO - [2025-01-30T09:23:21.313+0000] {dag.py:3096} INFO - Sync 1 DAGs
[2025-01-30T09:23:21.356+0000] {logging_mixin.py:188} INFO - [2025-01-30T09:23:21.356+0000] {dag.py:3954} INFO - Setting next_dagrun for example_setup_teardown to 2025-01-29 00:00:00+00:00, run_after=2025-01-30 00:00:00+00:00
[2025-01-30T09:23:21.390+0000] {processor.py:183} INFO - Processing /home/airflow/.local/lib/python3.12/site-packages/airflow/example_dags/example_setup_teardown.py took 0.113 seconds
[2025-01-30T09:23:51.878+0000] {processor.py:161} INFO - Started process (PID=508) to work on /home/airflow/.local/lib/python3.12/site-packages/airflow/example_dags/example_setup_teardown.py
[2025-01-30T09:23:51.879+0000] {processor.py:830} INFO - Processing file /home/airflow/.local/lib/python3.12/site-packages/airflow/example_dags/example_setup_teardown.py for tasks to queue
[2025-01-30T09:23:51.881+0000] {logging_mixin.py:188} INFO - [2025-01-30T09:23:51.881+0000] {dagbag.py:545} INFO - Filling up the DagBag from /home/airflow/.local/lib/python3.12/site-packages/airflow/example_dags/example_setup_teardown.py
[2025-01-30T09:23:51.890+0000] {processor.py:840} INFO - DAG(s) 'example_setup_teardown' retrieved from /home/airflow/.local/lib/python3.12/site-packages/airflow/example_dags/example_setup_teardown.py
[2025-01-30T09:23:51.914+0000] {logging_mixin.py:188} INFO - [2025-01-30T09:23:51.914+0000] {dag.py:3096} INFO - Sync 1 DAGs
[2025-01-30T09:23:51.940+0000] {logging_mixin.py:188} INFO - [2025-01-30T09:23:51.939+0000] {dag.py:3954} INFO - Setting next_dagrun for example_setup_teardown to 2025-01-29 00:00:00+00:00, run_after=2025-01-30 00:00:00+00:00
[2025-01-30T09:23:51.974+0000] {processor.py:183} INFO - Processing /home/airflow/.local/lib/python3.12/site-packages/airflow/example_dags/example_setup_teardown.py took 0.102 seconds
[2025-01-30T09:24:22.294+0000] {processor.py:161} INFO - Started process (PID=566) to work on /home/airflow/.local/lib/python3.12/site-packages/airflow/example_dags/example_setup_teardown.py
[2025-01-30T09:24:22.302+0000] {processor.py:830} INFO - Processing file /home/airflow/.local/lib/python3.12/site-packages/airflow/example_dags/example_setup_teardown.py for tasks to queue
[2025-01-30T09:24:22.310+0000] {logging_mixin.py:188} INFO - [2025-01-30T09:24:22.310+0000] {dagbag.py:545} INFO - Filling up the DagBag from /home/airflow/.local/lib/python3.12/site-packages/airflow/example_dags/example_setup_teardown.py
[2025-01-30T09:24:22.319+0000] {processor.py:840} INFO - DAG(s) 'example_setup_teardown' retrieved from /home/airflow/.local/lib/python3.12/site-packages/airflow/example_dags/example_setup_teardown.py
[2025-01-30T09:24:22.347+0000] {logging_mixin.py:188} INFO - [2025-01-30T09:24:22.347+0000] {dag.py:3096} INFO - Sync 1 DAGs
[2025-01-30T09:24:22.374+0000] {logging_mixin.py:188} INFO - [2025-01-30T09:24:22.374+0000] {dag.py:3954} INFO - Setting next_dagrun for example_setup_teardown to 2025-01-29 00:00:00+00:00, run_after=2025-01-30 00:00:00+00:00
[2025-01-30T09:24:22.404+0000] {processor.py:183} INFO - Processing /home/airflow/.local/lib/python3.12/site-packages/airflow/example_dags/example_setup_teardown.py took 0.117 seconds
[2025-01-30T09:24:52.594+0000] {processor.py:161} INFO - Started process (PID=624) to work on /home/airflow/.local/lib/python3.12/site-packages/airflow/example_dags/example_setup_teardown.py
[2025-01-30T09:24:52.595+0000] {processor.py:830} INFO - Processing file /home/airflow/.local/lib/python3.12/site-packages/airflow/example_dags/example_setup_teardown.py for tasks to queue
[2025-01-30T09:24:52.597+0000] {logging_mixin.py:188} INFO - [2025-01-30T09:24:52.597+0000] {dagbag.py:545} INFO - Filling up the DagBag from /home/airflow/.local/lib/python3.12/site-packages/airflow/example_dags/example_setup_teardown.py
[2025-01-30T09:24:52.604+0000] {processor.py:840} INFO - DAG(s) 'example_setup_teardown' retrieved from /home/airflow/.local/lib/python3.12/site-packages/airflow/example_dags/example_setup_teardown.py
[2025-01-30T09:24:52.625+0000] {logging_mixin.py:188} INFO - [2025-01-30T09:24:52.625+0000] {dag.py:3096} INFO - Sync 1 DAGs
[2025-01-30T09:24:52.650+0000] {logging_mixin.py:188} INFO - [2025-01-30T09:24:52.650+0000] {dag.py:3954} INFO - Setting next_dagrun for example_setup_teardown to 2025-01-29 00:00:00+00:00, run_after=2025-01-30 00:00:00+00:00
[2025-01-30T09:24:52.677+0000] {processor.py:183} INFO - Processing /home/airflow/.local/lib/python3.12/site-packages/airflow/example_dags/example_setup_teardown.py took 0.088 seconds
[2025-01-30T09:25:22.786+0000] {processor.py:161} INFO - Started process (PID=682) to work on /home/airflow/.local/lib/python3.12/site-packages/airflow/example_dags/example_setup_teardown.py
[2025-01-30T09:25:22.787+0000] {processor.py:830} INFO - Processing file /home/airflow/.local/lib/python3.12/site-packages/airflow/example_dags/example_setup_teardown.py for tasks to queue
[2025-01-30T09:25:22.789+0000] {logging_mixin.py:188} INFO - [2025-01-30T09:25:22.788+0000] {dagbag.py:545} INFO - Filling up the DagBag from /home/airflow/.local/lib/python3.12/site-packages/airflow/example_dags/example_setup_teardown.py
[2025-01-30T09:25:22.795+0000] {processor.py:840} INFO - DAG(s) 'example_setup_teardown' retrieved from /home/airflow/.local/lib/python3.12/site-packages/airflow/example_dags/example_setup_teardown.py
[2025-01-30T09:25:22.817+0000] {logging_mixin.py:188} INFO - [2025-01-30T09:25:22.817+0000] {dag.py:3096} INFO - Sync 1 DAGs
[2025-01-30T09:25:22.840+0000] {logging_mixin.py:188} INFO - [2025-01-30T09:25:22.840+0000] {dag.py:3954} INFO - Setting next_dagrun for example_setup_teardown to 2025-01-29 00:00:00+00:00, run_after=2025-01-30 00:00:00+00:00
[2025-01-30T09:25:22.865+0000] {processor.py:183} INFO - Processing /home/airflow/.local/lib/python3.12/site-packages/airflow/example_dags/example_setup_teardown.py took 0.084 seconds
