[2025-01-30T08:43:52.539+0000] {processor.py:161} INFO - Started process (PID=88) to work on /home/airflow/.local/lib/python3.12/site-packages/airflow/example_dags/example_dynamic_task_mapping.py
[2025-01-30T08:43:52.541+0000] {processor.py:830} INFO - Processing file /home/airflow/.local/lib/python3.12/site-packages/airflow/example_dags/example_dynamic_task_mapping.py for tasks to queue
[2025-01-30T08:43:52.543+0000] {logging_mixin.py:188} INFO - [2025-01-30T08:43:52.542+0000] {dagbag.py:545} INFO - Filling up the DagBag from /home/airflow/.local/lib/python3.12/site-packages/airflow/example_dags/example_dynamic_task_mapping.py
[2025-01-30T08:43:52.552+0000] {processor.py:840} INFO - DAG(s) 'example_dynamic_task_mapping' retrieved from /home/airflow/.local/lib/python3.12/site-packages/airflow/example_dags/example_dynamic_task_mapping.py
[2025-01-30T08:43:52.669+0000] {logging_mixin.py:188} INFO - [2025-01-30T08:43:52.669+0000] {dag.py:3096} INFO - Sync 1 DAGs
[2025-01-30T08:43:52.690+0000] {logging_mixin.py:188} INFO - [2025-01-30T08:43:52.690+0000] {dag.py:3954} INFO - Setting next_dagrun for example_dynamic_task_mapping to 2022-03-04 00:00:00+00:00, run_after=2022-03-05 00:00:00+00:00
[2025-01-30T08:43:52.715+0000] {processor.py:183} INFO - Processing /home/airflow/.local/lib/python3.12/site-packages/airflow/example_dags/example_dynamic_task_mapping.py took 0.181 seconds
[2025-01-30T08:44:23.303+0000] {processor.py:161} INFO - Started process (PID=146) to work on /home/airflow/.local/lib/python3.12/site-packages/airflow/example_dags/example_dynamic_task_mapping.py
[2025-01-30T08:44:23.304+0000] {processor.py:830} INFO - Processing file /home/airflow/.local/lib/python3.12/site-packages/airflow/example_dags/example_dynamic_task_mapping.py for tasks to queue
[2025-01-30T08:44:23.306+0000] {logging_mixin.py:188} INFO - [2025-01-30T08:44:23.305+0000] {dagbag.py:545} INFO - Filling up the DagBag from /home/airflow/.local/lib/python3.12/site-packages/airflow/example_dags/example_dynamic_task_mapping.py
[2025-01-30T08:44:23.313+0000] {processor.py:840} INFO - DAG(s) 'example_dynamic_task_mapping' retrieved from /home/airflow/.local/lib/python3.12/site-packages/airflow/example_dags/example_dynamic_task_mapping.py
[2025-01-30T08:44:23.332+0000] {logging_mixin.py:188} INFO - [2025-01-30T08:44:23.331+0000] {dag.py:3096} INFO - Sync 1 DAGs
[2025-01-30T08:44:23.357+0000] {logging_mixin.py:188} INFO - [2025-01-30T08:44:23.357+0000] {dag.py:3954} INFO - Setting next_dagrun for example_dynamic_task_mapping to 2022-03-04 00:00:00+00:00, run_after=2022-03-05 00:00:00+00:00
[2025-01-30T08:44:23.380+0000] {processor.py:183} INFO - Processing /home/airflow/.local/lib/python3.12/site-packages/airflow/example_dags/example_dynamic_task_mapping.py took 0.082 seconds
[2025-01-30T08:44:53.426+0000] {processor.py:161} INFO - Started process (PID=204) to work on /home/airflow/.local/lib/python3.12/site-packages/airflow/example_dags/example_dynamic_task_mapping.py
[2025-01-30T08:44:53.428+0000] {processor.py:830} INFO - Processing file /home/airflow/.local/lib/python3.12/site-packages/airflow/example_dags/example_dynamic_task_mapping.py for tasks to queue
[2025-01-30T08:44:53.429+0000] {logging_mixin.py:188} INFO - [2025-01-30T08:44:53.429+0000] {dagbag.py:545} INFO - Filling up the DagBag from /home/airflow/.local/lib/python3.12/site-packages/airflow/example_dags/example_dynamic_task_mapping.py
[2025-01-30T08:44:53.436+0000] {processor.py:840} INFO - DAG(s) 'example_dynamic_task_mapping' retrieved from /home/airflow/.local/lib/python3.12/site-packages/airflow/example_dags/example_dynamic_task_mapping.py
[2025-01-30T08:44:53.460+0000] {logging_mixin.py:188} INFO - [2025-01-30T08:44:53.459+0000] {dag.py:3096} INFO - Sync 1 DAGs
[2025-01-30T08:44:53.483+0000] {logging_mixin.py:188} INFO - [2025-01-30T08:44:53.483+0000] {dag.py:3954} INFO - Setting next_dagrun for example_dynamic_task_mapping to 2022-03-04 00:00:00+00:00, run_after=2022-03-05 00:00:00+00:00
[2025-01-30T08:44:53.510+0000] {processor.py:183} INFO - Processing /home/airflow/.local/lib/python3.12/site-packages/airflow/example_dags/example_dynamic_task_mapping.py took 0.090 seconds
[2025-01-30T08:45:23.543+0000] {processor.py:161} INFO - Started process (PID=261) to work on /home/airflow/.local/lib/python3.12/site-packages/airflow/example_dags/example_dynamic_task_mapping.py
[2025-01-30T08:45:23.545+0000] {processor.py:830} INFO - Processing file /home/airflow/.local/lib/python3.12/site-packages/airflow/example_dags/example_dynamic_task_mapping.py for tasks to queue
[2025-01-30T08:45:23.547+0000] {logging_mixin.py:188} INFO - [2025-01-30T08:45:23.547+0000] {dagbag.py:545} INFO - Filling up the DagBag from /home/airflow/.local/lib/python3.12/site-packages/airflow/example_dags/example_dynamic_task_mapping.py
[2025-01-30T08:45:23.555+0000] {processor.py:840} INFO - DAG(s) 'example_dynamic_task_mapping' retrieved from /home/airflow/.local/lib/python3.12/site-packages/airflow/example_dags/example_dynamic_task_mapping.py
[2025-01-30T08:45:23.575+0000] {logging_mixin.py:188} INFO - [2025-01-30T08:45:23.575+0000] {dag.py:3096} INFO - Sync 1 DAGs
[2025-01-30T08:45:23.601+0000] {logging_mixin.py:188} INFO - [2025-01-30T08:45:23.600+0000] {dag.py:3954} INFO - Setting next_dagrun for example_dynamic_task_mapping to 2022-03-04 00:00:00+00:00, run_after=2022-03-05 00:00:00+00:00
[2025-01-30T08:45:23.624+0000] {processor.py:183} INFO - Processing /home/airflow/.local/lib/python3.12/site-packages/airflow/example_dags/example_dynamic_task_mapping.py took 0.086 seconds
[2025-01-30T08:45:53.761+0000] {processor.py:161} INFO - Started process (PID=319) to work on /home/airflow/.local/lib/python3.12/site-packages/airflow/example_dags/example_dynamic_task_mapping.py
[2025-01-30T08:45:53.762+0000] {processor.py:830} INFO - Processing file /home/airflow/.local/lib/python3.12/site-packages/airflow/example_dags/example_dynamic_task_mapping.py for tasks to queue
[2025-01-30T08:45:53.764+0000] {logging_mixin.py:188} INFO - [2025-01-30T08:45:53.764+0000] {dagbag.py:545} INFO - Filling up the DagBag from /home/airflow/.local/lib/python3.12/site-packages/airflow/example_dags/example_dynamic_task_mapping.py
[2025-01-30T08:45:53.772+0000] {processor.py:840} INFO - DAG(s) 'example_dynamic_task_mapping' retrieved from /home/airflow/.local/lib/python3.12/site-packages/airflow/example_dags/example_dynamic_task_mapping.py
[2025-01-30T08:45:53.793+0000] {logging_mixin.py:188} INFO - [2025-01-30T08:45:53.792+0000] {dag.py:3096} INFO - Sync 1 DAGs
[2025-01-30T08:45:53.818+0000] {logging_mixin.py:188} INFO - [2025-01-30T08:45:53.817+0000] {dag.py:3954} INFO - Setting next_dagrun for example_dynamic_task_mapping to 2022-03-04 00:00:00+00:00, run_after=2022-03-05 00:00:00+00:00
[2025-01-30T08:45:53.843+0000] {processor.py:183} INFO - Processing /home/airflow/.local/lib/python3.12/site-packages/airflow/example_dags/example_dynamic_task_mapping.py took 0.087 seconds
[2025-01-30T08:46:24.258+0000] {processor.py:161} INFO - Started process (PID=376) to work on /home/airflow/.local/lib/python3.12/site-packages/airflow/example_dags/example_dynamic_task_mapping.py
[2025-01-30T08:46:24.258+0000] {processor.py:830} INFO - Processing file /home/airflow/.local/lib/python3.12/site-packages/airflow/example_dags/example_dynamic_task_mapping.py for tasks to queue
[2025-01-30T08:46:24.260+0000] {logging_mixin.py:188} INFO - [2025-01-30T08:46:24.260+0000] {dagbag.py:545} INFO - Filling up the DagBag from /home/airflow/.local/lib/python3.12/site-packages/airflow/example_dags/example_dynamic_task_mapping.py
[2025-01-30T08:46:24.268+0000] {processor.py:840} INFO - DAG(s) 'example_dynamic_task_mapping' retrieved from /home/airflow/.local/lib/python3.12/site-packages/airflow/example_dags/example_dynamic_task_mapping.py
[2025-01-30T08:46:24.289+0000] {logging_mixin.py:188} INFO - [2025-01-30T08:46:24.288+0000] {dag.py:3096} INFO - Sync 1 DAGs
[2025-01-30T08:46:24.312+0000] {logging_mixin.py:188} INFO - [2025-01-30T08:46:24.312+0000] {dag.py:3954} INFO - Setting next_dagrun for example_dynamic_task_mapping to 2022-03-04 00:00:00+00:00, run_after=2022-03-05 00:00:00+00:00
[2025-01-30T08:46:24.338+0000] {processor.py:183} INFO - Processing /home/airflow/.local/lib/python3.12/site-packages/airflow/example_dags/example_dynamic_task_mapping.py took 0.086 seconds
[2025-01-30T08:46:54.693+0000] {processor.py:161} INFO - Started process (PID=434) to work on /home/airflow/.local/lib/python3.12/site-packages/airflow/example_dags/example_dynamic_task_mapping.py
[2025-01-30T08:46:54.694+0000] {processor.py:830} INFO - Processing file /home/airflow/.local/lib/python3.12/site-packages/airflow/example_dags/example_dynamic_task_mapping.py for tasks to queue
[2025-01-30T08:46:54.696+0000] {logging_mixin.py:188} INFO - [2025-01-30T08:46:54.696+0000] {dagbag.py:545} INFO - Filling up the DagBag from /home/airflow/.local/lib/python3.12/site-packages/airflow/example_dags/example_dynamic_task_mapping.py
[2025-01-30T08:46:54.703+0000] {processor.py:840} INFO - DAG(s) 'example_dynamic_task_mapping' retrieved from /home/airflow/.local/lib/python3.12/site-packages/airflow/example_dags/example_dynamic_task_mapping.py
[2025-01-30T08:46:54.723+0000] {logging_mixin.py:188} INFO - [2025-01-30T08:46:54.722+0000] {dag.py:3096} INFO - Sync 1 DAGs
[2025-01-30T08:46:54.750+0000] {logging_mixin.py:188} INFO - [2025-01-30T08:46:54.750+0000] {dag.py:3954} INFO - Setting next_dagrun for example_dynamic_task_mapping to 2022-03-04 00:00:00+00:00, run_after=2022-03-05 00:00:00+00:00
[2025-01-30T08:46:54.774+0000] {processor.py:183} INFO - Processing /home/airflow/.local/lib/python3.12/site-packages/airflow/example_dags/example_dynamic_task_mapping.py took 0.086 seconds
[2025-01-30T08:47:25.205+0000] {processor.py:161} INFO - Started process (PID=492) to work on /home/airflow/.local/lib/python3.12/site-packages/airflow/example_dags/example_dynamic_task_mapping.py
[2025-01-30T08:47:25.206+0000] {processor.py:830} INFO - Processing file /home/airflow/.local/lib/python3.12/site-packages/airflow/example_dags/example_dynamic_task_mapping.py for tasks to queue
[2025-01-30T08:47:25.208+0000] {logging_mixin.py:188} INFO - [2025-01-30T08:47:25.208+0000] {dagbag.py:545} INFO - Filling up the DagBag from /home/airflow/.local/lib/python3.12/site-packages/airflow/example_dags/example_dynamic_task_mapping.py
[2025-01-30T08:47:25.214+0000] {processor.py:840} INFO - DAG(s) 'example_dynamic_task_mapping' retrieved from /home/airflow/.local/lib/python3.12/site-packages/airflow/example_dags/example_dynamic_task_mapping.py
[2025-01-30T08:47:25.234+0000] {logging_mixin.py:188} INFO - [2025-01-30T08:47:25.234+0000] {dag.py:3096} INFO - Sync 1 DAGs
[2025-01-30T08:47:25.257+0000] {logging_mixin.py:188} INFO - [2025-01-30T08:47:25.257+0000] {dag.py:3954} INFO - Setting next_dagrun for example_dynamic_task_mapping to 2022-03-04 00:00:00+00:00, run_after=2022-03-05 00:00:00+00:00
[2025-01-30T08:47:25.279+0000] {processor.py:183} INFO - Processing /home/airflow/.local/lib/python3.12/site-packages/airflow/example_dags/example_dynamic_task_mapping.py took 0.080 seconds
[2025-01-30T08:47:55.573+0000] {processor.py:161} INFO - Started process (PID=550) to work on /home/airflow/.local/lib/python3.12/site-packages/airflow/example_dags/example_dynamic_task_mapping.py
[2025-01-30T08:47:55.576+0000] {processor.py:830} INFO - Processing file /home/airflow/.local/lib/python3.12/site-packages/airflow/example_dags/example_dynamic_task_mapping.py for tasks to queue
[2025-01-30T08:47:55.582+0000] {logging_mixin.py:188} INFO - [2025-01-30T08:47:55.582+0000] {dagbag.py:545} INFO - Filling up the DagBag from /home/airflow/.local/lib/python3.12/site-packages/airflow/example_dags/example_dynamic_task_mapping.py
[2025-01-30T08:47:55.592+0000] {processor.py:840} INFO - DAG(s) 'example_dynamic_task_mapping' retrieved from /home/airflow/.local/lib/python3.12/site-packages/airflow/example_dags/example_dynamic_task_mapping.py
[2025-01-30T08:47:55.625+0000] {logging_mixin.py:188} INFO - [2025-01-30T08:47:55.624+0000] {dag.py:3096} INFO - Sync 1 DAGs
[2025-01-30T08:47:55.660+0000] {logging_mixin.py:188} INFO - [2025-01-30T08:47:55.660+0000] {dag.py:3954} INFO - Setting next_dagrun for example_dynamic_task_mapping to 2022-03-04 00:00:00+00:00, run_after=2022-03-05 00:00:00+00:00
[2025-01-30T08:47:55.710+0000] {processor.py:183} INFO - Processing /home/airflow/.local/lib/python3.12/site-packages/airflow/example_dags/example_dynamic_task_mapping.py took 0.144 seconds
[2025-01-30T08:48:25.949+0000] {processor.py:161} INFO - Started process (PID=608) to work on /home/airflow/.local/lib/python3.12/site-packages/airflow/example_dags/example_dynamic_task_mapping.py
[2025-01-30T08:48:25.951+0000] {processor.py:830} INFO - Processing file /home/airflow/.local/lib/python3.12/site-packages/airflow/example_dags/example_dynamic_task_mapping.py for tasks to queue
[2025-01-30T08:48:25.952+0000] {logging_mixin.py:188} INFO - [2025-01-30T08:48:25.952+0000] {dagbag.py:545} INFO - Filling up the DagBag from /home/airflow/.local/lib/python3.12/site-packages/airflow/example_dags/example_dynamic_task_mapping.py
[2025-01-30T08:48:25.958+0000] {processor.py:840} INFO - DAG(s) 'example_dynamic_task_mapping' retrieved from /home/airflow/.local/lib/python3.12/site-packages/airflow/example_dags/example_dynamic_task_mapping.py
[2025-01-30T08:48:25.979+0000] {logging_mixin.py:188} INFO - [2025-01-30T08:48:25.979+0000] {dag.py:3096} INFO - Sync 1 DAGs
[2025-01-30T08:48:26.002+0000] {logging_mixin.py:188} INFO - [2025-01-30T08:48:26.002+0000] {dag.py:3954} INFO - Setting next_dagrun for example_dynamic_task_mapping to 2022-03-04 00:00:00+00:00, run_after=2022-03-05 00:00:00+00:00
[2025-01-30T08:48:26.028+0000] {processor.py:183} INFO - Processing /home/airflow/.local/lib/python3.12/site-packages/airflow/example_dags/example_dynamic_task_mapping.py took 0.084 seconds
[2025-01-30T08:48:56.106+0000] {processor.py:161} INFO - Started process (PID=666) to work on /home/airflow/.local/lib/python3.12/site-packages/airflow/example_dags/example_dynamic_task_mapping.py
[2025-01-30T08:48:56.108+0000] {processor.py:830} INFO - Processing file /home/airflow/.local/lib/python3.12/site-packages/airflow/example_dags/example_dynamic_task_mapping.py for tasks to queue
[2025-01-30T08:48:56.110+0000] {logging_mixin.py:188} INFO - [2025-01-30T08:48:56.110+0000] {dagbag.py:545} INFO - Filling up the DagBag from /home/airflow/.local/lib/python3.12/site-packages/airflow/example_dags/example_dynamic_task_mapping.py
[2025-01-30T08:48:56.117+0000] {processor.py:840} INFO - DAG(s) 'example_dynamic_task_mapping' retrieved from /home/airflow/.local/lib/python3.12/site-packages/airflow/example_dags/example_dynamic_task_mapping.py
[2025-01-30T08:48:56.139+0000] {logging_mixin.py:188} INFO - [2025-01-30T08:48:56.138+0000] {dag.py:3096} INFO - Sync 1 DAGs
[2025-01-30T08:48:56.163+0000] {logging_mixin.py:188} INFO - [2025-01-30T08:48:56.162+0000] {dag.py:3954} INFO - Setting next_dagrun for example_dynamic_task_mapping to 2022-03-04 00:00:00+00:00, run_after=2022-03-05 00:00:00+00:00
[2025-01-30T08:48:56.185+0000] {processor.py:183} INFO - Processing /home/airflow/.local/lib/python3.12/site-packages/airflow/example_dags/example_dynamic_task_mapping.py took 0.086 seconds
[2025-01-30T08:49:26.566+0000] {processor.py:161} INFO - Started process (PID=724) to work on /home/airflow/.local/lib/python3.12/site-packages/airflow/example_dags/example_dynamic_task_mapping.py
[2025-01-30T08:49:26.567+0000] {processor.py:830} INFO - Processing file /home/airflow/.local/lib/python3.12/site-packages/airflow/example_dags/example_dynamic_task_mapping.py for tasks to queue
[2025-01-30T08:49:26.569+0000] {logging_mixin.py:188} INFO - [2025-01-30T08:49:26.569+0000] {dagbag.py:545} INFO - Filling up the DagBag from /home/airflow/.local/lib/python3.12/site-packages/airflow/example_dags/example_dynamic_task_mapping.py
[2025-01-30T08:49:26.575+0000] {processor.py:840} INFO - DAG(s) 'example_dynamic_task_mapping' retrieved from /home/airflow/.local/lib/python3.12/site-packages/airflow/example_dags/example_dynamic_task_mapping.py
[2025-01-30T08:49:26.596+0000] {logging_mixin.py:188} INFO - [2025-01-30T08:49:26.596+0000] {dag.py:3096} INFO - Sync 1 DAGs
[2025-01-30T08:49:26.621+0000] {logging_mixin.py:188} INFO - [2025-01-30T08:49:26.621+0000] {dag.py:3954} INFO - Setting next_dagrun for example_dynamic_task_mapping to 2022-03-04 00:00:00+00:00, run_after=2022-03-05 00:00:00+00:00
[2025-01-30T08:49:26.646+0000] {processor.py:183} INFO - Processing /home/airflow/.local/lib/python3.12/site-packages/airflow/example_dags/example_dynamic_task_mapping.py took 0.085 seconds
[2025-01-30T08:49:56.886+0000] {processor.py:161} INFO - Started process (PID=782) to work on /home/airflow/.local/lib/python3.12/site-packages/airflow/example_dags/example_dynamic_task_mapping.py
[2025-01-30T08:49:56.887+0000] {processor.py:830} INFO - Processing file /home/airflow/.local/lib/python3.12/site-packages/airflow/example_dags/example_dynamic_task_mapping.py for tasks to queue
[2025-01-30T08:49:56.889+0000] {logging_mixin.py:188} INFO - [2025-01-30T08:49:56.888+0000] {dagbag.py:545} INFO - Filling up the DagBag from /home/airflow/.local/lib/python3.12/site-packages/airflow/example_dags/example_dynamic_task_mapping.py
[2025-01-30T08:49:56.895+0000] {processor.py:840} INFO - DAG(s) 'example_dynamic_task_mapping' retrieved from /home/airflow/.local/lib/python3.12/site-packages/airflow/example_dags/example_dynamic_task_mapping.py
[2025-01-30T08:49:56.914+0000] {logging_mixin.py:188} INFO - [2025-01-30T08:49:56.914+0000] {dag.py:3096} INFO - Sync 1 DAGs
[2025-01-30T08:49:56.938+0000] {logging_mixin.py:188} INFO - [2025-01-30T08:49:56.938+0000] {dag.py:3954} INFO - Setting next_dagrun for example_dynamic_task_mapping to 2022-03-04 00:00:00+00:00, run_after=2022-03-05 00:00:00+00:00
[2025-01-30T08:49:56.960+0000] {processor.py:183} INFO - Processing /home/airflow/.local/lib/python3.12/site-packages/airflow/example_dags/example_dynamic_task_mapping.py took 0.080 seconds
[2025-01-30T08:50:27.364+0000] {processor.py:161} INFO - Started process (PID=840) to work on /home/airflow/.local/lib/python3.12/site-packages/airflow/example_dags/example_dynamic_task_mapping.py
[2025-01-30T08:50:27.365+0000] {processor.py:830} INFO - Processing file /home/airflow/.local/lib/python3.12/site-packages/airflow/example_dags/example_dynamic_task_mapping.py for tasks to queue
[2025-01-30T08:50:27.367+0000] {logging_mixin.py:188} INFO - [2025-01-30T08:50:27.367+0000] {dagbag.py:545} INFO - Filling up the DagBag from /home/airflow/.local/lib/python3.12/site-packages/airflow/example_dags/example_dynamic_task_mapping.py
[2025-01-30T08:50:27.373+0000] {processor.py:840} INFO - DAG(s) 'example_dynamic_task_mapping' retrieved from /home/airflow/.local/lib/python3.12/site-packages/airflow/example_dags/example_dynamic_task_mapping.py
[2025-01-30T08:50:27.393+0000] {logging_mixin.py:188} INFO - [2025-01-30T08:50:27.393+0000] {dag.py:3096} INFO - Sync 1 DAGs
[2025-01-30T08:50:27.417+0000] {logging_mixin.py:188} INFO - [2025-01-30T08:50:27.417+0000] {dag.py:3954} INFO - Setting next_dagrun for example_dynamic_task_mapping to 2022-03-04 00:00:00+00:00, run_after=2022-03-05 00:00:00+00:00
[2025-01-30T08:50:27.442+0000] {processor.py:183} INFO - Processing /home/airflow/.local/lib/python3.12/site-packages/airflow/example_dags/example_dynamic_task_mapping.py took 0.083 seconds
[2025-01-30T08:50:57.925+0000] {processor.py:161} INFO - Started process (PID=898) to work on /home/airflow/.local/lib/python3.12/site-packages/airflow/example_dags/example_dynamic_task_mapping.py
[2025-01-30T08:50:57.926+0000] {processor.py:830} INFO - Processing file /home/airflow/.local/lib/python3.12/site-packages/airflow/example_dags/example_dynamic_task_mapping.py for tasks to queue
[2025-01-30T08:50:57.927+0000] {logging_mixin.py:188} INFO - [2025-01-30T08:50:57.927+0000] {dagbag.py:545} INFO - Filling up the DagBag from /home/airflow/.local/lib/python3.12/site-packages/airflow/example_dags/example_dynamic_task_mapping.py
[2025-01-30T08:50:57.934+0000] {processor.py:840} INFO - DAG(s) 'example_dynamic_task_mapping' retrieved from /home/airflow/.local/lib/python3.12/site-packages/airflow/example_dags/example_dynamic_task_mapping.py
[2025-01-30T08:50:57.954+0000] {logging_mixin.py:188} INFO - [2025-01-30T08:50:57.953+0000] {dag.py:3096} INFO - Sync 1 DAGs
[2025-01-30T08:50:57.977+0000] {logging_mixin.py:188} INFO - [2025-01-30T08:50:57.976+0000] {dag.py:3954} INFO - Setting next_dagrun for example_dynamic_task_mapping to 2022-03-04 00:00:00+00:00, run_after=2022-03-05 00:00:00+00:00
[2025-01-30T08:50:57.998+0000] {processor.py:183} INFO - Processing /home/airflow/.local/lib/python3.12/site-packages/airflow/example_dags/example_dynamic_task_mapping.py took 0.079 seconds
[2025-01-30T08:51:28.168+0000] {processor.py:161} INFO - Started process (PID=956) to work on /home/airflow/.local/lib/python3.12/site-packages/airflow/example_dags/example_dynamic_task_mapping.py
[2025-01-30T08:51:28.169+0000] {processor.py:830} INFO - Processing file /home/airflow/.local/lib/python3.12/site-packages/airflow/example_dags/example_dynamic_task_mapping.py for tasks to queue
[2025-01-30T08:51:28.171+0000] {logging_mixin.py:188} INFO - [2025-01-30T08:51:28.171+0000] {dagbag.py:545} INFO - Filling up the DagBag from /home/airflow/.local/lib/python3.12/site-packages/airflow/example_dags/example_dynamic_task_mapping.py
[2025-01-30T08:51:28.180+0000] {processor.py:840} INFO - DAG(s) 'example_dynamic_task_mapping' retrieved from /home/airflow/.local/lib/python3.12/site-packages/airflow/example_dags/example_dynamic_task_mapping.py
[2025-01-30T08:51:28.204+0000] {logging_mixin.py:188} INFO - [2025-01-30T08:51:28.204+0000] {dag.py:3096} INFO - Sync 1 DAGs
[2025-01-30T08:51:28.233+0000] {logging_mixin.py:188} INFO - [2025-01-30T08:51:28.233+0000] {dag.py:3954} INFO - Setting next_dagrun for example_dynamic_task_mapping to 2022-03-04 00:00:00+00:00, run_after=2022-03-05 00:00:00+00:00
[2025-01-30T08:51:28.261+0000] {processor.py:183} INFO - Processing /home/airflow/.local/lib/python3.12/site-packages/airflow/example_dags/example_dynamic_task_mapping.py took 0.099 seconds
[2025-01-30T08:51:58.512+0000] {processor.py:161} INFO - Started process (PID=1014) to work on /home/airflow/.local/lib/python3.12/site-packages/airflow/example_dags/example_dynamic_task_mapping.py
[2025-01-30T08:51:58.513+0000] {processor.py:830} INFO - Processing file /home/airflow/.local/lib/python3.12/site-packages/airflow/example_dags/example_dynamic_task_mapping.py for tasks to queue
[2025-01-30T08:51:58.517+0000] {logging_mixin.py:188} INFO - [2025-01-30T08:51:58.516+0000] {dagbag.py:545} INFO - Filling up the DagBag from /home/airflow/.local/lib/python3.12/site-packages/airflow/example_dags/example_dynamic_task_mapping.py
[2025-01-30T08:51:58.525+0000] {processor.py:840} INFO - DAG(s) 'example_dynamic_task_mapping' retrieved from /home/airflow/.local/lib/python3.12/site-packages/airflow/example_dags/example_dynamic_task_mapping.py
[2025-01-30T08:51:58.549+0000] {logging_mixin.py:188} INFO - [2025-01-30T08:51:58.548+0000] {dag.py:3096} INFO - Sync 1 DAGs
[2025-01-30T08:51:58.575+0000] {logging_mixin.py:188} INFO - [2025-01-30T08:51:58.575+0000] {dag.py:3954} INFO - Setting next_dagrun for example_dynamic_task_mapping to 2022-03-04 00:00:00+00:00, run_after=2022-03-05 00:00:00+00:00
[2025-01-30T08:51:58.597+0000] {processor.py:183} INFO - Processing /home/airflow/.local/lib/python3.12/site-packages/airflow/example_dags/example_dynamic_task_mapping.py took 0.091 seconds
[2025-01-30T08:52:28.983+0000] {processor.py:161} INFO - Started process (PID=1072) to work on /home/airflow/.local/lib/python3.12/site-packages/airflow/example_dags/example_dynamic_task_mapping.py
[2025-01-30T08:52:28.985+0000] {processor.py:830} INFO - Processing file /home/airflow/.local/lib/python3.12/site-packages/airflow/example_dags/example_dynamic_task_mapping.py for tasks to queue
[2025-01-30T08:52:28.987+0000] {logging_mixin.py:188} INFO - [2025-01-30T08:52:28.986+0000] {dagbag.py:545} INFO - Filling up the DagBag from /home/airflow/.local/lib/python3.12/site-packages/airflow/example_dags/example_dynamic_task_mapping.py
[2025-01-30T08:52:28.993+0000] {processor.py:840} INFO - DAG(s) 'example_dynamic_task_mapping' retrieved from /home/airflow/.local/lib/python3.12/site-packages/airflow/example_dags/example_dynamic_task_mapping.py
[2025-01-30T08:52:29.016+0000] {logging_mixin.py:188} INFO - [2025-01-30T08:52:29.016+0000] {dag.py:3096} INFO - Sync 1 DAGs
[2025-01-30T08:52:29.045+0000] {logging_mixin.py:188} INFO - [2025-01-30T08:52:29.045+0000] {dag.py:3954} INFO - Setting next_dagrun for example_dynamic_task_mapping to 2022-03-04 00:00:00+00:00, run_after=2022-03-05 00:00:00+00:00
[2025-01-30T08:52:29.068+0000] {processor.py:183} INFO - Processing /home/airflow/.local/lib/python3.12/site-packages/airflow/example_dags/example_dynamic_task_mapping.py took 0.090 seconds
[2025-01-30T08:52:59.444+0000] {processor.py:161} INFO - Started process (PID=1130) to work on /home/airflow/.local/lib/python3.12/site-packages/airflow/example_dags/example_dynamic_task_mapping.py
[2025-01-30T08:52:59.445+0000] {processor.py:830} INFO - Processing file /home/airflow/.local/lib/python3.12/site-packages/airflow/example_dags/example_dynamic_task_mapping.py for tasks to queue
[2025-01-30T08:52:59.447+0000] {logging_mixin.py:188} INFO - [2025-01-30T08:52:59.446+0000] {dagbag.py:545} INFO - Filling up the DagBag from /home/airflow/.local/lib/python3.12/site-packages/airflow/example_dags/example_dynamic_task_mapping.py
[2025-01-30T08:52:59.452+0000] {processor.py:840} INFO - DAG(s) 'example_dynamic_task_mapping' retrieved from /home/airflow/.local/lib/python3.12/site-packages/airflow/example_dags/example_dynamic_task_mapping.py
[2025-01-30T08:52:59.471+0000] {logging_mixin.py:188} INFO - [2025-01-30T08:52:59.471+0000] {dag.py:3096} INFO - Sync 1 DAGs
[2025-01-30T08:52:59.497+0000] {logging_mixin.py:188} INFO - [2025-01-30T08:52:59.496+0000] {dag.py:3954} INFO - Setting next_dagrun for example_dynamic_task_mapping to 2022-03-04 00:00:00+00:00, run_after=2022-03-05 00:00:00+00:00
[2025-01-30T08:52:59.521+0000] {processor.py:183} INFO - Processing /home/airflow/.local/lib/python3.12/site-packages/airflow/example_dags/example_dynamic_task_mapping.py took 0.081 seconds
[2025-01-30T08:53:29.638+0000] {processor.py:161} INFO - Started process (PID=1188) to work on /home/airflow/.local/lib/python3.12/site-packages/airflow/example_dags/example_dynamic_task_mapping.py
[2025-01-30T08:53:29.639+0000] {processor.py:830} INFO - Processing file /home/airflow/.local/lib/python3.12/site-packages/airflow/example_dags/example_dynamic_task_mapping.py for tasks to queue
[2025-01-30T08:53:29.641+0000] {logging_mixin.py:188} INFO - [2025-01-30T08:53:29.641+0000] {dagbag.py:545} INFO - Filling up the DagBag from /home/airflow/.local/lib/python3.12/site-packages/airflow/example_dags/example_dynamic_task_mapping.py
[2025-01-30T08:53:29.648+0000] {processor.py:840} INFO - DAG(s) 'example_dynamic_task_mapping' retrieved from /home/airflow/.local/lib/python3.12/site-packages/airflow/example_dags/example_dynamic_task_mapping.py
[2025-01-30T08:53:29.670+0000] {logging_mixin.py:188} INFO - [2025-01-30T08:53:29.669+0000] {dag.py:3096} INFO - Sync 1 DAGs
[2025-01-30T08:53:29.695+0000] {logging_mixin.py:188} INFO - [2025-01-30T08:53:29.694+0000] {dag.py:3954} INFO - Setting next_dagrun for example_dynamic_task_mapping to 2022-03-04 00:00:00+00:00, run_after=2022-03-05 00:00:00+00:00
[2025-01-30T08:53:29.721+0000] {processor.py:183} INFO - Processing /home/airflow/.local/lib/python3.12/site-packages/airflow/example_dags/example_dynamic_task_mapping.py took 0.088 seconds
[2025-01-30T08:54:00.005+0000] {processor.py:161} INFO - Started process (PID=1246) to work on /home/airflow/.local/lib/python3.12/site-packages/airflow/example_dags/example_dynamic_task_mapping.py
[2025-01-30T08:54:00.006+0000] {processor.py:830} INFO - Processing file /home/airflow/.local/lib/python3.12/site-packages/airflow/example_dags/example_dynamic_task_mapping.py for tasks to queue
[2025-01-30T08:54:00.008+0000] {logging_mixin.py:188} INFO - [2025-01-30T08:54:00.008+0000] {dagbag.py:545} INFO - Filling up the DagBag from /home/airflow/.local/lib/python3.12/site-packages/airflow/example_dags/example_dynamic_task_mapping.py
[2025-01-30T08:54:00.014+0000] {processor.py:840} INFO - DAG(s) 'example_dynamic_task_mapping' retrieved from /home/airflow/.local/lib/python3.12/site-packages/airflow/example_dags/example_dynamic_task_mapping.py
[2025-01-30T08:54:00.041+0000] {logging_mixin.py:188} INFO - [2025-01-30T08:54:00.040+0000] {dag.py:3096} INFO - Sync 1 DAGs
[2025-01-30T08:54:00.066+0000] {logging_mixin.py:188} INFO - [2025-01-30T08:54:00.066+0000] {dag.py:3954} INFO - Setting next_dagrun for example_dynamic_task_mapping to 2022-03-04 00:00:00+00:00, run_after=2022-03-05 00:00:00+00:00
[2025-01-30T08:54:00.090+0000] {processor.py:183} INFO - Processing /home/airflow/.local/lib/python3.12/site-packages/airflow/example_dags/example_dynamic_task_mapping.py took 0.090 seconds
[2025-01-30T08:54:30.479+0000] {processor.py:161} INFO - Started process (PID=1304) to work on /home/airflow/.local/lib/python3.12/site-packages/airflow/example_dags/example_dynamic_task_mapping.py
[2025-01-30T08:54:30.480+0000] {processor.py:830} INFO - Processing file /home/airflow/.local/lib/python3.12/site-packages/airflow/example_dags/example_dynamic_task_mapping.py for tasks to queue
[2025-01-30T08:54:30.482+0000] {logging_mixin.py:188} INFO - [2025-01-30T08:54:30.482+0000] {dagbag.py:545} INFO - Filling up the DagBag from /home/airflow/.local/lib/python3.12/site-packages/airflow/example_dags/example_dynamic_task_mapping.py
[2025-01-30T08:54:30.490+0000] {processor.py:840} INFO - DAG(s) 'example_dynamic_task_mapping' retrieved from /home/airflow/.local/lib/python3.12/site-packages/airflow/example_dags/example_dynamic_task_mapping.py
[2025-01-30T08:54:30.530+0000] {logging_mixin.py:188} INFO - [2025-01-30T08:54:30.529+0000] {dag.py:3096} INFO - Sync 1 DAGs
[2025-01-30T08:54:30.616+0000] {logging_mixin.py:188} INFO - [2025-01-30T08:54:30.615+0000] {dag.py:3954} INFO - Setting next_dagrun for example_dynamic_task_mapping to 2022-03-04 00:00:00+00:00, run_after=2022-03-05 00:00:00+00:00
[2025-01-30T08:54:30.662+0000] {processor.py:183} INFO - Processing /home/airflow/.local/lib/python3.12/site-packages/airflow/example_dags/example_dynamic_task_mapping.py took 0.188 seconds
[2025-01-30T08:55:00.715+0000] {processor.py:161} INFO - Started process (PID=1362) to work on /home/airflow/.local/lib/python3.12/site-packages/airflow/example_dags/example_dynamic_task_mapping.py
[2025-01-30T08:55:00.716+0000] {processor.py:830} INFO - Processing file /home/airflow/.local/lib/python3.12/site-packages/airflow/example_dags/example_dynamic_task_mapping.py for tasks to queue
[2025-01-30T08:55:00.718+0000] {logging_mixin.py:188} INFO - [2025-01-30T08:55:00.717+0000] {dagbag.py:545} INFO - Filling up the DagBag from /home/airflow/.local/lib/python3.12/site-packages/airflow/example_dags/example_dynamic_task_mapping.py
[2025-01-30T08:55:00.724+0000] {processor.py:840} INFO - DAG(s) 'example_dynamic_task_mapping' retrieved from /home/airflow/.local/lib/python3.12/site-packages/airflow/example_dags/example_dynamic_task_mapping.py
[2025-01-30T08:55:00.743+0000] {logging_mixin.py:188} INFO - [2025-01-30T08:55:00.743+0000] {dag.py:3096} INFO - Sync 1 DAGs
[2025-01-30T08:55:00.766+0000] {logging_mixin.py:188} INFO - [2025-01-30T08:55:00.766+0000] {dag.py:3954} INFO - Setting next_dagrun for example_dynamic_task_mapping to 2022-03-04 00:00:00+00:00, run_after=2022-03-05 00:00:00+00:00
[2025-01-30T08:55:00.790+0000] {processor.py:183} INFO - Processing /home/airflow/.local/lib/python3.12/site-packages/airflow/example_dags/example_dynamic_task_mapping.py took 0.080 seconds
[2025-01-30T08:55:30.885+0000] {processor.py:161} INFO - Started process (PID=1420) to work on /home/airflow/.local/lib/python3.12/site-packages/airflow/example_dags/example_dynamic_task_mapping.py
[2025-01-30T08:55:30.886+0000] {processor.py:830} INFO - Processing file /home/airflow/.local/lib/python3.12/site-packages/airflow/example_dags/example_dynamic_task_mapping.py for tasks to queue
[2025-01-30T08:55:30.888+0000] {logging_mixin.py:188} INFO - [2025-01-30T08:55:30.888+0000] {dagbag.py:545} INFO - Filling up the DagBag from /home/airflow/.local/lib/python3.12/site-packages/airflow/example_dags/example_dynamic_task_mapping.py
[2025-01-30T08:55:30.894+0000] {processor.py:840} INFO - DAG(s) 'example_dynamic_task_mapping' retrieved from /home/airflow/.local/lib/python3.12/site-packages/airflow/example_dags/example_dynamic_task_mapping.py
[2025-01-30T08:55:30.915+0000] {logging_mixin.py:188} INFO - [2025-01-30T08:55:30.914+0000] {dag.py:3096} INFO - Sync 1 DAGs
[2025-01-30T08:55:30.940+0000] {logging_mixin.py:188} INFO - [2025-01-30T08:55:30.939+0000] {dag.py:3954} INFO - Setting next_dagrun for example_dynamic_task_mapping to 2022-03-04 00:00:00+00:00, run_after=2022-03-05 00:00:00+00:00
[2025-01-30T08:55:30.963+0000] {processor.py:183} INFO - Processing /home/airflow/.local/lib/python3.12/site-packages/airflow/example_dags/example_dynamic_task_mapping.py took 0.083 seconds
[2025-01-30T08:56:01.035+0000] {processor.py:161} INFO - Started process (PID=1478) to work on /home/airflow/.local/lib/python3.12/site-packages/airflow/example_dags/example_dynamic_task_mapping.py
[2025-01-30T08:56:01.037+0000] {processor.py:830} INFO - Processing file /home/airflow/.local/lib/python3.12/site-packages/airflow/example_dags/example_dynamic_task_mapping.py for tasks to queue
[2025-01-30T08:56:01.039+0000] {logging_mixin.py:188} INFO - [2025-01-30T08:56:01.038+0000] {dagbag.py:545} INFO - Filling up the DagBag from /home/airflow/.local/lib/python3.12/site-packages/airflow/example_dags/example_dynamic_task_mapping.py
[2025-01-30T08:56:01.046+0000] {processor.py:840} INFO - DAG(s) 'example_dynamic_task_mapping' retrieved from /home/airflow/.local/lib/python3.12/site-packages/airflow/example_dags/example_dynamic_task_mapping.py
[2025-01-30T08:56:01.069+0000] {logging_mixin.py:188} INFO - [2025-01-30T08:56:01.069+0000] {dag.py:3096} INFO - Sync 1 DAGs
[2025-01-30T08:56:01.096+0000] {logging_mixin.py:188} INFO - [2025-01-30T08:56:01.095+0000] {dag.py:3954} INFO - Setting next_dagrun for example_dynamic_task_mapping to 2022-03-04 00:00:00+00:00, run_after=2022-03-05 00:00:00+00:00
[2025-01-30T08:56:01.119+0000] {processor.py:183} INFO - Processing /home/airflow/.local/lib/python3.12/site-packages/airflow/example_dags/example_dynamic_task_mapping.py took 0.090 seconds
[2025-01-30T08:56:31.236+0000] {processor.py:161} INFO - Started process (PID=1536) to work on /home/airflow/.local/lib/python3.12/site-packages/airflow/example_dags/example_dynamic_task_mapping.py
[2025-01-30T08:56:31.237+0000] {processor.py:830} INFO - Processing file /home/airflow/.local/lib/python3.12/site-packages/airflow/example_dags/example_dynamic_task_mapping.py for tasks to queue
[2025-01-30T08:56:31.240+0000] {logging_mixin.py:188} INFO - [2025-01-30T08:56:31.240+0000] {dagbag.py:545} INFO - Filling up the DagBag from /home/airflow/.local/lib/python3.12/site-packages/airflow/example_dags/example_dynamic_task_mapping.py
[2025-01-30T08:56:31.246+0000] {processor.py:840} INFO - DAG(s) 'example_dynamic_task_mapping' retrieved from /home/airflow/.local/lib/python3.12/site-packages/airflow/example_dags/example_dynamic_task_mapping.py
[2025-01-30T08:56:31.268+0000] {logging_mixin.py:188} INFO - [2025-01-30T08:56:31.268+0000] {dag.py:3096} INFO - Sync 1 DAGs
[2025-01-30T08:56:31.294+0000] {logging_mixin.py:188} INFO - [2025-01-30T08:56:31.293+0000] {dag.py:3954} INFO - Setting next_dagrun for example_dynamic_task_mapping to 2022-03-04 00:00:00+00:00, run_after=2022-03-05 00:00:00+00:00
[2025-01-30T08:56:31.316+0000] {processor.py:183} INFO - Processing /home/airflow/.local/lib/python3.12/site-packages/airflow/example_dags/example_dynamic_task_mapping.py took 0.085 seconds
[2025-01-30T08:57:01.487+0000] {processor.py:161} INFO - Started process (PID=1594) to work on /home/airflow/.local/lib/python3.12/site-packages/airflow/example_dags/example_dynamic_task_mapping.py
[2025-01-30T08:57:01.488+0000] {processor.py:830} INFO - Processing file /home/airflow/.local/lib/python3.12/site-packages/airflow/example_dags/example_dynamic_task_mapping.py for tasks to queue
[2025-01-30T08:57:01.489+0000] {logging_mixin.py:188} INFO - [2025-01-30T08:57:01.489+0000] {dagbag.py:545} INFO - Filling up the DagBag from /home/airflow/.local/lib/python3.12/site-packages/airflow/example_dags/example_dynamic_task_mapping.py
[2025-01-30T08:57:01.496+0000] {processor.py:840} INFO - DAG(s) 'example_dynamic_task_mapping' retrieved from /home/airflow/.local/lib/python3.12/site-packages/airflow/example_dags/example_dynamic_task_mapping.py
[2025-01-30T08:57:01.518+0000] {logging_mixin.py:188} INFO - [2025-01-30T08:57:01.518+0000] {dag.py:3096} INFO - Sync 1 DAGs
[2025-01-30T08:57:01.544+0000] {logging_mixin.py:188} INFO - [2025-01-30T08:57:01.544+0000] {dag.py:3954} INFO - Setting next_dagrun for example_dynamic_task_mapping to 2022-03-04 00:00:00+00:00, run_after=2022-03-05 00:00:00+00:00
[2025-01-30T08:57:01.566+0000] {processor.py:183} INFO - Processing /home/airflow/.local/lib/python3.12/site-packages/airflow/example_dags/example_dynamic_task_mapping.py took 0.084 seconds
[2025-01-30T08:57:31.719+0000] {processor.py:161} INFO - Started process (PID=1652) to work on /home/airflow/.local/lib/python3.12/site-packages/airflow/example_dags/example_dynamic_task_mapping.py
[2025-01-30T08:57:31.720+0000] {processor.py:830} INFO - Processing file /home/airflow/.local/lib/python3.12/site-packages/airflow/example_dags/example_dynamic_task_mapping.py for tasks to queue
[2025-01-30T08:57:31.722+0000] {logging_mixin.py:188} INFO - [2025-01-30T08:57:31.722+0000] {dagbag.py:545} INFO - Filling up the DagBag from /home/airflow/.local/lib/python3.12/site-packages/airflow/example_dags/example_dynamic_task_mapping.py
[2025-01-30T08:57:31.731+0000] {processor.py:840} INFO - DAG(s) 'example_dynamic_task_mapping' retrieved from /home/airflow/.local/lib/python3.12/site-packages/airflow/example_dags/example_dynamic_task_mapping.py
[2025-01-30T08:57:31.753+0000] {logging_mixin.py:188} INFO - [2025-01-30T08:57:31.753+0000] {dag.py:3096} INFO - Sync 1 DAGs
[2025-01-30T08:57:31.779+0000] {logging_mixin.py:188} INFO - [2025-01-30T08:57:31.779+0000] {dag.py:3954} INFO - Setting next_dagrun for example_dynamic_task_mapping to 2022-03-04 00:00:00+00:00, run_after=2022-03-05 00:00:00+00:00
[2025-01-30T08:57:31.801+0000] {processor.py:183} INFO - Processing /home/airflow/.local/lib/python3.12/site-packages/airflow/example_dags/example_dynamic_task_mapping.py took 0.087 seconds
[2025-01-30T08:58:01.956+0000] {processor.py:161} INFO - Started process (PID=1710) to work on /home/airflow/.local/lib/python3.12/site-packages/airflow/example_dags/example_dynamic_task_mapping.py
[2025-01-30T08:58:01.958+0000] {processor.py:830} INFO - Processing file /home/airflow/.local/lib/python3.12/site-packages/airflow/example_dags/example_dynamic_task_mapping.py for tasks to queue
[2025-01-30T08:58:01.961+0000] {logging_mixin.py:188} INFO - [2025-01-30T08:58:01.960+0000] {dagbag.py:545} INFO - Filling up the DagBag from /home/airflow/.local/lib/python3.12/site-packages/airflow/example_dags/example_dynamic_task_mapping.py
[2025-01-30T08:58:01.969+0000] {processor.py:840} INFO - DAG(s) 'example_dynamic_task_mapping' retrieved from /home/airflow/.local/lib/python3.12/site-packages/airflow/example_dags/example_dynamic_task_mapping.py
[2025-01-30T08:58:01.997+0000] {logging_mixin.py:188} INFO - [2025-01-30T08:58:01.997+0000] {dag.py:3096} INFO - Sync 1 DAGs
[2025-01-30T08:58:02.037+0000] {logging_mixin.py:188} INFO - [2025-01-30T08:58:02.036+0000] {dag.py:3954} INFO - Setting next_dagrun for example_dynamic_task_mapping to 2022-03-04 00:00:00+00:00, run_after=2022-03-05 00:00:00+00:00
[2025-01-30T08:58:02.080+0000] {processor.py:183} INFO - Processing /home/airflow/.local/lib/python3.12/site-packages/airflow/example_dags/example_dynamic_task_mapping.py took 0.129 seconds
[2025-01-30T08:58:32.269+0000] {processor.py:161} INFO - Started process (PID=1768) to work on /home/airflow/.local/lib/python3.12/site-packages/airflow/example_dags/example_dynamic_task_mapping.py
[2025-01-30T08:58:32.270+0000] {processor.py:830} INFO - Processing file /home/airflow/.local/lib/python3.12/site-packages/airflow/example_dags/example_dynamic_task_mapping.py for tasks to queue
[2025-01-30T08:58:32.272+0000] {logging_mixin.py:188} INFO - [2025-01-30T08:58:32.271+0000] {dagbag.py:545} INFO - Filling up the DagBag from /home/airflow/.local/lib/python3.12/site-packages/airflow/example_dags/example_dynamic_task_mapping.py
[2025-01-30T08:58:32.279+0000] {processor.py:840} INFO - DAG(s) 'example_dynamic_task_mapping' retrieved from /home/airflow/.local/lib/python3.12/site-packages/airflow/example_dags/example_dynamic_task_mapping.py
[2025-01-30T08:58:32.303+0000] {logging_mixin.py:188} INFO - [2025-01-30T08:58:32.303+0000] {dag.py:3096} INFO - Sync 1 DAGs
[2025-01-30T08:58:32.326+0000] {logging_mixin.py:188} INFO - [2025-01-30T08:58:32.326+0000] {dag.py:3954} INFO - Setting next_dagrun for example_dynamic_task_mapping to 2022-03-04 00:00:00+00:00, run_after=2022-03-05 00:00:00+00:00
[2025-01-30T08:58:32.348+0000] {processor.py:183} INFO - Processing /home/airflow/.local/lib/python3.12/site-packages/airflow/example_dags/example_dynamic_task_mapping.py took 0.085 seconds
[2025-01-30T09:01:48.969+0000] {processor.py:161} INFO - Started process (PID=88) to work on /home/airflow/.local/lib/python3.12/site-packages/airflow/example_dags/example_dynamic_task_mapping.py
[2025-01-30T09:01:48.970+0000] {processor.py:830} INFO - Processing file /home/airflow/.local/lib/python3.12/site-packages/airflow/example_dags/example_dynamic_task_mapping.py for tasks to queue
[2025-01-30T09:01:48.972+0000] {logging_mixin.py:188} INFO - [2025-01-30T09:01:48.972+0000] {dagbag.py:545} INFO - Filling up the DagBag from /home/airflow/.local/lib/python3.12/site-packages/airflow/example_dags/example_dynamic_task_mapping.py
[2025-01-30T09:01:48.982+0000] {processor.py:840} INFO - DAG(s) 'example_dynamic_task_mapping' retrieved from /home/airflow/.local/lib/python3.12/site-packages/airflow/example_dags/example_dynamic_task_mapping.py
[2025-01-30T09:01:49.169+0000] {logging_mixin.py:188} INFO - [2025-01-30T09:01:49.169+0000] {dag.py:3096} INFO - Sync 1 DAGs
[2025-01-30T09:01:49.195+0000] {logging_mixin.py:188} INFO - [2025-01-30T09:01:49.194+0000] {dag.py:3954} INFO - Setting next_dagrun for example_dynamic_task_mapping to 2022-03-04 00:00:00+00:00, run_after=2022-03-05 00:00:00+00:00
[2025-01-30T09:01:49.228+0000] {processor.py:183} INFO - Processing /home/airflow/.local/lib/python3.12/site-packages/airflow/example_dags/example_dynamic_task_mapping.py took 0.265 seconds
[2025-01-30T09:02:19.889+0000] {processor.py:161} INFO - Started process (PID=146) to work on /home/airflow/.local/lib/python3.12/site-packages/airflow/example_dags/example_dynamic_task_mapping.py
[2025-01-30T09:02:19.890+0000] {processor.py:830} INFO - Processing file /home/airflow/.local/lib/python3.12/site-packages/airflow/example_dags/example_dynamic_task_mapping.py for tasks to queue
[2025-01-30T09:02:19.892+0000] {logging_mixin.py:188} INFO - [2025-01-30T09:02:19.892+0000] {dagbag.py:545} INFO - Filling up the DagBag from /home/airflow/.local/lib/python3.12/site-packages/airflow/example_dags/example_dynamic_task_mapping.py
[2025-01-30T09:02:19.899+0000] {processor.py:840} INFO - DAG(s) 'example_dynamic_task_mapping' retrieved from /home/airflow/.local/lib/python3.12/site-packages/airflow/example_dags/example_dynamic_task_mapping.py
[2025-01-30T09:02:19.922+0000] {logging_mixin.py:188} INFO - [2025-01-30T09:02:19.922+0000] {dag.py:3096} INFO - Sync 1 DAGs
[2025-01-30T09:02:19.951+0000] {logging_mixin.py:188} INFO - [2025-01-30T09:02:19.951+0000] {dag.py:3954} INFO - Setting next_dagrun for example_dynamic_task_mapping to 2022-03-04 00:00:00+00:00, run_after=2022-03-05 00:00:00+00:00
[2025-01-30T09:02:19.976+0000] {processor.py:183} INFO - Processing /home/airflow/.local/lib/python3.12/site-packages/airflow/example_dags/example_dynamic_task_mapping.py took 0.093 seconds
[2025-01-30T09:02:50.337+0000] {processor.py:161} INFO - Started process (PID=204) to work on /home/airflow/.local/lib/python3.12/site-packages/airflow/example_dags/example_dynamic_task_mapping.py
[2025-01-30T09:02:50.338+0000] {processor.py:830} INFO - Processing file /home/airflow/.local/lib/python3.12/site-packages/airflow/example_dags/example_dynamic_task_mapping.py for tasks to queue
[2025-01-30T09:02:50.341+0000] {logging_mixin.py:188} INFO - [2025-01-30T09:02:50.340+0000] {dagbag.py:545} INFO - Filling up the DagBag from /home/airflow/.local/lib/python3.12/site-packages/airflow/example_dags/example_dynamic_task_mapping.py
[2025-01-30T09:02:50.347+0000] {processor.py:840} INFO - DAG(s) 'example_dynamic_task_mapping' retrieved from /home/airflow/.local/lib/python3.12/site-packages/airflow/example_dags/example_dynamic_task_mapping.py
[2025-01-30T09:02:50.367+0000] {logging_mixin.py:188} INFO - [2025-01-30T09:02:50.367+0000] {dag.py:3096} INFO - Sync 1 DAGs
[2025-01-30T09:02:50.390+0000] {logging_mixin.py:188} INFO - [2025-01-30T09:02:50.390+0000] {dag.py:3954} INFO - Setting next_dagrun for example_dynamic_task_mapping to 2022-03-04 00:00:00+00:00, run_after=2022-03-05 00:00:00+00:00
[2025-01-30T09:02:50.414+0000] {processor.py:183} INFO - Processing /home/airflow/.local/lib/python3.12/site-packages/airflow/example_dags/example_dynamic_task_mapping.py took 0.081 seconds
[2025-01-30T09:03:20.476+0000] {processor.py:161} INFO - Started process (PID=262) to work on /home/airflow/.local/lib/python3.12/site-packages/airflow/example_dags/example_dynamic_task_mapping.py
[2025-01-30T09:03:20.477+0000] {processor.py:830} INFO - Processing file /home/airflow/.local/lib/python3.12/site-packages/airflow/example_dags/example_dynamic_task_mapping.py for tasks to queue
[2025-01-30T09:03:20.479+0000] {logging_mixin.py:188} INFO - [2025-01-30T09:03:20.478+0000] {dagbag.py:545} INFO - Filling up the DagBag from /home/airflow/.local/lib/python3.12/site-packages/airflow/example_dags/example_dynamic_task_mapping.py
[2025-01-30T09:03:20.485+0000] {processor.py:840} INFO - DAG(s) 'example_dynamic_task_mapping' retrieved from /home/airflow/.local/lib/python3.12/site-packages/airflow/example_dags/example_dynamic_task_mapping.py
[2025-01-30T09:03:20.506+0000] {logging_mixin.py:188} INFO - [2025-01-30T09:03:20.505+0000] {dag.py:3096} INFO - Sync 1 DAGs
[2025-01-30T09:03:20.531+0000] {logging_mixin.py:188} INFO - [2025-01-30T09:03:20.531+0000] {dag.py:3954} INFO - Setting next_dagrun for example_dynamic_task_mapping to 2022-03-04 00:00:00+00:00, run_after=2022-03-05 00:00:00+00:00
[2025-01-30T09:03:20.554+0000] {processor.py:183} INFO - Processing /home/airflow/.local/lib/python3.12/site-packages/airflow/example_dags/example_dynamic_task_mapping.py took 0.083 seconds
[2025-01-30T09:05:20.210+0000] {processor.py:161} INFO - Started process (PID=86) to work on /home/airflow/.local/lib/python3.12/site-packages/airflow/example_dags/example_dynamic_task_mapping.py
[2025-01-30T09:05:20.211+0000] {processor.py:830} INFO - Processing file /home/airflow/.local/lib/python3.12/site-packages/airflow/example_dags/example_dynamic_task_mapping.py for tasks to queue
[2025-01-30T09:05:20.214+0000] {logging_mixin.py:188} INFO - [2025-01-30T09:05:20.214+0000] {dagbag.py:545} INFO - Filling up the DagBag from /home/airflow/.local/lib/python3.12/site-packages/airflow/example_dags/example_dynamic_task_mapping.py
[2025-01-30T09:05:20.223+0000] {processor.py:840} INFO - DAG(s) 'example_dynamic_task_mapping' retrieved from /home/airflow/.local/lib/python3.12/site-packages/airflow/example_dags/example_dynamic_task_mapping.py
[2025-01-30T09:05:20.333+0000] {logging_mixin.py:188} INFO - [2025-01-30T09:05:20.333+0000] {dag.py:3096} INFO - Sync 1 DAGs
[2025-01-30T09:05:20.355+0000] {logging_mixin.py:188} INFO - [2025-01-30T09:05:20.355+0000] {dag.py:3954} INFO - Setting next_dagrun for example_dynamic_task_mapping to 2022-03-04 00:00:00+00:00, run_after=2022-03-05 00:00:00+00:00
[2025-01-30T09:05:20.379+0000] {processor.py:183} INFO - Processing /home/airflow/.local/lib/python3.12/site-packages/airflow/example_dags/example_dynamic_task_mapping.py took 0.174 seconds
[2025-01-30T09:05:50.730+0000] {processor.py:161} INFO - Started process (PID=144) to work on /home/airflow/.local/lib/python3.12/site-packages/airflow/example_dags/example_dynamic_task_mapping.py
[2025-01-30T09:05:50.731+0000] {processor.py:830} INFO - Processing file /home/airflow/.local/lib/python3.12/site-packages/airflow/example_dags/example_dynamic_task_mapping.py for tasks to queue
[2025-01-30T09:05:50.733+0000] {logging_mixin.py:188} INFO - [2025-01-30T09:05:50.733+0000] {dagbag.py:545} INFO - Filling up the DagBag from /home/airflow/.local/lib/python3.12/site-packages/airflow/example_dags/example_dynamic_task_mapping.py
[2025-01-30T09:05:50.740+0000] {processor.py:840} INFO - DAG(s) 'example_dynamic_task_mapping' retrieved from /home/airflow/.local/lib/python3.12/site-packages/airflow/example_dags/example_dynamic_task_mapping.py
[2025-01-30T09:05:50.761+0000] {logging_mixin.py:188} INFO - [2025-01-30T09:05:50.761+0000] {dag.py:3096} INFO - Sync 1 DAGs
[2025-01-30T09:05:50.785+0000] {logging_mixin.py:188} INFO - [2025-01-30T09:05:50.785+0000] {dag.py:3954} INFO - Setting next_dagrun for example_dynamic_task_mapping to 2022-03-04 00:00:00+00:00, run_after=2022-03-05 00:00:00+00:00
[2025-01-30T09:05:50.811+0000] {processor.py:183} INFO - Processing /home/airflow/.local/lib/python3.12/site-packages/airflow/example_dags/example_dynamic_task_mapping.py took 0.086 seconds
[2025-01-30T09:10:50.666+0000] {processor.py:161} INFO - Started process (PID=89) to work on /home/airflow/.local/lib/python3.12/site-packages/airflow/example_dags/example_dynamic_task_mapping.py
[2025-01-30T09:10:50.667+0000] {processor.py:830} INFO - Processing file /home/airflow/.local/lib/python3.12/site-packages/airflow/example_dags/example_dynamic_task_mapping.py for tasks to queue
[2025-01-30T09:10:50.669+0000] {logging_mixin.py:188} INFO - [2025-01-30T09:10:50.668+0000] {dagbag.py:545} INFO - Filling up the DagBag from /home/airflow/.local/lib/python3.12/site-packages/airflow/example_dags/example_dynamic_task_mapping.py
[2025-01-30T09:10:50.678+0000] {processor.py:840} INFO - DAG(s) 'example_dynamic_task_mapping' retrieved from /home/airflow/.local/lib/python3.12/site-packages/airflow/example_dags/example_dynamic_task_mapping.py
[2025-01-30T09:10:50.799+0000] {logging_mixin.py:188} INFO - [2025-01-30T09:10:50.798+0000] {dag.py:3096} INFO - Sync 1 DAGs
[2025-01-30T09:10:50.820+0000] {logging_mixin.py:188} INFO - [2025-01-30T09:10:50.820+0000] {dag.py:3954} INFO - Setting next_dagrun for example_dynamic_task_mapping to 2022-03-04 00:00:00+00:00, run_after=2022-03-05 00:00:00+00:00
[2025-01-30T09:10:50.844+0000] {processor.py:183} INFO - Processing /home/airflow/.local/lib/python3.12/site-packages/airflow/example_dags/example_dynamic_task_mapping.py took 0.183 seconds
[2025-01-30T09:11:20.918+0000] {processor.py:161} INFO - Started process (PID=148) to work on /home/airflow/.local/lib/python3.12/site-packages/airflow/example_dags/example_dynamic_task_mapping.py
[2025-01-30T09:11:20.918+0000] {processor.py:830} INFO - Processing file /home/airflow/.local/lib/python3.12/site-packages/airflow/example_dags/example_dynamic_task_mapping.py for tasks to queue
[2025-01-30T09:11:20.920+0000] {logging_mixin.py:188} INFO - [2025-01-30T09:11:20.920+0000] {dagbag.py:545} INFO - Filling up the DagBag from /home/airflow/.local/lib/python3.12/site-packages/airflow/example_dags/example_dynamic_task_mapping.py
[2025-01-30T09:11:20.925+0000] {processor.py:840} INFO - DAG(s) 'example_dynamic_task_mapping' retrieved from /home/airflow/.local/lib/python3.12/site-packages/airflow/example_dags/example_dynamic_task_mapping.py
[2025-01-30T09:11:20.948+0000] {logging_mixin.py:188} INFO - [2025-01-30T09:11:20.947+0000] {dag.py:3096} INFO - Sync 1 DAGs
[2025-01-30T09:11:20.971+0000] {logging_mixin.py:188} INFO - [2025-01-30T09:11:20.971+0000] {dag.py:3954} INFO - Setting next_dagrun for example_dynamic_task_mapping to 2022-03-04 00:00:00+00:00, run_after=2022-03-05 00:00:00+00:00
[2025-01-30T09:11:20.995+0000] {processor.py:183} INFO - Processing /home/airflow/.local/lib/python3.12/site-packages/airflow/example_dags/example_dynamic_task_mapping.py took 0.084 seconds
[2025-01-30T09:11:51.613+0000] {processor.py:161} INFO - Started process (PID=206) to work on /home/airflow/.local/lib/python3.12/site-packages/airflow/example_dags/example_dynamic_task_mapping.py
[2025-01-30T09:11:51.614+0000] {processor.py:830} INFO - Processing file /home/airflow/.local/lib/python3.12/site-packages/airflow/example_dags/example_dynamic_task_mapping.py for tasks to queue
[2025-01-30T09:11:51.616+0000] {logging_mixin.py:188} INFO - [2025-01-30T09:11:51.616+0000] {dagbag.py:545} INFO - Filling up the DagBag from /home/airflow/.local/lib/python3.12/site-packages/airflow/example_dags/example_dynamic_task_mapping.py
[2025-01-30T09:11:51.622+0000] {processor.py:840} INFO - DAG(s) 'example_dynamic_task_mapping' retrieved from /home/airflow/.local/lib/python3.12/site-packages/airflow/example_dags/example_dynamic_task_mapping.py
[2025-01-30T09:11:51.641+0000] {logging_mixin.py:188} INFO - [2025-01-30T09:11:51.640+0000] {dag.py:3096} INFO - Sync 1 DAGs
[2025-01-30T09:11:51.663+0000] {logging_mixin.py:188} INFO - [2025-01-30T09:11:51.663+0000] {dag.py:3954} INFO - Setting next_dagrun for example_dynamic_task_mapping to 2022-03-04 00:00:00+00:00, run_after=2022-03-05 00:00:00+00:00
[2025-01-30T09:11:51.683+0000] {processor.py:183} INFO - Processing /home/airflow/.local/lib/python3.12/site-packages/airflow/example_dags/example_dynamic_task_mapping.py took 0.075 seconds
[2025-01-30T09:12:22.084+0000] {processor.py:161} INFO - Started process (PID=264) to work on /home/airflow/.local/lib/python3.12/site-packages/airflow/example_dags/example_dynamic_task_mapping.py
[2025-01-30T09:12:22.085+0000] {processor.py:830} INFO - Processing file /home/airflow/.local/lib/python3.12/site-packages/airflow/example_dags/example_dynamic_task_mapping.py for tasks to queue
[2025-01-30T09:12:22.087+0000] {logging_mixin.py:188} INFO - [2025-01-30T09:12:22.087+0000] {dagbag.py:545} INFO - Filling up the DagBag from /home/airflow/.local/lib/python3.12/site-packages/airflow/example_dags/example_dynamic_task_mapping.py
[2025-01-30T09:12:22.093+0000] {processor.py:840} INFO - DAG(s) 'example_dynamic_task_mapping' retrieved from /home/airflow/.local/lib/python3.12/site-packages/airflow/example_dags/example_dynamic_task_mapping.py
[2025-01-30T09:12:22.116+0000] {logging_mixin.py:188} INFO - [2025-01-30T09:12:22.116+0000] {dag.py:3096} INFO - Sync 1 DAGs
[2025-01-30T09:12:22.144+0000] {logging_mixin.py:188} INFO - [2025-01-30T09:12:22.143+0000] {dag.py:3954} INFO - Setting next_dagrun for example_dynamic_task_mapping to 2022-03-04 00:00:00+00:00, run_after=2022-03-05 00:00:00+00:00
[2025-01-30T09:12:22.171+0000] {processor.py:183} INFO - Processing /home/airflow/.local/lib/python3.12/site-packages/airflow/example_dags/example_dynamic_task_mapping.py took 0.091 seconds
[2025-01-30T09:12:52.473+0000] {processor.py:161} INFO - Started process (PID=322) to work on /home/airflow/.local/lib/python3.12/site-packages/airflow/example_dags/example_dynamic_task_mapping.py
[2025-01-30T09:12:52.474+0000] {processor.py:830} INFO - Processing file /home/airflow/.local/lib/python3.12/site-packages/airflow/example_dags/example_dynamic_task_mapping.py for tasks to queue
[2025-01-30T09:12:52.476+0000] {logging_mixin.py:188} INFO - [2025-01-30T09:12:52.476+0000] {dagbag.py:545} INFO - Filling up the DagBag from /home/airflow/.local/lib/python3.12/site-packages/airflow/example_dags/example_dynamic_task_mapping.py
[2025-01-30T09:12:52.482+0000] {processor.py:840} INFO - DAG(s) 'example_dynamic_task_mapping' retrieved from /home/airflow/.local/lib/python3.12/site-packages/airflow/example_dags/example_dynamic_task_mapping.py
[2025-01-30T09:12:52.501+0000] {logging_mixin.py:188} INFO - [2025-01-30T09:12:52.501+0000] {dag.py:3096} INFO - Sync 1 DAGs
[2025-01-30T09:12:52.525+0000] {logging_mixin.py:188} INFO - [2025-01-30T09:12:52.525+0000] {dag.py:3954} INFO - Setting next_dagrun for example_dynamic_task_mapping to 2022-03-04 00:00:00+00:00, run_after=2022-03-05 00:00:00+00:00
[2025-01-30T09:12:52.547+0000] {processor.py:183} INFO - Processing /home/airflow/.local/lib/python3.12/site-packages/airflow/example_dags/example_dynamic_task_mapping.py took 0.079 seconds
[2025-01-30T09:13:22.711+0000] {processor.py:161} INFO - Started process (PID=379) to work on /home/airflow/.local/lib/python3.12/site-packages/airflow/example_dags/example_dynamic_task_mapping.py
[2025-01-30T09:13:22.712+0000] {processor.py:830} INFO - Processing file /home/airflow/.local/lib/python3.12/site-packages/airflow/example_dags/example_dynamic_task_mapping.py for tasks to queue
[2025-01-30T09:13:22.714+0000] {logging_mixin.py:188} INFO - [2025-01-30T09:13:22.714+0000] {dagbag.py:545} INFO - Filling up the DagBag from /home/airflow/.local/lib/python3.12/site-packages/airflow/example_dags/example_dynamic_task_mapping.py
[2025-01-30T09:13:22.720+0000] {processor.py:840} INFO - DAG(s) 'example_dynamic_task_mapping' retrieved from /home/airflow/.local/lib/python3.12/site-packages/airflow/example_dags/example_dynamic_task_mapping.py
[2025-01-30T09:13:22.741+0000] {logging_mixin.py:188} INFO - [2025-01-30T09:13:22.741+0000] {dag.py:3096} INFO - Sync 1 DAGs
[2025-01-30T09:13:22.765+0000] {logging_mixin.py:188} INFO - [2025-01-30T09:13:22.765+0000] {dag.py:3954} INFO - Setting next_dagrun for example_dynamic_task_mapping to 2022-03-04 00:00:00+00:00, run_after=2022-03-05 00:00:00+00:00
[2025-01-30T09:13:22.786+0000] {processor.py:183} INFO - Processing /home/airflow/.local/lib/python3.12/site-packages/airflow/example_dags/example_dynamic_task_mapping.py took 0.080 seconds
[2025-01-30T09:13:52.857+0000] {processor.py:161} INFO - Started process (PID=437) to work on /home/airflow/.local/lib/python3.12/site-packages/airflow/example_dags/example_dynamic_task_mapping.py
[2025-01-30T09:13:52.858+0000] {processor.py:830} INFO - Processing file /home/airflow/.local/lib/python3.12/site-packages/airflow/example_dags/example_dynamic_task_mapping.py for tasks to queue
[2025-01-30T09:13:52.860+0000] {logging_mixin.py:188} INFO - [2025-01-30T09:13:52.859+0000] {dagbag.py:545} INFO - Filling up the DagBag from /home/airflow/.local/lib/python3.12/site-packages/airflow/example_dags/example_dynamic_task_mapping.py
[2025-01-30T09:13:52.866+0000] {processor.py:840} INFO - DAG(s) 'example_dynamic_task_mapping' retrieved from /home/airflow/.local/lib/python3.12/site-packages/airflow/example_dags/example_dynamic_task_mapping.py
[2025-01-30T09:13:52.885+0000] {logging_mixin.py:188} INFO - [2025-01-30T09:13:52.884+0000] {dag.py:3096} INFO - Sync 1 DAGs
[2025-01-30T09:13:52.907+0000] {logging_mixin.py:188} INFO - [2025-01-30T09:13:52.907+0000] {dag.py:3954} INFO - Setting next_dagrun for example_dynamic_task_mapping to 2022-03-04 00:00:00+00:00, run_after=2022-03-05 00:00:00+00:00
[2025-01-30T09:13:52.932+0000] {processor.py:183} INFO - Processing /home/airflow/.local/lib/python3.12/site-packages/airflow/example_dags/example_dynamic_task_mapping.py took 0.080 seconds
[2025-01-30T09:14:23.131+0000] {processor.py:161} INFO - Started process (PID=495) to work on /home/airflow/.local/lib/python3.12/site-packages/airflow/example_dags/example_dynamic_task_mapping.py
[2025-01-30T09:14:23.132+0000] {processor.py:830} INFO - Processing file /home/airflow/.local/lib/python3.12/site-packages/airflow/example_dags/example_dynamic_task_mapping.py for tasks to queue
[2025-01-30T09:14:23.135+0000] {logging_mixin.py:188} INFO - [2025-01-30T09:14:23.134+0000] {dagbag.py:545} INFO - Filling up the DagBag from /home/airflow/.local/lib/python3.12/site-packages/airflow/example_dags/example_dynamic_task_mapping.py
[2025-01-30T09:14:23.141+0000] {processor.py:840} INFO - DAG(s) 'example_dynamic_task_mapping' retrieved from /home/airflow/.local/lib/python3.12/site-packages/airflow/example_dags/example_dynamic_task_mapping.py
[2025-01-30T09:14:23.165+0000] {logging_mixin.py:188} INFO - [2025-01-30T09:14:23.165+0000] {dag.py:3096} INFO - Sync 1 DAGs
[2025-01-30T09:14:23.188+0000] {logging_mixin.py:188} INFO - [2025-01-30T09:14:23.188+0000] {dag.py:3954} INFO - Setting next_dagrun for example_dynamic_task_mapping to 2022-03-04 00:00:00+00:00, run_after=2022-03-05 00:00:00+00:00
[2025-01-30T09:14:23.211+0000] {processor.py:183} INFO - Processing /home/airflow/.local/lib/python3.12/site-packages/airflow/example_dags/example_dynamic_task_mapping.py took 0.085 seconds
[2025-01-30T09:14:53.682+0000] {processor.py:161} INFO - Started process (PID=553) to work on /home/airflow/.local/lib/python3.12/site-packages/airflow/example_dags/example_dynamic_task_mapping.py
[2025-01-30T09:14:53.683+0000] {processor.py:830} INFO - Processing file /home/airflow/.local/lib/python3.12/site-packages/airflow/example_dags/example_dynamic_task_mapping.py for tasks to queue
[2025-01-30T09:14:53.686+0000] {logging_mixin.py:188} INFO - [2025-01-30T09:14:53.685+0000] {dagbag.py:545} INFO - Filling up the DagBag from /home/airflow/.local/lib/python3.12/site-packages/airflow/example_dags/example_dynamic_task_mapping.py
[2025-01-30T09:14:53.693+0000] {processor.py:840} INFO - DAG(s) 'example_dynamic_task_mapping' retrieved from /home/airflow/.local/lib/python3.12/site-packages/airflow/example_dags/example_dynamic_task_mapping.py
[2025-01-30T09:14:53.720+0000] {logging_mixin.py:188} INFO - [2025-01-30T09:14:53.720+0000] {dag.py:3096} INFO - Sync 1 DAGs
[2025-01-30T09:14:53.762+0000] {logging_mixin.py:188} INFO - [2025-01-30T09:14:53.760+0000] {dag.py:3954} INFO - Setting next_dagrun for example_dynamic_task_mapping to 2022-03-04 00:00:00+00:00, run_after=2022-03-05 00:00:00+00:00
[2025-01-30T09:14:53.832+0000] {processor.py:183} INFO - Processing /home/airflow/.local/lib/python3.12/site-packages/airflow/example_dags/example_dynamic_task_mapping.py took 0.156 seconds
[2025-01-30T09:15:23.979+0000] {processor.py:161} INFO - Started process (PID=610) to work on /home/airflow/.local/lib/python3.12/site-packages/airflow/example_dags/example_dynamic_task_mapping.py
[2025-01-30T09:15:23.980+0000] {processor.py:830} INFO - Processing file /home/airflow/.local/lib/python3.12/site-packages/airflow/example_dags/example_dynamic_task_mapping.py for tasks to queue
[2025-01-30T09:15:23.982+0000] {logging_mixin.py:188} INFO - [2025-01-30T09:15:23.982+0000] {dagbag.py:545} INFO - Filling up the DagBag from /home/airflow/.local/lib/python3.12/site-packages/airflow/example_dags/example_dynamic_task_mapping.py
[2025-01-30T09:15:23.989+0000] {processor.py:840} INFO - DAG(s) 'example_dynamic_task_mapping' retrieved from /home/airflow/.local/lib/python3.12/site-packages/airflow/example_dags/example_dynamic_task_mapping.py
[2025-01-30T09:15:24.013+0000] {logging_mixin.py:188} INFO - [2025-01-30T09:15:24.012+0000] {dag.py:3096} INFO - Sync 1 DAGs
[2025-01-30T09:15:24.038+0000] {logging_mixin.py:188} INFO - [2025-01-30T09:15:24.037+0000] {dag.py:3954} INFO - Setting next_dagrun for example_dynamic_task_mapping to 2022-03-04 00:00:00+00:00, run_after=2022-03-05 00:00:00+00:00
[2025-01-30T09:15:24.059+0000] {processor.py:183} INFO - Processing /home/airflow/.local/lib/python3.12/site-packages/airflow/example_dags/example_dynamic_task_mapping.py took 0.086 seconds
[2025-01-30T09:15:54.985+0000] {processor.py:161} INFO - Started process (PID=669) to work on /home/airflow/.local/lib/python3.12/site-packages/airflow/example_dags/example_dynamic_task_mapping.py
[2025-01-30T09:15:54.986+0000] {processor.py:830} INFO - Processing file /home/airflow/.local/lib/python3.12/site-packages/airflow/example_dags/example_dynamic_task_mapping.py for tasks to queue
[2025-01-30T09:15:54.988+0000] {logging_mixin.py:188} INFO - [2025-01-30T09:15:54.987+0000] {dagbag.py:545} INFO - Filling up the DagBag from /home/airflow/.local/lib/python3.12/site-packages/airflow/example_dags/example_dynamic_task_mapping.py
[2025-01-30T09:15:54.994+0000] {processor.py:840} INFO - DAG(s) 'example_dynamic_task_mapping' retrieved from /home/airflow/.local/lib/python3.12/site-packages/airflow/example_dags/example_dynamic_task_mapping.py
[2025-01-30T09:15:55.014+0000] {logging_mixin.py:188} INFO - [2025-01-30T09:15:55.014+0000] {dag.py:3096} INFO - Sync 1 DAGs
[2025-01-30T09:15:55.036+0000] {logging_mixin.py:188} INFO - [2025-01-30T09:15:55.036+0000] {dag.py:3954} INFO - Setting next_dagrun for example_dynamic_task_mapping to 2022-03-04 00:00:00+00:00, run_after=2022-03-05 00:00:00+00:00
[2025-01-30T09:15:55.059+0000] {processor.py:183} INFO - Processing /home/airflow/.local/lib/python3.12/site-packages/airflow/example_dags/example_dynamic_task_mapping.py took 0.079 seconds
[2025-01-30T09:16:25.542+0000] {processor.py:161} INFO - Started process (PID=727) to work on /home/airflow/.local/lib/python3.12/site-packages/airflow/example_dags/example_dynamic_task_mapping.py
[2025-01-30T09:16:25.543+0000] {processor.py:830} INFO - Processing file /home/airflow/.local/lib/python3.12/site-packages/airflow/example_dags/example_dynamic_task_mapping.py for tasks to queue
[2025-01-30T09:16:25.545+0000] {logging_mixin.py:188} INFO - [2025-01-30T09:16:25.545+0000] {dagbag.py:545} INFO - Filling up the DagBag from /home/airflow/.local/lib/python3.12/site-packages/airflow/example_dags/example_dynamic_task_mapping.py
[2025-01-30T09:16:25.551+0000] {processor.py:840} INFO - DAG(s) 'example_dynamic_task_mapping' retrieved from /home/airflow/.local/lib/python3.12/site-packages/airflow/example_dags/example_dynamic_task_mapping.py
[2025-01-30T09:16:25.573+0000] {logging_mixin.py:188} INFO - [2025-01-30T09:16:25.573+0000] {dag.py:3096} INFO - Sync 1 DAGs
[2025-01-30T09:16:25.598+0000] {logging_mixin.py:188} INFO - [2025-01-30T09:16:25.598+0000] {dag.py:3954} INFO - Setting next_dagrun for example_dynamic_task_mapping to 2022-03-04 00:00:00+00:00, run_after=2022-03-05 00:00:00+00:00
[2025-01-30T09:16:25.620+0000] {processor.py:183} INFO - Processing /home/airflow/.local/lib/python3.12/site-packages/airflow/example_dags/example_dynamic_task_mapping.py took 0.083 seconds
[2025-01-30T09:16:55.703+0000] {processor.py:161} INFO - Started process (PID=784) to work on /home/airflow/.local/lib/python3.12/site-packages/airflow/example_dags/example_dynamic_task_mapping.py
[2025-01-30T09:16:55.704+0000] {processor.py:830} INFO - Processing file /home/airflow/.local/lib/python3.12/site-packages/airflow/example_dags/example_dynamic_task_mapping.py for tasks to queue
[2025-01-30T09:16:55.706+0000] {logging_mixin.py:188} INFO - [2025-01-30T09:16:55.706+0000] {dagbag.py:545} INFO - Filling up the DagBag from /home/airflow/.local/lib/python3.12/site-packages/airflow/example_dags/example_dynamic_task_mapping.py
[2025-01-30T09:16:55.713+0000] {processor.py:840} INFO - DAG(s) 'example_dynamic_task_mapping' retrieved from /home/airflow/.local/lib/python3.12/site-packages/airflow/example_dags/example_dynamic_task_mapping.py
[2025-01-30T09:16:55.731+0000] {logging_mixin.py:188} INFO - [2025-01-30T09:16:55.731+0000] {dag.py:3096} INFO - Sync 1 DAGs
[2025-01-30T09:16:55.753+0000] {logging_mixin.py:188} INFO - [2025-01-30T09:16:55.753+0000] {dag.py:3954} INFO - Setting next_dagrun for example_dynamic_task_mapping to 2022-03-04 00:00:00+00:00, run_after=2022-03-05 00:00:00+00:00
[2025-01-30T09:16:55.775+0000] {processor.py:183} INFO - Processing /home/airflow/.local/lib/python3.12/site-packages/airflow/example_dags/example_dynamic_task_mapping.py took 0.077 seconds
[2025-01-30T09:17:26.179+0000] {processor.py:161} INFO - Started process (PID=842) to work on /home/airflow/.local/lib/python3.12/site-packages/airflow/example_dags/example_dynamic_task_mapping.py
[2025-01-30T09:17:26.181+0000] {processor.py:830} INFO - Processing file /home/airflow/.local/lib/python3.12/site-packages/airflow/example_dags/example_dynamic_task_mapping.py for tasks to queue
[2025-01-30T09:17:26.183+0000] {logging_mixin.py:188} INFO - [2025-01-30T09:17:26.183+0000] {dagbag.py:545} INFO - Filling up the DagBag from /home/airflow/.local/lib/python3.12/site-packages/airflow/example_dags/example_dynamic_task_mapping.py
[2025-01-30T09:17:26.191+0000] {processor.py:840} INFO - DAG(s) 'example_dynamic_task_mapping' retrieved from /home/airflow/.local/lib/python3.12/site-packages/airflow/example_dags/example_dynamic_task_mapping.py
[2025-01-30T09:17:26.217+0000] {logging_mixin.py:188} INFO - [2025-01-30T09:17:26.217+0000] {dag.py:3096} INFO - Sync 1 DAGs
[2025-01-30T09:17:26.246+0000] {logging_mixin.py:188} INFO - [2025-01-30T09:17:26.246+0000] {dag.py:3954} INFO - Setting next_dagrun for example_dynamic_task_mapping to 2022-03-04 00:00:00+00:00, run_after=2022-03-05 00:00:00+00:00
[2025-01-30T09:17:26.272+0000] {processor.py:183} INFO - Processing /home/airflow/.local/lib/python3.12/site-packages/airflow/example_dags/example_dynamic_task_mapping.py took 0.100 seconds
[2025-01-30T09:17:56.408+0000] {processor.py:161} INFO - Started process (PID=901) to work on /home/airflow/.local/lib/python3.12/site-packages/airflow/example_dags/example_dynamic_task_mapping.py
[2025-01-30T09:17:56.409+0000] {processor.py:830} INFO - Processing file /home/airflow/.local/lib/python3.12/site-packages/airflow/example_dags/example_dynamic_task_mapping.py for tasks to queue
[2025-01-30T09:17:56.411+0000] {logging_mixin.py:188} INFO - [2025-01-30T09:17:56.411+0000] {dagbag.py:545} INFO - Filling up the DagBag from /home/airflow/.local/lib/python3.12/site-packages/airflow/example_dags/example_dynamic_task_mapping.py
[2025-01-30T09:17:56.422+0000] {processor.py:840} INFO - DAG(s) 'example_dynamic_task_mapping' retrieved from /home/airflow/.local/lib/python3.12/site-packages/airflow/example_dags/example_dynamic_task_mapping.py
[2025-01-30T09:17:56.451+0000] {logging_mixin.py:188} INFO - [2025-01-30T09:17:56.450+0000] {dag.py:3096} INFO - Sync 1 DAGs
[2025-01-30T09:17:56.475+0000] {logging_mixin.py:188} INFO - [2025-01-30T09:17:56.475+0000] {dag.py:3954} INFO - Setting next_dagrun for example_dynamic_task_mapping to 2022-03-04 00:00:00+00:00, run_after=2022-03-05 00:00:00+00:00
[2025-01-30T09:17:56.498+0000] {processor.py:183} INFO - Processing /home/airflow/.local/lib/python3.12/site-packages/airflow/example_dags/example_dynamic_task_mapping.py took 0.096 seconds
[2025-01-30T09:18:26.861+0000] {processor.py:161} INFO - Started process (PID=960) to work on /home/airflow/.local/lib/python3.12/site-packages/airflow/example_dags/example_dynamic_task_mapping.py
[2025-01-30T09:18:26.862+0000] {processor.py:830} INFO - Processing file /home/airflow/.local/lib/python3.12/site-packages/airflow/example_dags/example_dynamic_task_mapping.py for tasks to queue
[2025-01-30T09:18:26.864+0000] {logging_mixin.py:188} INFO - [2025-01-30T09:18:26.864+0000] {dagbag.py:545} INFO - Filling up the DagBag from /home/airflow/.local/lib/python3.12/site-packages/airflow/example_dags/example_dynamic_task_mapping.py
[2025-01-30T09:18:26.870+0000] {processor.py:840} INFO - DAG(s) 'example_dynamic_task_mapping' retrieved from /home/airflow/.local/lib/python3.12/site-packages/airflow/example_dags/example_dynamic_task_mapping.py
[2025-01-30T09:18:26.890+0000] {logging_mixin.py:188} INFO - [2025-01-30T09:18:26.890+0000] {dag.py:3096} INFO - Sync 1 DAGs
[2025-01-30T09:18:26.913+0000] {logging_mixin.py:188} INFO - [2025-01-30T09:18:26.913+0000] {dag.py:3954} INFO - Setting next_dagrun for example_dynamic_task_mapping to 2022-03-04 00:00:00+00:00, run_after=2022-03-05 00:00:00+00:00
[2025-01-30T09:18:26.940+0000] {processor.py:183} INFO - Processing /home/airflow/.local/lib/python3.12/site-packages/airflow/example_dags/example_dynamic_task_mapping.py took 0.084 seconds
[2025-01-30T09:20:16.242+0000] {processor.py:161} INFO - Started process (PID=86) to work on /home/airflow/.local/lib/python3.12/site-packages/airflow/example_dags/example_dynamic_task_mapping.py
[2025-01-30T09:20:16.244+0000] {processor.py:830} INFO - Processing file /home/airflow/.local/lib/python3.12/site-packages/airflow/example_dags/example_dynamic_task_mapping.py for tasks to queue
[2025-01-30T09:20:16.246+0000] {logging_mixin.py:188} INFO - [2025-01-30T09:20:16.246+0000] {dagbag.py:545} INFO - Filling up the DagBag from /home/airflow/.local/lib/python3.12/site-packages/airflow/example_dags/example_dynamic_task_mapping.py
[2025-01-30T09:20:16.255+0000] {processor.py:840} INFO - DAG(s) 'example_dynamic_task_mapping' retrieved from /home/airflow/.local/lib/python3.12/site-packages/airflow/example_dags/example_dynamic_task_mapping.py
[2025-01-30T09:20:16.369+0000] {logging_mixin.py:188} INFO - [2025-01-30T09:20:16.368+0000] {dag.py:3096} INFO - Sync 1 DAGs
[2025-01-30T09:20:16.390+0000] {logging_mixin.py:188} INFO - [2025-01-30T09:20:16.389+0000] {dag.py:3954} INFO - Setting next_dagrun for example_dynamic_task_mapping to 2022-03-04 00:00:00+00:00, run_after=2022-03-05 00:00:00+00:00
[2025-01-30T09:20:16.417+0000] {processor.py:183} INFO - Processing /home/airflow/.local/lib/python3.12/site-packages/airflow/example_dags/example_dynamic_task_mapping.py took 0.180 seconds
[2025-01-30T09:20:47.103+0000] {processor.py:161} INFO - Started process (PID=144) to work on /home/airflow/.local/lib/python3.12/site-packages/airflow/example_dags/example_dynamic_task_mapping.py
[2025-01-30T09:20:47.104+0000] {processor.py:830} INFO - Processing file /home/airflow/.local/lib/python3.12/site-packages/airflow/example_dags/example_dynamic_task_mapping.py for tasks to queue
[2025-01-30T09:20:47.106+0000] {logging_mixin.py:188} INFO - [2025-01-30T09:20:47.105+0000] {dagbag.py:545} INFO - Filling up the DagBag from /home/airflow/.local/lib/python3.12/site-packages/airflow/example_dags/example_dynamic_task_mapping.py
[2025-01-30T09:20:47.113+0000] {processor.py:840} INFO - DAG(s) 'example_dynamic_task_mapping' retrieved from /home/airflow/.local/lib/python3.12/site-packages/airflow/example_dags/example_dynamic_task_mapping.py
[2025-01-30T09:20:47.151+0000] {logging_mixin.py:188} INFO - [2025-01-30T09:20:47.150+0000] {dag.py:3096} INFO - Sync 1 DAGs
[2025-01-30T09:20:47.178+0000] {logging_mixin.py:188} INFO - [2025-01-30T09:20:47.178+0000] {dag.py:3954} INFO - Setting next_dagrun for example_dynamic_task_mapping to 2022-03-04 00:00:00+00:00, run_after=2022-03-05 00:00:00+00:00
[2025-01-30T09:20:47.205+0000] {processor.py:183} INFO - Processing /home/airflow/.local/lib/python3.12/site-packages/airflow/example_dags/example_dynamic_task_mapping.py took 0.107 seconds
[2025-01-30T09:21:17.406+0000] {processor.py:161} INFO - Started process (PID=202) to work on /home/airflow/.local/lib/python3.12/site-packages/airflow/example_dags/example_dynamic_task_mapping.py
[2025-01-30T09:21:17.408+0000] {processor.py:830} INFO - Processing file /home/airflow/.local/lib/python3.12/site-packages/airflow/example_dags/example_dynamic_task_mapping.py for tasks to queue
[2025-01-30T09:21:17.410+0000] {logging_mixin.py:188} INFO - [2025-01-30T09:21:17.409+0000] {dagbag.py:545} INFO - Filling up the DagBag from /home/airflow/.local/lib/python3.12/site-packages/airflow/example_dags/example_dynamic_task_mapping.py
[2025-01-30T09:21:17.416+0000] {processor.py:840} INFO - DAG(s) 'example_dynamic_task_mapping' retrieved from /home/airflow/.local/lib/python3.12/site-packages/airflow/example_dags/example_dynamic_task_mapping.py
[2025-01-30T09:21:17.436+0000] {logging_mixin.py:188} INFO - [2025-01-30T09:21:17.435+0000] {dag.py:3096} INFO - Sync 1 DAGs
[2025-01-30T09:21:17.459+0000] {logging_mixin.py:188} INFO - [2025-01-30T09:21:17.458+0000] {dag.py:3954} INFO - Setting next_dagrun for example_dynamic_task_mapping to 2022-03-04 00:00:00+00:00, run_after=2022-03-05 00:00:00+00:00
[2025-01-30T09:21:17.483+0000] {processor.py:183} INFO - Processing /home/airflow/.local/lib/python3.12/site-packages/airflow/example_dags/example_dynamic_task_mapping.py took 0.082 seconds
[2025-01-30T09:21:47.752+0000] {processor.py:161} INFO - Started process (PID=260) to work on /home/airflow/.local/lib/python3.12/site-packages/airflow/example_dags/example_dynamic_task_mapping.py
[2025-01-30T09:21:47.753+0000] {processor.py:830} INFO - Processing file /home/airflow/.local/lib/python3.12/site-packages/airflow/example_dags/example_dynamic_task_mapping.py for tasks to queue
[2025-01-30T09:21:47.755+0000] {logging_mixin.py:188} INFO - [2025-01-30T09:21:47.755+0000] {dagbag.py:545} INFO - Filling up the DagBag from /home/airflow/.local/lib/python3.12/site-packages/airflow/example_dags/example_dynamic_task_mapping.py
[2025-01-30T09:21:47.762+0000] {processor.py:840} INFO - DAG(s) 'example_dynamic_task_mapping' retrieved from /home/airflow/.local/lib/python3.12/site-packages/airflow/example_dags/example_dynamic_task_mapping.py
[2025-01-30T09:21:47.783+0000] {logging_mixin.py:188} INFO - [2025-01-30T09:21:47.782+0000] {dag.py:3096} INFO - Sync 1 DAGs
[2025-01-30T09:21:47.806+0000] {logging_mixin.py:188} INFO - [2025-01-30T09:21:47.805+0000] {dag.py:3954} INFO - Setting next_dagrun for example_dynamic_task_mapping to 2022-03-04 00:00:00+00:00, run_after=2022-03-05 00:00:00+00:00
[2025-01-30T09:21:47.833+0000] {processor.py:183} INFO - Processing /home/airflow/.local/lib/python3.12/site-packages/airflow/example_dags/example_dynamic_task_mapping.py took 0.086 seconds
[2025-01-30T09:22:17.957+0000] {processor.py:161} INFO - Started process (PID=319) to work on /home/airflow/.local/lib/python3.12/site-packages/airflow/example_dags/example_dynamic_task_mapping.py
[2025-01-30T09:22:17.958+0000] {processor.py:830} INFO - Processing file /home/airflow/.local/lib/python3.12/site-packages/airflow/example_dags/example_dynamic_task_mapping.py for tasks to queue
[2025-01-30T09:22:17.960+0000] {logging_mixin.py:188} INFO - [2025-01-30T09:22:17.959+0000] {dagbag.py:545} INFO - Filling up the DagBag from /home/airflow/.local/lib/python3.12/site-packages/airflow/example_dags/example_dynamic_task_mapping.py
[2025-01-30T09:22:17.965+0000] {processor.py:840} INFO - DAG(s) 'example_dynamic_task_mapping' retrieved from /home/airflow/.local/lib/python3.12/site-packages/airflow/example_dags/example_dynamic_task_mapping.py
[2025-01-30T09:22:17.986+0000] {logging_mixin.py:188} INFO - [2025-01-30T09:22:17.986+0000] {dag.py:3096} INFO - Sync 1 DAGs
[2025-01-30T09:22:18.010+0000] {logging_mixin.py:188} INFO - [2025-01-30T09:22:18.010+0000] {dag.py:3954} INFO - Setting next_dagrun for example_dynamic_task_mapping to 2022-03-04 00:00:00+00:00, run_after=2022-03-05 00:00:00+00:00
[2025-01-30T09:22:18.033+0000] {processor.py:183} INFO - Processing /home/airflow/.local/lib/python3.12/site-packages/airflow/example_dags/example_dynamic_task_mapping.py took 0.081 seconds
[2025-01-30T09:22:48.097+0000] {processor.py:161} INFO - Started process (PID=376) to work on /home/airflow/.local/lib/python3.12/site-packages/airflow/example_dags/example_dynamic_task_mapping.py
[2025-01-30T09:22:48.108+0000] {processor.py:830} INFO - Processing file /home/airflow/.local/lib/python3.12/site-packages/airflow/example_dags/example_dynamic_task_mapping.py for tasks to queue
[2025-01-30T09:22:48.116+0000] {logging_mixin.py:188} INFO - [2025-01-30T09:22:48.116+0000] {dagbag.py:545} INFO - Filling up the DagBag from /home/airflow/.local/lib/python3.12/site-packages/airflow/example_dags/example_dynamic_task_mapping.py
[2025-01-30T09:22:48.133+0000] {processor.py:840} INFO - DAG(s) 'example_dynamic_task_mapping' retrieved from /home/airflow/.local/lib/python3.12/site-packages/airflow/example_dags/example_dynamic_task_mapping.py
[2025-01-30T09:22:48.173+0000] {logging_mixin.py:188} INFO - [2025-01-30T09:22:48.172+0000] {dag.py:3096} INFO - Sync 1 DAGs
[2025-01-30T09:22:48.216+0000] {logging_mixin.py:188} INFO - [2025-01-30T09:22:48.216+0000] {dag.py:3954} INFO - Setting next_dagrun for example_dynamic_task_mapping to 2022-03-04 00:00:00+00:00, run_after=2022-03-05 00:00:00+00:00
[2025-01-30T09:22:48.267+0000] {processor.py:183} INFO - Processing /home/airflow/.local/lib/python3.12/site-packages/airflow/example_dags/example_dynamic_task_mapping.py took 0.178 seconds
[2025-01-30T09:23:19.231+0000] {processor.py:161} INFO - Started process (PID=435) to work on /home/airflow/.local/lib/python3.12/site-packages/airflow/example_dags/example_dynamic_task_mapping.py
[2025-01-30T09:23:19.232+0000] {processor.py:830} INFO - Processing file /home/airflow/.local/lib/python3.12/site-packages/airflow/example_dags/example_dynamic_task_mapping.py for tasks to queue
[2025-01-30T09:23:19.234+0000] {logging_mixin.py:188} INFO - [2025-01-30T09:23:19.233+0000] {dagbag.py:545} INFO - Filling up the DagBag from /home/airflow/.local/lib/python3.12/site-packages/airflow/example_dags/example_dynamic_task_mapping.py
[2025-01-30T09:23:19.240+0000] {processor.py:840} INFO - DAG(s) 'example_dynamic_task_mapping' retrieved from /home/airflow/.local/lib/python3.12/site-packages/airflow/example_dags/example_dynamic_task_mapping.py
[2025-01-30T09:23:19.260+0000] {logging_mixin.py:188} INFO - [2025-01-30T09:23:19.260+0000] {dag.py:3096} INFO - Sync 1 DAGs
[2025-01-30T09:23:19.284+0000] {logging_mixin.py:188} INFO - [2025-01-30T09:23:19.284+0000] {dag.py:3954} INFO - Setting next_dagrun for example_dynamic_task_mapping to 2022-03-04 00:00:00+00:00, run_after=2022-03-05 00:00:00+00:00
[2025-01-30T09:23:19.309+0000] {processor.py:183} INFO - Processing /home/airflow/.local/lib/python3.12/site-packages/airflow/example_dags/example_dynamic_task_mapping.py took 0.084 seconds
[2025-01-30T09:23:49.590+0000] {processor.py:161} INFO - Started process (PID=493) to work on /home/airflow/.local/lib/python3.12/site-packages/airflow/example_dags/example_dynamic_task_mapping.py
[2025-01-30T09:23:49.591+0000] {processor.py:830} INFO - Processing file /home/airflow/.local/lib/python3.12/site-packages/airflow/example_dags/example_dynamic_task_mapping.py for tasks to queue
[2025-01-30T09:23:49.593+0000] {logging_mixin.py:188} INFO - [2025-01-30T09:23:49.593+0000] {dagbag.py:545} INFO - Filling up the DagBag from /home/airflow/.local/lib/python3.12/site-packages/airflow/example_dags/example_dynamic_task_mapping.py
[2025-01-30T09:23:49.600+0000] {processor.py:840} INFO - DAG(s) 'example_dynamic_task_mapping' retrieved from /home/airflow/.local/lib/python3.12/site-packages/airflow/example_dags/example_dynamic_task_mapping.py
[2025-01-30T09:23:49.624+0000] {logging_mixin.py:188} INFO - [2025-01-30T09:23:49.623+0000] {dag.py:3096} INFO - Sync 1 DAGs
[2025-01-30T09:23:49.650+0000] {logging_mixin.py:188} INFO - [2025-01-30T09:23:49.650+0000] {dag.py:3954} INFO - Setting next_dagrun for example_dynamic_task_mapping to 2022-03-04 00:00:00+00:00, run_after=2022-03-05 00:00:00+00:00
[2025-01-30T09:23:49.678+0000] {processor.py:183} INFO - Processing /home/airflow/.local/lib/python3.12/site-packages/airflow/example_dags/example_dynamic_task_mapping.py took 0.097 seconds
[2025-01-30T09:24:20.164+0000] {processor.py:161} INFO - Started process (PID=551) to work on /home/airflow/.local/lib/python3.12/site-packages/airflow/example_dags/example_dynamic_task_mapping.py
[2025-01-30T09:24:20.165+0000] {processor.py:830} INFO - Processing file /home/airflow/.local/lib/python3.12/site-packages/airflow/example_dags/example_dynamic_task_mapping.py for tasks to queue
[2025-01-30T09:24:20.167+0000] {logging_mixin.py:188} INFO - [2025-01-30T09:24:20.166+0000] {dagbag.py:545} INFO - Filling up the DagBag from /home/airflow/.local/lib/python3.12/site-packages/airflow/example_dags/example_dynamic_task_mapping.py
[2025-01-30T09:24:20.175+0000] {processor.py:840} INFO - DAG(s) 'example_dynamic_task_mapping' retrieved from /home/airflow/.local/lib/python3.12/site-packages/airflow/example_dags/example_dynamic_task_mapping.py
[2025-01-30T09:24:20.196+0000] {logging_mixin.py:188} INFO - [2025-01-30T09:24:20.195+0000] {dag.py:3096} INFO - Sync 1 DAGs
[2025-01-30T09:24:20.224+0000] {logging_mixin.py:188} INFO - [2025-01-30T09:24:20.224+0000] {dag.py:3954} INFO - Setting next_dagrun for example_dynamic_task_mapping to 2022-03-04 00:00:00+00:00, run_after=2022-03-05 00:00:00+00:00
[2025-01-30T09:24:20.249+0000] {processor.py:183} INFO - Processing /home/airflow/.local/lib/python3.12/site-packages/airflow/example_dags/example_dynamic_task_mapping.py took 0.090 seconds
[2025-01-30T09:24:50.348+0000] {processor.py:161} INFO - Started process (PID=609) to work on /home/airflow/.local/lib/python3.12/site-packages/airflow/example_dags/example_dynamic_task_mapping.py
[2025-01-30T09:24:50.349+0000] {processor.py:830} INFO - Processing file /home/airflow/.local/lib/python3.12/site-packages/airflow/example_dags/example_dynamic_task_mapping.py for tasks to queue
[2025-01-30T09:24:50.351+0000] {logging_mixin.py:188} INFO - [2025-01-30T09:24:50.351+0000] {dagbag.py:545} INFO - Filling up the DagBag from /home/airflow/.local/lib/python3.12/site-packages/airflow/example_dags/example_dynamic_task_mapping.py
[2025-01-30T09:24:50.357+0000] {processor.py:840} INFO - DAG(s) 'example_dynamic_task_mapping' retrieved from /home/airflow/.local/lib/python3.12/site-packages/airflow/example_dags/example_dynamic_task_mapping.py
[2025-01-30T09:24:50.379+0000] {logging_mixin.py:188} INFO - [2025-01-30T09:24:50.378+0000] {dag.py:3096} INFO - Sync 1 DAGs
[2025-01-30T09:24:50.404+0000] {logging_mixin.py:188} INFO - [2025-01-30T09:24:50.404+0000] {dag.py:3954} INFO - Setting next_dagrun for example_dynamic_task_mapping to 2022-03-04 00:00:00+00:00, run_after=2022-03-05 00:00:00+00:00
[2025-01-30T09:24:50.427+0000] {processor.py:183} INFO - Processing /home/airflow/.local/lib/python3.12/site-packages/airflow/example_dags/example_dynamic_task_mapping.py took 0.085 seconds
[2025-01-30T09:25:20.515+0000] {processor.py:161} INFO - Started process (PID=666) to work on /home/airflow/.local/lib/python3.12/site-packages/airflow/example_dags/example_dynamic_task_mapping.py
[2025-01-30T09:25:20.516+0000] {processor.py:830} INFO - Processing file /home/airflow/.local/lib/python3.12/site-packages/airflow/example_dags/example_dynamic_task_mapping.py for tasks to queue
[2025-01-30T09:25:20.518+0000] {logging_mixin.py:188} INFO - [2025-01-30T09:25:20.518+0000] {dagbag.py:545} INFO - Filling up the DagBag from /home/airflow/.local/lib/python3.12/site-packages/airflow/example_dags/example_dynamic_task_mapping.py
[2025-01-30T09:25:20.526+0000] {processor.py:840} INFO - DAG(s) 'example_dynamic_task_mapping' retrieved from /home/airflow/.local/lib/python3.12/site-packages/airflow/example_dags/example_dynamic_task_mapping.py
[2025-01-30T09:25:20.548+0000] {logging_mixin.py:188} INFO - [2025-01-30T09:25:20.547+0000] {dag.py:3096} INFO - Sync 1 DAGs
[2025-01-30T09:25:20.571+0000] {logging_mixin.py:188} INFO - [2025-01-30T09:25:20.571+0000] {dag.py:3954} INFO - Setting next_dagrun for example_dynamic_task_mapping to 2022-03-04 00:00:00+00:00, run_after=2022-03-05 00:00:00+00:00
[2025-01-30T09:25:20.595+0000] {processor.py:183} INFO - Processing /home/airflow/.local/lib/python3.12/site-packages/airflow/example_dags/example_dynamic_task_mapping.py took 0.085 seconds
