[2025-01-30T08:43:53.706+0000] {processor.py:161} INFO - Started process (PID=98) to work on /home/airflow/.local/lib/python3.12/site-packages/airflow/example_dags/tutorial.py
[2025-01-30T08:43:53.707+0000] {processor.py:830} INFO - Processing file /home/airflow/.local/lib/python3.12/site-packages/airflow/example_dags/tutorial.py for tasks to queue
[2025-01-30T08:43:53.708+0000] {logging_mixin.py:188} INFO - [2025-01-30T08:43:53.708+0000] {dagbag.py:545} INFO - Filling up the DagBag from /home/airflow/.local/lib/python3.12/site-packages/airflow/example_dags/tutorial.py
[2025-01-30T08:43:53.717+0000] {processor.py:840} INFO - DAG(s) 'tutorial' retrieved from /home/airflow/.local/lib/python3.12/site-packages/airflow/example_dags/tutorial.py
[2025-01-30T08:43:53.832+0000] {logging_mixin.py:188} INFO - [2025-01-30T08:43:53.832+0000] {dag.py:3096} INFO - Sync 1 DAGs
[2025-01-30T08:43:53.855+0000] {logging_mixin.py:188} INFO - [2025-01-30T08:43:53.855+0000] {dag.py:3954} INFO - Setting next_dagrun for tutorial to 2025-01-29 00:00:00+00:00, run_after=2025-01-30 00:00:00+00:00
[2025-01-30T08:43:53.884+0000] {processor.py:183} INFO - Processing /home/airflow/.local/lib/python3.12/site-packages/airflow/example_dags/tutorial.py took 0.184 seconds
[2025-01-30T08:44:23.998+0000] {processor.py:161} INFO - Started process (PID=156) to work on /home/airflow/.local/lib/python3.12/site-packages/airflow/example_dags/tutorial.py
[2025-01-30T08:44:24.000+0000] {processor.py:830} INFO - Processing file /home/airflow/.local/lib/python3.12/site-packages/airflow/example_dags/tutorial.py for tasks to queue
[2025-01-30T08:44:24.002+0000] {logging_mixin.py:188} INFO - [2025-01-30T08:44:24.001+0000] {dagbag.py:545} INFO - Filling up the DagBag from /home/airflow/.local/lib/python3.12/site-packages/airflow/example_dags/tutorial.py
[2025-01-30T08:44:24.007+0000] {processor.py:840} INFO - DAG(s) 'tutorial' retrieved from /home/airflow/.local/lib/python3.12/site-packages/airflow/example_dags/tutorial.py
[2025-01-30T08:44:24.028+0000] {logging_mixin.py:188} INFO - [2025-01-30T08:44:24.028+0000] {dag.py:3096} INFO - Sync 1 DAGs
[2025-01-30T08:44:24.054+0000] {logging_mixin.py:188} INFO - [2025-01-30T08:44:24.053+0000] {dag.py:3954} INFO - Setting next_dagrun for tutorial to 2025-01-29 00:00:00+00:00, run_after=2025-01-30 00:00:00+00:00
[2025-01-30T08:44:24.082+0000] {processor.py:183} INFO - Processing /home/airflow/.local/lib/python3.12/site-packages/airflow/example_dags/tutorial.py took 0.089 seconds
[2025-01-30T08:44:54.433+0000] {processor.py:161} INFO - Started process (PID=214) to work on /home/airflow/.local/lib/python3.12/site-packages/airflow/example_dags/tutorial.py
[2025-01-30T08:44:54.434+0000] {processor.py:830} INFO - Processing file /home/airflow/.local/lib/python3.12/site-packages/airflow/example_dags/tutorial.py for tasks to queue
[2025-01-30T08:44:54.436+0000] {logging_mixin.py:188} INFO - [2025-01-30T08:44:54.436+0000] {dagbag.py:545} INFO - Filling up the DagBag from /home/airflow/.local/lib/python3.12/site-packages/airflow/example_dags/tutorial.py
[2025-01-30T08:44:54.442+0000] {processor.py:840} INFO - DAG(s) 'tutorial' retrieved from /home/airflow/.local/lib/python3.12/site-packages/airflow/example_dags/tutorial.py
[2025-01-30T08:44:54.463+0000] {logging_mixin.py:188} INFO - [2025-01-30T08:44:54.463+0000] {dag.py:3096} INFO - Sync 1 DAGs
[2025-01-30T08:44:54.488+0000] {logging_mixin.py:188} INFO - [2025-01-30T08:44:54.488+0000] {dag.py:3954} INFO - Setting next_dagrun for tutorial to 2025-01-29 00:00:00+00:00, run_after=2025-01-30 00:00:00+00:00
[2025-01-30T08:44:54.512+0000] {processor.py:183} INFO - Processing /home/airflow/.local/lib/python3.12/site-packages/airflow/example_dags/tutorial.py took 0.084 seconds
[2025-01-30T08:45:24.683+0000] {processor.py:161} INFO - Started process (PID=272) to work on /home/airflow/.local/lib/python3.12/site-packages/airflow/example_dags/tutorial.py
[2025-01-30T08:45:24.685+0000] {processor.py:830} INFO - Processing file /home/airflow/.local/lib/python3.12/site-packages/airflow/example_dags/tutorial.py for tasks to queue
[2025-01-30T08:45:24.688+0000] {logging_mixin.py:188} INFO - [2025-01-30T08:45:24.687+0000] {dagbag.py:545} INFO - Filling up the DagBag from /home/airflow/.local/lib/python3.12/site-packages/airflow/example_dags/tutorial.py
[2025-01-30T08:45:24.693+0000] {processor.py:840} INFO - DAG(s) 'tutorial' retrieved from /home/airflow/.local/lib/python3.12/site-packages/airflow/example_dags/tutorial.py
[2025-01-30T08:45:24.717+0000] {logging_mixin.py:188} INFO - [2025-01-30T08:45:24.717+0000] {dag.py:3096} INFO - Sync 1 DAGs
[2025-01-30T08:45:24.742+0000] {logging_mixin.py:188} INFO - [2025-01-30T08:45:24.741+0000] {dag.py:3954} INFO - Setting next_dagrun for tutorial to 2025-01-29 00:00:00+00:00, run_after=2025-01-30 00:00:00+00:00
[2025-01-30T08:45:24.766+0000] {processor.py:183} INFO - Processing /home/airflow/.local/lib/python3.12/site-packages/airflow/example_dags/tutorial.py took 0.088 seconds
[2025-01-30T08:45:55.505+0000] {processor.py:161} INFO - Started process (PID=330) to work on /home/airflow/.local/lib/python3.12/site-packages/airflow/example_dags/tutorial.py
[2025-01-30T08:45:55.506+0000] {processor.py:830} INFO - Processing file /home/airflow/.local/lib/python3.12/site-packages/airflow/example_dags/tutorial.py for tasks to queue
[2025-01-30T08:45:55.508+0000] {logging_mixin.py:188} INFO - [2025-01-30T08:45:55.507+0000] {dagbag.py:545} INFO - Filling up the DagBag from /home/airflow/.local/lib/python3.12/site-packages/airflow/example_dags/tutorial.py
[2025-01-30T08:45:55.513+0000] {processor.py:840} INFO - DAG(s) 'tutorial' retrieved from /home/airflow/.local/lib/python3.12/site-packages/airflow/example_dags/tutorial.py
[2025-01-30T08:45:55.534+0000] {logging_mixin.py:188} INFO - [2025-01-30T08:45:55.534+0000] {dag.py:3096} INFO - Sync 1 DAGs
[2025-01-30T08:45:55.559+0000] {logging_mixin.py:188} INFO - [2025-01-30T08:45:55.559+0000] {dag.py:3954} INFO - Setting next_dagrun for tutorial to 2025-01-29 00:00:00+00:00, run_after=2025-01-30 00:00:00+00:00
[2025-01-30T08:45:55.582+0000] {processor.py:183} INFO - Processing /home/airflow/.local/lib/python3.12/site-packages/airflow/example_dags/tutorial.py took 0.082 seconds
[2025-01-30T08:46:26.213+0000] {processor.py:161} INFO - Started process (PID=387) to work on /home/airflow/.local/lib/python3.12/site-packages/airflow/example_dags/tutorial.py
[2025-01-30T08:46:26.214+0000] {processor.py:830} INFO - Processing file /home/airflow/.local/lib/python3.12/site-packages/airflow/example_dags/tutorial.py for tasks to queue
[2025-01-30T08:46:26.216+0000] {logging_mixin.py:188} INFO - [2025-01-30T08:46:26.216+0000] {dagbag.py:545} INFO - Filling up the DagBag from /home/airflow/.local/lib/python3.12/site-packages/airflow/example_dags/tutorial.py
[2025-01-30T08:46:26.222+0000] {processor.py:840} INFO - DAG(s) 'tutorial' retrieved from /home/airflow/.local/lib/python3.12/site-packages/airflow/example_dags/tutorial.py
[2025-01-30T08:46:26.246+0000] {logging_mixin.py:188} INFO - [2025-01-30T08:46:26.246+0000] {dag.py:3096} INFO - Sync 1 DAGs
[2025-01-30T08:46:26.274+0000] {logging_mixin.py:188} INFO - [2025-01-30T08:46:26.273+0000] {dag.py:3954} INFO - Setting next_dagrun for tutorial to 2025-01-29 00:00:00+00:00, run_after=2025-01-30 00:00:00+00:00
[2025-01-30T08:46:26.301+0000] {processor.py:183} INFO - Processing /home/airflow/.local/lib/python3.12/site-packages/airflow/example_dags/tutorial.py took 0.094 seconds
[2025-01-30T08:46:56.558+0000] {processor.py:161} INFO - Started process (PID=445) to work on /home/airflow/.local/lib/python3.12/site-packages/airflow/example_dags/tutorial.py
[2025-01-30T08:46:56.560+0000] {processor.py:830} INFO - Processing file /home/airflow/.local/lib/python3.12/site-packages/airflow/example_dags/tutorial.py for tasks to queue
[2025-01-30T08:46:56.562+0000] {logging_mixin.py:188} INFO - [2025-01-30T08:46:56.562+0000] {dagbag.py:545} INFO - Filling up the DagBag from /home/airflow/.local/lib/python3.12/site-packages/airflow/example_dags/tutorial.py
[2025-01-30T08:46:56.568+0000] {processor.py:840} INFO - DAG(s) 'tutorial' retrieved from /home/airflow/.local/lib/python3.12/site-packages/airflow/example_dags/tutorial.py
[2025-01-30T08:46:56.590+0000] {logging_mixin.py:188} INFO - [2025-01-30T08:46:56.589+0000] {dag.py:3096} INFO - Sync 1 DAGs
[2025-01-30T08:46:56.618+0000] {logging_mixin.py:188} INFO - [2025-01-30T08:46:56.617+0000] {dag.py:3954} INFO - Setting next_dagrun for tutorial to 2025-01-29 00:00:00+00:00, run_after=2025-01-30 00:00:00+00:00
[2025-01-30T08:46:56.643+0000] {processor.py:183} INFO - Processing /home/airflow/.local/lib/python3.12/site-packages/airflow/example_dags/tutorial.py took 0.089 seconds
[2025-01-30T08:47:27.062+0000] {processor.py:161} INFO - Started process (PID=503) to work on /home/airflow/.local/lib/python3.12/site-packages/airflow/example_dags/tutorial.py
[2025-01-30T08:47:27.063+0000] {processor.py:830} INFO - Processing file /home/airflow/.local/lib/python3.12/site-packages/airflow/example_dags/tutorial.py for tasks to queue
[2025-01-30T08:47:27.064+0000] {logging_mixin.py:188} INFO - [2025-01-30T08:47:27.064+0000] {dagbag.py:545} INFO - Filling up the DagBag from /home/airflow/.local/lib/python3.12/site-packages/airflow/example_dags/tutorial.py
[2025-01-30T08:47:27.070+0000] {processor.py:840} INFO - DAG(s) 'tutorial' retrieved from /home/airflow/.local/lib/python3.12/site-packages/airflow/example_dags/tutorial.py
[2025-01-30T08:47:27.093+0000] {logging_mixin.py:188} INFO - [2025-01-30T08:47:27.093+0000] {dag.py:3096} INFO - Sync 1 DAGs
[2025-01-30T08:47:27.119+0000] {logging_mixin.py:188} INFO - [2025-01-30T08:47:27.119+0000] {dag.py:3954} INFO - Setting next_dagrun for tutorial to 2025-01-29 00:00:00+00:00, run_after=2025-01-30 00:00:00+00:00
[2025-01-30T08:47:27.145+0000] {processor.py:183} INFO - Processing /home/airflow/.local/lib/python3.12/site-packages/airflow/example_dags/tutorial.py took 0.088 seconds
[2025-01-30T08:47:57.501+0000] {processor.py:161} INFO - Started process (PID=561) to work on /home/airflow/.local/lib/python3.12/site-packages/airflow/example_dags/tutorial.py
[2025-01-30T08:47:57.502+0000] {processor.py:830} INFO - Processing file /home/airflow/.local/lib/python3.12/site-packages/airflow/example_dags/tutorial.py for tasks to queue
[2025-01-30T08:47:57.505+0000] {logging_mixin.py:188} INFO - [2025-01-30T08:47:57.505+0000] {dagbag.py:545} INFO - Filling up the DagBag from /home/airflow/.local/lib/python3.12/site-packages/airflow/example_dags/tutorial.py
[2025-01-30T08:47:57.512+0000] {processor.py:840} INFO - DAG(s) 'tutorial' retrieved from /home/airflow/.local/lib/python3.12/site-packages/airflow/example_dags/tutorial.py
[2025-01-30T08:47:57.537+0000] {logging_mixin.py:188} INFO - [2025-01-30T08:47:57.536+0000] {dag.py:3096} INFO - Sync 1 DAGs
[2025-01-30T08:47:57.570+0000] {logging_mixin.py:188} INFO - [2025-01-30T08:47:57.569+0000] {dag.py:3954} INFO - Setting next_dagrun for tutorial to 2025-01-29 00:00:00+00:00, run_after=2025-01-30 00:00:00+00:00
[2025-01-30T08:47:57.597+0000] {processor.py:183} INFO - Processing /home/airflow/.local/lib/python3.12/site-packages/airflow/example_dags/tutorial.py took 0.102 seconds
[2025-01-30T08:48:27.769+0000] {processor.py:161} INFO - Started process (PID=619) to work on /home/airflow/.local/lib/python3.12/site-packages/airflow/example_dags/tutorial.py
[2025-01-30T08:48:27.771+0000] {processor.py:830} INFO - Processing file /home/airflow/.local/lib/python3.12/site-packages/airflow/example_dags/tutorial.py for tasks to queue
[2025-01-30T08:48:27.780+0000] {logging_mixin.py:188} INFO - [2025-01-30T08:48:27.777+0000] {dagbag.py:545} INFO - Filling up the DagBag from /home/airflow/.local/lib/python3.12/site-packages/airflow/example_dags/tutorial.py
[2025-01-30T08:48:27.790+0000] {processor.py:840} INFO - DAG(s) 'tutorial' retrieved from /home/airflow/.local/lib/python3.12/site-packages/airflow/example_dags/tutorial.py
[2025-01-30T08:48:27.819+0000] {logging_mixin.py:188} INFO - [2025-01-30T08:48:27.819+0000] {dag.py:3096} INFO - Sync 1 DAGs
[2025-01-30T08:48:27.846+0000] {logging_mixin.py:188} INFO - [2025-01-30T08:48:27.846+0000] {dag.py:3954} INFO - Setting next_dagrun for tutorial to 2025-01-29 00:00:00+00:00, run_after=2025-01-30 00:00:00+00:00
[2025-01-30T08:48:27.873+0000] {processor.py:183} INFO - Processing /home/airflow/.local/lib/python3.12/site-packages/airflow/example_dags/tutorial.py took 0.110 seconds
[2025-01-30T08:48:57.975+0000] {processor.py:161} INFO - Started process (PID=677) to work on /home/airflow/.local/lib/python3.12/site-packages/airflow/example_dags/tutorial.py
[2025-01-30T08:48:57.976+0000] {processor.py:830} INFO - Processing file /home/airflow/.local/lib/python3.12/site-packages/airflow/example_dags/tutorial.py for tasks to queue
[2025-01-30T08:48:57.977+0000] {logging_mixin.py:188} INFO - [2025-01-30T08:48:57.977+0000] {dagbag.py:545} INFO - Filling up the DagBag from /home/airflow/.local/lib/python3.12/site-packages/airflow/example_dags/tutorial.py
[2025-01-30T08:48:57.982+0000] {processor.py:840} INFO - DAG(s) 'tutorial' retrieved from /home/airflow/.local/lib/python3.12/site-packages/airflow/example_dags/tutorial.py
[2025-01-30T08:48:58.005+0000] {logging_mixin.py:188} INFO - [2025-01-30T08:48:58.004+0000] {dag.py:3096} INFO - Sync 1 DAGs
[2025-01-30T08:48:58.027+0000] {logging_mixin.py:188} INFO - [2025-01-30T08:48:58.026+0000] {dag.py:3954} INFO - Setting next_dagrun for tutorial to 2025-01-29 00:00:00+00:00, run_after=2025-01-30 00:00:00+00:00
[2025-01-30T08:48:58.051+0000] {processor.py:183} INFO - Processing /home/airflow/.local/lib/python3.12/site-packages/airflow/example_dags/tutorial.py took 0.081 seconds
[2025-01-30T08:49:28.486+0000] {processor.py:161} INFO - Started process (PID=735) to work on /home/airflow/.local/lib/python3.12/site-packages/airflow/example_dags/tutorial.py
[2025-01-30T08:49:28.487+0000] {processor.py:830} INFO - Processing file /home/airflow/.local/lib/python3.12/site-packages/airflow/example_dags/tutorial.py for tasks to queue
[2025-01-30T08:49:28.489+0000] {logging_mixin.py:188} INFO - [2025-01-30T08:49:28.489+0000] {dagbag.py:545} INFO - Filling up the DagBag from /home/airflow/.local/lib/python3.12/site-packages/airflow/example_dags/tutorial.py
[2025-01-30T08:49:28.494+0000] {processor.py:840} INFO - DAG(s) 'tutorial' retrieved from /home/airflow/.local/lib/python3.12/site-packages/airflow/example_dags/tutorial.py
[2025-01-30T08:49:28.514+0000] {logging_mixin.py:188} INFO - [2025-01-30T08:49:28.514+0000] {dag.py:3096} INFO - Sync 1 DAGs
[2025-01-30T08:49:28.537+0000] {logging_mixin.py:188} INFO - [2025-01-30T08:49:28.537+0000] {dag.py:3954} INFO - Setting next_dagrun for tutorial to 2025-01-29 00:00:00+00:00, run_after=2025-01-30 00:00:00+00:00
[2025-01-30T08:49:28.564+0000] {processor.py:183} INFO - Processing /home/airflow/.local/lib/python3.12/site-packages/airflow/example_dags/tutorial.py took 0.083 seconds
[2025-01-30T08:49:58.945+0000] {processor.py:161} INFO - Started process (PID=793) to work on /home/airflow/.local/lib/python3.12/site-packages/airflow/example_dags/tutorial.py
[2025-01-30T08:49:58.946+0000] {processor.py:830} INFO - Processing file /home/airflow/.local/lib/python3.12/site-packages/airflow/example_dags/tutorial.py for tasks to queue
[2025-01-30T08:49:58.948+0000] {logging_mixin.py:188} INFO - [2025-01-30T08:49:58.947+0000] {dagbag.py:545} INFO - Filling up the DagBag from /home/airflow/.local/lib/python3.12/site-packages/airflow/example_dags/tutorial.py
[2025-01-30T08:49:58.954+0000] {processor.py:840} INFO - DAG(s) 'tutorial' retrieved from /home/airflow/.local/lib/python3.12/site-packages/airflow/example_dags/tutorial.py
[2025-01-30T08:49:58.975+0000] {logging_mixin.py:188} INFO - [2025-01-30T08:49:58.975+0000] {dag.py:3096} INFO - Sync 1 DAGs
[2025-01-30T08:49:58.997+0000] {logging_mixin.py:188} INFO - [2025-01-30T08:49:58.997+0000] {dag.py:3954} INFO - Setting next_dagrun for tutorial to 2025-01-29 00:00:00+00:00, run_after=2025-01-30 00:00:00+00:00
[2025-01-30T08:49:59.018+0000] {processor.py:183} INFO - Processing /home/airflow/.local/lib/python3.12/site-packages/airflow/example_dags/tutorial.py took 0.079 seconds
[2025-01-30T08:50:29.257+0000] {processor.py:161} INFO - Started process (PID=851) to work on /home/airflow/.local/lib/python3.12/site-packages/airflow/example_dags/tutorial.py
[2025-01-30T08:50:29.258+0000] {processor.py:830} INFO - Processing file /home/airflow/.local/lib/python3.12/site-packages/airflow/example_dags/tutorial.py for tasks to queue
[2025-01-30T08:50:29.260+0000] {logging_mixin.py:188} INFO - [2025-01-30T08:50:29.260+0000] {dagbag.py:545} INFO - Filling up the DagBag from /home/airflow/.local/lib/python3.12/site-packages/airflow/example_dags/tutorial.py
[2025-01-30T08:50:29.265+0000] {processor.py:840} INFO - DAG(s) 'tutorial' retrieved from /home/airflow/.local/lib/python3.12/site-packages/airflow/example_dags/tutorial.py
[2025-01-30T08:50:29.286+0000] {logging_mixin.py:188} INFO - [2025-01-30T08:50:29.286+0000] {dag.py:3096} INFO - Sync 1 DAGs
[2025-01-30T08:50:29.311+0000] {logging_mixin.py:188} INFO - [2025-01-30T08:50:29.310+0000] {dag.py:3954} INFO - Setting next_dagrun for tutorial to 2025-01-29 00:00:00+00:00, run_after=2025-01-30 00:00:00+00:00
[2025-01-30T08:50:29.334+0000] {processor.py:183} INFO - Processing /home/airflow/.local/lib/python3.12/site-packages/airflow/example_dags/tutorial.py took 0.083 seconds
[2025-01-30T08:50:59.745+0000] {processor.py:161} INFO - Started process (PID=909) to work on /home/airflow/.local/lib/python3.12/site-packages/airflow/example_dags/tutorial.py
[2025-01-30T08:50:59.747+0000] {processor.py:830} INFO - Processing file /home/airflow/.local/lib/python3.12/site-packages/airflow/example_dags/tutorial.py for tasks to queue
[2025-01-30T08:50:59.749+0000] {logging_mixin.py:188} INFO - [2025-01-30T08:50:59.749+0000] {dagbag.py:545} INFO - Filling up the DagBag from /home/airflow/.local/lib/python3.12/site-packages/airflow/example_dags/tutorial.py
[2025-01-30T08:50:59.755+0000] {processor.py:840} INFO - DAG(s) 'tutorial' retrieved from /home/airflow/.local/lib/python3.12/site-packages/airflow/example_dags/tutorial.py
[2025-01-30T08:50:59.779+0000] {logging_mixin.py:188} INFO - [2025-01-30T08:50:59.778+0000] {dag.py:3096} INFO - Sync 1 DAGs
[2025-01-30T08:50:59.804+0000] {logging_mixin.py:188} INFO - [2025-01-30T08:50:59.804+0000] {dag.py:3954} INFO - Setting next_dagrun for tutorial to 2025-01-29 00:00:00+00:00, run_after=2025-01-30 00:00:00+00:00
[2025-01-30T08:50:59.826+0000] {processor.py:183} INFO - Processing /home/airflow/.local/lib/python3.12/site-packages/airflow/example_dags/tutorial.py took 0.086 seconds
[2025-01-30T08:51:30.151+0000] {processor.py:161} INFO - Started process (PID=967) to work on /home/airflow/.local/lib/python3.12/site-packages/airflow/example_dags/tutorial.py
[2025-01-30T08:51:30.152+0000] {processor.py:830} INFO - Processing file /home/airflow/.local/lib/python3.12/site-packages/airflow/example_dags/tutorial.py for tasks to queue
[2025-01-30T08:51:30.154+0000] {logging_mixin.py:188} INFO - [2025-01-30T08:51:30.153+0000] {dagbag.py:545} INFO - Filling up the DagBag from /home/airflow/.local/lib/python3.12/site-packages/airflow/example_dags/tutorial.py
[2025-01-30T08:51:30.159+0000] {processor.py:840} INFO - DAG(s) 'tutorial' retrieved from /home/airflow/.local/lib/python3.12/site-packages/airflow/example_dags/tutorial.py
[2025-01-30T08:51:30.180+0000] {logging_mixin.py:188} INFO - [2025-01-30T08:51:30.179+0000] {dag.py:3096} INFO - Sync 1 DAGs
[2025-01-30T08:51:30.204+0000] {logging_mixin.py:188} INFO - [2025-01-30T08:51:30.204+0000] {dag.py:3954} INFO - Setting next_dagrun for tutorial to 2025-01-29 00:00:00+00:00, run_after=2025-01-30 00:00:00+00:00
[2025-01-30T08:51:30.228+0000] {processor.py:183} INFO - Processing /home/airflow/.local/lib/python3.12/site-packages/airflow/example_dags/tutorial.py took 0.082 seconds
[2025-01-30T08:52:00.481+0000] {processor.py:161} INFO - Started process (PID=1025) to work on /home/airflow/.local/lib/python3.12/site-packages/airflow/example_dags/tutorial.py
[2025-01-30T08:52:00.483+0000] {processor.py:830} INFO - Processing file /home/airflow/.local/lib/python3.12/site-packages/airflow/example_dags/tutorial.py for tasks to queue
[2025-01-30T08:52:00.485+0000] {logging_mixin.py:188} INFO - [2025-01-30T08:52:00.485+0000] {dagbag.py:545} INFO - Filling up the DagBag from /home/airflow/.local/lib/python3.12/site-packages/airflow/example_dags/tutorial.py
[2025-01-30T08:52:00.490+0000] {processor.py:840} INFO - DAG(s) 'tutorial' retrieved from /home/airflow/.local/lib/python3.12/site-packages/airflow/example_dags/tutorial.py
[2025-01-30T08:52:00.517+0000] {logging_mixin.py:188} INFO - [2025-01-30T08:52:00.517+0000] {dag.py:3096} INFO - Sync 1 DAGs
[2025-01-30T08:52:00.545+0000] {logging_mixin.py:188} INFO - [2025-01-30T08:52:00.545+0000] {dag.py:3954} INFO - Setting next_dagrun for tutorial to 2025-01-29 00:00:00+00:00, run_after=2025-01-30 00:00:00+00:00
[2025-01-30T08:52:00.576+0000] {processor.py:183} INFO - Processing /home/airflow/.local/lib/python3.12/site-packages/airflow/example_dags/tutorial.py took 0.103 seconds
[2025-01-30T08:52:30.664+0000] {processor.py:161} INFO - Started process (PID=1082) to work on /home/airflow/.local/lib/python3.12/site-packages/airflow/example_dags/tutorial.py
[2025-01-30T08:52:30.665+0000] {processor.py:830} INFO - Processing file /home/airflow/.local/lib/python3.12/site-packages/airflow/example_dags/tutorial.py for tasks to queue
[2025-01-30T08:52:30.667+0000] {logging_mixin.py:188} INFO - [2025-01-30T08:52:30.667+0000] {dagbag.py:545} INFO - Filling up the DagBag from /home/airflow/.local/lib/python3.12/site-packages/airflow/example_dags/tutorial.py
[2025-01-30T08:52:30.674+0000] {processor.py:840} INFO - DAG(s) 'tutorial' retrieved from /home/airflow/.local/lib/python3.12/site-packages/airflow/example_dags/tutorial.py
[2025-01-30T08:52:30.697+0000] {logging_mixin.py:188} INFO - [2025-01-30T08:52:30.696+0000] {dag.py:3096} INFO - Sync 1 DAGs
[2025-01-30T08:52:30.720+0000] {logging_mixin.py:188} INFO - [2025-01-30T08:52:30.720+0000] {dag.py:3954} INFO - Setting next_dagrun for tutorial to 2025-01-29 00:00:00+00:00, run_after=2025-01-30 00:00:00+00:00
[2025-01-30T08:52:30.749+0000] {processor.py:183} INFO - Processing /home/airflow/.local/lib/python3.12/site-packages/airflow/example_dags/tutorial.py took 0.090 seconds
[2025-01-30T08:53:01.149+0000] {processor.py:161} INFO - Started process (PID=1140) to work on /home/airflow/.local/lib/python3.12/site-packages/airflow/example_dags/tutorial.py
[2025-01-30T08:53:01.150+0000] {processor.py:830} INFO - Processing file /home/airflow/.local/lib/python3.12/site-packages/airflow/example_dags/tutorial.py for tasks to queue
[2025-01-30T08:53:01.152+0000] {logging_mixin.py:188} INFO - [2025-01-30T08:53:01.152+0000] {dagbag.py:545} INFO - Filling up the DagBag from /home/airflow/.local/lib/python3.12/site-packages/airflow/example_dags/tutorial.py
[2025-01-30T08:53:01.157+0000] {processor.py:840} INFO - DAG(s) 'tutorial' retrieved from /home/airflow/.local/lib/python3.12/site-packages/airflow/example_dags/tutorial.py
[2025-01-30T08:53:01.177+0000] {logging_mixin.py:188} INFO - [2025-01-30T08:53:01.177+0000] {dag.py:3096} INFO - Sync 1 DAGs
[2025-01-30T08:53:01.200+0000] {logging_mixin.py:188} INFO - [2025-01-30T08:53:01.200+0000] {dag.py:3954} INFO - Setting next_dagrun for tutorial to 2025-01-29 00:00:00+00:00, run_after=2025-01-30 00:00:00+00:00
[2025-01-30T08:53:01.224+0000] {processor.py:183} INFO - Processing /home/airflow/.local/lib/python3.12/site-packages/airflow/example_dags/tutorial.py took 0.080 seconds
[2025-01-30T08:53:31.354+0000] {processor.py:161} INFO - Started process (PID=1199) to work on /home/airflow/.local/lib/python3.12/site-packages/airflow/example_dags/tutorial.py
[2025-01-30T08:53:31.356+0000] {processor.py:830} INFO - Processing file /home/airflow/.local/lib/python3.12/site-packages/airflow/example_dags/tutorial.py for tasks to queue
[2025-01-30T08:53:31.357+0000] {logging_mixin.py:188} INFO - [2025-01-30T08:53:31.357+0000] {dagbag.py:545} INFO - Filling up the DagBag from /home/airflow/.local/lib/python3.12/site-packages/airflow/example_dags/tutorial.py
[2025-01-30T08:53:31.363+0000] {processor.py:840} INFO - DAG(s) 'tutorial' retrieved from /home/airflow/.local/lib/python3.12/site-packages/airflow/example_dags/tutorial.py
[2025-01-30T08:53:31.383+0000] {logging_mixin.py:188} INFO - [2025-01-30T08:53:31.383+0000] {dag.py:3096} INFO - Sync 1 DAGs
[2025-01-30T08:53:31.406+0000] {logging_mixin.py:188} INFO - [2025-01-30T08:53:31.406+0000] {dag.py:3954} INFO - Setting next_dagrun for tutorial to 2025-01-29 00:00:00+00:00, run_after=2025-01-30 00:00:00+00:00
[2025-01-30T08:53:31.430+0000] {processor.py:183} INFO - Processing /home/airflow/.local/lib/python3.12/site-packages/airflow/example_dags/tutorial.py took 0.081 seconds
[2025-01-30T08:54:01.749+0000] {processor.py:161} INFO - Started process (PID=1256) to work on /home/airflow/.local/lib/python3.12/site-packages/airflow/example_dags/tutorial.py
[2025-01-30T08:54:01.750+0000] {processor.py:830} INFO - Processing file /home/airflow/.local/lib/python3.12/site-packages/airflow/example_dags/tutorial.py for tasks to queue
[2025-01-30T08:54:01.752+0000] {logging_mixin.py:188} INFO - [2025-01-30T08:54:01.752+0000] {dagbag.py:545} INFO - Filling up the DagBag from /home/airflow/.local/lib/python3.12/site-packages/airflow/example_dags/tutorial.py
[2025-01-30T08:54:01.757+0000] {processor.py:840} INFO - DAG(s) 'tutorial' retrieved from /home/airflow/.local/lib/python3.12/site-packages/airflow/example_dags/tutorial.py
[2025-01-30T08:54:01.778+0000] {logging_mixin.py:188} INFO - [2025-01-30T08:54:01.778+0000] {dag.py:3096} INFO - Sync 1 DAGs
[2025-01-30T08:54:01.800+0000] {logging_mixin.py:188} INFO - [2025-01-30T08:54:01.800+0000] {dag.py:3954} INFO - Setting next_dagrun for tutorial to 2025-01-29 00:00:00+00:00, run_after=2025-01-30 00:00:00+00:00
[2025-01-30T08:54:01.828+0000] {processor.py:183} INFO - Processing /home/airflow/.local/lib/python3.12/site-packages/airflow/example_dags/tutorial.py took 0.084 seconds
[2025-01-30T08:54:32.328+0000] {processor.py:161} INFO - Started process (PID=1314) to work on /home/airflow/.local/lib/python3.12/site-packages/airflow/example_dags/tutorial.py
[2025-01-30T08:54:32.329+0000] {processor.py:830} INFO - Processing file /home/airflow/.local/lib/python3.12/site-packages/airflow/example_dags/tutorial.py for tasks to queue
[2025-01-30T08:54:32.331+0000] {logging_mixin.py:188} INFO - [2025-01-30T08:54:32.330+0000] {dagbag.py:545} INFO - Filling up the DagBag from /home/airflow/.local/lib/python3.12/site-packages/airflow/example_dags/tutorial.py
[2025-01-30T08:54:32.336+0000] {processor.py:840} INFO - DAG(s) 'tutorial' retrieved from /home/airflow/.local/lib/python3.12/site-packages/airflow/example_dags/tutorial.py
[2025-01-30T08:54:32.358+0000] {logging_mixin.py:188} INFO - [2025-01-30T08:54:32.357+0000] {dag.py:3096} INFO - Sync 1 DAGs
[2025-01-30T08:54:32.381+0000] {logging_mixin.py:188} INFO - [2025-01-30T08:54:32.381+0000] {dag.py:3954} INFO - Setting next_dagrun for tutorial to 2025-01-29 00:00:00+00:00, run_after=2025-01-30 00:00:00+00:00
[2025-01-30T08:54:32.409+0000] {processor.py:183} INFO - Processing /home/airflow/.local/lib/python3.12/site-packages/airflow/example_dags/tutorial.py took 0.086 seconds
[2025-01-30T08:55:03.410+0000] {processor.py:161} INFO - Started process (PID=1372) to work on /home/airflow/.local/lib/python3.12/site-packages/airflow/example_dags/tutorial.py
[2025-01-30T08:55:03.411+0000] {processor.py:830} INFO - Processing file /home/airflow/.local/lib/python3.12/site-packages/airflow/example_dags/tutorial.py for tasks to queue
[2025-01-30T08:55:03.413+0000] {logging_mixin.py:188} INFO - [2025-01-30T08:55:03.412+0000] {dagbag.py:545} INFO - Filling up the DagBag from /home/airflow/.local/lib/python3.12/site-packages/airflow/example_dags/tutorial.py
[2025-01-30T08:55:03.418+0000] {processor.py:840} INFO - DAG(s) 'tutorial' retrieved from /home/airflow/.local/lib/python3.12/site-packages/airflow/example_dags/tutorial.py
[2025-01-30T08:55:03.440+0000] {logging_mixin.py:188} INFO - [2025-01-30T08:55:03.440+0000] {dag.py:3096} INFO - Sync 1 DAGs
[2025-01-30T08:55:03.464+0000] {logging_mixin.py:188} INFO - [2025-01-30T08:55:03.464+0000] {dag.py:3954} INFO - Setting next_dagrun for tutorial to 2025-01-29 00:00:00+00:00, run_after=2025-01-30 00:00:00+00:00
[2025-01-30T08:55:03.490+0000] {processor.py:183} INFO - Processing /home/airflow/.local/lib/python3.12/site-packages/airflow/example_dags/tutorial.py took 0.085 seconds
[2025-01-30T08:55:33.552+0000] {processor.py:161} INFO - Started process (PID=1430) to work on /home/airflow/.local/lib/python3.12/site-packages/airflow/example_dags/tutorial.py
[2025-01-30T08:55:33.553+0000] {processor.py:830} INFO - Processing file /home/airflow/.local/lib/python3.12/site-packages/airflow/example_dags/tutorial.py for tasks to queue
[2025-01-30T08:55:33.555+0000] {logging_mixin.py:188} INFO - [2025-01-30T08:55:33.555+0000] {dagbag.py:545} INFO - Filling up the DagBag from /home/airflow/.local/lib/python3.12/site-packages/airflow/example_dags/tutorial.py
[2025-01-30T08:55:33.561+0000] {processor.py:840} INFO - DAG(s) 'tutorial' retrieved from /home/airflow/.local/lib/python3.12/site-packages/airflow/example_dags/tutorial.py
[2025-01-30T08:55:33.583+0000] {logging_mixin.py:188} INFO - [2025-01-30T08:55:33.583+0000] {dag.py:3096} INFO - Sync 1 DAGs
[2025-01-30T08:55:33.607+0000] {logging_mixin.py:188} INFO - [2025-01-30T08:55:33.607+0000] {dag.py:3954} INFO - Setting next_dagrun for tutorial to 2025-01-29 00:00:00+00:00, run_after=2025-01-30 00:00:00+00:00
[2025-01-30T08:55:33.633+0000] {processor.py:183} INFO - Processing /home/airflow/.local/lib/python3.12/site-packages/airflow/example_dags/tutorial.py took 0.086 seconds
[2025-01-30T08:56:03.783+0000] {processor.py:161} INFO - Started process (PID=1488) to work on /home/airflow/.local/lib/python3.12/site-packages/airflow/example_dags/tutorial.py
[2025-01-30T08:56:03.784+0000] {processor.py:830} INFO - Processing file /home/airflow/.local/lib/python3.12/site-packages/airflow/example_dags/tutorial.py for tasks to queue
[2025-01-30T08:56:03.786+0000] {logging_mixin.py:188} INFO - [2025-01-30T08:56:03.786+0000] {dagbag.py:545} INFO - Filling up the DagBag from /home/airflow/.local/lib/python3.12/site-packages/airflow/example_dags/tutorial.py
[2025-01-30T08:56:03.792+0000] {processor.py:840} INFO - DAG(s) 'tutorial' retrieved from /home/airflow/.local/lib/python3.12/site-packages/airflow/example_dags/tutorial.py
[2025-01-30T08:56:03.814+0000] {logging_mixin.py:188} INFO - [2025-01-30T08:56:03.813+0000] {dag.py:3096} INFO - Sync 1 DAGs
[2025-01-30T08:56:03.839+0000] {logging_mixin.py:188} INFO - [2025-01-30T08:56:03.838+0000] {dag.py:3954} INFO - Setting next_dagrun for tutorial to 2025-01-29 00:00:00+00:00, run_after=2025-01-30 00:00:00+00:00
[2025-01-30T08:56:03.863+0000] {processor.py:183} INFO - Processing /home/airflow/.local/lib/python3.12/site-packages/airflow/example_dags/tutorial.py took 0.085 seconds
[2025-01-30T08:56:33.950+0000] {processor.py:161} INFO - Started process (PID=1546) to work on /home/airflow/.local/lib/python3.12/site-packages/airflow/example_dags/tutorial.py
[2025-01-30T08:56:33.951+0000] {processor.py:830} INFO - Processing file /home/airflow/.local/lib/python3.12/site-packages/airflow/example_dags/tutorial.py for tasks to queue
[2025-01-30T08:56:33.953+0000] {logging_mixin.py:188} INFO - [2025-01-30T08:56:33.952+0000] {dagbag.py:545} INFO - Filling up the DagBag from /home/airflow/.local/lib/python3.12/site-packages/airflow/example_dags/tutorial.py
[2025-01-30T08:56:33.958+0000] {processor.py:840} INFO - DAG(s) 'tutorial' retrieved from /home/airflow/.local/lib/python3.12/site-packages/airflow/example_dags/tutorial.py
[2025-01-30T08:56:33.980+0000] {logging_mixin.py:188} INFO - [2025-01-30T08:56:33.979+0000] {dag.py:3096} INFO - Sync 1 DAGs
[2025-01-30T08:56:34.004+0000] {logging_mixin.py:188} INFO - [2025-01-30T08:56:34.004+0000] {dag.py:3954} INFO - Setting next_dagrun for tutorial to 2025-01-29 00:00:00+00:00, run_after=2025-01-30 00:00:00+00:00
[2025-01-30T08:56:34.026+0000] {processor.py:183} INFO - Processing /home/airflow/.local/lib/python3.12/site-packages/airflow/example_dags/tutorial.py took 0.081 seconds
[2025-01-30T08:57:03.974+0000] {processor.py:161} INFO - Started process (PID=1603) to work on /home/airflow/.local/lib/python3.12/site-packages/airflow/example_dags/tutorial.py
[2025-01-30T08:57:03.975+0000] {processor.py:830} INFO - Processing file /home/airflow/.local/lib/python3.12/site-packages/airflow/example_dags/tutorial.py for tasks to queue
[2025-01-30T08:57:03.977+0000] {logging_mixin.py:188} INFO - [2025-01-30T08:57:03.977+0000] {dagbag.py:545} INFO - Filling up the DagBag from /home/airflow/.local/lib/python3.12/site-packages/airflow/example_dags/tutorial.py
[2025-01-30T08:57:03.983+0000] {processor.py:840} INFO - DAG(s) 'tutorial' retrieved from /home/airflow/.local/lib/python3.12/site-packages/airflow/example_dags/tutorial.py
[2025-01-30T08:57:04.004+0000] {logging_mixin.py:188} INFO - [2025-01-30T08:57:04.004+0000] {dag.py:3096} INFO - Sync 1 DAGs
[2025-01-30T08:57:04.027+0000] {logging_mixin.py:188} INFO - [2025-01-30T08:57:04.026+0000] {dag.py:3954} INFO - Setting next_dagrun for tutorial to 2025-01-29 00:00:00+00:00, run_after=2025-01-30 00:00:00+00:00
[2025-01-30T08:57:04.053+0000] {processor.py:183} INFO - Processing /home/airflow/.local/lib/python3.12/site-packages/airflow/example_dags/tutorial.py took 0.084 seconds
[2025-01-30T08:57:35.090+0000] {processor.py:161} INFO - Started process (PID=1661) to work on /home/airflow/.local/lib/python3.12/site-packages/airflow/example_dags/tutorial.py
[2025-01-30T08:57:35.091+0000] {processor.py:830} INFO - Processing file /home/airflow/.local/lib/python3.12/site-packages/airflow/example_dags/tutorial.py for tasks to queue
[2025-01-30T08:57:35.093+0000] {logging_mixin.py:188} INFO - [2025-01-30T08:57:35.092+0000] {dagbag.py:545} INFO - Filling up the DagBag from /home/airflow/.local/lib/python3.12/site-packages/airflow/example_dags/tutorial.py
[2025-01-30T08:57:35.098+0000] {processor.py:840} INFO - DAG(s) 'tutorial' retrieved from /home/airflow/.local/lib/python3.12/site-packages/airflow/example_dags/tutorial.py
[2025-01-30T08:57:35.123+0000] {logging_mixin.py:188} INFO - [2025-01-30T08:57:35.122+0000] {dag.py:3096} INFO - Sync 1 DAGs
[2025-01-30T08:57:35.153+0000] {logging_mixin.py:188} INFO - [2025-01-30T08:57:35.152+0000] {dag.py:3954} INFO - Setting next_dagrun for tutorial to 2025-01-29 00:00:00+00:00, run_after=2025-01-30 00:00:00+00:00
[2025-01-30T08:57:35.198+0000] {processor.py:183} INFO - Processing /home/airflow/.local/lib/python3.12/site-packages/airflow/example_dags/tutorial.py took 0.115 seconds
[2025-01-30T08:58:05.433+0000] {processor.py:161} INFO - Started process (PID=1719) to work on /home/airflow/.local/lib/python3.12/site-packages/airflow/example_dags/tutorial.py
[2025-01-30T08:58:05.434+0000] {processor.py:830} INFO - Processing file /home/airflow/.local/lib/python3.12/site-packages/airflow/example_dags/tutorial.py for tasks to queue
[2025-01-30T08:58:05.436+0000] {logging_mixin.py:188} INFO - [2025-01-30T08:58:05.436+0000] {dagbag.py:545} INFO - Filling up the DagBag from /home/airflow/.local/lib/python3.12/site-packages/airflow/example_dags/tutorial.py
[2025-01-30T08:58:05.442+0000] {processor.py:840} INFO - DAG(s) 'tutorial' retrieved from /home/airflow/.local/lib/python3.12/site-packages/airflow/example_dags/tutorial.py
[2025-01-30T08:58:05.464+0000] {logging_mixin.py:188} INFO - [2025-01-30T08:58:05.464+0000] {dag.py:3096} INFO - Sync 1 DAGs
[2025-01-30T08:58:05.489+0000] {logging_mixin.py:188} INFO - [2025-01-30T08:58:05.489+0000] {dag.py:3954} INFO - Setting next_dagrun for tutorial to 2025-01-29 00:00:00+00:00, run_after=2025-01-30 00:00:00+00:00
[2025-01-30T08:58:05.514+0000] {processor.py:183} INFO - Processing /home/airflow/.local/lib/python3.12/site-packages/airflow/example_dags/tutorial.py took 0.087 seconds
[2025-01-30T08:58:35.711+0000] {processor.py:161} INFO - Started process (PID=1777) to work on /home/airflow/.local/lib/python3.12/site-packages/airflow/example_dags/tutorial.py
[2025-01-30T08:58:35.712+0000] {processor.py:830} INFO - Processing file /home/airflow/.local/lib/python3.12/site-packages/airflow/example_dags/tutorial.py for tasks to queue
[2025-01-30T08:58:35.714+0000] {logging_mixin.py:188} INFO - [2025-01-30T08:58:35.714+0000] {dagbag.py:545} INFO - Filling up the DagBag from /home/airflow/.local/lib/python3.12/site-packages/airflow/example_dags/tutorial.py
[2025-01-30T08:58:35.721+0000] {processor.py:840} INFO - DAG(s) 'tutorial' retrieved from /home/airflow/.local/lib/python3.12/site-packages/airflow/example_dags/tutorial.py
[2025-01-30T08:58:35.742+0000] {logging_mixin.py:188} INFO - [2025-01-30T08:58:35.742+0000] {dag.py:3096} INFO - Sync 1 DAGs
[2025-01-30T08:58:35.765+0000] {logging_mixin.py:188} INFO - [2025-01-30T08:58:35.765+0000] {dag.py:3954} INFO - Setting next_dagrun for tutorial to 2025-01-29 00:00:00+00:00, run_after=2025-01-30 00:00:00+00:00
[2025-01-30T08:58:35.790+0000] {processor.py:183} INFO - Processing /home/airflow/.local/lib/python3.12/site-packages/airflow/example_dags/tutorial.py took 0.084 seconds
[2025-01-30T09:01:50.944+0000] {processor.py:161} INFO - Started process (PID=98) to work on /home/airflow/.local/lib/python3.12/site-packages/airflow/example_dags/tutorial.py
[2025-01-30T09:01:50.945+0000] {processor.py:830} INFO - Processing file /home/airflow/.local/lib/python3.12/site-packages/airflow/example_dags/tutorial.py for tasks to queue
[2025-01-30T09:01:50.947+0000] {logging_mixin.py:188} INFO - [2025-01-30T09:01:50.947+0000] {dagbag.py:545} INFO - Filling up the DagBag from /home/airflow/.local/lib/python3.12/site-packages/airflow/example_dags/tutorial.py
[2025-01-30T09:01:50.956+0000] {processor.py:840} INFO - DAG(s) 'tutorial' retrieved from /home/airflow/.local/lib/python3.12/site-packages/airflow/example_dags/tutorial.py
[2025-01-30T09:01:51.089+0000] {logging_mixin.py:188} INFO - [2025-01-30T09:01:51.089+0000] {dag.py:3096} INFO - Sync 1 DAGs
[2025-01-30T09:01:51.120+0000] {logging_mixin.py:188} INFO - [2025-01-30T09:01:51.120+0000] {dag.py:3954} INFO - Setting next_dagrun for tutorial to 2025-01-29 00:00:00+00:00, run_after=2025-01-30 00:00:00+00:00
[2025-01-30T09:01:51.155+0000] {processor.py:183} INFO - Processing /home/airflow/.local/lib/python3.12/site-packages/airflow/example_dags/tutorial.py took 0.217 seconds
[2025-01-30T09:02:21.736+0000] {processor.py:161} INFO - Started process (PID=156) to work on /home/airflow/.local/lib/python3.12/site-packages/airflow/example_dags/tutorial.py
[2025-01-30T09:02:21.737+0000] {processor.py:830} INFO - Processing file /home/airflow/.local/lib/python3.12/site-packages/airflow/example_dags/tutorial.py for tasks to queue
[2025-01-30T09:02:21.739+0000] {logging_mixin.py:188} INFO - [2025-01-30T09:02:21.739+0000] {dagbag.py:545} INFO - Filling up the DagBag from /home/airflow/.local/lib/python3.12/site-packages/airflow/example_dags/tutorial.py
[2025-01-30T09:02:21.745+0000] {processor.py:840} INFO - DAG(s) 'tutorial' retrieved from /home/airflow/.local/lib/python3.12/site-packages/airflow/example_dags/tutorial.py
[2025-01-30T09:02:21.773+0000] {logging_mixin.py:188} INFO - [2025-01-30T09:02:21.773+0000] {dag.py:3096} INFO - Sync 1 DAGs
[2025-01-30T09:02:21.805+0000] {logging_mixin.py:188} INFO - [2025-01-30T09:02:21.805+0000] {dag.py:3954} INFO - Setting next_dagrun for tutorial to 2025-01-29 00:00:00+00:00, run_after=2025-01-30 00:00:00+00:00
[2025-01-30T09:02:21.835+0000] {processor.py:183} INFO - Processing /home/airflow/.local/lib/python3.12/site-packages/airflow/example_dags/tutorial.py took 0.106 seconds
[2025-01-30T09:02:51.974+0000] {processor.py:161} INFO - Started process (PID=214) to work on /home/airflow/.local/lib/python3.12/site-packages/airflow/example_dags/tutorial.py
[2025-01-30T09:02:51.975+0000] {processor.py:830} INFO - Processing file /home/airflow/.local/lib/python3.12/site-packages/airflow/example_dags/tutorial.py for tasks to queue
[2025-01-30T09:02:51.977+0000] {logging_mixin.py:188} INFO - [2025-01-30T09:02:51.976+0000] {dagbag.py:545} INFO - Filling up the DagBag from /home/airflow/.local/lib/python3.12/site-packages/airflow/example_dags/tutorial.py
[2025-01-30T09:02:51.983+0000] {processor.py:840} INFO - DAG(s) 'tutorial' retrieved from /home/airflow/.local/lib/python3.12/site-packages/airflow/example_dags/tutorial.py
[2025-01-30T09:02:52.006+0000] {logging_mixin.py:188} INFO - [2025-01-30T09:02:52.006+0000] {dag.py:3096} INFO - Sync 1 DAGs
[2025-01-30T09:02:52.031+0000] {logging_mixin.py:188} INFO - [2025-01-30T09:02:52.030+0000] {dag.py:3954} INFO - Setting next_dagrun for tutorial to 2025-01-29 00:00:00+00:00, run_after=2025-01-30 00:00:00+00:00
[2025-01-30T09:02:52.057+0000] {processor.py:183} INFO - Processing /home/airflow/.local/lib/python3.12/site-packages/airflow/example_dags/tutorial.py took 0.088 seconds
[2025-01-30T09:03:22.317+0000] {processor.py:161} INFO - Started process (PID=272) to work on /home/airflow/.local/lib/python3.12/site-packages/airflow/example_dags/tutorial.py
[2025-01-30T09:03:22.318+0000] {processor.py:830} INFO - Processing file /home/airflow/.local/lib/python3.12/site-packages/airflow/example_dags/tutorial.py for tasks to queue
[2025-01-30T09:03:22.321+0000] {logging_mixin.py:188} INFO - [2025-01-30T09:03:22.321+0000] {dagbag.py:545} INFO - Filling up the DagBag from /home/airflow/.local/lib/python3.12/site-packages/airflow/example_dags/tutorial.py
[2025-01-30T09:03:22.327+0000] {processor.py:840} INFO - DAG(s) 'tutorial' retrieved from /home/airflow/.local/lib/python3.12/site-packages/airflow/example_dags/tutorial.py
[2025-01-30T09:03:22.352+0000] {logging_mixin.py:188} INFO - [2025-01-30T09:03:22.352+0000] {dag.py:3096} INFO - Sync 1 DAGs
[2025-01-30T09:03:22.384+0000] {logging_mixin.py:188} INFO - [2025-01-30T09:03:22.384+0000] {dag.py:3954} INFO - Setting next_dagrun for tutorial to 2025-01-29 00:00:00+00:00, run_after=2025-01-30 00:00:00+00:00
[2025-01-30T09:03:22.415+0000] {processor.py:183} INFO - Processing /home/airflow/.local/lib/python3.12/site-packages/airflow/example_dags/tutorial.py took 0.104 seconds
[2025-01-30T09:05:21.442+0000] {processor.py:161} INFO - Started process (PID=96) to work on /home/airflow/.local/lib/python3.12/site-packages/airflow/example_dags/tutorial.py
[2025-01-30T09:05:21.443+0000] {processor.py:830} INFO - Processing file /home/airflow/.local/lib/python3.12/site-packages/airflow/example_dags/tutorial.py for tasks to queue
[2025-01-30T09:05:21.445+0000] {logging_mixin.py:188} INFO - [2025-01-30T09:05:21.445+0000] {dagbag.py:545} INFO - Filling up the DagBag from /home/airflow/.local/lib/python3.12/site-packages/airflow/example_dags/tutorial.py
[2025-01-30T09:05:21.453+0000] {processor.py:840} INFO - DAG(s) 'tutorial' retrieved from /home/airflow/.local/lib/python3.12/site-packages/airflow/example_dags/tutorial.py
[2025-01-30T09:05:21.565+0000] {logging_mixin.py:188} INFO - [2025-01-30T09:05:21.565+0000] {dag.py:3096} INFO - Sync 1 DAGs
[2025-01-30T09:05:21.587+0000] {logging_mixin.py:188} INFO - [2025-01-30T09:05:21.587+0000] {dag.py:3954} INFO - Setting next_dagrun for tutorial to 2025-01-29 00:00:00+00:00, run_after=2025-01-30 00:00:00+00:00
[2025-01-30T09:05:21.619+0000] {processor.py:183} INFO - Processing /home/airflow/.local/lib/python3.12/site-packages/airflow/example_dags/tutorial.py took 0.181 seconds
[2025-01-30T09:05:52.412+0000] {processor.py:161} INFO - Started process (PID=154) to work on /home/airflow/.local/lib/python3.12/site-packages/airflow/example_dags/tutorial.py
[2025-01-30T09:05:52.413+0000] {processor.py:830} INFO - Processing file /home/airflow/.local/lib/python3.12/site-packages/airflow/example_dags/tutorial.py for tasks to queue
[2025-01-30T09:05:52.415+0000] {logging_mixin.py:188} INFO - [2025-01-30T09:05:52.415+0000] {dagbag.py:545} INFO - Filling up the DagBag from /home/airflow/.local/lib/python3.12/site-packages/airflow/example_dags/tutorial.py
[2025-01-30T09:05:52.422+0000] {processor.py:840} INFO - DAG(s) 'tutorial' retrieved from /home/airflow/.local/lib/python3.12/site-packages/airflow/example_dags/tutorial.py
[2025-01-30T09:05:52.442+0000] {logging_mixin.py:188} INFO - [2025-01-30T09:05:52.442+0000] {dag.py:3096} INFO - Sync 1 DAGs
[2025-01-30T09:05:52.466+0000] {logging_mixin.py:188} INFO - [2025-01-30T09:05:52.466+0000] {dag.py:3954} INFO - Setting next_dagrun for tutorial to 2025-01-29 00:00:00+00:00, run_after=2025-01-30 00:00:00+00:00
[2025-01-30T09:05:52.491+0000] {processor.py:183} INFO - Processing /home/airflow/.local/lib/python3.12/site-packages/airflow/example_dags/tutorial.py took 0.084 seconds
[2025-01-30T09:10:51.947+0000] {processor.py:161} INFO - Started process (PID=99) to work on /home/airflow/.local/lib/python3.12/site-packages/airflow/example_dags/tutorial.py
[2025-01-30T09:10:51.948+0000] {processor.py:830} INFO - Processing file /home/airflow/.local/lib/python3.12/site-packages/airflow/example_dags/tutorial.py for tasks to queue
[2025-01-30T09:10:51.950+0000] {logging_mixin.py:188} INFO - [2025-01-30T09:10:51.950+0000] {dagbag.py:545} INFO - Filling up the DagBag from /home/airflow/.local/lib/python3.12/site-packages/airflow/example_dags/tutorial.py
[2025-01-30T09:10:51.959+0000] {processor.py:840} INFO - DAG(s) 'tutorial' retrieved from /home/airflow/.local/lib/python3.12/site-packages/airflow/example_dags/tutorial.py
[2025-01-30T09:10:52.072+0000] {logging_mixin.py:188} INFO - [2025-01-30T09:10:52.072+0000] {dag.py:3096} INFO - Sync 1 DAGs
[2025-01-30T09:10:52.094+0000] {logging_mixin.py:188} INFO - [2025-01-30T09:10:52.094+0000] {dag.py:3954} INFO - Setting next_dagrun for tutorial to 2025-01-29 00:00:00+00:00, run_after=2025-01-30 00:00:00+00:00
[2025-01-30T09:10:52.117+0000] {processor.py:183} INFO - Processing /home/airflow/.local/lib/python3.12/site-packages/airflow/example_dags/tutorial.py took 0.174 seconds
[2025-01-30T09:11:22.889+0000] {processor.py:161} INFO - Started process (PID=158) to work on /home/airflow/.local/lib/python3.12/site-packages/airflow/example_dags/tutorial.py
[2025-01-30T09:11:22.890+0000] {processor.py:830} INFO - Processing file /home/airflow/.local/lib/python3.12/site-packages/airflow/example_dags/tutorial.py for tasks to queue
[2025-01-30T09:11:22.891+0000] {logging_mixin.py:188} INFO - [2025-01-30T09:11:22.891+0000] {dagbag.py:545} INFO - Filling up the DagBag from /home/airflow/.local/lib/python3.12/site-packages/airflow/example_dags/tutorial.py
[2025-01-30T09:11:22.896+0000] {processor.py:840} INFO - DAG(s) 'tutorial' retrieved from /home/airflow/.local/lib/python3.12/site-packages/airflow/example_dags/tutorial.py
[2025-01-30T09:11:22.918+0000] {logging_mixin.py:188} INFO - [2025-01-30T09:11:22.918+0000] {dag.py:3096} INFO - Sync 1 DAGs
[2025-01-30T09:11:22.945+0000] {logging_mixin.py:188} INFO - [2025-01-30T09:11:22.944+0000] {dag.py:3954} INFO - Setting next_dagrun for tutorial to 2025-01-29 00:00:00+00:00, run_after=2025-01-30 00:00:00+00:00
[2025-01-30T09:11:22.973+0000] {processor.py:183} INFO - Processing /home/airflow/.local/lib/python3.12/site-packages/airflow/example_dags/tutorial.py took 0.089 seconds
[2025-01-30T09:11:53.203+0000] {processor.py:161} INFO - Started process (PID=216) to work on /home/airflow/.local/lib/python3.12/site-packages/airflow/example_dags/tutorial.py
[2025-01-30T09:11:53.204+0000] {processor.py:830} INFO - Processing file /home/airflow/.local/lib/python3.12/site-packages/airflow/example_dags/tutorial.py for tasks to queue
[2025-01-30T09:11:53.206+0000] {logging_mixin.py:188} INFO - [2025-01-30T09:11:53.206+0000] {dagbag.py:545} INFO - Filling up the DagBag from /home/airflow/.local/lib/python3.12/site-packages/airflow/example_dags/tutorial.py
[2025-01-30T09:11:53.212+0000] {processor.py:840} INFO - DAG(s) 'tutorial' retrieved from /home/airflow/.local/lib/python3.12/site-packages/airflow/example_dags/tutorial.py
[2025-01-30T09:11:53.235+0000] {logging_mixin.py:188} INFO - [2025-01-30T09:11:53.235+0000] {dag.py:3096} INFO - Sync 1 DAGs
[2025-01-30T09:11:53.263+0000] {logging_mixin.py:188} INFO - [2025-01-30T09:11:53.263+0000] {dag.py:3954} INFO - Setting next_dagrun for tutorial to 2025-01-29 00:00:00+00:00, run_after=2025-01-30 00:00:00+00:00
[2025-01-30T09:11:53.286+0000] {processor.py:183} INFO - Processing /home/airflow/.local/lib/python3.12/site-packages/airflow/example_dags/tutorial.py took 0.088 seconds
[2025-01-30T09:12:23.697+0000] {processor.py:161} INFO - Started process (PID=274) to work on /home/airflow/.local/lib/python3.12/site-packages/airflow/example_dags/tutorial.py
[2025-01-30T09:12:23.698+0000] {processor.py:830} INFO - Processing file /home/airflow/.local/lib/python3.12/site-packages/airflow/example_dags/tutorial.py for tasks to queue
[2025-01-30T09:12:23.699+0000] {logging_mixin.py:188} INFO - [2025-01-30T09:12:23.699+0000] {dagbag.py:545} INFO - Filling up the DagBag from /home/airflow/.local/lib/python3.12/site-packages/airflow/example_dags/tutorial.py
[2025-01-30T09:12:23.705+0000] {processor.py:840} INFO - DAG(s) 'tutorial' retrieved from /home/airflow/.local/lib/python3.12/site-packages/airflow/example_dags/tutorial.py
[2025-01-30T09:12:23.726+0000] {logging_mixin.py:188} INFO - [2025-01-30T09:12:23.725+0000] {dag.py:3096} INFO - Sync 1 DAGs
[2025-01-30T09:12:23.750+0000] {logging_mixin.py:188} INFO - [2025-01-30T09:12:23.750+0000] {dag.py:3954} INFO - Setting next_dagrun for tutorial to 2025-01-29 00:00:00+00:00, run_after=2025-01-30 00:00:00+00:00
[2025-01-30T09:12:23.775+0000] {processor.py:183} INFO - Processing /home/airflow/.local/lib/python3.12/site-packages/airflow/example_dags/tutorial.py took 0.084 seconds
[2025-01-30T09:12:54.182+0000] {processor.py:161} INFO - Started process (PID=332) to work on /home/airflow/.local/lib/python3.12/site-packages/airflow/example_dags/tutorial.py
[2025-01-30T09:12:54.183+0000] {processor.py:830} INFO - Processing file /home/airflow/.local/lib/python3.12/site-packages/airflow/example_dags/tutorial.py for tasks to queue
[2025-01-30T09:12:54.185+0000] {logging_mixin.py:188} INFO - [2025-01-30T09:12:54.184+0000] {dagbag.py:545} INFO - Filling up the DagBag from /home/airflow/.local/lib/python3.12/site-packages/airflow/example_dags/tutorial.py
[2025-01-30T09:12:54.189+0000] {processor.py:840} INFO - DAG(s) 'tutorial' retrieved from /home/airflow/.local/lib/python3.12/site-packages/airflow/example_dags/tutorial.py
[2025-01-30T09:12:54.211+0000] {logging_mixin.py:188} INFO - [2025-01-30T09:12:54.211+0000] {dag.py:3096} INFO - Sync 1 DAGs
[2025-01-30T09:12:54.236+0000] {logging_mixin.py:188} INFO - [2025-01-30T09:12:54.236+0000] {dag.py:3954} INFO - Setting next_dagrun for tutorial to 2025-01-29 00:00:00+00:00, run_after=2025-01-30 00:00:00+00:00
[2025-01-30T09:12:54.263+0000] {processor.py:183} INFO - Processing /home/airflow/.local/lib/python3.12/site-packages/airflow/example_dags/tutorial.py took 0.086 seconds
[2025-01-30T09:13:24.394+0000] {processor.py:161} INFO - Started process (PID=390) to work on /home/airflow/.local/lib/python3.12/site-packages/airflow/example_dags/tutorial.py
[2025-01-30T09:13:24.395+0000] {processor.py:830} INFO - Processing file /home/airflow/.local/lib/python3.12/site-packages/airflow/example_dags/tutorial.py for tasks to queue
[2025-01-30T09:13:24.397+0000] {logging_mixin.py:188} INFO - [2025-01-30T09:13:24.397+0000] {dagbag.py:545} INFO - Filling up the DagBag from /home/airflow/.local/lib/python3.12/site-packages/airflow/example_dags/tutorial.py
[2025-01-30T09:13:24.402+0000] {processor.py:840} INFO - DAG(s) 'tutorial' retrieved from /home/airflow/.local/lib/python3.12/site-packages/airflow/example_dags/tutorial.py
[2025-01-30T09:13:24.424+0000] {logging_mixin.py:188} INFO - [2025-01-30T09:13:24.424+0000] {dag.py:3096} INFO - Sync 1 DAGs
[2025-01-30T09:13:24.448+0000] {logging_mixin.py:188} INFO - [2025-01-30T09:13:24.447+0000] {dag.py:3954} INFO - Setting next_dagrun for tutorial to 2025-01-29 00:00:00+00:00, run_after=2025-01-30 00:00:00+00:00
[2025-01-30T09:13:24.470+0000] {processor.py:183} INFO - Processing /home/airflow/.local/lib/python3.12/site-packages/airflow/example_dags/tutorial.py took 0.081 seconds
[2025-01-30T09:13:54.637+0000] {processor.py:161} INFO - Started process (PID=448) to work on /home/airflow/.local/lib/python3.12/site-packages/airflow/example_dags/tutorial.py
[2025-01-30T09:13:54.638+0000] {processor.py:830} INFO - Processing file /home/airflow/.local/lib/python3.12/site-packages/airflow/example_dags/tutorial.py for tasks to queue
[2025-01-30T09:13:54.640+0000] {logging_mixin.py:188} INFO - [2025-01-30T09:13:54.640+0000] {dagbag.py:545} INFO - Filling up the DagBag from /home/airflow/.local/lib/python3.12/site-packages/airflow/example_dags/tutorial.py
[2025-01-30T09:13:54.646+0000] {processor.py:840} INFO - DAG(s) 'tutorial' retrieved from /home/airflow/.local/lib/python3.12/site-packages/airflow/example_dags/tutorial.py
[2025-01-30T09:13:54.666+0000] {logging_mixin.py:188} INFO - [2025-01-30T09:13:54.666+0000] {dag.py:3096} INFO - Sync 1 DAGs
[2025-01-30T09:13:54.690+0000] {logging_mixin.py:188} INFO - [2025-01-30T09:13:54.690+0000] {dag.py:3954} INFO - Setting next_dagrun for tutorial to 2025-01-29 00:00:00+00:00, run_after=2025-01-30 00:00:00+00:00
[2025-01-30T09:13:54.712+0000] {processor.py:183} INFO - Processing /home/airflow/.local/lib/python3.12/site-packages/airflow/example_dags/tutorial.py took 0.080 seconds
[2025-01-30T09:14:24.883+0000] {processor.py:161} INFO - Started process (PID=506) to work on /home/airflow/.local/lib/python3.12/site-packages/airflow/example_dags/tutorial.py
[2025-01-30T09:14:24.884+0000] {processor.py:830} INFO - Processing file /home/airflow/.local/lib/python3.12/site-packages/airflow/example_dags/tutorial.py for tasks to queue
[2025-01-30T09:14:24.886+0000] {logging_mixin.py:188} INFO - [2025-01-30T09:14:24.886+0000] {dagbag.py:545} INFO - Filling up the DagBag from /home/airflow/.local/lib/python3.12/site-packages/airflow/example_dags/tutorial.py
[2025-01-30T09:14:24.891+0000] {processor.py:840} INFO - DAG(s) 'tutorial' retrieved from /home/airflow/.local/lib/python3.12/site-packages/airflow/example_dags/tutorial.py
[2025-01-30T09:14:24.911+0000] {logging_mixin.py:188} INFO - [2025-01-30T09:14:24.911+0000] {dag.py:3096} INFO - Sync 1 DAGs
[2025-01-30T09:14:24.934+0000] {logging_mixin.py:188} INFO - [2025-01-30T09:14:24.934+0000] {dag.py:3954} INFO - Setting next_dagrun for tutorial to 2025-01-29 00:00:00+00:00, run_after=2025-01-30 00:00:00+00:00
[2025-01-30T09:14:24.959+0000] {processor.py:183} INFO - Processing /home/airflow/.local/lib/python3.12/site-packages/airflow/example_dags/tutorial.py took 0.081 seconds
[2025-01-30T09:14:55.798+0000] {processor.py:161} INFO - Started process (PID=564) to work on /home/airflow/.local/lib/python3.12/site-packages/airflow/example_dags/tutorial.py
[2025-01-30T09:14:55.801+0000] {processor.py:830} INFO - Processing file /home/airflow/.local/lib/python3.12/site-packages/airflow/example_dags/tutorial.py for tasks to queue
[2025-01-30T09:14:55.803+0000] {logging_mixin.py:188} INFO - [2025-01-30T09:14:55.803+0000] {dagbag.py:545} INFO - Filling up the DagBag from /home/airflow/.local/lib/python3.12/site-packages/airflow/example_dags/tutorial.py
[2025-01-30T09:14:55.810+0000] {processor.py:840} INFO - DAG(s) 'tutorial' retrieved from /home/airflow/.local/lib/python3.12/site-packages/airflow/example_dags/tutorial.py
[2025-01-30T09:14:55.839+0000] {logging_mixin.py:188} INFO - [2025-01-30T09:14:55.839+0000] {dag.py:3096} INFO - Sync 1 DAGs
[2025-01-30T09:14:55.868+0000] {logging_mixin.py:188} INFO - [2025-01-30T09:14:55.867+0000] {dag.py:3954} INFO - Setting next_dagrun for tutorial to 2025-01-29 00:00:00+00:00, run_after=2025-01-30 00:00:00+00:00
[2025-01-30T09:14:55.901+0000] {processor.py:183} INFO - Processing /home/airflow/.local/lib/python3.12/site-packages/airflow/example_dags/tutorial.py took 0.117 seconds
[2025-01-30T09:15:26.027+0000] {processor.py:161} INFO - Started process (PID=621) to work on /home/airflow/.local/lib/python3.12/site-packages/airflow/example_dags/tutorial.py
[2025-01-30T09:15:26.028+0000] {processor.py:830} INFO - Processing file /home/airflow/.local/lib/python3.12/site-packages/airflow/example_dags/tutorial.py for tasks to queue
[2025-01-30T09:15:26.032+0000] {logging_mixin.py:188} INFO - [2025-01-30T09:15:26.032+0000] {dagbag.py:545} INFO - Filling up the DagBag from /home/airflow/.local/lib/python3.12/site-packages/airflow/example_dags/tutorial.py
[2025-01-30T09:15:26.039+0000] {processor.py:840} INFO - DAG(s) 'tutorial' retrieved from /home/airflow/.local/lib/python3.12/site-packages/airflow/example_dags/tutorial.py
[2025-01-30T09:15:26.076+0000] {logging_mixin.py:188} INFO - [2025-01-30T09:15:26.076+0000] {dag.py:3096} INFO - Sync 1 DAGs
[2025-01-30T09:15:26.120+0000] {logging_mixin.py:188} INFO - [2025-01-30T09:15:26.119+0000] {dag.py:3954} INFO - Setting next_dagrun for tutorial to 2025-01-29 00:00:00+00:00, run_after=2025-01-30 00:00:00+00:00
[2025-01-30T09:15:26.151+0000] {processor.py:183} INFO - Processing /home/airflow/.local/lib/python3.12/site-packages/airflow/example_dags/tutorial.py took 0.130 seconds
[2025-01-30T09:15:56.639+0000] {processor.py:161} INFO - Started process (PID=679) to work on /home/airflow/.local/lib/python3.12/site-packages/airflow/example_dags/tutorial.py
[2025-01-30T09:15:56.641+0000] {processor.py:830} INFO - Processing file /home/airflow/.local/lib/python3.12/site-packages/airflow/example_dags/tutorial.py for tasks to queue
[2025-01-30T09:15:56.642+0000] {logging_mixin.py:188} INFO - [2025-01-30T09:15:56.642+0000] {dagbag.py:545} INFO - Filling up the DagBag from /home/airflow/.local/lib/python3.12/site-packages/airflow/example_dags/tutorial.py
[2025-01-30T09:15:56.648+0000] {processor.py:840} INFO - DAG(s) 'tutorial' retrieved from /home/airflow/.local/lib/python3.12/site-packages/airflow/example_dags/tutorial.py
[2025-01-30T09:15:56.669+0000] {logging_mixin.py:188} INFO - [2025-01-30T09:15:56.668+0000] {dag.py:3096} INFO - Sync 1 DAGs
[2025-01-30T09:15:56.691+0000] {logging_mixin.py:188} INFO - [2025-01-30T09:15:56.691+0000] {dag.py:3954} INFO - Setting next_dagrun for tutorial to 2025-01-29 00:00:00+00:00, run_after=2025-01-30 00:00:00+00:00
[2025-01-30T09:15:56.715+0000] {processor.py:183} INFO - Processing /home/airflow/.local/lib/python3.12/site-packages/airflow/example_dags/tutorial.py took 0.080 seconds
[2025-01-30T09:16:27.328+0000] {processor.py:161} INFO - Started process (PID=737) to work on /home/airflow/.local/lib/python3.12/site-packages/airflow/example_dags/tutorial.py
[2025-01-30T09:16:27.329+0000] {processor.py:830} INFO - Processing file /home/airflow/.local/lib/python3.12/site-packages/airflow/example_dags/tutorial.py for tasks to queue
[2025-01-30T09:16:27.331+0000] {logging_mixin.py:188} INFO - [2025-01-30T09:16:27.331+0000] {dagbag.py:545} INFO - Filling up the DagBag from /home/airflow/.local/lib/python3.12/site-packages/airflow/example_dags/tutorial.py
[2025-01-30T09:16:27.336+0000] {processor.py:840} INFO - DAG(s) 'tutorial' retrieved from /home/airflow/.local/lib/python3.12/site-packages/airflow/example_dags/tutorial.py
[2025-01-30T09:16:27.359+0000] {logging_mixin.py:188} INFO - [2025-01-30T09:16:27.358+0000] {dag.py:3096} INFO - Sync 1 DAGs
[2025-01-30T09:16:27.381+0000] {logging_mixin.py:188} INFO - [2025-01-30T09:16:27.381+0000] {dag.py:3954} INFO - Setting next_dagrun for tutorial to 2025-01-29 00:00:00+00:00, run_after=2025-01-30 00:00:00+00:00
[2025-01-30T09:16:27.405+0000] {processor.py:183} INFO - Processing /home/airflow/.local/lib/python3.12/site-packages/airflow/example_dags/tutorial.py took 0.082 seconds
[2025-01-30T09:16:57.554+0000] {processor.py:161} INFO - Started process (PID=795) to work on /home/airflow/.local/lib/python3.12/site-packages/airflow/example_dags/tutorial.py
[2025-01-30T09:16:57.555+0000] {processor.py:830} INFO - Processing file /home/airflow/.local/lib/python3.12/site-packages/airflow/example_dags/tutorial.py for tasks to queue
[2025-01-30T09:16:57.556+0000] {logging_mixin.py:188} INFO - [2025-01-30T09:16:57.556+0000] {dagbag.py:545} INFO - Filling up the DagBag from /home/airflow/.local/lib/python3.12/site-packages/airflow/example_dags/tutorial.py
[2025-01-30T09:16:57.562+0000] {processor.py:840} INFO - DAG(s) 'tutorial' retrieved from /home/airflow/.local/lib/python3.12/site-packages/airflow/example_dags/tutorial.py
[2025-01-30T09:16:57.588+0000] {logging_mixin.py:188} INFO - [2025-01-30T09:16:57.587+0000] {dag.py:3096} INFO - Sync 1 DAGs
[2025-01-30T09:16:57.612+0000] {logging_mixin.py:188} INFO - [2025-01-30T09:16:57.612+0000] {dag.py:3954} INFO - Setting next_dagrun for tutorial to 2025-01-29 00:00:00+00:00, run_after=2025-01-30 00:00:00+00:00
[2025-01-30T09:16:57.636+0000] {processor.py:183} INFO - Processing /home/airflow/.local/lib/python3.12/site-packages/airflow/example_dags/tutorial.py took 0.087 seconds
[2025-01-30T09:17:28.044+0000] {processor.py:161} INFO - Started process (PID=853) to work on /home/airflow/.local/lib/python3.12/site-packages/airflow/example_dags/tutorial.py
[2025-01-30T09:17:28.045+0000] {processor.py:830} INFO - Processing file /home/airflow/.local/lib/python3.12/site-packages/airflow/example_dags/tutorial.py for tasks to queue
[2025-01-30T09:17:28.048+0000] {logging_mixin.py:188} INFO - [2025-01-30T09:17:28.047+0000] {dagbag.py:545} INFO - Filling up the DagBag from /home/airflow/.local/lib/python3.12/site-packages/airflow/example_dags/tutorial.py
[2025-01-30T09:17:28.052+0000] {processor.py:840} INFO - DAG(s) 'tutorial' retrieved from /home/airflow/.local/lib/python3.12/site-packages/airflow/example_dags/tutorial.py
[2025-01-30T09:17:28.073+0000] {logging_mixin.py:188} INFO - [2025-01-30T09:17:28.072+0000] {dag.py:3096} INFO - Sync 1 DAGs
[2025-01-30T09:17:28.093+0000] {logging_mixin.py:188} INFO - [2025-01-30T09:17:28.093+0000] {dag.py:3954} INFO - Setting next_dagrun for tutorial to 2025-01-29 00:00:00+00:00, run_after=2025-01-30 00:00:00+00:00
[2025-01-30T09:17:28.118+0000] {processor.py:183} INFO - Processing /home/airflow/.local/lib/python3.12/site-packages/airflow/example_dags/tutorial.py took 0.079 seconds
[2025-01-30T09:17:58.198+0000] {processor.py:161} INFO - Started process (PID=912) to work on /home/airflow/.local/lib/python3.12/site-packages/airflow/example_dags/tutorial.py
[2025-01-30T09:17:58.199+0000] {processor.py:830} INFO - Processing file /home/airflow/.local/lib/python3.12/site-packages/airflow/example_dags/tutorial.py for tasks to queue
[2025-01-30T09:17:58.201+0000] {logging_mixin.py:188} INFO - [2025-01-30T09:17:58.201+0000] {dagbag.py:545} INFO - Filling up the DagBag from /home/airflow/.local/lib/python3.12/site-packages/airflow/example_dags/tutorial.py
[2025-01-30T09:17:58.207+0000] {processor.py:840} INFO - DAG(s) 'tutorial' retrieved from /home/airflow/.local/lib/python3.12/site-packages/airflow/example_dags/tutorial.py
[2025-01-30T09:17:58.228+0000] {logging_mixin.py:188} INFO - [2025-01-30T09:17:58.228+0000] {dag.py:3096} INFO - Sync 1 DAGs
[2025-01-30T09:17:58.253+0000] {logging_mixin.py:188} INFO - [2025-01-30T09:17:58.253+0000] {dag.py:3954} INFO - Setting next_dagrun for tutorial to 2025-01-29 00:00:00+00:00, run_after=2025-01-30 00:00:00+00:00
[2025-01-30T09:17:58.284+0000] {processor.py:183} INFO - Processing /home/airflow/.local/lib/python3.12/site-packages/airflow/example_dags/tutorial.py took 0.092 seconds
[2025-01-30T09:18:28.580+0000] {processor.py:161} INFO - Started process (PID=971) to work on /home/airflow/.local/lib/python3.12/site-packages/airflow/example_dags/tutorial.py
[2025-01-30T09:18:28.581+0000] {processor.py:830} INFO - Processing file /home/airflow/.local/lib/python3.12/site-packages/airflow/example_dags/tutorial.py for tasks to queue
[2025-01-30T09:18:28.583+0000] {logging_mixin.py:188} INFO - [2025-01-30T09:18:28.583+0000] {dagbag.py:545} INFO - Filling up the DagBag from /home/airflow/.local/lib/python3.12/site-packages/airflow/example_dags/tutorial.py
[2025-01-30T09:18:28.589+0000] {processor.py:840} INFO - DAG(s) 'tutorial' retrieved from /home/airflow/.local/lib/python3.12/site-packages/airflow/example_dags/tutorial.py
[2025-01-30T09:18:28.615+0000] {logging_mixin.py:188} INFO - [2025-01-30T09:18:28.614+0000] {dag.py:3096} INFO - Sync 1 DAGs
[2025-01-30T09:18:28.641+0000] {logging_mixin.py:188} INFO - [2025-01-30T09:18:28.641+0000] {dag.py:3954} INFO - Setting next_dagrun for tutorial to 2025-01-29 00:00:00+00:00, run_after=2025-01-30 00:00:00+00:00
[2025-01-30T09:18:28.667+0000] {processor.py:183} INFO - Processing /home/airflow/.local/lib/python3.12/site-packages/airflow/example_dags/tutorial.py took 0.091 seconds
[2025-01-30T09:20:17.517+0000] {processor.py:161} INFO - Started process (PID=96) to work on /home/airflow/.local/lib/python3.12/site-packages/airflow/example_dags/tutorial.py
[2025-01-30T09:20:17.518+0000] {processor.py:830} INFO - Processing file /home/airflow/.local/lib/python3.12/site-packages/airflow/example_dags/tutorial.py for tasks to queue
[2025-01-30T09:20:17.521+0000] {logging_mixin.py:188} INFO - [2025-01-30T09:20:17.520+0000] {dagbag.py:545} INFO - Filling up the DagBag from /home/airflow/.local/lib/python3.12/site-packages/airflow/example_dags/tutorial.py
[2025-01-30T09:20:17.529+0000] {processor.py:840} INFO - DAG(s) 'tutorial' retrieved from /home/airflow/.local/lib/python3.12/site-packages/airflow/example_dags/tutorial.py
[2025-01-30T09:20:17.655+0000] {logging_mixin.py:188} INFO - [2025-01-30T09:20:17.655+0000] {dag.py:3096} INFO - Sync 1 DAGs
[2025-01-30T09:20:17.676+0000] {logging_mixin.py:188} INFO - [2025-01-30T09:20:17.676+0000] {dag.py:3954} INFO - Setting next_dagrun for tutorial to 2025-01-29 00:00:00+00:00, run_after=2025-01-30 00:00:00+00:00
[2025-01-30T09:20:17.698+0000] {processor.py:183} INFO - Processing /home/airflow/.local/lib/python3.12/site-packages/airflow/example_dags/tutorial.py took 0.187 seconds
[2025-01-30T09:20:47.901+0000] {processor.py:161} INFO - Started process (PID=154) to work on /home/airflow/.local/lib/python3.12/site-packages/airflow/example_dags/tutorial.py
[2025-01-30T09:20:47.903+0000] {processor.py:830} INFO - Processing file /home/airflow/.local/lib/python3.12/site-packages/airflow/example_dags/tutorial.py for tasks to queue
[2025-01-30T09:20:47.905+0000] {logging_mixin.py:188} INFO - [2025-01-30T09:20:47.905+0000] {dagbag.py:545} INFO - Filling up the DagBag from /home/airflow/.local/lib/python3.12/site-packages/airflow/example_dags/tutorial.py
[2025-01-30T09:20:47.911+0000] {processor.py:840} INFO - DAG(s) 'tutorial' retrieved from /home/airflow/.local/lib/python3.12/site-packages/airflow/example_dags/tutorial.py
[2025-01-30T09:20:47.937+0000] {logging_mixin.py:188} INFO - [2025-01-30T09:20:47.937+0000] {dag.py:3096} INFO - Sync 1 DAGs
[2025-01-30T09:20:47.961+0000] {logging_mixin.py:188} INFO - [2025-01-30T09:20:47.960+0000] {dag.py:3954} INFO - Setting next_dagrun for tutorial to 2025-01-29 00:00:00+00:00, run_after=2025-01-30 00:00:00+00:00
[2025-01-30T09:20:47.988+0000] {processor.py:183} INFO - Processing /home/airflow/.local/lib/python3.12/site-packages/airflow/example_dags/tutorial.py took 0.092 seconds
[2025-01-30T09:21:18.086+0000] {processor.py:161} INFO - Started process (PID=212) to work on /home/airflow/.local/lib/python3.12/site-packages/airflow/example_dags/tutorial.py
[2025-01-30T09:21:18.087+0000] {processor.py:830} INFO - Processing file /home/airflow/.local/lib/python3.12/site-packages/airflow/example_dags/tutorial.py for tasks to queue
[2025-01-30T09:21:18.089+0000] {logging_mixin.py:188} INFO - [2025-01-30T09:21:18.089+0000] {dagbag.py:545} INFO - Filling up the DagBag from /home/airflow/.local/lib/python3.12/site-packages/airflow/example_dags/tutorial.py
[2025-01-30T09:21:18.095+0000] {processor.py:840} INFO - DAG(s) 'tutorial' retrieved from /home/airflow/.local/lib/python3.12/site-packages/airflow/example_dags/tutorial.py
[2025-01-30T09:21:18.116+0000] {logging_mixin.py:188} INFO - [2025-01-30T09:21:18.115+0000] {dag.py:3096} INFO - Sync 1 DAGs
[2025-01-30T09:21:18.138+0000] {logging_mixin.py:188} INFO - [2025-01-30T09:21:18.138+0000] {dag.py:3954} INFO - Setting next_dagrun for tutorial to 2025-01-29 00:00:00+00:00, run_after=2025-01-30 00:00:00+00:00
[2025-01-30T09:21:18.162+0000] {processor.py:183} INFO - Processing /home/airflow/.local/lib/python3.12/site-packages/airflow/example_dags/tutorial.py took 0.080 seconds
[2025-01-30T09:21:48.478+0000] {processor.py:161} INFO - Started process (PID=270) to work on /home/airflow/.local/lib/python3.12/site-packages/airflow/example_dags/tutorial.py
[2025-01-30T09:21:48.479+0000] {processor.py:830} INFO - Processing file /home/airflow/.local/lib/python3.12/site-packages/airflow/example_dags/tutorial.py for tasks to queue
[2025-01-30T09:21:48.482+0000] {logging_mixin.py:188} INFO - [2025-01-30T09:21:48.482+0000] {dagbag.py:545} INFO - Filling up the DagBag from /home/airflow/.local/lib/python3.12/site-packages/airflow/example_dags/tutorial.py
[2025-01-30T09:21:48.490+0000] {processor.py:840} INFO - DAG(s) 'tutorial' retrieved from /home/airflow/.local/lib/python3.12/site-packages/airflow/example_dags/tutorial.py
[2025-01-30T09:21:48.514+0000] {logging_mixin.py:188} INFO - [2025-01-30T09:21:48.514+0000] {dag.py:3096} INFO - Sync 1 DAGs
[2025-01-30T09:21:48.544+0000] {logging_mixin.py:188} INFO - [2025-01-30T09:21:48.543+0000] {dag.py:3954} INFO - Setting next_dagrun for tutorial to 2025-01-29 00:00:00+00:00, run_after=2025-01-30 00:00:00+00:00
[2025-01-30T09:21:48.569+0000] {processor.py:183} INFO - Processing /home/airflow/.local/lib/python3.12/site-packages/airflow/example_dags/tutorial.py took 0.097 seconds
[2025-01-30T09:22:18.731+0000] {processor.py:161} INFO - Started process (PID=329) to work on /home/airflow/.local/lib/python3.12/site-packages/airflow/example_dags/tutorial.py
[2025-01-30T09:22:18.732+0000] {processor.py:830} INFO - Processing file /home/airflow/.local/lib/python3.12/site-packages/airflow/example_dags/tutorial.py for tasks to queue
[2025-01-30T09:22:18.734+0000] {logging_mixin.py:188} INFO - [2025-01-30T09:22:18.733+0000] {dagbag.py:545} INFO - Filling up the DagBag from /home/airflow/.local/lib/python3.12/site-packages/airflow/example_dags/tutorial.py
[2025-01-30T09:22:18.739+0000] {processor.py:840} INFO - DAG(s) 'tutorial' retrieved from /home/airflow/.local/lib/python3.12/site-packages/airflow/example_dags/tutorial.py
[2025-01-30T09:22:18.759+0000] {logging_mixin.py:188} INFO - [2025-01-30T09:22:18.759+0000] {dag.py:3096} INFO - Sync 1 DAGs
[2025-01-30T09:22:18.783+0000] {logging_mixin.py:188} INFO - [2025-01-30T09:22:18.782+0000] {dag.py:3954} INFO - Setting next_dagrun for tutorial to 2025-01-29 00:00:00+00:00, run_after=2025-01-30 00:00:00+00:00
[2025-01-30T09:22:18.806+0000] {processor.py:183} INFO - Processing /home/airflow/.local/lib/python3.12/site-packages/airflow/example_dags/tutorial.py took 0.082 seconds
[2025-01-30T09:22:49.439+0000] {processor.py:161} INFO - Started process (PID=387) to work on /home/airflow/.local/lib/python3.12/site-packages/airflow/example_dags/tutorial.py
[2025-01-30T09:22:49.440+0000] {processor.py:830} INFO - Processing file /home/airflow/.local/lib/python3.12/site-packages/airflow/example_dags/tutorial.py for tasks to queue
[2025-01-30T09:22:49.442+0000] {logging_mixin.py:188} INFO - [2025-01-30T09:22:49.442+0000] {dagbag.py:545} INFO - Filling up the DagBag from /home/airflow/.local/lib/python3.12/site-packages/airflow/example_dags/tutorial.py
[2025-01-30T09:22:49.447+0000] {processor.py:840} INFO - DAG(s) 'tutorial' retrieved from /home/airflow/.local/lib/python3.12/site-packages/airflow/example_dags/tutorial.py
[2025-01-30T09:22:49.471+0000] {logging_mixin.py:188} INFO - [2025-01-30T09:22:49.470+0000] {dag.py:3096} INFO - Sync 1 DAGs
[2025-01-30T09:22:49.494+0000] {logging_mixin.py:188} INFO - [2025-01-30T09:22:49.494+0000] {dag.py:3954} INFO - Setting next_dagrun for tutorial to 2025-01-29 00:00:00+00:00, run_after=2025-01-30 00:00:00+00:00
[2025-01-30T09:22:49.521+0000] {processor.py:183} INFO - Processing /home/airflow/.local/lib/python3.12/site-packages/airflow/example_dags/tutorial.py took 0.087 seconds
[2025-01-30T09:23:20.053+0000] {processor.py:161} INFO - Started process (PID=445) to work on /home/airflow/.local/lib/python3.12/site-packages/airflow/example_dags/tutorial.py
[2025-01-30T09:23:20.054+0000] {processor.py:830} INFO - Processing file /home/airflow/.local/lib/python3.12/site-packages/airflow/example_dags/tutorial.py for tasks to queue
[2025-01-30T09:23:20.056+0000] {logging_mixin.py:188} INFO - [2025-01-30T09:23:20.055+0000] {dagbag.py:545} INFO - Filling up the DagBag from /home/airflow/.local/lib/python3.12/site-packages/airflow/example_dags/tutorial.py
[2025-01-30T09:23:20.061+0000] {processor.py:840} INFO - DAG(s) 'tutorial' retrieved from /home/airflow/.local/lib/python3.12/site-packages/airflow/example_dags/tutorial.py
[2025-01-30T09:23:20.081+0000] {logging_mixin.py:188} INFO - [2025-01-30T09:23:20.081+0000] {dag.py:3096} INFO - Sync 1 DAGs
[2025-01-30T09:23:20.105+0000] {logging_mixin.py:188} INFO - [2025-01-30T09:23:20.104+0000] {dag.py:3954} INFO - Setting next_dagrun for tutorial to 2025-01-29 00:00:00+00:00, run_after=2025-01-30 00:00:00+00:00
[2025-01-30T09:23:20.127+0000] {processor.py:183} INFO - Processing /home/airflow/.local/lib/python3.12/site-packages/airflow/example_dags/tutorial.py took 0.079 seconds
[2025-01-30T09:23:50.554+0000] {processor.py:161} INFO - Started process (PID=503) to work on /home/airflow/.local/lib/python3.12/site-packages/airflow/example_dags/tutorial.py
[2025-01-30T09:23:50.555+0000] {processor.py:830} INFO - Processing file /home/airflow/.local/lib/python3.12/site-packages/airflow/example_dags/tutorial.py for tasks to queue
[2025-01-30T09:23:50.557+0000] {logging_mixin.py:188} INFO - [2025-01-30T09:23:50.556+0000] {dagbag.py:545} INFO - Filling up the DagBag from /home/airflow/.local/lib/python3.12/site-packages/airflow/example_dags/tutorial.py
[2025-01-30T09:23:50.564+0000] {processor.py:840} INFO - DAG(s) 'tutorial' retrieved from /home/airflow/.local/lib/python3.12/site-packages/airflow/example_dags/tutorial.py
[2025-01-30T09:23:50.587+0000] {logging_mixin.py:188} INFO - [2025-01-30T09:23:50.586+0000] {dag.py:3096} INFO - Sync 1 DAGs
[2025-01-30T09:23:50.614+0000] {logging_mixin.py:188} INFO - [2025-01-30T09:23:50.614+0000] {dag.py:3954} INFO - Setting next_dagrun for tutorial to 2025-01-29 00:00:00+00:00, run_after=2025-01-30 00:00:00+00:00
[2025-01-30T09:23:50.644+0000] {processor.py:183} INFO - Processing /home/airflow/.local/lib/python3.12/site-packages/airflow/example_dags/tutorial.py took 0.096 seconds
[2025-01-30T09:24:21.007+0000] {processor.py:161} INFO - Started process (PID=561) to work on /home/airflow/.local/lib/python3.12/site-packages/airflow/example_dags/tutorial.py
[2025-01-30T09:24:21.008+0000] {processor.py:830} INFO - Processing file /home/airflow/.local/lib/python3.12/site-packages/airflow/example_dags/tutorial.py for tasks to queue
[2025-01-30T09:24:21.010+0000] {logging_mixin.py:188} INFO - [2025-01-30T09:24:21.010+0000] {dagbag.py:545} INFO - Filling up the DagBag from /home/airflow/.local/lib/python3.12/site-packages/airflow/example_dags/tutorial.py
[2025-01-30T09:24:21.017+0000] {processor.py:840} INFO - DAG(s) 'tutorial' retrieved from /home/airflow/.local/lib/python3.12/site-packages/airflow/example_dags/tutorial.py
[2025-01-30T09:24:21.041+0000] {logging_mixin.py:188} INFO - [2025-01-30T09:24:21.041+0000] {dag.py:3096} INFO - Sync 1 DAGs
[2025-01-30T09:24:21.071+0000] {logging_mixin.py:188} INFO - [2025-01-30T09:24:21.071+0000] {dag.py:3954} INFO - Setting next_dagrun for tutorial to 2025-01-29 00:00:00+00:00, run_after=2025-01-30 00:00:00+00:00
[2025-01-30T09:24:21.097+0000] {processor.py:183} INFO - Processing /home/airflow/.local/lib/python3.12/site-packages/airflow/example_dags/tutorial.py took 0.096 seconds
[2025-01-30T09:24:51.297+0000] {processor.py:161} INFO - Started process (PID=619) to work on /home/airflow/.local/lib/python3.12/site-packages/airflow/example_dags/tutorial.py
[2025-01-30T09:24:51.299+0000] {processor.py:830} INFO - Processing file /home/airflow/.local/lib/python3.12/site-packages/airflow/example_dags/tutorial.py for tasks to queue
[2025-01-30T09:24:51.301+0000] {logging_mixin.py:188} INFO - [2025-01-30T09:24:51.300+0000] {dagbag.py:545} INFO - Filling up the DagBag from /home/airflow/.local/lib/python3.12/site-packages/airflow/example_dags/tutorial.py
[2025-01-30T09:24:51.309+0000] {processor.py:840} INFO - DAG(s) 'tutorial' retrieved from /home/airflow/.local/lib/python3.12/site-packages/airflow/example_dags/tutorial.py
[2025-01-30T09:24:51.336+0000] {logging_mixin.py:188} INFO - [2025-01-30T09:24:51.335+0000] {dag.py:3096} INFO - Sync 1 DAGs
[2025-01-30T09:24:51.368+0000] {logging_mixin.py:188} INFO - [2025-01-30T09:24:51.368+0000] {dag.py:3954} INFO - Setting next_dagrun for tutorial to 2025-01-29 00:00:00+00:00, run_after=2025-01-30 00:00:00+00:00
[2025-01-30T09:24:51.401+0000] {processor.py:183} INFO - Processing /home/airflow/.local/lib/python3.12/site-packages/airflow/example_dags/tutorial.py took 0.109 seconds
[2025-01-30T09:25:21.552+0000] {processor.py:161} INFO - Started process (PID=677) to work on /home/airflow/.local/lib/python3.12/site-packages/airflow/example_dags/tutorial.py
[2025-01-30T09:25:21.553+0000] {processor.py:830} INFO - Processing file /home/airflow/.local/lib/python3.12/site-packages/airflow/example_dags/tutorial.py for tasks to queue
[2025-01-30T09:25:21.555+0000] {logging_mixin.py:188} INFO - [2025-01-30T09:25:21.555+0000] {dagbag.py:545} INFO - Filling up the DagBag from /home/airflow/.local/lib/python3.12/site-packages/airflow/example_dags/tutorial.py
[2025-01-30T09:25:21.561+0000] {processor.py:840} INFO - DAG(s) 'tutorial' retrieved from /home/airflow/.local/lib/python3.12/site-packages/airflow/example_dags/tutorial.py
[2025-01-30T09:25:21.584+0000] {logging_mixin.py:188} INFO - [2025-01-30T09:25:21.584+0000] {dag.py:3096} INFO - Sync 1 DAGs
[2025-01-30T09:25:21.607+0000] {logging_mixin.py:188} INFO - [2025-01-30T09:25:21.607+0000] {dag.py:3954} INFO - Setting next_dagrun for tutorial to 2025-01-29 00:00:00+00:00, run_after=2025-01-30 00:00:00+00:00
[2025-01-30T09:25:21.631+0000] {processor.py:183} INFO - Processing /home/airflow/.local/lib/python3.12/site-packages/airflow/example_dags/tutorial.py took 0.084 seconds
