[2025-01-30T08:43:53.660+0000] {processor.py:161} INFO - Started process (PID=97) to work on /home/airflow/.local/lib/python3.12/site-packages/airflow/example_dags/tutorial_taskflow_api.py
[2025-01-30T08:43:53.662+0000] {processor.py:830} INFO - Processing file /home/airflow/.local/lib/python3.12/site-packages/airflow/example_dags/tutorial_taskflow_api.py for tasks to queue
[2025-01-30T08:43:53.664+0000] {logging_mixin.py:188} INFO - [2025-01-30T08:43:53.663+0000] {dagbag.py:545} INFO - Filling up the DagBag from /home/airflow/.local/lib/python3.12/site-packages/airflow/example_dags/tutorial_taskflow_api.py
[2025-01-30T08:43:53.673+0000] {processor.py:840} INFO - DAG(s) 'tutorial_taskflow_api' retrieved from /home/airflow/.local/lib/python3.12/site-packages/airflow/example_dags/tutorial_taskflow_api.py
[2025-01-30T08:43:53.792+0000] {logging_mixin.py:188} INFO - [2025-01-30T08:43:53.792+0000] {dag.py:3096} INFO - Sync 1 DAGs
[2025-01-30T08:43:53.805+0000] {logging_mixin.py:188} INFO - [2025-01-30T08:43:53.805+0000] {dag.py:3954} INFO - Setting next_dagrun for tutorial_taskflow_api to None, run_after=None
[2025-01-30T08:43:53.835+0000] {processor.py:183} INFO - Processing /home/airflow/.local/lib/python3.12/site-packages/airflow/example_dags/tutorial_taskflow_api.py took 0.181 seconds
[2025-01-30T08:44:23.998+0000] {processor.py:161} INFO - Started process (PID=155) to work on /home/airflow/.local/lib/python3.12/site-packages/airflow/example_dags/tutorial_taskflow_api.py
[2025-01-30T08:44:23.999+0000] {processor.py:830} INFO - Processing file /home/airflow/.local/lib/python3.12/site-packages/airflow/example_dags/tutorial_taskflow_api.py for tasks to queue
[2025-01-30T08:44:24.002+0000] {logging_mixin.py:188} INFO - [2025-01-30T08:44:24.001+0000] {dagbag.py:545} INFO - Filling up the DagBag from /home/airflow/.local/lib/python3.12/site-packages/airflow/example_dags/tutorial_taskflow_api.py
[2025-01-30T08:44:24.008+0000] {processor.py:840} INFO - DAG(s) 'tutorial_taskflow_api' retrieved from /home/airflow/.local/lib/python3.12/site-packages/airflow/example_dags/tutorial_taskflow_api.py
[2025-01-30T08:44:24.028+0000] {logging_mixin.py:188} INFO - [2025-01-30T08:44:24.028+0000] {dag.py:3096} INFO - Sync 1 DAGs
[2025-01-30T08:44:24.041+0000] {logging_mixin.py:188} INFO - [2025-01-30T08:44:24.041+0000] {dag.py:3954} INFO - Setting next_dagrun for tutorial_taskflow_api to None, run_after=None
[2025-01-30T08:44:24.065+0000] {processor.py:183} INFO - Processing /home/airflow/.local/lib/python3.12/site-packages/airflow/example_dags/tutorial_taskflow_api.py took 0.072 seconds
[2025-01-30T08:44:54.326+0000] {processor.py:161} INFO - Started process (PID=213) to work on /home/airflow/.local/lib/python3.12/site-packages/airflow/example_dags/tutorial_taskflow_api.py
[2025-01-30T08:44:54.327+0000] {processor.py:830} INFO - Processing file /home/airflow/.local/lib/python3.12/site-packages/airflow/example_dags/tutorial_taskflow_api.py for tasks to queue
[2025-01-30T08:44:54.329+0000] {logging_mixin.py:188} INFO - [2025-01-30T08:44:54.328+0000] {dagbag.py:545} INFO - Filling up the DagBag from /home/airflow/.local/lib/python3.12/site-packages/airflow/example_dags/tutorial_taskflow_api.py
[2025-01-30T08:44:54.335+0000] {processor.py:840} INFO - DAG(s) 'tutorial_taskflow_api' retrieved from /home/airflow/.local/lib/python3.12/site-packages/airflow/example_dags/tutorial_taskflow_api.py
[2025-01-30T08:44:54.355+0000] {logging_mixin.py:188} INFO - [2025-01-30T08:44:54.355+0000] {dag.py:3096} INFO - Sync 1 DAGs
[2025-01-30T08:44:54.370+0000] {logging_mixin.py:188} INFO - [2025-01-30T08:44:54.370+0000] {dag.py:3954} INFO - Setting next_dagrun for tutorial_taskflow_api to None, run_after=None
[2025-01-30T08:44:54.395+0000] {processor.py:183} INFO - Processing /home/airflow/.local/lib/python3.12/site-packages/airflow/example_dags/tutorial_taskflow_api.py took 0.074 seconds
[2025-01-30T08:45:24.577+0000] {processor.py:161} INFO - Started process (PID=271) to work on /home/airflow/.local/lib/python3.12/site-packages/airflow/example_dags/tutorial_taskflow_api.py
[2025-01-30T08:45:24.578+0000] {processor.py:830} INFO - Processing file /home/airflow/.local/lib/python3.12/site-packages/airflow/example_dags/tutorial_taskflow_api.py for tasks to queue
[2025-01-30T08:45:24.579+0000] {logging_mixin.py:188} INFO - [2025-01-30T08:45:24.579+0000] {dagbag.py:545} INFO - Filling up the DagBag from /home/airflow/.local/lib/python3.12/site-packages/airflow/example_dags/tutorial_taskflow_api.py
[2025-01-30T08:45:24.585+0000] {processor.py:840} INFO - DAG(s) 'tutorial_taskflow_api' retrieved from /home/airflow/.local/lib/python3.12/site-packages/airflow/example_dags/tutorial_taskflow_api.py
[2025-01-30T08:45:24.607+0000] {logging_mixin.py:188} INFO - [2025-01-30T08:45:24.607+0000] {dag.py:3096} INFO - Sync 1 DAGs
[2025-01-30T08:45:24.621+0000] {logging_mixin.py:188} INFO - [2025-01-30T08:45:24.621+0000] {dag.py:3954} INFO - Setting next_dagrun for tutorial_taskflow_api to None, run_after=None
[2025-01-30T08:45:24.644+0000] {processor.py:183} INFO - Processing /home/airflow/.local/lib/python3.12/site-packages/airflow/example_dags/tutorial_taskflow_api.py took 0.072 seconds
[2025-01-30T08:45:55.483+0000] {processor.py:161} INFO - Started process (PID=329) to work on /home/airflow/.local/lib/python3.12/site-packages/airflow/example_dags/tutorial_taskflow_api.py
[2025-01-30T08:45:55.484+0000] {processor.py:830} INFO - Processing file /home/airflow/.local/lib/python3.12/site-packages/airflow/example_dags/tutorial_taskflow_api.py for tasks to queue
[2025-01-30T08:45:55.486+0000] {logging_mixin.py:188} INFO - [2025-01-30T08:45:55.486+0000] {dagbag.py:545} INFO - Filling up the DagBag from /home/airflow/.local/lib/python3.12/site-packages/airflow/example_dags/tutorial_taskflow_api.py
[2025-01-30T08:45:55.492+0000] {processor.py:840} INFO - DAG(s) 'tutorial_taskflow_api' retrieved from /home/airflow/.local/lib/python3.12/site-packages/airflow/example_dags/tutorial_taskflow_api.py
[2025-01-30T08:45:55.511+0000] {logging_mixin.py:188} INFO - [2025-01-30T08:45:55.511+0000] {dag.py:3096} INFO - Sync 1 DAGs
[2025-01-30T08:45:55.524+0000] {logging_mixin.py:188} INFO - [2025-01-30T08:45:55.524+0000] {dag.py:3954} INFO - Setting next_dagrun for tutorial_taskflow_api to None, run_after=None
[2025-01-30T08:45:55.546+0000] {processor.py:183} INFO - Processing /home/airflow/.local/lib/python3.12/site-packages/airflow/example_dags/tutorial_taskflow_api.py took 0.067 seconds
[2025-01-30T08:46:26.090+0000] {processor.py:161} INFO - Started process (PID=386) to work on /home/airflow/.local/lib/python3.12/site-packages/airflow/example_dags/tutorial_taskflow_api.py
[2025-01-30T08:46:26.090+0000] {processor.py:830} INFO - Processing file /home/airflow/.local/lib/python3.12/site-packages/airflow/example_dags/tutorial_taskflow_api.py for tasks to queue
[2025-01-30T08:46:26.092+0000] {logging_mixin.py:188} INFO - [2025-01-30T08:46:26.092+0000] {dagbag.py:545} INFO - Filling up the DagBag from /home/airflow/.local/lib/python3.12/site-packages/airflow/example_dags/tutorial_taskflow_api.py
[2025-01-30T08:46:26.098+0000] {processor.py:840} INFO - DAG(s) 'tutorial_taskflow_api' retrieved from /home/airflow/.local/lib/python3.12/site-packages/airflow/example_dags/tutorial_taskflow_api.py
[2025-01-30T08:46:26.118+0000] {logging_mixin.py:188} INFO - [2025-01-30T08:46:26.118+0000] {dag.py:3096} INFO - Sync 1 DAGs
[2025-01-30T08:46:26.132+0000] {logging_mixin.py:188} INFO - [2025-01-30T08:46:26.131+0000] {dag.py:3954} INFO - Setting next_dagrun for tutorial_taskflow_api to None, run_after=None
[2025-01-30T08:46:26.155+0000] {processor.py:183} INFO - Processing /home/airflow/.local/lib/python3.12/site-packages/airflow/example_dags/tutorial_taskflow_api.py took 0.071 seconds
[2025-01-30T08:46:56.455+0000] {processor.py:161} INFO - Started process (PID=444) to work on /home/airflow/.local/lib/python3.12/site-packages/airflow/example_dags/tutorial_taskflow_api.py
[2025-01-30T08:46:56.457+0000] {processor.py:830} INFO - Processing file /home/airflow/.local/lib/python3.12/site-packages/airflow/example_dags/tutorial_taskflow_api.py for tasks to queue
[2025-01-30T08:46:56.459+0000] {logging_mixin.py:188} INFO - [2025-01-30T08:46:56.458+0000] {dagbag.py:545} INFO - Filling up the DagBag from /home/airflow/.local/lib/python3.12/site-packages/airflow/example_dags/tutorial_taskflow_api.py
[2025-01-30T08:46:56.464+0000] {processor.py:840} INFO - DAG(s) 'tutorial_taskflow_api' retrieved from /home/airflow/.local/lib/python3.12/site-packages/airflow/example_dags/tutorial_taskflow_api.py
[2025-01-30T08:46:56.484+0000] {logging_mixin.py:188} INFO - [2025-01-30T08:46:56.484+0000] {dag.py:3096} INFO - Sync 1 DAGs
[2025-01-30T08:46:56.499+0000] {logging_mixin.py:188} INFO - [2025-01-30T08:46:56.498+0000] {dag.py:3954} INFO - Setting next_dagrun for tutorial_taskflow_api to None, run_after=None
[2025-01-30T08:46:56.522+0000] {processor.py:183} INFO - Processing /home/airflow/.local/lib/python3.12/site-packages/airflow/example_dags/tutorial_taskflow_api.py took 0.072 seconds
[2025-01-30T08:47:26.958+0000] {processor.py:161} INFO - Started process (PID=502) to work on /home/airflow/.local/lib/python3.12/site-packages/airflow/example_dags/tutorial_taskflow_api.py
[2025-01-30T08:47:26.959+0000] {processor.py:830} INFO - Processing file /home/airflow/.local/lib/python3.12/site-packages/airflow/example_dags/tutorial_taskflow_api.py for tasks to queue
[2025-01-30T08:47:26.961+0000] {logging_mixin.py:188} INFO - [2025-01-30T08:47:26.961+0000] {dagbag.py:545} INFO - Filling up the DagBag from /home/airflow/.local/lib/python3.12/site-packages/airflow/example_dags/tutorial_taskflow_api.py
[2025-01-30T08:47:26.967+0000] {processor.py:840} INFO - DAG(s) 'tutorial_taskflow_api' retrieved from /home/airflow/.local/lib/python3.12/site-packages/airflow/example_dags/tutorial_taskflow_api.py
[2025-01-30T08:47:26.986+0000] {logging_mixin.py:188} INFO - [2025-01-30T08:47:26.986+0000] {dag.py:3096} INFO - Sync 1 DAGs
[2025-01-30T08:47:26.999+0000] {logging_mixin.py:188} INFO - [2025-01-30T08:47:26.999+0000] {dag.py:3954} INFO - Setting next_dagrun for tutorial_taskflow_api to None, run_after=None
[2025-01-30T08:47:27.023+0000] {processor.py:183} INFO - Processing /home/airflow/.local/lib/python3.12/site-packages/airflow/example_dags/tutorial_taskflow_api.py took 0.070 seconds
[2025-01-30T08:47:57.476+0000] {processor.py:161} INFO - Started process (PID=560) to work on /home/airflow/.local/lib/python3.12/site-packages/airflow/example_dags/tutorial_taskflow_api.py
[2025-01-30T08:47:57.478+0000] {processor.py:830} INFO - Processing file /home/airflow/.local/lib/python3.12/site-packages/airflow/example_dags/tutorial_taskflow_api.py for tasks to queue
[2025-01-30T08:47:57.480+0000] {logging_mixin.py:188} INFO - [2025-01-30T08:47:57.479+0000] {dagbag.py:545} INFO - Filling up the DagBag from /home/airflow/.local/lib/python3.12/site-packages/airflow/example_dags/tutorial_taskflow_api.py
[2025-01-30T08:47:57.486+0000] {processor.py:840} INFO - DAG(s) 'tutorial_taskflow_api' retrieved from /home/airflow/.local/lib/python3.12/site-packages/airflow/example_dags/tutorial_taskflow_api.py
[2025-01-30T08:47:57.512+0000] {logging_mixin.py:188} INFO - [2025-01-30T08:47:57.511+0000] {dag.py:3096} INFO - Sync 1 DAGs
[2025-01-30T08:47:57.526+0000] {logging_mixin.py:188} INFO - [2025-01-30T08:47:57.526+0000] {dag.py:3954} INFO - Setting next_dagrun for tutorial_taskflow_api to None, run_after=None
[2025-01-30T08:47:57.562+0000] {processor.py:183} INFO - Processing /home/airflow/.local/lib/python3.12/site-packages/airflow/example_dags/tutorial_taskflow_api.py took 0.094 seconds
[2025-01-30T08:48:27.667+0000] {processor.py:161} INFO - Started process (PID=618) to work on /home/airflow/.local/lib/python3.12/site-packages/airflow/example_dags/tutorial_taskflow_api.py
[2025-01-30T08:48:27.668+0000] {processor.py:830} INFO - Processing file /home/airflow/.local/lib/python3.12/site-packages/airflow/example_dags/tutorial_taskflow_api.py for tasks to queue
[2025-01-30T08:48:27.670+0000] {logging_mixin.py:188} INFO - [2025-01-30T08:48:27.669+0000] {dagbag.py:545} INFO - Filling up the DagBag from /home/airflow/.local/lib/python3.12/site-packages/airflow/example_dags/tutorial_taskflow_api.py
[2025-01-30T08:48:27.676+0000] {processor.py:840} INFO - DAG(s) 'tutorial_taskflow_api' retrieved from /home/airflow/.local/lib/python3.12/site-packages/airflow/example_dags/tutorial_taskflow_api.py
[2025-01-30T08:48:27.698+0000] {logging_mixin.py:188} INFO - [2025-01-30T08:48:27.697+0000] {dag.py:3096} INFO - Sync 1 DAGs
[2025-01-30T08:48:27.713+0000] {logging_mixin.py:188} INFO - [2025-01-30T08:48:27.713+0000] {dag.py:3954} INFO - Setting next_dagrun for tutorial_taskflow_api to None, run_after=None
[2025-01-30T08:48:27.752+0000] {processor.py:183} INFO - Processing /home/airflow/.local/lib/python3.12/site-packages/airflow/example_dags/tutorial_taskflow_api.py took 0.090 seconds
[2025-01-30T08:48:57.863+0000] {processor.py:161} INFO - Started process (PID=676) to work on /home/airflow/.local/lib/python3.12/site-packages/airflow/example_dags/tutorial_taskflow_api.py
[2025-01-30T08:48:57.866+0000] {processor.py:830} INFO - Processing file /home/airflow/.local/lib/python3.12/site-packages/airflow/example_dags/tutorial_taskflow_api.py for tasks to queue
[2025-01-30T08:48:57.868+0000] {logging_mixin.py:188} INFO - [2025-01-30T08:48:57.868+0000] {dagbag.py:545} INFO - Filling up the DagBag from /home/airflow/.local/lib/python3.12/site-packages/airflow/example_dags/tutorial_taskflow_api.py
[2025-01-30T08:48:57.874+0000] {processor.py:840} INFO - DAG(s) 'tutorial_taskflow_api' retrieved from /home/airflow/.local/lib/python3.12/site-packages/airflow/example_dags/tutorial_taskflow_api.py
[2025-01-30T08:48:57.899+0000] {logging_mixin.py:188} INFO - [2025-01-30T08:48:57.898+0000] {dag.py:3096} INFO - Sync 1 DAGs
[2025-01-30T08:48:57.912+0000] {logging_mixin.py:188} INFO - [2025-01-30T08:48:57.912+0000] {dag.py:3954} INFO - Setting next_dagrun for tutorial_taskflow_api to None, run_after=None
[2025-01-30T08:48:57.937+0000] {processor.py:183} INFO - Processing /home/airflow/.local/lib/python3.12/site-packages/airflow/example_dags/tutorial_taskflow_api.py took 0.079 seconds
[2025-01-30T08:49:28.384+0000] {processor.py:161} INFO - Started process (PID=734) to work on /home/airflow/.local/lib/python3.12/site-packages/airflow/example_dags/tutorial_taskflow_api.py
[2025-01-30T08:49:28.385+0000] {processor.py:830} INFO - Processing file /home/airflow/.local/lib/python3.12/site-packages/airflow/example_dags/tutorial_taskflow_api.py for tasks to queue
[2025-01-30T08:49:28.387+0000] {logging_mixin.py:188} INFO - [2025-01-30T08:49:28.387+0000] {dagbag.py:545} INFO - Filling up the DagBag from /home/airflow/.local/lib/python3.12/site-packages/airflow/example_dags/tutorial_taskflow_api.py
[2025-01-30T08:49:28.394+0000] {processor.py:840} INFO - DAG(s) 'tutorial_taskflow_api' retrieved from /home/airflow/.local/lib/python3.12/site-packages/airflow/example_dags/tutorial_taskflow_api.py
[2025-01-30T08:49:28.416+0000] {logging_mixin.py:188} INFO - [2025-01-30T08:49:28.416+0000] {dag.py:3096} INFO - Sync 1 DAGs
[2025-01-30T08:49:28.428+0000] {logging_mixin.py:188} INFO - [2025-01-30T08:49:28.428+0000] {dag.py:3954} INFO - Setting next_dagrun for tutorial_taskflow_api to None, run_after=None
[2025-01-30T08:49:28.451+0000] {processor.py:183} INFO - Processing /home/airflow/.local/lib/python3.12/site-packages/airflow/example_dags/tutorial_taskflow_api.py took 0.072 seconds
[2025-01-30T08:49:58.872+0000] {processor.py:161} INFO - Started process (PID=792) to work on /home/airflow/.local/lib/python3.12/site-packages/airflow/example_dags/tutorial_taskflow_api.py
[2025-01-30T08:49:58.873+0000] {processor.py:830} INFO - Processing file /home/airflow/.local/lib/python3.12/site-packages/airflow/example_dags/tutorial_taskflow_api.py for tasks to queue
[2025-01-30T08:49:58.875+0000] {logging_mixin.py:188} INFO - [2025-01-30T08:49:58.875+0000] {dagbag.py:545} INFO - Filling up the DagBag from /home/airflow/.local/lib/python3.12/site-packages/airflow/example_dags/tutorial_taskflow_api.py
[2025-01-30T08:49:58.881+0000] {processor.py:840} INFO - DAG(s) 'tutorial_taskflow_api' retrieved from /home/airflow/.local/lib/python3.12/site-packages/airflow/example_dags/tutorial_taskflow_api.py
[2025-01-30T08:49:58.902+0000] {logging_mixin.py:188} INFO - [2025-01-30T08:49:58.902+0000] {dag.py:3096} INFO - Sync 1 DAGs
[2025-01-30T08:49:58.914+0000] {logging_mixin.py:188} INFO - [2025-01-30T08:49:58.914+0000] {dag.py:3954} INFO - Setting next_dagrun for tutorial_taskflow_api to None, run_after=None
[2025-01-30T08:49:58.940+0000] {processor.py:183} INFO - Processing /home/airflow/.local/lib/python3.12/site-packages/airflow/example_dags/tutorial_taskflow_api.py took 0.074 seconds
[2025-01-30T08:50:29.191+0000] {processor.py:161} INFO - Started process (PID=850) to work on /home/airflow/.local/lib/python3.12/site-packages/airflow/example_dags/tutorial_taskflow_api.py
[2025-01-30T08:50:29.192+0000] {processor.py:830} INFO - Processing file /home/airflow/.local/lib/python3.12/site-packages/airflow/example_dags/tutorial_taskflow_api.py for tasks to queue
[2025-01-30T08:50:29.194+0000] {logging_mixin.py:188} INFO - [2025-01-30T08:50:29.194+0000] {dagbag.py:545} INFO - Filling up the DagBag from /home/airflow/.local/lib/python3.12/site-packages/airflow/example_dags/tutorial_taskflow_api.py
[2025-01-30T08:50:29.199+0000] {processor.py:840} INFO - DAG(s) 'tutorial_taskflow_api' retrieved from /home/airflow/.local/lib/python3.12/site-packages/airflow/example_dags/tutorial_taskflow_api.py
[2025-01-30T08:50:29.219+0000] {logging_mixin.py:188} INFO - [2025-01-30T08:50:29.219+0000] {dag.py:3096} INFO - Sync 1 DAGs
[2025-01-30T08:50:29.234+0000] {logging_mixin.py:188} INFO - [2025-01-30T08:50:29.234+0000] {dag.py:3954} INFO - Setting next_dagrun for tutorial_taskflow_api to None, run_after=None
[2025-01-30T08:50:29.262+0000] {processor.py:183} INFO - Processing /home/airflow/.local/lib/python3.12/site-packages/airflow/example_dags/tutorial_taskflow_api.py took 0.075 seconds
[2025-01-30T08:50:59.680+0000] {processor.py:161} INFO - Started process (PID=908) to work on /home/airflow/.local/lib/python3.12/site-packages/airflow/example_dags/tutorial_taskflow_api.py
[2025-01-30T08:50:59.682+0000] {processor.py:830} INFO - Processing file /home/airflow/.local/lib/python3.12/site-packages/airflow/example_dags/tutorial_taskflow_api.py for tasks to queue
[2025-01-30T08:50:59.684+0000] {logging_mixin.py:188} INFO - [2025-01-30T08:50:59.683+0000] {dagbag.py:545} INFO - Filling up the DagBag from /home/airflow/.local/lib/python3.12/site-packages/airflow/example_dags/tutorial_taskflow_api.py
[2025-01-30T08:50:59.689+0000] {processor.py:840} INFO - DAG(s) 'tutorial_taskflow_api' retrieved from /home/airflow/.local/lib/python3.12/site-packages/airflow/example_dags/tutorial_taskflow_api.py
[2025-01-30T08:50:59.709+0000] {logging_mixin.py:188} INFO - [2025-01-30T08:50:59.709+0000] {dag.py:3096} INFO - Sync 1 DAGs
[2025-01-30T08:50:59.721+0000] {logging_mixin.py:188} INFO - [2025-01-30T08:50:59.721+0000] {dag.py:3954} INFO - Setting next_dagrun for tutorial_taskflow_api to None, run_after=None
[2025-01-30T08:50:59.748+0000] {processor.py:183} INFO - Processing /home/airflow/.local/lib/python3.12/site-packages/airflow/example_dags/tutorial_taskflow_api.py took 0.072 seconds
[2025-01-30T08:51:30.045+0000] {processor.py:161} INFO - Started process (PID=966) to work on /home/airflow/.local/lib/python3.12/site-packages/airflow/example_dags/tutorial_taskflow_api.py
[2025-01-30T08:51:30.046+0000] {processor.py:830} INFO - Processing file /home/airflow/.local/lib/python3.12/site-packages/airflow/example_dags/tutorial_taskflow_api.py for tasks to queue
[2025-01-30T08:51:30.049+0000] {logging_mixin.py:188} INFO - [2025-01-30T08:51:30.048+0000] {dagbag.py:545} INFO - Filling up the DagBag from /home/airflow/.local/lib/python3.12/site-packages/airflow/example_dags/tutorial_taskflow_api.py
[2025-01-30T08:51:30.056+0000] {processor.py:840} INFO - DAG(s) 'tutorial_taskflow_api' retrieved from /home/airflow/.local/lib/python3.12/site-packages/airflow/example_dags/tutorial_taskflow_api.py
[2025-01-30T08:51:30.077+0000] {logging_mixin.py:188} INFO - [2025-01-30T08:51:30.077+0000] {dag.py:3096} INFO - Sync 1 DAGs
[2025-01-30T08:51:30.090+0000] {logging_mixin.py:188} INFO - [2025-01-30T08:51:30.090+0000] {dag.py:3954} INFO - Setting next_dagrun for tutorial_taskflow_api to None, run_after=None
[2025-01-30T08:51:30.114+0000] {processor.py:183} INFO - Processing /home/airflow/.local/lib/python3.12/site-packages/airflow/example_dags/tutorial_taskflow_api.py took 0.074 seconds
[2025-01-30T08:52:00.359+0000] {processor.py:161} INFO - Started process (PID=1024) to work on /home/airflow/.local/lib/python3.12/site-packages/airflow/example_dags/tutorial_taskflow_api.py
[2025-01-30T08:52:00.361+0000] {processor.py:830} INFO - Processing file /home/airflow/.local/lib/python3.12/site-packages/airflow/example_dags/tutorial_taskflow_api.py for tasks to queue
[2025-01-30T08:52:00.363+0000] {logging_mixin.py:188} INFO - [2025-01-30T08:52:00.362+0000] {dagbag.py:545} INFO - Filling up the DagBag from /home/airflow/.local/lib/python3.12/site-packages/airflow/example_dags/tutorial_taskflow_api.py
[2025-01-30T08:52:00.370+0000] {processor.py:840} INFO - DAG(s) 'tutorial_taskflow_api' retrieved from /home/airflow/.local/lib/python3.12/site-packages/airflow/example_dags/tutorial_taskflow_api.py
[2025-01-30T08:52:00.395+0000] {logging_mixin.py:188} INFO - [2025-01-30T08:52:00.394+0000] {dag.py:3096} INFO - Sync 1 DAGs
[2025-01-30T08:52:00.410+0000] {logging_mixin.py:188} INFO - [2025-01-30T08:52:00.409+0000] {dag.py:3954} INFO - Setting next_dagrun for tutorial_taskflow_api to None, run_after=None
[2025-01-30T08:52:00.439+0000] {processor.py:183} INFO - Processing /home/airflow/.local/lib/python3.12/site-packages/airflow/example_dags/tutorial_taskflow_api.py took 0.085 seconds
[2025-01-30T08:52:30.544+0000] {processor.py:161} INFO - Started process (PID=1081) to work on /home/airflow/.local/lib/python3.12/site-packages/airflow/example_dags/tutorial_taskflow_api.py
[2025-01-30T08:52:30.545+0000] {processor.py:830} INFO - Processing file /home/airflow/.local/lib/python3.12/site-packages/airflow/example_dags/tutorial_taskflow_api.py for tasks to queue
[2025-01-30T08:52:30.547+0000] {logging_mixin.py:188} INFO - [2025-01-30T08:52:30.546+0000] {dagbag.py:545} INFO - Filling up the DagBag from /home/airflow/.local/lib/python3.12/site-packages/airflow/example_dags/tutorial_taskflow_api.py
[2025-01-30T08:52:30.554+0000] {processor.py:840} INFO - DAG(s) 'tutorial_taskflow_api' retrieved from /home/airflow/.local/lib/python3.12/site-packages/airflow/example_dags/tutorial_taskflow_api.py
[2025-01-30T08:52:30.578+0000] {logging_mixin.py:188} INFO - [2025-01-30T08:52:30.577+0000] {dag.py:3096} INFO - Sync 1 DAGs
[2025-01-30T08:52:30.595+0000] {logging_mixin.py:188} INFO - [2025-01-30T08:52:30.594+0000] {dag.py:3954} INFO - Setting next_dagrun for tutorial_taskflow_api to None, run_after=None
[2025-01-30T08:52:30.619+0000] {processor.py:183} INFO - Processing /home/airflow/.local/lib/python3.12/site-packages/airflow/example_dags/tutorial_taskflow_api.py took 0.080 seconds
[2025-01-30T08:53:01.042+0000] {processor.py:161} INFO - Started process (PID=1139) to work on /home/airflow/.local/lib/python3.12/site-packages/airflow/example_dags/tutorial_taskflow_api.py
[2025-01-30T08:53:01.043+0000] {processor.py:830} INFO - Processing file /home/airflow/.local/lib/python3.12/site-packages/airflow/example_dags/tutorial_taskflow_api.py for tasks to queue
[2025-01-30T08:53:01.045+0000] {logging_mixin.py:188} INFO - [2025-01-30T08:53:01.044+0000] {dagbag.py:545} INFO - Filling up the DagBag from /home/airflow/.local/lib/python3.12/site-packages/airflow/example_dags/tutorial_taskflow_api.py
[2025-01-30T08:53:01.050+0000] {processor.py:840} INFO - DAG(s) 'tutorial_taskflow_api' retrieved from /home/airflow/.local/lib/python3.12/site-packages/airflow/example_dags/tutorial_taskflow_api.py
[2025-01-30T08:53:01.068+0000] {logging_mixin.py:188} INFO - [2025-01-30T08:53:01.068+0000] {dag.py:3096} INFO - Sync 1 DAGs
[2025-01-30T08:53:01.083+0000] {logging_mixin.py:188} INFO - [2025-01-30T08:53:01.082+0000] {dag.py:3954} INFO - Setting next_dagrun for tutorial_taskflow_api to None, run_after=None
[2025-01-30T08:53:01.104+0000] {processor.py:183} INFO - Processing /home/airflow/.local/lib/python3.12/site-packages/airflow/example_dags/tutorial_taskflow_api.py took 0.067 seconds
[2025-01-30T08:53:31.254+0000] {processor.py:161} INFO - Started process (PID=1197) to work on /home/airflow/.local/lib/python3.12/site-packages/airflow/example_dags/tutorial_taskflow_api.py
[2025-01-30T08:53:31.255+0000] {processor.py:830} INFO - Processing file /home/airflow/.local/lib/python3.12/site-packages/airflow/example_dags/tutorial_taskflow_api.py for tasks to queue
[2025-01-30T08:53:31.257+0000] {logging_mixin.py:188} INFO - [2025-01-30T08:53:31.257+0000] {dagbag.py:545} INFO - Filling up the DagBag from /home/airflow/.local/lib/python3.12/site-packages/airflow/example_dags/tutorial_taskflow_api.py
[2025-01-30T08:53:31.263+0000] {processor.py:840} INFO - DAG(s) 'tutorial_taskflow_api' retrieved from /home/airflow/.local/lib/python3.12/site-packages/airflow/example_dags/tutorial_taskflow_api.py
[2025-01-30T08:53:31.282+0000] {logging_mixin.py:188} INFO - [2025-01-30T08:53:31.282+0000] {dag.py:3096} INFO - Sync 1 DAGs
[2025-01-30T08:53:31.295+0000] {logging_mixin.py:188} INFO - [2025-01-30T08:53:31.295+0000] {dag.py:3954} INFO - Setting next_dagrun for tutorial_taskflow_api to None, run_after=None
[2025-01-30T08:53:31.322+0000] {processor.py:183} INFO - Processing /home/airflow/.local/lib/python3.12/site-packages/airflow/example_dags/tutorial_taskflow_api.py took 0.072 seconds
[2025-01-30T08:54:01.630+0000] {processor.py:161} INFO - Started process (PID=1255) to work on /home/airflow/.local/lib/python3.12/site-packages/airflow/example_dags/tutorial_taskflow_api.py
[2025-01-30T08:54:01.631+0000] {processor.py:830} INFO - Processing file /home/airflow/.local/lib/python3.12/site-packages/airflow/example_dags/tutorial_taskflow_api.py for tasks to queue
[2025-01-30T08:54:01.633+0000] {logging_mixin.py:188} INFO - [2025-01-30T08:54:01.633+0000] {dagbag.py:545} INFO - Filling up the DagBag from /home/airflow/.local/lib/python3.12/site-packages/airflow/example_dags/tutorial_taskflow_api.py
[2025-01-30T08:54:01.641+0000] {processor.py:840} INFO - DAG(s) 'tutorial_taskflow_api' retrieved from /home/airflow/.local/lib/python3.12/site-packages/airflow/example_dags/tutorial_taskflow_api.py
[2025-01-30T08:54:01.670+0000] {logging_mixin.py:188} INFO - [2025-01-30T08:54:01.670+0000] {dag.py:3096} INFO - Sync 1 DAGs
[2025-01-30T08:54:01.683+0000] {logging_mixin.py:188} INFO - [2025-01-30T08:54:01.683+0000] {dag.py:3954} INFO - Setting next_dagrun for tutorial_taskflow_api to None, run_after=None
[2025-01-30T08:54:01.714+0000] {processor.py:183} INFO - Processing /home/airflow/.local/lib/python3.12/site-packages/airflow/example_dags/tutorial_taskflow_api.py took 0.089 seconds
[2025-01-30T08:54:32.214+0000] {processor.py:161} INFO - Started process (PID=1313) to work on /home/airflow/.local/lib/python3.12/site-packages/airflow/example_dags/tutorial_taskflow_api.py
[2025-01-30T08:54:32.216+0000] {processor.py:830} INFO - Processing file /home/airflow/.local/lib/python3.12/site-packages/airflow/example_dags/tutorial_taskflow_api.py for tasks to queue
[2025-01-30T08:54:32.218+0000] {logging_mixin.py:188} INFO - [2025-01-30T08:54:32.217+0000] {dagbag.py:545} INFO - Filling up the DagBag from /home/airflow/.local/lib/python3.12/site-packages/airflow/example_dags/tutorial_taskflow_api.py
[2025-01-30T08:54:32.225+0000] {processor.py:840} INFO - DAG(s) 'tutorial_taskflow_api' retrieved from /home/airflow/.local/lib/python3.12/site-packages/airflow/example_dags/tutorial_taskflow_api.py
[2025-01-30T08:54:32.248+0000] {logging_mixin.py:188} INFO - [2025-01-30T08:54:32.248+0000] {dag.py:3096} INFO - Sync 1 DAGs
[2025-01-30T08:54:32.263+0000] {logging_mixin.py:188} INFO - [2025-01-30T08:54:32.262+0000] {dag.py:3954} INFO - Setting next_dagrun for tutorial_taskflow_api to None, run_after=None
[2025-01-30T08:54:32.289+0000] {processor.py:183} INFO - Processing /home/airflow/.local/lib/python3.12/site-packages/airflow/example_dags/tutorial_taskflow_api.py took 0.081 seconds
[2025-01-30T08:55:03.305+0000] {processor.py:161} INFO - Started process (PID=1371) to work on /home/airflow/.local/lib/python3.12/site-packages/airflow/example_dags/tutorial_taskflow_api.py
[2025-01-30T08:55:03.307+0000] {processor.py:830} INFO - Processing file /home/airflow/.local/lib/python3.12/site-packages/airflow/example_dags/tutorial_taskflow_api.py for tasks to queue
[2025-01-30T08:55:03.309+0000] {logging_mixin.py:188} INFO - [2025-01-30T08:55:03.308+0000] {dagbag.py:545} INFO - Filling up the DagBag from /home/airflow/.local/lib/python3.12/site-packages/airflow/example_dags/tutorial_taskflow_api.py
[2025-01-30T08:55:03.314+0000] {processor.py:840} INFO - DAG(s) 'tutorial_taskflow_api' retrieved from /home/airflow/.local/lib/python3.12/site-packages/airflow/example_dags/tutorial_taskflow_api.py
[2025-01-30T08:55:03.336+0000] {logging_mixin.py:188} INFO - [2025-01-30T08:55:03.336+0000] {dag.py:3096} INFO - Sync 1 DAGs
[2025-01-30T08:55:03.349+0000] {logging_mixin.py:188} INFO - [2025-01-30T08:55:03.348+0000] {dag.py:3954} INFO - Setting next_dagrun for tutorial_taskflow_api to None, run_after=None
[2025-01-30T08:55:03.372+0000] {processor.py:183} INFO - Processing /home/airflow/.local/lib/python3.12/site-packages/airflow/example_dags/tutorial_taskflow_api.py took 0.071 seconds
[2025-01-30T08:55:33.484+0000] {processor.py:161} INFO - Started process (PID=1429) to work on /home/airflow/.local/lib/python3.12/site-packages/airflow/example_dags/tutorial_taskflow_api.py
[2025-01-30T08:55:33.485+0000] {processor.py:830} INFO - Processing file /home/airflow/.local/lib/python3.12/site-packages/airflow/example_dags/tutorial_taskflow_api.py for tasks to queue
[2025-01-30T08:55:33.487+0000] {logging_mixin.py:188} INFO - [2025-01-30T08:55:33.487+0000] {dagbag.py:545} INFO - Filling up the DagBag from /home/airflow/.local/lib/python3.12/site-packages/airflow/example_dags/tutorial_taskflow_api.py
[2025-01-30T08:55:33.492+0000] {processor.py:840} INFO - DAG(s) 'tutorial_taskflow_api' retrieved from /home/airflow/.local/lib/python3.12/site-packages/airflow/example_dags/tutorial_taskflow_api.py
[2025-01-30T08:55:33.513+0000] {logging_mixin.py:188} INFO - [2025-01-30T08:55:33.512+0000] {dag.py:3096} INFO - Sync 1 DAGs
[2025-01-30T08:55:33.527+0000] {logging_mixin.py:188} INFO - [2025-01-30T08:55:33.527+0000] {dag.py:3954} INFO - Setting next_dagrun for tutorial_taskflow_api to None, run_after=None
[2025-01-30T08:55:33.551+0000] {processor.py:183} INFO - Processing /home/airflow/.local/lib/python3.12/site-packages/airflow/example_dags/tutorial_taskflow_api.py took 0.072 seconds
[2025-01-30T08:56:03.687+0000] {processor.py:161} INFO - Started process (PID=1487) to work on /home/airflow/.local/lib/python3.12/site-packages/airflow/example_dags/tutorial_taskflow_api.py
[2025-01-30T08:56:03.688+0000] {processor.py:830} INFO - Processing file /home/airflow/.local/lib/python3.12/site-packages/airflow/example_dags/tutorial_taskflow_api.py for tasks to queue
[2025-01-30T08:56:03.690+0000] {logging_mixin.py:188} INFO - [2025-01-30T08:56:03.689+0000] {dagbag.py:545} INFO - Filling up the DagBag from /home/airflow/.local/lib/python3.12/site-packages/airflow/example_dags/tutorial_taskflow_api.py
[2025-01-30T08:56:03.696+0000] {processor.py:840} INFO - DAG(s) 'tutorial_taskflow_api' retrieved from /home/airflow/.local/lib/python3.12/site-packages/airflow/example_dags/tutorial_taskflow_api.py
[2025-01-30T08:56:03.718+0000] {logging_mixin.py:188} INFO - [2025-01-30T08:56:03.717+0000] {dag.py:3096} INFO - Sync 1 DAGs
[2025-01-30T08:56:03.731+0000] {logging_mixin.py:188} INFO - [2025-01-30T08:56:03.731+0000] {dag.py:3954} INFO - Setting next_dagrun for tutorial_taskflow_api to None, run_after=None
[2025-01-30T08:56:03.753+0000] {processor.py:183} INFO - Processing /home/airflow/.local/lib/python3.12/site-packages/airflow/example_dags/tutorial_taskflow_api.py took 0.071 seconds
[2025-01-30T08:56:33.843+0000] {processor.py:161} INFO - Started process (PID=1544) to work on /home/airflow/.local/lib/python3.12/site-packages/airflow/example_dags/tutorial_taskflow_api.py
[2025-01-30T08:56:33.844+0000] {processor.py:830} INFO - Processing file /home/airflow/.local/lib/python3.12/site-packages/airflow/example_dags/tutorial_taskflow_api.py for tasks to queue
[2025-01-30T08:56:33.846+0000] {logging_mixin.py:188} INFO - [2025-01-30T08:56:33.846+0000] {dagbag.py:545} INFO - Filling up the DagBag from /home/airflow/.local/lib/python3.12/site-packages/airflow/example_dags/tutorial_taskflow_api.py
[2025-01-30T08:56:33.852+0000] {processor.py:840} INFO - DAG(s) 'tutorial_taskflow_api' retrieved from /home/airflow/.local/lib/python3.12/site-packages/airflow/example_dags/tutorial_taskflow_api.py
[2025-01-30T08:56:33.873+0000] {logging_mixin.py:188} INFO - [2025-01-30T08:56:33.872+0000] {dag.py:3096} INFO - Sync 1 DAGs
[2025-01-30T08:56:33.887+0000] {logging_mixin.py:188} INFO - [2025-01-30T08:56:33.886+0000] {dag.py:3954} INFO - Setting next_dagrun for tutorial_taskflow_api to None, run_after=None
[2025-01-30T08:56:33.909+0000] {processor.py:183} INFO - Processing /home/airflow/.local/lib/python3.12/site-packages/airflow/example_dags/tutorial_taskflow_api.py took 0.072 seconds
[2025-01-30T08:57:03.968+0000] {processor.py:161} INFO - Started process (PID=1602) to work on /home/airflow/.local/lib/python3.12/site-packages/airflow/example_dags/tutorial_taskflow_api.py
[2025-01-30T08:57:03.969+0000] {processor.py:830} INFO - Processing file /home/airflow/.local/lib/python3.12/site-packages/airflow/example_dags/tutorial_taskflow_api.py for tasks to queue
[2025-01-30T08:57:03.971+0000] {logging_mixin.py:188} INFO - [2025-01-30T08:57:03.970+0000] {dagbag.py:545} INFO - Filling up the DagBag from /home/airflow/.local/lib/python3.12/site-packages/airflow/example_dags/tutorial_taskflow_api.py
[2025-01-30T08:57:03.977+0000] {processor.py:840} INFO - DAG(s) 'tutorial_taskflow_api' retrieved from /home/airflow/.local/lib/python3.12/site-packages/airflow/example_dags/tutorial_taskflow_api.py
[2025-01-30T08:57:04.001+0000] {logging_mixin.py:188} INFO - [2025-01-30T08:57:04.000+0000] {dag.py:3096} INFO - Sync 1 DAGs
[2025-01-30T08:57:04.014+0000] {logging_mixin.py:188} INFO - [2025-01-30T08:57:04.014+0000] {dag.py:3954} INFO - Setting next_dagrun for tutorial_taskflow_api to None, run_after=None
[2025-01-30T08:57:04.038+0000] {processor.py:183} INFO - Processing /home/airflow/.local/lib/python3.12/site-packages/airflow/example_dags/tutorial_taskflow_api.py took 0.076 seconds
[2025-01-30T08:57:35.057+0000] {processor.py:161} INFO - Started process (PID=1660) to work on /home/airflow/.local/lib/python3.12/site-packages/airflow/example_dags/tutorial_taskflow_api.py
[2025-01-30T08:57:35.059+0000] {processor.py:830} INFO - Processing file /home/airflow/.local/lib/python3.12/site-packages/airflow/example_dags/tutorial_taskflow_api.py for tasks to queue
[2025-01-30T08:57:35.061+0000] {logging_mixin.py:188} INFO - [2025-01-30T08:57:35.061+0000] {dagbag.py:545} INFO - Filling up the DagBag from /home/airflow/.local/lib/python3.12/site-packages/airflow/example_dags/tutorial_taskflow_api.py
[2025-01-30T08:57:35.068+0000] {processor.py:840} INFO - DAG(s) 'tutorial_taskflow_api' retrieved from /home/airflow/.local/lib/python3.12/site-packages/airflow/example_dags/tutorial_taskflow_api.py
[2025-01-30T08:57:35.097+0000] {logging_mixin.py:188} INFO - [2025-01-30T08:57:35.097+0000] {dag.py:3096} INFO - Sync 1 DAGs
[2025-01-30T08:57:35.112+0000] {logging_mixin.py:188} INFO - [2025-01-30T08:57:35.112+0000] {dag.py:3954} INFO - Setting next_dagrun for tutorial_taskflow_api to None, run_after=None
[2025-01-30T08:57:35.142+0000] {processor.py:183} INFO - Processing /home/airflow/.local/lib/python3.12/site-packages/airflow/example_dags/tutorial_taskflow_api.py took 0.093 seconds
[2025-01-30T08:58:05.401+0000] {processor.py:161} INFO - Started process (PID=1718) to work on /home/airflow/.local/lib/python3.12/site-packages/airflow/example_dags/tutorial_taskflow_api.py
[2025-01-30T08:58:05.402+0000] {processor.py:830} INFO - Processing file /home/airflow/.local/lib/python3.12/site-packages/airflow/example_dags/tutorial_taskflow_api.py for tasks to queue
[2025-01-30T08:58:05.406+0000] {logging_mixin.py:188} INFO - [2025-01-30T08:58:05.405+0000] {dagbag.py:545} INFO - Filling up the DagBag from /home/airflow/.local/lib/python3.12/site-packages/airflow/example_dags/tutorial_taskflow_api.py
[2025-01-30T08:58:05.412+0000] {processor.py:840} INFO - DAG(s) 'tutorial_taskflow_api' retrieved from /home/airflow/.local/lib/python3.12/site-packages/airflow/example_dags/tutorial_taskflow_api.py
[2025-01-30T08:58:05.433+0000] {logging_mixin.py:188} INFO - [2025-01-30T08:58:05.432+0000] {dag.py:3096} INFO - Sync 1 DAGs
[2025-01-30T08:58:05.448+0000] {logging_mixin.py:188} INFO - [2025-01-30T08:58:05.448+0000] {dag.py:3954} INFO - Setting next_dagrun for tutorial_taskflow_api to None, run_after=None
[2025-01-30T08:58:05.474+0000] {processor.py:183} INFO - Processing /home/airflow/.local/lib/python3.12/site-packages/airflow/example_dags/tutorial_taskflow_api.py took 0.078 seconds
[2025-01-30T08:58:35.686+0000] {processor.py:161} INFO - Started process (PID=1776) to work on /home/airflow/.local/lib/python3.12/site-packages/airflow/example_dags/tutorial_taskflow_api.py
[2025-01-30T08:58:35.687+0000] {processor.py:830} INFO - Processing file /home/airflow/.local/lib/python3.12/site-packages/airflow/example_dags/tutorial_taskflow_api.py for tasks to queue
[2025-01-30T08:58:35.689+0000] {logging_mixin.py:188} INFO - [2025-01-30T08:58:35.689+0000] {dagbag.py:545} INFO - Filling up the DagBag from /home/airflow/.local/lib/python3.12/site-packages/airflow/example_dags/tutorial_taskflow_api.py
[2025-01-30T08:58:35.696+0000] {processor.py:840} INFO - DAG(s) 'tutorial_taskflow_api' retrieved from /home/airflow/.local/lib/python3.12/site-packages/airflow/example_dags/tutorial_taskflow_api.py
[2025-01-30T08:58:35.719+0000] {logging_mixin.py:188} INFO - [2025-01-30T08:58:35.717+0000] {dag.py:3096} INFO - Sync 1 DAGs
[2025-01-30T08:58:35.733+0000] {logging_mixin.py:188} INFO - [2025-01-30T08:58:35.733+0000] {dag.py:3954} INFO - Setting next_dagrun for tutorial_taskflow_api to None, run_after=None
[2025-01-30T08:58:35.759+0000] {processor.py:183} INFO - Processing /home/airflow/.local/lib/python3.12/site-packages/airflow/example_dags/tutorial_taskflow_api.py took 0.079 seconds
[2025-01-30T09:01:50.908+0000] {processor.py:161} INFO - Started process (PID=97) to work on /home/airflow/.local/lib/python3.12/site-packages/airflow/example_dags/tutorial_taskflow_api.py
[2025-01-30T09:01:50.911+0000] {processor.py:830} INFO - Processing file /home/airflow/.local/lib/python3.12/site-packages/airflow/example_dags/tutorial_taskflow_api.py for tasks to queue
[2025-01-30T09:01:50.913+0000] {logging_mixin.py:188} INFO - [2025-01-30T09:01:50.913+0000] {dagbag.py:545} INFO - Filling up the DagBag from /home/airflow/.local/lib/python3.12/site-packages/airflow/example_dags/tutorial_taskflow_api.py
[2025-01-30T09:01:50.922+0000] {processor.py:840} INFO - DAG(s) 'tutorial_taskflow_api' retrieved from /home/airflow/.local/lib/python3.12/site-packages/airflow/example_dags/tutorial_taskflow_api.py
[2025-01-30T09:01:51.049+0000] {logging_mixin.py:188} INFO - [2025-01-30T09:01:51.049+0000] {dag.py:3096} INFO - Sync 1 DAGs
[2025-01-30T09:01:51.063+0000] {logging_mixin.py:188} INFO - [2025-01-30T09:01:51.063+0000] {dag.py:3954} INFO - Setting next_dagrun for tutorial_taskflow_api to None, run_after=None
[2025-01-30T09:01:51.091+0000] {processor.py:183} INFO - Processing /home/airflow/.local/lib/python3.12/site-packages/airflow/example_dags/tutorial_taskflow_api.py took 0.188 seconds
[2025-01-30T09:02:21.671+0000] {processor.py:161} INFO - Started process (PID=155) to work on /home/airflow/.local/lib/python3.12/site-packages/airflow/example_dags/tutorial_taskflow_api.py
[2025-01-30T09:02:21.673+0000] {processor.py:830} INFO - Processing file /home/airflow/.local/lib/python3.12/site-packages/airflow/example_dags/tutorial_taskflow_api.py for tasks to queue
[2025-01-30T09:02:21.675+0000] {logging_mixin.py:188} INFO - [2025-01-30T09:02:21.675+0000] {dagbag.py:545} INFO - Filling up the DagBag from /home/airflow/.local/lib/python3.12/site-packages/airflow/example_dags/tutorial_taskflow_api.py
[2025-01-30T09:02:21.683+0000] {processor.py:840} INFO - DAG(s) 'tutorial_taskflow_api' retrieved from /home/airflow/.local/lib/python3.12/site-packages/airflow/example_dags/tutorial_taskflow_api.py
[2025-01-30T09:02:21.710+0000] {logging_mixin.py:188} INFO - [2025-01-30T09:02:21.710+0000] {dag.py:3096} INFO - Sync 1 DAGs
[2025-01-30T09:02:21.728+0000] {logging_mixin.py:188} INFO - [2025-01-30T09:02:21.728+0000] {dag.py:3954} INFO - Setting next_dagrun for tutorial_taskflow_api to None, run_after=None
[2025-01-30T09:02:21.762+0000] {processor.py:183} INFO - Processing /home/airflow/.local/lib/python3.12/site-packages/airflow/example_dags/tutorial_taskflow_api.py took 0.100 seconds
[2025-01-30T09:02:51.915+0000] {processor.py:161} INFO - Started process (PID=213) to work on /home/airflow/.local/lib/python3.12/site-packages/airflow/example_dags/tutorial_taskflow_api.py
[2025-01-30T09:02:51.916+0000] {processor.py:830} INFO - Processing file /home/airflow/.local/lib/python3.12/site-packages/airflow/example_dags/tutorial_taskflow_api.py for tasks to queue
[2025-01-30T09:02:51.919+0000] {logging_mixin.py:188} INFO - [2025-01-30T09:02:51.919+0000] {dagbag.py:545} INFO - Filling up the DagBag from /home/airflow/.local/lib/python3.12/site-packages/airflow/example_dags/tutorial_taskflow_api.py
[2025-01-30T09:02:51.924+0000] {processor.py:840} INFO - DAG(s) 'tutorial_taskflow_api' retrieved from /home/airflow/.local/lib/python3.12/site-packages/airflow/example_dags/tutorial_taskflow_api.py
[2025-01-30T09:02:51.944+0000] {logging_mixin.py:188} INFO - [2025-01-30T09:02:51.943+0000] {dag.py:3096} INFO - Sync 1 DAGs
[2025-01-30T09:02:51.959+0000] {logging_mixin.py:188} INFO - [2025-01-30T09:02:51.958+0000] {dag.py:3954} INFO - Setting next_dagrun for tutorial_taskflow_api to None, run_after=None
[2025-01-30T09:02:51.982+0000] {processor.py:183} INFO - Processing /home/airflow/.local/lib/python3.12/site-packages/airflow/example_dags/tutorial_taskflow_api.py took 0.072 seconds
[2025-01-30T09:03:22.266+0000] {processor.py:161} INFO - Started process (PID=271) to work on /home/airflow/.local/lib/python3.12/site-packages/airflow/example_dags/tutorial_taskflow_api.py
[2025-01-30T09:03:22.267+0000] {processor.py:830} INFO - Processing file /home/airflow/.local/lib/python3.12/site-packages/airflow/example_dags/tutorial_taskflow_api.py for tasks to queue
[2025-01-30T09:03:22.271+0000] {logging_mixin.py:188} INFO - [2025-01-30T09:03:22.270+0000] {dagbag.py:545} INFO - Filling up the DagBag from /home/airflow/.local/lib/python3.12/site-packages/airflow/example_dags/tutorial_taskflow_api.py
[2025-01-30T09:03:22.276+0000] {processor.py:840} INFO - DAG(s) 'tutorial_taskflow_api' retrieved from /home/airflow/.local/lib/python3.12/site-packages/airflow/example_dags/tutorial_taskflow_api.py
[2025-01-30T09:03:22.303+0000] {logging_mixin.py:188} INFO - [2025-01-30T09:03:22.301+0000] {dag.py:3096} INFO - Sync 1 DAGs
[2025-01-30T09:03:22.320+0000] {logging_mixin.py:188} INFO - [2025-01-30T09:03:22.319+0000] {dag.py:3954} INFO - Setting next_dagrun for tutorial_taskflow_api to None, run_after=None
[2025-01-30T09:03:22.346+0000] {processor.py:183} INFO - Processing /home/airflow/.local/lib/python3.12/site-packages/airflow/example_dags/tutorial_taskflow_api.py took 0.086 seconds
[2025-01-30T09:05:21.265+0000] {processor.py:161} INFO - Started process (PID=95) to work on /home/airflow/.local/lib/python3.12/site-packages/airflow/example_dags/tutorial_taskflow_api.py
[2025-01-30T09:05:21.266+0000] {processor.py:830} INFO - Processing file /home/airflow/.local/lib/python3.12/site-packages/airflow/example_dags/tutorial_taskflow_api.py for tasks to queue
[2025-01-30T09:05:21.268+0000] {logging_mixin.py:188} INFO - [2025-01-30T09:05:21.267+0000] {dagbag.py:545} INFO - Filling up the DagBag from /home/airflow/.local/lib/python3.12/site-packages/airflow/example_dags/tutorial_taskflow_api.py
[2025-01-30T09:05:21.277+0000] {processor.py:840} INFO - DAG(s) 'tutorial_taskflow_api' retrieved from /home/airflow/.local/lib/python3.12/site-packages/airflow/example_dags/tutorial_taskflow_api.py
[2025-01-30T09:05:21.388+0000] {logging_mixin.py:188} INFO - [2025-01-30T09:05:21.387+0000] {dag.py:3096} INFO - Sync 1 DAGs
[2025-01-30T09:05:21.399+0000] {logging_mixin.py:188} INFO - [2025-01-30T09:05:21.399+0000] {dag.py:3954} INFO - Setting next_dagrun for tutorial_taskflow_api to None, run_after=None
[2025-01-30T09:05:21.434+0000] {processor.py:183} INFO - Processing /home/airflow/.local/lib/python3.12/site-packages/airflow/example_dags/tutorial_taskflow_api.py took 0.175 seconds
[2025-01-30T09:05:52.311+0000] {processor.py:161} INFO - Started process (PID=153) to work on /home/airflow/.local/lib/python3.12/site-packages/airflow/example_dags/tutorial_taskflow_api.py
[2025-01-30T09:05:52.312+0000] {processor.py:830} INFO - Processing file /home/airflow/.local/lib/python3.12/site-packages/airflow/example_dags/tutorial_taskflow_api.py for tasks to queue
[2025-01-30T09:05:52.314+0000] {logging_mixin.py:188} INFO - [2025-01-30T09:05:52.314+0000] {dagbag.py:545} INFO - Filling up the DagBag from /home/airflow/.local/lib/python3.12/site-packages/airflow/example_dags/tutorial_taskflow_api.py
[2025-01-30T09:05:52.320+0000] {processor.py:840} INFO - DAG(s) 'tutorial_taskflow_api' retrieved from /home/airflow/.local/lib/python3.12/site-packages/airflow/example_dags/tutorial_taskflow_api.py
[2025-01-30T09:05:52.341+0000] {logging_mixin.py:188} INFO - [2025-01-30T09:05:52.341+0000] {dag.py:3096} INFO - Sync 1 DAGs
[2025-01-30T09:05:52.354+0000] {logging_mixin.py:188} INFO - [2025-01-30T09:05:52.354+0000] {dag.py:3954} INFO - Setting next_dagrun for tutorial_taskflow_api to None, run_after=None
[2025-01-30T09:05:52.380+0000] {processor.py:183} INFO - Processing /home/airflow/.local/lib/python3.12/site-packages/airflow/example_dags/tutorial_taskflow_api.py took 0.073 seconds
[2025-01-30T09:10:51.767+0000] {processor.py:161} INFO - Started process (PID=98) to work on /home/airflow/.local/lib/python3.12/site-packages/airflow/example_dags/tutorial_taskflow_api.py
[2025-01-30T09:10:51.768+0000] {processor.py:830} INFO - Processing file /home/airflow/.local/lib/python3.12/site-packages/airflow/example_dags/tutorial_taskflow_api.py for tasks to queue
[2025-01-30T09:10:51.770+0000] {logging_mixin.py:188} INFO - [2025-01-30T09:10:51.769+0000] {dagbag.py:545} INFO - Filling up the DagBag from /home/airflow/.local/lib/python3.12/site-packages/airflow/example_dags/tutorial_taskflow_api.py
[2025-01-30T09:10:51.778+0000] {processor.py:840} INFO - DAG(s) 'tutorial_taskflow_api' retrieved from /home/airflow/.local/lib/python3.12/site-packages/airflow/example_dags/tutorial_taskflow_api.py
[2025-01-30T09:10:51.916+0000] {logging_mixin.py:188} INFO - [2025-01-30T09:10:51.915+0000] {dag.py:3096} INFO - Sync 1 DAGs
[2025-01-30T09:10:51.929+0000] {logging_mixin.py:188} INFO - [2025-01-30T09:10:51.929+0000] {dag.py:3954} INFO - Setting next_dagrun for tutorial_taskflow_api to None, run_after=None
[2025-01-30T09:10:51.954+0000] {processor.py:183} INFO - Processing /home/airflow/.local/lib/python3.12/site-packages/airflow/example_dags/tutorial_taskflow_api.py took 0.192 seconds
[2025-01-30T09:11:22.792+0000] {processor.py:161} INFO - Started process (PID=157) to work on /home/airflow/.local/lib/python3.12/site-packages/airflow/example_dags/tutorial_taskflow_api.py
[2025-01-30T09:11:22.793+0000] {processor.py:830} INFO - Processing file /home/airflow/.local/lib/python3.12/site-packages/airflow/example_dags/tutorial_taskflow_api.py for tasks to queue
[2025-01-30T09:11:22.795+0000] {logging_mixin.py:188} INFO - [2025-01-30T09:11:22.795+0000] {dagbag.py:545} INFO - Filling up the DagBag from /home/airflow/.local/lib/python3.12/site-packages/airflow/example_dags/tutorial_taskflow_api.py
[2025-01-30T09:11:22.800+0000] {processor.py:840} INFO - DAG(s) 'tutorial_taskflow_api' retrieved from /home/airflow/.local/lib/python3.12/site-packages/airflow/example_dags/tutorial_taskflow_api.py
[2025-01-30T09:11:22.821+0000] {logging_mixin.py:188} INFO - [2025-01-30T09:11:22.821+0000] {dag.py:3096} INFO - Sync 1 DAGs
[2025-01-30T09:11:22.835+0000] {logging_mixin.py:188} INFO - [2025-01-30T09:11:22.835+0000] {dag.py:3954} INFO - Setting next_dagrun for tutorial_taskflow_api to None, run_after=None
[2025-01-30T09:11:22.861+0000] {processor.py:183} INFO - Processing /home/airflow/.local/lib/python3.12/site-packages/airflow/example_dags/tutorial_taskflow_api.py took 0.073 seconds
[2025-01-30T09:11:53.105+0000] {processor.py:161} INFO - Started process (PID=215) to work on /home/airflow/.local/lib/python3.12/site-packages/airflow/example_dags/tutorial_taskflow_api.py
[2025-01-30T09:11:53.106+0000] {processor.py:830} INFO - Processing file /home/airflow/.local/lib/python3.12/site-packages/airflow/example_dags/tutorial_taskflow_api.py for tasks to queue
[2025-01-30T09:11:53.108+0000] {logging_mixin.py:188} INFO - [2025-01-30T09:11:53.108+0000] {dagbag.py:545} INFO - Filling up the DagBag from /home/airflow/.local/lib/python3.12/site-packages/airflow/example_dags/tutorial_taskflow_api.py
[2025-01-30T09:11:53.113+0000] {processor.py:840} INFO - DAG(s) 'tutorial_taskflow_api' retrieved from /home/airflow/.local/lib/python3.12/site-packages/airflow/example_dags/tutorial_taskflow_api.py
[2025-01-30T09:11:53.134+0000] {logging_mixin.py:188} INFO - [2025-01-30T09:11:53.133+0000] {dag.py:3096} INFO - Sync 1 DAGs
[2025-01-30T09:11:53.147+0000] {logging_mixin.py:188} INFO - [2025-01-30T09:11:53.147+0000] {dag.py:3954} INFO - Setting next_dagrun for tutorial_taskflow_api to None, run_after=None
[2025-01-30T09:11:53.173+0000] {processor.py:183} INFO - Processing /home/airflow/.local/lib/python3.12/site-packages/airflow/example_dags/tutorial_taskflow_api.py took 0.072 seconds
[2025-01-30T09:12:23.600+0000] {processor.py:161} INFO - Started process (PID=273) to work on /home/airflow/.local/lib/python3.12/site-packages/airflow/example_dags/tutorial_taskflow_api.py
[2025-01-30T09:12:23.601+0000] {processor.py:830} INFO - Processing file /home/airflow/.local/lib/python3.12/site-packages/airflow/example_dags/tutorial_taskflow_api.py for tasks to queue
[2025-01-30T09:12:23.603+0000] {logging_mixin.py:188} INFO - [2025-01-30T09:12:23.603+0000] {dagbag.py:545} INFO - Filling up the DagBag from /home/airflow/.local/lib/python3.12/site-packages/airflow/example_dags/tutorial_taskflow_api.py
[2025-01-30T09:12:23.609+0000] {processor.py:840} INFO - DAG(s) 'tutorial_taskflow_api' retrieved from /home/airflow/.local/lib/python3.12/site-packages/airflow/example_dags/tutorial_taskflow_api.py
[2025-01-30T09:12:23.628+0000] {logging_mixin.py:188} INFO - [2025-01-30T09:12:23.628+0000] {dag.py:3096} INFO - Sync 1 DAGs
[2025-01-30T09:12:23.643+0000] {logging_mixin.py:188} INFO - [2025-01-30T09:12:23.642+0000] {dag.py:3954} INFO - Setting next_dagrun for tutorial_taskflow_api to None, run_after=None
[2025-01-30T09:12:23.668+0000] {processor.py:183} INFO - Processing /home/airflow/.local/lib/python3.12/site-packages/airflow/example_dags/tutorial_taskflow_api.py took 0.073 seconds
[2025-01-30T09:12:54.069+0000] {processor.py:161} INFO - Started process (PID=331) to work on /home/airflow/.local/lib/python3.12/site-packages/airflow/example_dags/tutorial_taskflow_api.py
[2025-01-30T09:12:54.071+0000] {processor.py:830} INFO - Processing file /home/airflow/.local/lib/python3.12/site-packages/airflow/example_dags/tutorial_taskflow_api.py for tasks to queue
[2025-01-30T09:12:54.074+0000] {logging_mixin.py:188} INFO - [2025-01-30T09:12:54.073+0000] {dagbag.py:545} INFO - Filling up the DagBag from /home/airflow/.local/lib/python3.12/site-packages/airflow/example_dags/tutorial_taskflow_api.py
[2025-01-30T09:12:54.083+0000] {processor.py:840} INFO - DAG(s) 'tutorial_taskflow_api' retrieved from /home/airflow/.local/lib/python3.12/site-packages/airflow/example_dags/tutorial_taskflow_api.py
[2025-01-30T09:12:54.109+0000] {logging_mixin.py:188} INFO - [2025-01-30T09:12:54.109+0000] {dag.py:3096} INFO - Sync 1 DAGs
[2025-01-30T09:12:54.125+0000] {logging_mixin.py:188} INFO - [2025-01-30T09:12:54.125+0000] {dag.py:3954} INFO - Setting next_dagrun for tutorial_taskflow_api to None, run_after=None
[2025-01-30T09:12:54.154+0000] {processor.py:183} INFO - Processing /home/airflow/.local/lib/python3.12/site-packages/airflow/example_dags/tutorial_taskflow_api.py took 0.089 seconds
[2025-01-30T09:13:24.301+0000] {processor.py:161} INFO - Started process (PID=389) to work on /home/airflow/.local/lib/python3.12/site-packages/airflow/example_dags/tutorial_taskflow_api.py
[2025-01-30T09:13:24.302+0000] {processor.py:830} INFO - Processing file /home/airflow/.local/lib/python3.12/site-packages/airflow/example_dags/tutorial_taskflow_api.py for tasks to queue
[2025-01-30T09:13:24.304+0000] {logging_mixin.py:188} INFO - [2025-01-30T09:13:24.304+0000] {dagbag.py:545} INFO - Filling up the DagBag from /home/airflow/.local/lib/python3.12/site-packages/airflow/example_dags/tutorial_taskflow_api.py
[2025-01-30T09:13:24.309+0000] {processor.py:840} INFO - DAG(s) 'tutorial_taskflow_api' retrieved from /home/airflow/.local/lib/python3.12/site-packages/airflow/example_dags/tutorial_taskflow_api.py
[2025-01-30T09:13:24.329+0000] {logging_mixin.py:188} INFO - [2025-01-30T09:13:24.329+0000] {dag.py:3096} INFO - Sync 1 DAGs
[2025-01-30T09:13:24.343+0000] {logging_mixin.py:188} INFO - [2025-01-30T09:13:24.343+0000] {dag.py:3954} INFO - Setting next_dagrun for tutorial_taskflow_api to None, run_after=None
[2025-01-30T09:13:24.366+0000] {processor.py:183} INFO - Processing /home/airflow/.local/lib/python3.12/site-packages/airflow/example_dags/tutorial_taskflow_api.py took 0.070 seconds
[2025-01-30T09:13:54.538+0000] {processor.py:161} INFO - Started process (PID=447) to work on /home/airflow/.local/lib/python3.12/site-packages/airflow/example_dags/tutorial_taskflow_api.py
[2025-01-30T09:13:54.540+0000] {processor.py:830} INFO - Processing file /home/airflow/.local/lib/python3.12/site-packages/airflow/example_dags/tutorial_taskflow_api.py for tasks to queue
[2025-01-30T09:13:54.542+0000] {logging_mixin.py:188} INFO - [2025-01-30T09:13:54.541+0000] {dagbag.py:545} INFO - Filling up the DagBag from /home/airflow/.local/lib/python3.12/site-packages/airflow/example_dags/tutorial_taskflow_api.py
[2025-01-30T09:13:54.547+0000] {processor.py:840} INFO - DAG(s) 'tutorial_taskflow_api' retrieved from /home/airflow/.local/lib/python3.12/site-packages/airflow/example_dags/tutorial_taskflow_api.py
[2025-01-30T09:13:54.569+0000] {logging_mixin.py:188} INFO - [2025-01-30T09:13:54.568+0000] {dag.py:3096} INFO - Sync 1 DAGs
[2025-01-30T09:13:54.583+0000] {logging_mixin.py:188} INFO - [2025-01-30T09:13:54.582+0000] {dag.py:3954} INFO - Setting next_dagrun for tutorial_taskflow_api to None, run_after=None
[2025-01-30T09:13:54.609+0000] {processor.py:183} INFO - Processing /home/airflow/.local/lib/python3.12/site-packages/airflow/example_dags/tutorial_taskflow_api.py took 0.075 seconds
[2025-01-30T09:14:24.783+0000] {processor.py:161} INFO - Started process (PID=505) to work on /home/airflow/.local/lib/python3.12/site-packages/airflow/example_dags/tutorial_taskflow_api.py
[2025-01-30T09:14:24.785+0000] {processor.py:830} INFO - Processing file /home/airflow/.local/lib/python3.12/site-packages/airflow/example_dags/tutorial_taskflow_api.py for tasks to queue
[2025-01-30T09:14:24.787+0000] {logging_mixin.py:188} INFO - [2025-01-30T09:14:24.787+0000] {dagbag.py:545} INFO - Filling up the DagBag from /home/airflow/.local/lib/python3.12/site-packages/airflow/example_dags/tutorial_taskflow_api.py
[2025-01-30T09:14:24.794+0000] {processor.py:840} INFO - DAG(s) 'tutorial_taskflow_api' retrieved from /home/airflow/.local/lib/python3.12/site-packages/airflow/example_dags/tutorial_taskflow_api.py
[2025-01-30T09:14:24.819+0000] {logging_mixin.py:188} INFO - [2025-01-30T09:14:24.818+0000] {dag.py:3096} INFO - Sync 1 DAGs
[2025-01-30T09:14:24.832+0000] {logging_mixin.py:188} INFO - [2025-01-30T09:14:24.832+0000] {dag.py:3954} INFO - Setting next_dagrun for tutorial_taskflow_api to None, run_after=None
[2025-01-30T09:14:24.856+0000] {processor.py:183} INFO - Processing /home/airflow/.local/lib/python3.12/site-packages/airflow/example_dags/tutorial_taskflow_api.py took 0.078 seconds
[2025-01-30T09:14:55.642+0000] {processor.py:161} INFO - Started process (PID=563) to work on /home/airflow/.local/lib/python3.12/site-packages/airflow/example_dags/tutorial_taskflow_api.py
[2025-01-30T09:14:55.644+0000] {processor.py:830} INFO - Processing file /home/airflow/.local/lib/python3.12/site-packages/airflow/example_dags/tutorial_taskflow_api.py for tasks to queue
[2025-01-30T09:14:55.646+0000] {logging_mixin.py:188} INFO - [2025-01-30T09:14:55.646+0000] {dagbag.py:545} INFO - Filling up the DagBag from /home/airflow/.local/lib/python3.12/site-packages/airflow/example_dags/tutorial_taskflow_api.py
[2025-01-30T09:14:55.652+0000] {processor.py:840} INFO - DAG(s) 'tutorial_taskflow_api' retrieved from /home/airflow/.local/lib/python3.12/site-packages/airflow/example_dags/tutorial_taskflow_api.py
[2025-01-30T09:14:55.698+0000] {logging_mixin.py:188} INFO - [2025-01-30T09:14:55.698+0000] {dag.py:3096} INFO - Sync 1 DAGs
[2025-01-30T09:14:55.716+0000] {logging_mixin.py:188} INFO - [2025-01-30T09:14:55.711+0000] {dag.py:3954} INFO - Setting next_dagrun for tutorial_taskflow_api to None, run_after=None
[2025-01-30T09:14:55.744+0000] {processor.py:183} INFO - Processing /home/airflow/.local/lib/python3.12/site-packages/airflow/example_dags/tutorial_taskflow_api.py took 0.106 seconds
[2025-01-30T09:15:25.837+0000] {processor.py:161} INFO - Started process (PID=619) to work on /home/airflow/.local/lib/python3.12/site-packages/airflow/example_dags/tutorial_taskflow_api.py
[2025-01-30T09:15:25.838+0000] {processor.py:830} INFO - Processing file /home/airflow/.local/lib/python3.12/site-packages/airflow/example_dags/tutorial_taskflow_api.py for tasks to queue
[2025-01-30T09:15:25.846+0000] {logging_mixin.py:188} INFO - [2025-01-30T09:15:25.845+0000] {dagbag.py:545} INFO - Filling up the DagBag from /home/airflow/.local/lib/python3.12/site-packages/airflow/example_dags/tutorial_taskflow_api.py
[2025-01-30T09:15:25.856+0000] {processor.py:840} INFO - DAG(s) 'tutorial_taskflow_api' retrieved from /home/airflow/.local/lib/python3.12/site-packages/airflow/example_dags/tutorial_taskflow_api.py
[2025-01-30T09:15:25.891+0000] {logging_mixin.py:188} INFO - [2025-01-30T09:15:25.890+0000] {dag.py:3096} INFO - Sync 1 DAGs
[2025-01-30T09:15:25.908+0000] {logging_mixin.py:188} INFO - [2025-01-30T09:15:25.907+0000] {dag.py:3954} INFO - Setting next_dagrun for tutorial_taskflow_api to None, run_after=None
[2025-01-30T09:15:25.949+0000] {processor.py:183} INFO - Processing /home/airflow/.local/lib/python3.12/site-packages/airflow/example_dags/tutorial_taskflow_api.py took 0.118 seconds
[2025-01-30T09:15:56.533+0000] {processor.py:161} INFO - Started process (PID=678) to work on /home/airflow/.local/lib/python3.12/site-packages/airflow/example_dags/tutorial_taskflow_api.py
[2025-01-30T09:15:56.534+0000] {processor.py:830} INFO - Processing file /home/airflow/.local/lib/python3.12/site-packages/airflow/example_dags/tutorial_taskflow_api.py for tasks to queue
[2025-01-30T09:15:56.536+0000] {logging_mixin.py:188} INFO - [2025-01-30T09:15:56.535+0000] {dagbag.py:545} INFO - Filling up the DagBag from /home/airflow/.local/lib/python3.12/site-packages/airflow/example_dags/tutorial_taskflow_api.py
[2025-01-30T09:15:56.542+0000] {processor.py:840} INFO - DAG(s) 'tutorial_taskflow_api' retrieved from /home/airflow/.local/lib/python3.12/site-packages/airflow/example_dags/tutorial_taskflow_api.py
[2025-01-30T09:15:56.562+0000] {logging_mixin.py:188} INFO - [2025-01-30T09:15:56.562+0000] {dag.py:3096} INFO - Sync 1 DAGs
[2025-01-30T09:15:56.576+0000] {logging_mixin.py:188} INFO - [2025-01-30T09:15:56.576+0000] {dag.py:3954} INFO - Setting next_dagrun for tutorial_taskflow_api to None, run_after=None
[2025-01-30T09:15:56.606+0000] {processor.py:183} INFO - Processing /home/airflow/.local/lib/python3.12/site-packages/airflow/example_dags/tutorial_taskflow_api.py took 0.081 seconds
[2025-01-30T09:16:27.230+0000] {processor.py:161} INFO - Started process (PID=736) to work on /home/airflow/.local/lib/python3.12/site-packages/airflow/example_dags/tutorial_taskflow_api.py
[2025-01-30T09:16:27.231+0000] {processor.py:830} INFO - Processing file /home/airflow/.local/lib/python3.12/site-packages/airflow/example_dags/tutorial_taskflow_api.py for tasks to queue
[2025-01-30T09:16:27.233+0000] {logging_mixin.py:188} INFO - [2025-01-30T09:16:27.233+0000] {dagbag.py:545} INFO - Filling up the DagBag from /home/airflow/.local/lib/python3.12/site-packages/airflow/example_dags/tutorial_taskflow_api.py
[2025-01-30T09:16:27.239+0000] {processor.py:840} INFO - DAG(s) 'tutorial_taskflow_api' retrieved from /home/airflow/.local/lib/python3.12/site-packages/airflow/example_dags/tutorial_taskflow_api.py
[2025-01-30T09:16:27.260+0000] {logging_mixin.py:188} INFO - [2025-01-30T09:16:27.260+0000] {dag.py:3096} INFO - Sync 1 DAGs
[2025-01-30T09:16:27.273+0000] {logging_mixin.py:188} INFO - [2025-01-30T09:16:27.272+0000] {dag.py:3954} INFO - Setting next_dagrun for tutorial_taskflow_api to None, run_after=None
[2025-01-30T09:16:27.297+0000] {processor.py:183} INFO - Processing /home/airflow/.local/lib/python3.12/site-packages/airflow/example_dags/tutorial_taskflow_api.py took 0.072 seconds
[2025-01-30T09:16:57.454+0000] {processor.py:161} INFO - Started process (PID=794) to work on /home/airflow/.local/lib/python3.12/site-packages/airflow/example_dags/tutorial_taskflow_api.py
[2025-01-30T09:16:57.455+0000] {processor.py:830} INFO - Processing file /home/airflow/.local/lib/python3.12/site-packages/airflow/example_dags/tutorial_taskflow_api.py for tasks to queue
[2025-01-30T09:16:57.458+0000] {logging_mixin.py:188} INFO - [2025-01-30T09:16:57.458+0000] {dagbag.py:545} INFO - Filling up the DagBag from /home/airflow/.local/lib/python3.12/site-packages/airflow/example_dags/tutorial_taskflow_api.py
[2025-01-30T09:16:57.463+0000] {processor.py:840} INFO - DAG(s) 'tutorial_taskflow_api' retrieved from /home/airflow/.local/lib/python3.12/site-packages/airflow/example_dags/tutorial_taskflow_api.py
[2025-01-30T09:16:57.484+0000] {logging_mixin.py:188} INFO - [2025-01-30T09:16:57.483+0000] {dag.py:3096} INFO - Sync 1 DAGs
[2025-01-30T09:16:57.498+0000] {logging_mixin.py:188} INFO - [2025-01-30T09:16:57.498+0000] {dag.py:3954} INFO - Setting next_dagrun for tutorial_taskflow_api to None, run_after=None
[2025-01-30T09:16:57.523+0000] {processor.py:183} INFO - Processing /home/airflow/.local/lib/python3.12/site-packages/airflow/example_dags/tutorial_taskflow_api.py took 0.074 seconds
[2025-01-30T09:17:27.946+0000] {processor.py:161} INFO - Started process (PID=852) to work on /home/airflow/.local/lib/python3.12/site-packages/airflow/example_dags/tutorial_taskflow_api.py
[2025-01-30T09:17:27.947+0000] {processor.py:830} INFO - Processing file /home/airflow/.local/lib/python3.12/site-packages/airflow/example_dags/tutorial_taskflow_api.py for tasks to queue
[2025-01-30T09:17:27.950+0000] {logging_mixin.py:188} INFO - [2025-01-30T09:17:27.949+0000] {dagbag.py:545} INFO - Filling up the DagBag from /home/airflow/.local/lib/python3.12/site-packages/airflow/example_dags/tutorial_taskflow_api.py
[2025-01-30T09:17:27.955+0000] {processor.py:840} INFO - DAG(s) 'tutorial_taskflow_api' retrieved from /home/airflow/.local/lib/python3.12/site-packages/airflow/example_dags/tutorial_taskflow_api.py
[2025-01-30T09:17:27.980+0000] {logging_mixin.py:188} INFO - [2025-01-30T09:17:27.979+0000] {dag.py:3096} INFO - Sync 1 DAGs
[2025-01-30T09:17:27.992+0000] {logging_mixin.py:188} INFO - [2025-01-30T09:17:27.992+0000] {dag.py:3954} INFO - Setting next_dagrun for tutorial_taskflow_api to None, run_after=None
[2025-01-30T09:17:28.016+0000] {processor.py:183} INFO - Processing /home/airflow/.local/lib/python3.12/site-packages/airflow/example_dags/tutorial_taskflow_api.py took 0.075 seconds
[2025-01-30T09:17:58.094+0000] {processor.py:161} INFO - Started process (PID=910) to work on /home/airflow/.local/lib/python3.12/site-packages/airflow/example_dags/tutorial_taskflow_api.py
[2025-01-30T09:17:58.095+0000] {processor.py:830} INFO - Processing file /home/airflow/.local/lib/python3.12/site-packages/airflow/example_dags/tutorial_taskflow_api.py for tasks to queue
[2025-01-30T09:17:58.098+0000] {logging_mixin.py:188} INFO - [2025-01-30T09:17:58.098+0000] {dagbag.py:545} INFO - Filling up the DagBag from /home/airflow/.local/lib/python3.12/site-packages/airflow/example_dags/tutorial_taskflow_api.py
[2025-01-30T09:17:58.103+0000] {processor.py:840} INFO - DAG(s) 'tutorial_taskflow_api' retrieved from /home/airflow/.local/lib/python3.12/site-packages/airflow/example_dags/tutorial_taskflow_api.py
[2025-01-30T09:17:58.125+0000] {logging_mixin.py:188} INFO - [2025-01-30T09:17:58.124+0000] {dag.py:3096} INFO - Sync 1 DAGs
[2025-01-30T09:17:58.138+0000] {logging_mixin.py:188} INFO - [2025-01-30T09:17:58.138+0000] {dag.py:3954} INFO - Setting next_dagrun for tutorial_taskflow_api to None, run_after=None
[2025-01-30T09:17:58.165+0000] {processor.py:183} INFO - Processing /home/airflow/.local/lib/python3.12/site-packages/airflow/example_dags/tutorial_taskflow_api.py took 0.076 seconds
[2025-01-30T09:18:28.484+0000] {processor.py:161} INFO - Started process (PID=969) to work on /home/airflow/.local/lib/python3.12/site-packages/airflow/example_dags/tutorial_taskflow_api.py
[2025-01-30T09:18:28.485+0000] {processor.py:830} INFO - Processing file /home/airflow/.local/lib/python3.12/site-packages/airflow/example_dags/tutorial_taskflow_api.py for tasks to queue
[2025-01-30T09:18:28.488+0000] {logging_mixin.py:188} INFO - [2025-01-30T09:18:28.487+0000] {dagbag.py:545} INFO - Filling up the DagBag from /home/airflow/.local/lib/python3.12/site-packages/airflow/example_dags/tutorial_taskflow_api.py
[2025-01-30T09:18:28.493+0000] {processor.py:840} INFO - DAG(s) 'tutorial_taskflow_api' retrieved from /home/airflow/.local/lib/python3.12/site-packages/airflow/example_dags/tutorial_taskflow_api.py
[2025-01-30T09:18:28.512+0000] {logging_mixin.py:188} INFO - [2025-01-30T09:18:28.512+0000] {dag.py:3096} INFO - Sync 1 DAGs
[2025-01-30T09:18:28.525+0000] {logging_mixin.py:188} INFO - [2025-01-30T09:18:28.525+0000] {dag.py:3954} INFO - Setting next_dagrun for tutorial_taskflow_api to None, run_after=None
[2025-01-30T09:18:28.549+0000] {processor.py:183} INFO - Processing /home/airflow/.local/lib/python3.12/site-packages/airflow/example_dags/tutorial_taskflow_api.py took 0.070 seconds
[2025-01-30T09:20:17.351+0000] {processor.py:161} INFO - Started process (PID=95) to work on /home/airflow/.local/lib/python3.12/site-packages/airflow/example_dags/tutorial_taskflow_api.py
[2025-01-30T09:20:17.353+0000] {processor.py:830} INFO - Processing file /home/airflow/.local/lib/python3.12/site-packages/airflow/example_dags/tutorial_taskflow_api.py for tasks to queue
[2025-01-30T09:20:17.355+0000] {logging_mixin.py:188} INFO - [2025-01-30T09:20:17.354+0000] {dagbag.py:545} INFO - Filling up the DagBag from /home/airflow/.local/lib/python3.12/site-packages/airflow/example_dags/tutorial_taskflow_api.py
[2025-01-30T09:20:17.363+0000] {processor.py:840} INFO - DAG(s) 'tutorial_taskflow_api' retrieved from /home/airflow/.local/lib/python3.12/site-packages/airflow/example_dags/tutorial_taskflow_api.py
[2025-01-30T09:20:17.476+0000] {logging_mixin.py:188} INFO - [2025-01-30T09:20:17.476+0000] {dag.py:3096} INFO - Sync 1 DAGs
[2025-01-30T09:20:17.487+0000] {logging_mixin.py:188} INFO - [2025-01-30T09:20:17.487+0000] {dag.py:3954} INFO - Setting next_dagrun for tutorial_taskflow_api to None, run_after=None
[2025-01-30T09:20:17.516+0000] {processor.py:183} INFO - Processing /home/airflow/.local/lib/python3.12/site-packages/airflow/example_dags/tutorial_taskflow_api.py took 0.170 seconds
[2025-01-30T09:20:47.780+0000] {processor.py:161} INFO - Started process (PID=153) to work on /home/airflow/.local/lib/python3.12/site-packages/airflow/example_dags/tutorial_taskflow_api.py
[2025-01-30T09:20:47.781+0000] {processor.py:830} INFO - Processing file /home/airflow/.local/lib/python3.12/site-packages/airflow/example_dags/tutorial_taskflow_api.py for tasks to queue
[2025-01-30T09:20:47.783+0000] {logging_mixin.py:188} INFO - [2025-01-30T09:20:47.783+0000] {dagbag.py:545} INFO - Filling up the DagBag from /home/airflow/.local/lib/python3.12/site-packages/airflow/example_dags/tutorial_taskflow_api.py
[2025-01-30T09:20:47.790+0000] {processor.py:840} INFO - DAG(s) 'tutorial_taskflow_api' retrieved from /home/airflow/.local/lib/python3.12/site-packages/airflow/example_dags/tutorial_taskflow_api.py
[2025-01-30T09:20:47.813+0000] {logging_mixin.py:188} INFO - [2025-01-30T09:20:47.813+0000] {dag.py:3096} INFO - Sync 1 DAGs
[2025-01-30T09:20:47.828+0000] {logging_mixin.py:188} INFO - [2025-01-30T09:20:47.828+0000] {dag.py:3954} INFO - Setting next_dagrun for tutorial_taskflow_api to None, run_after=None
[2025-01-30T09:20:47.856+0000] {processor.py:183} INFO - Processing /home/airflow/.local/lib/python3.12/site-packages/airflow/example_dags/tutorial_taskflow_api.py took 0.082 seconds
[2025-01-30T09:21:18.045+0000] {processor.py:161} INFO - Started process (PID=211) to work on /home/airflow/.local/lib/python3.12/site-packages/airflow/example_dags/tutorial_taskflow_api.py
[2025-01-30T09:21:18.046+0000] {processor.py:830} INFO - Processing file /home/airflow/.local/lib/python3.12/site-packages/airflow/example_dags/tutorial_taskflow_api.py for tasks to queue
[2025-01-30T09:21:18.048+0000] {logging_mixin.py:188} INFO - [2025-01-30T09:21:18.047+0000] {dagbag.py:545} INFO - Filling up the DagBag from /home/airflow/.local/lib/python3.12/site-packages/airflow/example_dags/tutorial_taskflow_api.py
[2025-01-30T09:21:18.054+0000] {processor.py:840} INFO - DAG(s) 'tutorial_taskflow_api' retrieved from /home/airflow/.local/lib/python3.12/site-packages/airflow/example_dags/tutorial_taskflow_api.py
[2025-01-30T09:21:18.076+0000] {logging_mixin.py:188} INFO - [2025-01-30T09:21:18.075+0000] {dag.py:3096} INFO - Sync 1 DAGs
[2025-01-30T09:21:18.091+0000] {logging_mixin.py:188} INFO - [2025-01-30T09:21:18.091+0000] {dag.py:3954} INFO - Setting next_dagrun for tutorial_taskflow_api to None, run_after=None
[2025-01-30T09:21:18.115+0000] {processor.py:183} INFO - Processing /home/airflow/.local/lib/python3.12/site-packages/airflow/example_dags/tutorial_taskflow_api.py took 0.076 seconds
[2025-01-30T09:21:48.437+0000] {processor.py:161} INFO - Started process (PID=269) to work on /home/airflow/.local/lib/python3.12/site-packages/airflow/example_dags/tutorial_taskflow_api.py
[2025-01-30T09:21:48.439+0000] {processor.py:830} INFO - Processing file /home/airflow/.local/lib/python3.12/site-packages/airflow/example_dags/tutorial_taskflow_api.py for tasks to queue
[2025-01-30T09:21:48.441+0000] {logging_mixin.py:188} INFO - [2025-01-30T09:21:48.441+0000] {dagbag.py:545} INFO - Filling up the DagBag from /home/airflow/.local/lib/python3.12/site-packages/airflow/example_dags/tutorial_taskflow_api.py
[2025-01-30T09:21:48.447+0000] {processor.py:840} INFO - DAG(s) 'tutorial_taskflow_api' retrieved from /home/airflow/.local/lib/python3.12/site-packages/airflow/example_dags/tutorial_taskflow_api.py
[2025-01-30T09:21:48.474+0000] {logging_mixin.py:188} INFO - [2025-01-30T09:21:48.474+0000] {dag.py:3096} INFO - Sync 1 DAGs
[2025-01-30T09:21:48.490+0000] {logging_mixin.py:188} INFO - [2025-01-30T09:21:48.490+0000] {dag.py:3954} INFO - Setting next_dagrun for tutorial_taskflow_api to None, run_after=None
[2025-01-30T09:21:48.517+0000] {processor.py:183} INFO - Processing /home/airflow/.local/lib/python3.12/site-packages/airflow/example_dags/tutorial_taskflow_api.py took 0.085 seconds
[2025-01-30T09:22:18.688+0000] {processor.py:161} INFO - Started process (PID=328) to work on /home/airflow/.local/lib/python3.12/site-packages/airflow/example_dags/tutorial_taskflow_api.py
[2025-01-30T09:22:18.689+0000] {processor.py:830} INFO - Processing file /home/airflow/.local/lib/python3.12/site-packages/airflow/example_dags/tutorial_taskflow_api.py for tasks to queue
[2025-01-30T09:22:18.691+0000] {logging_mixin.py:188} INFO - [2025-01-30T09:22:18.691+0000] {dagbag.py:545} INFO - Filling up the DagBag from /home/airflow/.local/lib/python3.12/site-packages/airflow/example_dags/tutorial_taskflow_api.py
[2025-01-30T09:22:18.698+0000] {processor.py:840} INFO - DAG(s) 'tutorial_taskflow_api' retrieved from /home/airflow/.local/lib/python3.12/site-packages/airflow/example_dags/tutorial_taskflow_api.py
[2025-01-30T09:22:18.719+0000] {logging_mixin.py:188} INFO - [2025-01-30T09:22:18.719+0000] {dag.py:3096} INFO - Sync 1 DAGs
[2025-01-30T09:22:18.735+0000] {logging_mixin.py:188} INFO - [2025-01-30T09:22:18.735+0000] {dag.py:3954} INFO - Setting next_dagrun for tutorial_taskflow_api to None, run_after=None
[2025-01-30T09:22:18.760+0000] {processor.py:183} INFO - Processing /home/airflow/.local/lib/python3.12/site-packages/airflow/example_dags/tutorial_taskflow_api.py took 0.078 seconds
[2025-01-30T09:22:49.425+0000] {processor.py:161} INFO - Started process (PID=386) to work on /home/airflow/.local/lib/python3.12/site-packages/airflow/example_dags/tutorial_taskflow_api.py
[2025-01-30T09:22:49.426+0000] {processor.py:830} INFO - Processing file /home/airflow/.local/lib/python3.12/site-packages/airflow/example_dags/tutorial_taskflow_api.py for tasks to queue
[2025-01-30T09:22:49.428+0000] {logging_mixin.py:188} INFO - [2025-01-30T09:22:49.428+0000] {dagbag.py:545} INFO - Filling up the DagBag from /home/airflow/.local/lib/python3.12/site-packages/airflow/example_dags/tutorial_taskflow_api.py
[2025-01-30T09:22:49.435+0000] {processor.py:840} INFO - DAG(s) 'tutorial_taskflow_api' retrieved from /home/airflow/.local/lib/python3.12/site-packages/airflow/example_dags/tutorial_taskflow_api.py
[2025-01-30T09:22:49.457+0000] {logging_mixin.py:188} INFO - [2025-01-30T09:22:49.457+0000] {dag.py:3096} INFO - Sync 1 DAGs
[2025-01-30T09:22:49.472+0000] {logging_mixin.py:188} INFO - [2025-01-30T09:22:49.471+0000] {dag.py:3954} INFO - Setting next_dagrun for tutorial_taskflow_api to None, run_after=None
[2025-01-30T09:22:49.496+0000] {processor.py:183} INFO - Processing /home/airflow/.local/lib/python3.12/site-packages/airflow/example_dags/tutorial_taskflow_api.py took 0.075 seconds
[2025-01-30T09:23:20.003+0000] {processor.py:161} INFO - Started process (PID=444) to work on /home/airflow/.local/lib/python3.12/site-packages/airflow/example_dags/tutorial_taskflow_api.py
[2025-01-30T09:23:20.004+0000] {processor.py:830} INFO - Processing file /home/airflow/.local/lib/python3.12/site-packages/airflow/example_dags/tutorial_taskflow_api.py for tasks to queue
[2025-01-30T09:23:20.006+0000] {logging_mixin.py:188} INFO - [2025-01-30T09:23:20.006+0000] {dagbag.py:545} INFO - Filling up the DagBag from /home/airflow/.local/lib/python3.12/site-packages/airflow/example_dags/tutorial_taskflow_api.py
[2025-01-30T09:23:20.013+0000] {processor.py:840} INFO - DAG(s) 'tutorial_taskflow_api' retrieved from /home/airflow/.local/lib/python3.12/site-packages/airflow/example_dags/tutorial_taskflow_api.py
[2025-01-30T09:23:20.035+0000] {logging_mixin.py:188} INFO - [2025-01-30T09:23:20.035+0000] {dag.py:3096} INFO - Sync 1 DAGs
[2025-01-30T09:23:20.050+0000] {logging_mixin.py:188} INFO - [2025-01-30T09:23:20.050+0000] {dag.py:3954} INFO - Setting next_dagrun for tutorial_taskflow_api to None, run_after=None
[2025-01-30T09:23:20.075+0000] {processor.py:183} INFO - Processing /home/airflow/.local/lib/python3.12/site-packages/airflow/example_dags/tutorial_taskflow_api.py took 0.077 seconds
[2025-01-30T09:23:50.419+0000] {processor.py:161} INFO - Started process (PID=502) to work on /home/airflow/.local/lib/python3.12/site-packages/airflow/example_dags/tutorial_taskflow_api.py
[2025-01-30T09:23:50.431+0000] {processor.py:830} INFO - Processing file /home/airflow/.local/lib/python3.12/site-packages/airflow/example_dags/tutorial_taskflow_api.py for tasks to queue
[2025-01-30T09:23:50.434+0000] {logging_mixin.py:188} INFO - [2025-01-30T09:23:50.433+0000] {dagbag.py:545} INFO - Filling up the DagBag from /home/airflow/.local/lib/python3.12/site-packages/airflow/example_dags/tutorial_taskflow_api.py
[2025-01-30T09:23:50.451+0000] {processor.py:840} INFO - DAG(s) 'tutorial_taskflow_api' retrieved from /home/airflow/.local/lib/python3.12/site-packages/airflow/example_dags/tutorial_taskflow_api.py
[2025-01-30T09:23:50.483+0000] {logging_mixin.py:188} INFO - [2025-01-30T09:23:50.483+0000] {dag.py:3096} INFO - Sync 1 DAGs
[2025-01-30T09:23:50.498+0000] {logging_mixin.py:188} INFO - [2025-01-30T09:23:50.498+0000] {dag.py:3954} INFO - Setting next_dagrun for tutorial_taskflow_api to None, run_after=None
[2025-01-30T09:23:50.521+0000] {processor.py:183} INFO - Processing /home/airflow/.local/lib/python3.12/site-packages/airflow/example_dags/tutorial_taskflow_api.py took 0.110 seconds
[2025-01-30T09:24:20.943+0000] {processor.py:161} INFO - Started process (PID=560) to work on /home/airflow/.local/lib/python3.12/site-packages/airflow/example_dags/tutorial_taskflow_api.py
[2025-01-30T09:24:20.946+0000] {processor.py:830} INFO - Processing file /home/airflow/.local/lib/python3.12/site-packages/airflow/example_dags/tutorial_taskflow_api.py for tasks to queue
[2025-01-30T09:24:20.948+0000] {logging_mixin.py:188} INFO - [2025-01-30T09:24:20.948+0000] {dagbag.py:545} INFO - Filling up the DagBag from /home/airflow/.local/lib/python3.12/site-packages/airflow/example_dags/tutorial_taskflow_api.py
[2025-01-30T09:24:20.955+0000] {processor.py:840} INFO - DAG(s) 'tutorial_taskflow_api' retrieved from /home/airflow/.local/lib/python3.12/site-packages/airflow/example_dags/tutorial_taskflow_api.py
[2025-01-30T09:24:20.979+0000] {logging_mixin.py:188} INFO - [2025-01-30T09:24:20.979+0000] {dag.py:3096} INFO - Sync 1 DAGs
[2025-01-30T09:24:20.995+0000] {logging_mixin.py:188} INFO - [2025-01-30T09:24:20.995+0000] {dag.py:3954} INFO - Setting next_dagrun for tutorial_taskflow_api to None, run_after=None
[2025-01-30T09:24:21.024+0000] {processor.py:183} INFO - Processing /home/airflow/.local/lib/python3.12/site-packages/airflow/example_dags/tutorial_taskflow_api.py took 0.087 seconds
[2025-01-30T09:24:51.218+0000] {processor.py:161} INFO - Started process (PID=618) to work on /home/airflow/.local/lib/python3.12/site-packages/airflow/example_dags/tutorial_taskflow_api.py
[2025-01-30T09:24:51.220+0000] {processor.py:830} INFO - Processing file /home/airflow/.local/lib/python3.12/site-packages/airflow/example_dags/tutorial_taskflow_api.py for tasks to queue
[2025-01-30T09:24:51.223+0000] {logging_mixin.py:188} INFO - [2025-01-30T09:24:51.222+0000] {dagbag.py:545} INFO - Filling up the DagBag from /home/airflow/.local/lib/python3.12/site-packages/airflow/example_dags/tutorial_taskflow_api.py
[2025-01-30T09:24:51.229+0000] {processor.py:840} INFO - DAG(s) 'tutorial_taskflow_api' retrieved from /home/airflow/.local/lib/python3.12/site-packages/airflow/example_dags/tutorial_taskflow_api.py
[2025-01-30T09:24:51.253+0000] {logging_mixin.py:188} INFO - [2025-01-30T09:24:51.252+0000] {dag.py:3096} INFO - Sync 1 DAGs
[2025-01-30T09:24:51.267+0000] {logging_mixin.py:188} INFO - [2025-01-30T09:24:51.267+0000] {dag.py:3954} INFO - Setting next_dagrun for tutorial_taskflow_api to None, run_after=None
[2025-01-30T09:24:51.294+0000] {processor.py:183} INFO - Processing /home/airflow/.local/lib/python3.12/site-packages/airflow/example_dags/tutorial_taskflow_api.py took 0.081 seconds
[2025-01-30T09:25:21.458+0000] {processor.py:161} INFO - Started process (PID=676) to work on /home/airflow/.local/lib/python3.12/site-packages/airflow/example_dags/tutorial_taskflow_api.py
[2025-01-30T09:25:21.459+0000] {processor.py:830} INFO - Processing file /home/airflow/.local/lib/python3.12/site-packages/airflow/example_dags/tutorial_taskflow_api.py for tasks to queue
[2025-01-30T09:25:21.461+0000] {logging_mixin.py:188} INFO - [2025-01-30T09:25:21.461+0000] {dagbag.py:545} INFO - Filling up the DagBag from /home/airflow/.local/lib/python3.12/site-packages/airflow/example_dags/tutorial_taskflow_api.py
[2025-01-30T09:25:21.467+0000] {processor.py:840} INFO - DAG(s) 'tutorial_taskflow_api' retrieved from /home/airflow/.local/lib/python3.12/site-packages/airflow/example_dags/tutorial_taskflow_api.py
[2025-01-30T09:25:21.486+0000] {logging_mixin.py:188} INFO - [2025-01-30T09:25:21.485+0000] {dag.py:3096} INFO - Sync 1 DAGs
[2025-01-30T09:25:21.499+0000] {logging_mixin.py:188} INFO - [2025-01-30T09:25:21.499+0000] {dag.py:3954} INFO - Setting next_dagrun for tutorial_taskflow_api to None, run_after=None
[2025-01-30T09:25:21.522+0000] {processor.py:183} INFO - Processing /home/airflow/.local/lib/python3.12/site-packages/airflow/example_dags/tutorial_taskflow_api.py took 0.070 seconds
